7.5208 	WARNING 	User requested fullscreen with size [1536  864], but screen is actually [1920, 1080]. Using actual size
7.8105 	EXP 	Created window1 = Window(allowGUI=False, allowStencil=False, autoLog=True, backendConf=UNKNOWN, backgroundFit=<method-wrapper '__getattribute__' of attributeSetter object at 0x0000013834747EB0>, backgroundImage=<method-wrapper '__getattribute__' of attributeSetter object at 0x0000013834747E50>, bitsMode=UNKNOWN, blendMode='avg', bpc=(8, 8, 8), color=array([0, 0, 0]), colorSpace='rgb', depthBits=8, fullscr=True, gamma=None, gammaErrorPolicy='raise', infoMsg=UNKNOWN, lms=UNKNOWN, monitor=<psychopy.monitors.calibTools.Monitor object at 0x000001383CA24DF0>, multiSample=False, name='window1', numSamples=2, pos=[0.0, 0.0], screen=0, size=array([1920, 1080]), stencilBits=0, stereo=False, title='PsychoPy', units='height', useFBO=True, useRetina=False, viewOri=0.0, viewPos=None, viewScale=None, waitBlanking=True, winType='pyglet')
7.8106 	EXP 	window1: backgroundImage = ''
7.8106 	EXP 	window1: backgroundFit = 'none'
7.8932 	EXP 	window1: Attempting to measure frame rate of screen (0) ...
7.8932 	EXP 	window1: recordFrameIntervals = False
8.0517 	EXP 	window1: recordFrameIntervals = True
8.2347 	EXP 	Screen (0) actual frame rate measured at 59.96Hz
8.2348 	EXP 	window1: recordFrameIntervals = False
10.9240 	EXP 	LangExperimentstress: status = STARTED
11.0198 	EXP 	Created instr = TextStim(__class__=<class 'psychopy.visual.text.TextStim'>, alignHoriz=method-wrapper(...), alignText='center', alignVert=method-wrapper(...), anchorHoriz='center', anchorVert='center', antialias=True, autoDraw=False, autoLog=True, bold=False, color=array([1., 1., 1.]), colorSpace='rgb', contrast=1.0, depth=0.0, draggable=False, flipHoriz=False, flipVert=False, font='Arial', fontFiles=[], height=0.08, italic=False, languageStyle='LTR', name='instr', opacity=1, ori=0, pos=array([0., 0.]), rgb=UNKNOWN, text=str(...), units='height', win=Window(...), wrapWidth=1)
11.8481 	EXP 	Sound test_sound_2 set volume 1.000
11.8541 	EXP 	Created polygon = ShapeStim(__class__=<class 'psychopy.visual.shape.ShapeStim'>, anchor=('center', 'center'), autoDraw=False, autoLog=True, closeShape=True, color=method-wrapper(...), colorSpace='rgb', contrast=None, depth=-2.0, draggable=False, fillColor=array([-1, -1, -1]), fillColorSpace='rgb', fillRGB=array([-1, -1, -1]), interpolate=True, lineColor=array([-1., -1., -1.]), lineColorSpace='rgb', lineRGB=array([-1, -1, -1]), lineWidth=1, name='polygon', opacity=1, ori=0.0, pos=array([0., 0.]), size=array([0.15, 0.15]), units='height', vertices=ndarray(...), win=Window(...), windingRule=None)
11.8684 	EXP 	Created text_3 = TextStim(__class__=<class 'psychopy.visual.text.TextStim'>, alignHoriz=method-wrapper(...), alignText='center', alignVert=method-wrapper(...), anchorHoriz='center', anchorVert='center', antialias=True, autoDraw=False, autoLog=True, bold=False, color=array([1., 1., 1.]), colorSpace='rgb', contrast=1.0, depth=0.0, draggable=False, flipHoriz=False, flipVert=False, font='Arial', fontFiles=[], height=0.1, italic=False, languageStyle='LTR', name='text_3', opacity=1, ori=0, pos=array([0., 0.]), rgb=UNKNOWN, text=str(...), units='height', win=Window(...), wrapWidth=1)
11.8740 	EXP 	Created instr = TextStim(__class__=<class 'psychopy.visual.text.TextStim'>, alignHoriz=method-wrapper(...), alignText='center', alignVert=method-wrapper(...), anchorHoriz='center', anchorVert='center', antialias=True, autoDraw=False, autoLog=True, bold=False, color=array([1., 1., 1.]), colorSpace='rgb', contrast=1.0, depth=0.0, draggable=False, flipHoriz=False, flipVert=False, font='Arial', fontFiles=[], height=0.08, italic=False, languageStyle='LTR', name='instr', opacity=1, ori=0, pos=array([0., 0.]), rgb=UNKNOWN, text=str(...), units='height', win=Window(...), wrapWidth=1)
12.0096 	EXP 	Sound test_sound set volume 1.000
12.0112 	EXP 	Created polygon_2 = ShapeStim(__class__=<class 'psychopy.visual.shape.ShapeStim'>, anchor=('center', 'center'), autoDraw=False, autoLog=True, closeShape=True, color=method-wrapper(...), colorSpace='rgb', contrast=None, depth=-2.0, draggable=False, fillColor=array([-1, -1, -1]), fillColorSpace='rgb', fillRGB=array([-1, -1, -1]), interpolate=True, lineColor=array([-1., -1., -1.]), lineColorSpace='rgb', lineRGB=array([-1, -1, -1]), lineWidth=1, name='polygon_2', opacity=1, ori=0.0, pos=array([0., 0.]), size=array([0.15, 0.15]), units='height', vertices=ndarray(...), win=Window(...), windingRule=None)
12.0148 	EXP 	Created text_3 = TextStim(__class__=<class 'psychopy.visual.text.TextStim'>, alignHoriz=method-wrapper(...), alignText='center', alignVert=method-wrapper(...), anchorHoriz='center', anchorVert='center', antialias=True, autoDraw=False, autoLog=True, bold=False, color=array([1., 1., 1.]), colorSpace='rgb', contrast=1.0, depth=0.0, draggable=False, flipHoriz=False, flipVert=False, font='Arial', fontFiles=[], height=0.1, italic=False, languageStyle='LTR', name='text_3', opacity=1, ori=0, pos=array([0., 0.]), rgb=UNKNOWN, text=str(...), units='height', win=Window(...), wrapWidth=1)
12.0238 	EXP 	Created text_2 = TextStim(__class__=<class 'psychopy.visual.text.TextStim'>, alignHoriz=method-wrapper(...), alignText='center', alignVert=method-wrapper(...), anchorHoriz='center', anchorVert='center', antialias=True, autoDraw=False, autoLog=True, bold=False, color=array([1., 1., 1.]), colorSpace='rgb', contrast=1.0, depth=0.0, draggable=False, flipHoriz=False, flipVert=False, font='Arial', fontFiles=[], height=0.1, italic=False, languageStyle='LTR', name='text_2', opacity=1, ori=0, pos=array([0., 0.]), rgb=UNKNOWN, text=str(...), units='height', win=Window(...), wrapWidth=1)
0.0101 	EXP 	instr: autoDraw = True
2752.4898 	EXP 	Imported selected_practice.csv as conditions, 4 conditions, 27 params
2752.4918 	EXP 	New trial (rep=0, index=0): <Trial 0 (0 in rep 0) data={'sounds': 'sounds/p3c_saltar.wav', 'syll': 'CVC', 'stress_unstress': 'Unstressed', 'suffix': 'Match', 'present_past': 'past', 'corrAns': 'num_2', 'trigger_item': 0.0, 'trigger_senonset': 0.205513, 'trigger_verbsonset': 0.8629519999999999, 'trigger_1_F0': 0.984841, 'trigger_suffix': 1.219715, 'trigger_2_F0': 1.27, 'ID_item': 101, 'ID_senonset': 30, 'ID_verbonset': 31, 'ID_1_F0': 32, 'ID_suffix': 33, 'ID_2_F0': 34, 'ms_senonset': 0.005513, 'ms_verbonset': 0.662952, 'ms_1_F0': 0.784841, 'ms_suffix': 1.019715, 'ms_2_F0': 1.07, 'file_name': 'p3c_saltar.wav', 'sentence': 'p3', 'cond': 'c', 'combo': 'p3c', 'thisN': 0, 'thisTrialN': 0, 'thisRepN': 0}>
2752.4965 	EXP 	Sound test_sound_2 reached end of file
2752.5062 	EXP 	Sound test_sound_2 started
2752.4987 	DATA 	Keypress: space
2752.5073 	EXP 	instr: autoDraw = False
2752.5073 	EXP 	polygon: autoDraw = True
2754.5719 	EXP 	Sound test_sound_2 reached end of file
2754.5770 	EXP 	Sound test_sound_2 reached end of file
2754.8777 	EXP 	New trial (rep=0, index=1): <Trial 1 (1 in rep 0) data={'sounds': 'sounds/p2b_cortar.wav', 'syll': 'CVC', 'stress_unstress': 'Unstressed', 'suffix': 'Mismatch', 'present_past': 'present', 'corrAns': 'num_1', 'trigger_item': 0.0, 'trigger_senonset': 0.205513, 'trigger_verbsonset': 0.8629519999999999, 'trigger_1_F0': 0.984841, 'trigger_suffix': 1.219715, 'trigger_2_F0': 1.27, 'ID_item': 101, 'ID_senonset': 20, 'ID_verbonset': 21, 'ID_1_F0': 22, 'ID_suffix': 23, 'ID_2_F0': 24, 'ms_senonset': 0.005513, 'ms_verbonset': 0.662952, 'ms_1_F0': 0.784841, 'ms_suffix': 1.019715, 'ms_2_F0': 1.07, 'file_name': 'p2b_cortar.wav', 'sentence': 'p2', 'cond': 'b', 'combo': 'p2b', 'thisN': 1, 'thisTrialN': 1, 'thisRepN': 0}>
2754.8834 	EXP 	Sound test_sound_2 reached end of file
2754.8889 	EXP 	Sound test_sound_2 started
2754.8861 	DATA 	Keypress: right
2754.8952 	EXP 	polygon: autoDraw = False
2754.8952 	EXP 	text_3: autoDraw = False
2754.8952 	EXP 	polygon: autoDraw = True
2757.1297 	EXP 	Sound test_sound_2 reached end of file
2757.1397 	EXP 	Sound test_sound_2 reached end of file
2757.5125 	EXP 	New trial (rep=0, index=2): <Trial 2 (2 in rep 0) data={'sounds': 'sounds/p4d_cortar.wav', 'syll': 'CVC', 'stress_unstress': 'Stressed', 'suffix': 'Mismatch', 'present_past': 'past', 'corrAns': 'num_2', 'trigger_item': 0.0, 'trigger_senonset': 0.205513, 'trigger_verbsonset': 0.8629519999999999, 'trigger_1_F0': 0.984841, 'trigger_suffix': 1.219715, 'trigger_2_F0': 1.27, 'ID_item': 101, 'ID_senonset': 40, 'ID_verbonset': 41, 'ID_1_F0': 42, 'ID_suffix': 43, 'ID_2_F0': 44, 'ms_senonset': 0.005513, 'ms_verbonset': 0.662952, 'ms_1_F0': 0.784841, 'ms_suffix': 1.019715, 'ms_2_F0': 1.07, 'file_name': 'p4d_cortar.wav', 'sentence': 'p4', 'cond': 'd', 'combo': 'p4d', 'thisN': 2, 'thisTrialN': 2, 'thisRepN': 0}>
2757.5191 	EXP 	Sound test_sound_2 reached end of file
2757.5228 	EXP 	Sound test_sound_2 started
2757.5215 	DATA 	Keypress: left
2757.5290 	EXP 	polygon: autoDraw = False
2757.5290 	EXP 	text_3: autoDraw = False
2757.5290 	EXP 	polygon: autoDraw = True
2760.0225 	EXP 	Sound test_sound_2 reached end of file
2760.0274 	EXP 	Sound test_sound_2 reached end of file
2760.5930 	DATA 	Keypress: right
2760.6134 	EXP 	New trial (rep=0, index=3): <Trial 3 (3 in rep 0) data={'sounds': 'sounds/p1a_saltar.wav', 'syll': 'CVC', 'stress_unstress': 'Stressed', 'suffix': 'Match', 'present_past': 'present', 'corrAns': 'num_1', 'trigger_item': 0.0, 'trigger_senonset': 0.205513, 'trigger_verbsonset': 0.8629519999999999, 'trigger_1_F0': 0.984841, 'trigger_suffix': 1.219715, 'trigger_2_F0': 1.27, 'ID_item': 101, 'ID_senonset': 10, 'ID_verbonset': 11, 'ID_1_F0': 12, 'ID_suffix': 13, 'ID_2_F0': 14, 'ms_senonset': 0.005513, 'ms_verbonset': 0.662952, 'ms_1_F0': 0.784841, 'ms_suffix': 1.019715, 'ms_2_F0': 1.07, 'file_name': 'p1a_saltar.wav', 'sentence': 'p1', 'cond': 'a', 'combo': 'p1a', 'thisN': 3, 'thisTrialN': 3, 'thisRepN': 0}>
2760.6216 	EXP 	Sound test_sound_2 reached end of file
2760.6229 	EXP 	Sound test_sound_2 started
2760.6326 	EXP 	polygon: autoDraw = False
2760.6326 	EXP 	text_3: autoDraw = False
2760.6326 	EXP 	polygon: autoDraw = True
2762.8452 	EXP 	Sound test_sound_2 reached end of file
2762.8566 	EXP 	Sound test_sound_2 reached end of file
2763.5936 	DATA 	Keypress: left
2763.6227 	EXP 	polygon: autoDraw = False
2763.6227 	EXP 	text_3: autoDraw = False
2763.6227 	EXP 	instr: autoDraw = True
2811.3257 	EXP 	Imported selected_trials.csv as conditions, 40 conditions, 26 params
2811.3263 	EXP 	New trial (rep=0, index=0): <Trial 0 (0 in rep 0) data={'sounds': 'sounds/23a_tomar.wav', 'syll': 'CVC', 'stress_unstress': 'Stressed', 'suffix': 'Match', 'present_past': 'present', 'corrAns': 'num_1', 'trigger_item': 0.0, 'trigger_senonset': 0.2, 'trigger_verbsonset': 0.9453179615162032, 'trigger_1_F0': 0.95, 'trigger_suffix': 1.08, 'trigger_2_F0': 1.158644495081018, 'ID_item': 101, 'ID_senonset': 10, 'ID_verbonset': 11, 'ID_1_F0': 12, 'ID_suffix': 13, 'ID_2_F0': 14, 'ms_senonset': 0, 'ms_verbonset': 0.745317961516203, 'ms_1_F0': 0.75, 'ms_suffix': 0.88, 'ms_2_F0': 0.958644495081018, 'file_name': '23a_tomar.wav', 'item_id': 23, 'cond': 'a', 'thisN': 0, 'thisTrialN': 0, 'thisRepN': 0}>
2811.3301 	EXP 	Sound test_sound reached end of file
2811.3407 	EXP 	Sound test_sound started
2811.3318 	DATA 	Keypress: space
2811.3413 	EXP 	instr: autoDraw = False
2811.3413 	EXP 	polygon_2: autoDraw = True
2813.2212 	EXP 	Sound test_sound reached end of file
2813.2273 	EXP 	Sound test_sound reached end of file
2813.6645 	EXP 	New trial (rep=0, index=1): <Trial 1 (1 in rep 0) data={'sounds': 'sounds/05a_fumar.wav', 'syll': 'CVC', 'stress_unstress': 'Stressed', 'suffix': 'Match', 'present_past': 'present', 'corrAns': 'num_1', 'trigger_item': 0.0, 'trigger_senonset': 0.2, 'trigger_verbsonset': 1.15, 'trigger_1_F0': 1.36712555700231, 'trigger_suffix': 1.48, 'trigger_2_F0': 1.56308830295138, 'ID_item': 101, 'ID_senonset': 10, 'ID_verbonset': 11, 'ID_1_F0': 12, 'ID_suffix': 13, 'ID_2_F0': 14, 'ms_senonset': 0, 'ms_verbonset': 0.95, 'ms_1_F0': 1.16712555700231, 'ms_suffix': 1.28, 'ms_2_F0': 1.36308830295138, 'file_name': '05a_fumar.wav', 'item_id': 5, 'cond': 'a', 'thisN': 1, 'thisTrialN': 1, 'thisRepN': 0}>
2813.6723 	EXP 	Sound test_sound reached end of file
2813.6742 	EXP 	Sound test_sound started
2813.6740 	DATA 	Keypress: left
2813.6837 	EXP 	polygon_2: autoDraw = False
2813.6837 	EXP 	text_3: autoDraw = False
2813.6837 	EXP 	polygon_2: autoDraw = True
2816.0264 	EXP 	Sound test_sound reached end of file
2816.0318 	EXP 	Sound test_sound reached end of file
2816.2631 	EXP 	New trial (rep=0, index=2): <Trial 2 (2 in rep 0) data={'sounds': 'sounds/08d_filtrar.wav', 'syll': 'CVC', 'stress_unstress': 'Stressed', 'suffix': 'Mismatch', 'present_past': 'past', 'corrAns': 'num_2', 'trigger_item': 0.0, 'trigger_senonset': 0.2, 'trigger_verbsonset': 0.7526856695589441, 'trigger_1_F0': 0.87808115762362, 'trigger_suffix': 1.118901843962886, 'trigger_2_F0': 1.172598812485867, 'ID_item': 101, 'ID_senonset': 40, 'ID_verbonset': 41, 'ID_1_F0': 42, 'ID_suffix': 43, 'ID_2_F0': 44, 'ms_senonset': 0, 'ms_verbonset': 0.552685669558944, 'ms_1_F0': 0.67808115762362, 'ms_suffix': 0.918901843962886, 'ms_2_F0': 0.972598812485867, 'file_name': '08d_filtrar.wav', 'item_id': 8, 'cond': 'd', 'thisN': 2, 'thisTrialN': 2, 'thisRepN': 0}>
2816.2689 	EXP 	Sound test_sound reached end of file
2816.2738 	EXP 	Sound test_sound started
2816.2731 	DATA 	Keypress: left
2816.2792 	EXP 	polygon_2: autoDraw = False
2816.2792 	EXP 	text_3: autoDraw = False
2816.2792 	EXP 	polygon_2: autoDraw = True
2818.0243 	EXP 	Sound test_sound reached end of file
2818.0297 	EXP 	Sound test_sound reached end of file
2818.4657 	EXP 	New trial (rep=0, index=3): <Trial 3 (3 in rep 0) data={'sounds': 'sounds/06d_soplar.wav', 'syll': 'CVC', 'stress_unstress': 'Stressed', 'suffix': 'Mismatch', 'present_past': 'past', 'corrAns': 'num_2', 'trigger_item': 0.0, 'trigger_senonset': 0.2, 'trigger_verbsonset': 0.761291666666666, 'trigger_1_F0': 0.8899999999999999, 'trigger_suffix': 1.102139687590422, 'trigger_2_F0': 1.166665581687644, 'ID_item': 101, 'ID_senonset': 40, 'ID_verbonset': 41, 'ID_1_F0': 42, 'ID_suffix': 43, 'ID_2_F0': 44, 'ms_senonset': 0, 'ms_verbonset': 0.561291666666666, 'ms_1_F0': 0.69, 'ms_suffix': 0.902139687590422, 'ms_2_F0': 0.966665581687644, 'file_name': '06d_soplar.wav', 'item_id': 6, 'cond': 'd', 'thisN': 3, 'thisTrialN': 3, 'thisRepN': 0}>
2818.4722 	EXP 	Sound test_sound reached end of file
2818.4746 	EXP 	Sound test_sound started
2818.4750 	DATA 	Keypress: right
2818.4834 	EXP 	polygon_2: autoDraw = False
2818.4834 	EXP 	text_3: autoDraw = False
2818.4834 	EXP 	polygon_2: autoDraw = True
2820.3413 	EXP 	Sound test_sound reached end of file
2820.3583 	EXP 	Sound test_sound reached end of file
2820.7302 	EXP 	New trial (rep=0, index=4): <Trial 4 (4 in rep 0) data={'sounds': 'sounds/31d_tocar.wav', 'syll': 'CVC', 'stress_unstress': 'Stressed', 'suffix': 'Mismatch', 'present_past': 'past', 'corrAns': 'num_2', 'trigger_item': 0.0, 'trigger_senonset': 0.2, 'trigger_verbsonset': 0.8493931756807, 'trigger_1_F0': 0.8650112062639721, 'trigger_suffix': 1.006860547391531, 'trigger_2_F0': 1.049162047334928, 'ID_item': 101, 'ID_senonset': 40, 'ID_verbonset': 41, 'ID_1_F0': 42, 'ID_suffix': 43, 'ID_2_F0': 44, 'ms_senonset': 0, 'ms_verbonset': 0.6493931756807, 'ms_1_F0': 0.665011206263972, 'ms_suffix': 0.806860547391531, 'ms_2_F0': 0.849162047334928, 'file_name': '31d_tocar.wav', 'item_id': 31, 'cond': 'd', 'thisN': 4, 'thisTrialN': 4, 'thisRepN': 0}>
2820.7367 	EXP 	Sound test_sound reached end of file
2820.7407 	EXP 	Sound test_sound started
2820.7392 	DATA 	Keypress: right
2820.7474 	EXP 	polygon_2: autoDraw = False
2820.7474 	EXP 	text_3: autoDraw = False
2820.7474 	EXP 	polygon_2: autoDraw = True
2822.6284 	EXP 	Sound test_sound reached end of file
2822.6403 	EXP 	Sound test_sound reached end of file
2822.9612 	DATA 	Keypress: right
2822.9812 	EXP 	New trial (rep=0, index=5): <Trial 5 (5 in rep 0) data={'sounds': 'sounds/12a_matar.wav', 'syll': 'CVC', 'stress_unstress': 'Stressed', 'suffix': 'Match', 'present_past': 'present', 'corrAns': 'num_1', 'trigger_item': 0.0, 'trigger_senonset': 0.2, 'trigger_verbsonset': 0.8400000000000001, 'trigger_1_F0': 0.96, 'trigger_suffix': 1.17307472511574, 'trigger_2_F0': 1.186647497106481, 'ID_item': 101, 'ID_senonset': 10, 'ID_verbonset': 11, 'ID_1_F0': 12, 'ID_suffix': 13, 'ID_2_F0': 14, 'ms_senonset': 0, 'ms_verbonset': 0.64, 'ms_1_F0': 0.76, 'ms_suffix': 0.97307472511574, 'ms_2_F0': 0.986647497106481, 'file_name': '12a_matar.wav', 'item_id': 12, 'cond': 'a', 'thisN': 5, 'thisTrialN': 5, 'thisRepN': 0}>
2822.9876 	EXP 	Sound test_sound reached end of file
2822.9909 	EXP 	Sound test_sound started
2822.9998 	EXP 	polygon_2: autoDraw = False
2822.9998 	EXP 	text_3: autoDraw = False
2822.9998 	EXP 	polygon_2: autoDraw = True
2825.1732 	EXP 	Sound test_sound reached end of file
2825.1783 	EXP 	Sound test_sound reached end of file
2825.2809 	EXP 	New trial (rep=0, index=6): <Trial 6 (6 in rep 0) data={'sounds': 'sounds/02c_buscar.wav', 'syll': 'CVC', 'stress_unstress': 'Unstressed', 'suffix': 'Match', 'present_past': 'past', 'corrAns': 'num_2', 'trigger_item': 0.0, 'trigger_senonset': 0.2, 'trigger_verbsonset': 0.8700000000000001, 'trigger_1_F0': 1.07, 'trigger_suffix': 1.26, 'trigger_2_F0': 1.40703946035879, 'ID_item': 101, 'ID_senonset': 30, 'ID_verbonset': 31, 'ID_1_F0': 32, 'ID_suffix': 33, 'ID_2_F0': 34, 'ms_senonset': 0, 'ms_verbonset': 0.67, 'ms_1_F0': 0.87, 'ms_suffix': 1.06, 'ms_2_F0': 1.20703946035879, 'file_name': '02c_buscar.wav', 'item_id': 2, 'cond': 'c', 'thisN': 6, 'thisTrialN': 6, 'thisRepN': 0}>
2825.2873 	EXP 	Sound test_sound reached end of file
2825.2909 	EXP 	Sound test_sound started
2825.2899 	DATA 	Keypress: left
2825.2975 	EXP 	polygon_2: autoDraw = False
2825.2975 	EXP 	text_3: autoDraw = False
2825.2975 	EXP 	polygon_2: autoDraw = True
2827.4087 	EXP 	Sound test_sound reached end of file
2827.4247 	EXP 	Sound test_sound reached end of file
2827.6141 	EXP 	New trial (rep=0, index=7): <Trial 7 (7 in rep 0) data={'sounds': 'sounds/27c_tirar.wav', 'syll': 'CVC', 'stress_unstress': 'Unstressed', 'suffix': 'Match', 'present_past': 'past', 'corrAns': 'num_2', 'trigger_item': 0.0, 'trigger_senonset': 0.2, 'trigger_verbsonset': 0.8119442057291659, 'trigger_1_F0': 0.8307495153356481, 'trigger_suffix': 0.9885306495949072, 'trigger_2_F0': 0.998621303530092, 'ID_item': 101, 'ID_senonset': 30, 'ID_verbonset': 31, 'ID_1_F0': 32, 'ID_suffix': 33, 'ID_2_F0': 34, 'ms_senonset': 0, 'ms_verbonset': 0.611944205729166, 'ms_1_F0': 0.630749515335648, 'ms_suffix': 0.788530649594907, 'ms_2_F0': 0.798621303530092, 'file_name': '27c_tirar.wav', 'item_id': 27, 'cond': 'c', 'thisN': 7, 'thisTrialN': 7, 'thisRepN': 0}>
2827.6208 	EXP 	Sound test_sound reached end of file
2827.6243 	EXP 	Sound test_sound started
2827.6234 	DATA 	Keypress: right
2827.6317 	EXP 	polygon_2: autoDraw = False
2827.6317 	EXP 	text_3: autoDraw = False
2827.6317 	EXP 	polygon_2: autoDraw = True
2829.6076 	EXP 	Sound test_sound reached end of file
2829.6246 	EXP 	Sound test_sound reached end of file
2829.7447 	EXP 	New trial (rep=0, index=8): <Trial 8 (8 in rep 0) data={'sounds': 'sounds/24d_mirar.wav', 'syll': 'CVC', 'stress_unstress': 'Stressed', 'suffix': 'Mismatch', 'present_past': 'past', 'corrAns': 'num_2', 'trigger_item': 0.0, 'trigger_senonset': 0.2, 'trigger_verbsonset': 0.71, 'trigger_1_F0': 0.8119545789930551, 'trigger_suffix': 0.9389863642939812, 'trigger_2_F0': 0.9746780743634248, 'ID_item': 101, 'ID_senonset': 40, 'ID_verbonset': 41, 'ID_1_F0': 42, 'ID_suffix': 43, 'ID_2_F0': 44, 'ms_senonset': 0, 'ms_verbonset': 0.51, 'ms_1_F0': 0.611954578993055, 'ms_suffix': 0.738986364293981, 'ms_2_F0': 0.774678074363425, 'file_name': '24d_mirar.wav', 'item_id': 24, 'cond': 'd', 'thisN': 8, 'thisTrialN': 8, 'thisRepN': 0}>
2829.7485 	EXP 	Sound test_sound reached end of file
2829.7574 	EXP 	Sound test_sound started
2829.7501 	DATA 	Keypress: right
2829.7589 	EXP 	polygon_2: autoDraw = False
2829.7589 	EXP 	text_3: autoDraw = False
2829.7589 	EXP 	polygon_2: autoDraw = True
2831.4416 	EXP 	Sound test_sound reached end of file
2831.4579 	EXP 	Sound test_sound reached end of file
2831.8153 	EXP 	New trial (rep=0, index=9): <Trial 9 (9 in rep 0) data={'sounds': 'sounds/39b_manchar.wav', 'syll': 'CVC', 'stress_unstress': 'Unstressed', 'suffix': 'Mismatch', 'present_past': 'present', 'corrAns': 'num_1', 'trigger_item': 0.0, 'trigger_senonset': 0.2, 'trigger_verbsonset': 0.81, 'trigger_1_F0': 0.91203755787037, 'trigger_suffix': 1.140584317129629, 'trigger_2_F0': 1.2139708912037, 'ID_item': 101, 'ID_senonset': 20, 'ID_verbonset': 21, 'ID_1_F0': 22, 'ID_suffix': 23, 'ID_2_F0': 24, 'ms_senonset': 0, 'ms_verbonset': 0.61, 'ms_1_F0': 0.71203755787037, 'ms_suffix': 0.940584317129629, 'ms_2_F0': 1.0139708912037, 'file_name': '39b_manchar.wav', 'item_id': 39, 'cond': 'b', 'thisN': 9, 'thisTrialN': 9, 'thisRepN': 0}>
2831.8236 	EXP 	Sound test_sound reached end of file
2831.8242 	EXP 	Sound test_sound started
2831.8264 	DATA 	Keypress: right
2831.8347 	EXP 	polygon_2: autoDraw = False
2831.8347 	EXP 	text_3: autoDraw = False
2831.8347 	EXP 	polygon_2: autoDraw = True
2834.0584 	EXP 	Sound test_sound reached end of file
2834.0752 	EXP 	Sound test_sound reached end of file
2834.4111 	DATA 	Keypress: left
2834.4413 	EXP 	polygon_2: autoDraw = False
2834.4413 	EXP 	text_3: autoDraw = True
2842.4781 	EXP 	New trial (rep=0, index=10): <Trial 10 (10 in rep 0) data={'sounds': 'sounds/35b_secar.wav', 'syll': 'CVC', 'stress_unstress': 'Unstressed', 'suffix': 'Mismatch', 'present_past': 'present', 'corrAns': 'num_1', 'trigger_item': 0.0, 'trigger_senonset': 0.2, 'trigger_verbsonset': 0.8990044921875, 'trigger_1_F0': 1.025708658854166, 'trigger_suffix': 1.179689416956018, 'trigger_2_F0': 1.20652606336805, 'ID_item': 101, 'ID_senonset': 20, 'ID_verbonset': 21, 'ID_1_F0': 22, 'ID_suffix': 23, 'ID_2_F0': 24, 'ms_senonset': 0, 'ms_verbonset': 0.6990044921875, 'ms_1_F0': 0.825708658854166, 'ms_suffix': 0.979689416956018, 'ms_2_F0': 1.00652606336805, 'file_name': '35b_secar.wav', 'item_id': 35, 'cond': 'b', 'thisN': 10, 'thisTrialN': 10, 'thisRepN': 0}>
2842.4853 	EXP 	Sound test_sound reached end of file
2842.4919 	EXP 	Sound test_sound started
2842.4872 	DATA 	Keypress: space
2842.4956 	EXP 	text_3: autoDraw = False
2842.4956 	EXP 	polygon_2: autoDraw = True
2844.6084 	EXP 	Sound test_sound reached end of file
2844.6257 	EXP 	Sound test_sound reached end of file
2844.6480 	EXP 	New trial (rep=0, index=11): <Trial 11 (11 in rep 0) data={'sounds': 'sounds/16a_llevar.wav', 'syll': 'CVC', 'stress_unstress': 'Stressed', 'suffix': 'Match', 'present_past': 'present', 'corrAns': 'num_1', 'trigger_item': 0.0, 'trigger_senonset': 0.2, 'trigger_verbsonset': 0.929084516317274, 'trigger_1_F0': 0.964936524692279, 'trigger_suffix': 1.08, 'trigger_2_F0': 1.131864014418682, 'ID_item': 101, 'ID_senonset': 10, 'ID_verbonset': 11, 'ID_1_F0': 12, 'ID_suffix': 13, 'ID_2_F0': 14, 'ms_senonset': 0, 'ms_verbonset': 0.729084516317274, 'ms_1_F0': 0.764936524692279, 'ms_suffix': 0.88, 'ms_2_F0': 0.931864014418682, 'file_name': '16a_llevar.wav', 'item_id': 16, 'cond': 'a', 'thisN': 11, 'thisTrialN': 11, 'thisRepN': 0}>
2844.6536 	EXP 	Sound test_sound reached end of file
2844.6580 	EXP 	Sound test_sound started
2844.6563 	DATA 	Keypress: left
2844.6634 	EXP 	polygon_2: autoDraw = False
2844.6634 	EXP 	text_3: autoDraw = False
2844.6634 	EXP 	polygon_2: autoDraw = True
2846.5437 	EXP 	Sound test_sound reached end of file
2846.5585 	EXP 	Sound test_sound reached end of file
2846.6656 	EXP 	New trial (rep=0, index=12): <Trial 12 (12 in rep 0) data={'sounds': 'sounds/25b_ganar.wav', 'syll': 'CVC', 'stress_unstress': 'Unstressed', 'suffix': 'Mismatch', 'present_past': 'present', 'corrAns': 'num_1', 'trigger_item': 0.0, 'trigger_senonset': 0.2, 'trigger_verbsonset': 1.152097938368055, 'trigger_1_F0': 1.15990068760488, 'trigger_suffix': 1.28904165650454, 'trigger_2_F0': 1.37272500435153, 'ID_item': 101, 'ID_senonset': 20, 'ID_verbonset': 21, 'ID_1_F0': 22, 'ID_suffix': 23, 'ID_2_F0': 24, 'ms_senonset': 0, 'ms_verbonset': 0.952097938368055, 'ms_1_F0': 0.95990068760488, 'ms_suffix': 1.08904165650454, 'ms_2_F0': 1.17272500435153, 'file_name': '25b_ganar.wav', 'item_id': 25, 'cond': 'b', 'thisN': 12, 'thisTrialN': 12, 'thisRepN': 0}>
2846.6738 	EXP 	Sound test_sound reached end of file
2846.6754 	EXP 	Sound test_sound started
2846.6761 	DATA 	Keypress: left
2846.6842 	EXP 	polygon_2: autoDraw = False
2846.6842 	EXP 	text_3: autoDraw = False
2846.6842 	EXP 	polygon_2: autoDraw = True
2848.9978 	EXP 	Sound test_sound reached end of file
2849.0080 	EXP 	Sound test_sound reached end of file
2849.0983 	EXP 	New trial (rep=0, index=13): <Trial 13 (13 in rep 0) data={'sounds': 'sounds/04c_plantar.wav', 'syll': 'CVC', 'stress_unstress': 'Unstressed', 'suffix': 'Match', 'present_past': 'past', 'corrAns': 'num_2', 'trigger_item': 0.0, 'trigger_senonset': 0.2, 'trigger_verbsonset': 0.862877574458911, 'trigger_1_F0': 0.9343518689653568, 'trigger_suffix': 1.20493812332404, 'trigger_2_F0': 1.21897569287037, 'ID_item': 101, 'ID_senonset': 30, 'ID_verbonset': 31, 'ID_1_F0': 32, 'ID_suffix': 33, 'ID_2_F0': 34, 'ms_senonset': 0, 'ms_verbonset': 0.662877574458911, 'ms_1_F0': 0.734351868965357, 'ms_suffix': 1.00493812332404, 'ms_2_F0': 1.01897569287037, 'file_name': '04c_plantar.wav', 'item_id': 4, 'cond': 'c', 'thisN': 13, 'thisTrialN': 13, 'thisRepN': 0}>
2849.1036 	EXP 	Sound test_sound reached end of file
2849.1083 	EXP 	Sound test_sound started
2849.1061 	DATA 	Keypress: left
2849.1135 	EXP 	polygon_2: autoDraw = False
2849.1135 	EXP 	text_3: autoDraw = False
2849.1135 	EXP 	polygon_2: autoDraw = True
2851.1332 	EXP 	Sound test_sound reached end of file
2851.1372 	EXP 	New trial (rep=0, index=14): <Trial 14 (14 in rep 0) data={'sounds': 'sounds/33b_culpar.wav', 'syll': 'CVC', 'stress_unstress': 'Unstressed', 'suffix': 'Mismatch', 'present_past': 'present', 'corrAns': 'num_1', 'trigger_item': 0.0, 'trigger_senonset': 0.2, 'trigger_verbsonset': 0.8606178431336959, 'trigger_1_F0': 0.869103678029107, 'trigger_suffix': 1.109891641372144, 'trigger_2_F0': 1.131540467434179, 'ID_item': 101, 'ID_senonset': 20, 'ID_verbonset': 21, 'ID_1_F0': 22, 'ID_suffix': 23, 'ID_2_F0': 24, 'ms_senonset': 0, 'ms_verbonset': 0.660617843133696, 'ms_1_F0': 0.669103678029107, 'ms_suffix': 0.909891641372144, 'ms_2_F0': 0.931540467434179, 'file_name': '33b_culpar.wav', 'item_id': 33, 'cond': 'b', 'thisN': 14, 'thisTrialN': 14, 'thisRepN': 0}>
2851.1427 	EXP 	Sound test_sound reached end of file
2851.1584 	EXP 	Sound test_sound started
2851.1468 	DATA 	Keypress: right
2851.1533 	EXP 	polygon_2: autoDraw = False
2851.1533 	EXP 	text_3: autoDraw = False
2851.1533 	EXP 	polygon_2: autoDraw = True
2853.2996 	EXP 	Sound test_sound reached end of file
2853.3086 	EXP 	Sound test_sound reached end of file
2853.5460 	DATA 	Keypress: left
2853.5652 	EXP 	New trial (rep=0, index=15): <Trial 15 (15 in rep 0) data={'sounds': 'sounds/15b_partir.wav', 'syll': 'CVC', 'stress_unstress': 'Unstressed', 'suffix': 'Mismatch', 'present_past': 'present', 'corrAns': 'num_1', 'trigger_item': 0.0, 'trigger_senonset': 0.2, 'trigger_verbsonset': 0.826865400752314, 'trigger_1_F0': 0.842973894883327, 'trigger_suffix': 1.1042888772729471, 'trigger_2_F0': 1.120815958498066, 'ID_item': 101, 'ID_senonset': 20, 'ID_verbonset': 21, 'ID_1_F0': 22, 'ID_suffix': 23, 'ID_2_F0': 24, 'ms_senonset': 0, 'ms_verbonset': 0.626865400752314, 'ms_1_F0': 0.642973894883327, 'ms_suffix': 0.904288877272947, 'ms_2_F0': 0.920815958498066, 'file_name': '15b_partir.wav', 'item_id': 15, 'cond': 'b', 'thisN': 15, 'thisTrialN': 15, 'thisRepN': 0}>
2853.5724 	EXP 	Sound test_sound reached end of file
2853.5749 	EXP 	Sound test_sound started
2853.5848 	EXP 	polygon_2: autoDraw = False
2853.5848 	EXP 	text_3: autoDraw = False
2853.5848 	EXP 	polygon_2: autoDraw = True
2855.6207 	EXP 	Sound test_sound reached end of file
2855.6269 	EXP 	Sound test_sound reached end of file
2856.2651 	EXP 	New trial (rep=0, index=16): <Trial 16 (16 in rep 0) data={'sounds': 'sounds/26a_bajar.wav', 'syll': 'CVC', 'stress_unstress': 'Stressed', 'suffix': 'Match', 'present_past': 'present', 'corrAns': 'num_1', 'trigger_item': 0.0, 'trigger_senonset': 0.2, 'trigger_verbsonset': 0.77, 'trigger_1_F0': 0.8999999999999999, 'trigger_suffix': 1.03, 'trigger_2_F0': 1.171181705729166, 'ID_item': 101, 'ID_senonset': 10, 'ID_verbonset': 11, 'ID_1_F0': 12, 'ID_suffix': 13, 'ID_2_F0': 14, 'ms_senonset': 0, 'ms_verbonset': 0.57, 'ms_1_F0': 0.7, 'ms_suffix': 0.83, 'ms_2_F0': 0.971181705729166, 'file_name': '26a_bajar.wav', 'item_id': 26, 'cond': 'a', 'thisN': 16, 'thisTrialN': 16, 'thisRepN': 0}>
2856.2734 	EXP 	Sound test_sound reached end of file
2856.2753 	EXP 	Sound test_sound started
2856.2764 	DATA 	Keypress: left
2856.2847 	EXP 	polygon_2: autoDraw = False
2856.2847 	EXP 	text_3: autoDraw = False
2856.2847 	EXP 	polygon_2: autoDraw = True
2858.3264 	EXP 	Sound test_sound reached end of file
2858.3423 	EXP 	Sound test_sound reached end of file
2858.5157 	EXP 	New trial (rep=0, index=17): <Trial 17 (17 in rep 0) data={'sounds': 'sounds/40c_gastar.wav', 'syll': 'CVC', 'stress_unstress': 'Unstressed', 'suffix': 'Match', 'present_past': 'past', 'corrAns': 'num_2', 'trigger_item': 0.0, 'trigger_senonset': 0.2, 'trigger_verbsonset': 0.8300000000000001, 'trigger_1_F0': 0.8400000000000001, 'trigger_suffix': 1.163436328125, 'trigger_2_F0': 1.183149609375, 'ID_item': 101, 'ID_senonset': 30, 'ID_verbonset': 31, 'ID_1_F0': 32, 'ID_suffix': 33, 'ID_2_F0': 34, 'ms_senonset': 0, 'ms_verbonset': 0.63, 'ms_1_F0': 0.64, 'ms_suffix': 0.963436328125, 'ms_2_F0': 0.983149609375, 'file_name': '40c_gastar.wav', 'item_id': 40, 'cond': 'c', 'thisN': 17, 'thisTrialN': 17, 'thisRepN': 0}>
2858.5203 	EXP 	Sound test_sound reached end of file
2858.5250 	EXP 	Sound test_sound started
2858.5215 	DATA 	Keypress: left
2858.5300 	EXP 	polygon_2: autoDraw = False
2858.5300 	EXP 	text_3: autoDraw = False
2858.5300 	EXP 	polygon_2: autoDraw = True
2860.6190 	EXP 	Sound test_sound reached end of file
2860.6263 	EXP 	Sound test_sound reached end of file
2860.6478 	EXP 	New trial (rep=0, index=18): <Trial 18 (18 in rep 0) data={'sounds': 'sounds/34c_formar.wav', 'syll': 'CVC', 'stress_unstress': 'Unstressed', 'suffix': 'Match', 'present_past': 'past', 'corrAns': 'num_2', 'trigger_item': 0.0, 'trigger_senonset': 0.2, 'trigger_verbsonset': 0.876373676215277, 'trigger_1_F0': 0.992687651909722, 'trigger_suffix': 1.14, 'trigger_2_F0': 1.26319767795138, 'ID_item': 101, 'ID_senonset': 30, 'ID_verbonset': 31, 'ID_1_F0': 32, 'ID_suffix': 33, 'ID_2_F0': 34, 'ms_senonset': 0, 'ms_verbonset': 0.676373676215277, 'ms_1_F0': 0.792687651909722, 'ms_suffix': 0.94, 'ms_2_F0': 1.06319767795138, 'file_name': '34c_formar.wav', 'item_id': 34, 'cond': 'c', 'thisN': 18, 'thisTrialN': 18, 'thisRepN': 0}>
2860.6538 	EXP 	Sound test_sound reached end of file
2860.6584 	EXP 	Sound test_sound started
2860.6570 	DATA 	Keypress: right
2860.6643 	EXP 	polygon_2: autoDraw = False
2860.6643 	EXP 	text_3: autoDraw = False
2860.6643 	EXP 	polygon_2: autoDraw = True
2862.8764 	EXP 	Sound test_sound reached end of file
2862.8923 	EXP 	Sound test_sound reached end of file
2863.0973 	EXP 	New trial (rep=0, index=19): <Trial 19 (19 in rep 0) data={'sounds': 'sounds/19a_marcar.wav', 'syll': 'CVC', 'stress_unstress': 'Stressed', 'suffix': 'Match', 'present_past': 'present', 'corrAns': 'num_1', 'trigger_item': 0.0, 'trigger_senonset': 0.2, 'trigger_verbsonset': 0.8400000000000001, 'trigger_1_F0': 0.97, 'trigger_suffix': 1.245718359375, 'trigger_2_F0': 1.273519140625, 'ID_item': 101, 'ID_senonset': 10, 'ID_verbonset': 11, 'ID_1_F0': 12, 'ID_suffix': 13, 'ID_2_F0': 14, 'ms_senonset': 0, 'ms_verbonset': 0.64, 'ms_1_F0': 0.77, 'ms_suffix': 1.045718359375, 'ms_2_F0': 1.073519140625, 'file_name': '19a_marcar.wav', 'item_id': 19, 'cond': 'a', 'thisN': 19, 'thisTrialN': 19, 'thisRepN': 0}>
2863.1023 	EXP 	Sound test_sound reached end of file
2863.1082 	EXP 	Sound test_sound started
2863.1039 	DATA 	Keypress: right
2863.1133 	EXP 	polygon_2: autoDraw = False
2863.1133 	EXP 	text_3: autoDraw = False
2863.1133 	EXP 	polygon_2: autoDraw = True
2864.9873 	EXP 	Sound test_sound reached end of file
2864.9935 	EXP 	Sound test_sound reached end of file
2865.3176 	DATA 	Keypress: left
2865.3251 	EXP 	polygon_2: autoDraw = False
2865.3251 	EXP 	text_3: autoDraw = True
2869.9952 	EXP 	New trial (rep=0, index=20): <Trial 20 (20 in rep 0) data={'sounds': 'sounds/14b_borrar.wav', 'syll': 'CVC', 'stress_unstress': 'Unstressed', 'suffix': 'Mismatch', 'present_past': 'present', 'corrAns': 'num_1', 'trigger_item': 0.0, 'trigger_senonset': 0.2, 'trigger_verbsonset': 0.72, 'trigger_1_F0': 0.770187630208333, 'trigger_suffix': 0.851961241319444, 'trigger_2_F0': 0.964399956597222, 'ID_item': 101, 'ID_senonset': 20, 'ID_verbonset': 21, 'ID_1_F0': 22, 'ID_suffix': 23, 'ID_2_F0': 24, 'ms_senonset': 0, 'ms_verbonset': 0.52, 'ms_1_F0': 0.570187630208333, 'ms_suffix': 0.651961241319444, 'ms_2_F0': 0.764399956597222, 'file_name': '14b_borrar.wav', 'item_id': 14, 'cond': 'b', 'thisN': 20, 'thisTrialN': 20, 'thisRepN': 0}>
2870.0021 	EXP 	Sound test_sound reached end of file
2870.0087 	EXP 	Sound test_sound started
2870.0054 	DATA 	Keypress: space
2870.0133 	EXP 	text_3: autoDraw = False
2870.0133 	EXP 	polygon_2: autoDraw = True
2871.9425 	EXP 	Sound test_sound reached end of file
2871.9591 	EXP 	Sound test_sound reached end of file
2872.0156 	EXP 	New trial (rep=0, index=21): <Trial 21 (21 in rep 0) data={'sounds': 'sounds/17d_tragar.wav', 'syll': 'CVC', 'stress_unstress': 'Stressed', 'suffix': 'Mismatch', 'present_past': 'past', 'corrAns': 'num_2', 'trigger_item': 0.0, 'trigger_senonset': 0.2, 'trigger_verbsonset': 1.070609360532407, 'trigger_1_F0': 1.117973654513888, 'trigger_suffix': 1.30915316840277, 'trigger_2_F0': 1.35458539534397, 'ID_item': 101, 'ID_senonset': 40, 'ID_verbonset': 41, 'ID_1_F0': 42, 'ID_suffix': 43, 'ID_2_F0': 44, 'ms_senonset': 0, 'ms_verbonset': 0.870609360532407, 'ms_1_F0': 0.917973654513888, 'ms_suffix': 1.10915316840277, 'ms_2_F0': 1.15458539534397, 'file_name': '17d_tragar.wav', 'item_id': 17, 'cond': 'd', 'thisN': 21, 'thisTrialN': 21, 'thisRepN': 0}>
2872.0228 	EXP 	Sound test_sound reached end of file
2872.0253 	EXP 	Sound test_sound started
2872.0261 	DATA 	Keypress: left
2872.0349 	EXP 	polygon_2: autoDraw = False
2872.0349 	EXP 	text_3: autoDraw = False
2872.0349 	EXP 	polygon_2: autoDraw = True
2874.3108 	EXP 	Sound test_sound reached end of file
2874.3263 	EXP 	Sound test_sound reached end of file
2874.3298 	DATA 	Keypress: right
2874.3481 	EXP 	New trial (rep=0, index=22): <Trial 22 (22 in rep 0) data={'sounds': 'sounds/28d_parar.wav', 'syll': 'CVC', 'stress_unstress': 'Stressed', 'suffix': 'Mismatch', 'present_past': 'past', 'corrAns': 'num_2', 'trigger_item': 0.0, 'trigger_senonset': 0.2, 'trigger_verbsonset': 0.8458860026041659, 'trigger_1_F0': 0.862313736979166, 'trigger_suffix': 1.018194683159722, 'trigger_2_F0': 1.032797113715277, 'ID_item': 101, 'ID_senonset': 40, 'ID_verbonset': 41, 'ID_1_F0': 42, 'ID_suffix': 43, 'ID_2_F0': 44, 'ms_senonset': 0, 'ms_verbonset': 0.645886002604166, 'ms_1_F0': 0.662313736979166, 'ms_suffix': 0.818194683159722, 'ms_2_F0': 0.832797113715277, 'file_name': '28d_parar.wav', 'item_id': 28, 'cond': 'd', 'thisN': 22, 'thisTrialN': 22, 'thisRepN': 0}>
2874.3544 	EXP 	Sound test_sound reached end of file
2874.3586 	EXP 	Sound test_sound started
2874.3657 	EXP 	polygon_2: autoDraw = False
2874.3657 	EXP 	text_3: autoDraw = False
2874.3657 	EXP 	polygon_2: autoDraw = True
2876.2538 	EXP 	Sound test_sound reached end of file
2876.2599 	EXP 	Sound test_sound reached end of file
2876.2813 	EXP 	New trial (rep=0, index=23): <Trial 23 (23 in rep 0) data={'sounds': 'sounds/22d_dejar.wav', 'syll': 'CVC', 'stress_unstress': 'Stressed', 'suffix': 'Mismatch', 'present_past': 'past', 'corrAns': 'num_2', 'trigger_item': 0.0, 'trigger_senonset': 0.2, 'trigger_verbsonset': 0.8500000000000001, 'trigger_1_F0': 1.02, 'trigger_suffix': 1.152543366608796, 'trigger_2_F0': 1.28794346788194, 'ID_item': 101, 'ID_senonset': 40, 'ID_verbonset': 41, 'ID_1_F0': 42, 'ID_suffix': 43, 'ID_2_F0': 44, 'ms_senonset': 0, 'ms_verbonset': 0.65, 'ms_1_F0': 0.82, 'ms_suffix': 0.952543366608796, 'ms_2_F0': 1.08794346788194, 'file_name': '22d_dejar.wav', 'item_id': 22, 'cond': 'd', 'thisN': 23, 'thisTrialN': 23, 'thisRepN': 0}>
2876.2881 	EXP 	Sound test_sound reached end of file
2876.2923 	EXP 	Sound test_sound started
2876.2901 	DATA 	Keypress: right
2876.2998 	EXP 	polygon_2: autoDraw = False
2876.2998 	EXP 	text_3: autoDraw = False
2876.2998 	EXP 	polygon_2: autoDraw = True
2878.3154 	EXP 	Sound test_sound reached end of file
2878.3262 	EXP 	Sound test_sound reached end of file
2878.4504 	EXP 	New trial (rep=0, index=24): <Trial 24 (24 in rep 0) data={'sounds': 'sounds/09c_cargar.wav', 'syll': 'CVC', 'stress_unstress': 'Unstressed', 'suffix': 'Match', 'present_past': 'past', 'corrAns': 'num_2', 'trigger_item': 0.0, 'trigger_senonset': 0.2, 'trigger_verbsonset': 0.81286744068287, 'trigger_1_F0': 0.8382251229745361, 'trigger_suffix': 1.032634020543981, 'trigger_2_F0': 1.090594437210648, 'ID_item': 101, 'ID_senonset': 30, 'ID_verbonset': 31, 'ID_1_F0': 32, 'ID_suffix': 33, 'ID_2_F0': 34, 'ms_senonset': 0, 'ms_verbonset': 0.61286744068287, 'ms_1_F0': 0.638225122974536, 'ms_suffix': 0.832634020543981, 'ms_2_F0': 0.890594437210648, 'file_name': '09c_cargar.wav', 'item_id': 9, 'cond': 'c', 'thisN': 24, 'thisTrialN': 24, 'thisRepN': 0}>
2878.4580 	EXP 	Sound test_sound reached end of file
2878.4597 	EXP 	Sound test_sound started
2878.4599 	DATA 	Keypress: right
2878.4697 	EXP 	polygon_2: autoDraw = False
2878.4697 	EXP 	text_3: autoDraw = False
2878.4697 	EXP 	polygon_2: autoDraw = True
2880.3831 	EXP 	Sound test_sound reached end of file
2880.3921 	EXP 	Sound test_sound reached end of file
2881.1150 	EXP 	New trial (rep=0, index=25): <Trial 25 (25 in rep 0) data={'sounds': 'sounds/36c_bordar.wav', 'syll': 'CVC', 'stress_unstress': 'Unstressed', 'suffix': 'Match', 'present_past': 'past', 'corrAns': 'num_2', 'trigger_item': 0.0, 'trigger_senonset': 0.2, 'trigger_verbsonset': 1.0, 'trigger_1_F0': 1.078468243634259, 'trigger_suffix': 1.3288624855324, 'trigger_2_F0': 1.3414992042824, 'ID_item': 101, 'ID_senonset': 30, 'ID_verbonset': 31, 'ID_1_F0': 32, 'ID_suffix': 33, 'ID_2_F0': 34, 'ms_senonset': 0, 'ms_verbonset': 0.8, 'ms_1_F0': 0.878468243634259, 'ms_suffix': 1.1288624855324, 'ms_2_F0': 1.1414992042824, 'file_name': '36c_bordar.wav', 'item_id': 36, 'cond': 'c', 'thisN': 25, 'thisTrialN': 25, 'thisRepN': 0}>
2881.1223 	EXP 	Sound test_sound reached end of file
2881.1254 	EXP 	Sound test_sound started
2881.1255 	DATA 	Keypress: right
2881.1325 	EXP 	polygon_2: autoDraw = False
2881.1325 	EXP 	text_3: autoDraw = False
2881.1325 	EXP 	polygon_2: autoDraw = True
2883.3766 	EXP 	Sound test_sound reached end of file
2883.3926 	EXP 	Sound test_sound reached end of file
2883.5622 	DATA 	Keypress: right
2883.5824 	EXP 	New trial (rep=0, index=26): <Trial 26 (26 in rep 0) data={'sounds': 'sounds/03b_limpiar.wav', 'syll': 'CVC', 'stress_unstress': 'Unstressed', 'suffix': 'Mismatch', 'present_past': 'present', 'corrAns': 'num_1', 'trigger_item': 0.0, 'trigger_senonset': 0.2, 'trigger_verbsonset': 0.8500000000000001, 'trigger_1_F0': 0.932367621527777, 'trigger_suffix': 1.26878515625, 'trigger_2_F0': 1.35808463541666, 'ID_item': 101, 'ID_senonset': 20, 'ID_verbonset': 21, 'ID_1_F0': 22, 'ID_suffix': 23, 'ID_2_F0': 24, 'ms_senonset': 0, 'ms_verbonset': 0.65, 'ms_1_F0': 0.732367621527777, 'ms_suffix': 1.06878515625, 'ms_2_F0': 1.15808463541666, 'file_name': '03b_limpiar.wav', 'item_id': 3, 'cond': 'b', 'thisN': 26, 'thisTrialN': 26, 'thisRepN': 0}>
2883.5902 	EXP 	Sound test_sound reached end of file
2883.5924 	EXP 	Sound test_sound started
2883.6009 	EXP 	polygon_2: autoDraw = False
2883.6009 	EXP 	text_3: autoDraw = False
2883.6009 	EXP 	polygon_2: autoDraw = True
2885.7204 	EXP 	Sound test_sound reached end of file
2885.7265 	EXP 	Sound test_sound reached end of file
2885.7462 	DATA 	Keypress: left
2885.7655 	EXP 	New trial (rep=0, index=27): <Trial 27 (27 in rep 0) data={'sounds': 'sounds/37b_pasar.wav', 'syll': 'CVC', 'stress_unstress': 'Unstressed', 'suffix': 'Mismatch', 'present_past': 'present', 'corrAns': 'num_1', 'trigger_item': 0.0, 'trigger_senonset': 0.2, 'trigger_verbsonset': 1.033132486979166, 'trigger_1_F0': 1.052087565104166, 'trigger_suffix': 1.159499674479166, 'trigger_2_F0': 1.27702115885416, 'ID_item': 101, 'ID_senonset': 20, 'ID_verbonset': 21, 'ID_1_F0': 22, 'ID_suffix': 23, 'ID_2_F0': 24, 'ms_senonset': 0, 'ms_verbonset': 0.833132486979166, 'ms_1_F0': 0.852087565104166, 'ms_suffix': 0.959499674479166, 'ms_2_F0': 1.07702115885416, 'file_name': '37b_pasar.wav', 'item_id': 37, 'cond': 'b', 'thisN': 27, 'thisTrialN': 27, 'thisRepN': 0}>
2885.7723 	EXP 	Sound test_sound reached end of file
2885.7755 	EXP 	Sound test_sound started
2885.7850 	EXP 	polygon_2: autoDraw = False
2885.7850 	EXP 	text_3: autoDraw = False
2885.7850 	EXP 	polygon_2: autoDraw = True
2887.8678 	EXP 	Sound test_sound reached end of file
2887.8762 	EXP 	Sound test_sound reached end of file
2888.1311 	EXP 	New trial (rep=0, index=28): <Trial 28 (28 in rep 0) data={'sounds': 'sounds/07c_tumbar.wav', 'syll': 'CVC', 'stress_unstress': 'Unstressed', 'suffix': 'Match', 'present_past': 'past', 'corrAns': 'num_2', 'trigger_item': 0.0, 'trigger_senonset': 0.2, 'trigger_verbsonset': 0.9084024930273432, 'trigger_1_F0': 0.9247360728973012, 'trigger_suffix': 1.143289673625005, 'trigger_2_F0': 1.154847989033482, 'ID_item': 101, 'ID_senonset': 30, 'ID_verbonset': 31, 'ID_1_F0': 32, 'ID_suffix': 33, 'ID_2_F0': 34, 'ms_senonset': 0, 'ms_verbonset': 0.708402493027343, 'ms_1_F0': 0.724736072897301, 'ms_suffix': 0.943289673625005, 'ms_2_F0': 0.954847989033482, 'file_name': '07c_tumbar.wav', 'item_id': 7, 'cond': 'c', 'thisN': 28, 'thisTrialN': 28, 'thisRepN': 0}>
2888.1350 	EXP 	Sound test_sound reached end of file
2888.1420 	EXP 	Sound test_sound started
2888.1363 	DATA 	Keypress: left
2888.1443 	EXP 	polygon_2: autoDraw = False
2888.1443 	EXP 	text_3: autoDraw = False
2888.1443 	EXP 	polygon_2: autoDraw = True
2890.0660 	EXP 	Sound test_sound reached end of file
2890.0761 	EXP 	Sound test_sound reached end of file
2890.3987 	EXP 	New trial (rep=0, index=29): <Trial 29 (29 in rep 0) data={'sounds': 'sounds/18b_cumplir.wav', 'syll': 'CVC', 'stress_unstress': 'Unstressed', 'suffix': 'Mismatch', 'present_past': 'present', 'corrAns': 'num_1', 'trigger_item': 0.0, 'trigger_senonset': 0.2, 'trigger_verbsonset': 1.2408027271412, 'trigger_1_F0': 1.25568597366898, 'trigger_suffix': 1.46256310040509, 'trigger_2_F0': 1.54144430700231, 'ID_item': 101, 'ID_senonset': 20, 'ID_verbonset': 21, 'ID_1_F0': 22, 'ID_suffix': 23, 'ID_2_F0': 24, 'ms_senonset': 0, 'ms_verbonset': 1.0408027271412, 'ms_1_F0': 1.05568597366898, 'ms_suffix': 1.26256310040509, 'ms_2_F0': 1.34144430700231, 'file_name': '18b_cumplir.wav', 'item_id': 18, 'cond': 'b', 'thisN': 29, 'thisTrialN': 29, 'thisRepN': 0}>
2890.4065 	EXP 	Sound test_sound reached end of file
2890.4090 	EXP 	Sound test_sound started
2890.4110 	DATA 	Keypress: right
2890.4190 	EXP 	polygon_2: autoDraw = False
2890.4190 	EXP 	text_3: autoDraw = False
2890.4190 	EXP 	polygon_2: autoDraw = True
2892.5731 	EXP 	Sound test_sound reached end of file
2892.5793 	EXP 	Sound test_sound reached end of file
2892.9515 	DATA 	Keypress: left
2892.9587 	EXP 	polygon_2: autoDraw = False
2892.9587 	EXP 	text_3: autoDraw = True
2900.0620 	EXP 	New trial (rep=0, index=30): <Trial 30 (30 in rep 0) data={'sounds': 'sounds/21a_mezclar.wav', 'syll': 'CVC', 'stress_unstress': 'Stressed', 'suffix': 'Match', 'present_past': 'present', 'corrAns': 'num_1', 'trigger_item': 0.0, 'trigger_senonset': 0.2, 'trigger_verbsonset': 0.78, 'trigger_1_F0': 0.9121902777777772, 'trigger_suffix': 1.20214212962962, 'trigger_2_F0': 1.27, 'ID_item': 101, 'ID_senonset': 10, 'ID_verbonset': 11, 'ID_1_F0': 12, 'ID_suffix': 13, 'ID_2_F0': 14, 'ms_senonset': 0, 'ms_verbonset': 0.58, 'ms_1_F0': 0.712190277777777, 'ms_suffix': 1.00214212962962, 'ms_2_F0': 1.07, 'file_name': '21a_mezclar.wav', 'item_id': 21, 'cond': 'a', 'thisN': 30, 'thisTrialN': 30, 'thisRepN': 0}>
2900.0676 	EXP 	Sound test_sound reached end of file
2900.0761 	EXP 	Sound test_sound started
2900.0688 	DATA 	Keypress: space
2900.0785 	EXP 	text_3: autoDraw = False
2900.0785 	EXP 	polygon_2: autoDraw = True
2902.0789 	EXP 	Sound test_sound reached end of file
2902.0860 	EXP 	New trial (rep=0, index=31): <Trial 31 (31 in rep 0) data={'sounds': 'sounds/13c_montar.wav', 'syll': 'CVC', 'stress_unstress': 'Unstressed', 'suffix': 'Match', 'present_past': 'past', 'corrAns': 'num_2', 'trigger_item': 0.0, 'trigger_senonset': 0.2, 'trigger_verbsonset': 0.8800000000000001, 'trigger_1_F0': 0.98, 'trigger_suffix': 1.24543012152777, 'trigger_2_F0': 1.2594709201388798, 'ID_item': 101, 'ID_senonset': 30, 'ID_verbonset': 31, 'ID_1_F0': 32, 'ID_suffix': 33, 'ID_2_F0': 34, 'ms_senonset': 0, 'ms_verbonset': 0.68, 'ms_1_F0': 0.78, 'ms_suffix': 1.04543012152777, 'ms_2_F0': 1.05947092013888, 'file_name': '13c_montar.wav', 'item_id': 13, 'cond': 'c', 'thisN': 31, 'thisTrialN': 31, 'thisRepN': 0}>
2902.0930 	EXP 	Sound test_sound reached end of file
2902.0931 	EXP 	Sound test_sound started
2902.0956 	DATA 	Keypress: left
2902.1038 	EXP 	polygon_2: autoDraw = False
2902.1038 	EXP 	text_3: autoDraw = False
2902.1038 	EXP 	polygon_2: autoDraw = True
2904.3748 	EXP 	Sound test_sound reached end of file
2904.3803 	EXP 	Sound test_sound reached end of file
2904.4325 	EXP 	New trial (rep=0, index=32): <Trial 32 (32 in rep 0) data={'sounds': 'sounds/38b_pagar.wav', 'syll': 'CVC', 'stress_unstress': 'Unstressed', 'suffix': 'Mismatch', 'present_past': 'present', 'corrAns': 'num_1', 'trigger_item': 0.0, 'trigger_senonset': 0.2, 'trigger_verbsonset': 1.166737304687499, 'trigger_1_F0': 1.185271158854166, 'trigger_suffix': 1.29521061197916, 'trigger_2_F0': 1.4055712890624898, 'ID_item': 101, 'ID_senonset': 20, 'ID_verbonset': 21, 'ID_1_F0': 22, 'ID_suffix': 23, 'ID_2_F0': 24, 'ms_senonset': 0, 'ms_verbonset': 0.966737304687499, 'ms_1_F0': 0.985271158854166, 'ms_suffix': 1.09521061197916, 'ms_2_F0': 1.20557128906249, 'file_name': '38b_pagar.wav', 'item_id': 38, 'cond': 'b', 'thisN': 32, 'thisTrialN': 32, 'thisRepN': 0}>
2904.4391 	EXP 	Sound test_sound reached end of file
2904.4430 	EXP 	Sound test_sound started
2904.4416 	DATA 	Keypress: right
2904.4490 	EXP 	polygon_2: autoDraw = False
2904.4490 	EXP 	text_3: autoDraw = False
2904.4490 	EXP 	polygon_2: autoDraw = True
2906.6451 	EXP 	Sound test_sound paused
2906.6498 	EXP 	New trial (rep=0, index=33): <Trial 33 (33 in rep 0) data={'sounds': 'sounds/20c_cubrir.wav', 'syll': 'CVC', 'stress_unstress': 'Unstressed', 'suffix': 'Match', 'present_past': 'past', 'corrAns': 'num_2', 'trigger_item': 0.0, 'trigger_senonset': 0.2, 'trigger_verbsonset': 0.980138641742621, 'trigger_1_F0': 1.01, 'trigger_suffix': 1.192436112212021, 'trigger_2_F0': 1.28412143493692, 'ID_item': 101, 'ID_senonset': 30, 'ID_verbonset': 31, 'ID_1_F0': 32, 'ID_suffix': 33, 'ID_2_F0': 34, 'ms_senonset': 0, 'ms_verbonset': 0.780138641742621, 'ms_1_F0': 0.81, 'ms_suffix': 0.992436112212021, 'ms_2_F0': 1.08412143493692, 'file_name': '20c_cubrir.wav', 'item_id': 20, 'cond': 'c', 'thisN': 33, 'thisTrialN': 33, 'thisRepN': 0}>
2906.6575 	EXP 	Sound test_sound reached end of file
2906.6593 	EXP 	Sound test_sound started
2906.6605 	DATA 	Keypress: left
2906.6687 	EXP 	polygon_2: autoDraw = False
2906.6687 	EXP 	text_3: autoDraw = False
2906.6687 	EXP 	polygon_2: autoDraw = True
2908.7833 	EXP 	Sound test_sound reached end of file
2908.7929 	EXP 	Sound test_sound reached end of file
2908.8322 	EXP 	New trial (rep=0, index=34): <Trial 34 (34 in rep 0) data={'sounds': 'sounds/11a_pegar.wav', 'syll': 'CVC', 'stress_unstress': 'Stressed', 'suffix': 'Match', 'present_past': 'present', 'corrAns': 'num_1', 'trigger_item': 0.0, 'trigger_senonset': 0.2, 'trigger_verbsonset': 0.8182808977343741, 'trigger_1_F0': 0.831294515585661, 'trigger_suffix': 0.98, 'trigger_2_F0': 1.012063288108519, 'ID_item': 101, 'ID_senonset': 10, 'ID_verbonset': 11, 'ID_1_F0': 12, 'ID_suffix': 13, 'ID_2_F0': 14, 'ms_senonset': 0, 'ms_verbonset': 0.618280897734374, 'ms_1_F0': 0.631294515585661, 'ms_suffix': 0.78, 'ms_2_F0': 0.812063288108519, 'file_name': '11a_pegar.wav', 'item_id': 11, 'cond': 'a', 'thisN': 34, 'thisTrialN': 34, 'thisRepN': 0}>
2908.8381 	EXP 	Sound test_sound reached end of file
2908.8426 	EXP 	Sound test_sound started
2908.8402 	DATA 	Keypress: right
2908.8483 	EXP 	polygon_2: autoDraw = False
2908.8483 	EXP 	text_3: autoDraw = False
2908.8483 	EXP 	polygon_2: autoDraw = True
2910.7675 	EXP 	Sound test_sound reached end of file
2910.7765 	EXP 	Sound test_sound reached end of file
2910.9326 	EXP 	New trial (rep=0, index=35): <Trial 35 (35 in rep 0) data={'sounds': 'sounds/10d_vender.wav', 'syll': 'CVC', 'stress_unstress': 'Stressed', 'suffix': 'Mismatch', 'present_past': 'past', 'corrAns': 'num_2', 'trigger_item': 0.0, 'trigger_senonset': 0.2, 'trigger_verbsonset': 0.832830209056713, 'trigger_1_F0': 0.8775468199411529, 'trigger_suffix': 1.109501330306288, 'trigger_2_F0': 1.158928471023364, 'ID_item': 101, 'ID_senonset': 40, 'ID_verbonset': 41, 'ID_1_F0': 42, 'ID_suffix': 43, 'ID_2_F0': 44, 'ms_senonset': 0, 'ms_verbonset': 0.632830209056713, 'ms_1_F0': 0.677546819941153, 'ms_suffix': 0.909501330306288, 'ms_2_F0': 0.958928471023364, 'file_name': '10d_vender.wav', 'item_id': 10, 'cond': 'd', 'thisN': 35, 'thisTrialN': 35, 'thisRepN': 0}>
2910.9398 	EXP 	Sound test_sound reached end of file
2910.9428 	EXP 	Sound test_sound started
2910.9419 	DATA 	Keypress: left
2910.9507 	EXP 	polygon_2: autoDraw = False
2910.9507 	EXP 	text_3: autoDraw = False
2910.9507 	EXP 	polygon_2: autoDraw = True
2912.8334 	EXP 	Sound test_sound reached end of file
2912.8432 	EXP 	Sound test_sound reached end of file
2912.9161 	EXP 	New trial (rep=0, index=36): <Trial 36 (36 in rep 0) data={'sounds': 'sounds/30a_fundar.wav', 'syll': 'CVC', 'stress_unstress': 'Stressed', 'suffix': 'Match', 'present_past': 'present', 'corrAns': 'num_1', 'trigger_item': 0.0, 'trigger_senonset': 0.2, 'trigger_verbsonset': 0.77, 'trigger_1_F0': 0.91, 'trigger_suffix': 1.112685546875, 'trigger_2_F0': 1.12, 'ID_item': 101, 'ID_senonset': 10, 'ID_verbonset': 11, 'ID_1_F0': 12, 'ID_suffix': 13, 'ID_2_F0': 14, 'ms_senonset': 0, 'ms_verbonset': 0.57, 'ms_1_F0': 0.71, 'ms_suffix': 0.912685546875, 'ms_2_F0': 0.92, 'file_name': '30a_fundar.wav', 'item_id': 30, 'cond': 'a', 'thisN': 36, 'thisTrialN': 36, 'thisRepN': 0}>
2912.9230 	EXP 	Sound test_sound reached end of file
2912.9262 	EXP 	Sound test_sound started
2912.9252 	DATA 	Keypress: right
2912.9330 	EXP 	polygon_2: autoDraw = False
2912.9330 	EXP 	text_3: autoDraw = False
2912.9330 	EXP 	polygon_2: autoDraw = True
2914.8952 	EXP 	Sound test_sound paused
2914.8987 	EXP 	New trial (rep=0, index=37): <Trial 37 (37 in rep 0) data={'sounds': 'sounds/29a_pesar.wav', 'syll': 'CVC', 'stress_unstress': 'Stressed', 'suffix': 'Match', 'present_past': 'present', 'corrAns': 'num_1', 'trigger_item': 0.0, 'trigger_senonset': 0.2, 'trigger_verbsonset': 0.91328417532552, 'trigger_1_F0': 0.925531286730473, 'trigger_suffix': 1.03, 'trigger_2_F0': 1.150619522602117, 'ID_item': 101, 'ID_senonset': 10, 'ID_verbonset': 11, 'ID_1_F0': 12, 'ID_suffix': 13, 'ID_2_F0': 14, 'ms_senonset': 0, 'ms_verbonset': 0.71328417532552, 'ms_1_F0': 0.725531286730473, 'ms_suffix': 0.83, 'ms_2_F0': 0.950619522602117, 'file_name': '29a_pesar.wav', 'item_id': 29, 'cond': 'a', 'thisN': 37, 'thisTrialN': 37, 'thisRepN': 0}>
2914.9046 	EXP 	Sound test_sound reached end of file
2914.9096 	EXP 	Sound test_sound started
2914.9068 	DATA 	Keypress: left
2914.9152 	EXP 	polygon_2: autoDraw = False
2914.9152 	EXP 	text_3: autoDraw = False
2914.9152 	EXP 	polygon_2: autoDraw = True
2916.8017 	EXP 	Sound test_sound reached end of file
2916.8101 	EXP 	Sound test_sound reached end of file
2916.9158 	EXP 	New trial (rep=0, index=38): <Trial 38 (38 in rep 0) data={'sounds': 'sounds/32d_pulsar.wav', 'syll': 'CVC', 'stress_unstress': 'Stressed', 'suffix': 'Mismatch', 'present_past': 'past', 'corrAns': 'num_2', 'trigger_item': 0.0, 'trigger_senonset': 0.2, 'trigger_verbsonset': 0.796440212673611, 'trigger_1_F0': 0.8294641710069439, 'trigger_suffix': 0.99, 'trigger_2_F0': 1.097783832465277, 'ID_item': 101, 'ID_senonset': 40, 'ID_verbonset': 41, 'ID_1_F0': 42, 'ID_suffix': 43, 'ID_2_F0': 44, 'ms_senonset': 0, 'ms_verbonset': 0.596440212673611, 'ms_1_F0': 0.629464171006944, 'ms_suffix': 0.79, 'ms_2_F0': 0.897783832465277, 'file_name': '32d_pulsar.wav', 'item_id': 32, 'cond': 'd', 'thisN': 38, 'thisTrialN': 38, 'thisRepN': 0}>
2916.9219 	EXP 	Sound test_sound reached end of file
2916.9264 	EXP 	Sound test_sound started
2916.9246 	DATA 	Keypress: left
2916.9328 	EXP 	polygon_2: autoDraw = False
2916.9328 	EXP 	text_3: autoDraw = False
2916.9328 	EXP 	polygon_2: autoDraw = True
2918.7232 	EXP 	Sound test_sound reached end of file
2918.7290 	EXP 	Sound test_sound reached end of file
2918.9299 	DATA 	Keypress: right
2918.9492 	EXP 	New trial (rep=0, index=39): <Trial 39 (39 in rep 0) data={'sounds': 'sounds/01d_salvar.wav', 'syll': 'CVC', 'stress_unstress': 'Stressed', 'suffix': 'Mismatch', 'present_past': 'past', 'corrAns': 'num_2', 'trigger_item': 0.0, 'trigger_senonset': 0.2, 'trigger_verbsonset': 0.8500000000000001, 'trigger_1_F0': 0.996069502314814, 'trigger_suffix': 1.23, 'trigger_2_F0': 1.29, 'ID_item': 101, 'ID_senonset': 40, 'ID_verbonset': 41, 'ID_1_F0': 42, 'ID_suffix': 43, 'ID_2_F0': 44, 'ms_senonset': 0, 'ms_verbonset': 0.65, 'ms_1_F0': 0.796069502314814, 'ms_suffix': 1.03, 'ms_2_F0': 1.09, 'file_name': '01d_salvar.wav', 'item_id': 1, 'cond': 'd', 'thisN': 39, 'thisTrialN': 39, 'thisRepN': 0}>
2918.9565 	EXP 	Sound test_sound reached end of file
2918.9595 	EXP 	Sound test_sound started
2918.9677 	EXP 	polygon_2: autoDraw = False
2918.9677 	EXP 	text_3: autoDraw = False
2918.9677 	EXP 	polygon_2: autoDraw = True
2921.0098 	EXP 	Sound test_sound reached end of file
2921.0267 	EXP 	Sound test_sound reached end of file
2921.1377 	DATA 	Keypress: right
2921.1430 	EXP 	polygon_2: autoDraw = False
2921.1430 	EXP 	text_3: autoDraw = False
2921.1430 	EXP 	text_2: autoDraw = True
2924.1886 	DATA 	Keypress: space
2924.1937 	EXP 	text_2: autoDraw = False
2924.1939 	EXP 	LangExperimentstress: status = STOPPED
