13.7008 	WARNING 	User requested fullscreen with size [1536  864], but screen is actually [1920, 1080]. Using actual size
13.9127 	EXP 	Created window1 = Window(allowGUI=False, allowStencil=False, autoLog=True, backendConf=UNKNOWN, backgroundFit=<method-wrapper '__getattribute__' of attributeSetter object at 0x000001F205933FA0>, backgroundImage=<method-wrapper '__getattribute__' of attributeSetter object at 0x000001F205933F40>, bitsMode=UNKNOWN, blendMode='avg', bpc=(8, 8, 8), color=array([0, 0, 0]), colorSpace='rgb', depthBits=8, fullscr=True, gamma=None, gammaErrorPolicy='raise', infoMsg=UNKNOWN, lms=UNKNOWN, monitor=<psychopy.monitors.calibTools.Monitor object at 0x000001F20DC10EE0>, multiSample=False, name='window1', numSamples=2, pos=[0.0, 0.0], screen=0, size=array([1920, 1080]), stencilBits=0, stereo=False, title='PsychoPy', units='height', useFBO=True, useRetina=False, viewOri=0.0, viewPos=None, viewScale=None, waitBlanking=True, winType='pyglet')
13.9129 	EXP 	window1: backgroundImage = ''
13.9129 	EXP 	window1: backgroundFit = 'none'
13.9673 	EXP 	window1: Attempting to measure frame rate of screen (0) ...
13.9673 	EXP 	window1: recordFrameIntervals = False
14.1293 	EXP 	window1: recordFrameIntervals = True
14.3128 	EXP 	Screen (0) actual frame rate measured at 60.28Hz
14.3129 	EXP 	window1: recordFrameIntervals = False
16.8454 	EXP 	LangExperimentstress: status = STARTED
16.9327 	EXP 	Created instr = TextStim(__class__=<class 'psychopy.visual.text.TextStim'>, alignHoriz=method-wrapper(...), alignText='center', alignVert=method-wrapper(...), anchorHoriz='center', anchorVert='center', antialias=True, autoDraw=False, autoLog=True, bold=False, color=array([1., 1., 1.]), colorSpace='rgb', contrast=1.0, depth=0.0, draggable=False, flipHoriz=False, flipVert=False, font='Arial', fontFiles=[], height=0.08, italic=False, languageStyle='LTR', name='instr', opacity=1, ori=0, pos=array([0., 0.]), rgb=UNKNOWN, text=str(...), units='height', win=Window(...), wrapWidth=1)
17.2953 	EXP 	Sound test_sound_2 set volume 1.000
17.3010 	EXP 	Created polygon = ShapeStim(__class__=<class 'psychopy.visual.shape.ShapeStim'>, anchor=('center', 'center'), autoDraw=False, autoLog=True, closeShape=True, color=method-wrapper(...), colorSpace='rgb', contrast=None, depth=-2.0, draggable=False, fillColor=array([-1, -1, -1]), fillColorSpace='rgb', fillRGB=array([-1, -1, -1]), interpolate=True, lineColor=array([-1., -1., -1.]), lineColorSpace='rgb', lineRGB=array([-1, -1, -1]), lineWidth=1, name='polygon', opacity=1, ori=0.0, pos=array([0., 0.]), size=array([0.15, 0.15]), units='height', vertices=ndarray(...), win=Window(...), windingRule=None)
17.3134 	EXP 	Created text_3 = TextStim(__class__=<class 'psychopy.visual.text.TextStim'>, alignHoriz=method-wrapper(...), alignText='center', alignVert=method-wrapper(...), anchorHoriz='center', anchorVert='center', antialias=True, autoDraw=False, autoLog=True, bold=False, color=array([1., 1., 1.]), colorSpace='rgb', contrast=1.0, depth=0.0, draggable=False, flipHoriz=False, flipVert=False, font='Arial', fontFiles=[], height=0.1, italic=False, languageStyle='LTR', name='text_3', opacity=1, ori=0, pos=array([0., 0.]), rgb=UNKNOWN, text=str(...), units='height', win=Window(...), wrapWidth=1)
17.3190 	EXP 	Created instr = TextStim(__class__=<class 'psychopy.visual.text.TextStim'>, alignHoriz=method-wrapper(...), alignText='center', alignVert=method-wrapper(...), anchorHoriz='center', anchorVert='center', antialias=True, autoDraw=False, autoLog=True, bold=False, color=array([1., 1., 1.]), colorSpace='rgb', contrast=1.0, depth=0.0, draggable=False, flipHoriz=False, flipVert=False, font='Arial', fontFiles=[], height=0.08, italic=False, languageStyle='LTR', name='instr', opacity=1, ori=0, pos=array([0., 0.]), rgb=UNKNOWN, text=str(...), units='height', win=Window(...), wrapWidth=1)
17.4532 	EXP 	Sound test_sound set volume 1.000
17.4548 	EXP 	Created polygon_2 = ShapeStim(__class__=<class 'psychopy.visual.shape.ShapeStim'>, anchor=('center', 'center'), autoDraw=False, autoLog=True, closeShape=True, color=method-wrapper(...), colorSpace='rgb', contrast=None, depth=-2.0, draggable=False, fillColor=array([-1, -1, -1]), fillColorSpace='rgb', fillRGB=array([-1, -1, -1]), interpolate=True, lineColor=array([-1., -1., -1.]), lineColorSpace='rgb', lineRGB=array([-1, -1, -1]), lineWidth=1, name='polygon_2', opacity=1, ori=0.0, pos=array([0., 0.]), size=array([0.15, 0.15]), units='height', vertices=ndarray(...), win=Window(...), windingRule=None)
17.4582 	EXP 	Created text_3 = TextStim(__class__=<class 'psychopy.visual.text.TextStim'>, alignHoriz=method-wrapper(...), alignText='center', alignVert=method-wrapper(...), anchorHoriz='center', anchorVert='center', antialias=True, autoDraw=False, autoLog=True, bold=False, color=array([1., 1., 1.]), colorSpace='rgb', contrast=1.0, depth=0.0, draggable=False, flipHoriz=False, flipVert=False, font='Arial', fontFiles=[], height=0.1, italic=False, languageStyle='LTR', name='text_3', opacity=1, ori=0, pos=array([0., 0.]), rgb=UNKNOWN, text=str(...), units='height', win=Window(...), wrapWidth=1)
17.4661 	EXP 	Created text_2 = TextStim(__class__=<class 'psychopy.visual.text.TextStim'>, alignHoriz=method-wrapper(...), alignText='center', alignVert=method-wrapper(...), anchorHoriz='center', anchorVert='center', antialias=True, autoDraw=False, autoLog=True, bold=False, color=array([1., 1., 1.]), colorSpace='rgb', contrast=1.0, depth=0.0, draggable=False, flipHoriz=False, flipVert=False, font='Arial', fontFiles=[], height=0.1, italic=False, languageStyle='LTR', name='text_2', opacity=1, ori=0, pos=array([0., 0.]), rgb=UNKNOWN, text=str(...), units='height', win=Window(...), wrapWidth=1)
0.0119 	EXP 	instr: autoDraw = True
4577.4373 	EXP 	Imported selected_practice.csv as conditions, 4 conditions, 27 params
4577.4378 	EXP 	New trial (rep=0, index=0): <Trial 0 (0 in rep 0) data={'sounds': 'sounds/p3c_saltar.wav', 'syll': 'CVC', 'stress_unstress': 'Unstressed', 'suffix': 'Match', 'present_past': 'past', 'corrAns': 'num_2', 'trigger_item': 0.0, 'trigger_senonset': 0.205513, 'trigger_verbsonset': 0.8629519999999999, 'trigger_1_F0': 0.984841, 'trigger_suffix': 1.219715, 'trigger_2_F0': 1.27, 'ID_item': 101, 'ID_senonset': 30, 'ID_verbonset': 31, 'ID_1_F0': 32, 'ID_suffix': 33, 'ID_2_F0': 34, 'ms_senonset': 0.005513, 'ms_verbonset': 0.662952, 'ms_1_F0': 0.784841, 'ms_suffix': 1.019715, 'ms_2_F0': 1.07, 'file_name': 'p3c_saltar.wav', 'sentence': 'p3', 'cond': 'c', 'combo': 'p3c', 'thisN': 0, 'thisTrialN': 0, 'thisRepN': 0}>
4577.4403 	EXP 	Sound test_sound_2 reached end of file
4577.4482 	EXP 	Sound test_sound_2 started
4577.4421 	DATA 	Keypress: space
4577.4517 	EXP 	instr: autoDraw = False
4577.4517 	EXP 	polygon: autoDraw = True
4579.5067 	EXP 	Sound test_sound_2 reached end of file
4579.5147 	EXP 	Sound test_sound_2 reached end of file
4580.4717 	EXP 	New trial (rep=0, index=1): <Trial 1 (1 in rep 0) data={'sounds': 'sounds/p2b_cortar.wav', 'syll': 'CVC', 'stress_unstress': 'Unstressed', 'suffix': 'Mismatch', 'present_past': 'present', 'corrAns': 'num_1', 'trigger_item': 0.0, 'trigger_senonset': 0.205513, 'trigger_verbsonset': 0.8629519999999999, 'trigger_1_F0': 0.984841, 'trigger_suffix': 1.219715, 'trigger_2_F0': 1.27, 'ID_item': 101, 'ID_senonset': 20, 'ID_verbonset': 21, 'ID_1_F0': 22, 'ID_suffix': 23, 'ID_2_F0': 24, 'ms_senonset': 0.005513, 'ms_verbonset': 0.662952, 'ms_1_F0': 0.784841, 'ms_suffix': 1.019715, 'ms_2_F0': 1.07, 'file_name': 'p2b_cortar.wav', 'sentence': 'p2', 'cond': 'b', 'combo': 'p2b', 'thisN': 1, 'thisTrialN': 1, 'thisRepN': 0}>
4580.4769 	EXP 	Sound test_sound_2 reached end of file
4580.4815 	EXP 	Sound test_sound_2 started
4580.4794 	DATA 	Keypress: right
4580.4879 	EXP 	polygon: autoDraw = False
4580.4879 	EXP 	text_3: autoDraw = False
4580.4879 	EXP 	polygon: autoDraw = True
4582.7244 	EXP 	Sound test_sound_2 reached end of file
4582.7318 	EXP 	Sound test_sound_2 reached end of file
4582.9326 	DATA 	Keypress: right
4582.9538 	EXP 	New trial (rep=0, index=2): <Trial 2 (2 in rep 0) data={'sounds': 'sounds/p4d_cortar.wav', 'syll': 'CVC', 'stress_unstress': 'Stressed', 'suffix': 'Mismatch', 'present_past': 'past', 'corrAns': 'num_2', 'trigger_item': 0.0, 'trigger_senonset': 0.205513, 'trigger_verbsonset': 0.8629519999999999, 'trigger_1_F0': 0.984841, 'trigger_suffix': 1.219715, 'trigger_2_F0': 1.27, 'ID_item': 101, 'ID_senonset': 40, 'ID_verbonset': 41, 'ID_1_F0': 42, 'ID_suffix': 43, 'ID_2_F0': 44, 'ms_senonset': 0.005513, 'ms_verbonset': 0.662952, 'ms_1_F0': 0.784841, 'ms_suffix': 1.019715, 'ms_2_F0': 1.07, 'file_name': 'p4d_cortar.wav', 'sentence': 'p4', 'cond': 'd', 'combo': 'p4d', 'thisN': 2, 'thisTrialN': 2, 'thisRepN': 0}>
4582.9589 	EXP 	Sound test_sound_2 reached end of file
4582.9644 	EXP 	Sound test_sound_2 started
4582.9695 	EXP 	polygon: autoDraw = False
4582.9695 	EXP 	text_3: autoDraw = False
4582.9695 	EXP 	polygon: autoDraw = True
4585.4569 	EXP 	Sound test_sound_2 reached end of file
4585.4648 	EXP 	Sound test_sound_2 reached end of file
4585.9382 	EXP 	New trial (rep=0, index=3): <Trial 3 (3 in rep 0) data={'sounds': 'sounds/p1a_saltar.wav', 'syll': 'CVC', 'stress_unstress': 'Stressed', 'suffix': 'Match', 'present_past': 'present', 'corrAns': 'num_1', 'trigger_item': 0.0, 'trigger_senonset': 0.205513, 'trigger_verbsonset': 0.8629519999999999, 'trigger_1_F0': 0.984841, 'trigger_suffix': 1.219715, 'trigger_2_F0': 1.27, 'ID_item': 101, 'ID_senonset': 10, 'ID_verbonset': 11, 'ID_1_F0': 12, 'ID_suffix': 13, 'ID_2_F0': 14, 'ms_senonset': 0.005513, 'ms_verbonset': 0.662952, 'ms_1_F0': 0.784841, 'ms_suffix': 1.019715, 'ms_2_F0': 1.07, 'file_name': 'p1a_saltar.wav', 'sentence': 'p1', 'cond': 'a', 'combo': 'p1a', 'thisN': 3, 'thisTrialN': 3, 'thisRepN': 0}>
4585.9432 	EXP 	Sound test_sound_2 reached end of file
4585.9474 	EXP 	Sound test_sound_2 started
4585.9451 	DATA 	Keypress: left
4585.9533 	EXP 	polygon: autoDraw = False
4585.9533 	EXP 	text_3: autoDraw = False
4585.9533 	EXP 	polygon: autoDraw = True
4588.1708 	EXP 	Sound test_sound_2 reached end of file
4588.1807 	EXP 	Sound test_sound_2 reached end of file
4588.3561 	DATA 	Keypress: right
4588.3642 	EXP 	polygon: autoDraw = False
4588.3642 	EXP 	text_3: autoDraw = False
4588.3642 	EXP 	instr: autoDraw = True
4671.5991 	EXP 	Imported selected_trials.csv as conditions, 40 conditions, 26 params
4671.5997 	EXP 	New trial (rep=0, index=0): <Trial 0 (0 in rep 0) data={'sounds': 'sounds/35b_secar.wav', 'syll': 'CVC', 'stress_unstress': 'Unstressed', 'suffix': 'Mismatch', 'present_past': 'present', 'corrAns': 'num_1', 'trigger_item': 0.0, 'trigger_senonset': 0.2, 'trigger_verbsonset': 0.8990044921875, 'trigger_1_F0': 1.025708658854166, 'trigger_suffix': 1.179689416956018, 'trigger_2_F0': 1.20652606336805, 'ID_item': 101, 'ID_senonset': 20, 'ID_verbonset': 21, 'ID_1_F0': 22, 'ID_suffix': 23, 'ID_2_F0': 24, 'ms_senonset': 0, 'ms_verbonset': 0.6990044921875, 'ms_1_F0': 0.825708658854166, 'ms_suffix': 0.979689416956018, 'ms_2_F0': 1.00652606336805, 'file_name': '35b_secar.wav', 'item_id': 35, 'cond': 'b', 'thisN': 0, 'thisTrialN': 0, 'thisRepN': 0}>
4671.6030 	EXP 	Sound test_sound reached end of file
4671.6144 	EXP 	Sound test_sound started
4671.6054 	DATA 	Keypress: space
4671.6128 	EXP 	instr: autoDraw = False
4671.6128 	EXP 	polygon_2: autoDraw = True
4673.7313 	EXP 	Sound test_sound reached end of file
4673.7479 	EXP 	Sound test_sound reached end of file
4676.2198 	EXP 	New trial (rep=0, index=1): <Trial 1 (1 in rep 0) data={'sounds': 'sounds/11a_pegar.wav', 'syll': 'CVC', 'stress_unstress': 'Stressed', 'suffix': 'Match', 'present_past': 'present', 'corrAns': 'num_1', 'trigger_item': 0.0, 'trigger_senonset': 0.2, 'trigger_verbsonset': 0.8182808977343741, 'trigger_1_F0': 0.831294515585661, 'trigger_suffix': 0.98, 'trigger_2_F0': 1.012063288108519, 'ID_item': 101, 'ID_senonset': 10, 'ID_verbonset': 11, 'ID_1_F0': 12, 'ID_suffix': 13, 'ID_2_F0': 14, 'ms_senonset': 0, 'ms_verbonset': 0.618280897734374, 'ms_1_F0': 0.631294515585661, 'ms_suffix': 0.78, 'ms_2_F0': 0.812063288108519, 'file_name': '11a_pegar.wav', 'item_id': 11, 'cond': 'a', 'thisN': 1, 'thisTrialN': 1, 'thisRepN': 0}>
4676.2241 	EXP 	Sound test_sound reached end of file
4676.2309 	EXP 	Sound test_sound started
4676.2268 	DATA 	Keypress: right
4676.2339 	EXP 	polygon_2: autoDraw = False
4676.2339 	EXP 	text_3: autoDraw = False
4676.2339 	EXP 	polygon_2: autoDraw = True
4678.1519 	EXP 	Sound test_sound reached end of file
4678.1646 	EXP 	Sound test_sound reached end of file
4679.7553 	EXP 	New trial (rep=0, index=2): <Trial 2 (2 in rep 0) data={'sounds': 'sounds/14b_borrar.wav', 'syll': 'CVC', 'stress_unstress': 'Unstressed', 'suffix': 'Mismatch', 'present_past': 'present', 'corrAns': 'num_1', 'trigger_item': 0.0, 'trigger_senonset': 0.2, 'trigger_verbsonset': 0.72, 'trigger_1_F0': 0.770187630208333, 'trigger_suffix': 0.851961241319444, 'trigger_2_F0': 0.964399956597222, 'ID_item': 101, 'ID_senonset': 20, 'ID_verbonset': 21, 'ID_1_F0': 22, 'ID_suffix': 23, 'ID_2_F0': 24, 'ms_senonset': 0, 'ms_verbonset': 0.52, 'ms_1_F0': 0.570187630208333, 'ms_suffix': 0.651961241319444, 'ms_2_F0': 0.764399956597222, 'file_name': '14b_borrar.wav', 'item_id': 14, 'cond': 'b', 'thisN': 2, 'thisTrialN': 2, 'thisRepN': 0}>
4679.7603 	EXP 	Sound test_sound reached end of file
4679.7644 	EXP 	Sound test_sound started
4679.7636 	DATA 	Keypress: left
4679.7729 	EXP 	polygon_2: autoDraw = False
4679.7729 	EXP 	text_3: autoDraw = False
4679.7729 	EXP 	polygon_2: autoDraw = True
4681.6977 	EXP 	Sound test_sound reached end of file
4681.7145 	EXP 	Sound test_sound reached end of file
4683.0050 	EXP 	New trial (rep=0, index=3): <Trial 3 (3 in rep 0) data={'sounds': 'sounds/40c_gastar.wav', 'syll': 'CVC', 'stress_unstress': 'Unstressed', 'suffix': 'Match', 'present_past': 'past', 'corrAns': 'num_2', 'trigger_item': 0.0, 'trigger_senonset': 0.2, 'trigger_verbsonset': 0.8300000000000001, 'trigger_1_F0': 0.8400000000000001, 'trigger_suffix': 1.163436328125, 'trigger_2_F0': 1.183149609375, 'ID_item': 101, 'ID_senonset': 30, 'ID_verbonset': 31, 'ID_1_F0': 32, 'ID_suffix': 33, 'ID_2_F0': 34, 'ms_senonset': 0, 'ms_verbonset': 0.63, 'ms_1_F0': 0.64, 'ms_suffix': 0.963436328125, 'ms_2_F0': 0.983149609375, 'file_name': '40c_gastar.wav', 'item_id': 40, 'cond': 'c', 'thisN': 3, 'thisTrialN': 3, 'thisRepN': 0}>
4683.0106 	EXP 	Sound test_sound reached end of file
4683.0143 	EXP 	Sound test_sound started
4683.0134 	DATA 	Keypress: right
4683.0212 	EXP 	polygon_2: autoDraw = False
4683.0212 	EXP 	text_3: autoDraw = False
4683.0212 	EXP 	polygon_2: autoDraw = True
4685.1152 	EXP 	Sound test_sound reached end of file
4685.1311 	EXP 	Sound test_sound reached end of file
4686.4708 	EXP 	New trial (rep=0, index=4): <Trial 4 (4 in rep 0) data={'sounds': 'sounds/39b_manchar.wav', 'syll': 'CVC', 'stress_unstress': 'Unstressed', 'suffix': 'Mismatch', 'present_past': 'present', 'corrAns': 'num_1', 'trigger_item': 0.0, 'trigger_senonset': 0.2, 'trigger_verbsonset': 0.81, 'trigger_1_F0': 0.91203755787037, 'trigger_suffix': 1.140584317129629, 'trigger_2_F0': 1.2139708912037, 'ID_item': 101, 'ID_senonset': 20, 'ID_verbonset': 21, 'ID_1_F0': 22, 'ID_suffix': 23, 'ID_2_F0': 24, 'ms_senonset': 0, 'ms_verbonset': 0.61, 'ms_1_F0': 0.71203755787037, 'ms_suffix': 0.940584317129629, 'ms_2_F0': 1.0139708912037, 'file_name': '39b_manchar.wav', 'item_id': 39, 'cond': 'b', 'thisN': 4, 'thisTrialN': 4, 'thisRepN': 0}>
4686.4768 	EXP 	Sound test_sound reached end of file
4686.4810 	EXP 	Sound test_sound started
4686.4794 	DATA 	Keypress: right
4686.4881 	EXP 	polygon_2: autoDraw = False
4686.4881 	EXP 	text_3: autoDraw = False
4686.4881 	EXP 	polygon_2: autoDraw = True
4688.7144 	EXP 	Sound test_sound reached end of file
4688.7312 	EXP 	Sound test_sound reached end of file
4690.7715 	EXP 	New trial (rep=0, index=5): <Trial 5 (5 in rep 0) data={'sounds': 'sounds/15b_partir.wav', 'syll': 'CVC', 'stress_unstress': 'Unstressed', 'suffix': 'Mismatch', 'present_past': 'present', 'corrAns': 'num_1', 'trigger_item': 0.0, 'trigger_senonset': 0.2, 'trigger_verbsonset': 0.826865400752314, 'trigger_1_F0': 0.842973894883327, 'trigger_suffix': 1.1042888772729471, 'trigger_2_F0': 1.120815958498066, 'ID_item': 101, 'ID_senonset': 20, 'ID_verbonset': 21, 'ID_1_F0': 22, 'ID_suffix': 23, 'ID_2_F0': 24, 'ms_senonset': 0, 'ms_verbonset': 0.626865400752314, 'ms_1_F0': 0.642973894883327, 'ms_suffix': 0.904288877272947, 'ms_2_F0': 0.920815958498066, 'file_name': '15b_partir.wav', 'item_id': 15, 'cond': 'b', 'thisN': 5, 'thisTrialN': 5, 'thisRepN': 0}>
4690.7770 	EXP 	Sound test_sound reached end of file
4690.7811 	EXP 	Sound test_sound started
4690.7800 	DATA 	Keypress: left
4690.7878 	EXP 	polygon_2: autoDraw = False
4690.7878 	EXP 	text_3: autoDraw = False
4690.7878 	EXP 	polygon_2: autoDraw = True
4692.8260 	EXP 	Sound test_sound reached end of file
4692.8318 	EXP 	Sound test_sound reached end of file
4693.9865 	EXP 	New trial (rep=0, index=6): <Trial 6 (6 in rep 0) data={'sounds': 'sounds/07c_tumbar.wav', 'syll': 'CVC', 'stress_unstress': 'Unstressed', 'suffix': 'Match', 'present_past': 'past', 'corrAns': 'num_2', 'trigger_item': 0.0, 'trigger_senonset': 0.2, 'trigger_verbsonset': 0.9084024930273432, 'trigger_1_F0': 0.9247360728973012, 'trigger_suffix': 1.143289673625005, 'trigger_2_F0': 1.154847989033482, 'ID_item': 101, 'ID_senonset': 30, 'ID_verbonset': 31, 'ID_1_F0': 32, 'ID_suffix': 33, 'ID_2_F0': 34, 'ms_senonset': 0, 'ms_verbonset': 0.708402493027343, 'ms_1_F0': 0.724736072897301, 'ms_suffix': 0.943289673625005, 'ms_2_F0': 0.954847989033482, 'file_name': '07c_tumbar.wav', 'item_id': 7, 'cond': 'c', 'thisN': 6, 'thisTrialN': 6, 'thisRepN': 0}>
4693.9903 	EXP 	Sound test_sound reached end of file
4693.9973 	EXP 	Sound test_sound started
4693.9921 	DATA 	Keypress: left
4694.0007 	EXP 	polygon_2: autoDraw = False
4694.0007 	EXP 	text_3: autoDraw = False
4694.0007 	EXP 	polygon_2: autoDraw = True
4695.9221 	EXP 	Sound test_sound reached end of file
4695.9306 	EXP 	Sound test_sound reached end of file
4696.6709 	EXP 	New trial (rep=0, index=7): <Trial 7 (7 in rep 0) data={'sounds': 'sounds/29a_pesar.wav', 'syll': 'CVC', 'stress_unstress': 'Stressed', 'suffix': 'Match', 'present_past': 'present', 'corrAns': 'num_1', 'trigger_item': 0.0, 'trigger_senonset': 0.2, 'trigger_verbsonset': 0.91328417532552, 'trigger_1_F0': 0.925531286730473, 'trigger_suffix': 1.03, 'trigger_2_F0': 1.150619522602117, 'ID_item': 101, 'ID_senonset': 10, 'ID_verbonset': 11, 'ID_1_F0': 12, 'ID_suffix': 13, 'ID_2_F0': 14, 'ms_senonset': 0, 'ms_verbonset': 0.71328417532552, 'ms_1_F0': 0.725531286730473, 'ms_suffix': 0.83, 'ms_2_F0': 0.950619522602117, 'file_name': '29a_pesar.wav', 'item_id': 29, 'cond': 'a', 'thisN': 7, 'thisTrialN': 7, 'thisRepN': 0}>
4696.6756 	EXP 	Sound test_sound reached end of file
4696.6806 	EXP 	Sound test_sound started
4696.6786 	DATA 	Keypress: right
4696.6866 	EXP 	polygon_2: autoDraw = False
4696.6866 	EXP 	text_3: autoDraw = False
4696.6866 	EXP 	polygon_2: autoDraw = True
4698.5764 	EXP 	Sound test_sound reached end of file
4698.5818 	EXP 	Sound test_sound reached end of file
4699.2373 	EXP 	New trial (rep=0, index=8): <Trial 8 (8 in rep 0) data={'sounds': 'sounds/16a_llevar.wav', 'syll': 'CVC', 'stress_unstress': 'Stressed', 'suffix': 'Match', 'present_past': 'present', 'corrAns': 'num_1', 'trigger_item': 0.0, 'trigger_senonset': 0.2, 'trigger_verbsonset': 0.929084516317274, 'trigger_1_F0': 0.964936524692279, 'trigger_suffix': 1.08, 'trigger_2_F0': 1.131864014418682, 'ID_item': 101, 'ID_senonset': 10, 'ID_verbonset': 11, 'ID_1_F0': 12, 'ID_suffix': 13, 'ID_2_F0': 14, 'ms_senonset': 0, 'ms_verbonset': 0.729084516317274, 'ms_1_F0': 0.764936524692279, 'ms_suffix': 0.88, 'ms_2_F0': 0.931864014418682, 'file_name': '16a_llevar.wav', 'item_id': 16, 'cond': 'a', 'thisN': 8, 'thisTrialN': 8, 'thisRepN': 0}>
4699.2420 	EXP 	Sound test_sound reached end of file
4699.2476 	EXP 	Sound test_sound started
4699.2458 	DATA 	Keypress: left
4699.2518 	EXP 	polygon_2: autoDraw = False
4699.2518 	EXP 	text_3: autoDraw = False
4699.2518 	EXP 	polygon_2: autoDraw = True
4701.1359 	EXP 	Sound test_sound reached end of file
4701.1482 	EXP 	Sound test_sound reached end of file
4702.3032 	EXP 	New trial (rep=0, index=9): <Trial 9 (9 in rep 0) data={'sounds': 'sounds/26a_bajar.wav', 'syll': 'CVC', 'stress_unstress': 'Stressed', 'suffix': 'Match', 'present_past': 'present', 'corrAns': 'num_1', 'trigger_item': 0.0, 'trigger_senonset': 0.2, 'trigger_verbsonset': 0.77, 'trigger_1_F0': 0.8999999999999999, 'trigger_suffix': 1.03, 'trigger_2_F0': 1.171181705729166, 'ID_item': 101, 'ID_senonset': 10, 'ID_verbonset': 11, 'ID_1_F0': 12, 'ID_suffix': 13, 'ID_2_F0': 14, 'ms_senonset': 0, 'ms_verbonset': 0.57, 'ms_1_F0': 0.7, 'ms_suffix': 0.83, 'ms_2_F0': 0.971181705729166, 'file_name': '26a_bajar.wav', 'item_id': 26, 'cond': 'a', 'thisN': 9, 'thisTrialN': 9, 'thisRepN': 0}>
4702.3072 	EXP 	Sound test_sound reached end of file
4702.3141 	EXP 	Sound test_sound started
4702.3092 	DATA 	Keypress: left
4702.3181 	EXP 	polygon_2: autoDraw = False
4702.3181 	EXP 	text_3: autoDraw = False
4702.3181 	EXP 	polygon_2: autoDraw = True
4704.3646 	EXP 	Sound test_sound reached end of file
4704.3813 	EXP 	Sound test_sound reached end of file
4704.8915 	DATA 	Keypress: left
4704.8977 	EXP 	polygon_2: autoDraw = False
4704.8977 	EXP 	text_3: autoDraw = True
4725.9510 	EXP 	New trial (rep=0, index=10): <Trial 10 (10 in rep 0) data={'sounds': 'sounds/36c_bordar.wav', 'syll': 'CVC', 'stress_unstress': 'Unstressed', 'suffix': 'Match', 'present_past': 'past', 'corrAns': 'num_2', 'trigger_item': 0.0, 'trigger_senonset': 0.2, 'trigger_verbsonset': 1.0, 'trigger_1_F0': 1.078468243634259, 'trigger_suffix': 1.3288624855324, 'trigger_2_F0': 1.3414992042824, 'ID_item': 101, 'ID_senonset': 30, 'ID_verbonset': 31, 'ID_1_F0': 32, 'ID_suffix': 33, 'ID_2_F0': 34, 'ms_senonset': 0, 'ms_verbonset': 0.8, 'ms_1_F0': 0.878468243634259, 'ms_suffix': 1.1288624855324, 'ms_2_F0': 1.1414992042824, 'file_name': '36c_bordar.wav', 'item_id': 36, 'cond': 'c', 'thisN': 10, 'thisTrialN': 10, 'thisRepN': 0}>
4725.9567 	EXP 	Sound test_sound reached end of file
4725.9646 	EXP 	Sound test_sound started
4725.9591 	DATA 	Keypress: space
4725.9668 	EXP 	text_3: autoDraw = False
4725.9668 	EXP 	polygon_2: autoDraw = True
4728.2146 	EXP 	Sound test_sound reached end of file
4728.2311 	EXP 	Sound test_sound reached end of file
4728.4376 	EXP 	New trial (rep=0, index=11): <Trial 11 (11 in rep 0) data={'sounds': 'sounds/31d_tocar.wav', 'syll': 'CVC', 'stress_unstress': 'Stressed', 'suffix': 'Mismatch', 'present_past': 'past', 'corrAns': 'num_2', 'trigger_item': 0.0, 'trigger_senonset': 0.2, 'trigger_verbsonset': 0.8493931756807, 'trigger_1_F0': 0.8650112062639721, 'trigger_suffix': 1.006860547391531, 'trigger_2_F0': 1.049162047334928, 'ID_item': 101, 'ID_senonset': 40, 'ID_verbonset': 41, 'ID_1_F0': 42, 'ID_suffix': 43, 'ID_2_F0': 44, 'ms_senonset': 0, 'ms_verbonset': 0.6493931756807, 'ms_1_F0': 0.665011206263972, 'ms_suffix': 0.806860547391531, 'ms_2_F0': 0.849162047334928, 'file_name': '31d_tocar.wav', 'item_id': 31, 'cond': 'd', 'thisN': 11, 'thisTrialN': 11, 'thisRepN': 0}>
4728.4428 	EXP 	Sound test_sound reached end of file
4728.4477 	EXP 	Sound test_sound started
4728.4463 	DATA 	Keypress: right
4728.4550 	EXP 	polygon_2: autoDraw = False
4728.4550 	EXP 	text_3: autoDraw = False
4728.4550 	EXP 	polygon_2: autoDraw = True
4730.3326 	EXP 	Sound test_sound reached end of file
4730.3480 	EXP 	Sound test_sound reached end of file
4731.1378 	EXP 	New trial (rep=0, index=12): <Trial 12 (12 in rep 0) data={'sounds': 'sounds/32d_pulsar.wav', 'syll': 'CVC', 'stress_unstress': 'Stressed', 'suffix': 'Mismatch', 'present_past': 'past', 'corrAns': 'num_2', 'trigger_item': 0.0, 'trigger_senonset': 0.2, 'trigger_verbsonset': 0.796440212673611, 'trigger_1_F0': 0.8294641710069439, 'trigger_suffix': 0.99, 'trigger_2_F0': 1.097783832465277, 'ID_item': 101, 'ID_senonset': 40, 'ID_verbonset': 41, 'ID_1_F0': 42, 'ID_suffix': 43, 'ID_2_F0': 44, 'ms_senonset': 0, 'ms_verbonset': 0.596440212673611, 'ms_1_F0': 0.629464171006944, 'ms_suffix': 0.79, 'ms_2_F0': 0.897783832465277, 'file_name': '32d_pulsar.wav', 'item_id': 32, 'cond': 'd', 'thisN': 12, 'thisTrialN': 12, 'thisRepN': 0}>
4731.1423 	EXP 	Sound test_sound reached end of file
4731.1476 	EXP 	Sound test_sound started
4731.1448 	DATA 	Keypress: left
4731.1540 	EXP 	polygon_2: autoDraw = False
4731.1540 	EXP 	text_3: autoDraw = False
4731.1540 	EXP 	polygon_2: autoDraw = True
4732.9493 	EXP 	Sound test_sound reached end of file
4732.9533 	EXP 	Sound test_sound reached end of file
4733.7383 	EXP 	New trial (rep=0, index=13): <Trial 13 (13 in rep 0) data={'sounds': 'sounds/09c_cargar.wav', 'syll': 'CVC', 'stress_unstress': 'Unstressed', 'suffix': 'Match', 'present_past': 'past', 'corrAns': 'num_2', 'trigger_item': 0.0, 'trigger_senonset': 0.2, 'trigger_verbsonset': 0.81286744068287, 'trigger_1_F0': 0.8382251229745361, 'trigger_suffix': 1.032634020543981, 'trigger_2_F0': 1.090594437210648, 'ID_item': 101, 'ID_senonset': 30, 'ID_verbonset': 31, 'ID_1_F0': 32, 'ID_suffix': 33, 'ID_2_F0': 34, 'ms_senonset': 0, 'ms_verbonset': 0.61286744068287, 'ms_1_F0': 0.638225122974536, 'ms_suffix': 0.832634020543981, 'ms_2_F0': 0.890594437210648, 'file_name': '09c_cargar.wav', 'item_id': 9, 'cond': 'c', 'thisN': 13, 'thisTrialN': 13, 'thisRepN': 0}>
4733.7437 	EXP 	Sound test_sound reached end of file
4733.7479 	EXP 	Sound test_sound started
4733.7469 	DATA 	Keypress: right
4733.7559 	EXP 	polygon_2: autoDraw = False
4733.7559 	EXP 	text_3: autoDraw = False
4733.7559 	EXP 	polygon_2: autoDraw = True
4735.6686 	EXP 	Sound test_sound reached end of file
4735.6811 	EXP 	Sound test_sound reached end of file
4736.3374 	EXP 	New trial (rep=0, index=14): <Trial 14 (14 in rep 0) data={'sounds': 'sounds/04c_plantar.wav', 'syll': 'CVC', 'stress_unstress': 'Unstressed', 'suffix': 'Match', 'present_past': 'past', 'corrAns': 'num_2', 'trigger_item': 0.0, 'trigger_senonset': 0.2, 'trigger_verbsonset': 0.862877574458911, 'trigger_1_F0': 0.9343518689653568, 'trigger_suffix': 1.20493812332404, 'trigger_2_F0': 1.21897569287037, 'ID_item': 101, 'ID_senonset': 30, 'ID_verbonset': 31, 'ID_1_F0': 32, 'ID_suffix': 33, 'ID_2_F0': 34, 'ms_senonset': 0, 'ms_verbonset': 0.662877574458911, 'ms_1_F0': 0.734351868965357, 'ms_suffix': 1.00493812332404, 'ms_2_F0': 1.01897569287037, 'file_name': '04c_plantar.wav', 'item_id': 4, 'cond': 'c', 'thisN': 14, 'thisTrialN': 14, 'thisRepN': 0}>
4736.3416 	EXP 	Sound test_sound reached end of file
4736.3473 	EXP 	Sound test_sound started
4736.3457 	DATA 	Keypress: right
4736.3513 	EXP 	polygon_2: autoDraw = False
4736.3513 	EXP 	text_3: autoDraw = False
4736.3513 	EXP 	polygon_2: autoDraw = True
4738.3767 	EXP 	Sound test_sound reached end of file
4738.3828 	EXP 	Sound test_sound reached end of file
4738.6550 	EXP 	New trial (rep=0, index=15): <Trial 15 (15 in rep 0) data={'sounds': 'sounds/03b_limpiar.wav', 'syll': 'CVC', 'stress_unstress': 'Unstressed', 'suffix': 'Mismatch', 'present_past': 'present', 'corrAns': 'num_1', 'trigger_item': 0.0, 'trigger_senonset': 0.2, 'trigger_verbsonset': 0.8500000000000001, 'trigger_1_F0': 0.932367621527777, 'trigger_suffix': 1.26878515625, 'trigger_2_F0': 1.35808463541666, 'ID_item': 101, 'ID_senonset': 20, 'ID_verbonset': 21, 'ID_1_F0': 22, 'ID_suffix': 23, 'ID_2_F0': 24, 'ms_senonset': 0, 'ms_verbonset': 0.65, 'ms_1_F0': 0.732367621527777, 'ms_suffix': 1.06878515625, 'ms_2_F0': 1.15808463541666, 'file_name': '03b_limpiar.wav', 'item_id': 3, 'cond': 'b', 'thisN': 15, 'thisTrialN': 15, 'thisRepN': 0}>
4738.6618 	EXP 	Sound test_sound reached end of file
4738.6643 	EXP 	Sound test_sound started
4738.6663 	DATA 	Keypress: right
4738.6738 	EXP 	polygon_2: autoDraw = False
4738.6738 	EXP 	text_3: autoDraw = False
4738.6738 	EXP 	polygon_2: autoDraw = True
4740.7948 	EXP 	Sound test_sound reached end of file
4740.8005 	EXP 	Sound test_sound reached end of file
4741.1384 	EXP 	New trial (rep=0, index=16): <Trial 16 (16 in rep 0) data={'sounds': 'sounds/34c_formar.wav', 'syll': 'CVC', 'stress_unstress': 'Unstressed', 'suffix': 'Match', 'present_past': 'past', 'corrAns': 'num_2', 'trigger_item': 0.0, 'trigger_senonset': 0.2, 'trigger_verbsonset': 0.876373676215277, 'trigger_1_F0': 0.992687651909722, 'trigger_suffix': 1.14, 'trigger_2_F0': 1.26319767795138, 'ID_item': 101, 'ID_senonset': 30, 'ID_verbonset': 31, 'ID_1_F0': 32, 'ID_suffix': 33, 'ID_2_F0': 34, 'ms_senonset': 0, 'ms_verbonset': 0.676373676215277, 'ms_1_F0': 0.792687651909722, 'ms_suffix': 0.94, 'ms_2_F0': 1.06319767795138, 'file_name': '34c_formar.wav', 'item_id': 34, 'cond': 'c', 'thisN': 16, 'thisTrialN': 16, 'thisRepN': 0}>
4741.1441 	EXP 	Sound test_sound reached end of file
4741.1477 	EXP 	Sound test_sound started
4741.1468 	DATA 	Keypress: left
4741.1555 	EXP 	polygon_2: autoDraw = False
4741.1555 	EXP 	text_3: autoDraw = False
4741.1555 	EXP 	polygon_2: autoDraw = True
4743.3706 	EXP 	Sound test_sound reached end of file
4743.3814 	EXP 	Sound test_sound reached end of file
4743.5040 	EXP 	New trial (rep=0, index=17): <Trial 17 (17 in rep 0) data={'sounds': 'sounds/33b_culpar.wav', 'syll': 'CVC', 'stress_unstress': 'Unstressed', 'suffix': 'Mismatch', 'present_past': 'present', 'corrAns': 'num_1', 'trigger_item': 0.0, 'trigger_senonset': 0.2, 'trigger_verbsonset': 0.8606178431336959, 'trigger_1_F0': 0.869103678029107, 'trigger_suffix': 1.109891641372144, 'trigger_2_F0': 1.131540467434179, 'ID_item': 101, 'ID_senonset': 20, 'ID_verbonset': 21, 'ID_1_F0': 22, 'ID_suffix': 23, 'ID_2_F0': 24, 'ms_senonset': 0, 'ms_verbonset': 0.660617843133696, 'ms_1_F0': 0.669103678029107, 'ms_suffix': 0.909891641372144, 'ms_2_F0': 0.931540467434179, 'file_name': '33b_culpar.wav', 'item_id': 33, 'cond': 'b', 'thisN': 17, 'thisTrialN': 17, 'thisRepN': 0}>
4743.5089 	EXP 	Sound test_sound reached end of file
4743.5140 	EXP 	Sound test_sound started
4743.5110 	DATA 	Keypress: right
4743.5199 	EXP 	polygon_2: autoDraw = False
4743.5199 	EXP 	text_3: autoDraw = False
4743.5199 	EXP 	polygon_2: autoDraw = True
4745.6645 	EXP 	Sound test_sound reached end of file
4745.6814 	EXP 	Sound test_sound reached end of file
4746.9004 	DATA 	Keypress: left
4746.9202 	EXP 	New trial (rep=0, index=18): <Trial 18 (18 in rep 0) data={'sounds': 'sounds/24d_mirar.wav', 'syll': 'CVC', 'stress_unstress': 'Stressed', 'suffix': 'Mismatch', 'present_past': 'past', 'corrAns': 'num_2', 'trigger_item': 0.0, 'trigger_senonset': 0.2, 'trigger_verbsonset': 0.71, 'trigger_1_F0': 0.8119545789930551, 'trigger_suffix': 0.9389863642939812, 'trigger_2_F0': 0.9746780743634248, 'ID_item': 101, 'ID_senonset': 40, 'ID_verbonset': 41, 'ID_1_F0': 42, 'ID_suffix': 43, 'ID_2_F0': 44, 'ms_senonset': 0, 'ms_verbonset': 0.51, 'ms_1_F0': 0.611954578993055, 'ms_suffix': 0.738986364293981, 'ms_2_F0': 0.774678074363425, 'file_name': '24d_mirar.wav', 'item_id': 24, 'cond': 'd', 'thisN': 18, 'thisTrialN': 18, 'thisRepN': 0}>
4746.9235 	EXP 	Sound test_sound reached end of file
4746.9308 	EXP 	Sound test_sound started
4746.9347 	EXP 	polygon_2: autoDraw = False
4746.9347 	EXP 	text_3: autoDraw = False
4746.9347 	EXP 	polygon_2: autoDraw = True
4748.6147 	EXP 	Sound test_sound reached end of file
4748.6312 	EXP 	Sound test_sound reached end of file
4750.5381 	EXP 	New trial (rep=0, index=19): <Trial 19 (19 in rep 0) data={'sounds': 'sounds/10d_vender.wav', 'syll': 'CVC', 'stress_unstress': 'Stressed', 'suffix': 'Mismatch', 'present_past': 'past', 'corrAns': 'num_2', 'trigger_item': 0.0, 'trigger_senonset': 0.2, 'trigger_verbsonset': 0.832830209056713, 'trigger_1_F0': 0.8775468199411529, 'trigger_suffix': 1.109501330306288, 'trigger_2_F0': 1.158928471023364, 'ID_item': 101, 'ID_senonset': 40, 'ID_verbonset': 41, 'ID_1_F0': 42, 'ID_suffix': 43, 'ID_2_F0': 44, 'ms_senonset': 0, 'ms_verbonset': 0.632830209056713, 'ms_1_F0': 0.677546819941153, 'ms_suffix': 0.909501330306288, 'ms_2_F0': 0.958928471023364, 'file_name': '10d_vender.wav', 'item_id': 10, 'cond': 'd', 'thisN': 19, 'thisTrialN': 19, 'thisRepN': 0}>
4750.5442 	EXP 	Sound test_sound reached end of file
4750.5476 	EXP 	Sound test_sound started
4750.5477 	DATA 	Keypress: right
4750.5555 	EXP 	polygon_2: autoDraw = False
4750.5555 	EXP 	text_3: autoDraw = False
4750.5555 	EXP 	polygon_2: autoDraw = True
4752.4383 	EXP 	Sound test_sound reached end of file
4752.4478 	EXP 	Sound test_sound reached end of file
4754.0395 	DATA 	Keypress: right
4754.0477 	EXP 	polygon_2: autoDraw = False
4754.0477 	EXP 	text_3: autoDraw = True
4766.5184 	DATA 	Keypress: space
4766.5329 	EXP 	New trial (rep=0, index=20): <Trial 20 (20 in rep 0) data={'sounds': 'sounds/20c_cubrir.wav', 'syll': 'CVC', 'stress_unstress': 'Unstressed', 'suffix': 'Match', 'present_past': 'past', 'corrAns': 'num_2', 'trigger_item': 0.0, 'trigger_senonset': 0.2, 'trigger_verbsonset': 0.980138641742621, 'trigger_1_F0': 1.01, 'trigger_suffix': 1.192436112212021, 'trigger_2_F0': 1.28412143493692, 'ID_item': 101, 'ID_senonset': 30, 'ID_verbonset': 31, 'ID_1_F0': 32, 'ID_suffix': 33, 'ID_2_F0': 34, 'ms_senonset': 0, 'ms_verbonset': 0.780138641742621, 'ms_1_F0': 0.81, 'ms_suffix': 0.992436112212021, 'ms_2_F0': 1.08412143493692, 'file_name': '20c_cubrir.wav', 'item_id': 20, 'cond': 'c', 'thisN': 20, 'thisTrialN': 20, 'thisRepN': 0}>
4766.5359 	EXP 	Sound test_sound reached end of file
4766.5475 	EXP 	Sound test_sound started
4766.5478 	EXP 	text_3: autoDraw = False
4766.5478 	EXP 	polygon_2: autoDraw = True
4768.6611 	EXP 	Sound test_sound reached end of file
4768.6661 	EXP 	Sound test_sound reached end of file
4768.8386 	EXP 	New trial (rep=0, index=21): <Trial 21 (21 in rep 0) data={'sounds': 'sounds/18b_cumplir.wav', 'syll': 'CVC', 'stress_unstress': 'Unstressed', 'suffix': 'Mismatch', 'present_past': 'present', 'corrAns': 'num_1', 'trigger_item': 0.0, 'trigger_senonset': 0.2, 'trigger_verbsonset': 1.2408027271412, 'trigger_1_F0': 1.25568597366898, 'trigger_suffix': 1.46256310040509, 'trigger_2_F0': 1.54144430700231, 'ID_item': 101, 'ID_senonset': 20, 'ID_verbonset': 21, 'ID_1_F0': 22, 'ID_suffix': 23, 'ID_2_F0': 24, 'ms_senonset': 0, 'ms_verbonset': 1.0408027271412, 'ms_1_F0': 1.05568597366898, 'ms_suffix': 1.26256310040509, 'ms_2_F0': 1.34144430700231, 'file_name': '18b_cumplir.wav', 'item_id': 18, 'cond': 'b', 'thisN': 21, 'thisTrialN': 21, 'thisRepN': 0}>
4768.8431 	EXP 	Sound test_sound reached end of file
4768.8483 	EXP 	Sound test_sound started
4768.8465 	DATA 	Keypress: right
4768.8541 	EXP 	polygon_2: autoDraw = False
4768.8541 	EXP 	text_3: autoDraw = False
4768.8541 	EXP 	polygon_2: autoDraw = True
4771.0203 	EXP 	Sound test_sound reached end of file
4771.0312 	EXP 	Sound test_sound reached end of file
4771.4854 	DATA 	Keypress: left
4771.5046 	EXP 	New trial (rep=0, index=22): <Trial 22 (22 in rep 0) data={'sounds': 'sounds/28d_parar.wav', 'syll': 'CVC', 'stress_unstress': 'Stressed', 'suffix': 'Mismatch', 'present_past': 'past', 'corrAns': 'num_2', 'trigger_item': 0.0, 'trigger_senonset': 0.2, 'trigger_verbsonset': 0.8458860026041659, 'trigger_1_F0': 0.862313736979166, 'trigger_suffix': 1.018194683159722, 'trigger_2_F0': 1.032797113715277, 'ID_item': 101, 'ID_senonset': 40, 'ID_verbonset': 41, 'ID_1_F0': 42, 'ID_suffix': 43, 'ID_2_F0': 44, 'ms_senonset': 0, 'ms_verbonset': 0.645886002604166, 'ms_1_F0': 0.662313736979166, 'ms_suffix': 0.818194683159722, 'ms_2_F0': 0.832797113715277, 'file_name': '28d_parar.wav', 'item_id': 28, 'cond': 'd', 'thisN': 22, 'thisTrialN': 22, 'thisRepN': 0}>
4771.5090 	EXP 	Sound test_sound reached end of file
4771.5143 	EXP 	Sound test_sound started
4771.5205 	EXP 	polygon_2: autoDraw = False
4771.5205 	EXP 	text_3: autoDraw = False
4771.5205 	EXP 	polygon_2: autoDraw = True
4773.4099 	EXP 	Sound test_sound reached end of file
4773.4152 	EXP 	Sound test_sound reached end of file
4773.8684 	DATA 	Keypress: right
4773.8885 	EXP 	New trial (rep=0, index=23): <Trial 23 (23 in rep 0) data={'sounds': 'sounds/01d_salvar.wav', 'syll': 'CVC', 'stress_unstress': 'Stressed', 'suffix': 'Mismatch', 'present_past': 'past', 'corrAns': 'num_2', 'trigger_item': 0.0, 'trigger_senonset': 0.2, 'trigger_verbsonset': 0.8500000000000001, 'trigger_1_F0': 0.996069502314814, 'trigger_suffix': 1.23, 'trigger_2_F0': 1.29, 'ID_item': 101, 'ID_senonset': 40, 'ID_verbonset': 41, 'ID_1_F0': 42, 'ID_suffix': 43, 'ID_2_F0': 44, 'ms_senonset': 0, 'ms_verbonset': 0.65, 'ms_1_F0': 0.796069502314814, 'ms_suffix': 1.03, 'ms_2_F0': 1.09, 'file_name': '01d_salvar.wav', 'item_id': 1, 'cond': 'd', 'thisN': 23, 'thisTrialN': 23, 'thisRepN': 0}>
4773.8936 	EXP 	Sound test_sound reached end of file
4773.8982 	EXP 	Sound test_sound started
4773.9034 	EXP 	polygon_2: autoDraw = False
4773.9034 	EXP 	text_3: autoDraw = False
4773.9034 	EXP 	polygon_2: autoDraw = True
4775.9412 	EXP 	Sound test_sound reached end of file
4775.9501 	EXP 	Sound test_sound reached end of file
4776.8046 	EXP 	New trial (rep=0, index=24): <Trial 24 (24 in rep 0) data={'sounds': 'sounds/23a_tomar.wav', 'syll': 'CVC', 'stress_unstress': 'Stressed', 'suffix': 'Match', 'present_past': 'present', 'corrAns': 'num_1', 'trigger_item': 0.0, 'trigger_senonset': 0.2, 'trigger_verbsonset': 0.9453179615162032, 'trigger_1_F0': 0.95, 'trigger_suffix': 1.08, 'trigger_2_F0': 1.158644495081018, 'ID_item': 101, 'ID_senonset': 10, 'ID_verbonset': 11, 'ID_1_F0': 12, 'ID_suffix': 13, 'ID_2_F0': 14, 'ms_senonset': 0, 'ms_verbonset': 0.745317961516203, 'ms_1_F0': 0.75, 'ms_suffix': 0.88, 'ms_2_F0': 0.958644495081018, 'file_name': '23a_tomar.wav', 'item_id': 23, 'cond': 'a', 'thisN': 24, 'thisTrialN': 24, 'thisRepN': 0}>
4776.8094 	EXP 	Sound test_sound reached end of file
4776.8141 	EXP 	Sound test_sound started
4776.8128 	DATA 	Keypress: right
4776.8218 	EXP 	polygon_2: autoDraw = False
4776.8218 	EXP 	text_3: autoDraw = False
4776.8218 	EXP 	polygon_2: autoDraw = True
4778.7043 	EXP 	Sound test_sound reached end of file
4778.7141 	EXP 	Sound test_sound reached end of file
4779.3215 	EXP 	New trial (rep=0, index=25): <Trial 25 (25 in rep 0) data={'sounds': 'sounds/37b_pasar.wav', 'syll': 'CVC', 'stress_unstress': 'Unstressed', 'suffix': 'Mismatch', 'present_past': 'present', 'corrAns': 'num_1', 'trigger_item': 0.0, 'trigger_senonset': 0.2, 'trigger_verbsonset': 1.033132486979166, 'trigger_1_F0': 1.052087565104166, 'trigger_suffix': 1.159499674479166, 'trigger_2_F0': 1.27702115885416, 'ID_item': 101, 'ID_senonset': 20, 'ID_verbonset': 21, 'ID_1_F0': 22, 'ID_suffix': 23, 'ID_2_F0': 24, 'ms_senonset': 0, 'ms_verbonset': 0.833132486979166, 'ms_1_F0': 0.852087565104166, 'ms_suffix': 0.959499674479166, 'ms_2_F0': 1.07702115885416, 'file_name': '37b_pasar.wav', 'item_id': 37, 'cond': 'b', 'thisN': 25, 'thisTrialN': 25, 'thisRepN': 0}>
4779.3264 	EXP 	Sound test_sound reached end of file
4779.3311 	EXP 	Sound test_sound started
4779.3301 	DATA 	Keypress: left
4779.3374 	EXP 	polygon_2: autoDraw = False
4779.3374 	EXP 	text_3: autoDraw = False
4779.3374 	EXP 	polygon_2: autoDraw = True
4781.4226 	EXP 	Sound test_sound reached end of file
4781.4314 	EXP 	Sound test_sound reached end of file
4781.9187 	EXP 	New trial (rep=0, index=26): <Trial 26 (26 in rep 0) data={'sounds': 'sounds/21a_mezclar.wav', 'syll': 'CVC', 'stress_unstress': 'Stressed', 'suffix': 'Match', 'present_past': 'present', 'corrAns': 'num_1', 'trigger_item': 0.0, 'trigger_senonset': 0.2, 'trigger_verbsonset': 0.78, 'trigger_1_F0': 0.9121902777777772, 'trigger_suffix': 1.20214212962962, 'trigger_2_F0': 1.27, 'ID_item': 101, 'ID_senonset': 10, 'ID_verbonset': 11, 'ID_1_F0': 12, 'ID_suffix': 13, 'ID_2_F0': 14, 'ms_senonset': 0, 'ms_verbonset': 0.58, 'ms_1_F0': 0.712190277777777, 'ms_suffix': 1.00214212962962, 'ms_2_F0': 1.07, 'file_name': '21a_mezclar.wav', 'item_id': 21, 'cond': 'a', 'thisN': 26, 'thisTrialN': 26, 'thisRepN': 0}>
4781.9217 	EXP 	Sound test_sound reached end of file
4781.9306 	EXP 	Sound test_sound started
4781.9239 	DATA 	Keypress: right
4781.9321 	EXP 	polygon_2: autoDraw = False
4781.9321 	EXP 	text_3: autoDraw = False
4781.9321 	EXP 	polygon_2: autoDraw = True
4783.9241 	EXP 	Sound test_sound reached end of file
4783.9311 	EXP 	Sound test_sound reached end of file
4784.8216 	EXP 	New trial (rep=0, index=27): <Trial 27 (27 in rep 0) data={'sounds': 'sounds/02c_buscar.wav', 'syll': 'CVC', 'stress_unstress': 'Unstressed', 'suffix': 'Match', 'present_past': 'past', 'corrAns': 'num_2', 'trigger_item': 0.0, 'trigger_senonset': 0.2, 'trigger_verbsonset': 0.8700000000000001, 'trigger_1_F0': 1.07, 'trigger_suffix': 1.26, 'trigger_2_F0': 1.40703946035879, 'ID_item': 101, 'ID_senonset': 30, 'ID_verbonset': 31, 'ID_1_F0': 32, 'ID_suffix': 33, 'ID_2_F0': 34, 'ms_senonset': 0, 'ms_verbonset': 0.67, 'ms_1_F0': 0.87, 'ms_suffix': 1.06, 'ms_2_F0': 1.20703946035879, 'file_name': '02c_buscar.wav', 'item_id': 2, 'cond': 'c', 'thisN': 27, 'thisTrialN': 27, 'thisRepN': 0}>
4784.8263 	EXP 	Sound test_sound reached end of file
4784.8316 	EXP 	Sound test_sound started
4784.8288 	DATA 	Keypress: left
4784.8371 	EXP 	polygon_2: autoDraw = False
4784.8371 	EXP 	text_3: autoDraw = False
4784.8371 	EXP 	polygon_2: autoDraw = True
4786.9436 	EXP 	Sound test_sound reached end of file
4786.9495 	EXP 	Sound test_sound reached end of file
4787.5706 	EXP 	New trial (rep=0, index=28): <Trial 28 (28 in rep 0) data={'sounds': 'sounds/27c_tirar.wav', 'syll': 'CVC', 'stress_unstress': 'Unstressed', 'suffix': 'Match', 'present_past': 'past', 'corrAns': 'num_2', 'trigger_item': 0.0, 'trigger_senonset': 0.2, 'trigger_verbsonset': 0.8119442057291659, 'trigger_1_F0': 0.8307495153356481, 'trigger_suffix': 0.9885306495949072, 'trigger_2_F0': 0.998621303530092, 'ID_item': 101, 'ID_senonset': 30, 'ID_verbonset': 31, 'ID_1_F0': 32, 'ID_suffix': 33, 'ID_2_F0': 34, 'ms_senonset': 0, 'ms_verbonset': 0.611944205729166, 'ms_1_F0': 0.630749515335648, 'ms_suffix': 0.788530649594907, 'ms_2_F0': 0.798621303530092, 'file_name': '27c_tirar.wav', 'item_id': 27, 'cond': 'c', 'thisN': 28, 'thisTrialN': 28, 'thisRepN': 0}>
4787.5751 	EXP 	Sound test_sound reached end of file
4787.5810 	EXP 	Sound test_sound started
4787.5780 	DATA 	Keypress: right
4787.5851 	EXP 	polygon_2: autoDraw = False
4787.5851 	EXP 	text_3: autoDraw = False
4787.5851 	EXP 	polygon_2: autoDraw = True
4789.4199 	EXP 	Sound test_sound paused
4789.4234 	EXP 	New trial (rep=0, index=29): <Trial 29 (29 in rep 0) data={'sounds': 'sounds/17d_tragar.wav', 'syll': 'CVC', 'stress_unstress': 'Stressed', 'suffix': 'Mismatch', 'present_past': 'past', 'corrAns': 'num_2', 'trigger_item': 0.0, 'trigger_senonset': 0.2, 'trigger_verbsonset': 1.070609360532407, 'trigger_1_F0': 1.117973654513888, 'trigger_suffix': 1.30915316840277, 'trigger_2_F0': 1.35458539534397, 'ID_item': 101, 'ID_senonset': 40, 'ID_verbonset': 41, 'ID_1_F0': 42, 'ID_suffix': 43, 'ID_2_F0': 44, 'ms_senonset': 0, 'ms_verbonset': 0.870609360532407, 'ms_1_F0': 0.917973654513888, 'ms_suffix': 1.10915316840277, 'ms_2_F0': 1.15458539534397, 'file_name': '17d_tragar.wav', 'item_id': 17, 'cond': 'd', 'thisN': 29, 'thisTrialN': 29, 'thisRepN': 0}>
4789.4290 	EXP 	Sound test_sound reached end of file
4789.4313 	EXP 	Sound test_sound started
4789.4316 	DATA 	Keypress: right
4789.4400 	EXP 	polygon_2: autoDraw = False
4789.4400 	EXP 	text_3: autoDraw = False
4789.4400 	EXP 	polygon_2: autoDraw = True
4791.7144 	EXP 	Sound test_sound reached end of file
4791.7308 	EXP 	Sound test_sound reached end of file
4793.0077 	DATA 	Keypress: right
4793.0146 	EXP 	polygon_2: autoDraw = False
4793.0146 	EXP 	text_3: autoDraw = True
4805.3179 	DATA 	Keypress: space
4805.3340 	EXP 	New trial (rep=0, index=30): <Trial 30 (30 in rep 0) data={'sounds': 'sounds/22d_dejar.wav', 'syll': 'CVC', 'stress_unstress': 'Stressed', 'suffix': 'Mismatch', 'present_past': 'past', 'corrAns': 'num_2', 'trigger_item': 0.0, 'trigger_senonset': 0.2, 'trigger_verbsonset': 0.8500000000000001, 'trigger_1_F0': 1.02, 'trigger_suffix': 1.152543366608796, 'trigger_2_F0': 1.28794346788194, 'ID_item': 101, 'ID_senonset': 40, 'ID_verbonset': 41, 'ID_1_F0': 42, 'ID_suffix': 43, 'ID_2_F0': 44, 'ms_senonset': 0, 'ms_verbonset': 0.65, 'ms_1_F0': 0.82, 'ms_suffix': 0.952543366608796, 'ms_2_F0': 1.08794346788194, 'file_name': '22d_dejar.wav', 'item_id': 22, 'cond': 'd', 'thisN': 30, 'thisTrialN': 30, 'thisRepN': 0}>
4805.3393 	EXP 	Sound test_sound reached end of file
4805.3479 	EXP 	Sound test_sound started
4805.3502 	EXP 	text_3: autoDraw = False
4805.3502 	EXP 	polygon_2: autoDraw = True
4807.3701 	EXP 	Sound test_sound reached end of file
4807.3810 	EXP 	Sound test_sound reached end of file
4808.0213 	EXP 	New trial (rep=0, index=31): <Trial 31 (31 in rep 0) data={'sounds': 'sounds/19a_marcar.wav', 'syll': 'CVC', 'stress_unstress': 'Stressed', 'suffix': 'Match', 'present_past': 'present', 'corrAns': 'num_1', 'trigger_item': 0.0, 'trigger_senonset': 0.2, 'trigger_verbsonset': 0.8400000000000001, 'trigger_1_F0': 0.97, 'trigger_suffix': 1.245718359375, 'trigger_2_F0': 1.273519140625, 'ID_item': 101, 'ID_senonset': 10, 'ID_verbonset': 11, 'ID_1_F0': 12, 'ID_suffix': 13, 'ID_2_F0': 14, 'ms_senonset': 0, 'ms_verbonset': 0.64, 'ms_1_F0': 0.77, 'ms_suffix': 1.045718359375, 'ms_2_F0': 1.073519140625, 'file_name': '19a_marcar.wav', 'item_id': 19, 'cond': 'a', 'thisN': 31, 'thisTrialN': 31, 'thisRepN': 0}>
4808.0259 	EXP 	Sound test_sound reached end of file
4808.0310 	EXP 	Sound test_sound started
4808.0274 	DATA 	Keypress: right
4808.0365 	EXP 	polygon_2: autoDraw = False
4808.0365 	EXP 	text_3: autoDraw = False
4808.0365 	EXP 	polygon_2: autoDraw = True
4809.9147 	EXP 	Sound test_sound reached end of file
4809.9312 	EXP 	Sound test_sound reached end of file
4811.1547 	EXP 	New trial (rep=0, index=32): <Trial 32 (32 in rep 0) data={'sounds': 'sounds/05a_fumar.wav', 'syll': 'CVC', 'stress_unstress': 'Stressed', 'suffix': 'Match', 'present_past': 'present', 'corrAns': 'num_1', 'trigger_item': 0.0, 'trigger_senonset': 0.2, 'trigger_verbsonset': 1.15, 'trigger_1_F0': 1.36712555700231, 'trigger_suffix': 1.48, 'trigger_2_F0': 1.56308830295138, 'ID_item': 101, 'ID_senonset': 10, 'ID_verbonset': 11, 'ID_1_F0': 12, 'ID_suffix': 13, 'ID_2_F0': 14, 'ms_senonset': 0, 'ms_verbonset': 0.95, 'ms_1_F0': 1.16712555700231, 'ms_suffix': 1.28, 'ms_2_F0': 1.36308830295138, 'file_name': '05a_fumar.wav', 'item_id': 5, 'cond': 'a', 'thisN': 32, 'thisTrialN': 32, 'thisRepN': 0}>
4811.1598 	EXP 	Sound test_sound reached end of file
4811.1643 	EXP 	Sound test_sound started
4811.1632 	DATA 	Keypress: left
4811.1703 	EXP 	polygon_2: autoDraw = False
4811.1703 	EXP 	text_3: autoDraw = False
4811.1703 	EXP 	polygon_2: autoDraw = True
4813.5182 	EXP 	Sound test_sound reached end of file
4813.5310 	EXP 	Sound test_sound reached end of file
4814.0198 	EXP 	New trial (rep=0, index=33): <Trial 33 (33 in rep 0) data={'sounds': 'sounds/08d_filtrar.wav', 'syll': 'CVC', 'stress_unstress': 'Stressed', 'suffix': 'Mismatch', 'present_past': 'past', 'corrAns': 'num_2', 'trigger_item': 0.0, 'trigger_senonset': 0.2, 'trigger_verbsonset': 0.7526856695589441, 'trigger_1_F0': 0.87808115762362, 'trigger_suffix': 1.118901843962886, 'trigger_2_F0': 1.172598812485867, 'ID_item': 101, 'ID_senonset': 40, 'ID_verbonset': 41, 'ID_1_F0': 42, 'ID_suffix': 43, 'ID_2_F0': 44, 'ms_senonset': 0, 'ms_verbonset': 0.552685669558944, 'ms_1_F0': 0.67808115762362, 'ms_suffix': 0.918901843962886, 'ms_2_F0': 0.972598812485867, 'file_name': '08d_filtrar.wav', 'item_id': 8, 'cond': 'd', 'thisN': 33, 'thisTrialN': 33, 'thisRepN': 0}>
4814.0237 	EXP 	Sound test_sound reached end of file
4814.0309 	EXP 	Sound test_sound started
4814.0256 	DATA 	Keypress: left
4814.0343 	EXP 	polygon_2: autoDraw = False
4814.0343 	EXP 	text_3: autoDraw = False
4814.0343 	EXP 	polygon_2: autoDraw = True
4815.7762 	EXP 	Sound test_sound reached end of file
4815.7828 	EXP 	Sound test_sound reached end of file
4817.5389 	EXP 	New trial (rep=0, index=34): <Trial 34 (34 in rep 0) data={'sounds': 'sounds/13c_montar.wav', 'syll': 'CVC', 'stress_unstress': 'Unstressed', 'suffix': 'Match', 'present_past': 'past', 'corrAns': 'num_2', 'trigger_item': 0.0, 'trigger_senonset': 0.2, 'trigger_verbsonset': 0.8800000000000001, 'trigger_1_F0': 0.98, 'trigger_suffix': 1.24543012152777, 'trigger_2_F0': 1.2594709201388798, 'ID_item': 101, 'ID_senonset': 30, 'ID_verbonset': 31, 'ID_1_F0': 32, 'ID_suffix': 33, 'ID_2_F0': 34, 'ms_senonset': 0, 'ms_verbonset': 0.68, 'ms_1_F0': 0.78, 'ms_suffix': 1.04543012152777, 'ms_2_F0': 1.05947092013888, 'file_name': '13c_montar.wav', 'item_id': 13, 'cond': 'c', 'thisN': 34, 'thisTrialN': 34, 'thisRepN': 0}>
4817.5447 	EXP 	Sound test_sound reached end of file
4817.5483 	EXP 	Sound test_sound started
4817.5490 	DATA 	Keypress: right
4817.5564 	EXP 	polygon_2: autoDraw = False
4817.5564 	EXP 	text_3: autoDraw = False
4817.5564 	EXP 	polygon_2: autoDraw = True
4819.8293 	EXP 	Sound test_sound reached end of file
4819.8347 	EXP 	Sound test_sound reached end of file
4820.1044 	EXP 	New trial (rep=0, index=35): <Trial 35 (35 in rep 0) data={'sounds': 'sounds/06d_soplar.wav', 'syll': 'CVC', 'stress_unstress': 'Stressed', 'suffix': 'Mismatch', 'present_past': 'past', 'corrAns': 'num_2', 'trigger_item': 0.0, 'trigger_senonset': 0.2, 'trigger_verbsonset': 0.761291666666666, 'trigger_1_F0': 0.8899999999999999, 'trigger_suffix': 1.102139687590422, 'trigger_2_F0': 1.166665581687644, 'ID_item': 101, 'ID_senonset': 40, 'ID_verbonset': 41, 'ID_1_F0': 42, 'ID_suffix': 43, 'ID_2_F0': 44, 'ms_senonset': 0, 'ms_verbonset': 0.561291666666666, 'ms_1_F0': 0.69, 'ms_suffix': 0.902139687590422, 'ms_2_F0': 0.966665581687644, 'file_name': '06d_soplar.wav', 'item_id': 6, 'cond': 'd', 'thisN': 35, 'thisTrialN': 35, 'thisRepN': 0}>
4820.1084 	EXP 	Sound test_sound reached end of file
4820.1144 	EXP 	Sound test_sound started
4820.1119 	DATA 	Keypress: right
4820.1180 	EXP 	polygon_2: autoDraw = False
4820.1180 	EXP 	text_3: autoDraw = False
4820.1180 	EXP 	polygon_2: autoDraw = True
4821.9733 	EXP 	Sound test_sound reached end of file
4821.9814 	EXP 	Sound test_sound reached end of file
4822.3037 	EXP 	New trial (rep=0, index=36): <Trial 36 (36 in rep 0) data={'sounds': 'sounds/25b_ganar.wav', 'syll': 'CVC', 'stress_unstress': 'Unstressed', 'suffix': 'Mismatch', 'present_past': 'present', 'corrAns': 'num_1', 'trigger_item': 0.0, 'trigger_senonset': 0.2, 'trigger_verbsonset': 1.152097938368055, 'trigger_1_F0': 1.15990068760488, 'trigger_suffix': 1.28904165650454, 'trigger_2_F0': 1.37272500435153, 'ID_item': 101, 'ID_senonset': 20, 'ID_verbonset': 21, 'ID_1_F0': 22, 'ID_suffix': 23, 'ID_2_F0': 24, 'ms_senonset': 0, 'ms_verbonset': 0.952097938368055, 'ms_1_F0': 0.95990068760488, 'ms_suffix': 1.08904165650454, 'ms_2_F0': 1.17272500435153, 'file_name': '25b_ganar.wav', 'item_id': 25, 'cond': 'b', 'thisN': 36, 'thisTrialN': 36, 'thisRepN': 0}>
4822.3101 	EXP 	Sound test_sound reached end of file
4822.3148 	EXP 	Sound test_sound started
4822.3132 	DATA 	Keypress: right
4822.3213 	EXP 	polygon_2: autoDraw = False
4822.3213 	EXP 	text_3: autoDraw = False
4822.3213 	EXP 	polygon_2: autoDraw = True
4824.5795 	EXP 	Sound test_sound paused
4824.5844 	EXP 	New trial (rep=0, index=37): <Trial 37 (37 in rep 0) data={'sounds': 'sounds/30a_fundar.wav', 'syll': 'CVC', 'stress_unstress': 'Stressed', 'suffix': 'Match', 'present_past': 'present', 'corrAns': 'num_1', 'trigger_item': 0.0, 'trigger_senonset': 0.2, 'trigger_verbsonset': 0.77, 'trigger_1_F0': 0.91, 'trigger_suffix': 1.112685546875, 'trigger_2_F0': 1.12, 'ID_item': 101, 'ID_senonset': 10, 'ID_verbonset': 11, 'ID_1_F0': 12, 'ID_suffix': 13, 'ID_2_F0': 14, 'ms_senonset': 0, 'ms_verbonset': 0.57, 'ms_1_F0': 0.71, 'ms_suffix': 0.912685546875, 'ms_2_F0': 0.92, 'file_name': '30a_fundar.wav', 'item_id': 30, 'cond': 'a', 'thisN': 37, 'thisTrialN': 37, 'thisRepN': 0}>
4824.5892 	EXP 	Sound test_sound reached end of file
4824.5975 	EXP 	Sound test_sound started
4824.5918 	DATA 	Keypress: left
4824.5997 	EXP 	polygon_2: autoDraw = False
4824.5997 	EXP 	text_3: autoDraw = False
4824.5997 	EXP 	polygon_2: autoDraw = True
4826.7225 	EXP 	Sound test_sound reached end of file
4826.7313 	EXP 	Sound test_sound reached end of file
4827.0009 	EXP 	New trial (rep=0, index=38): <Trial 38 (38 in rep 0) data={'sounds': 'sounds/12a_matar.wav', 'syll': 'CVC', 'stress_unstress': 'Stressed', 'suffix': 'Match', 'present_past': 'present', 'corrAns': 'num_1', 'trigger_item': 0.0, 'trigger_senonset': 0.2, 'trigger_verbsonset': 0.8400000000000001, 'trigger_1_F0': 0.96, 'trigger_suffix': 1.17307472511574, 'trigger_2_F0': 1.186647497106481, 'ID_item': 101, 'ID_senonset': 10, 'ID_verbonset': 11, 'ID_1_F0': 12, 'ID_suffix': 13, 'ID_2_F0': 14, 'ms_senonset': 0, 'ms_verbonset': 0.64, 'ms_1_F0': 0.76, 'ms_suffix': 0.97307472511574, 'ms_2_F0': 0.986647497106481, 'file_name': '12a_matar.wav', 'item_id': 12, 'cond': 'a', 'thisN': 38, 'thisTrialN': 38, 'thisRepN': 0}>
4827.0027 	EXP 	Sound test_sound reached end of file
4827.0136 	EXP 	Sound test_sound started
4827.0047 	DATA 	Keypress: left
4827.0144 	EXP 	polygon_2: autoDraw = False
4827.0144 	EXP 	text_3: autoDraw = False
4827.0144 	EXP 	polygon_2: autoDraw = True
4829.1874 	EXP 	Sound test_sound reached end of file
4829.1976 	EXP 	Sound test_sound reached end of file
4829.4026 	EXP 	New trial (rep=0, index=39): <Trial 39 (39 in rep 0) data={'sounds': 'sounds/38b_pagar.wav', 'syll': 'CVC', 'stress_unstress': 'Unstressed', 'suffix': 'Mismatch', 'present_past': 'present', 'corrAns': 'num_1', 'trigger_item': 0.0, 'trigger_senonset': 0.2, 'trigger_verbsonset': 1.166737304687499, 'trigger_1_F0': 1.185271158854166, 'trigger_suffix': 1.29521061197916, 'trigger_2_F0': 1.4055712890624898, 'ID_item': 101, 'ID_senonset': 20, 'ID_verbonset': 21, 'ID_1_F0': 22, 'ID_suffix': 23, 'ID_2_F0': 24, 'ms_senonset': 0, 'ms_verbonset': 0.966737304687499, 'ms_1_F0': 0.985271158854166, 'ms_suffix': 1.09521061197916, 'ms_2_F0': 1.20557128906249, 'file_name': '38b_pagar.wav', 'item_id': 38, 'cond': 'b', 'thisN': 39, 'thisTrialN': 39, 'thisRepN': 0}>
4829.4061 	EXP 	Sound test_sound reached end of file
4829.4143 	EXP 	Sound test_sound started
4829.4083 	DATA 	Keypress: left
4829.4157 	EXP 	polygon_2: autoDraw = False
4829.4157 	EXP 	text_3: autoDraw = False
4829.4157 	EXP 	polygon_2: autoDraw = True
4831.6094 	EXP 	Sound test_sound paused
4831.6168 	DATA 	Keypress: right
4831.6191 	EXP 	polygon_2: autoDraw = False
4831.6191 	EXP 	text_3: autoDraw = False
4831.6191 	EXP 	text_2: autoDraw = True
4836.2738 	DATA 	Keypress: space
4836.2763 	EXP 	text_2: autoDraw = False
4836.2765 	EXP 	LangExperimentstress: status = STOPPED
