20.5975 	WARNING 	User requested fullscreen with size [1536  864], but screen is actually [1920, 1080]. Using actual size
20.8294 	EXP 	Created window1 = Window(allowGUI=False, allowStencil=False, autoLog=True, backendConf=UNKNOWN, backgroundFit=<method-wrapper '__getattribute__' of attributeSetter object at 0x000001F57F007F10>, backgroundImage=<method-wrapper '__getattribute__' of attributeSetter object at 0x000001F57F007EB0>, bitsMode=UNKNOWN, blendMode='avg', bpc=(8, 8, 8), color=array([0, 0, 0]), colorSpace='rgb', depthBits=8, fullscr=True, gamma=None, gammaErrorPolicy='raise', infoMsg=UNKNOWN, lms=UNKNOWN, monitor=<psychopy.monitors.calibTools.Monitor object at 0x000001F5073C0E50>, multiSample=False, name='window1', numSamples=2, pos=[0.0, 0.0], screen=0, size=array([1920, 1080]), stencilBits=0, stereo=False, title='PsychoPy', units='height', useFBO=True, useRetina=False, viewOri=0.0, viewPos=None, viewScale=None, waitBlanking=True, winType='pyglet')
20.8295 	EXP 	window1: backgroundImage = ''
20.8295 	EXP 	window1: backgroundFit = 'none'
20.8961 	EXP 	window1: Attempting to measure frame rate of screen (0) ...
20.8961 	EXP 	window1: recordFrameIntervals = False
21.0690 	EXP 	window1: recordFrameIntervals = True
21.2531 	EXP 	Screen (0) actual frame rate measured at 59.71Hz
21.2532 	EXP 	window1: recordFrameIntervals = False
23.6597 	EXP 	LangExperimentstress: status = STARTED
23.7493 	EXP 	Created instr = TextStim(__class__=<class 'psychopy.visual.text.TextStim'>, alignHoriz=method-wrapper(...), alignText='center', alignVert=method-wrapper(...), anchorHoriz='center', anchorVert='center', antialias=True, autoDraw=False, autoLog=True, bold=False, color=array([1., 1., 1.]), colorSpace='rgb', contrast=1.0, depth=0.0, draggable=False, flipHoriz=False, flipVert=False, font='Arial', fontFiles=[], height=0.08, italic=False, languageStyle='LTR', name='instr', opacity=1, ori=0, pos=array([0., 0.]), rgb=UNKNOWN, text=str(...), units='height', win=Window(...), wrapWidth=1)
24.2665 	EXP 	Sound test_sound_2 set volume 1.000
24.2696 	EXP 	Created polygon = ShapeStim(__class__=<class 'psychopy.visual.shape.ShapeStim'>, anchor=('center', 'center'), autoDraw=False, autoLog=True, closeShape=True, color=method-wrapper(...), colorSpace='rgb', contrast=None, depth=-2.0, draggable=False, fillColor=array([-1, -1, -1]), fillColorSpace='rgb', fillRGB=array([-1, -1, -1]), interpolate=True, lineColor=array([-1., -1., -1.]), lineColorSpace='rgb', lineRGB=array([-1, -1, -1]), lineWidth=1, name='polygon', opacity=1, ori=0.0, pos=array([0., 0.]), size=array([0.15, 0.15]), units='height', vertices=ndarray(...), win=Window(...), windingRule=None)
24.2808 	EXP 	Created text_3 = TextStim(__class__=<class 'psychopy.visual.text.TextStim'>, alignHoriz=method-wrapper(...), alignText='center', alignVert=method-wrapper(...), anchorHoriz='center', anchorVert='center', antialias=True, autoDraw=False, autoLog=True, bold=False, color=array([1., 1., 1.]), colorSpace='rgb', contrast=1.0, depth=0.0, draggable=False, flipHoriz=False, flipVert=False, font='Arial', fontFiles=[], height=0.1, italic=False, languageStyle='LTR', name='text_3', opacity=1, ori=0, pos=array([0., 0.]), rgb=UNKNOWN, text=str(...), units='height', win=Window(...), wrapWidth=1)
24.2867 	EXP 	Created instr = TextStim(__class__=<class 'psychopy.visual.text.TextStim'>, alignHoriz=method-wrapper(...), alignText='center', alignVert=method-wrapper(...), anchorHoriz='center', anchorVert='center', antialias=True, autoDraw=False, autoLog=True, bold=False, color=array([1., 1., 1.]), colorSpace='rgb', contrast=1.0, depth=0.0, draggable=False, flipHoriz=False, flipVert=False, font='Arial', fontFiles=[], height=0.08, italic=False, languageStyle='LTR', name='instr', opacity=1, ori=0, pos=array([0., 0.]), rgb=UNKNOWN, text=str(...), units='height', win=Window(...), wrapWidth=1)
24.4243 	EXP 	Sound test_sound set volume 1.000
24.4257 	EXP 	Created polygon_2 = ShapeStim(__class__=<class 'psychopy.visual.shape.ShapeStim'>, anchor=('center', 'center'), autoDraw=False, autoLog=True, closeShape=True, color=method-wrapper(...), colorSpace='rgb', contrast=None, depth=-2.0, draggable=False, fillColor=array([-1, -1, -1]), fillColorSpace='rgb', fillRGB=array([-1, -1, -1]), interpolate=True, lineColor=array([-1., -1., -1.]), lineColorSpace='rgb', lineRGB=array([-1, -1, -1]), lineWidth=1, name='polygon_2', opacity=1, ori=0.0, pos=array([0., 0.]), size=array([0.15, 0.15]), units='height', vertices=ndarray(...), win=Window(...), windingRule=None)
24.4291 	EXP 	Created text_3 = TextStim(__class__=<class 'psychopy.visual.text.TextStim'>, alignHoriz=method-wrapper(...), alignText='center', alignVert=method-wrapper(...), anchorHoriz='center', anchorVert='center', antialias=True, autoDraw=False, autoLog=True, bold=False, color=array([1., 1., 1.]), colorSpace='rgb', contrast=1.0, depth=0.0, draggable=False, flipHoriz=False, flipVert=False, font='Arial', fontFiles=[], height=0.1, italic=False, languageStyle='LTR', name='text_3', opacity=1, ori=0, pos=array([0., 0.]), rgb=UNKNOWN, text=str(...), units='height', win=Window(...), wrapWidth=1)
24.4370 	EXP 	Created text_2 = TextStim(__class__=<class 'psychopy.visual.text.TextStim'>, alignHoriz=method-wrapper(...), alignText='center', alignVert=method-wrapper(...), anchorHoriz='center', anchorVert='center', antialias=True, autoDraw=False, autoLog=True, bold=False, color=array([1., 1., 1.]), colorSpace='rgb', contrast=1.0, depth=0.0, draggable=False, flipHoriz=False, flipVert=False, font='Arial', fontFiles=[], height=0.1, italic=False, languageStyle='LTR', name='text_2', opacity=1, ori=0, pos=array([0., 0.]), rgb=UNKNOWN, text=str(...), units='height', win=Window(...), wrapWidth=1)
0.0143 	EXP 	instr: autoDraw = True
2526.0903 	EXP 	Imported selected_practice.csv as conditions, 4 conditions, 27 params
2526.0907 	EXP 	New trial (rep=0, index=0): <Trial 0 (0 in rep 0) data={'sounds': 'sounds/p2b_cortar.wav', 'syll': 'CVC', 'stress_unstress': 'Unstressed', 'suffix': 'Mismatch', 'present_past': 'present', 'corrAns': 'num_1', 'trigger_item': 0.0, 'trigger_senonset': 0.205513, 'trigger_verbsonset': 0.8629519999999999, 'trigger_1_F0': 0.984841, 'trigger_suffix': 1.219715, 'trigger_2_F0': 1.27, 'ID_item': 101, 'ID_senonset': 20, 'ID_verbonset': 21, 'ID_1_F0': 22, 'ID_suffix': 23, 'ID_2_F0': 24, 'ms_senonset': 0.005513, 'ms_verbonset': 0.662952, 'ms_1_F0': 0.784841, 'ms_suffix': 1.019715, 'ms_2_F0': 1.07, 'file_name': 'p2b_cortar.wav', 'sentence': 'p2', 'cond': 'b', 'combo': 'p2b', 'thisN': 0, 'thisTrialN': 0, 'thisRepN': 0}>
2526.0946 	EXP 	Sound test_sound_2 reached end of file
2526.1052 	EXP 	Sound test_sound_2 started
2526.0967 	DATA 	Keypress: space
2526.1053 	EXP 	instr: autoDraw = False
2526.1053 	EXP 	polygon: autoDraw = True
2528.3466 	EXP 	Sound test_sound_2 reached end of file
2528.3561 	EXP 	Sound test_sound_2 reached end of file
2528.5969 	EXP 	New trial (rep=0, index=1): <Trial 1 (1 in rep 0) data={'sounds': 'sounds/p3c_saltar.wav', 'syll': 'CVC', 'stress_unstress': 'Unstressed', 'suffix': 'Match', 'present_past': 'past', 'corrAns': 'num_2', 'trigger_item': 0.0, 'trigger_senonset': 0.205513, 'trigger_verbsonset': 0.8629519999999999, 'trigger_1_F0': 0.984841, 'trigger_suffix': 1.219715, 'trigger_2_F0': 1.27, 'ID_item': 101, 'ID_senonset': 30, 'ID_verbonset': 31, 'ID_1_F0': 32, 'ID_suffix': 33, 'ID_2_F0': 34, 'ms_senonset': 0.005513, 'ms_verbonset': 0.662952, 'ms_1_F0': 0.784841, 'ms_suffix': 1.019715, 'ms_2_F0': 1.07, 'file_name': 'p3c_saltar.wav', 'sentence': 'p3', 'cond': 'c', 'combo': 'p3c', 'thisN': 1, 'thisTrialN': 1, 'thisRepN': 0}>
2528.6042 	EXP 	Sound test_sound_2 reached end of file
2528.6063 	EXP 	Sound test_sound_2 started
2528.6062 	DATA 	Keypress: right
2528.6149 	EXP 	polygon: autoDraw = False
2528.6149 	EXP 	text_3: autoDraw = False
2528.6149 	EXP 	polygon: autoDraw = True
2530.6788 	EXP 	Sound test_sound_2 reached end of file
2530.6898 	EXP 	Sound test_sound_2 reached end of file
2530.8630 	EXP 	New trial (rep=0, index=2): <Trial 2 (2 in rep 0) data={'sounds': 'sounds/p1a_saltar.wav', 'syll': 'CVC', 'stress_unstress': 'Stressed', 'suffix': 'Match', 'present_past': 'present', 'corrAns': 'num_1', 'trigger_item': 0.0, 'trigger_senonset': 0.205513, 'trigger_verbsonset': 0.8629519999999999, 'trigger_1_F0': 0.984841, 'trigger_suffix': 1.219715, 'trigger_2_F0': 1.27, 'ID_item': 101, 'ID_senonset': 10, 'ID_verbonset': 11, 'ID_1_F0': 12, 'ID_suffix': 13, 'ID_2_F0': 14, 'ms_senonset': 0.005513, 'ms_verbonset': 0.662952, 'ms_1_F0': 0.784841, 'ms_suffix': 1.019715, 'ms_2_F0': 1.07, 'file_name': 'p1a_saltar.wav', 'sentence': 'p1', 'cond': 'a', 'combo': 'p1a', 'thisN': 2, 'thisTrialN': 2, 'thisRepN': 0}>
2530.8710 	EXP 	Sound test_sound_2 reached end of file
2530.8726 	EXP 	Sound test_sound_2 started
2530.8737 	DATA 	Keypress: left
2530.8817 	EXP 	polygon: autoDraw = False
2530.8817 	EXP 	text_3: autoDraw = False
2530.8817 	EXP 	polygon: autoDraw = True
2533.0924 	EXP 	Sound test_sound_2 reached end of file
2533.1064 	EXP 	Sound test_sound_2 reached end of file
2533.3465 	EXP 	New trial (rep=0, index=3): <Trial 3 (3 in rep 0) data={'sounds': 'sounds/p4d_cortar.wav', 'syll': 'CVC', 'stress_unstress': 'Stressed', 'suffix': 'Mismatch', 'present_past': 'past', 'corrAns': 'num_2', 'trigger_item': 0.0, 'trigger_senonset': 0.205513, 'trigger_verbsonset': 0.8629519999999999, 'trigger_1_F0': 0.984841, 'trigger_suffix': 1.219715, 'trigger_2_F0': 1.27, 'ID_item': 101, 'ID_senonset': 40, 'ID_verbonset': 41, 'ID_1_F0': 42, 'ID_suffix': 43, 'ID_2_F0': 44, 'ms_senonset': 0.005513, 'ms_verbonset': 0.662952, 'ms_1_F0': 0.784841, 'ms_suffix': 1.019715, 'ms_2_F0': 1.07, 'file_name': 'p4d_cortar.wav', 'sentence': 'p4', 'cond': 'd', 'combo': 'p4d', 'thisN': 3, 'thisTrialN': 3, 'thisRepN': 0}>
2533.3554 	EXP 	Sound test_sound_2 reached end of file
2533.3562 	EXP 	Sound test_sound_2 started
2533.3572 	DATA 	Keypress: right
2533.3667 	EXP 	polygon: autoDraw = False
2533.3667 	EXP 	text_3: autoDraw = False
2533.3667 	EXP 	polygon: autoDraw = True
2535.8591 	EXP 	Sound test_sound_2 reached end of file
2535.8728 	EXP 	Sound test_sound_2 reached end of file
2536.6463 	DATA 	Keypress: right
2536.6559 	EXP 	polygon: autoDraw = False
2536.6559 	EXP 	text_3: autoDraw = False
2536.6559 	EXP 	instr: autoDraw = True
2601.3436 	EXP 	Imported selected_trials.csv as conditions, 40 conditions, 26 params
2601.3441 	EXP 	New trial (rep=0, index=0): <Trial 0 (0 in rep 0) data={'sounds': 'sounds/05a_fumar.wav', 'syll': 'CVC', 'stress_unstress': 'Stressed', 'suffix': 'Match', 'present_past': 'present', 'corrAns': 'num_1', 'trigger_item': 0.0, 'trigger_senonset': 0.2, 'trigger_verbsonset': 1.15, 'trigger_1_F0': 1.36712555700231, 'trigger_suffix': 1.48, 'trigger_2_F0': 1.56308830295138, 'ID_item': 101, 'ID_senonset': 10, 'ID_verbonset': 11, 'ID_1_F0': 12, 'ID_suffix': 13, 'ID_2_F0': 14, 'ms_senonset': 0, 'ms_verbonset': 0.95, 'ms_1_F0': 1.16712555700231, 'ms_suffix': 1.28, 'ms_2_F0': 1.36308830295138, 'file_name': '05a_fumar.wav', 'item_id': 5, 'cond': 'a', 'thisN': 0, 'thisTrialN': 0, 'thisRepN': 0}>
2601.3487 	EXP 	Sound test_sound reached end of file
2601.3586 	EXP 	Sound test_sound started
2601.3507 	DATA 	Keypress: space
2601.3594 	EXP 	instr: autoDraw = False
2601.3594 	EXP 	polygon_2: autoDraw = True
2603.7003 	EXP 	Sound test_sound reached end of file
2603.7078 	EXP 	Sound test_sound reached end of file
2605.4627 	EXP 	New trial (rep=0, index=1): <Trial 1 (1 in rep 0) data={'sounds': 'sounds/04c_plantar.wav', 'syll': 'CVC', 'stress_unstress': 'Unstressed', 'suffix': 'Match', 'present_past': 'past', 'corrAns': 'num_2', 'trigger_item': 0.0, 'trigger_senonset': 0.2, 'trigger_verbsonset': 0.862877574458911, 'trigger_1_F0': 0.9343518689653568, 'trigger_suffix': 1.20493812332404, 'trigger_2_F0': 1.21897569287037, 'ID_item': 101, 'ID_senonset': 30, 'ID_verbonset': 31, 'ID_1_F0': 32, 'ID_suffix': 33, 'ID_2_F0': 34, 'ms_senonset': 0, 'ms_verbonset': 0.662877574458911, 'ms_1_F0': 0.734351868965357, 'ms_suffix': 1.00493812332404, 'ms_2_F0': 1.01897569287037, 'file_name': '04c_plantar.wav', 'item_id': 4, 'cond': 'c', 'thisN': 1, 'thisTrialN': 1, 'thisRepN': 0}>
2605.4676 	EXP 	Sound test_sound reached end of file
2605.4740 	EXP 	Sound test_sound started
2605.4691 	DATA 	Keypress: right
2605.4798 	EXP 	polygon_2: autoDraw = False
2605.4798 	EXP 	text_3: autoDraw = False
2605.4798 	EXP 	polygon_2: autoDraw = True
2607.4989 	EXP 	Sound test_sound reached end of file
2607.5078 	EXP 	Sound test_sound reached end of file
2607.6445 	DATA 	Keypress: left
2607.6648 	EXP 	New trial (rep=0, index=2): <Trial 2 (2 in rep 0) data={'sounds': 'sounds/36c_bordar.wav', 'syll': 'CVC', 'stress_unstress': 'Unstressed', 'suffix': 'Match', 'present_past': 'past', 'corrAns': 'num_2', 'trigger_item': 0.0, 'trigger_senonset': 0.2, 'trigger_verbsonset': 1.0, 'trigger_1_F0': 1.078468243634259, 'trigger_suffix': 1.3288624855324, 'trigger_2_F0': 1.3414992042824, 'ID_item': 101, 'ID_senonset': 30, 'ID_verbonset': 31, 'ID_1_F0': 32, 'ID_suffix': 33, 'ID_2_F0': 34, 'ms_senonset': 0, 'ms_verbonset': 0.8, 'ms_1_F0': 0.878468243634259, 'ms_suffix': 1.1288624855324, 'ms_2_F0': 1.1414992042824, 'file_name': '36c_bordar.wav', 'item_id': 36, 'cond': 'c', 'thisN': 2, 'thisTrialN': 2, 'thisRepN': 0}>
2607.6722 	EXP 	Sound test_sound reached end of file
2607.6744 	EXP 	Sound test_sound started
2607.6835 	EXP 	polygon_2: autoDraw = False
2607.6835 	EXP 	text_3: autoDraw = False
2607.6835 	EXP 	polygon_2: autoDraw = True
2609.9251 	EXP 	Sound test_sound reached end of file
2609.9414 	EXP 	Sound test_sound reached end of file
2609.9979 	EXP 	New trial (rep=0, index=3): <Trial 3 (3 in rep 0) data={'sounds': 'sounds/25b_ganar.wav', 'syll': 'CVC', 'stress_unstress': 'Unstressed', 'suffix': 'Mismatch', 'present_past': 'present', 'corrAns': 'num_1', 'trigger_item': 0.0, 'trigger_senonset': 0.2, 'trigger_verbsonset': 1.152097938368055, 'trigger_1_F0': 1.15990068760488, 'trigger_suffix': 1.28904165650454, 'trigger_2_F0': 1.37272500435153, 'ID_item': 101, 'ID_senonset': 20, 'ID_verbonset': 21, 'ID_1_F0': 22, 'ID_suffix': 23, 'ID_2_F0': 24, 'ms_senonset': 0, 'ms_verbonset': 0.952097938368055, 'ms_1_F0': 0.95990068760488, 'ms_suffix': 1.08904165650454, 'ms_2_F0': 1.17272500435153, 'file_name': '25b_ganar.wav', 'item_id': 25, 'cond': 'b', 'thisN': 3, 'thisTrialN': 3, 'thisRepN': 0}>
2610.0053 	EXP 	Sound test_sound reached end of file
2610.0079 	EXP 	Sound test_sound started
2610.0088 	DATA 	Keypress: left
2610.0172 	EXP 	polygon_2: autoDraw = False
2610.0172 	EXP 	text_3: autoDraw = False
2610.0172 	EXP 	polygon_2: autoDraw = True
2612.2939 	EXP 	Sound test_sound paused
2612.2984 	EXP 	New trial (rep=0, index=4): <Trial 4 (4 in rep 0) data={'sounds': 'sounds/09c_cargar.wav', 'syll': 'CVC', 'stress_unstress': 'Unstressed', 'suffix': 'Match', 'present_past': 'past', 'corrAns': 'num_2', 'trigger_item': 0.0, 'trigger_senonset': 0.2, 'trigger_verbsonset': 0.81286744068287, 'trigger_1_F0': 0.8382251229745361, 'trigger_suffix': 1.032634020543981, 'trigger_2_F0': 1.090594437210648, 'ID_item': 101, 'ID_senonset': 30, 'ID_verbonset': 31, 'ID_1_F0': 32, 'ID_suffix': 33, 'ID_2_F0': 34, 'ms_senonset': 0, 'ms_verbonset': 0.61286744068287, 'ms_1_F0': 0.638225122974536, 'ms_suffix': 0.832634020543981, 'ms_2_F0': 0.890594437210648, 'file_name': '09c_cargar.wav', 'item_id': 9, 'cond': 'c', 'thisN': 4, 'thisTrialN': 4, 'thisRepN': 0}>
2612.3053 	EXP 	Sound test_sound reached end of file
2612.3084 	EXP 	Sound test_sound started
2612.3078 	DATA 	Keypress: right
2612.3177 	EXP 	polygon_2: autoDraw = False
2612.3177 	EXP 	text_3: autoDraw = False
2612.3177 	EXP 	polygon_2: autoDraw = True
2614.0116 	DATA 	Keypress: left
2614.0422 	EXP 	Sound test_sound paused
2614.0466 	EXP 	New trial (rep=0, index=5): <Trial 5 (5 in rep 0) data={'sounds': 'sounds/18b_cumplir.wav', 'syll': 'CVC', 'stress_unstress': 'Unstressed', 'suffix': 'Mismatch', 'present_past': 'present', 'corrAns': 'num_1', 'trigger_item': 0.0, 'trigger_senonset': 0.2, 'trigger_verbsonset': 1.2408027271412, 'trigger_1_F0': 1.25568597366898, 'trigger_suffix': 1.46256310040509, 'trigger_2_F0': 1.54144430700231, 'ID_item': 101, 'ID_senonset': 20, 'ID_verbonset': 21, 'ID_1_F0': 22, 'ID_suffix': 23, 'ID_2_F0': 24, 'ms_senonset': 0, 'ms_verbonset': 1.0408027271412, 'ms_1_F0': 1.05568597366898, 'ms_suffix': 1.26256310040509, 'ms_2_F0': 1.34144430700231, 'file_name': '18b_cumplir.wav', 'item_id': 18, 'cond': 'b', 'thisN': 5, 'thisTrialN': 5, 'thisRepN': 0}>
2614.0537 	EXP 	Sound test_sound reached end of file
2614.0584 	EXP 	Sound test_sound started
2614.0649 	EXP 	polygon_2: autoDraw = False
2614.0649 	EXP 	text_3: autoDraw = False
2614.0649 	EXP 	polygon_2: autoDraw = True
2616.2201 	EXP 	Sound test_sound reached end of file
2616.2260 	EXP 	Sound test_sound reached end of file
2616.3153 	EXP 	New trial (rep=0, index=6): <Trial 6 (6 in rep 0) data={'sounds': 'sounds/20c_cubrir.wav', 'syll': 'CVC', 'stress_unstress': 'Unstressed', 'suffix': 'Match', 'present_past': 'past', 'corrAns': 'num_2', 'trigger_item': 0.0, 'trigger_senonset': 0.2, 'trigger_verbsonset': 0.980138641742621, 'trigger_1_F0': 1.01, 'trigger_suffix': 1.192436112212021, 'trigger_2_F0': 1.28412143493692, 'ID_item': 101, 'ID_senonset': 30, 'ID_verbonset': 31, 'ID_1_F0': 32, 'ID_suffix': 33, 'ID_2_F0': 34, 'ms_senonset': 0, 'ms_verbonset': 0.780138641742621, 'ms_1_F0': 0.81, 'ms_suffix': 0.992436112212021, 'ms_2_F0': 1.08412143493692, 'file_name': '20c_cubrir.wav', 'item_id': 20, 'cond': 'c', 'thisN': 6, 'thisTrialN': 6, 'thisRepN': 0}>
2616.3230 	EXP 	Sound test_sound reached end of file
2616.3248 	EXP 	Sound test_sound started
2616.3260 	DATA 	Keypress: right
2616.3348 	EXP 	polygon_2: autoDraw = False
2616.3348 	EXP 	text_3: autoDraw = False
2616.3348 	EXP 	polygon_2: autoDraw = True
2618.4505 	EXP 	Sound test_sound reached end of file
2618.4583 	EXP 	Sound test_sound reached end of file
2618.6946 	EXP 	New trial (rep=0, index=7): <Trial 7 (7 in rep 0) data={'sounds': 'sounds/22d_dejar.wav', 'syll': 'CVC', 'stress_unstress': 'Stressed', 'suffix': 'Mismatch', 'present_past': 'past', 'corrAns': 'num_2', 'trigger_item': 0.0, 'trigger_senonset': 0.2, 'trigger_verbsonset': 0.8500000000000001, 'trigger_1_F0': 1.02, 'trigger_suffix': 1.152543366608796, 'trigger_2_F0': 1.28794346788194, 'ID_item': 101, 'ID_senonset': 40, 'ID_verbonset': 41, 'ID_1_F0': 42, 'ID_suffix': 43, 'ID_2_F0': 44, 'ms_senonset': 0, 'ms_verbonset': 0.65, 'ms_1_F0': 0.82, 'ms_suffix': 0.952543366608796, 'ms_2_F0': 1.08794346788194, 'file_name': '22d_dejar.wav', 'item_id': 22, 'cond': 'd', 'thisN': 7, 'thisTrialN': 7, 'thisRepN': 0}>
2618.6973 	EXP 	Sound test_sound reached end of file
2618.7075 	EXP 	Sound test_sound started
2618.6994 	DATA 	Keypress: left
2618.7089 	EXP 	polygon_2: autoDraw = False
2618.7089 	EXP 	text_3: autoDraw = False
2618.7089 	EXP 	polygon_2: autoDraw = True
2620.7250 	EXP 	Sound test_sound reached end of file
2620.7417 	EXP 	Sound test_sound reached end of file
2621.2809 	EXP 	New trial (rep=0, index=8): <Trial 8 (8 in rep 0) data={'sounds': 'sounds/08d_filtrar.wav', 'syll': 'CVC', 'stress_unstress': 'Stressed', 'suffix': 'Mismatch', 'present_past': 'past', 'corrAns': 'num_2', 'trigger_item': 0.0, 'trigger_senonset': 0.2, 'trigger_verbsonset': 0.7526856695589441, 'trigger_1_F0': 0.87808115762362, 'trigger_suffix': 1.118901843962886, 'trigger_2_F0': 1.172598812485867, 'ID_item': 101, 'ID_senonset': 40, 'ID_verbonset': 41, 'ID_1_F0': 42, 'ID_suffix': 43, 'ID_2_F0': 44, 'ms_senonset': 0, 'ms_verbonset': 0.552685669558944, 'ms_1_F0': 0.67808115762362, 'ms_suffix': 0.918901843962886, 'ms_2_F0': 0.972598812485867, 'file_name': '08d_filtrar.wav', 'item_id': 8, 'cond': 'd', 'thisN': 8, 'thisTrialN': 8, 'thisRepN': 0}>
2621.2868 	EXP 	Sound test_sound reached end of file
2621.2915 	EXP 	Sound test_sound started
2621.2889 	DATA 	Keypress: left
2621.2980 	EXP 	polygon_2: autoDraw = False
2621.2980 	EXP 	text_3: autoDraw = False
2621.2980 	EXP 	polygon_2: autoDraw = True
2623.0391 	EXP 	Sound test_sound reached end of file
2623.0451 	EXP 	Sound test_sound reached end of file
2623.8618 	DATA 	Keypress: left
2623.8826 	EXP 	New trial (rep=0, index=9): <Trial 9 (9 in rep 0) data={'sounds': 'sounds/35b_secar.wav', 'syll': 'CVC', 'stress_unstress': 'Unstressed', 'suffix': 'Mismatch', 'present_past': 'present', 'corrAns': 'num_1', 'trigger_item': 0.0, 'trigger_senonset': 0.2, 'trigger_verbsonset': 0.8990044921875, 'trigger_1_F0': 1.025708658854166, 'trigger_suffix': 1.179689416956018, 'trigger_2_F0': 1.20652606336805, 'ID_item': 101, 'ID_senonset': 20, 'ID_verbonset': 21, 'ID_1_F0': 22, 'ID_suffix': 23, 'ID_2_F0': 24, 'ms_senonset': 0, 'ms_verbonset': 0.6990044921875, 'ms_1_F0': 0.825708658854166, 'ms_suffix': 0.979689416956018, 'ms_2_F0': 1.00652606336805, 'file_name': '35b_secar.wav', 'item_id': 35, 'cond': 'b', 'thisN': 9, 'thisTrialN': 9, 'thisRepN': 0}>
2623.8905 	EXP 	Sound test_sound reached end of file
2623.8918 	EXP 	Sound test_sound started
2623.9017 	EXP 	polygon_2: autoDraw = False
2623.9017 	EXP 	text_3: autoDraw = False
2623.9017 	EXP 	polygon_2: autoDraw = True
2626.0115 	EXP 	Sound test_sound reached end of file
2626.0249 	EXP 	Sound test_sound reached end of file
2626.1689 	DATA 	Keypress: right
2626.1743 	EXP 	polygon_2: autoDraw = False
2626.1743 	EXP 	text_3: autoDraw = True
2635.5282 	EXP 	New trial (rep=0, index=10): <Trial 10 (10 in rep 0) data={'sounds': 'sounds/15b_partir.wav', 'syll': 'CVC', 'stress_unstress': 'Unstressed', 'suffix': 'Mismatch', 'present_past': 'present', 'corrAns': 'num_1', 'trigger_item': 0.0, 'trigger_senonset': 0.2, 'trigger_verbsonset': 0.826865400752314, 'trigger_1_F0': 0.842973894883327, 'trigger_suffix': 1.1042888772729471, 'trigger_2_F0': 1.120815958498066, 'ID_item': 101, 'ID_senonset': 20, 'ID_verbonset': 21, 'ID_1_F0': 22, 'ID_suffix': 23, 'ID_2_F0': 24, 'ms_senonset': 0, 'ms_verbonset': 0.626865400752314, 'ms_1_F0': 0.642973894883327, 'ms_suffix': 0.904288877272947, 'ms_2_F0': 0.920815958498066, 'file_name': '15b_partir.wav', 'item_id': 15, 'cond': 'b', 'thisN': 10, 'thisTrialN': 10, 'thisRepN': 0}>
2635.5354 	EXP 	Sound test_sound reached end of file
2635.5422 	EXP 	Sound test_sound started
2635.5396 	DATA 	Keypress: space
2635.5466 	EXP 	text_3: autoDraw = False
2635.5466 	EXP 	polygon_2: autoDraw = True
2637.5882 	EXP 	Sound test_sound reached end of file
2637.5938 	EXP 	Sound test_sound reached end of file
2637.7491 	EXP 	New trial (rep=0, index=11): <Trial 11 (11 in rep 0) data={'sounds': 'sounds/11a_pegar.wav', 'syll': 'CVC', 'stress_unstress': 'Stressed', 'suffix': 'Match', 'present_past': 'present', 'corrAns': 'num_1', 'trigger_item': 0.0, 'trigger_senonset': 0.2, 'trigger_verbsonset': 0.8182808977343741, 'trigger_1_F0': 0.831294515585661, 'trigger_suffix': 0.98, 'trigger_2_F0': 1.012063288108519, 'ID_item': 101, 'ID_senonset': 10, 'ID_verbonset': 11, 'ID_1_F0': 12, 'ID_suffix': 13, 'ID_2_F0': 14, 'ms_senonset': 0, 'ms_verbonset': 0.618280897734374, 'ms_1_F0': 0.631294515585661, 'ms_suffix': 0.78, 'ms_2_F0': 0.812063288108519, 'file_name': '11a_pegar.wav', 'item_id': 11, 'cond': 'a', 'thisN': 11, 'thisTrialN': 11, 'thisRepN': 0}>
2637.7564 	EXP 	Sound test_sound reached end of file
2637.7587 	EXP 	Sound test_sound started
2637.7593 	DATA 	Keypress: right
2637.7690 	EXP 	polygon_2: autoDraw = False
2637.7690 	EXP 	text_3: autoDraw = False
2637.7690 	EXP 	polygon_2: autoDraw = True
2639.6866 	EXP 	Sound test_sound reached end of file
2639.6929 	EXP 	Sound test_sound reached end of file
2639.7324 	EXP 	New trial (rep=0, index=12): <Trial 12 (12 in rep 0) data={'sounds': 'sounds/24d_mirar.wav', 'syll': 'CVC', 'stress_unstress': 'Stressed', 'suffix': 'Mismatch', 'present_past': 'past', 'corrAns': 'num_2', 'trigger_item': 0.0, 'trigger_senonset': 0.2, 'trigger_verbsonset': 0.71, 'trigger_1_F0': 0.8119545789930551, 'trigger_suffix': 0.9389863642939812, 'trigger_2_F0': 0.9746780743634248, 'ID_item': 101, 'ID_senonset': 40, 'ID_verbonset': 41, 'ID_1_F0': 42, 'ID_suffix': 43, 'ID_2_F0': 44, 'ms_senonset': 0, 'ms_verbonset': 0.51, 'ms_1_F0': 0.611954578993055, 'ms_suffix': 0.738986364293981, 'ms_2_F0': 0.774678074363425, 'file_name': '24d_mirar.wav', 'item_id': 24, 'cond': 'd', 'thisN': 12, 'thisTrialN': 12, 'thisRepN': 0}>
2639.7388 	EXP 	Sound test_sound reached end of file
2639.7418 	EXP 	Sound test_sound started
2639.7413 	DATA 	Keypress: right
2639.7519 	EXP 	polygon_2: autoDraw = False
2639.7519 	EXP 	text_3: autoDraw = False
2639.7519 	EXP 	polygon_2: autoDraw = True
2641.4255 	EXP 	Sound test_sound reached end of file
2641.4420 	EXP 	Sound test_sound reached end of file
2641.5823 	EXP 	New trial (rep=0, index=13): <Trial 13 (13 in rep 0) data={'sounds': 'sounds/30a_fundar.wav', 'syll': 'CVC', 'stress_unstress': 'Stressed', 'suffix': 'Match', 'present_past': 'present', 'corrAns': 'num_1', 'trigger_item': 0.0, 'trigger_senonset': 0.2, 'trigger_verbsonset': 0.77, 'trigger_1_F0': 0.91, 'trigger_suffix': 1.112685546875, 'trigger_2_F0': 1.12, 'ID_item': 101, 'ID_senonset': 10, 'ID_verbonset': 11, 'ID_1_F0': 12, 'ID_suffix': 13, 'ID_2_F0': 14, 'ms_senonset': 0, 'ms_verbonset': 0.57, 'ms_1_F0': 0.71, 'ms_suffix': 0.912685546875, 'ms_2_F0': 0.92, 'file_name': '30a_fundar.wav', 'item_id': 30, 'cond': 'a', 'thisN': 13, 'thisTrialN': 13, 'thisRepN': 0}>
2641.5893 	EXP 	Sound test_sound reached end of file
2641.5920 	EXP 	Sound test_sound started
2641.5929 	DATA 	Keypress: left
2641.6003 	EXP 	polygon_2: autoDraw = False
2641.6003 	EXP 	text_3: autoDraw = False
2641.6003 	EXP 	polygon_2: autoDraw = True
2643.4915 	EXP 	Sound test_sound paused
2643.4954 	EXP 	New trial (rep=0, index=14): <Trial 14 (14 in rep 0) data={'sounds': 'sounds/12a_matar.wav', 'syll': 'CVC', 'stress_unstress': 'Stressed', 'suffix': 'Match', 'present_past': 'present', 'corrAns': 'num_1', 'trigger_item': 0.0, 'trigger_senonset': 0.2, 'trigger_verbsonset': 0.8400000000000001, 'trigger_1_F0': 0.96, 'trigger_suffix': 1.17307472511574, 'trigger_2_F0': 1.186647497106481, 'ID_item': 101, 'ID_senonset': 10, 'ID_verbonset': 11, 'ID_1_F0': 12, 'ID_suffix': 13, 'ID_2_F0': 14, 'ms_senonset': 0, 'ms_verbonset': 0.64, 'ms_1_F0': 0.76, 'ms_suffix': 0.97307472511574, 'ms_2_F0': 0.986647497106481, 'file_name': '12a_matar.wav', 'item_id': 12, 'cond': 'a', 'thisN': 14, 'thisTrialN': 14, 'thisRepN': 0}>
2643.5013 	EXP 	Sound test_sound reached end of file
2643.5085 	EXP 	Sound test_sound started
2643.5033 	DATA 	Keypress: right
2643.5109 	EXP 	polygon_2: autoDraw = False
2643.5109 	EXP 	text_3: autoDraw = False
2643.5109 	EXP 	polygon_2: autoDraw = True
2645.5716 	EXP 	Sound test_sound paused
2645.5757 	EXP 	New trial (rep=0, index=15): <Trial 15 (15 in rep 0) data={'sounds': 'sounds/21a_mezclar.wav', 'syll': 'CVC', 'stress_unstress': 'Stressed', 'suffix': 'Match', 'present_past': 'present', 'corrAns': 'num_1', 'trigger_item': 0.0, 'trigger_senonset': 0.2, 'trigger_verbsonset': 0.78, 'trigger_1_F0': 0.9121902777777772, 'trigger_suffix': 1.20214212962962, 'trigger_2_F0': 1.27, 'ID_item': 101, 'ID_senonset': 10, 'ID_verbonset': 11, 'ID_1_F0': 12, 'ID_suffix': 13, 'ID_2_F0': 14, 'ms_senonset': 0, 'ms_verbonset': 0.58, 'ms_1_F0': 0.712190277777777, 'ms_suffix': 1.00214212962962, 'ms_2_F0': 1.07, 'file_name': '21a_mezclar.wav', 'item_id': 21, 'cond': 'a', 'thisN': 15, 'thisTrialN': 15, 'thisRepN': 0}>
2645.5823 	EXP 	Sound test_sound reached end of file
2645.5921 	EXP 	Sound test_sound started
2645.5843 	DATA 	Keypress: right
2645.5943 	EXP 	polygon_2: autoDraw = False
2645.5943 	EXP 	text_3: autoDraw = False
2645.5943 	EXP 	polygon_2: autoDraw = True
2647.5962 	EXP 	Sound test_sound reached end of file
2647.6091 	EXP 	Sound test_sound reached end of file
2647.6333 	EXP 	New trial (rep=0, index=16): <Trial 16 (16 in rep 0) data={'sounds': 'sounds/37b_pasar.wav', 'syll': 'CVC', 'stress_unstress': 'Unstressed', 'suffix': 'Mismatch', 'present_past': 'present', 'corrAns': 'num_1', 'trigger_item': 0.0, 'trigger_senonset': 0.2, 'trigger_verbsonset': 1.033132486979166, 'trigger_1_F0': 1.052087565104166, 'trigger_suffix': 1.159499674479166, 'trigger_2_F0': 1.27702115885416, 'ID_item': 101, 'ID_senonset': 20, 'ID_verbonset': 21, 'ID_1_F0': 22, 'ID_suffix': 23, 'ID_2_F0': 24, 'ms_senonset': 0, 'ms_verbonset': 0.833132486979166, 'ms_1_F0': 0.852087565104166, 'ms_suffix': 0.959499674479166, 'ms_2_F0': 1.07702115885416, 'file_name': '37b_pasar.wav', 'item_id': 37, 'cond': 'b', 'thisN': 16, 'thisTrialN': 16, 'thisRepN': 0}>
2647.6405 	EXP 	Sound test_sound reached end of file
2647.6425 	EXP 	Sound test_sound started
2647.6427 	DATA 	Keypress: right
2647.6509 	EXP 	polygon_2: autoDraw = False
2647.6509 	EXP 	text_3: autoDraw = False
2647.6509 	EXP 	polygon_2: autoDraw = True
2649.7349 	EXP 	Sound test_sound reached end of file
2649.7423 	EXP 	Sound test_sound reached end of file
2650.0121 	DATA 	Keypress: right
2650.0321 	EXP 	New trial (rep=0, index=17): <Trial 17 (17 in rep 0) data={'sounds': 'sounds/26a_bajar.wav', 'syll': 'CVC', 'stress_unstress': 'Stressed', 'suffix': 'Match', 'present_past': 'present', 'corrAns': 'num_1', 'trigger_item': 0.0, 'trigger_senonset': 0.2, 'trigger_verbsonset': 0.77, 'trigger_1_F0': 0.8999999999999999, 'trigger_suffix': 1.03, 'trigger_2_F0': 1.171181705729166, 'ID_item': 101, 'ID_senonset': 10, 'ID_verbonset': 11, 'ID_1_F0': 12, 'ID_suffix': 13, 'ID_2_F0': 14, 'ms_senonset': 0, 'ms_verbonset': 0.57, 'ms_1_F0': 0.7, 'ms_suffix': 0.83, 'ms_2_F0': 0.971181705729166, 'file_name': '26a_bajar.wav', 'item_id': 26, 'cond': 'a', 'thisN': 17, 'thisTrialN': 17, 'thisRepN': 0}>
2650.0391 	EXP 	Sound test_sound reached end of file
2650.0420 	EXP 	Sound test_sound started
2650.0509 	EXP 	polygon_2: autoDraw = False
2650.0509 	EXP 	text_3: autoDraw = False
2650.0509 	EXP 	polygon_2: autoDraw = True
2651.9818 	EXP 	Sound test_sound paused
2651.9851 	EXP 	New trial (rep=0, index=18): <Trial 18 (18 in rep 0) data={'sounds': 'sounds/02c_buscar.wav', 'syll': 'CVC', 'stress_unstress': 'Unstressed', 'suffix': 'Match', 'present_past': 'past', 'corrAns': 'num_2', 'trigger_item': 0.0, 'trigger_senonset': 0.2, 'trigger_verbsonset': 0.8700000000000001, 'trigger_1_F0': 1.07, 'trigger_suffix': 1.26, 'trigger_2_F0': 1.40703946035879, 'ID_item': 101, 'ID_senonset': 30, 'ID_verbonset': 31, 'ID_1_F0': 32, 'ID_suffix': 33, 'ID_2_F0': 34, 'ms_senonset': 0, 'ms_verbonset': 0.67, 'ms_1_F0': 0.87, 'ms_suffix': 1.06, 'ms_2_F0': 1.20703946035879, 'file_name': '02c_buscar.wav', 'item_id': 2, 'cond': 'c', 'thisN': 18, 'thisTrialN': 18, 'thisRepN': 0}>
2651.9919 	EXP 	Sound test_sound reached end of file
2651.9924 	EXP 	Sound test_sound started
2651.9940 	DATA 	Keypress: right
2652.0027 	EXP 	polygon_2: autoDraw = False
2652.0027 	EXP 	text_3: autoDraw = False
2652.0027 	EXP 	polygon_2: autoDraw = True
2653.9717 	EXP 	Sound test_sound paused
2653.9753 	EXP 	New trial (rep=0, index=19): <Trial 19 (19 in rep 0) data={'sounds': 'sounds/40c_gastar.wav', 'syll': 'CVC', 'stress_unstress': 'Unstressed', 'suffix': 'Match', 'present_past': 'past', 'corrAns': 'num_2', 'trigger_item': 0.0, 'trigger_senonset': 0.2, 'trigger_verbsonset': 0.8300000000000001, 'trigger_1_F0': 0.8400000000000001, 'trigger_suffix': 1.163436328125, 'trigger_2_F0': 1.183149609375, 'ID_item': 101, 'ID_senonset': 30, 'ID_verbonset': 31, 'ID_1_F0': 32, 'ID_suffix': 33, 'ID_2_F0': 34, 'ms_senonset': 0, 'ms_verbonset': 0.63, 'ms_1_F0': 0.64, 'ms_suffix': 0.963436328125, 'ms_2_F0': 0.983149609375, 'file_name': '40c_gastar.wav', 'item_id': 40, 'cond': 'c', 'thisN': 19, 'thisTrialN': 19, 'thisRepN': 0}>
2653.9820 	EXP 	Sound test_sound reached end of file
2653.9921 	EXP 	Sound test_sound started
2653.9842 	DATA 	Keypress: left
2653.9941 	EXP 	polygon_2: autoDraw = False
2653.9941 	EXP 	text_3: autoDraw = False
2653.9941 	EXP 	polygon_2: autoDraw = True
2655.7622 	EXP 	Sound test_sound paused
2655.7681 	DATA 	Keypress: left
2655.7704 	EXP 	polygon_2: autoDraw = False
2655.7704 	EXP 	text_3: autoDraw = True
2663.9445 	EXP 	New trial (rep=0, index=20): <Trial 20 (20 in rep 0) data={'sounds': 'sounds/27c_tirar.wav', 'syll': 'CVC', 'stress_unstress': 'Unstressed', 'suffix': 'Match', 'present_past': 'past', 'corrAns': 'num_2', 'trigger_item': 0.0, 'trigger_senonset': 0.2, 'trigger_verbsonset': 0.8119442057291659, 'trigger_1_F0': 0.8307495153356481, 'trigger_suffix': 0.9885306495949072, 'trigger_2_F0': 0.998621303530092, 'ID_item': 101, 'ID_senonset': 30, 'ID_verbonset': 31, 'ID_1_F0': 32, 'ID_suffix': 33, 'ID_2_F0': 34, 'ms_senonset': 0, 'ms_verbonset': 0.611944205729166, 'ms_1_F0': 0.630749515335648, 'ms_suffix': 0.788530649594907, 'ms_2_F0': 0.798621303530092, 'file_name': '27c_tirar.wav', 'item_id': 27, 'cond': 'c', 'thisN': 20, 'thisTrialN': 20, 'thisRepN': 0}>
2663.9495 	EXP 	Sound test_sound reached end of file
2663.9590 	EXP 	Sound test_sound started
2663.9519 	DATA 	Keypress: space
2663.9602 	EXP 	text_3: autoDraw = False
2663.9602 	EXP 	polygon_2: autoDraw = True
2665.7218 	EXP 	Sound test_sound paused
2665.7255 	EXP 	New trial (rep=0, index=21): <Trial 21 (21 in rep 0) data={'sounds': 'sounds/28d_parar.wav', 'syll': 'CVC', 'stress_unstress': 'Stressed', 'suffix': 'Mismatch', 'present_past': 'past', 'corrAns': 'num_2', 'trigger_item': 0.0, 'trigger_senonset': 0.2, 'trigger_verbsonset': 0.8458860026041659, 'trigger_1_F0': 0.862313736979166, 'trigger_suffix': 1.018194683159722, 'trigger_2_F0': 1.032797113715277, 'ID_item': 101, 'ID_senonset': 40, 'ID_verbonset': 41, 'ID_1_F0': 42, 'ID_suffix': 43, 'ID_2_F0': 44, 'ms_senonset': 0, 'ms_verbonset': 0.645886002604166, 'ms_1_F0': 0.662313736979166, 'ms_suffix': 0.818194683159722, 'ms_2_F0': 0.832797113715277, 'file_name': '28d_parar.wav', 'item_id': 28, 'cond': 'd', 'thisN': 21, 'thisTrialN': 21, 'thisRepN': 0}>
2665.7302 	EXP 	Sound test_sound reached end of file
2665.7429 	EXP 	Sound test_sound started
2665.7328 	DATA 	Keypress: left
2665.7412 	EXP 	polygon_2: autoDraw = False
2665.7412 	EXP 	text_3: autoDraw = False
2665.7412 	EXP 	polygon_2: autoDraw = True
2667.3817 	EXP 	Sound test_sound paused
2667.3861 	EXP 	New trial (rep=0, index=22): <Trial 22 (22 in rep 0) data={'sounds': 'sounds/32d_pulsar.wav', 'syll': 'CVC', 'stress_unstress': 'Stressed', 'suffix': 'Mismatch', 'present_past': 'past', 'corrAns': 'num_2', 'trigger_item': 0.0, 'trigger_senonset': 0.2, 'trigger_verbsonset': 0.796440212673611, 'trigger_1_F0': 0.8294641710069439, 'trigger_suffix': 0.99, 'trigger_2_F0': 1.097783832465277, 'ID_item': 101, 'ID_senonset': 40, 'ID_verbonset': 41, 'ID_1_F0': 42, 'ID_suffix': 43, 'ID_2_F0': 44, 'ms_senonset': 0, 'ms_verbonset': 0.596440212673611, 'ms_1_F0': 0.629464171006944, 'ms_suffix': 0.79, 'ms_2_F0': 0.897783832465277, 'file_name': '32d_pulsar.wav', 'item_id': 32, 'cond': 'd', 'thisN': 22, 'thisTrialN': 22, 'thisRepN': 0}>
2667.3920 	EXP 	Sound test_sound reached end of file
2667.3926 	EXP 	Sound test_sound started
2667.3945 	DATA 	Keypress: left
2667.4028 	EXP 	polygon_2: autoDraw = False
2667.4028 	EXP 	text_3: autoDraw = False
2667.4028 	EXP 	polygon_2: autoDraw = True
2669.0915 	EXP 	Sound test_sound paused
2669.0955 	EXP 	New trial (rep=0, index=23): <Trial 23 (23 in rep 0) data={'sounds': 'sounds/17d_tragar.wav', 'syll': 'CVC', 'stress_unstress': 'Stressed', 'suffix': 'Mismatch', 'present_past': 'past', 'corrAns': 'num_2', 'trigger_item': 0.0, 'trigger_senonset': 0.2, 'trigger_verbsonset': 1.070609360532407, 'trigger_1_F0': 1.117973654513888, 'trigger_suffix': 1.30915316840277, 'trigger_2_F0': 1.35458539534397, 'ID_item': 101, 'ID_senonset': 40, 'ID_verbonset': 41, 'ID_1_F0': 42, 'ID_suffix': 43, 'ID_2_F0': 44, 'ms_senonset': 0, 'ms_verbonset': 0.870609360532407, 'ms_1_F0': 0.917973654513888, 'ms_suffix': 1.10915316840277, 'ms_2_F0': 1.15458539534397, 'file_name': '17d_tragar.wav', 'item_id': 17, 'cond': 'd', 'thisN': 23, 'thisTrialN': 23, 'thisRepN': 0}>
2669.1020 	EXP 	Sound test_sound reached end of file
2669.1093 	EXP 	Sound test_sound started
2669.1041 	DATA 	Keypress: left
2669.1127 	EXP 	polygon_2: autoDraw = False
2669.1127 	EXP 	text_3: autoDraw = False
2669.1127 	EXP 	polygon_2: autoDraw = True
2671.2319 	EXP 	Sound test_sound paused
2671.2365 	EXP 	New trial (rep=0, index=24): <Trial 24 (24 in rep 0) data={'sounds': 'sounds/38b_pagar.wav', 'syll': 'CVC', 'stress_unstress': 'Unstressed', 'suffix': 'Mismatch', 'present_past': 'present', 'corrAns': 'num_1', 'trigger_item': 0.0, 'trigger_senonset': 0.2, 'trigger_verbsonset': 1.166737304687499, 'trigger_1_F0': 1.185271158854166, 'trigger_suffix': 1.29521061197916, 'trigger_2_F0': 1.4055712890624898, 'ID_item': 101, 'ID_senonset': 20, 'ID_verbonset': 21, 'ID_1_F0': 22, 'ID_suffix': 23, 'ID_2_F0': 24, 'ms_senonset': 0, 'ms_verbonset': 0.966737304687499, 'ms_1_F0': 0.985271158854166, 'ms_suffix': 1.09521061197916, 'ms_2_F0': 1.20557128906249, 'file_name': '38b_pagar.wav', 'item_id': 38, 'cond': 'b', 'thisN': 24, 'thisTrialN': 24, 'thisRepN': 0}>
2671.2426 	EXP 	Sound test_sound reached end of file
2671.2592 	EXP 	Sound test_sound started
2671.2448 	DATA 	Keypress: left
2671.2534 	EXP 	polygon_2: autoDraw = False
2671.2534 	EXP 	text_3: autoDraw = False
2671.2534 	EXP 	polygon_2: autoDraw = True
2673.4821 	EXP 	Sound test_sound reached end of file
2673.4930 	EXP 	Sound test_sound reached end of file
2673.5483 	EXP 	New trial (rep=0, index=25): <Trial 25 (25 in rep 0) data={'sounds': 'sounds/31d_tocar.wav', 'syll': 'CVC', 'stress_unstress': 'Stressed', 'suffix': 'Mismatch', 'present_past': 'past', 'corrAns': 'num_2', 'trigger_item': 0.0, 'trigger_senonset': 0.2, 'trigger_verbsonset': 0.8493931756807, 'trigger_1_F0': 0.8650112062639721, 'trigger_suffix': 1.006860547391531, 'trigger_2_F0': 1.049162047334928, 'ID_item': 101, 'ID_senonset': 40, 'ID_verbonset': 41, 'ID_1_F0': 42, 'ID_suffix': 43, 'ID_2_F0': 44, 'ms_senonset': 0, 'ms_verbonset': 0.6493931756807, 'ms_1_F0': 0.665011206263972, 'ms_suffix': 0.806860547391531, 'ms_2_F0': 0.849162047334928, 'file_name': '31d_tocar.wav', 'item_id': 31, 'cond': 'd', 'thisN': 25, 'thisTrialN': 25, 'thisRepN': 0}>
2673.5544 	EXP 	Sound test_sound reached end of file
2673.5593 	EXP 	Sound test_sound started
2673.5565 	DATA 	Keypress: left
2673.5652 	EXP 	polygon_2: autoDraw = False
2673.5652 	EXP 	text_3: autoDraw = False
2673.5652 	EXP 	polygon_2: autoDraw = True
2675.4446 	EXP 	Sound test_sound reached end of file
2675.4602 	EXP 	Sound test_sound reached end of file
2675.6325 	EXP 	New trial (rep=0, index=26): <Trial 26 (26 in rep 0) data={'sounds': 'sounds/33b_culpar.wav', 'syll': 'CVC', 'stress_unstress': 'Unstressed', 'suffix': 'Mismatch', 'present_past': 'present', 'corrAns': 'num_1', 'trigger_item': 0.0, 'trigger_senonset': 0.2, 'trigger_verbsonset': 0.8606178431336959, 'trigger_1_F0': 0.869103678029107, 'trigger_suffix': 1.109891641372144, 'trigger_2_F0': 1.131540467434179, 'ID_item': 101, 'ID_senonset': 20, 'ID_verbonset': 21, 'ID_1_F0': 22, 'ID_suffix': 23, 'ID_2_F0': 24, 'ms_senonset': 0, 'ms_verbonset': 0.660617843133696, 'ms_1_F0': 0.669103678029107, 'ms_suffix': 0.909891641372144, 'ms_2_F0': 0.931540467434179, 'file_name': '33b_culpar.wav', 'item_id': 33, 'cond': 'b', 'thisN': 26, 'thisTrialN': 26, 'thisRepN': 0}>
2675.6398 	EXP 	Sound test_sound reached end of file
2675.6426 	EXP 	Sound test_sound started
2675.6430 	DATA 	Keypress: left
2675.6525 	EXP 	polygon_2: autoDraw = False
2675.6525 	EXP 	text_3: autoDraw = False
2675.6525 	EXP 	polygon_2: autoDraw = True
2677.7956 	EXP 	Sound test_sound reached end of file
2677.8100 	EXP 	Sound test_sound reached end of file
2678.1987 	EXP 	New trial (rep=0, index=27): <Trial 27 (27 in rep 0) data={'sounds': 'sounds/29a_pesar.wav', 'syll': 'CVC', 'stress_unstress': 'Stressed', 'suffix': 'Match', 'present_past': 'present', 'corrAns': 'num_1', 'trigger_item': 0.0, 'trigger_senonset': 0.2, 'trigger_verbsonset': 0.91328417532552, 'trigger_1_F0': 0.925531286730473, 'trigger_suffix': 1.03, 'trigger_2_F0': 1.150619522602117, 'ID_item': 101, 'ID_senonset': 10, 'ID_verbonset': 11, 'ID_1_F0': 12, 'ID_suffix': 13, 'ID_2_F0': 14, 'ms_senonset': 0, 'ms_verbonset': 0.71328417532552, 'ms_1_F0': 0.725531286730473, 'ms_suffix': 0.83, 'ms_2_F0': 0.950619522602117, 'file_name': '29a_pesar.wav', 'item_id': 29, 'cond': 'a', 'thisN': 27, 'thisTrialN': 27, 'thisRepN': 0}>
2678.2062 	EXP 	Sound test_sound reached end of file
2678.2093 	EXP 	Sound test_sound started
2678.2089 	DATA 	Keypress: right
2678.2175 	EXP 	polygon_2: autoDraw = False
2678.2175 	EXP 	text_3: autoDraw = False
2678.2175 	EXP 	polygon_2: autoDraw = True
2680.1109 	EXP 	Sound test_sound reached end of file
2680.1261 	EXP 	Sound test_sound reached end of file
2680.2300 	DATA 	Keypress: right
2680.2496 	EXP 	New trial (rep=0, index=28): <Trial 28 (28 in rep 0) data={'sounds': 'sounds/03b_limpiar.wav', 'syll': 'CVC', 'stress_unstress': 'Unstressed', 'suffix': 'Mismatch', 'present_past': 'present', 'corrAns': 'num_1', 'trigger_item': 0.0, 'trigger_senonset': 0.2, 'trigger_verbsonset': 0.8500000000000001, 'trigger_1_F0': 0.932367621527777, 'trigger_suffix': 1.26878515625, 'trigger_2_F0': 1.35808463541666, 'ID_item': 101, 'ID_senonset': 20, 'ID_verbonset': 21, 'ID_1_F0': 22, 'ID_suffix': 23, 'ID_2_F0': 24, 'ms_senonset': 0, 'ms_verbonset': 0.65, 'ms_1_F0': 0.732367621527777, 'ms_suffix': 1.06878515625, 'ms_2_F0': 1.15808463541666, 'file_name': '03b_limpiar.wav', 'item_id': 3, 'cond': 'b', 'thisN': 28, 'thisTrialN': 28, 'thisRepN': 0}>
2680.2571 	EXP 	Sound test_sound reached end of file
2680.2597 	EXP 	Sound test_sound started
2680.2684 	EXP 	polygon_2: autoDraw = False
2680.2684 	EXP 	text_3: autoDraw = False
2680.2684 	EXP 	polygon_2: autoDraw = True
2682.3420 	EXP 	Sound test_sound paused
2682.3462 	EXP 	New trial (rep=0, index=29): <Trial 29 (29 in rep 0) data={'sounds': 'sounds/39b_manchar.wav', 'syll': 'CVC', 'stress_unstress': 'Unstressed', 'suffix': 'Mismatch', 'present_past': 'present', 'corrAns': 'num_1', 'trigger_item': 0.0, 'trigger_senonset': 0.2, 'trigger_verbsonset': 0.81, 'trigger_1_F0': 0.91203755787037, 'trigger_suffix': 1.140584317129629, 'trigger_2_F0': 1.2139708912037, 'ID_item': 101, 'ID_senonset': 20, 'ID_verbonset': 21, 'ID_1_F0': 22, 'ID_suffix': 23, 'ID_2_F0': 24, 'ms_senonset': 0, 'ms_verbonset': 0.61, 'ms_1_F0': 0.71203755787037, 'ms_suffix': 0.940584317129629, 'ms_2_F0': 1.0139708912037, 'file_name': '39b_manchar.wav', 'item_id': 39, 'cond': 'b', 'thisN': 29, 'thisTrialN': 29, 'thisRepN': 0}>
2682.3523 	EXP 	Sound test_sound reached end of file
2682.3595 	EXP 	Sound test_sound started
2682.3541 	DATA 	Keypress: right
2682.3628 	EXP 	polygon_2: autoDraw = False
2682.3628 	EXP 	text_3: autoDraw = False
2682.3628 	EXP 	polygon_2: autoDraw = True
2684.5830 	EXP 	Sound test_sound reached end of file
2684.5934 	EXP 	Sound test_sound reached end of file
2686.8189 	DATA 	Keypress: right
2686.8262 	EXP 	polygon_2: autoDraw = False
2686.8262 	EXP 	text_3: autoDraw = True
2694.7292 	EXP 	New trial (rep=0, index=30): <Trial 30 (30 in rep 0) data={'sounds': 'sounds/10d_vender.wav', 'syll': 'CVC', 'stress_unstress': 'Stressed', 'suffix': 'Mismatch', 'present_past': 'past', 'corrAns': 'num_2', 'trigger_item': 0.0, 'trigger_senonset': 0.2, 'trigger_verbsonset': 0.832830209056713, 'trigger_1_F0': 0.8775468199411529, 'trigger_suffix': 1.109501330306288, 'trigger_2_F0': 1.158928471023364, 'ID_item': 101, 'ID_senonset': 40, 'ID_verbonset': 41, 'ID_1_F0': 42, 'ID_suffix': 43, 'ID_2_F0': 44, 'ms_senonset': 0, 'ms_verbonset': 0.632830209056713, 'ms_1_F0': 0.677546819941153, 'ms_suffix': 0.909501330306288, 'ms_2_F0': 0.958928471023364, 'file_name': '10d_vender.wav', 'item_id': 10, 'cond': 'd', 'thisN': 30, 'thisTrialN': 30, 'thisRepN': 0}>
2694.7360 	EXP 	Sound test_sound reached end of file
2694.7431 	EXP 	Sound test_sound started
2694.7389 	DATA 	Keypress: space
2694.7478 	EXP 	text_3: autoDraw = False
2694.7478 	EXP 	polygon_2: autoDraw = True
2696.6331 	EXP 	Sound test_sound reached end of file
2696.6434 	EXP 	Sound test_sound reached end of file
2696.9498 	EXP 	New trial (rep=0, index=31): <Trial 31 (31 in rep 0) data={'sounds': 'sounds/23a_tomar.wav', 'syll': 'CVC', 'stress_unstress': 'Stressed', 'suffix': 'Match', 'present_past': 'present', 'corrAns': 'num_1', 'trigger_item': 0.0, 'trigger_senonset': 0.2, 'trigger_verbsonset': 0.9453179615162032, 'trigger_1_F0': 0.95, 'trigger_suffix': 1.08, 'trigger_2_F0': 1.158644495081018, 'ID_item': 101, 'ID_senonset': 10, 'ID_verbonset': 11, 'ID_1_F0': 12, 'ID_suffix': 13, 'ID_2_F0': 14, 'ms_senonset': 0, 'ms_verbonset': 0.745317961516203, 'ms_1_F0': 0.75, 'ms_suffix': 0.88, 'ms_2_F0': 0.958644495081018, 'file_name': '23a_tomar.wav', 'item_id': 23, 'cond': 'a', 'thisN': 31, 'thisTrialN': 31, 'thisRepN': 0}>
2696.9555 	EXP 	Sound test_sound reached end of file
2696.9598 	EXP 	Sound test_sound started
2696.9583 	DATA 	Keypress: left
2696.9675 	EXP 	polygon_2: autoDraw = False
2696.9675 	EXP 	text_3: autoDraw = False
2696.9675 	EXP 	polygon_2: autoDraw = True
2698.8457 	EXP 	Sound test_sound reached end of file
2698.8607 	EXP 	Sound test_sound reached end of file
2698.9803 	DATA 	Keypress: right
2699.0010 	EXP 	New trial (rep=0, index=32): <Trial 32 (32 in rep 0) data={'sounds': 'sounds/19a_marcar.wav', 'syll': 'CVC', 'stress_unstress': 'Stressed', 'suffix': 'Match', 'present_past': 'present', 'corrAns': 'num_1', 'trigger_item': 0.0, 'trigger_senonset': 0.2, 'trigger_verbsonset': 0.8400000000000001, 'trigger_1_F0': 0.97, 'trigger_suffix': 1.245718359375, 'trigger_2_F0': 1.273519140625, 'ID_item': 101, 'ID_senonset': 10, 'ID_verbonset': 11, 'ID_1_F0': 12, 'ID_suffix': 13, 'ID_2_F0': 14, 'ms_senonset': 0, 'ms_verbonset': 0.64, 'ms_1_F0': 0.77, 'ms_suffix': 1.045718359375, 'ms_2_F0': 1.073519140625, 'file_name': '19a_marcar.wav', 'item_id': 19, 'cond': 'a', 'thisN': 32, 'thisTrialN': 32, 'thisRepN': 0}>
2699.0090 	EXP 	Sound test_sound reached end of file
2699.0101 	EXP 	Sound test_sound started
2699.0206 	EXP 	polygon_2: autoDraw = False
2699.0206 	EXP 	text_3: autoDraw = False
2699.0206 	EXP 	polygon_2: autoDraw = True
2700.8936 	EXP 	Sound test_sound reached end of file
2700.9101 	EXP 	Sound test_sound reached end of file
2701.4011 	EXP 	New trial (rep=0, index=33): <Trial 33 (33 in rep 0) data={'sounds': 'sounds/16a_llevar.wav', 'syll': 'CVC', 'stress_unstress': 'Stressed', 'suffix': 'Match', 'present_past': 'present', 'corrAns': 'num_1', 'trigger_item': 0.0, 'trigger_senonset': 0.2, 'trigger_verbsonset': 0.929084516317274, 'trigger_1_F0': 0.964936524692279, 'trigger_suffix': 1.08, 'trigger_2_F0': 1.131864014418682, 'ID_item': 101, 'ID_senonset': 10, 'ID_verbonset': 11, 'ID_1_F0': 12, 'ID_suffix': 13, 'ID_2_F0': 14, 'ms_senonset': 0, 'ms_verbonset': 0.729084516317274, 'ms_1_F0': 0.764936524692279, 'ms_suffix': 0.88, 'ms_2_F0': 0.931864014418682, 'file_name': '16a_llevar.wav', 'item_id': 16, 'cond': 'a', 'thisN': 33, 'thisTrialN': 33, 'thisRepN': 0}>
2701.4072 	EXP 	Sound test_sound reached end of file
2701.4100 	EXP 	Sound test_sound started
2701.4096 	DATA 	Keypress: right
2701.4191 	EXP 	polygon_2: autoDraw = False
2701.4191 	EXP 	text_3: autoDraw = False
2701.4191 	EXP 	polygon_2: autoDraw = True
2703.2822 	EXP 	Sound test_sound paused
2703.2865 	EXP 	New trial (rep=0, index=34): <Trial 34 (34 in rep 0) data={'sounds': 'sounds/34c_formar.wav', 'syll': 'CVC', 'stress_unstress': 'Unstressed', 'suffix': 'Match', 'present_past': 'past', 'corrAns': 'num_2', 'trigger_item': 0.0, 'trigger_senonset': 0.2, 'trigger_verbsonset': 0.876373676215277, 'trigger_1_F0': 0.992687651909722, 'trigger_suffix': 1.14, 'trigger_2_F0': 1.26319767795138, 'ID_item': 101, 'ID_senonset': 30, 'ID_verbonset': 31, 'ID_1_F0': 32, 'ID_suffix': 33, 'ID_2_F0': 34, 'ms_senonset': 0, 'ms_verbonset': 0.676373676215277, 'ms_1_F0': 0.792687651909722, 'ms_suffix': 0.94, 'ms_2_F0': 1.06319767795138, 'file_name': '34c_formar.wav', 'item_id': 34, 'cond': 'c', 'thisN': 34, 'thisTrialN': 34, 'thisRepN': 0}>
2703.2941 	EXP 	Sound test_sound reached end of file
2703.3102 	EXP 	Sound test_sound started
2703.2971 	DATA 	Keypress: right
2703.3054 	EXP 	polygon_2: autoDraw = False
2703.3054 	EXP 	text_3: autoDraw = False
2703.3054 	EXP 	polygon_2: autoDraw = True
2705.1921 	EXP 	Sound test_sound paused
2705.1970 	EXP 	New trial (rep=0, index=35): <Trial 35 (35 in rep 0) data={'sounds': 'sounds/06d_soplar.wav', 'syll': 'CVC', 'stress_unstress': 'Stressed', 'suffix': 'Mismatch', 'present_past': 'past', 'corrAns': 'num_2', 'trigger_item': 0.0, 'trigger_senonset': 0.2, 'trigger_verbsonset': 0.761291666666666, 'trigger_1_F0': 0.8899999999999999, 'trigger_suffix': 1.102139687590422, 'trigger_2_F0': 1.166665581687644, 'ID_item': 101, 'ID_senonset': 40, 'ID_verbonset': 41, 'ID_1_F0': 42, 'ID_suffix': 43, 'ID_2_F0': 44, 'ms_senonset': 0, 'ms_verbonset': 0.561291666666666, 'ms_1_F0': 0.69, 'ms_suffix': 0.902139687590422, 'ms_2_F0': 0.966665581687644, 'file_name': '06d_soplar.wav', 'item_id': 6, 'cond': 'd', 'thisN': 35, 'thisTrialN': 35, 'thisRepN': 0}>
2705.2039 	EXP 	Sound test_sound reached end of file
2705.2101 	EXP 	Sound test_sound started
2705.2066 	DATA 	Keypress: left
2705.2157 	EXP 	polygon_2: autoDraw = False
2705.2157 	EXP 	text_3: autoDraw = False
2705.2157 	EXP 	polygon_2: autoDraw = True
2707.0772 	EXP 	Sound test_sound reached end of file
2707.0940 	EXP 	Sound test_sound reached end of file
2707.2509 	EXP 	New trial (rep=0, index=36): <Trial 36 (36 in rep 0) data={'sounds': 'sounds/01d_salvar.wav', 'syll': 'CVC', 'stress_unstress': 'Stressed', 'suffix': 'Mismatch', 'present_past': 'past', 'corrAns': 'num_2', 'trigger_item': 0.0, 'trigger_senonset': 0.2, 'trigger_verbsonset': 0.8500000000000001, 'trigger_1_F0': 0.996069502314814, 'trigger_suffix': 1.23, 'trigger_2_F0': 1.29, 'ID_item': 101, 'ID_senonset': 40, 'ID_verbonset': 41, 'ID_1_F0': 42, 'ID_suffix': 43, 'ID_2_F0': 44, 'ms_senonset': 0, 'ms_verbonset': 0.65, 'ms_1_F0': 0.796069502314814, 'ms_suffix': 1.03, 'ms_2_F0': 1.09, 'file_name': '01d_salvar.wav', 'item_id': 1, 'cond': 'd', 'thisN': 36, 'thisTrialN': 36, 'thisRepN': 0}>
2707.2584 	EXP 	Sound test_sound reached end of file
2707.2602 	EXP 	Sound test_sound started
2707.2618 	DATA 	Keypress: left
2707.2703 	EXP 	polygon_2: autoDraw = False
2707.2703 	EXP 	text_3: autoDraw = False
2707.2703 	EXP 	polygon_2: autoDraw = True
2709.3106 	EXP 	Sound test_sound reached end of file
2709.3271 	EXP 	Sound test_sound reached end of file
2709.4003 	EXP 	New trial (rep=0, index=37): <Trial 37 (37 in rep 0) data={'sounds': 'sounds/14b_borrar.wav', 'syll': 'CVC', 'stress_unstress': 'Unstressed', 'suffix': 'Mismatch', 'present_past': 'present', 'corrAns': 'num_1', 'trigger_item': 0.0, 'trigger_senonset': 0.2, 'trigger_verbsonset': 0.72, 'trigger_1_F0': 0.770187630208333, 'trigger_suffix': 0.851961241319444, 'trigger_2_F0': 0.964399956597222, 'ID_item': 101, 'ID_senonset': 20, 'ID_verbonset': 21, 'ID_1_F0': 22, 'ID_suffix': 23, 'ID_2_F0': 24, 'ms_senonset': 0, 'ms_verbonset': 0.52, 'ms_1_F0': 0.570187630208333, 'ms_suffix': 0.651961241319444, 'ms_2_F0': 0.764399956597222, 'file_name': '14b_borrar.wav', 'item_id': 14, 'cond': 'b', 'thisN': 37, 'thisTrialN': 37, 'thisRepN': 0}>
2709.4071 	EXP 	Sound test_sound reached end of file
2709.4106 	EXP 	Sound test_sound started
2709.4104 	DATA 	Keypress: left
2709.4188 	EXP 	polygon_2: autoDraw = False
2709.4188 	EXP 	text_3: autoDraw = False
2709.4188 	EXP 	polygon_2: autoDraw = True
2711.3451 	EXP 	Sound test_sound reached end of file
2711.3605 	EXP 	Sound test_sound reached end of file
2712.0665 	EXP 	New trial (rep=0, index=38): <Trial 38 (38 in rep 0) data={'sounds': 'sounds/07c_tumbar.wav', 'syll': 'CVC', 'stress_unstress': 'Unstressed', 'suffix': 'Match', 'present_past': 'past', 'corrAns': 'num_2', 'trigger_item': 0.0, 'trigger_senonset': 0.2, 'trigger_verbsonset': 0.9084024930273432, 'trigger_1_F0': 0.9247360728973012, 'trigger_suffix': 1.143289673625005, 'trigger_2_F0': 1.154847989033482, 'ID_item': 101, 'ID_senonset': 30, 'ID_verbonset': 31, 'ID_1_F0': 32, 'ID_suffix': 33, 'ID_2_F0': 34, 'ms_senonset': 0, 'ms_verbonset': 0.708402493027343, 'ms_1_F0': 0.724736072897301, 'ms_suffix': 0.943289673625005, 'ms_2_F0': 0.954847989033482, 'file_name': '07c_tumbar.wav', 'item_id': 7, 'cond': 'c', 'thisN': 38, 'thisTrialN': 38, 'thisRepN': 0}>
2712.0728 	EXP 	Sound test_sound reached end of file
2712.0770 	EXP 	Sound test_sound started
2712.0753 	DATA 	Keypress: right
2712.0834 	EXP 	polygon_2: autoDraw = False
2712.0834 	EXP 	text_3: autoDraw = False
2712.0834 	EXP 	polygon_2: autoDraw = True
2714.0129 	EXP 	Sound test_sound reached end of file
2714.0273 	EXP 	Sound test_sound reached end of file
2714.2839 	EXP 	New trial (rep=0, index=39): <Trial 39 (39 in rep 0) data={'sounds': 'sounds/13c_montar.wav', 'syll': 'CVC', 'stress_unstress': 'Unstressed', 'suffix': 'Match', 'present_past': 'past', 'corrAns': 'num_2', 'trigger_item': 0.0, 'trigger_senonset': 0.2, 'trigger_verbsonset': 0.8800000000000001, 'trigger_1_F0': 0.98, 'trigger_suffix': 1.24543012152777, 'trigger_2_F0': 1.2594709201388798, 'ID_item': 101, 'ID_senonset': 30, 'ID_verbonset': 31, 'ID_1_F0': 32, 'ID_suffix': 33, 'ID_2_F0': 34, 'ms_senonset': 0, 'ms_verbonset': 0.68, 'ms_1_F0': 0.78, 'ms_suffix': 1.04543012152777, 'ms_2_F0': 1.05947092013888, 'file_name': '13c_montar.wav', 'item_id': 13, 'cond': 'c', 'thisN': 39, 'thisTrialN': 39, 'thisRepN': 0}>
2714.2919 	EXP 	Sound test_sound reached end of file
2714.2938 	EXP 	Sound test_sound started
2714.2948 	DATA 	Keypress: left
2714.3042 	EXP 	polygon_2: autoDraw = False
2714.3042 	EXP 	text_3: autoDraw = False
2714.3042 	EXP 	polygon_2: autoDraw = True
2716.5716 	EXP 	Sound test_sound reached end of file
2716.5774 	EXP 	Sound test_sound reached end of file
2717.0192 	DATA 	Keypress: left
2717.0269 	EXP 	polygon_2: autoDraw = False
2717.0269 	EXP 	text_3: autoDraw = False
2717.0269 	EXP 	text_2: autoDraw = True
2725.5381 	DATA 	Keypress: space
2725.5408 	EXP 	text_2: autoDraw = False
2725.5410 	EXP 	LangExperimentstress: status = STOPPED
