9.7158 	WARNING 	User requested fullscreen with size [1536  864], but screen is actually [1920, 1080]. Using actual size
9.9084 	EXP 	Created window1 = Window(allowGUI=False, allowStencil=False, autoLog=True, backendConf=UNKNOWN, backgroundFit=<method-wrapper '__getattribute__' of attributeSetter object at 0x00000250D7207F70>, backgroundImage=<method-wrapper '__getattribute__' of attributeSetter object at 0x00000250D7207F10>, bitsMode=UNKNOWN, blendMode='avg', bpc=(8, 8, 8), color=array([0, 0, 0]), colorSpace='rgb', depthBits=8, fullscr=True, gamma=None, gammaErrorPolicy='raise', infoMsg=UNKNOWN, lms=UNKNOWN, monitor=<psychopy.monitors.calibTools.Monitor object at 0x00000250DF4E0EB0>, multiSample=False, name='window1', numSamples=2, pos=[0.0, 0.0], screen=0, size=array([1920, 1080]), stencilBits=0, stereo=False, title='PsychoPy', units='height', useFBO=True, useRetina=False, viewOri=0.0, viewPos=None, viewScale=None, waitBlanking=True, winType='pyglet')
9.9085 	EXP 	window1: backgroundImage = ''
9.9085 	EXP 	window1: backgroundFit = 'none'
9.9627 	EXP 	window1: Attempting to measure frame rate of screen (0) ...
9.9627 	EXP 	window1: recordFrameIntervals = False
10.1258 	EXP 	window1: recordFrameIntervals = True
10.3092 	EXP 	Screen (0) actual frame rate measured at 60.06Hz
10.3093 	EXP 	window1: recordFrameIntervals = False
12.8238 	EXP 	LangExperimentstress: status = STARTED
12.9099 	EXP 	Created instr = TextStim(__class__=<class 'psychopy.visual.text.TextStim'>, alignHoriz=method-wrapper(...), alignText='center', alignVert=method-wrapper(...), anchorHoriz='center', anchorVert='center', antialias=True, autoDraw=False, autoLog=True, bold=False, color=array([1., 1., 1.]), colorSpace='rgb', contrast=1.0, depth=0.0, draggable=False, flipHoriz=False, flipVert=False, font='Arial', fontFiles=[], height=0.08, italic=False, languageStyle='LTR', name='instr', opacity=1, ori=0, pos=array([0., 0.]), rgb=UNKNOWN, text=str(...), units='height', win=Window(...), wrapWidth=1)
13.6634 	EXP 	Sound test_sound_2 set volume 1.000
13.6671 	EXP 	Created polygon = ShapeStim(__class__=<class 'psychopy.visual.shape.ShapeStim'>, anchor=('center', 'center'), autoDraw=False, autoLog=True, closeShape=True, color=method-wrapper(...), colorSpace='rgb', contrast=None, depth=-2.0, draggable=False, fillColor=array([-1, -1, -1]), fillColorSpace='rgb', fillRGB=array([-1, -1, -1]), interpolate=True, lineColor=array([-1., -1., -1.]), lineColorSpace='rgb', lineRGB=array([-1, -1, -1]), lineWidth=1, name='polygon', opacity=1, ori=0.0, pos=array([0., 0.]), size=array([0.15, 0.15]), units='height', vertices=ndarray(...), win=Window(...), windingRule=None)
13.6786 	EXP 	Created text_3 = TextStim(__class__=<class 'psychopy.visual.text.TextStim'>, alignHoriz=method-wrapper(...), alignText='center', alignVert=method-wrapper(...), anchorHoriz='center', anchorVert='center', antialias=True, autoDraw=False, autoLog=True, bold=False, color=array([1., 1., 1.]), colorSpace='rgb', contrast=1.0, depth=0.0, draggable=False, flipHoriz=False, flipVert=False, font='Arial', fontFiles=[], height=0.1, italic=False, languageStyle='LTR', name='text_3', opacity=1, ori=0, pos=array([0., 0.]), rgb=UNKNOWN, text=str(...), units='height', win=Window(...), wrapWidth=1)
13.6843 	EXP 	Created instr = TextStim(__class__=<class 'psychopy.visual.text.TextStim'>, alignHoriz=method-wrapper(...), alignText='center', alignVert=method-wrapper(...), anchorHoriz='center', anchorVert='center', antialias=True, autoDraw=False, autoLog=True, bold=False, color=array([1., 1., 1.]), colorSpace='rgb', contrast=1.0, depth=0.0, draggable=False, flipHoriz=False, flipVert=False, font='Arial', fontFiles=[], height=0.08, italic=False, languageStyle='LTR', name='instr', opacity=1, ori=0, pos=array([0., 0.]), rgb=UNKNOWN, text=str(...), units='height', win=Window(...), wrapWidth=1)
13.8265 	EXP 	Sound test_sound set volume 1.000
13.8281 	EXP 	Created polygon_2 = ShapeStim(__class__=<class 'psychopy.visual.shape.ShapeStim'>, anchor=('center', 'center'), autoDraw=False, autoLog=True, closeShape=True, color=method-wrapper(...), colorSpace='rgb', contrast=None, depth=-2.0, draggable=False, fillColor=array([-1, -1, -1]), fillColorSpace='rgb', fillRGB=array([-1, -1, -1]), interpolate=True, lineColor=array([-1., -1., -1.]), lineColorSpace='rgb', lineRGB=array([-1, -1, -1]), lineWidth=1, name='polygon_2', opacity=1, ori=0.0, pos=array([0., 0.]), size=array([0.15, 0.15]), units='height', vertices=ndarray(...), win=Window(...), windingRule=None)
13.8315 	EXP 	Created text_3 = TextStim(__class__=<class 'psychopy.visual.text.TextStim'>, alignHoriz=method-wrapper(...), alignText='center', alignVert=method-wrapper(...), anchorHoriz='center', anchorVert='center', antialias=True, autoDraw=False, autoLog=True, bold=False, color=array([1., 1., 1.]), colorSpace='rgb', contrast=1.0, depth=0.0, draggable=False, flipHoriz=False, flipVert=False, font='Arial', fontFiles=[], height=0.1, italic=False, languageStyle='LTR', name='text_3', opacity=1, ori=0, pos=array([0., 0.]), rgb=UNKNOWN, text=str(...), units='height', win=Window(...), wrapWidth=1)
13.8417 	EXP 	Created text_2 = TextStim(__class__=<class 'psychopy.visual.text.TextStim'>, alignHoriz=method-wrapper(...), alignText='center', alignVert=method-wrapper(...), anchorHoriz='center', anchorVert='center', antialias=True, autoDraw=False, autoLog=True, bold=False, color=array([1., 1., 1.]), colorSpace='rgb', contrast=1.0, depth=0.0, draggable=False, flipHoriz=False, flipVert=False, font='Arial', fontFiles=[], height=0.1, italic=False, languageStyle='LTR', name='text_2', opacity=1, ori=0, pos=array([0., 0.]), rgb=UNKNOWN, text=str(...), units='height', win=Window(...), wrapWidth=1)
0.0167 	EXP 	instr: autoDraw = True
2937.4975 	EXP 	Imported selected_practice.csv as conditions, 4 conditions, 27 params
2937.4996 	EXP 	New trial (rep=0, index=0): <Trial 0 (0 in rep 0) data={'sounds': 'sounds/p1a_saltar.wav', 'syll': 'CVC', 'stress_unstress': 'Stressed', 'suffix': 'Match', 'present_past': 'present', 'corrAns': 'num_1', 'trigger_item': 0.0, 'trigger_senonset': 0.205513, 'trigger_verbsonset': 0.8629519999999999, 'trigger_1_F0': 0.984841, 'trigger_suffix': 1.219715, 'trigger_2_F0': 1.27, 'ID_item': 101, 'ID_senonset': 10, 'ID_verbonset': 11, 'ID_1_F0': 12, 'ID_suffix': 13, 'ID_2_F0': 14, 'ms_senonset': 0.005513, 'ms_verbonset': 0.662952, 'ms_1_F0': 0.784841, 'ms_suffix': 1.019715, 'ms_2_F0': 1.07, 'file_name': 'p1a_saltar.wav', 'sentence': 'p1', 'cond': 'a', 'combo': 'p1a', 'thisN': 0, 'thisTrialN': 0, 'thisRepN': 0}>
2937.5033 	EXP 	Sound test_sound_2 reached end of file
2937.5185 	EXP 	Sound test_sound_2 started
2937.5047 	DATA 	Keypress: space
2937.5149 	EXP 	instr: autoDraw = False
2937.5149 	EXP 	polygon: autoDraw = True
2939.7319 	EXP 	Sound test_sound_2 reached end of file
2939.7379 	EXP 	Sound test_sound_2 reached end of file
2940.4419 	EXP 	New trial (rep=0, index=1): <Trial 1 (1 in rep 0) data={'sounds': 'sounds/p2b_cortar.wav', 'syll': 'CVC', 'stress_unstress': 'Unstressed', 'suffix': 'Mismatch', 'present_past': 'present', 'corrAns': 'num_1', 'trigger_item': 0.0, 'trigger_senonset': 0.205513, 'trigger_verbsonset': 0.8629519999999999, 'trigger_1_F0': 0.984841, 'trigger_suffix': 1.219715, 'trigger_2_F0': 1.27, 'ID_item': 101, 'ID_senonset': 20, 'ID_verbonset': 21, 'ID_1_F0': 22, 'ID_suffix': 23, 'ID_2_F0': 24, 'ms_senonset': 0.005513, 'ms_verbonset': 0.662952, 'ms_1_F0': 0.784841, 'ms_suffix': 1.019715, 'ms_2_F0': 1.07, 'file_name': 'p2b_cortar.wav', 'sentence': 'p2', 'cond': 'b', 'combo': 'p2b', 'thisN': 1, 'thisTrialN': 1, 'thisRepN': 0}>
2940.4476 	EXP 	Sound test_sound_2 reached end of file
2940.4516 	EXP 	Sound test_sound_2 started
2940.4505 	DATA 	Keypress: right
2940.4595 	EXP 	polygon: autoDraw = False
2940.4595 	EXP 	text_3: autoDraw = False
2940.4595 	EXP 	polygon: autoDraw = True
2942.7021 	EXP 	Sound test_sound_2 reached end of file
2942.7186 	EXP 	Sound test_sound_2 reached end of file
2943.5891 	DATA 	Keypress: right
2943.6085 	EXP 	New trial (rep=0, index=2): <Trial 2 (2 in rep 0) data={'sounds': 'sounds/p3c_saltar.wav', 'syll': 'CVC', 'stress_unstress': 'Unstressed', 'suffix': 'Match', 'present_past': 'past', 'corrAns': 'num_2', 'trigger_item': 0.0, 'trigger_senonset': 0.205513, 'trigger_verbsonset': 0.8629519999999999, 'trigger_1_F0': 0.984841, 'trigger_suffix': 1.219715, 'trigger_2_F0': 1.27, 'ID_item': 101, 'ID_senonset': 30, 'ID_verbonset': 31, 'ID_1_F0': 32, 'ID_suffix': 33, 'ID_2_F0': 34, 'ms_senonset': 0.005513, 'ms_verbonset': 0.662952, 'ms_1_F0': 0.784841, 'ms_suffix': 1.019715, 'ms_2_F0': 1.07, 'file_name': 'p3c_saltar.wav', 'sentence': 'p3', 'cond': 'c', 'combo': 'p3c', 'thisN': 2, 'thisTrialN': 2, 'thisRepN': 0}>
2943.6133 	EXP 	Sound test_sound_2 reached end of file
2943.6181 	EXP 	Sound test_sound_2 started
2943.6237 	EXP 	polygon: autoDraw = False
2943.6237 	EXP 	text_3: autoDraw = False
2943.6237 	EXP 	polygon: autoDraw = True
2945.6650 	EXP 	Sound test_sound_2 paused
2945.6695 	EXP 	New trial (rep=0, index=3): <Trial 3 (3 in rep 0) data={'sounds': 'sounds/p4d_cortar.wav', 'syll': 'CVC', 'stress_unstress': 'Stressed', 'suffix': 'Mismatch', 'present_past': 'past', 'corrAns': 'num_2', 'trigger_item': 0.0, 'trigger_senonset': 0.205513, 'trigger_verbsonset': 0.8629519999999999, 'trigger_1_F0': 0.984841, 'trigger_suffix': 1.219715, 'trigger_2_F0': 1.27, 'ID_item': 101, 'ID_senonset': 40, 'ID_verbonset': 41, 'ID_1_F0': 42, 'ID_suffix': 43, 'ID_2_F0': 44, 'ms_senonset': 0.005513, 'ms_verbonset': 0.662952, 'ms_1_F0': 0.784841, 'ms_suffix': 1.019715, 'ms_2_F0': 1.07, 'file_name': 'p4d_cortar.wav', 'sentence': 'p4', 'cond': 'd', 'combo': 'p4d', 'thisN': 3, 'thisTrialN': 3, 'thisRepN': 0}>
2945.6748 	EXP 	Sound test_sound_2 reached end of file
2945.6846 	EXP 	Sound test_sound_2 started
2945.6767 	DATA 	Keypress: left
2945.6867 	EXP 	polygon: autoDraw = False
2945.6867 	EXP 	text_3: autoDraw = False
2945.6867 	EXP 	polygon: autoDraw = True
2948.1836 	EXP 	Sound test_sound_2 reached end of file
2948.1889 	EXP 	Sound test_sound_2 reached end of file
2948.5910 	DATA 	Keypress: left
2948.6010 	EXP 	polygon: autoDraw = False
2948.6010 	EXP 	text_3: autoDraw = False
2948.6010 	EXP 	instr: autoDraw = True
3006.2867 	EXP 	Imported selected_trials.csv as conditions, 40 conditions, 26 params
3006.2872 	EXP 	New trial (rep=0, index=0): <Trial 0 (0 in rep 0) data={'sounds': 'sounds/31d_tocar.wav', 'syll': 'CVC', 'stress_unstress': 'Stressed', 'suffix': 'Mismatch', 'present_past': 'past', 'corrAns': 'num_2', 'trigger_item': 0.0, 'trigger_senonset': 0.2, 'trigger_verbsonset': 0.8493931756807, 'trigger_1_F0': 0.8650112062639721, 'trigger_suffix': 1.006860547391531, 'trigger_2_F0': 1.049162047334928, 'ID_item': 101, 'ID_senonset': 40, 'ID_verbonset': 41, 'ID_1_F0': 42, 'ID_suffix': 43, 'ID_2_F0': 44, 'ms_senonset': 0, 'ms_verbonset': 0.6493931756807, 'ms_1_F0': 0.665011206263972, 'ms_suffix': 0.806860547391531, 'ms_2_F0': 0.849162047334928, 'file_name': '31d_tocar.wav', 'item_id': 31, 'cond': 'd', 'thisN': 0, 'thisTrialN': 0, 'thisRepN': 0}>
3006.2896 	EXP 	Sound test_sound reached end of file
3006.3015 	EXP 	Sound test_sound started
3006.2914 	DATA 	Keypress: space
3006.2999 	EXP 	instr: autoDraw = False
3006.2999 	EXP 	polygon_2: autoDraw = True
3008.1793 	EXP 	Sound test_sound reached end of file
3008.1867 	EXP 	Sound test_sound reached end of file
3008.8584 	EXP 	New trial (rep=0, index=1): <Trial 1 (1 in rep 0) data={'sounds': 'sounds/26a_bajar.wav', 'syll': 'CVC', 'stress_unstress': 'Stressed', 'suffix': 'Match', 'present_past': 'present', 'corrAns': 'num_1', 'trigger_item': 0.0, 'trigger_senonset': 0.2, 'trigger_verbsonset': 0.77, 'trigger_1_F0': 0.8999999999999999, 'trigger_suffix': 1.03, 'trigger_2_F0': 1.171181705729166, 'ID_item': 101, 'ID_senonset': 10, 'ID_verbonset': 11, 'ID_1_F0': 12, 'ID_suffix': 13, 'ID_2_F0': 14, 'ms_senonset': 0, 'ms_verbonset': 0.57, 'ms_1_F0': 0.7, 'ms_suffix': 0.83, 'ms_2_F0': 0.971181705729166, 'file_name': '26a_bajar.wav', 'item_id': 26, 'cond': 'a', 'thisN': 1, 'thisTrialN': 1, 'thisRepN': 0}>
3008.8634 	EXP 	Sound test_sound reached end of file
3008.8687 	EXP 	Sound test_sound started
3008.8670 	DATA 	Keypress: right
3008.8743 	EXP 	polygon_2: autoDraw = False
3008.8743 	EXP 	text_3: autoDraw = False
3008.8743 	EXP 	polygon_2: autoDraw = True
3010.9191 	EXP 	Sound test_sound reached end of file
3010.9356 	EXP 	Sound test_sound reached end of file
3011.3413 	EXP 	New trial (rep=0, index=2): <Trial 2 (2 in rep 0) data={'sounds': 'sounds/01d_salvar.wav', 'syll': 'CVC', 'stress_unstress': 'Stressed', 'suffix': 'Mismatch', 'present_past': 'past', 'corrAns': 'num_2', 'trigger_item': 0.0, 'trigger_senonset': 0.2, 'trigger_verbsonset': 0.8500000000000001, 'trigger_1_F0': 0.996069502314814, 'trigger_suffix': 1.23, 'trigger_2_F0': 1.29, 'ID_item': 101, 'ID_senonset': 40, 'ID_verbonset': 41, 'ID_1_F0': 42, 'ID_suffix': 43, 'ID_2_F0': 44, 'ms_senonset': 0, 'ms_verbonset': 0.65, 'ms_1_F0': 0.796069502314814, 'ms_suffix': 1.03, 'ms_2_F0': 1.09, 'file_name': '01d_salvar.wav', 'item_id': 1, 'cond': 'd', 'thisN': 2, 'thisTrialN': 2, 'thisRepN': 0}>
3011.3457 	EXP 	Sound test_sound reached end of file
3011.3523 	EXP 	Sound test_sound started
3011.3469 	DATA 	Keypress: right
3011.3555 	EXP 	polygon_2: autoDraw = False
3011.3555 	EXP 	text_3: autoDraw = False
3011.3555 	EXP 	polygon_2: autoDraw = True
3013.4020 	EXP 	Sound test_sound reached end of file
3013.4190 	EXP 	Sound test_sound reached end of file
3014.1918 	EXP 	New trial (rep=0, index=3): <Trial 3 (3 in rep 0) data={'sounds': 'sounds/40c_gastar.wav', 'syll': 'CVC', 'stress_unstress': 'Unstressed', 'suffix': 'Match', 'present_past': 'past', 'corrAns': 'num_2', 'trigger_item': 0.0, 'trigger_senonset': 0.2, 'trigger_verbsonset': 0.8300000000000001, 'trigger_1_F0': 0.8400000000000001, 'trigger_suffix': 1.163436328125, 'trigger_2_F0': 1.183149609375, 'ID_item': 101, 'ID_senonset': 30, 'ID_verbonset': 31, 'ID_1_F0': 32, 'ID_suffix': 33, 'ID_2_F0': 34, 'ms_senonset': 0, 'ms_verbonset': 0.63, 'ms_1_F0': 0.64, 'ms_suffix': 0.963436328125, 'ms_2_F0': 0.983149609375, 'file_name': '40c_gastar.wav', 'item_id': 40, 'cond': 'c', 'thisN': 3, 'thisTrialN': 3, 'thisRepN': 0}>
3014.1971 	EXP 	Sound test_sound reached end of file
3014.2016 	EXP 	Sound test_sound started
3014.1987 	DATA 	Keypress: left
3014.2071 	EXP 	polygon_2: autoDraw = False
3014.2071 	EXP 	text_3: autoDraw = False
3014.2071 	EXP 	polygon_2: autoDraw = True
3016.3031 	EXP 	Sound test_sound reached end of file
3016.3187 	EXP 	Sound test_sound reached end of file
3016.4095 	EXP 	New trial (rep=0, index=4): <Trial 4 (4 in rep 0) data={'sounds': 'sounds/15b_partir.wav', 'syll': 'CVC', 'stress_unstress': 'Unstressed', 'suffix': 'Mismatch', 'present_past': 'present', 'corrAns': 'num_1', 'trigger_item': 0.0, 'trigger_senonset': 0.2, 'trigger_verbsonset': 0.826865400752314, 'trigger_1_F0': 0.842973894883327, 'trigger_suffix': 1.1042888772729471, 'trigger_2_F0': 1.120815958498066, 'ID_item': 101, 'ID_senonset': 20, 'ID_verbonset': 21, 'ID_1_F0': 22, 'ID_suffix': 23, 'ID_2_F0': 24, 'ms_senonset': 0, 'ms_verbonset': 0.626865400752314, 'ms_1_F0': 0.642973894883327, 'ms_suffix': 0.904288877272947, 'ms_2_F0': 0.920815958498066, 'file_name': '15b_partir.wav', 'item_id': 15, 'cond': 'b', 'thisN': 4, 'thisTrialN': 4, 'thisRepN': 0}>
3016.4153 	EXP 	Sound test_sound reached end of file
3016.4183 	EXP 	Sound test_sound started
3016.4178 	DATA 	Keypress: left
3016.4268 	EXP 	polygon_2: autoDraw = False
3016.4268 	EXP 	text_3: autoDraw = False
3016.4268 	EXP 	polygon_2: autoDraw = True
3018.4611 	EXP 	Sound test_sound reached end of file
3018.4687 	EXP 	Sound test_sound reached end of file
3018.6917 	EXP 	New trial (rep=0, index=5): <Trial 5 (5 in rep 0) data={'sounds': 'sounds/03b_limpiar.wav', 'syll': 'CVC', 'stress_unstress': 'Unstressed', 'suffix': 'Mismatch', 'present_past': 'present', 'corrAns': 'num_1', 'trigger_item': 0.0, 'trigger_senonset': 0.2, 'trigger_verbsonset': 0.8500000000000001, 'trigger_1_F0': 0.932367621527777, 'trigger_suffix': 1.26878515625, 'trigger_2_F0': 1.35808463541666, 'ID_item': 101, 'ID_senonset': 20, 'ID_verbonset': 21, 'ID_1_F0': 22, 'ID_suffix': 23, 'ID_2_F0': 24, 'ms_senonset': 0, 'ms_verbonset': 0.65, 'ms_1_F0': 0.732367621527777, 'ms_suffix': 1.06878515625, 'ms_2_F0': 1.15808463541666, 'file_name': '03b_limpiar.wav', 'item_id': 3, 'cond': 'b', 'thisN': 5, 'thisTrialN': 5, 'thisRepN': 0}>
3018.6969 	EXP 	Sound test_sound reached end of file
3018.7021 	EXP 	Sound test_sound started
3018.6986 	DATA 	Keypress: right
3018.7077 	EXP 	polygon_2: autoDraw = False
3018.7077 	EXP 	text_3: autoDraw = False
3018.7077 	EXP 	polygon_2: autoDraw = True
3020.8200 	EXP 	Sound test_sound reached end of file
3020.8357 	EXP 	Sound test_sound reached end of file
3020.9901 	EXP 	New trial (rep=0, index=6): <Trial 6 (6 in rep 0) data={'sounds': 'sounds/22d_dejar.wav', 'syll': 'CVC', 'stress_unstress': 'Stressed', 'suffix': 'Mismatch', 'present_past': 'past', 'corrAns': 'num_2', 'trigger_item': 0.0, 'trigger_senonset': 0.2, 'trigger_verbsonset': 0.8500000000000001, 'trigger_1_F0': 1.02, 'trigger_suffix': 1.152543366608796, 'trigger_2_F0': 1.28794346788194, 'ID_item': 101, 'ID_senonset': 40, 'ID_verbonset': 41, 'ID_1_F0': 42, 'ID_suffix': 43, 'ID_2_F0': 44, 'ms_senonset': 0, 'ms_verbonset': 0.65, 'ms_1_F0': 0.82, 'ms_suffix': 0.952543366608796, 'ms_2_F0': 1.08794346788194, 'file_name': '22d_dejar.wav', 'item_id': 22, 'cond': 'd', 'thisN': 6, 'thisTrialN': 6, 'thisRepN': 0}>
3020.9939 	EXP 	Sound test_sound reached end of file
3021.0011 	EXP 	Sound test_sound started
3020.9959 	DATA 	Keypress: right
3021.0048 	EXP 	polygon_2: autoDraw = False
3021.0048 	EXP 	text_3: autoDraw = False
3021.0048 	EXP 	polygon_2: autoDraw = True
3023.0188 	EXP 	Sound test_sound reached end of file
3023.0356 	EXP 	Sound test_sound reached end of file
3023.8590 	EXP 	New trial (rep=0, index=7): <Trial 7 (7 in rep 0) data={'sounds': 'sounds/29a_pesar.wav', 'syll': 'CVC', 'stress_unstress': 'Stressed', 'suffix': 'Match', 'present_past': 'present', 'corrAns': 'num_1', 'trigger_item': 0.0, 'trigger_senonset': 0.2, 'trigger_verbsonset': 0.91328417532552, 'trigger_1_F0': 0.925531286730473, 'trigger_suffix': 1.03, 'trigger_2_F0': 1.150619522602117, 'ID_item': 101, 'ID_senonset': 10, 'ID_verbonset': 11, 'ID_1_F0': 12, 'ID_suffix': 13, 'ID_2_F0': 14, 'ms_senonset': 0, 'ms_verbonset': 0.71328417532552, 'ms_1_F0': 0.725531286730473, 'ms_suffix': 0.83, 'ms_2_F0': 0.950619522602117, 'file_name': '29a_pesar.wav', 'item_id': 29, 'cond': 'a', 'thisN': 7, 'thisTrialN': 7, 'thisRepN': 0}>
3023.8637 	EXP 	Sound test_sound reached end of file
3023.8683 	EXP 	Sound test_sound started
3023.8672 	DATA 	Keypress: left
3023.8743 	EXP 	polygon_2: autoDraw = False
3023.8743 	EXP 	text_3: autoDraw = False
3023.8743 	EXP 	polygon_2: autoDraw = True
3023.9562 	EXP 	Sound test_sound paused
3023.9608 	EXP 	New trial (rep=0, index=8): <Trial 8 (8 in rep 0) data={'sounds': 'sounds/13c_montar.wav', 'syll': 'CVC', 'stress_unstress': 'Unstressed', 'suffix': 'Match', 'present_past': 'past', 'corrAns': 'num_2', 'trigger_item': 0.0, 'trigger_senonset': 0.2, 'trigger_verbsonset': 0.8800000000000001, 'trigger_1_F0': 0.98, 'trigger_suffix': 1.24543012152777, 'trigger_2_F0': 1.2594709201388798, 'ID_item': 101, 'ID_senonset': 30, 'ID_verbonset': 31, 'ID_1_F0': 32, 'ID_suffix': 33, 'ID_2_F0': 34, 'ms_senonset': 0, 'ms_verbonset': 0.68, 'ms_1_F0': 0.78, 'ms_suffix': 1.04543012152777, 'ms_2_F0': 1.05947092013888, 'file_name': '13c_montar.wav', 'item_id': 13, 'cond': 'c', 'thisN': 8, 'thisTrialN': 8, 'thisRepN': 0}>
3023.9665 	EXP 	Sound test_sound reached end of file
3023.9695 	EXP 	Sound test_sound started
3023.9689 	DATA 	Keypress: left
3023.9782 	EXP 	polygon_2: autoDraw = False
3023.9782 	EXP 	text_3: autoDraw = False
3023.9782 	EXP 	polygon_2: autoDraw = True
3026.2563 	EXP 	Sound test_sound reached end of file
3026.2687 	EXP 	Sound test_sound reached end of file
3026.3261 	EXP 	New trial (rep=0, index=9): <Trial 9 (9 in rep 0) data={'sounds': 'sounds/24d_mirar.wav', 'syll': 'CVC', 'stress_unstress': 'Stressed', 'suffix': 'Mismatch', 'present_past': 'past', 'corrAns': 'num_2', 'trigger_item': 0.0, 'trigger_senonset': 0.2, 'trigger_verbsonset': 0.71, 'trigger_1_F0': 0.8119545789930551, 'trigger_suffix': 0.9389863642939812, 'trigger_2_F0': 0.9746780743634248, 'ID_item': 101, 'ID_senonset': 40, 'ID_verbonset': 41, 'ID_1_F0': 42, 'ID_suffix': 43, 'ID_2_F0': 44, 'ms_senonset': 0, 'ms_verbonset': 0.51, 'ms_1_F0': 0.611954578993055, 'ms_suffix': 0.738986364293981, 'ms_2_F0': 0.774678074363425, 'file_name': '24d_mirar.wav', 'item_id': 24, 'cond': 'd', 'thisN': 9, 'thisTrialN': 9, 'thisRepN': 0}>
3026.3304 	EXP 	Sound test_sound reached end of file
3026.3351 	EXP 	Sound test_sound started
3026.3325 	DATA 	Keypress: left
3026.3408 	EXP 	polygon_2: autoDraw = False
3026.3408 	EXP 	text_3: autoDraw = False
3026.3408 	EXP 	polygon_2: autoDraw = True
3028.0189 	EXP 	Sound test_sound reached end of file
3028.0357 	EXP 	Sound test_sound reached end of file
3028.4299 	DATA 	Keypress: right
3028.4348 	EXP 	polygon_2: autoDraw = False
3028.4348 	EXP 	text_3: autoDraw = True
3036.2541 	EXP 	New trial (rep=0, index=10): <Trial 10 (10 in rep 0) data={'sounds': 'sounds/02c_buscar.wav', 'syll': 'CVC', 'stress_unstress': 'Unstressed', 'suffix': 'Match', 'present_past': 'past', 'corrAns': 'num_2', 'trigger_item': 0.0, 'trigger_senonset': 0.2, 'trigger_verbsonset': 0.8700000000000001, 'trigger_1_F0': 1.07, 'trigger_suffix': 1.26, 'trigger_2_F0': 1.40703946035879, 'ID_item': 101, 'ID_senonset': 30, 'ID_verbonset': 31, 'ID_1_F0': 32, 'ID_suffix': 33, 'ID_2_F0': 34, 'ms_senonset': 0, 'ms_verbonset': 0.67, 'ms_1_F0': 0.87, 'ms_suffix': 1.06, 'ms_2_F0': 1.20703946035879, 'file_name': '02c_buscar.wav', 'item_id': 2, 'cond': 'c', 'thisN': 10, 'thisTrialN': 10, 'thisRepN': 0}>
3036.2587 	EXP 	Sound test_sound reached end of file
3036.2681 	EXP 	Sound test_sound started
3036.2618 	DATA 	Keypress: space
3036.2697 	EXP 	text_3: autoDraw = False
3036.2697 	EXP 	polygon_2: autoDraw = True
3038.3791 	EXP 	Sound test_sound reached end of file
3038.3860 	EXP 	Sound test_sound reached end of file
3038.5559 	DATA 	Keypress: left
3038.5752 	EXP 	New trial (rep=0, index=11): <Trial 11 (11 in rep 0) data={'sounds': 'sounds/37b_pasar.wav', 'syll': 'CVC', 'stress_unstress': 'Unstressed', 'suffix': 'Mismatch', 'present_past': 'present', 'corrAns': 'num_1', 'trigger_item': 0.0, 'trigger_senonset': 0.2, 'trigger_verbsonset': 1.033132486979166, 'trigger_1_F0': 1.052087565104166, 'trigger_suffix': 1.159499674479166, 'trigger_2_F0': 1.27702115885416, 'ID_item': 101, 'ID_senonset': 20, 'ID_verbonset': 21, 'ID_1_F0': 22, 'ID_suffix': 23, 'ID_2_F0': 24, 'ms_senonset': 0, 'ms_verbonset': 0.833132486979166, 'ms_1_F0': 0.852087565104166, 'ms_suffix': 0.959499674479166, 'ms_2_F0': 1.07702115885416, 'file_name': '37b_pasar.wav', 'item_id': 37, 'cond': 'b', 'thisN': 11, 'thisTrialN': 11, 'thisRepN': 0}>
3038.5803 	EXP 	Sound test_sound reached end of file
3038.5849 	EXP 	Sound test_sound started
3038.5919 	EXP 	polygon_2: autoDraw = False
3038.5919 	EXP 	text_3: autoDraw = False
3038.5919 	EXP 	polygon_2: autoDraw = True
3040.6791 	EXP 	Sound test_sound reached end of file
3040.6863 	EXP 	Sound test_sound reached end of file
3041.0425 	EXP 	New trial (rep=0, index=12): <Trial 12 (12 in rep 0) data={'sounds': 'sounds/17d_tragar.wav', 'syll': 'CVC', 'stress_unstress': 'Stressed', 'suffix': 'Mismatch', 'present_past': 'past', 'corrAns': 'num_2', 'trigger_item': 0.0, 'trigger_senonset': 0.2, 'trigger_verbsonset': 1.070609360532407, 'trigger_1_F0': 1.117973654513888, 'trigger_suffix': 1.30915316840277, 'trigger_2_F0': 1.35458539534397, 'ID_item': 101, 'ID_senonset': 40, 'ID_verbonset': 41, 'ID_1_F0': 42, 'ID_suffix': 43, 'ID_2_F0': 44, 'ms_senonset': 0, 'ms_verbonset': 0.870609360532407, 'ms_1_F0': 0.917973654513888, 'ms_suffix': 1.10915316840277, 'ms_2_F0': 1.15458539534397, 'file_name': '17d_tragar.wav', 'item_id': 17, 'cond': 'd', 'thisN': 12, 'thisTrialN': 12, 'thisRepN': 0}>
3041.0479 	EXP 	Sound test_sound reached end of file
3041.0519 	EXP 	Sound test_sound started
3041.0504 	DATA 	Keypress: right
3041.0583 	EXP 	polygon_2: autoDraw = False
3041.0583 	EXP 	text_3: autoDraw = False
3041.0583 	EXP 	polygon_2: autoDraw = True
3043.3405 	EXP 	Sound test_sound reached end of file
3043.3518 	EXP 	Sound test_sound reached end of file
3043.6751 	EXP 	New trial (rep=0, index=13): <Trial 13 (13 in rep 0) data={'sounds': 'sounds/27c_tirar.wav', 'syll': 'CVC', 'stress_unstress': 'Unstressed', 'suffix': 'Match', 'present_past': 'past', 'corrAns': 'num_2', 'trigger_item': 0.0, 'trigger_senonset': 0.2, 'trigger_verbsonset': 0.8119442057291659, 'trigger_1_F0': 0.8307495153356481, 'trigger_suffix': 0.9885306495949072, 'trigger_2_F0': 0.998621303530092, 'ID_item': 101, 'ID_senonset': 30, 'ID_verbonset': 31, 'ID_1_F0': 32, 'ID_suffix': 33, 'ID_2_F0': 34, 'ms_senonset': 0, 'ms_verbonset': 0.611944205729166, 'ms_1_F0': 0.630749515335648, 'ms_suffix': 0.788530649594907, 'ms_2_F0': 0.798621303530092, 'file_name': '27c_tirar.wav', 'item_id': 27, 'cond': 'c', 'thisN': 13, 'thisTrialN': 13, 'thisRepN': 0}>
3043.6798 	EXP 	Sound test_sound reached end of file
3043.6847 	EXP 	Sound test_sound started
3043.6833 	DATA 	Keypress: right
3043.6908 	EXP 	polygon_2: autoDraw = False
3043.6908 	EXP 	text_3: autoDraw = False
3043.6908 	EXP 	polygon_2: autoDraw = True
3045.6688 	EXP 	Sound test_sound reached end of file
3045.6850 	EXP 	Sound test_sound reached end of file
3046.0592 	EXP 	New trial (rep=0, index=14): <Trial 14 (14 in rep 0) data={'sounds': 'sounds/23a_tomar.wav', 'syll': 'CVC', 'stress_unstress': 'Stressed', 'suffix': 'Match', 'present_past': 'present', 'corrAns': 'num_1', 'trigger_item': 0.0, 'trigger_senonset': 0.2, 'trigger_verbsonset': 0.9453179615162032, 'trigger_1_F0': 0.95, 'trigger_suffix': 1.08, 'trigger_2_F0': 1.158644495081018, 'ID_item': 101, 'ID_senonset': 10, 'ID_verbonset': 11, 'ID_1_F0': 12, 'ID_suffix': 13, 'ID_2_F0': 14, 'ms_senonset': 0, 'ms_verbonset': 0.745317961516203, 'ms_1_F0': 0.75, 'ms_suffix': 0.88, 'ms_2_F0': 0.958644495081018, 'file_name': '23a_tomar.wav', 'item_id': 23, 'cond': 'a', 'thisN': 14, 'thisTrialN': 14, 'thisRepN': 0}>
3046.0644 	EXP 	Sound test_sound reached end of file
3046.0684 	EXP 	Sound test_sound started
3046.0673 	DATA 	Keypress: left
3046.0757 	EXP 	polygon_2: autoDraw = False
3046.0757 	EXP 	text_3: autoDraw = False
3046.0757 	EXP 	polygon_2: autoDraw = True
3047.9518 	EXP 	Sound test_sound reached end of file
3047.9685 	EXP 	Sound test_sound reached end of file
3048.0417 	EXP 	New trial (rep=0, index=15): <Trial 15 (15 in rep 0) data={'sounds': 'sounds/10d_vender.wav', 'syll': 'CVC', 'stress_unstress': 'Stressed', 'suffix': 'Mismatch', 'present_past': 'past', 'corrAns': 'num_2', 'trigger_item': 0.0, 'trigger_senonset': 0.2, 'trigger_verbsonset': 0.832830209056713, 'trigger_1_F0': 0.8775468199411529, 'trigger_suffix': 1.109501330306288, 'trigger_2_F0': 1.158928471023364, 'ID_item': 101, 'ID_senonset': 40, 'ID_verbonset': 41, 'ID_1_F0': 42, 'ID_suffix': 43, 'ID_2_F0': 44, 'ms_senonset': 0, 'ms_verbonset': 0.632830209056713, 'ms_1_F0': 0.677546819941153, 'ms_suffix': 0.909501330306288, 'ms_2_F0': 0.958928471023364, 'file_name': '10d_vender.wav', 'item_id': 10, 'cond': 'd', 'thisN': 15, 'thisTrialN': 15, 'thisRepN': 0}>
3048.0457 	EXP 	Sound test_sound reached end of file
3048.0518 	EXP 	Sound test_sound started
3048.0476 	DATA 	Keypress: right
3048.0567 	EXP 	polygon_2: autoDraw = False
3048.0567 	EXP 	text_3: autoDraw = False
3048.0567 	EXP 	polygon_2: autoDraw = True
3049.9369 	EXP 	Sound test_sound reached end of file
3049.9414 	EXP 	Sound test_sound reached end of file
3050.7259 	EXP 	New trial (rep=0, index=16): <Trial 16 (16 in rep 0) data={'sounds': 'sounds/09c_cargar.wav', 'syll': 'CVC', 'stress_unstress': 'Unstressed', 'suffix': 'Match', 'present_past': 'past', 'corrAns': 'num_2', 'trigger_item': 0.0, 'trigger_senonset': 0.2, 'trigger_verbsonset': 0.81286744068287, 'trigger_1_F0': 0.8382251229745361, 'trigger_suffix': 1.032634020543981, 'trigger_2_F0': 1.090594437210648, 'ID_item': 101, 'ID_senonset': 30, 'ID_verbonset': 31, 'ID_1_F0': 32, 'ID_suffix': 33, 'ID_2_F0': 34, 'ms_senonset': 0, 'ms_verbonset': 0.61286744068287, 'ms_1_F0': 0.638225122974536, 'ms_suffix': 0.832634020543981, 'ms_2_F0': 0.890594437210648, 'file_name': '09c_cargar.wav', 'item_id': 9, 'cond': 'c', 'thisN': 16, 'thisTrialN': 16, 'thisRepN': 0}>
3050.7310 	EXP 	Sound test_sound reached end of file
3050.7352 	EXP 	Sound test_sound started
3050.7339 	DATA 	Keypress: left
3050.7421 	EXP 	polygon_2: autoDraw = False
3050.7421 	EXP 	text_3: autoDraw = False
3050.7421 	EXP 	polygon_2: autoDraw = True
3052.6567 	EXP 	Sound test_sound reached end of file
3052.6690 	EXP 	Sound test_sound reached end of file
3053.0256 	EXP 	New trial (rep=0, index=17): <Trial 17 (17 in rep 0) data={'sounds': 'sounds/36c_bordar.wav', 'syll': 'CVC', 'stress_unstress': 'Unstressed', 'suffix': 'Match', 'present_past': 'past', 'corrAns': 'num_2', 'trigger_item': 0.0, 'trigger_senonset': 0.2, 'trigger_verbsonset': 1.0, 'trigger_1_F0': 1.078468243634259, 'trigger_suffix': 1.3288624855324, 'trigger_2_F0': 1.3414992042824, 'ID_item': 101, 'ID_senonset': 30, 'ID_verbonset': 31, 'ID_1_F0': 32, 'ID_suffix': 33, 'ID_2_F0': 34, 'ms_senonset': 0, 'ms_verbonset': 0.8, 'ms_1_F0': 0.878468243634259, 'ms_suffix': 1.1288624855324, 'ms_2_F0': 1.1414992042824, 'file_name': '36c_bordar.wav', 'item_id': 36, 'cond': 'c', 'thisN': 17, 'thisTrialN': 17, 'thisRepN': 0}>
3053.0311 	EXP 	Sound test_sound reached end of file
3053.0349 	EXP 	Sound test_sound started
3053.0343 	DATA 	Keypress: left
3053.0420 	EXP 	polygon_2: autoDraw = False
3053.0420 	EXP 	text_3: autoDraw = False
3053.0420 	EXP 	polygon_2: autoDraw = True
3055.2869 	EXP 	Sound test_sound reached end of file
3055.3022 	EXP 	Sound test_sound reached end of file
3055.5256 	EXP 	New trial (rep=0, index=18): <Trial 18 (18 in rep 0) data={'sounds': 'sounds/39b_manchar.wav', 'syll': 'CVC', 'stress_unstress': 'Unstressed', 'suffix': 'Mismatch', 'present_past': 'present', 'corrAns': 'num_1', 'trigger_item': 0.0, 'trigger_senonset': 0.2, 'trigger_verbsonset': 0.81, 'trigger_1_F0': 0.91203755787037, 'trigger_suffix': 1.140584317129629, 'trigger_2_F0': 1.2139708912037, 'ID_item': 101, 'ID_senonset': 20, 'ID_verbonset': 21, 'ID_1_F0': 22, 'ID_suffix': 23, 'ID_2_F0': 24, 'ms_senonset': 0, 'ms_verbonset': 0.61, 'ms_1_F0': 0.71203755787037, 'ms_suffix': 0.940584317129629, 'ms_2_F0': 1.0139708912037, 'file_name': '39b_manchar.wav', 'item_id': 39, 'cond': 'b', 'thisN': 18, 'thisTrialN': 18, 'thisRepN': 0}>
3055.5307 	EXP 	Sound test_sound reached end of file
3055.5354 	EXP 	Sound test_sound started
3055.5332 	DATA 	Keypress: left
3055.5423 	EXP 	polygon_2: autoDraw = False
3055.5423 	EXP 	text_3: autoDraw = False
3055.5423 	EXP 	polygon_2: autoDraw = True
3057.7689 	EXP 	Sound test_sound reached end of file
3057.7855 	EXP 	Sound test_sound reached end of file
3058.2052 	EXP 	New trial (rep=0, index=19): <Trial 19 (19 in rep 0) data={'sounds': 'sounds/14b_borrar.wav', 'syll': 'CVC', 'stress_unstress': 'Unstressed', 'suffix': 'Mismatch', 'present_past': 'present', 'corrAns': 'num_1', 'trigger_item': 0.0, 'trigger_senonset': 0.2, 'trigger_verbsonset': 0.72, 'trigger_1_F0': 0.770187630208333, 'trigger_suffix': 0.851961241319444, 'trigger_2_F0': 0.964399956597222, 'ID_item': 101, 'ID_senonset': 20, 'ID_verbonset': 21, 'ID_1_F0': 22, 'ID_suffix': 23, 'ID_2_F0': 24, 'ms_senonset': 0, 'ms_verbonset': 0.52, 'ms_1_F0': 0.570187630208333, 'ms_suffix': 0.651961241319444, 'ms_2_F0': 0.764399956597222, 'file_name': '14b_borrar.wav', 'item_id': 14, 'cond': 'b', 'thisN': 19, 'thisTrialN': 19, 'thisRepN': 0}>
3058.2069 	EXP 	Sound test_sound reached end of file
3058.2179 	EXP 	Sound test_sound started
3058.2091 	DATA 	Keypress: right
3058.2187 	EXP 	polygon_2: autoDraw = False
3058.2187 	EXP 	text_3: autoDraw = False
3058.2187 	EXP 	polygon_2: autoDraw = True
3060.1529 	EXP 	Sound test_sound reached end of file
3060.1689 	EXP 	Sound test_sound reached end of file
3060.6610 	DATA 	Keypress: right
3060.6685 	EXP 	polygon_2: autoDraw = False
3060.6685 	EXP 	text_3: autoDraw = True
3066.4045 	EXP 	New trial (rep=0, index=20): <Trial 20 (20 in rep 0) data={'sounds': 'sounds/04c_plantar.wav', 'syll': 'CVC', 'stress_unstress': 'Unstressed', 'suffix': 'Match', 'present_past': 'past', 'corrAns': 'num_2', 'trigger_item': 0.0, 'trigger_senonset': 0.2, 'trigger_verbsonset': 0.862877574458911, 'trigger_1_F0': 0.9343518689653568, 'trigger_suffix': 1.20493812332404, 'trigger_2_F0': 1.21897569287037, 'ID_item': 101, 'ID_senonset': 30, 'ID_verbonset': 31, 'ID_1_F0': 32, 'ID_suffix': 33, 'ID_2_F0': 34, 'ms_senonset': 0, 'ms_verbonset': 0.662877574458911, 'ms_1_F0': 0.734351868965357, 'ms_suffix': 1.00493812332404, 'ms_2_F0': 1.01897569287037, 'file_name': '04c_plantar.wav', 'item_id': 4, 'cond': 'c', 'thisN': 20, 'thisTrialN': 20, 'thisRepN': 0}>
3066.4098 	EXP 	Sound test_sound reached end of file
3066.4181 	EXP 	Sound test_sound started
3066.4125 	DATA 	Keypress: space
3066.4212 	EXP 	text_3: autoDraw = False
3066.4212 	EXP 	polygon_2: autoDraw = True
3068.4224 	DATA 	Keypress: left
3068.4424 	EXP 	Sound test_sound reached end of file
3068.4487 	EXP 	New trial (rep=0, index=21): <Trial 21 (21 in rep 0) data={'sounds': 'sounds/11a_pegar.wav', 'syll': 'CVC', 'stress_unstress': 'Stressed', 'suffix': 'Match', 'present_past': 'present', 'corrAns': 'num_1', 'trigger_item': 0.0, 'trigger_senonset': 0.2, 'trigger_verbsonset': 0.8182808977343741, 'trigger_1_F0': 0.831294515585661, 'trigger_suffix': 0.98, 'trigger_2_F0': 1.012063288108519, 'ID_item': 101, 'ID_senonset': 10, 'ID_verbonset': 11, 'ID_1_F0': 12, 'ID_suffix': 13, 'ID_2_F0': 14, 'ms_senonset': 0, 'ms_verbonset': 0.618280897734374, 'ms_1_F0': 0.631294515585661, 'ms_suffix': 0.78, 'ms_2_F0': 0.812063288108519, 'file_name': '11a_pegar.wav', 'item_id': 11, 'cond': 'a', 'thisN': 21, 'thisTrialN': 21, 'thisRepN': 0}>
3068.4540 	EXP 	Sound test_sound reached end of file
3068.4683 	EXP 	Sound test_sound started
3068.4654 	EXP 	polygon_2: autoDraw = False
3068.4654 	EXP 	text_3: autoDraw = False
3068.4654 	EXP 	polygon_2: autoDraw = True
3070.2859 	EXP 	Sound test_sound paused
3070.2907 	EXP 	New trial (rep=0, index=22): <Trial 22 (22 in rep 0) data={'sounds': 'sounds/28d_parar.wav', 'syll': 'CVC', 'stress_unstress': 'Stressed', 'suffix': 'Mismatch', 'present_past': 'past', 'corrAns': 'num_2', 'trigger_item': 0.0, 'trigger_senonset': 0.2, 'trigger_verbsonset': 0.8458860026041659, 'trigger_1_F0': 0.862313736979166, 'trigger_suffix': 1.018194683159722, 'trigger_2_F0': 1.032797113715277, 'ID_item': 101, 'ID_senonset': 40, 'ID_verbonset': 41, 'ID_1_F0': 42, 'ID_suffix': 43, 'ID_2_F0': 44, 'ms_senonset': 0, 'ms_verbonset': 0.645886002604166, 'ms_1_F0': 0.662313736979166, 'ms_suffix': 0.818194683159722, 'ms_2_F0': 0.832797113715277, 'file_name': '28d_parar.wav', 'item_id': 28, 'cond': 'd', 'thisN': 22, 'thisTrialN': 22, 'thisRepN': 0}>
3070.2955 	EXP 	Sound test_sound reached end of file
3070.3017 	EXP 	Sound test_sound started
3070.2976 	DATA 	Keypress: right
3070.3068 	EXP 	polygon_2: autoDraw = False
3070.3068 	EXP 	text_3: autoDraw = False
3070.3068 	EXP 	polygon_2: autoDraw = True
3072.1943 	EXP 	Sound test_sound reached end of file
3072.2021 	EXP 	Sound test_sound reached end of file
3073.0093 	EXP 	New trial (rep=0, index=23): <Trial 23 (23 in rep 0) data={'sounds': 'sounds/20c_cubrir.wav', 'syll': 'CVC', 'stress_unstress': 'Unstressed', 'suffix': 'Match', 'present_past': 'past', 'corrAns': 'num_2', 'trigger_item': 0.0, 'trigger_senonset': 0.2, 'trigger_verbsonset': 0.980138641742621, 'trigger_1_F0': 1.01, 'trigger_suffix': 1.192436112212021, 'trigger_2_F0': 1.28412143493692, 'ID_item': 101, 'ID_senonset': 30, 'ID_verbonset': 31, 'ID_1_F0': 32, 'ID_suffix': 33, 'ID_2_F0': 34, 'ms_senonset': 0, 'ms_verbonset': 0.780138641742621, 'ms_1_F0': 0.81, 'ms_suffix': 0.992436112212021, 'ms_2_F0': 1.08412143493692, 'file_name': '20c_cubrir.wav', 'item_id': 20, 'cond': 'c', 'thisN': 23, 'thisTrialN': 23, 'thisRepN': 0}>
3073.0148 	EXP 	Sound test_sound reached end of file
3073.0184 	EXP 	Sound test_sound started
3073.0178 	DATA 	Keypress: right
3073.0268 	EXP 	polygon_2: autoDraw = False
3073.0268 	EXP 	text_3: autoDraw = False
3073.0268 	EXP 	polygon_2: autoDraw = True
3075.0380 	EXP 	Sound test_sound paused
3075.0427 	EXP 	New trial (rep=0, index=24): <Trial 24 (24 in rep 0) data={'sounds': 'sounds/18b_cumplir.wav', 'syll': 'CVC', 'stress_unstress': 'Unstressed', 'suffix': 'Mismatch', 'present_past': 'present', 'corrAns': 'num_1', 'trigger_item': 0.0, 'trigger_senonset': 0.2, 'trigger_verbsonset': 1.2408027271412, 'trigger_1_F0': 1.25568597366898, 'trigger_suffix': 1.46256310040509, 'trigger_2_F0': 1.54144430700231, 'ID_item': 101, 'ID_senonset': 20, 'ID_verbonset': 21, 'ID_1_F0': 22, 'ID_suffix': 23, 'ID_2_F0': 24, 'ms_senonset': 0, 'ms_verbonset': 1.0408027271412, 'ms_1_F0': 1.05568597366898, 'ms_suffix': 1.26256310040509, 'ms_2_F0': 1.34144430700231, 'file_name': '18b_cumplir.wav', 'item_id': 18, 'cond': 'b', 'thisN': 24, 'thisTrialN': 24, 'thisRepN': 0}>
3075.0485 	EXP 	Sound test_sound reached end of file
3075.0519 	EXP 	Sound test_sound started
3075.0512 	DATA 	Keypress: left
3075.0593 	EXP 	polygon_2: autoDraw = False
3075.0593 	EXP 	text_3: autoDraw = False
3075.0593 	EXP 	polygon_2: autoDraw = True
3077.2246 	EXP 	Sound test_sound reached end of file
3077.2350 	EXP 	Sound test_sound reached end of file
3077.5249 	EXP 	New trial (rep=0, index=25): <Trial 25 (25 in rep 0) data={'sounds': 'sounds/21a_mezclar.wav', 'syll': 'CVC', 'stress_unstress': 'Stressed', 'suffix': 'Match', 'present_past': 'present', 'corrAns': 'num_1', 'trigger_item': 0.0, 'trigger_senonset': 0.2, 'trigger_verbsonset': 0.78, 'trigger_1_F0': 0.9121902777777772, 'trigger_suffix': 1.20214212962962, 'trigger_2_F0': 1.27, 'ID_item': 101, 'ID_senonset': 10, 'ID_verbonset': 11, 'ID_1_F0': 12, 'ID_suffix': 13, 'ID_2_F0': 14, 'ms_senonset': 0, 'ms_verbonset': 0.58, 'ms_1_F0': 0.712190277777777, 'ms_suffix': 1.00214212962962, 'ms_2_F0': 1.07, 'file_name': '21a_mezclar.wav', 'item_id': 21, 'cond': 'a', 'thisN': 25, 'thisTrialN': 25, 'thisRepN': 0}>
3077.5295 	EXP 	Sound test_sound reached end of file
3077.5352 	EXP 	Sound test_sound started
3077.5320 	DATA 	Keypress: right
3077.5399 	EXP 	polygon_2: autoDraw = False
3077.5399 	EXP 	text_3: autoDraw = False
3077.5399 	EXP 	polygon_2: autoDraw = True
3079.5397 	EXP 	Sound test_sound reached end of file
3079.5523 	EXP 	Sound test_sound reached end of file
3079.5588 	EXP 	New trial (rep=0, index=26): <Trial 26 (26 in rep 0) data={'sounds': 'sounds/05a_fumar.wav', 'syll': 'CVC', 'stress_unstress': 'Stressed', 'suffix': 'Match', 'present_past': 'present', 'corrAns': 'num_1', 'trigger_item': 0.0, 'trigger_senonset': 0.2, 'trigger_verbsonset': 1.15, 'trigger_1_F0': 1.36712555700231, 'trigger_suffix': 1.48, 'trigger_2_F0': 1.56308830295138, 'ID_item': 101, 'ID_senonset': 10, 'ID_verbonset': 11, 'ID_1_F0': 12, 'ID_suffix': 13, 'ID_2_F0': 14, 'ms_senonset': 0, 'ms_verbonset': 0.95, 'ms_1_F0': 1.16712555700231, 'ms_suffix': 1.28, 'ms_2_F0': 1.36308830295138, 'file_name': '05a_fumar.wav', 'item_id': 5, 'cond': 'a', 'thisN': 26, 'thisTrialN': 26, 'thisRepN': 0}>
3079.5637 	EXP 	Sound test_sound reached end of file
3079.5687 	EXP 	Sound test_sound started
3079.5670 	DATA 	Keypress: right
3079.5745 	EXP 	polygon_2: autoDraw = False
3079.5745 	EXP 	text_3: autoDraw = False
3079.5745 	EXP 	polygon_2: autoDraw = True
3081.7564 	EXP 	Sound test_sound paused
3081.7602 	EXP 	New trial (rep=0, index=27): <Trial 27 (27 in rep 0) data={'sounds': 'sounds/19a_marcar.wav', 'syll': 'CVC', 'stress_unstress': 'Stressed', 'suffix': 'Match', 'present_past': 'present', 'corrAns': 'num_1', 'trigger_item': 0.0, 'trigger_senonset': 0.2, 'trigger_verbsonset': 0.8400000000000001, 'trigger_1_F0': 0.97, 'trigger_suffix': 1.245718359375, 'trigger_2_F0': 1.273519140625, 'ID_item': 101, 'ID_senonset': 10, 'ID_verbonset': 11, 'ID_1_F0': 12, 'ID_suffix': 13, 'ID_2_F0': 14, 'ms_senonset': 0, 'ms_verbonset': 0.64, 'ms_1_F0': 0.77, 'ms_suffix': 1.045718359375, 'ms_2_F0': 1.073519140625, 'file_name': '19a_marcar.wav', 'item_id': 19, 'cond': 'a', 'thisN': 27, 'thisTrialN': 27, 'thisRepN': 0}>
3081.7652 	EXP 	Sound test_sound reached end of file
3081.7689 	EXP 	Sound test_sound started
3081.7667 	DATA 	Keypress: right
3081.7757 	EXP 	polygon_2: autoDraw = False
3081.7757 	EXP 	text_3: autoDraw = False
3081.7757 	EXP 	polygon_2: autoDraw = True
3083.6521 	EXP 	Sound test_sound reached end of file
3083.6686 	EXP 	Sound test_sound reached end of file
3083.7093 	EXP 	New trial (rep=0, index=28): <Trial 28 (28 in rep 0) data={'sounds': 'sounds/38b_pagar.wav', 'syll': 'CVC', 'stress_unstress': 'Unstressed', 'suffix': 'Mismatch', 'present_past': 'present', 'corrAns': 'num_1', 'trigger_item': 0.0, 'trigger_senonset': 0.2, 'trigger_verbsonset': 1.166737304687499, 'trigger_1_F0': 1.185271158854166, 'trigger_suffix': 1.29521061197916, 'trigger_2_F0': 1.4055712890624898, 'ID_item': 101, 'ID_senonset': 20, 'ID_verbonset': 21, 'ID_1_F0': 22, 'ID_suffix': 23, 'ID_2_F0': 24, 'ms_senonset': 0, 'ms_verbonset': 0.966737304687499, 'ms_1_F0': 0.985271158854166, 'ms_suffix': 1.09521061197916, 'ms_2_F0': 1.20557128906249, 'file_name': '38b_pagar.wav', 'item_id': 38, 'cond': 'b', 'thisN': 28, 'thisTrialN': 28, 'thisRepN': 0}>
3083.7151 	EXP 	Sound test_sound reached end of file
3083.7185 	EXP 	Sound test_sound started
3083.7176 	DATA 	Keypress: right
3083.7256 	EXP 	polygon_2: autoDraw = False
3083.7256 	EXP 	text_3: autoDraw = False
3083.7256 	EXP 	polygon_2: autoDraw = True
3085.9518 	EXP 	Sound test_sound reached end of file
3085.9689 	EXP 	Sound test_sound reached end of file
3086.4428 	EXP 	New trial (rep=0, index=29): <Trial 29 (29 in rep 0) data={'sounds': 'sounds/35b_secar.wav', 'syll': 'CVC', 'stress_unstress': 'Unstressed', 'suffix': 'Mismatch', 'present_past': 'present', 'corrAns': 'num_1', 'trigger_item': 0.0, 'trigger_senonset': 0.2, 'trigger_verbsonset': 0.8990044921875, 'trigger_1_F0': 1.025708658854166, 'trigger_suffix': 1.179689416956018, 'trigger_2_F0': 1.20652606336805, 'ID_item': 101, 'ID_senonset': 20, 'ID_verbonset': 21, 'ID_1_F0': 22, 'ID_suffix': 23, 'ID_2_F0': 24, 'ms_senonset': 0, 'ms_verbonset': 0.6990044921875, 'ms_1_F0': 0.825708658854166, 'ms_suffix': 0.979689416956018, 'ms_2_F0': 1.00652606336805, 'file_name': '35b_secar.wav', 'item_id': 35, 'cond': 'b', 'thisN': 29, 'thisTrialN': 29, 'thisRepN': 0}>
3086.4485 	EXP 	Sound test_sound reached end of file
3086.4518 	EXP 	Sound test_sound started
3086.4510 	DATA 	Keypress: right
3086.4589 	EXP 	polygon_2: autoDraw = False
3086.4589 	EXP 	text_3: autoDraw = False
3086.4589 	EXP 	polygon_2: autoDraw = True
3088.5763 	EXP 	Sound test_sound reached end of file
3088.5854 	EXP 	Sound test_sound reached end of file
3088.8783 	DATA 	Keypress: right
3088.8846 	EXP 	polygon_2: autoDraw = False
3088.8846 	EXP 	text_3: autoDraw = True
3096.3210 	EXP 	New trial (rep=0, index=30): <Trial 30 (30 in rep 0) data={'sounds': 'sounds/32d_pulsar.wav', 'syll': 'CVC', 'stress_unstress': 'Stressed', 'suffix': 'Mismatch', 'present_past': 'past', 'corrAns': 'num_2', 'trigger_item': 0.0, 'trigger_senonset': 0.2, 'trigger_verbsonset': 0.796440212673611, 'trigger_1_F0': 0.8294641710069439, 'trigger_suffix': 0.99, 'trigger_2_F0': 1.097783832465277, 'ID_item': 101, 'ID_senonset': 40, 'ID_verbonset': 41, 'ID_1_F0': 42, 'ID_suffix': 43, 'ID_2_F0': 44, 'ms_senonset': 0, 'ms_verbonset': 0.596440212673611, 'ms_1_F0': 0.629464171006944, 'ms_suffix': 0.79, 'ms_2_F0': 0.897783832465277, 'file_name': '32d_pulsar.wav', 'item_id': 32, 'cond': 'd', 'thisN': 30, 'thisTrialN': 30, 'thisRepN': 0}>
3096.3260 	EXP 	Sound test_sound reached end of file
3096.3348 	EXP 	Sound test_sound started
3096.3291 	DATA 	Keypress: space
3096.3380 	EXP 	text_3: autoDraw = False
3096.3380 	EXP 	polygon_2: autoDraw = True
3098.1348 	EXP 	Sound test_sound reached end of file
3098.1400 	EXP 	Sound test_sound reached end of file
3098.3923 	EXP 	New trial (rep=0, index=31): <Trial 31 (31 in rep 0) data={'sounds': 'sounds/07c_tumbar.wav', 'syll': 'CVC', 'stress_unstress': 'Unstressed', 'suffix': 'Match', 'present_past': 'past', 'corrAns': 'num_2', 'trigger_item': 0.0, 'trigger_senonset': 0.2, 'trigger_verbsonset': 0.9084024930273432, 'trigger_1_F0': 0.9247360728973012, 'trigger_suffix': 1.143289673625005, 'trigger_2_F0': 1.154847989033482, 'ID_item': 101, 'ID_senonset': 30, 'ID_verbonset': 31, 'ID_1_F0': 32, 'ID_suffix': 33, 'ID_2_F0': 34, 'ms_senonset': 0, 'ms_verbonset': 0.708402493027343, 'ms_1_F0': 0.724736072897301, 'ms_suffix': 0.943289673625005, 'ms_2_F0': 0.954847989033482, 'file_name': '07c_tumbar.wav', 'item_id': 7, 'cond': 'c', 'thisN': 31, 'thisTrialN': 31, 'thisRepN': 0}>
3098.3970 	EXP 	Sound test_sound reached end of file
3098.4017 	EXP 	Sound test_sound started
3098.4003 	DATA 	Keypress: right
3098.4070 	EXP 	polygon_2: autoDraw = False
3098.4070 	EXP 	text_3: autoDraw = False
3098.4070 	EXP 	polygon_2: autoDraw = True
3100.3363 	EXP 	Sound test_sound reached end of file
3100.3522 	EXP 	Sound test_sound reached end of file
3100.7758 	EXP 	New trial (rep=0, index=32): <Trial 32 (32 in rep 0) data={'sounds': 'sounds/25b_ganar.wav', 'syll': 'CVC', 'stress_unstress': 'Unstressed', 'suffix': 'Mismatch', 'present_past': 'present', 'corrAns': 'num_1', 'trigger_item': 0.0, 'trigger_senonset': 0.2, 'trigger_verbsonset': 1.152097938368055, 'trigger_1_F0': 1.15990068760488, 'trigger_suffix': 1.28904165650454, 'trigger_2_F0': 1.37272500435153, 'ID_item': 101, 'ID_senonset': 20, 'ID_verbonset': 21, 'ID_1_F0': 22, 'ID_suffix': 23, 'ID_2_F0': 24, 'ms_senonset': 0, 'ms_verbonset': 0.952097938368055, 'ms_1_F0': 0.95990068760488, 'ms_suffix': 1.08904165650454, 'ms_2_F0': 1.17272500435153, 'file_name': '25b_ganar.wav', 'item_id': 25, 'cond': 'b', 'thisN': 32, 'thisTrialN': 32, 'thisRepN': 0}>
3100.7811 	EXP 	Sound test_sound reached end of file
3100.7851 	EXP 	Sound test_sound started
3100.7835 	DATA 	Keypress: left
3100.7919 	EXP 	polygon_2: autoDraw = False
3100.7919 	EXP 	text_3: autoDraw = False
3100.7919 	EXP 	polygon_2: autoDraw = True
3103.0152 	EXP 	Sound test_sound paused
3103.0189 	EXP 	New trial (rep=0, index=33): <Trial 33 (33 in rep 0) data={'sounds': 'sounds/34c_formar.wav', 'syll': 'CVC', 'stress_unstress': 'Unstressed', 'suffix': 'Match', 'present_past': 'past', 'corrAns': 'num_2', 'trigger_item': 0.0, 'trigger_senonset': 0.2, 'trigger_verbsonset': 0.876373676215277, 'trigger_1_F0': 0.992687651909722, 'trigger_suffix': 1.14, 'trigger_2_F0': 1.26319767795138, 'ID_item': 101, 'ID_senonset': 30, 'ID_verbonset': 31, 'ID_1_F0': 32, 'ID_suffix': 33, 'ID_2_F0': 34, 'ms_senonset': 0, 'ms_verbonset': 0.676373676215277, 'ms_1_F0': 0.792687651909722, 'ms_suffix': 0.94, 'ms_2_F0': 1.06319767795138, 'file_name': '34c_formar.wav', 'item_id': 34, 'cond': 'c', 'thisN': 33, 'thisTrialN': 33, 'thisRepN': 0}>
3103.0242 	EXP 	Sound test_sound reached end of file
3103.0348 	EXP 	Sound test_sound started
3103.0274 	DATA 	Keypress: right
3103.0361 	EXP 	polygon_2: autoDraw = False
3103.0361 	EXP 	text_3: autoDraw = False
3103.0361 	EXP 	polygon_2: autoDraw = True
3105.2519 	EXP 	Sound test_sound reached end of file
3105.2684 	EXP 	Sound test_sound reached end of file
3105.3415 	EXP 	New trial (rep=0, index=34): <Trial 34 (34 in rep 0) data={'sounds': 'sounds/06d_soplar.wav', 'syll': 'CVC', 'stress_unstress': 'Stressed', 'suffix': 'Mismatch', 'present_past': 'past', 'corrAns': 'num_2', 'trigger_item': 0.0, 'trigger_senonset': 0.2, 'trigger_verbsonset': 0.761291666666666, 'trigger_1_F0': 0.8899999999999999, 'trigger_suffix': 1.102139687590422, 'trigger_2_F0': 1.166665581687644, 'ID_item': 101, 'ID_senonset': 40, 'ID_verbonset': 41, 'ID_1_F0': 42, 'ID_suffix': 43, 'ID_2_F0': 44, 'ms_senonset': 0, 'ms_verbonset': 0.561291666666666, 'ms_1_F0': 0.69, 'ms_suffix': 0.902139687590422, 'ms_2_F0': 0.966665581687644, 'file_name': '06d_soplar.wav', 'item_id': 6, 'cond': 'd', 'thisN': 34, 'thisTrialN': 34, 'thisRepN': 0}>
3105.3461 	EXP 	Sound test_sound reached end of file
3105.3513 	EXP 	Sound test_sound started
3105.3484 	DATA 	Keypress: left
3105.3578 	EXP 	polygon_2: autoDraw = False
3105.3578 	EXP 	text_3: autoDraw = False
3105.3578 	EXP 	polygon_2: autoDraw = True
3107.2193 	EXP 	Sound test_sound reached end of file
3107.2345 	EXP 	Sound test_sound reached end of file
3108.0421 	EXP 	New trial (rep=0, index=35): <Trial 35 (35 in rep 0) data={'sounds': 'sounds/30a_fundar.wav', 'syll': 'CVC', 'stress_unstress': 'Stressed', 'suffix': 'Match', 'present_past': 'present', 'corrAns': 'num_1', 'trigger_item': 0.0, 'trigger_senonset': 0.2, 'trigger_verbsonset': 0.77, 'trigger_1_F0': 0.91, 'trigger_suffix': 1.112685546875, 'trigger_2_F0': 1.12, 'ID_item': 101, 'ID_senonset': 10, 'ID_verbonset': 11, 'ID_1_F0': 12, 'ID_suffix': 13, 'ID_2_F0': 14, 'ms_senonset': 0, 'ms_verbonset': 0.57, 'ms_1_F0': 0.71, 'ms_suffix': 0.912685546875, 'ms_2_F0': 0.92, 'file_name': '30a_fundar.wav', 'item_id': 30, 'cond': 'a', 'thisN': 35, 'thisTrialN': 35, 'thisRepN': 0}>
3108.0475 	EXP 	Sound test_sound reached end of file
3108.0516 	EXP 	Sound test_sound started
3108.0506 	DATA 	Keypress: left
3108.0586 	EXP 	polygon_2: autoDraw = False
3108.0586 	EXP 	text_3: autoDraw = False
3108.0586 	EXP 	polygon_2: autoDraw = True
3110.1877 	EXP 	Sound test_sound reached end of file
3110.2020 	EXP 	Sound test_sound reached end of file
3110.2585 	EXP 	New trial (rep=0, index=36): <Trial 36 (36 in rep 0) data={'sounds': 'sounds/12a_matar.wav', 'syll': 'CVC', 'stress_unstress': 'Stressed', 'suffix': 'Match', 'present_past': 'present', 'corrAns': 'num_1', 'trigger_item': 0.0, 'trigger_senonset': 0.2, 'trigger_verbsonset': 0.8400000000000001, 'trigger_1_F0': 0.96, 'trigger_suffix': 1.17307472511574, 'trigger_2_F0': 1.186647497106481, 'ID_item': 101, 'ID_senonset': 10, 'ID_verbonset': 11, 'ID_1_F0': 12, 'ID_suffix': 13, 'ID_2_F0': 14, 'ms_senonset': 0, 'ms_verbonset': 0.64, 'ms_1_F0': 0.76, 'ms_suffix': 0.97307472511574, 'ms_2_F0': 0.986647497106481, 'file_name': '12a_matar.wav', 'item_id': 12, 'cond': 'a', 'thisN': 36, 'thisTrialN': 36, 'thisRepN': 0}>
3110.2650 	EXP 	Sound test_sound reached end of file
3110.2680 	EXP 	Sound test_sound started
3110.2673 	DATA 	Keypress: right
3110.2752 	EXP 	polygon_2: autoDraw = False
3110.2752 	EXP 	text_3: autoDraw = False
3110.2752 	EXP 	polygon_2: autoDraw = True
3112.4424 	EXP 	Sound test_sound reached end of file
3112.4519 	EXP 	Sound test_sound reached end of file
3112.5071 	EXP 	New trial (rep=0, index=37): <Trial 37 (37 in rep 0) data={'sounds': 'sounds/08d_filtrar.wav', 'syll': 'CVC', 'stress_unstress': 'Stressed', 'suffix': 'Mismatch', 'present_past': 'past', 'corrAns': 'num_2', 'trigger_item': 0.0, 'trigger_senonset': 0.2, 'trigger_verbsonset': 0.7526856695589441, 'trigger_1_F0': 0.87808115762362, 'trigger_suffix': 1.118901843962886, 'trigger_2_F0': 1.172598812485867, 'ID_item': 101, 'ID_senonset': 40, 'ID_verbonset': 41, 'ID_1_F0': 42, 'ID_suffix': 43, 'ID_2_F0': 44, 'ms_senonset': 0, 'ms_verbonset': 0.552685669558944, 'ms_1_F0': 0.67808115762362, 'ms_suffix': 0.918901843962886, 'ms_2_F0': 0.972598812485867, 'file_name': '08d_filtrar.wav', 'item_id': 8, 'cond': 'd', 'thisN': 37, 'thisTrialN': 37, 'thisRepN': 0}>
3112.5093 	EXP 	Sound test_sound reached end of file
3112.5180 	EXP 	Sound test_sound started
3112.5110 	DATA 	Keypress: right
3112.5197 	EXP 	polygon_2: autoDraw = False
3112.5197 	EXP 	text_3: autoDraw = False
3112.5197 	EXP 	polygon_2: autoDraw = True
3114.2621 	EXP 	Sound test_sound reached end of file
3114.2697 	EXP 	Sound test_sound reached end of file
3115.2053 	DATA 	Keypress: right
3115.2256 	EXP 	New trial (rep=0, index=38): <Trial 38 (38 in rep 0) data={'sounds': 'sounds/33b_culpar.wav', 'syll': 'CVC', 'stress_unstress': 'Unstressed', 'suffix': 'Mismatch', 'present_past': 'present', 'corrAns': 'num_1', 'trigger_item': 0.0, 'trigger_senonset': 0.2, 'trigger_verbsonset': 0.8606178431336959, 'trigger_1_F0': 0.869103678029107, 'trigger_suffix': 1.109891641372144, 'trigger_2_F0': 1.131540467434179, 'ID_item': 101, 'ID_senonset': 20, 'ID_verbonset': 21, 'ID_1_F0': 22, 'ID_suffix': 23, 'ID_2_F0': 24, 'ms_senonset': 0, 'ms_verbonset': 0.660617843133696, 'ms_1_F0': 0.669103678029107, 'ms_suffix': 0.909891641372144, 'ms_2_F0': 0.931540467434179, 'file_name': '33b_culpar.wav', 'item_id': 33, 'cond': 'b', 'thisN': 38, 'thisTrialN': 38, 'thisRepN': 0}>
3115.2307 	EXP 	Sound test_sound reached end of file
3115.2349 	EXP 	Sound test_sound started
3115.2421 	EXP 	polygon_2: autoDraw = False
3115.2421 	EXP 	text_3: autoDraw = False
3115.2421 	EXP 	polygon_2: autoDraw = True
3117.3889 	EXP 	Sound test_sound reached end of file
3117.4017 	EXP 	Sound test_sound reached end of file
3118.3423 	EXP 	New trial (rep=0, index=39): <Trial 39 (39 in rep 0) data={'sounds': 'sounds/16a_llevar.wav', 'syll': 'CVC', 'stress_unstress': 'Stressed', 'suffix': 'Match', 'present_past': 'present', 'corrAns': 'num_1', 'trigger_item': 0.0, 'trigger_senonset': 0.2, 'trigger_verbsonset': 0.929084516317274, 'trigger_1_F0': 0.964936524692279, 'trigger_suffix': 1.08, 'trigger_2_F0': 1.131864014418682, 'ID_item': 101, 'ID_senonset': 10, 'ID_verbonset': 11, 'ID_1_F0': 12, 'ID_suffix': 13, 'ID_2_F0': 14, 'ms_senonset': 0, 'ms_verbonset': 0.729084516317274, 'ms_1_F0': 0.764936524692279, 'ms_suffix': 0.88, 'ms_2_F0': 0.931864014418682, 'file_name': '16a_llevar.wav', 'item_id': 16, 'cond': 'a', 'thisN': 39, 'thisTrialN': 39, 'thisRepN': 0}>
3118.3465 	EXP 	Sound test_sound reached end of file
3118.3517 	EXP 	Sound test_sound started
3118.3489 	DATA 	Keypress: right
3118.3573 	EXP 	polygon_2: autoDraw = False
3118.3573 	EXP 	text_3: autoDraw = False
3118.3573 	EXP 	polygon_2: autoDraw = True
3120.2413 	EXP 	Sound test_sound reached end of file
3120.2520 	EXP 	Sound test_sound reached end of file
3120.6293 	DATA 	Keypress: right
3120.6350 	EXP 	polygon_2: autoDraw = False
3120.6350 	EXP 	text_3: autoDraw = False
3120.6350 	EXP 	text_2: autoDraw = True
3127.4638 	DATA 	Keypress: space
3127.4671 	EXP 	text_2: autoDraw = False
3127.4673 	EXP 	LangExperimentstress: status = STOPPED
