10.3566 	WARNING 	User requested fullscreen with size [1536  864], but screen is actually [1920, 1080]. Using actual size
10.5991 	EXP 	Created window1 = Window(allowGUI=False, allowStencil=False, autoLog=True, backendConf=UNKNOWN, backgroundFit=<method-wrapper '__getattribute__' of attributeSetter object at 0x000002DCDD4A3EE0>, backgroundImage=<method-wrapper '__getattribute__' of attributeSetter object at 0x000002DCDD4A3E80>, bitsMode=UNKNOWN, blendMode='avg', bpc=(8, 8, 8), color=array([0, 0, 0]), colorSpace='rgb', depthBits=8, fullscr=True, gamma=None, gammaErrorPolicy='raise', infoMsg=UNKNOWN, lms=UNKNOWN, monitor=<psychopy.monitors.calibTools.Monitor object at 0x000002DCE5784E20>, multiSample=False, name='window1', numSamples=2, pos=[0.0, 0.0], screen=0, size=array([1920, 1080]), stencilBits=0, stereo=False, title='PsychoPy', units='height', useFBO=True, useRetina=False, viewOri=0.0, viewPos=None, viewScale=None, waitBlanking=True, winType='pyglet')
10.5992 	EXP 	window1: backgroundImage = ''
10.5992 	EXP 	window1: backgroundFit = 'none'
10.6523 	EXP 	window1: Attempting to measure frame rate of screen (0) ...
10.6524 	EXP 	window1: recordFrameIntervals = False
10.8090 	EXP 	window1: recordFrameIntervals = True
11.0922 	EXP 	Screen (0) actual frame rate measured at 61.01Hz
11.0922 	EXP 	window1: recordFrameIntervals = False
13.6049 	EXP 	LangExperimentstress: status = STARTED
13.6888 	EXP 	Created instr = TextStim(__class__=<class 'psychopy.visual.text.TextStim'>, alignHoriz=method-wrapper(...), alignText='center', alignVert=method-wrapper(...), anchorHoriz='center', anchorVert='center', antialias=True, autoDraw=False, autoLog=True, bold=False, color=array([1., 1., 1.]), colorSpace='rgb', contrast=1.0, depth=0.0, draggable=False, flipHoriz=False, flipVert=False, font='Arial', fontFiles=[], height=0.08, italic=False, languageStyle='LTR', name='instr', opacity=1, ori=0, pos=array([0., 0.]), rgb=UNKNOWN, text=str(...), units='height', win=Window(...), wrapWidth=1)
14.0652 	EXP 	Sound test_sound_2 set volume 1.000
14.0677 	EXP 	Created polygon = ShapeStim(__class__=<class 'psychopy.visual.shape.ShapeStim'>, anchor=('center', 'center'), autoDraw=False, autoLog=True, closeShape=True, color=method-wrapper(...), colorSpace='rgb', contrast=None, depth=-2.0, draggable=False, fillColor=array([-1, -1, -1]), fillColorSpace='rgb', fillRGB=array([-1, -1, -1]), interpolate=True, lineColor=array([-1., -1., -1.]), lineColorSpace='rgb', lineRGB=array([-1, -1, -1]), lineWidth=1, name='polygon', opacity=1, ori=0.0, pos=array([0., 0.]), size=array([0.15, 0.15]), units='height', vertices=ndarray(...), win=Window(...), windingRule=None)
14.0830 	EXP 	Created text_3 = TextStim(__class__=<class 'psychopy.visual.text.TextStim'>, alignHoriz=method-wrapper(...), alignText='center', alignVert=method-wrapper(...), anchorHoriz='center', anchorVert='center', antialias=True, autoDraw=False, autoLog=True, bold=False, color=array([1., 1., 1.]), colorSpace='rgb', contrast=1.0, depth=0.0, draggable=False, flipHoriz=False, flipVert=False, font='Arial', fontFiles=[], height=0.1, italic=False, languageStyle='LTR', name='text_3', opacity=1, ori=0, pos=array([0., 0.]), rgb=UNKNOWN, text=str(...), units='height', win=Window(...), wrapWidth=1)
14.0902 	EXP 	Created instr = TextStim(__class__=<class 'psychopy.visual.text.TextStim'>, alignHoriz=method-wrapper(...), alignText='center', alignVert=method-wrapper(...), anchorHoriz='center', anchorVert='center', antialias=True, autoDraw=False, autoLog=True, bold=False, color=array([1., 1., 1.]), colorSpace='rgb', contrast=1.0, depth=0.0, draggable=False, flipHoriz=False, flipVert=False, font='Arial', fontFiles=[], height=0.08, italic=False, languageStyle='LTR', name='instr', opacity=1, ori=0, pos=array([0., 0.]), rgb=UNKNOWN, text=str(...), units='height', win=Window(...), wrapWidth=1)
14.2272 	EXP 	Sound test_sound set volume 1.000
14.2287 	EXP 	Created polygon_2 = ShapeStim(__class__=<class 'psychopy.visual.shape.ShapeStim'>, anchor=('center', 'center'), autoDraw=False, autoLog=True, closeShape=True, color=method-wrapper(...), colorSpace='rgb', contrast=None, depth=-2.0, draggable=False, fillColor=array([-1, -1, -1]), fillColorSpace='rgb', fillRGB=array([-1, -1, -1]), interpolate=True, lineColor=array([-1., -1., -1.]), lineColorSpace='rgb', lineRGB=array([-1, -1, -1]), lineWidth=1, name='polygon_2', opacity=1, ori=0.0, pos=array([0., 0.]), size=array([0.15, 0.15]), units='height', vertices=ndarray(...), win=Window(...), windingRule=None)
14.2322 	EXP 	Created text_3 = TextStim(__class__=<class 'psychopy.visual.text.TextStim'>, alignHoriz=method-wrapper(...), alignText='center', alignVert=method-wrapper(...), anchorHoriz='center', anchorVert='center', antialias=True, autoDraw=False, autoLog=True, bold=False, color=array([1., 1., 1.]), colorSpace='rgb', contrast=1.0, depth=0.0, draggable=False, flipHoriz=False, flipVert=False, font='Arial', fontFiles=[], height=0.1, italic=False, languageStyle='LTR', name='text_3', opacity=1, ori=0, pos=array([0., 0.]), rgb=UNKNOWN, text=str(...), units='height', win=Window(...), wrapWidth=1)
14.2408 	EXP 	Created text_2 = TextStim(__class__=<class 'psychopy.visual.text.TextStim'>, alignHoriz=method-wrapper(...), alignText='center', alignVert=method-wrapper(...), anchorHoriz='center', anchorVert='center', antialias=True, autoDraw=False, autoLog=True, bold=False, color=array([1., 1., 1.]), colorSpace='rgb', contrast=1.0, depth=0.0, draggable=False, flipHoriz=False, flipVert=False, font='Arial', fontFiles=[], height=0.1, italic=False, languageStyle='LTR', name='text_2', opacity=1, ori=0, pos=array([0., 0.]), rgb=UNKNOWN, text=str(...), units='height', win=Window(...), wrapWidth=1)
0.0177 	EXP 	instr: autoDraw = True
3447.2957 	EXP 	Imported selected_practice.csv as conditions, 4 conditions, 27 params
3447.2961 	EXP 	New trial (rep=0, index=0): <Trial 0 (0 in rep 0) data={'sounds': 'sounds/p4d_cortar.wav', 'syll': 'CVC', 'stress_unstress': 'Stressed', 'suffix': 'Mismatch', 'present_past': 'past', 'corrAns': 'num_2', 'trigger_item': 0.0, 'trigger_senonset': 0.205513, 'trigger_verbsonset': 0.8629519999999999, 'trigger_1_F0': 0.984841, 'trigger_suffix': 1.219715, 'trigger_2_F0': 1.27, 'ID_item': 101, 'ID_senonset': 40, 'ID_verbonset': 41, 'ID_1_F0': 42, 'ID_suffix': 43, 'ID_2_F0': 44, 'ms_senonset': 0.005513, 'ms_verbonset': 0.662952, 'ms_1_F0': 0.784841, 'ms_suffix': 1.019715, 'ms_2_F0': 1.07, 'file_name': 'p4d_cortar.wav', 'sentence': 'p4', 'cond': 'd', 'combo': 'p4d', 'thisN': 0, 'thisTrialN': 0, 'thisRepN': 0}>
3447.2991 	EXP 	Sound test_sound_2 reached end of file
3447.3107 	EXP 	Sound test_sound_2 started
3447.3012 	DATA 	Keypress: space
3447.3100 	EXP 	instr: autoDraw = False
3447.3100 	EXP 	polygon: autoDraw = True
3449.8021 	EXP 	Sound test_sound_2 reached end of file
3449.8108 	EXP 	Sound test_sound_2 reached end of file
3455.0340 	EXP 	New trial (rep=0, index=1): <Trial 1 (1 in rep 0) data={'sounds': 'sounds/p2b_cortar.wav', 'syll': 'CVC', 'stress_unstress': 'Unstressed', 'suffix': 'Mismatch', 'present_past': 'present', 'corrAns': 'num_1', 'trigger_item': 0.0, 'trigger_senonset': 0.205513, 'trigger_verbsonset': 0.8629519999999999, 'trigger_1_F0': 0.984841, 'trigger_suffix': 1.219715, 'trigger_2_F0': 1.27, 'ID_item': 101, 'ID_senonset': 20, 'ID_verbonset': 21, 'ID_1_F0': 22, 'ID_suffix': 23, 'ID_2_F0': 24, 'ms_senonset': 0.005513, 'ms_verbonset': 0.662952, 'ms_1_F0': 0.784841, 'ms_suffix': 1.019715, 'ms_2_F0': 1.07, 'file_name': 'p2b_cortar.wav', 'sentence': 'p2', 'cond': 'b', 'combo': 'p2b', 'thisN': 1, 'thisTrialN': 1, 'thisRepN': 0}>
3455.0388 	EXP 	Sound test_sound_2 reached end of file
3455.0443 	EXP 	Sound test_sound_2 started
3455.0406 	DATA 	Keypress: left
3455.0506 	EXP 	polygon: autoDraw = False
3455.0506 	EXP 	text_3: autoDraw = False
3455.0506 	EXP 	polygon: autoDraw = True
3457.2917 	EXP 	Sound test_sound_2 reached end of file
3457.2975 	EXP 	Sound test_sound_2 reached end of file
3464.5178 	EXP 	New trial (rep=0, index=2): <Trial 2 (2 in rep 0) data={'sounds': 'sounds/p3c_saltar.wav', 'syll': 'CVC', 'stress_unstress': 'Unstressed', 'suffix': 'Match', 'present_past': 'past', 'corrAns': 'num_2', 'trigger_item': 0.0, 'trigger_senonset': 0.205513, 'trigger_verbsonset': 0.8629519999999999, 'trigger_1_F0': 0.984841, 'trigger_suffix': 1.219715, 'trigger_2_F0': 1.27, 'ID_item': 101, 'ID_senonset': 30, 'ID_verbonset': 31, 'ID_1_F0': 32, 'ID_suffix': 33, 'ID_2_F0': 34, 'ms_senonset': 0.005513, 'ms_verbonset': 0.662952, 'ms_1_F0': 0.784841, 'ms_suffix': 1.019715, 'ms_2_F0': 1.07, 'file_name': 'p3c_saltar.wav', 'sentence': 'p3', 'cond': 'c', 'combo': 'p3c', 'thisN': 2, 'thisTrialN': 2, 'thisRepN': 0}>
3464.5225 	EXP 	Sound test_sound_2 reached end of file
3464.5274 	EXP 	Sound test_sound_2 started
3464.5254 	DATA 	Keypress: right
3464.5330 	EXP 	polygon: autoDraw = False
3464.5330 	EXP 	text_3: autoDraw = False
3464.5330 	EXP 	polygon: autoDraw = True
3466.5920 	EXP 	Sound test_sound_2 reached end of file
3466.5957 	EXP 	Sound test_sound_2 reached end of file
3476.4820 	EXP 	New trial (rep=0, index=3): <Trial 3 (3 in rep 0) data={'sounds': 'sounds/p1a_saltar.wav', 'syll': 'CVC', 'stress_unstress': 'Stressed', 'suffix': 'Match', 'present_past': 'present', 'corrAns': 'num_1', 'trigger_item': 0.0, 'trigger_senonset': 0.205513, 'trigger_verbsonset': 0.8629519999999999, 'trigger_1_F0': 0.984841, 'trigger_suffix': 1.219715, 'trigger_2_F0': 1.27, 'ID_item': 101, 'ID_senonset': 10, 'ID_verbonset': 11, 'ID_1_F0': 12, 'ID_suffix': 13, 'ID_2_F0': 14, 'ms_senonset': 0.005513, 'ms_verbonset': 0.662952, 'ms_1_F0': 0.784841, 'ms_suffix': 1.019715, 'ms_2_F0': 1.07, 'file_name': 'p1a_saltar.wav', 'sentence': 'p1', 'cond': 'a', 'combo': 'p1a', 'thisN': 3, 'thisTrialN': 3, 'thisRepN': 0}>
3476.4859 	EXP 	Sound test_sound_2 reached end of file
3476.4939 	EXP 	Sound test_sound_2 started
3476.4881 	DATA 	Keypress: left
3476.4967 	EXP 	polygon: autoDraw = False
3476.4967 	EXP 	text_3: autoDraw = False
3476.4967 	EXP 	polygon: autoDraw = True
3478.7155 	EXP 	Sound test_sound_2 reached end of file
3478.7279 	EXP 	Sound test_sound_2 reached end of file
3487.5039 	DATA 	Keypress: right
3487.5111 	EXP 	polygon: autoDraw = False
3487.5111 	EXP 	text_3: autoDraw = False
3487.5111 	EXP 	instr: autoDraw = True
3534.2163 	DATA 	Keypress: space
3534.2474 	EXP 	Imported selected_trials.csv as conditions, 40 conditions, 26 params
3534.2480 	EXP 	New trial (rep=0, index=0): <Trial 0 (0 in rep 0) data={'sounds': 'sounds/14b_borrar.wav', 'syll': 'CVC', 'stress_unstress': 'Unstressed', 'suffix': 'Mismatch', 'present_past': 'present', 'corrAns': 'num_1', 'trigger_item': 0.0, 'trigger_senonset': 0.2, 'trigger_verbsonset': 0.72, 'trigger_1_F0': 0.770187630208333, 'trigger_suffix': 0.851961241319444, 'trigger_2_F0': 0.964399956597222, 'ID_item': 101, 'ID_senonset': 20, 'ID_verbonset': 21, 'ID_1_F0': 22, 'ID_suffix': 23, 'ID_2_F0': 24, 'ms_senonset': 0, 'ms_verbonset': 0.52, 'ms_1_F0': 0.570187630208333, 'ms_suffix': 0.651961241319444, 'ms_2_F0': 0.764399956597222, 'file_name': '14b_borrar.wav', 'item_id': 14, 'cond': 'b', 'thisN': 0, 'thisTrialN': 0, 'thisRepN': 0}>
3534.2503 	EXP 	Sound test_sound reached end of file
3534.2623 	EXP 	Sound test_sound started
3534.2602 	EXP 	instr: autoDraw = False
3534.2602 	EXP 	polygon_2: autoDraw = True
3536.1879 	EXP 	Sound test_sound reached end of file
3536.1953 	EXP 	Sound test_sound reached end of file
3543.8662 	EXP 	New trial (rep=0, index=1): <Trial 1 (1 in rep 0) data={'sounds': 'sounds/34c_formar.wav', 'syll': 'CVC', 'stress_unstress': 'Unstressed', 'suffix': 'Match', 'present_past': 'past', 'corrAns': 'num_2', 'trigger_item': 0.0, 'trigger_senonset': 0.2, 'trigger_verbsonset': 0.876373676215277, 'trigger_1_F0': 0.992687651909722, 'trigger_suffix': 1.14, 'trigger_2_F0': 1.26319767795138, 'ID_item': 101, 'ID_senonset': 30, 'ID_verbonset': 31, 'ID_1_F0': 32, 'ID_suffix': 33, 'ID_2_F0': 34, 'ms_senonset': 0, 'ms_verbonset': 0.676373676215277, 'ms_1_F0': 0.792687651909722, 'ms_suffix': 0.94, 'ms_2_F0': 1.06319767795138, 'file_name': '34c_formar.wav', 'item_id': 34, 'cond': 'c', 'thisN': 1, 'thisTrialN': 1, 'thisRepN': 0}>
3543.8685 	EXP 	Sound test_sound reached end of file
3543.8786 	EXP 	Sound test_sound started
3543.8707 	DATA 	Keypress: right
3543.8792 	EXP 	polygon_2: autoDraw = False
3543.8792 	EXP 	text_3: autoDraw = False
3543.8792 	EXP 	polygon_2: autoDraw = True
3546.0963 	EXP 	Sound test_sound reached end of file
3546.1127 	EXP 	Sound test_sound reached end of file
3560.0037 	EXP 	New trial (rep=0, index=2): <Trial 2 (2 in rep 0) data={'sounds': 'sounds/32d_pulsar.wav', 'syll': 'CVC', 'stress_unstress': 'Stressed', 'suffix': 'Mismatch', 'present_past': 'past', 'corrAns': 'num_2', 'trigger_item': 0.0, 'trigger_senonset': 0.2, 'trigger_verbsonset': 0.796440212673611, 'trigger_1_F0': 0.8294641710069439, 'trigger_suffix': 0.99, 'trigger_2_F0': 1.097783832465277, 'ID_item': 101, 'ID_senonset': 40, 'ID_verbonset': 41, 'ID_1_F0': 42, 'ID_suffix': 43, 'ID_2_F0': 44, 'ms_senonset': 0, 'ms_verbonset': 0.596440212673611, 'ms_1_F0': 0.629464171006944, 'ms_suffix': 0.79, 'ms_2_F0': 0.897783832465277, 'file_name': '32d_pulsar.wav', 'item_id': 32, 'cond': 'd', 'thisN': 2, 'thisTrialN': 2, 'thisRepN': 0}>
3560.0096 	EXP 	Sound test_sound reached end of file
3560.0128 	EXP 	Sound test_sound started
3560.0128 	DATA 	Keypress: left
3560.0211 	EXP 	polygon_2: autoDraw = False
3560.0211 	EXP 	text_3: autoDraw = False
3560.0211 	EXP 	polygon_2: autoDraw = True
3561.8153 	EXP 	Sound test_sound reached end of file
3561.8209 	EXP 	Sound test_sound reached end of file
3582.4370 	EXP 	New trial (rep=0, index=3): <Trial 3 (3 in rep 0) data={'sounds': 'sounds/22d_dejar.wav', 'syll': 'CVC', 'stress_unstress': 'Stressed', 'suffix': 'Mismatch', 'present_past': 'past', 'corrAns': 'num_2', 'trigger_item': 0.0, 'trigger_senonset': 0.2, 'trigger_verbsonset': 0.8500000000000001, 'trigger_1_F0': 1.02, 'trigger_suffix': 1.152543366608796, 'trigger_2_F0': 1.28794346788194, 'ID_item': 101, 'ID_senonset': 40, 'ID_verbonset': 41, 'ID_1_F0': 42, 'ID_suffix': 43, 'ID_2_F0': 44, 'ms_senonset': 0, 'ms_verbonset': 0.65, 'ms_1_F0': 0.82, 'ms_suffix': 0.952543366608796, 'ms_2_F0': 1.08794346788194, 'file_name': '22d_dejar.wav', 'item_id': 22, 'cond': 'd', 'thisN': 3, 'thisTrialN': 3, 'thisRepN': 0}>
3582.4419 	EXP 	Sound test_sound reached end of file
3582.4467 	EXP 	Sound test_sound started
3582.4436 	DATA 	Keypress: left
3582.4537 	EXP 	polygon_2: autoDraw = False
3582.4537 	EXP 	text_3: autoDraw = False
3582.4537 	EXP 	polygon_2: autoDraw = True
3584.4654 	EXP 	Sound test_sound reached end of file
3584.4805 	EXP 	Sound test_sound reached end of file
3586.7666 	EXP 	New trial (rep=0, index=4): <Trial 4 (4 in rep 0) data={'sounds': 'sounds/25b_ganar.wav', 'syll': 'CVC', 'stress_unstress': 'Unstressed', 'suffix': 'Mismatch', 'present_past': 'present', 'corrAns': 'num_1', 'trigger_item': 0.0, 'trigger_senonset': 0.2, 'trigger_verbsonset': 1.152097938368055, 'trigger_1_F0': 1.15990068760488, 'trigger_suffix': 1.28904165650454, 'trigger_2_F0': 1.37272500435153, 'ID_item': 101, 'ID_senonset': 20, 'ID_verbonset': 21, 'ID_1_F0': 22, 'ID_suffix': 23, 'ID_2_F0': 24, 'ms_senonset': 0, 'ms_verbonset': 0.952097938368055, 'ms_1_F0': 0.95990068760488, 'ms_suffix': 1.08904165650454, 'ms_2_F0': 1.17272500435153, 'file_name': '25b_ganar.wav', 'item_id': 25, 'cond': 'b', 'thisN': 4, 'thisTrialN': 4, 'thisRepN': 0}>
3586.7697 	EXP 	Sound test_sound reached end of file
3586.7796 	EXP 	Sound test_sound started
3586.7719 	DATA 	Keypress: left
3586.7803 	EXP 	polygon_2: autoDraw = False
3586.7803 	EXP 	text_3: autoDraw = False
3586.7803 	EXP 	polygon_2: autoDraw = True
3589.0976 	EXP 	Sound test_sound reached end of file
3589.1139 	EXP 	Sound test_sound reached end of file
3589.7860 	EXP 	New trial (rep=0, index=5): <Trial 5 (5 in rep 0) data={'sounds': 'sounds/35b_secar.wav', 'syll': 'CVC', 'stress_unstress': 'Unstressed', 'suffix': 'Mismatch', 'present_past': 'present', 'corrAns': 'num_1', 'trigger_item': 0.0, 'trigger_senonset': 0.2, 'trigger_verbsonset': 0.8990044921875, 'trigger_1_F0': 1.025708658854166, 'trigger_suffix': 1.179689416956018, 'trigger_2_F0': 1.20652606336805, 'ID_item': 101, 'ID_senonset': 20, 'ID_verbonset': 21, 'ID_1_F0': 22, 'ID_suffix': 23, 'ID_2_F0': 24, 'ms_senonset': 0, 'ms_verbonset': 0.6990044921875, 'ms_1_F0': 0.825708658854166, 'ms_suffix': 0.979689416956018, 'ms_2_F0': 1.00652606336805, 'file_name': '35b_secar.wav', 'item_id': 35, 'cond': 'b', 'thisN': 5, 'thisTrialN': 5, 'thisRepN': 0}>
3589.7905 	EXP 	Sound test_sound reached end of file
3589.7967 	EXP 	Sound test_sound started
3589.7928 	DATA 	Keypress: right
3589.8004 	EXP 	polygon_2: autoDraw = False
3589.8004 	EXP 	text_3: autoDraw = False
3589.8004 	EXP 	polygon_2: autoDraw = True
3591.9150 	EXP 	Sound test_sound reached end of file
3591.9306 	EXP 	Sound test_sound reached end of file
3599.2546 	EXP 	New trial (rep=0, index=6): <Trial 6 (6 in rep 0) data={'sounds': 'sounds/13c_montar.wav', 'syll': 'CVC', 'stress_unstress': 'Unstressed', 'suffix': 'Match', 'present_past': 'past', 'corrAns': 'num_2', 'trigger_item': 0.0, 'trigger_senonset': 0.2, 'trigger_verbsonset': 0.8800000000000001, 'trigger_1_F0': 0.98, 'trigger_suffix': 1.24543012152777, 'trigger_2_F0': 1.2594709201388798, 'ID_item': 101, 'ID_senonset': 30, 'ID_verbonset': 31, 'ID_1_F0': 32, 'ID_suffix': 33, 'ID_2_F0': 34, 'ms_senonset': 0, 'ms_verbonset': 0.68, 'ms_1_F0': 0.78, 'ms_suffix': 1.04543012152777, 'ms_2_F0': 1.05947092013888, 'file_name': '13c_montar.wav', 'item_id': 13, 'cond': 'c', 'thisN': 6, 'thisTrialN': 6, 'thisRepN': 0}>
3599.2607 	EXP 	Sound test_sound reached end of file
3599.2651 	EXP 	Sound test_sound started
3599.2633 	DATA 	Keypress: right
3599.2718 	EXP 	polygon_2: autoDraw = False
3599.2718 	EXP 	text_3: autoDraw = False
3599.2718 	EXP 	polygon_2: autoDraw = True
3601.5446 	EXP 	Sound test_sound reached end of file
3601.5506 	EXP 	Sound test_sound reached end of file
3612.5850 	DATA 	Keypress: left
3612.6043 	EXP 	New trial (rep=0, index=7): <Trial 7 (7 in rep 0) data={'sounds': 'sounds/20c_cubrir.wav', 'syll': 'CVC', 'stress_unstress': 'Unstressed', 'suffix': 'Match', 'present_past': 'past', 'corrAns': 'num_2', 'trigger_item': 0.0, 'trigger_senonset': 0.2, 'trigger_verbsonset': 0.980138641742621, 'trigger_1_F0': 1.01, 'trigger_suffix': 1.192436112212021, 'trigger_2_F0': 1.28412143493692, 'ID_item': 101, 'ID_senonset': 30, 'ID_verbonset': 31, 'ID_1_F0': 32, 'ID_suffix': 33, 'ID_2_F0': 34, 'ms_senonset': 0, 'ms_verbonset': 0.780138641742621, 'ms_1_F0': 0.81, 'ms_suffix': 0.992436112212021, 'ms_2_F0': 1.08412143493692, 'file_name': '20c_cubrir.wav', 'item_id': 20, 'cond': 'c', 'thisN': 7, 'thisTrialN': 7, 'thisRepN': 0}>
3612.6097 	EXP 	Sound test_sound reached end of file
3612.6140 	EXP 	Sound test_sound started
3612.6210 	EXP 	polygon_2: autoDraw = False
3612.6210 	EXP 	text_3: autoDraw = False
3612.6210 	EXP 	polygon_2: autoDraw = True
3614.7352 	EXP 	Sound test_sound reached end of file
3614.7479 	EXP 	Sound test_sound reached end of file
3617.0847 	EXP 	New trial (rep=0, index=8): <Trial 8 (8 in rep 0) data={'sounds': 'sounds/36c_bordar.wav', 'syll': 'CVC', 'stress_unstress': 'Unstressed', 'suffix': 'Match', 'present_past': 'past', 'corrAns': 'num_2', 'trigger_item': 0.0, 'trigger_senonset': 0.2, 'trigger_verbsonset': 1.0, 'trigger_1_F0': 1.078468243634259, 'trigger_suffix': 1.3288624855324, 'trigger_2_F0': 1.3414992042824, 'ID_item': 101, 'ID_senonset': 30, 'ID_verbonset': 31, 'ID_1_F0': 32, 'ID_suffix': 33, 'ID_2_F0': 34, 'ms_senonset': 0, 'ms_verbonset': 0.8, 'ms_1_F0': 0.878468243634259, 'ms_suffix': 1.1288624855324, 'ms_2_F0': 1.1414992042824, 'file_name': '36c_bordar.wav', 'item_id': 36, 'cond': 'c', 'thisN': 8, 'thisTrialN': 8, 'thisRepN': 0}>
3617.0887 	EXP 	Sound test_sound reached end of file
3617.0971 	EXP 	Sound test_sound started
3617.0908 	DATA 	Keypress: left
3617.0988 	EXP 	polygon_2: autoDraw = False
3617.0988 	EXP 	text_3: autoDraw = False
3617.0988 	EXP 	polygon_2: autoDraw = True
3619.3483 	EXP 	Sound test_sound reached end of file
3619.3645 	EXP 	Sound test_sound reached end of file
3622.7711 	EXP 	New trial (rep=0, index=9): <Trial 9 (9 in rep 0) data={'sounds': 'sounds/29a_pesar.wav', 'syll': 'CVC', 'stress_unstress': 'Stressed', 'suffix': 'Match', 'present_past': 'present', 'corrAns': 'num_1', 'trigger_item': 0.0, 'trigger_senonset': 0.2, 'trigger_verbsonset': 0.91328417532552, 'trigger_1_F0': 0.925531286730473, 'trigger_suffix': 1.03, 'trigger_2_F0': 1.150619522602117, 'ID_item': 101, 'ID_senonset': 10, 'ID_verbonset': 11, 'ID_1_F0': 12, 'ID_suffix': 13, 'ID_2_F0': 14, 'ms_senonset': 0, 'ms_verbonset': 0.71328417532552, 'ms_1_F0': 0.725531286730473, 'ms_suffix': 0.83, 'ms_2_F0': 0.950619522602117, 'file_name': '29a_pesar.wav', 'item_id': 29, 'cond': 'a', 'thisN': 9, 'thisTrialN': 9, 'thisRepN': 0}>
3622.7759 	EXP 	Sound test_sound reached end of file
3622.7813 	EXP 	Sound test_sound started
3622.7783 	DATA 	Keypress: left
3622.7875 	EXP 	polygon_2: autoDraw = False
3622.7875 	EXP 	text_3: autoDraw = False
3622.7875 	EXP 	polygon_2: autoDraw = True
3624.6821 	EXP 	Sound test_sound reached end of file
3624.6983 	EXP 	Sound test_sound reached end of file
3640.5735 	DATA 	Keypress: left
3640.5808 	EXP 	polygon_2: autoDraw = False
3640.5808 	EXP 	text_3: autoDraw = True
3648.2680 	EXP 	New trial (rep=0, index=10): <Trial 10 (10 in rep 0) data={'sounds': 'sounds/17d_tragar.wav', 'syll': 'CVC', 'stress_unstress': 'Stressed', 'suffix': 'Mismatch', 'present_past': 'past', 'corrAns': 'num_2', 'trigger_item': 0.0, 'trigger_senonset': 0.2, 'trigger_verbsonset': 1.070609360532407, 'trigger_1_F0': 1.117973654513888, 'trigger_suffix': 1.30915316840277, 'trigger_2_F0': 1.35458539534397, 'ID_item': 101, 'ID_senonset': 40, 'ID_verbonset': 41, 'ID_1_F0': 42, 'ID_suffix': 43, 'ID_2_F0': 44, 'ms_senonset': 0, 'ms_verbonset': 0.870609360532407, 'ms_1_F0': 0.917973654513888, 'ms_suffix': 1.10915316840277, 'ms_2_F0': 1.15458539534397, 'file_name': '17d_tragar.wav', 'item_id': 17, 'cond': 'd', 'thisN': 10, 'thisTrialN': 10, 'thisRepN': 0}>
3648.2732 	EXP 	Sound test_sound reached end of file
3648.2817 	EXP 	Sound test_sound started
3648.2755 	DATA 	Keypress: space
3648.2840 	EXP 	text_3: autoDraw = False
3648.2840 	EXP 	polygon_2: autoDraw = True
3650.5603 	EXP 	Sound test_sound reached end of file
3650.5659 	EXP 	Sound test_sound reached end of file
3654.1863 	EXP 	New trial (rep=0, index=11): <Trial 11 (11 in rep 0) data={'sounds': 'sounds/08d_filtrar.wav', 'syll': 'CVC', 'stress_unstress': 'Stressed', 'suffix': 'Mismatch', 'present_past': 'past', 'corrAns': 'num_2', 'trigger_item': 0.0, 'trigger_senonset': 0.2, 'trigger_verbsonset': 0.7526856695589441, 'trigger_1_F0': 0.87808115762362, 'trigger_suffix': 1.118901843962886, 'trigger_2_F0': 1.172598812485867, 'ID_item': 101, 'ID_senonset': 40, 'ID_verbonset': 41, 'ID_1_F0': 42, 'ID_suffix': 43, 'ID_2_F0': 44, 'ms_senonset': 0, 'ms_verbonset': 0.552685669558944, 'ms_1_F0': 0.67808115762362, 'ms_suffix': 0.918901843962886, 'ms_2_F0': 0.972598812485867, 'file_name': '08d_filtrar.wav', 'item_id': 8, 'cond': 'd', 'thisN': 11, 'thisTrialN': 11, 'thisRepN': 0}>
3654.1894 	EXP 	Sound test_sound reached end of file
3654.1979 	EXP 	Sound test_sound started
3654.1916 	DATA 	Keypress: right
3654.2008 	EXP 	polygon_2: autoDraw = False
3654.2008 	EXP 	text_3: autoDraw = False
3654.2008 	EXP 	polygon_2: autoDraw = True
3655.9416 	EXP 	Sound test_sound reached end of file
3655.9499 	EXP 	Sound test_sound reached end of file
3659.1185 	DATA 	Keypress: right
3659.1387 	EXP 	New trial (rep=0, index=12): <Trial 12 (12 in rep 0) data={'sounds': 'sounds/16a_llevar.wav', 'syll': 'CVC', 'stress_unstress': 'Stressed', 'suffix': 'Match', 'present_past': 'present', 'corrAns': 'num_1', 'trigger_item': 0.0, 'trigger_senonset': 0.2, 'trigger_verbsonset': 0.929084516317274, 'trigger_1_F0': 0.964936524692279, 'trigger_suffix': 1.08, 'trigger_2_F0': 1.131864014418682, 'ID_item': 101, 'ID_senonset': 10, 'ID_verbonset': 11, 'ID_1_F0': 12, 'ID_suffix': 13, 'ID_2_F0': 14, 'ms_senonset': 0, 'ms_verbonset': 0.729084516317274, 'ms_1_F0': 0.764936524692279, 'ms_suffix': 0.88, 'ms_2_F0': 0.931864014418682, 'file_name': '16a_llevar.wav', 'item_id': 16, 'cond': 'a', 'thisN': 12, 'thisTrialN': 12, 'thisRepN': 0}>
3659.1438 	EXP 	Sound test_sound reached end of file
3659.1488 	EXP 	Sound test_sound started
3659.1556 	EXP 	polygon_2: autoDraw = False
3659.1556 	EXP 	text_3: autoDraw = False
3659.1556 	EXP 	polygon_2: autoDraw = True
3661.0331 	EXP 	Sound test_sound reached end of file
3661.0486 	EXP 	Sound test_sound reached end of file
3663.2216 	EXP 	New trial (rep=0, index=13): <Trial 13 (13 in rep 0) data={'sounds': 'sounds/37b_pasar.wav', 'syll': 'CVC', 'stress_unstress': 'Unstressed', 'suffix': 'Mismatch', 'present_past': 'present', 'corrAns': 'num_1', 'trigger_item': 0.0, 'trigger_senonset': 0.2, 'trigger_verbsonset': 1.033132486979166, 'trigger_1_F0': 1.052087565104166, 'trigger_suffix': 1.159499674479166, 'trigger_2_F0': 1.27702115885416, 'ID_item': 101, 'ID_senonset': 20, 'ID_verbonset': 21, 'ID_1_F0': 22, 'ID_suffix': 23, 'ID_2_F0': 24, 'ms_senonset': 0, 'ms_verbonset': 0.833132486979166, 'ms_1_F0': 0.852087565104166, 'ms_suffix': 0.959499674479166, 'ms_2_F0': 1.07702115885416, 'file_name': '37b_pasar.wav', 'item_id': 37, 'cond': 'b', 'thisN': 13, 'thisTrialN': 13, 'thisRepN': 0}>
3663.2266 	EXP 	Sound test_sound reached end of file
3663.2319 	EXP 	Sound test_sound started
3663.2302 	DATA 	Keypress: right
3663.2391 	EXP 	polygon_2: autoDraw = False
3663.2391 	EXP 	text_3: autoDraw = False
3663.2391 	EXP 	polygon_2: autoDraw = True
3665.3319 	EXP 	Sound test_sound reached end of file
3665.3493 	EXP 	Sound test_sound reached end of file
3666.0396 	EXP 	New trial (rep=0, index=14): <Trial 14 (14 in rep 0) data={'sounds': 'sounds/31d_tocar.wav', 'syll': 'CVC', 'stress_unstress': 'Stressed', 'suffix': 'Mismatch', 'present_past': 'past', 'corrAns': 'num_2', 'trigger_item': 0.0, 'trigger_senonset': 0.2, 'trigger_verbsonset': 0.8493931756807, 'trigger_1_F0': 0.8650112062639721, 'trigger_suffix': 1.006860547391531, 'trigger_2_F0': 1.049162047334928, 'ID_item': 101, 'ID_senonset': 40, 'ID_verbonset': 41, 'ID_1_F0': 42, 'ID_suffix': 43, 'ID_2_F0': 44, 'ms_senonset': 0, 'ms_verbonset': 0.6493931756807, 'ms_1_F0': 0.665011206263972, 'ms_suffix': 0.806860547391531, 'ms_2_F0': 0.849162047334928, 'file_name': '31d_tocar.wav', 'item_id': 31, 'cond': 'd', 'thisN': 14, 'thisTrialN': 14, 'thisRepN': 0}>
3666.0445 	EXP 	Sound test_sound reached end of file
3666.0489 	EXP 	Sound test_sound started
3666.0474 	DATA 	Keypress: left
3666.0555 	EXP 	polygon_2: autoDraw = False
3666.0555 	EXP 	text_3: autoDraw = False
3666.0555 	EXP 	polygon_2: autoDraw = True
3667.9320 	EXP 	Sound test_sound reached end of file
3667.9491 	EXP 	Sound test_sound reached end of file
3669.1524 	DATA 	Keypress: right
3669.1713 	EXP 	New trial (rep=0, index=15): <Trial 15 (15 in rep 0) data={'sounds': 'sounds/12a_matar.wav', 'syll': 'CVC', 'stress_unstress': 'Stressed', 'suffix': 'Match', 'present_past': 'present', 'corrAns': 'num_1', 'trigger_item': 0.0, 'trigger_senonset': 0.2, 'trigger_verbsonset': 0.8400000000000001, 'trigger_1_F0': 0.96, 'trigger_suffix': 1.17307472511574, 'trigger_2_F0': 1.186647497106481, 'ID_item': 101, 'ID_senonset': 10, 'ID_verbonset': 11, 'ID_1_F0': 12, 'ID_suffix': 13, 'ID_2_F0': 14, 'ms_senonset': 0, 'ms_verbonset': 0.64, 'ms_1_F0': 0.76, 'ms_suffix': 0.97307472511574, 'ms_2_F0': 0.986647497106481, 'file_name': '12a_matar.wav', 'item_id': 12, 'cond': 'a', 'thisN': 15, 'thisTrialN': 15, 'thisRepN': 0}>
3669.1765 	EXP 	Sound test_sound reached end of file
3669.1818 	EXP 	Sound test_sound started
3669.1871 	EXP 	polygon_2: autoDraw = False
3669.1871 	EXP 	text_3: autoDraw = False
3669.1871 	EXP 	polygon_2: autoDraw = True
3671.3530 	EXP 	Sound test_sound reached end of file
3671.3655 	EXP 	Sound test_sound reached end of file
3671.9051 	EXP 	New trial (rep=0, index=16): <Trial 16 (16 in rep 0) data={'sounds': 'sounds/11a_pegar.wav', 'syll': 'CVC', 'stress_unstress': 'Stressed', 'suffix': 'Match', 'present_past': 'present', 'corrAns': 'num_1', 'trigger_item': 0.0, 'trigger_senonset': 0.2, 'trigger_verbsonset': 0.8182808977343741, 'trigger_1_F0': 0.831294515585661, 'trigger_suffix': 0.98, 'trigger_2_F0': 1.012063288108519, 'ID_item': 101, 'ID_senonset': 10, 'ID_verbonset': 11, 'ID_1_F0': 12, 'ID_suffix': 13, 'ID_2_F0': 14, 'ms_senonset': 0, 'ms_verbonset': 0.618280897734374, 'ms_1_F0': 0.631294515585661, 'ms_suffix': 0.78, 'ms_2_F0': 0.812063288108519, 'file_name': '11a_pegar.wav', 'item_id': 11, 'cond': 'a', 'thisN': 16, 'thisTrialN': 16, 'thisRepN': 0}>
3671.9099 	EXP 	Sound test_sound reached end of file
3671.9154 	EXP 	Sound test_sound started
3671.9135 	DATA 	Keypress: left
3671.9213 	EXP 	polygon_2: autoDraw = False
3671.9213 	EXP 	text_3: autoDraw = False
3671.9213 	EXP 	polygon_2: autoDraw = True
3673.8377 	EXP 	Sound test_sound reached end of file
3673.8488 	EXP 	Sound test_sound reached end of file
3674.4551 	EXP 	New trial (rep=0, index=17): <Trial 17 (17 in rep 0) data={'sounds': 'sounds/15b_partir.wav', 'syll': 'CVC', 'stress_unstress': 'Unstressed', 'suffix': 'Mismatch', 'present_past': 'present', 'corrAns': 'num_1', 'trigger_item': 0.0, 'trigger_senonset': 0.2, 'trigger_verbsonset': 0.826865400752314, 'trigger_1_F0': 0.842973894883327, 'trigger_suffix': 1.1042888772729471, 'trigger_2_F0': 1.120815958498066, 'ID_item': 101, 'ID_senonset': 20, 'ID_verbonset': 21, 'ID_1_F0': 22, 'ID_suffix': 23, 'ID_2_F0': 24, 'ms_senonset': 0, 'ms_verbonset': 0.626865400752314, 'ms_1_F0': 0.642973894883327, 'ms_suffix': 0.904288877272947, 'ms_2_F0': 0.920815958498066, 'file_name': '15b_partir.wav', 'item_id': 15, 'cond': 'b', 'thisN': 17, 'thisTrialN': 17, 'thisRepN': 0}>
3674.4602 	EXP 	Sound test_sound reached end of file
3674.4655 	EXP 	Sound test_sound started
3674.4625 	DATA 	Keypress: left
3674.4713 	EXP 	polygon_2: autoDraw = False
3674.4713 	EXP 	text_3: autoDraw = False
3674.4713 	EXP 	polygon_2: autoDraw = True
3676.5136 	EXP 	Sound test_sound reached end of file
3676.5191 	EXP 	Sound test_sound reached end of file
3679.0546 	EXP 	New trial (rep=0, index=18): <Trial 18 (18 in rep 0) data={'sounds': 'sounds/05a_fumar.wav', 'syll': 'CVC', 'stress_unstress': 'Stressed', 'suffix': 'Match', 'present_past': 'present', 'corrAns': 'num_1', 'trigger_item': 0.0, 'trigger_senonset': 0.2, 'trigger_verbsonset': 1.15, 'trigger_1_F0': 1.36712555700231, 'trigger_suffix': 1.48, 'trigger_2_F0': 1.56308830295138, 'ID_item': 101, 'ID_senonset': 10, 'ID_verbonset': 11, 'ID_1_F0': 12, 'ID_suffix': 13, 'ID_2_F0': 14, 'ms_senonset': 0, 'ms_verbonset': 0.95, 'ms_1_F0': 1.16712555700231, 'ms_suffix': 1.28, 'ms_2_F0': 1.36308830295138, 'file_name': '05a_fumar.wav', 'item_id': 5, 'cond': 'a', 'thisN': 18, 'thisTrialN': 18, 'thisRepN': 0}>
3679.0586 	EXP 	Sound test_sound reached end of file
3679.0656 	EXP 	Sound test_sound started
3679.0599 	DATA 	Keypress: right
3679.0683 	EXP 	polygon_2: autoDraw = False
3679.0683 	EXP 	text_3: autoDraw = False
3679.0683 	EXP 	polygon_2: autoDraw = True
3681.4151 	EXP 	Sound test_sound reached end of file
3681.4189 	EXP 	Sound test_sound reached end of file
3682.6354 	EXP 	New trial (rep=0, index=19): <Trial 19 (19 in rep 0) data={'sounds': 'sounds/40c_gastar.wav', 'syll': 'CVC', 'stress_unstress': 'Unstressed', 'suffix': 'Match', 'present_past': 'past', 'corrAns': 'num_2', 'trigger_item': 0.0, 'trigger_senonset': 0.2, 'trigger_verbsonset': 0.8300000000000001, 'trigger_1_F0': 0.8400000000000001, 'trigger_suffix': 1.163436328125, 'trigger_2_F0': 1.183149609375, 'ID_item': 101, 'ID_senonset': 30, 'ID_verbonset': 31, 'ID_1_F0': 32, 'ID_suffix': 33, 'ID_2_F0': 34, 'ms_senonset': 0, 'ms_verbonset': 0.63, 'ms_1_F0': 0.64, 'ms_suffix': 0.963436328125, 'ms_2_F0': 0.983149609375, 'file_name': '40c_gastar.wav', 'item_id': 40, 'cond': 'c', 'thisN': 19, 'thisTrialN': 19, 'thisRepN': 0}>
3682.6389 	EXP 	Sound test_sound reached end of file
3682.6485 	EXP 	Sound test_sound started
3682.6405 	DATA 	Keypress: left
3682.6504 	EXP 	polygon_2: autoDraw = False
3682.6504 	EXP 	text_3: autoDraw = False
3682.6504 	EXP 	polygon_2: autoDraw = True
3684.7388 	EXP 	Sound test_sound reached end of file
3684.7491 	EXP 	Sound test_sound reached end of file
3685.6416 	DATA 	Keypress: right
3685.6487 	EXP 	polygon_2: autoDraw = False
3685.6487 	EXP 	text_3: autoDraw = True
3689.8853 	EXP 	New trial (rep=0, index=20): <Trial 20 (20 in rep 0) data={'sounds': 'sounds/23a_tomar.wav', 'syll': 'CVC', 'stress_unstress': 'Stressed', 'suffix': 'Match', 'present_past': 'present', 'corrAns': 'num_1', 'trigger_item': 0.0, 'trigger_senonset': 0.2, 'trigger_verbsonset': 0.9453179615162032, 'trigger_1_F0': 0.95, 'trigger_suffix': 1.08, 'trigger_2_F0': 1.158644495081018, 'ID_item': 101, 'ID_senonset': 10, 'ID_verbonset': 11, 'ID_1_F0': 12, 'ID_suffix': 13, 'ID_2_F0': 14, 'ms_senonset': 0, 'ms_verbonset': 0.745317961516203, 'ms_1_F0': 0.75, 'ms_suffix': 0.88, 'ms_2_F0': 0.958644495081018, 'file_name': '23a_tomar.wav', 'item_id': 23, 'cond': 'a', 'thisN': 20, 'thisTrialN': 20, 'thisRepN': 0}>
3689.8902 	EXP 	Sound test_sound reached end of file
3689.8992 	EXP 	Sound test_sound started
3689.8935 	DATA 	Keypress: space
3689.9023 	EXP 	text_3: autoDraw = False
3689.9023 	EXP 	polygon_2: autoDraw = True
3691.7785 	EXP 	Sound test_sound reached end of file
3691.7840 	EXP 	Sound test_sound reached end of file
3696.3896 	EXP 	New trial (rep=0, index=21): <Trial 21 (21 in rep 0) data={'sounds': 'sounds/38b_pagar.wav', 'syll': 'CVC', 'stress_unstress': 'Unstressed', 'suffix': 'Mismatch', 'present_past': 'present', 'corrAns': 'num_1', 'trigger_item': 0.0, 'trigger_senonset': 0.2, 'trigger_verbsonset': 1.166737304687499, 'trigger_1_F0': 1.185271158854166, 'trigger_suffix': 1.29521061197916, 'trigger_2_F0': 1.4055712890624898, 'ID_item': 101, 'ID_senonset': 20, 'ID_verbonset': 21, 'ID_1_F0': 22, 'ID_suffix': 23, 'ID_2_F0': 24, 'ms_senonset': 0, 'ms_verbonset': 0.966737304687499, 'ms_1_F0': 0.985271158854166, 'ms_suffix': 1.09521061197916, 'ms_2_F0': 1.20557128906249, 'file_name': '38b_pagar.wav', 'item_id': 38, 'cond': 'b', 'thisN': 21, 'thisTrialN': 21, 'thisRepN': 0}>
3696.3941 	EXP 	Sound test_sound reached end of file
3696.3995 	EXP 	Sound test_sound started
3696.3958 	DATA 	Keypress: left
3696.4050 	EXP 	polygon_2: autoDraw = False
3696.4050 	EXP 	text_3: autoDraw = False
3696.4050 	EXP 	polygon_2: autoDraw = True
3698.6329 	EXP 	Sound test_sound reached end of file
3698.6496 	EXP 	Sound test_sound reached end of file
3701.7054 	EXP 	New trial (rep=0, index=22): <Trial 22 (22 in rep 0) data={'sounds': 'sounds/03b_limpiar.wav', 'syll': 'CVC', 'stress_unstress': 'Unstressed', 'suffix': 'Mismatch', 'present_past': 'present', 'corrAns': 'num_1', 'trigger_item': 0.0, 'trigger_senonset': 0.2, 'trigger_verbsonset': 0.8500000000000001, 'trigger_1_F0': 0.932367621527777, 'trigger_suffix': 1.26878515625, 'trigger_2_F0': 1.35808463541666, 'ID_item': 101, 'ID_senonset': 20, 'ID_verbonset': 21, 'ID_1_F0': 22, 'ID_suffix': 23, 'ID_2_F0': 24, 'ms_senonset': 0, 'ms_verbonset': 0.65, 'ms_1_F0': 0.732367621527777, 'ms_suffix': 1.06878515625, 'ms_2_F0': 1.15808463541666, 'file_name': '03b_limpiar.wav', 'item_id': 3, 'cond': 'b', 'thisN': 22, 'thisTrialN': 22, 'thisRepN': 0}>
3701.7095 	EXP 	Sound test_sound reached end of file
3701.7158 	EXP 	Sound test_sound started
3701.7118 	DATA 	Keypress: right
3701.7203 	EXP 	polygon_2: autoDraw = False
3701.7203 	EXP 	text_3: autoDraw = False
3701.7203 	EXP 	polygon_2: autoDraw = True
3703.8399 	EXP 	Sound test_sound reached end of file
3703.8497 	EXP 	Sound test_sound reached end of file
3707.7394 	EXP 	New trial (rep=0, index=23): <Trial 23 (23 in rep 0) data={'sounds': 'sounds/19a_marcar.wav', 'syll': 'CVC', 'stress_unstress': 'Stressed', 'suffix': 'Match', 'present_past': 'present', 'corrAns': 'num_1', 'trigger_item': 0.0, 'trigger_senonset': 0.2, 'trigger_verbsonset': 0.8400000000000001, 'trigger_1_F0': 0.97, 'trigger_suffix': 1.245718359375, 'trigger_2_F0': 1.273519140625, 'ID_item': 101, 'ID_senonset': 10, 'ID_verbonset': 11, 'ID_1_F0': 12, 'ID_suffix': 13, 'ID_2_F0': 14, 'ms_senonset': 0, 'ms_verbonset': 0.64, 'ms_1_F0': 0.77, 'ms_suffix': 1.045718359375, 'ms_2_F0': 1.073519140625, 'file_name': '19a_marcar.wav', 'item_id': 19, 'cond': 'a', 'thisN': 23, 'thisTrialN': 23, 'thisRepN': 0}>
3707.7436 	EXP 	Sound test_sound reached end of file
3707.7495 	EXP 	Sound test_sound started
3707.7469 	DATA 	Keypress: left
3707.7540 	EXP 	polygon_2: autoDraw = False
3707.7540 	EXP 	text_3: autoDraw = False
3707.7540 	EXP 	polygon_2: autoDraw = True
3709.6269 	EXP 	Sound test_sound reached end of file
3709.6339 	EXP 	Sound test_sound reached end of file
3710.3189 	EXP 	New trial (rep=0, index=24): <Trial 24 (24 in rep 0) data={'sounds': 'sounds/28d_parar.wav', 'syll': 'CVC', 'stress_unstress': 'Stressed', 'suffix': 'Mismatch', 'present_past': 'past', 'corrAns': 'num_2', 'trigger_item': 0.0, 'trigger_senonset': 0.2, 'trigger_verbsonset': 0.8458860026041659, 'trigger_1_F0': 0.862313736979166, 'trigger_suffix': 1.018194683159722, 'trigger_2_F0': 1.032797113715277, 'ID_item': 101, 'ID_senonset': 40, 'ID_verbonset': 41, 'ID_1_F0': 42, 'ID_suffix': 43, 'ID_2_F0': 44, 'ms_senonset': 0, 'ms_verbonset': 0.645886002604166, 'ms_1_F0': 0.662313736979166, 'ms_suffix': 0.818194683159722, 'ms_2_F0': 0.832797113715277, 'file_name': '28d_parar.wav', 'item_id': 28, 'cond': 'd', 'thisN': 24, 'thisTrialN': 24, 'thisRepN': 0}>
3710.3208 	EXP 	Sound test_sound reached end of file
3710.3321 	EXP 	Sound test_sound started
3710.3231 	DATA 	Keypress: right
3710.3334 	EXP 	polygon_2: autoDraw = False
3710.3334 	EXP 	text_3: autoDraw = False
3710.3334 	EXP 	polygon_2: autoDraw = True
3712.2237 	EXP 	Sound test_sound reached end of file
3712.2335 	EXP 	Sound test_sound reached end of file
3715.5567 	EXP 	New trial (rep=0, index=25): <Trial 25 (25 in rep 0) data={'sounds': 'sounds/33b_culpar.wav', 'syll': 'CVC', 'stress_unstress': 'Unstressed', 'suffix': 'Mismatch', 'present_past': 'present', 'corrAns': 'num_1', 'trigger_item': 0.0, 'trigger_senonset': 0.2, 'trigger_verbsonset': 0.8606178431336959, 'trigger_1_F0': 0.869103678029107, 'trigger_suffix': 1.109891641372144, 'trigger_2_F0': 1.131540467434179, 'ID_item': 101, 'ID_senonset': 20, 'ID_verbonset': 21, 'ID_1_F0': 22, 'ID_suffix': 23, 'ID_2_F0': 24, 'ms_senonset': 0, 'ms_verbonset': 0.660617843133696, 'ms_1_F0': 0.669103678029107, 'ms_suffix': 0.909891641372144, 'ms_2_F0': 0.931540467434179, 'file_name': '33b_culpar.wav', 'item_id': 33, 'cond': 'b', 'thisN': 25, 'thisTrialN': 25, 'thisRepN': 0}>
3715.5621 	EXP 	Sound test_sound reached end of file
3715.5672 	EXP 	Sound test_sound started
3715.5655 	DATA 	Keypress: right
3715.5746 	EXP 	polygon_2: autoDraw = False
3715.5746 	EXP 	text_3: autoDraw = False
3715.5746 	EXP 	polygon_2: autoDraw = True
3715.8448 	EXP 	Sound test_sound paused
3715.8493 	EXP 	New trial (rep=0, index=26): <Trial 26 (26 in rep 0) data={'sounds': 'sounds/30a_fundar.wav', 'syll': 'CVC', 'stress_unstress': 'Stressed', 'suffix': 'Match', 'present_past': 'present', 'corrAns': 'num_1', 'trigger_item': 0.0, 'trigger_senonset': 0.2, 'trigger_verbsonset': 0.77, 'trigger_1_F0': 0.91, 'trigger_suffix': 1.112685546875, 'trigger_2_F0': 1.12, 'ID_item': 101, 'ID_senonset': 10, 'ID_verbonset': 11, 'ID_1_F0': 12, 'ID_suffix': 13, 'ID_2_F0': 14, 'ms_senonset': 0, 'ms_verbonset': 0.57, 'ms_1_F0': 0.71, 'ms_suffix': 0.912685546875, 'ms_2_F0': 0.92, 'file_name': '30a_fundar.wav', 'item_id': 30, 'cond': 'a', 'thisN': 26, 'thisTrialN': 26, 'thisRepN': 0}>
3715.8534 	EXP 	Sound test_sound reached end of file
3715.8665 	EXP 	Sound test_sound started
3715.8559 	DATA 	Keypress: right
3715.8654 	EXP 	polygon_2: autoDraw = False
3715.8654 	EXP 	text_3: autoDraw = False
3715.8654 	EXP 	polygon_2: autoDraw = True
3717.9917 	EXP 	Sound test_sound reached end of file
3718.0001 	EXP 	Sound test_sound reached end of file
3718.8091 	EXP 	New trial (rep=0, index=27): <Trial 27 (27 in rep 0) data={'sounds': 'sounds/01d_salvar.wav', 'syll': 'CVC', 'stress_unstress': 'Stressed', 'suffix': 'Mismatch', 'present_past': 'past', 'corrAns': 'num_2', 'trigger_item': 0.0, 'trigger_senonset': 0.2, 'trigger_verbsonset': 0.8500000000000001, 'trigger_1_F0': 0.996069502314814, 'trigger_suffix': 1.23, 'trigger_2_F0': 1.29, 'ID_item': 101, 'ID_senonset': 40, 'ID_verbonset': 41, 'ID_1_F0': 42, 'ID_suffix': 43, 'ID_2_F0': 44, 'ms_senonset': 0, 'ms_verbonset': 0.65, 'ms_1_F0': 0.796069502314814, 'ms_suffix': 1.03, 'ms_2_F0': 1.09, 'file_name': '01d_salvar.wav', 'item_id': 1, 'cond': 'd', 'thisN': 27, 'thisTrialN': 27, 'thisRepN': 0}>
3718.8156 	EXP 	Sound test_sound reached end of file
3718.8173 	EXP 	Sound test_sound started
3718.8179 	DATA 	Keypress: left
3718.8282 	EXP 	polygon_2: autoDraw = False
3718.8282 	EXP 	text_3: autoDraw = False
3718.8282 	EXP 	polygon_2: autoDraw = True
3720.8557 	EXP 	Sound test_sound reached end of file
3720.8666 	EXP 	Sound test_sound reached end of file
3721.1551 	EXP 	New trial (rep=0, index=28): <Trial 28 (28 in rep 0) data={'sounds': 'sounds/10d_vender.wav', 'syll': 'CVC', 'stress_unstress': 'Stressed', 'suffix': 'Mismatch', 'present_past': 'past', 'corrAns': 'num_2', 'trigger_item': 0.0, 'trigger_senonset': 0.2, 'trigger_verbsonset': 0.832830209056713, 'trigger_1_F0': 0.8775468199411529, 'trigger_suffix': 1.109501330306288, 'trigger_2_F0': 1.158928471023364, 'ID_item': 101, 'ID_senonset': 40, 'ID_verbonset': 41, 'ID_1_F0': 42, 'ID_suffix': 43, 'ID_2_F0': 44, 'ms_senonset': 0, 'ms_verbonset': 0.632830209056713, 'ms_1_F0': 0.677546819941153, 'ms_suffix': 0.909501330306288, 'ms_2_F0': 0.958928471023364, 'file_name': '10d_vender.wav', 'item_id': 10, 'cond': 'd', 'thisN': 28, 'thisTrialN': 28, 'thisRepN': 0}>
3721.1598 	EXP 	Sound test_sound reached end of file
3721.1662 	EXP 	Sound test_sound started
3721.1619 	DATA 	Keypress: right
3721.1695 	EXP 	polygon_2: autoDraw = False
3721.1695 	EXP 	text_3: autoDraw = False
3721.1695 	EXP 	polygon_2: autoDraw = True
3723.0556 	EXP 	Sound test_sound reached end of file
3723.0672 	EXP 	Sound test_sound reached end of file
3726.3911 	EXP 	New trial (rep=0, index=29): <Trial 29 (29 in rep 0) data={'sounds': 'sounds/27c_tirar.wav', 'syll': 'CVC', 'stress_unstress': 'Unstressed', 'suffix': 'Match', 'present_past': 'past', 'corrAns': 'num_2', 'trigger_item': 0.0, 'trigger_senonset': 0.2, 'trigger_verbsonset': 0.8119442057291659, 'trigger_1_F0': 0.8307495153356481, 'trigger_suffix': 0.9885306495949072, 'trigger_2_F0': 0.998621303530092, 'ID_item': 101, 'ID_senonset': 30, 'ID_verbonset': 31, 'ID_1_F0': 32, 'ID_suffix': 33, 'ID_2_F0': 34, 'ms_senonset': 0, 'ms_verbonset': 0.611944205729166, 'ms_1_F0': 0.630749515335648, 'ms_suffix': 0.788530649594907, 'ms_2_F0': 0.798621303530092, 'file_name': '27c_tirar.wav', 'item_id': 27, 'cond': 'c', 'thisN': 29, 'thisTrialN': 29, 'thisRepN': 0}>
3726.3969 	EXP 	Sound test_sound reached end of file
3726.4006 	EXP 	Sound test_sound started
3726.3992 	DATA 	Keypress: left
3726.4072 	EXP 	polygon_2: autoDraw = False
3726.4072 	EXP 	text_3: autoDraw = False
3726.4072 	EXP 	polygon_2: autoDraw = True
3728.3860 	EXP 	Sound test_sound reached end of file
3728.4008 	EXP 	Sound test_sound reached end of file
3729.2871 	DATA 	Keypress: right
3729.3167 	EXP 	polygon_2: autoDraw = False
3729.3167 	EXP 	text_3: autoDraw = True
3752.7377 	EXP 	New trial (rep=0, index=30): <Trial 30 (30 in rep 0) data={'sounds': 'sounds/26a_bajar.wav', 'syll': 'CVC', 'stress_unstress': 'Stressed', 'suffix': 'Match', 'present_past': 'present', 'corrAns': 'num_1', 'trigger_item': 0.0, 'trigger_senonset': 0.2, 'trigger_verbsonset': 0.77, 'trigger_1_F0': 0.8999999999999999, 'trigger_suffix': 1.03, 'trigger_2_F0': 1.171181705729166, 'ID_item': 101, 'ID_senonset': 10, 'ID_verbonset': 11, 'ID_1_F0': 12, 'ID_suffix': 13, 'ID_2_F0': 14, 'ms_senonset': 0, 'ms_verbonset': 0.57, 'ms_1_F0': 0.7, 'ms_suffix': 0.83, 'ms_2_F0': 0.971181705729166, 'file_name': '26a_bajar.wav', 'item_id': 26, 'cond': 'a', 'thisN': 30, 'thisTrialN': 30, 'thisRepN': 0}>
3752.7424 	EXP 	Sound test_sound reached end of file
3752.7510 	EXP 	Sound test_sound started
3752.7439 	DATA 	Keypress: space
3752.7524 	EXP 	text_3: autoDraw = False
3752.7524 	EXP 	polygon_2: autoDraw = True
3754.8008 	EXP 	Sound test_sound reached end of file
3754.8175 	EXP 	Sound test_sound reached end of file
3764.4240 	EXP 	New trial (rep=0, index=31): <Trial 31 (31 in rep 0) data={'sounds': 'sounds/39b_manchar.wav', 'syll': 'CVC', 'stress_unstress': 'Unstressed', 'suffix': 'Mismatch', 'present_past': 'present', 'corrAns': 'num_1', 'trigger_item': 0.0, 'trigger_senonset': 0.2, 'trigger_verbsonset': 0.81, 'trigger_1_F0': 0.91203755787037, 'trigger_suffix': 1.140584317129629, 'trigger_2_F0': 1.2139708912037, 'ID_item': 101, 'ID_senonset': 20, 'ID_verbonset': 21, 'ID_1_F0': 22, 'ID_suffix': 23, 'ID_2_F0': 24, 'ms_senonset': 0, 'ms_verbonset': 0.61, 'ms_1_F0': 0.71203755787037, 'ms_suffix': 0.940584317129629, 'ms_2_F0': 1.0139708912037, 'file_name': '39b_manchar.wav', 'item_id': 39, 'cond': 'b', 'thisN': 31, 'thisTrialN': 31, 'thisRepN': 0}>
3764.4283 	EXP 	Sound test_sound reached end of file
3764.4340 	EXP 	Sound test_sound started
3764.4309 	DATA 	Keypress: right
3764.4394 	EXP 	polygon_2: autoDraw = False
3764.4394 	EXP 	text_3: autoDraw = False
3764.4394 	EXP 	polygon_2: autoDraw = True
3766.6679 	EXP 	Sound test_sound reached end of file
3766.6842 	EXP 	Sound test_sound reached end of file
3771.1575 	EXP 	New trial (rep=0, index=32): <Trial 32 (32 in rep 0) data={'sounds': 'sounds/09c_cargar.wav', 'syll': 'CVC', 'stress_unstress': 'Unstressed', 'suffix': 'Match', 'present_past': 'past', 'corrAns': 'num_2', 'trigger_item': 0.0, 'trigger_senonset': 0.2, 'trigger_verbsonset': 0.81286744068287, 'trigger_1_F0': 0.8382251229745361, 'trigger_suffix': 1.032634020543981, 'trigger_2_F0': 1.090594437210648, 'ID_item': 101, 'ID_senonset': 30, 'ID_verbonset': 31, 'ID_1_F0': 32, 'ID_suffix': 33, 'ID_2_F0': 34, 'ms_senonset': 0, 'ms_verbonset': 0.61286744068287, 'ms_1_F0': 0.638225122974536, 'ms_suffix': 0.832634020543981, 'ms_2_F0': 0.890594437210648, 'file_name': '09c_cargar.wav', 'item_id': 9, 'cond': 'c', 'thisN': 32, 'thisTrialN': 32, 'thisRepN': 0}>
3771.1622 	EXP 	Sound test_sound reached end of file
3771.1675 	EXP 	Sound test_sound started
3771.1642 	DATA 	Keypress: right
3771.1741 	EXP 	polygon_2: autoDraw = False
3771.1741 	EXP 	text_3: autoDraw = False
3771.1741 	EXP 	polygon_2: autoDraw = True
3773.0836 	EXP 	Sound test_sound reached end of file
3773.0890 	EXP 	Sound test_sound reached end of file
3775.1695 	EXP 	New trial (rep=0, index=33): <Trial 33 (33 in rep 0) data={'sounds': 'sounds/04c_plantar.wav', 'syll': 'CVC', 'stress_unstress': 'Unstressed', 'suffix': 'Match', 'present_past': 'past', 'corrAns': 'num_2', 'trigger_item': 0.0, 'trigger_senonset': 0.2, 'trigger_verbsonset': 0.862877574458911, 'trigger_1_F0': 0.9343518689653568, 'trigger_suffix': 1.20493812332404, 'trigger_2_F0': 1.21897569287037, 'ID_item': 101, 'ID_senonset': 30, 'ID_verbonset': 31, 'ID_1_F0': 32, 'ID_suffix': 33, 'ID_2_F0': 34, 'ms_senonset': 0, 'ms_verbonset': 0.662877574458911, 'ms_1_F0': 0.734351868965357, 'ms_suffix': 1.00493812332404, 'ms_2_F0': 1.01897569287037, 'file_name': '04c_plantar.wav', 'item_id': 4, 'cond': 'c', 'thisN': 33, 'thisTrialN': 33, 'thisRepN': 0}>
3775.1712 	EXP 	Sound test_sound reached end of file
3775.1836 	EXP 	Sound test_sound started
3775.1730 	DATA 	Keypress: left
3775.1835 	EXP 	polygon_2: autoDraw = False
3775.1835 	EXP 	text_3: autoDraw = False
3775.1835 	EXP 	polygon_2: autoDraw = True
3777.2022 	EXP 	Sound test_sound reached end of file
3777.2075 	EXP 	Sound test_sound reached end of file
3778.4403 	EXP 	New trial (rep=0, index=34): <Trial 34 (34 in rep 0) data={'sounds': 'sounds/18b_cumplir.wav', 'syll': 'CVC', 'stress_unstress': 'Unstressed', 'suffix': 'Mismatch', 'present_past': 'present', 'corrAns': 'num_1', 'trigger_item': 0.0, 'trigger_senonset': 0.2, 'trigger_verbsonset': 1.2408027271412, 'trigger_1_F0': 1.25568597366898, 'trigger_suffix': 1.46256310040509, 'trigger_2_F0': 1.54144430700231, 'ID_item': 101, 'ID_senonset': 20, 'ID_verbonset': 21, 'ID_1_F0': 22, 'ID_suffix': 23, 'ID_2_F0': 24, 'ms_senonset': 0, 'ms_verbonset': 1.0408027271412, 'ms_1_F0': 1.05568597366898, 'ms_suffix': 1.26256310040509, 'ms_2_F0': 1.34144430700231, 'file_name': '18b_cumplir.wav', 'item_id': 18, 'cond': 'b', 'thisN': 34, 'thisTrialN': 34, 'thisRepN': 0}>
3778.4449 	EXP 	Sound test_sound reached end of file
3778.4511 	EXP 	Sound test_sound started
3778.4479 	DATA 	Keypress: left
3778.4554 	EXP 	polygon_2: autoDraw = False
3778.4554 	EXP 	text_3: autoDraw = False
3778.4554 	EXP 	polygon_2: autoDraw = True
3780.6230 	EXP 	Sound test_sound reached end of file
3780.6347 	EXP 	Sound test_sound reached end of file
3781.7251 	EXP 	New trial (rep=0, index=35): <Trial 35 (35 in rep 0) data={'sounds': 'sounds/06d_soplar.wav', 'syll': 'CVC', 'stress_unstress': 'Stressed', 'suffix': 'Mismatch', 'present_past': 'past', 'corrAns': 'num_2', 'trigger_item': 0.0, 'trigger_senonset': 0.2, 'trigger_verbsonset': 0.761291666666666, 'trigger_1_F0': 0.8899999999999999, 'trigger_suffix': 1.102139687590422, 'trigger_2_F0': 1.166665581687644, 'ID_item': 101, 'ID_senonset': 40, 'ID_verbonset': 41, 'ID_1_F0': 42, 'ID_suffix': 43, 'ID_2_F0': 44, 'ms_senonset': 0, 'ms_verbonset': 0.561291666666666, 'ms_1_F0': 0.69, 'ms_suffix': 0.902139687590422, 'ms_2_F0': 0.966665581687644, 'file_name': '06d_soplar.wav', 'item_id': 6, 'cond': 'd', 'thisN': 35, 'thisTrialN': 35, 'thisRepN': 0}>
3781.7302 	EXP 	Sound test_sound reached end of file
3781.7344 	EXP 	Sound test_sound started
3781.7328 	DATA 	Keypress: right
3781.7408 	EXP 	polygon_2: autoDraw = False
3781.7408 	EXP 	text_3: autoDraw = False
3781.7408 	EXP 	polygon_2: autoDraw = True
3783.5982 	EXP 	Sound test_sound reached end of file
3783.6034 	EXP 	Sound test_sound reached end of file
3785.0561 	DATA 	Keypress: left
3785.0739 	EXP 	New trial (rep=0, index=36): <Trial 36 (36 in rep 0) data={'sounds': 'sounds/02c_buscar.wav', 'syll': 'CVC', 'stress_unstress': 'Unstressed', 'suffix': 'Match', 'present_past': 'past', 'corrAns': 'num_2', 'trigger_item': 0.0, 'trigger_senonset': 0.2, 'trigger_verbsonset': 0.8700000000000001, 'trigger_1_F0': 1.07, 'trigger_suffix': 1.26, 'trigger_2_F0': 1.40703946035879, 'ID_item': 101, 'ID_senonset': 30, 'ID_verbonset': 31, 'ID_1_F0': 32, 'ID_suffix': 33, 'ID_2_F0': 34, 'ms_senonset': 0, 'ms_verbonset': 0.67, 'ms_1_F0': 0.87, 'ms_suffix': 1.06, 'ms_2_F0': 1.20703946035879, 'file_name': '02c_buscar.wav', 'item_id': 2, 'cond': 'c', 'thisN': 36, 'thisTrialN': 36, 'thisRepN': 0}>
3785.0784 	EXP 	Sound test_sound reached end of file
3785.0845 	EXP 	Sound test_sound started
3785.0890 	EXP 	polygon_2: autoDraw = False
3785.0890 	EXP 	text_3: autoDraw = False
3785.0890 	EXP 	polygon_2: autoDraw = True
3787.1978 	EXP 	Sound test_sound reached end of file
3787.2035 	EXP 	Sound test_sound reached end of file
3793.2583 	EXP 	New trial (rep=0, index=37): <Trial 37 (37 in rep 0) data={'sounds': 'sounds/24d_mirar.wav', 'syll': 'CVC', 'stress_unstress': 'Stressed', 'suffix': 'Mismatch', 'present_past': 'past', 'corrAns': 'num_2', 'trigger_item': 0.0, 'trigger_senonset': 0.2, 'trigger_verbsonset': 0.71, 'trigger_1_F0': 0.8119545789930551, 'trigger_suffix': 0.9389863642939812, 'trigger_2_F0': 0.9746780743634248, 'ID_item': 101, 'ID_senonset': 40, 'ID_verbonset': 41, 'ID_1_F0': 42, 'ID_suffix': 43, 'ID_2_F0': 44, 'ms_senonset': 0, 'ms_verbonset': 0.51, 'ms_1_F0': 0.611954578993055, 'ms_suffix': 0.738986364293981, 'ms_2_F0': 0.774678074363425, 'file_name': '24d_mirar.wav', 'item_id': 24, 'cond': 'd', 'thisN': 37, 'thisTrialN': 37, 'thisRepN': 0}>
3793.2628 	EXP 	Sound test_sound reached end of file
3793.2679 	EXP 	Sound test_sound started
3793.2647 	DATA 	Keypress: left
3793.2733 	EXP 	polygon_2: autoDraw = False
3793.2733 	EXP 	text_3: autoDraw = False
3793.2733 	EXP 	polygon_2: autoDraw = True
3794.9519 	EXP 	Sound test_sound reached end of file
3794.9684 	EXP 	Sound test_sound reached end of file
3797.1413 	EXP 	New trial (rep=0, index=38): <Trial 38 (38 in rep 0) data={'sounds': 'sounds/07c_tumbar.wav', 'syll': 'CVC', 'stress_unstress': 'Unstressed', 'suffix': 'Match', 'present_past': 'past', 'corrAns': 'num_2', 'trigger_item': 0.0, 'trigger_senonset': 0.2, 'trigger_verbsonset': 0.9084024930273432, 'trigger_1_F0': 0.9247360728973012, 'trigger_suffix': 1.143289673625005, 'trigger_2_F0': 1.154847989033482, 'ID_item': 101, 'ID_senonset': 30, 'ID_verbonset': 31, 'ID_1_F0': 32, 'ID_suffix': 33, 'ID_2_F0': 34, 'ms_senonset': 0, 'ms_verbonset': 0.708402493027343, 'ms_1_F0': 0.724736072897301, 'ms_suffix': 0.943289673625005, 'ms_2_F0': 0.954847989033482, 'file_name': '07c_tumbar.wav', 'item_id': 7, 'cond': 'c', 'thisN': 38, 'thisTrialN': 38, 'thisRepN': 0}>
3797.1456 	EXP 	Sound test_sound reached end of file
3797.1513 	EXP 	Sound test_sound started
3797.1481 	DATA 	Keypress: left
3797.1558 	EXP 	polygon_2: autoDraw = False
3797.1558 	EXP 	text_3: autoDraw = False
3797.1558 	EXP 	polygon_2: autoDraw = True
3799.0860 	EXP 	Sound test_sound reached end of file
3799.1022 	EXP 	Sound test_sound reached end of file
3801.3579 	EXP 	New trial (rep=0, index=39): <Trial 39 (39 in rep 0) data={'sounds': 'sounds/21a_mezclar.wav', 'syll': 'CVC', 'stress_unstress': 'Stressed', 'suffix': 'Match', 'present_past': 'present', 'corrAns': 'num_1', 'trigger_item': 0.0, 'trigger_senonset': 0.2, 'trigger_verbsonset': 0.78, 'trigger_1_F0': 0.9121902777777772, 'trigger_suffix': 1.20214212962962, 'trigger_2_F0': 1.27, 'ID_item': 101, 'ID_senonset': 10, 'ID_verbonset': 11, 'ID_1_F0': 12, 'ID_suffix': 13, 'ID_2_F0': 14, 'ms_senonset': 0, 'ms_verbonset': 0.58, 'ms_1_F0': 0.712190277777777, 'ms_suffix': 1.00214212962962, 'ms_2_F0': 1.07, 'file_name': '21a_mezclar.wav', 'item_id': 21, 'cond': 'a', 'thisN': 39, 'thisTrialN': 39, 'thisRepN': 0}>
3801.3627 	EXP 	Sound test_sound reached end of file
3801.3683 	EXP 	Sound test_sound started
3801.3664 	DATA 	Keypress: right
3801.3739 	EXP 	polygon_2: autoDraw = False
3801.3739 	EXP 	text_3: autoDraw = False
3801.3739 	EXP 	polygon_2: autoDraw = True
3803.3710 	EXP 	Sound test_sound reached end of file
3803.3851 	EXP 	Sound test_sound reached end of file
3806.9790 	DATA 	Keypress: right
3806.9853 	EXP 	polygon_2: autoDraw = False
3806.9853 	EXP 	text_3: autoDraw = False
3806.9853 	EXP 	text_2: autoDraw = True
3821.0496 	DATA 	Keypress: space
3821.0528 	EXP 	text_2: autoDraw = False
3821.0530 	EXP 	LangExperimentstress: status = STOPPED
