14.6920 	WARNING 	User requested fullscreen with size [1536  864], but screen is actually [1920, 1080]. Using actual size
15.0940 	EXP 	Created window1 = Window(allowGUI=False, allowStencil=False, autoLog=True, backendConf=UNKNOWN, backgroundFit=<method-wrapper '__getattribute__' of attributeSetter object at 0x0000024A09713EE0>, backgroundImage=<method-wrapper '__getattribute__' of attributeSetter object at 0x0000024A09713E80>, bitsMode=UNKNOWN, blendMode='avg', bpc=(8, 8, 8), color=array([0, 0, 0]), colorSpace='rgb', depthBits=8, fullscr=True, gamma=None, gammaErrorPolicy='raise', infoMsg=UNKNOWN, lms=UNKNOWN, monitor=<psychopy.monitors.calibTools.Monitor object at 0x0000024A14820E20>, multiSample=False, name='window1', numSamples=2, pos=[0.0, 0.0], screen=0, size=array([1920, 1080]), stencilBits=0, stereo=False, title='PsychoPy', units='height', useFBO=True, useRetina=False, viewOri=0.0, viewPos=None, viewScale=None, waitBlanking=True, winType='pyglet')
15.0941 	EXP 	window1: backgroundImage = ''
15.0941 	EXP 	window1: backgroundFit = 'none'
15.2013 	EXP 	window1: Attempting to measure frame rate of screen (0) ...
15.2014 	EXP 	window1: recordFrameIntervals = False
15.3522 	EXP 	window1: recordFrameIntervals = True
15.9860 	EXP 	Screen (0) actual frame rate measured at 61.67Hz
15.9860 	EXP 	window1: recordFrameIntervals = False
19.2204 	EXP 	LangExperimentstress: status = STARTED
19.3301 	EXP 	Created instr = TextStim(__class__=<class 'psychopy.visual.text.TextStim'>, alignHoriz=method-wrapper(...), alignText='center', alignVert=method-wrapper(...), anchorHoriz='center', anchorVert='center', antialias=True, autoDraw=False, autoLog=True, bold=False, color=array([1., 1., 1.]), colorSpace='rgb', contrast=1.0, depth=0.0, draggable=False, flipHoriz=False, flipVert=False, font='Arial', fontFiles=[], height=0.08, italic=False, languageStyle='LTR', name='instr', opacity=1, ori=0, pos=array([0., 0.]), rgb=UNKNOWN, text=str(...), units='height', win=Window(...), wrapWidth=1)
19.8747 	EXP 	Sound test_sound_2 set volume 1.000
19.8788 	EXP 	Created polygon = ShapeStim(__class__=<class 'psychopy.visual.shape.ShapeStim'>, anchor=('center', 'center'), autoDraw=False, autoLog=True, closeShape=True, color=method-wrapper(...), colorSpace='rgb', contrast=None, depth=-2.0, draggable=False, fillColor=array([-1, -1, -1]), fillColorSpace='rgb', fillRGB=array([-1, -1, -1]), interpolate=True, lineColor=array([-1., -1., -1.]), lineColorSpace='rgb', lineRGB=array([-1, -1, -1]), lineWidth=1, name='polygon', opacity=1, ori=0.0, pos=array([0., 0.]), size=array([0.15, 0.15]), units='height', vertices=ndarray(...), win=Window(...), windingRule=None)
19.8948 	EXP 	Created text_3 = TextStim(__class__=<class 'psychopy.visual.text.TextStim'>, alignHoriz=method-wrapper(...), alignText='center', alignVert=method-wrapper(...), anchorHoriz='center', anchorVert='center', antialias=True, autoDraw=False, autoLog=True, bold=False, color=array([1., 1., 1.]), colorSpace='rgb', contrast=1.0, depth=0.0, draggable=False, flipHoriz=False, flipVert=False, font='Arial', fontFiles=[], height=0.1, italic=False, languageStyle='LTR', name='text_3', opacity=1, ori=0, pos=array([0., 0.]), rgb=UNKNOWN, text=str(...), units='height', win=Window(...), wrapWidth=1)
19.9047 	EXP 	Created instr = TextStim(__class__=<class 'psychopy.visual.text.TextStim'>, alignHoriz=method-wrapper(...), alignText='center', alignVert=method-wrapper(...), anchorHoriz='center', anchorVert='center', antialias=True, autoDraw=False, autoLog=True, bold=False, color=array([1., 1., 1.]), colorSpace='rgb', contrast=1.0, depth=0.0, draggable=False, flipHoriz=False, flipVert=False, font='Arial', fontFiles=[], height=0.08, italic=False, languageStyle='LTR', name='instr', opacity=1, ori=0, pos=array([0., 0.]), rgb=UNKNOWN, text=str(...), units='height', win=Window(...), wrapWidth=1)
20.0614 	EXP 	Sound test_sound set volume 1.000
20.0627 	EXP 	Created polygon_2 = ShapeStim(__class__=<class 'psychopy.visual.shape.ShapeStim'>, anchor=('center', 'center'), autoDraw=False, autoLog=True, closeShape=True, color=method-wrapper(...), colorSpace='rgb', contrast=None, depth=-2.0, draggable=False, fillColor=array([-1, -1, -1]), fillColorSpace='rgb', fillRGB=array([-1, -1, -1]), interpolate=True, lineColor=array([-1., -1., -1.]), lineColorSpace='rgb', lineRGB=array([-1, -1, -1]), lineWidth=1, name='polygon_2', opacity=1, ori=0.0, pos=array([0., 0.]), size=array([0.15, 0.15]), units='height', vertices=ndarray(...), win=Window(...), windingRule=None)
20.0664 	EXP 	Created text_3 = TextStim(__class__=<class 'psychopy.visual.text.TextStim'>, alignHoriz=method-wrapper(...), alignText='center', alignVert=method-wrapper(...), anchorHoriz='center', anchorVert='center', antialias=True, autoDraw=False, autoLog=True, bold=False, color=array([1., 1., 1.]), colorSpace='rgb', contrast=1.0, depth=0.0, draggable=False, flipHoriz=False, flipVert=False, font='Arial', fontFiles=[], height=0.1, italic=False, languageStyle='LTR', name='text_3', opacity=1, ori=0, pos=array([0., 0.]), rgb=UNKNOWN, text=str(...), units='height', win=Window(...), wrapWidth=1)
20.0774 	EXP 	Created text_2 = TextStim(__class__=<class 'psychopy.visual.text.TextStim'>, alignHoriz=method-wrapper(...), alignText='center', alignVert=method-wrapper(...), anchorHoriz='center', anchorVert='center', antialias=True, autoDraw=False, autoLog=True, bold=False, color=array([1., 1., 1.]), colorSpace='rgb', contrast=1.0, depth=0.0, draggable=False, flipHoriz=False, flipVert=False, font='Arial', fontFiles=[], height=0.1, italic=False, languageStyle='LTR', name='text_2', opacity=1, ori=0, pos=array([0., 0.]), rgb=UNKNOWN, text=str(...), units='height', win=Window(...), wrapWidth=1)
0.0106 	EXP 	instr: autoDraw = True
3780.2531 	EXP 	Imported selected_practice.csv as conditions, 4 conditions, 27 params
3780.2547 	EXP 	New trial (rep=0, index=0): <Trial 0 (0 in rep 0) data={'sounds': 'sounds/p4d_cortar.wav', 'syll': 'CVC', 'stress_unstress': 'Stressed', 'suffix': 'Mismatch', 'present_past': 'past', 'corrAns': 'num_2', 'trigger_item': 0.0, 'trigger_senonset': 0.205513, 'trigger_verbsonset': 0.8629519999999999, 'trigger_1_F0': 0.984841, 'trigger_suffix': 1.219715, 'trigger_2_F0': 1.27, 'ID_item': 101, 'ID_senonset': 40, 'ID_verbonset': 41, 'ID_1_F0': 42, 'ID_suffix': 43, 'ID_2_F0': 44, 'ms_senonset': 0.005513, 'ms_verbonset': 0.662952, 'ms_1_F0': 0.784841, 'ms_suffix': 1.019715, 'ms_2_F0': 1.07, 'file_name': 'p4d_cortar.wav', 'sentence': 'p4', 'cond': 'd', 'combo': 'p4d', 'thisN': 0, 'thisTrialN': 0, 'thisRepN': 0}>
3780.2598 	EXP 	Sound test_sound_2 reached end of file
3780.2750 	EXP 	Sound test_sound_2 started
3780.2611 	DATA 	Keypress: space
3780.2695 	EXP 	instr: autoDraw = False
3780.2695 	EXP 	polygon: autoDraw = True
3782.7639 	EXP 	Sound test_sound_2 reached end of file
3782.7750 	EXP 	Sound test_sound_2 reached end of file
3784.7145 	EXP 	New trial (rep=0, index=1): <Trial 1 (1 in rep 0) data={'sounds': 'sounds/p3c_saltar.wav', 'syll': 'CVC', 'stress_unstress': 'Unstressed', 'suffix': 'Match', 'present_past': 'past', 'corrAns': 'num_2', 'trigger_item': 0.0, 'trigger_senonset': 0.205513, 'trigger_verbsonset': 0.8629519999999999, 'trigger_1_F0': 0.984841, 'trigger_suffix': 1.219715, 'trigger_2_F0': 1.27, 'ID_item': 101, 'ID_senonset': 30, 'ID_verbonset': 31, 'ID_1_F0': 32, 'ID_suffix': 33, 'ID_2_F0': 34, 'ms_senonset': 0.005513, 'ms_verbonset': 0.662952, 'ms_1_F0': 0.784841, 'ms_suffix': 1.019715, 'ms_2_F0': 1.07, 'file_name': 'p3c_saltar.wav', 'sentence': 'p3', 'cond': 'c', 'combo': 'p3c', 'thisN': 1, 'thisTrialN': 1, 'thisRepN': 0}>
3784.7208 	EXP 	Sound test_sound_2 reached end of file
3784.7250 	EXP 	Sound test_sound_2 started
3784.7235 	DATA 	Keypress: left
3784.7312 	EXP 	polygon: autoDraw = False
3784.7312 	EXP 	text_3: autoDraw = False
3784.7312 	EXP 	polygon: autoDraw = True
3786.7932 	EXP 	Sound test_sound_2 reached end of file
3786.8085 	EXP 	Sound test_sound_2 reached end of file
3787.7785 	DATA 	Keypress: right
3787.7978 	EXP 	New trial (rep=0, index=2): <Trial 2 (2 in rep 0) data={'sounds': 'sounds/p1a_saltar.wav', 'syll': 'CVC', 'stress_unstress': 'Stressed', 'suffix': 'Match', 'present_past': 'present', 'corrAns': 'num_1', 'trigger_item': 0.0, 'trigger_senonset': 0.205513, 'trigger_verbsonset': 0.8629519999999999, 'trigger_1_F0': 0.984841, 'trigger_suffix': 1.219715, 'trigger_2_F0': 1.27, 'ID_item': 101, 'ID_senonset': 10, 'ID_verbonset': 11, 'ID_1_F0': 12, 'ID_suffix': 13, 'ID_2_F0': 14, 'ms_senonset': 0.005513, 'ms_verbonset': 0.662952, 'ms_1_F0': 0.784841, 'ms_suffix': 1.019715, 'ms_2_F0': 1.07, 'file_name': 'p1a_saltar.wav', 'sentence': 'p1', 'cond': 'a', 'combo': 'p1a', 'thisN': 2, 'thisTrialN': 2, 'thisRepN': 0}>
3787.8052 	EXP 	Sound test_sound_2 reached end of file
3787.8080 	EXP 	Sound test_sound_2 started
3787.8163 	EXP 	polygon: autoDraw = False
3787.8163 	EXP 	text_3: autoDraw = False
3787.8163 	EXP 	polygon: autoDraw = True
3790.0270 	EXP 	Sound test_sound_2 reached end of file
3790.0419 	EXP 	Sound test_sound_2 reached end of file
3791.5830 	EXP 	New trial (rep=0, index=3): <Trial 3 (3 in rep 0) data={'sounds': 'sounds/p2b_cortar.wav', 'syll': 'CVC', 'stress_unstress': 'Unstressed', 'suffix': 'Mismatch', 'present_past': 'present', 'corrAns': 'num_1', 'trigger_item': 0.0, 'trigger_senonset': 0.205513, 'trigger_verbsonset': 0.8629519999999999, 'trigger_1_F0': 0.984841, 'trigger_suffix': 1.219715, 'trigger_2_F0': 1.27, 'ID_item': 101, 'ID_senonset': 20, 'ID_verbonset': 21, 'ID_1_F0': 22, 'ID_suffix': 23, 'ID_2_F0': 24, 'ms_senonset': 0.005513, 'ms_verbonset': 0.662952, 'ms_1_F0': 0.784841, 'ms_suffix': 1.019715, 'ms_2_F0': 1.07, 'file_name': 'p2b_cortar.wav', 'sentence': 'p2', 'cond': 'b', 'combo': 'p2b', 'thisN': 3, 'thisTrialN': 3, 'thisRepN': 0}>
3791.5910 	EXP 	Sound test_sound_2 reached end of file
3791.5930 	EXP 	Sound test_sound_2 started
3791.5927 	DATA 	Keypress: right
3791.6014 	EXP 	polygon: autoDraw = False
3791.6014 	EXP 	text_3: autoDraw = False
3791.6014 	EXP 	polygon: autoDraw = True
3793.8430 	EXP 	Sound test_sound_2 reached end of file
3793.8588 	EXP 	Sound test_sound_2 reached end of file
3794.6845 	DATA 	Keypress: right
3794.6917 	EXP 	polygon: autoDraw = False
3794.6917 	EXP 	text_3: autoDraw = False
3794.6917 	EXP 	instr: autoDraw = True
3840.6471 	EXP 	Imported selected_trials.csv as conditions, 40 conditions, 26 params
3840.6478 	EXP 	New trial (rep=0, index=0): <Trial 0 (0 in rep 0) data={'sounds': 'sounds/04c_plantar.wav', 'syll': 'CVC', 'stress_unstress': 'Unstressed', 'suffix': 'Match', 'present_past': 'past', 'corrAns': 'num_2', 'trigger_item': 0.0, 'trigger_senonset': 0.2, 'trigger_verbsonset': 0.862877574458911, 'trigger_1_F0': 0.9343518689653568, 'trigger_suffix': 1.20493812332404, 'trigger_2_F0': 1.21897569287037, 'ID_item': 101, 'ID_senonset': 30, 'ID_verbonset': 31, 'ID_1_F0': 32, 'ID_suffix': 33, 'ID_2_F0': 34, 'ms_senonset': 0, 'ms_verbonset': 0.662877574458911, 'ms_1_F0': 0.734351868965357, 'ms_suffix': 1.00493812332404, 'ms_2_F0': 1.01897569287037, 'file_name': '04c_plantar.wav', 'item_id': 4, 'cond': 'c', 'thisN': 0, 'thisTrialN': 0, 'thisRepN': 0}>
3840.6526 	EXP 	Sound test_sound reached end of file
3840.6599 	EXP 	Sound test_sound started
3840.6544 	DATA 	Keypress: space
3840.6635 	EXP 	instr: autoDraw = False
3840.6635 	EXP 	polygon_2: autoDraw = True
3842.6836 	EXP 	Sound test_sound reached end of file
3842.6930 	EXP 	Sound test_sound reached end of file
3843.4163 	EXP 	New trial (rep=0, index=1): <Trial 1 (1 in rep 0) data={'sounds': 'sounds/06d_soplar.wav', 'syll': 'CVC', 'stress_unstress': 'Stressed', 'suffix': 'Mismatch', 'present_past': 'past', 'corrAns': 'num_2', 'trigger_item': 0.0, 'trigger_senonset': 0.2, 'trigger_verbsonset': 0.761291666666666, 'trigger_1_F0': 0.8899999999999999, 'trigger_suffix': 1.102139687590422, 'trigger_2_F0': 1.166665581687644, 'ID_item': 101, 'ID_senonset': 40, 'ID_verbonset': 41, 'ID_1_F0': 42, 'ID_suffix': 43, 'ID_2_F0': 44, 'ms_senonset': 0, 'ms_verbonset': 0.561291666666666, 'ms_1_F0': 0.69, 'ms_suffix': 0.902139687590422, 'ms_2_F0': 0.966665581687644, 'file_name': '06d_soplar.wav', 'item_id': 6, 'cond': 'd', 'thisN': 1, 'thisTrialN': 1, 'thisRepN': 0}>
3843.4225 	EXP 	Sound test_sound reached end of file
3843.4266 	EXP 	Sound test_sound started
3843.4249 	DATA 	Keypress: left
3843.4344 	EXP 	polygon_2: autoDraw = False
3843.4344 	EXP 	text_3: autoDraw = False
3843.4344 	EXP 	polygon_2: autoDraw = True
3845.2895 	EXP 	Sound test_sound reached end of file
3845.2954 	EXP 	Sound test_sound reached end of file
3846.4164 	EXP 	New trial (rep=0, index=2): <Trial 2 (2 in rep 0) data={'sounds': 'sounds/14b_borrar.wav', 'syll': 'CVC', 'stress_unstress': 'Unstressed', 'suffix': 'Mismatch', 'present_past': 'present', 'corrAns': 'num_1', 'trigger_item': 0.0, 'trigger_senonset': 0.2, 'trigger_verbsonset': 0.72, 'trigger_1_F0': 0.770187630208333, 'trigger_suffix': 0.851961241319444, 'trigger_2_F0': 0.964399956597222, 'ID_item': 101, 'ID_senonset': 20, 'ID_verbonset': 21, 'ID_1_F0': 22, 'ID_suffix': 23, 'ID_2_F0': 24, 'ms_senonset': 0, 'ms_verbonset': 0.52, 'ms_1_F0': 0.570187630208333, 'ms_suffix': 0.651961241319444, 'ms_2_F0': 0.764399956597222, 'file_name': '14b_borrar.wav', 'item_id': 14, 'cond': 'b', 'thisN': 2, 'thisTrialN': 2, 'thisRepN': 0}>
3846.4228 	EXP 	Sound test_sound reached end of file
3846.4262 	EXP 	Sound test_sound started
3846.4252 	DATA 	Keypress: left
3846.4341 	EXP 	polygon_2: autoDraw = False
3846.4341 	EXP 	text_3: autoDraw = False
3846.4341 	EXP 	polygon_2: autoDraw = True
3848.3606 	EXP 	Sound test_sound reached end of file
3848.3762 	EXP 	Sound test_sound reached end of file
3848.8332 	EXP 	New trial (rep=0, index=3): <Trial 3 (3 in rep 0) data={'sounds': 'sounds/03b_limpiar.wav', 'syll': 'CVC', 'stress_unstress': 'Unstressed', 'suffix': 'Mismatch', 'present_past': 'present', 'corrAns': 'num_1', 'trigger_item': 0.0, 'trigger_senonset': 0.2, 'trigger_verbsonset': 0.8500000000000001, 'trigger_1_F0': 0.932367621527777, 'trigger_suffix': 1.26878515625, 'trigger_2_F0': 1.35808463541666, 'ID_item': 101, 'ID_senonset': 20, 'ID_verbonset': 21, 'ID_1_F0': 22, 'ID_suffix': 23, 'ID_2_F0': 24, 'ms_senonset': 0, 'ms_verbonset': 0.65, 'ms_1_F0': 0.732367621527777, 'ms_suffix': 1.06878515625, 'ms_2_F0': 1.15808463541666, 'file_name': '03b_limpiar.wav', 'item_id': 3, 'cond': 'b', 'thisN': 3, 'thisTrialN': 3, 'thisRepN': 0}>
3848.8408 	EXP 	Sound test_sound reached end of file
3848.8433 	EXP 	Sound test_sound started
3848.8436 	DATA 	Keypress: right
3848.8528 	EXP 	polygon_2: autoDraw = False
3848.8528 	EXP 	text_3: autoDraw = False
3848.8528 	EXP 	polygon_2: autoDraw = True
3850.9715 	EXP 	Sound test_sound reached end of file
3850.9773 	EXP 	Sound test_sound reached end of file
3851.6835 	EXP 	New trial (rep=0, index=4): <Trial 4 (4 in rep 0) data={'sounds': 'sounds/19a_marcar.wav', 'syll': 'CVC', 'stress_unstress': 'Stressed', 'suffix': 'Match', 'present_past': 'present', 'corrAns': 'num_1', 'trigger_item': 0.0, 'trigger_senonset': 0.2, 'trigger_verbsonset': 0.8400000000000001, 'trigger_1_F0': 0.97, 'trigger_suffix': 1.245718359375, 'trigger_2_F0': 1.273519140625, 'ID_item': 101, 'ID_senonset': 10, 'ID_verbonset': 11, 'ID_1_F0': 12, 'ID_suffix': 13, 'ID_2_F0': 14, 'ms_senonset': 0, 'ms_verbonset': 0.64, 'ms_1_F0': 0.77, 'ms_suffix': 1.045718359375, 'ms_2_F0': 1.073519140625, 'file_name': '19a_marcar.wav', 'item_id': 19, 'cond': 'a', 'thisN': 4, 'thisTrialN': 4, 'thisRepN': 0}>
3851.6903 	EXP 	Sound test_sound reached end of file
3851.6930 	EXP 	Sound test_sound started
3851.6942 	DATA 	Keypress: right
3851.7022 	EXP 	polygon_2: autoDraw = False
3851.7022 	EXP 	text_3: autoDraw = False
3851.7022 	EXP 	polygon_2: autoDraw = True
3853.5779 	EXP 	Sound test_sound reached end of file
3853.5934 	EXP 	Sound test_sound reached end of file
3854.2825 	EXP 	New trial (rep=0, index=5): <Trial 5 (5 in rep 0) data={'sounds': 'sounds/17d_tragar.wav', 'syll': 'CVC', 'stress_unstress': 'Stressed', 'suffix': 'Mismatch', 'present_past': 'past', 'corrAns': 'num_2', 'trigger_item': 0.0, 'trigger_senonset': 0.2, 'trigger_verbsonset': 1.070609360532407, 'trigger_1_F0': 1.117973654513888, 'trigger_suffix': 1.30915316840277, 'trigger_2_F0': 1.35458539534397, 'ID_item': 101, 'ID_senonset': 40, 'ID_verbonset': 41, 'ID_1_F0': 42, 'ID_suffix': 43, 'ID_2_F0': 44, 'ms_senonset': 0, 'ms_verbonset': 0.870609360532407, 'ms_1_F0': 0.917973654513888, 'ms_suffix': 1.10915316840277, 'ms_2_F0': 1.15458539534397, 'file_name': '17d_tragar.wav', 'item_id': 17, 'cond': 'd', 'thisN': 5, 'thisTrialN': 5, 'thisRepN': 0}>
3854.2907 	EXP 	Sound test_sound reached end of file
3854.2930 	EXP 	Sound test_sound started
3854.2938 	DATA 	Keypress: right
3854.3020 	EXP 	polygon_2: autoDraw = False
3854.3020 	EXP 	text_3: autoDraw = False
3854.3020 	EXP 	polygon_2: autoDraw = True
3856.5817 	EXP 	Sound test_sound reached end of file
3856.5938 	EXP 	Sound test_sound reached end of file
3857.0331 	EXP 	New trial (rep=0, index=6): <Trial 6 (6 in rep 0) data={'sounds': 'sounds/36c_bordar.wav', 'syll': 'CVC', 'stress_unstress': 'Unstressed', 'suffix': 'Match', 'present_past': 'past', 'corrAns': 'num_2', 'trigger_item': 0.0, 'trigger_senonset': 0.2, 'trigger_verbsonset': 1.0, 'trigger_1_F0': 1.078468243634259, 'trigger_suffix': 1.3288624855324, 'trigger_2_F0': 1.3414992042824, 'ID_item': 101, 'ID_senonset': 30, 'ID_verbonset': 31, 'ID_1_F0': 32, 'ID_suffix': 33, 'ID_2_F0': 34, 'ms_senonset': 0, 'ms_verbonset': 0.8, 'ms_1_F0': 0.878468243634259, 'ms_suffix': 1.1288624855324, 'ms_2_F0': 1.1414992042824, 'file_name': '36c_bordar.wav', 'item_id': 36, 'cond': 'c', 'thisN': 6, 'thisTrialN': 6, 'thisRepN': 0}>
3857.0412 	EXP 	Sound test_sound reached end of file
3857.0434 	EXP 	Sound test_sound started
3857.0453 	DATA 	Keypress: left
3857.0531 	EXP 	polygon_2: autoDraw = False
3857.0531 	EXP 	text_3: autoDraw = False
3857.0531 	EXP 	polygon_2: autoDraw = True
3859.2999 	EXP 	Sound test_sound reached end of file
3859.3093 	EXP 	Sound test_sound reached end of file
3859.7168 	EXP 	New trial (rep=0, index=7): <Trial 7 (7 in rep 0) data={'sounds': 'sounds/34c_formar.wav', 'syll': 'CVC', 'stress_unstress': 'Unstressed', 'suffix': 'Match', 'present_past': 'past', 'corrAns': 'num_2', 'trigger_item': 0.0, 'trigger_senonset': 0.2, 'trigger_verbsonset': 0.876373676215277, 'trigger_1_F0': 0.992687651909722, 'trigger_suffix': 1.14, 'trigger_2_F0': 1.26319767795138, 'ID_item': 101, 'ID_senonset': 30, 'ID_verbonset': 31, 'ID_1_F0': 32, 'ID_suffix': 33, 'ID_2_F0': 34, 'ms_senonset': 0, 'ms_verbonset': 0.676373676215277, 'ms_1_F0': 0.792687651909722, 'ms_suffix': 0.94, 'ms_2_F0': 1.06319767795138, 'file_name': '34c_formar.wav', 'item_id': 34, 'cond': 'c', 'thisN': 7, 'thisTrialN': 7, 'thisRepN': 0}>
3859.7248 	EXP 	Sound test_sound reached end of file
3859.7269 	EXP 	Sound test_sound started
3859.7287 	DATA 	Keypress: left
3859.7363 	EXP 	polygon_2: autoDraw = False
3859.7363 	EXP 	text_3: autoDraw = False
3859.7363 	EXP 	polygon_2: autoDraw = True
3861.9472 	EXP 	Sound test_sound reached end of file
3861.9604 	EXP 	Sound test_sound reached end of file
3863.2825 	EXP 	New trial (rep=0, index=8): <Trial 8 (8 in rep 0) data={'sounds': 'sounds/40c_gastar.wav', 'syll': 'CVC', 'stress_unstress': 'Unstressed', 'suffix': 'Match', 'present_past': 'past', 'corrAns': 'num_2', 'trigger_item': 0.0, 'trigger_senonset': 0.2, 'trigger_verbsonset': 0.8300000000000001, 'trigger_1_F0': 0.8400000000000001, 'trigger_suffix': 1.163436328125, 'trigger_2_F0': 1.183149609375, 'ID_item': 101, 'ID_senonset': 30, 'ID_verbonset': 31, 'ID_1_F0': 32, 'ID_suffix': 33, 'ID_2_F0': 34, 'ms_senonset': 0, 'ms_verbonset': 0.63, 'ms_1_F0': 0.64, 'ms_suffix': 0.963436328125, 'ms_2_F0': 0.983149609375, 'file_name': '40c_gastar.wav', 'item_id': 40, 'cond': 'c', 'thisN': 8, 'thisTrialN': 8, 'thisRepN': 0}>
3863.2893 	EXP 	Sound test_sound reached end of file
3863.2935 	EXP 	Sound test_sound started
3863.2919 	DATA 	Keypress: right
3863.3004 	EXP 	polygon_2: autoDraw = False
3863.3004 	EXP 	text_3: autoDraw = False
3863.3004 	EXP 	polygon_2: autoDraw = True
3865.3902 	EXP 	Sound test_sound reached end of file
3865.3964 	EXP 	Sound test_sound reached end of file
3865.8129 	EXP 	New trial (rep=0, index=9): <Trial 9 (9 in rep 0) data={'sounds': 'sounds/05a_fumar.wav', 'syll': 'CVC', 'stress_unstress': 'Stressed', 'suffix': 'Match', 'present_past': 'present', 'corrAns': 'num_1', 'trigger_item': 0.0, 'trigger_senonset': 0.2, 'trigger_verbsonset': 1.15, 'trigger_1_F0': 1.36712555700231, 'trigger_suffix': 1.48, 'trigger_2_F0': 1.56308830295138, 'ID_item': 101, 'ID_senonset': 10, 'ID_verbonset': 11, 'ID_1_F0': 12, 'ID_suffix': 13, 'ID_2_F0': 14, 'ms_senonset': 0, 'ms_verbonset': 0.95, 'ms_1_F0': 1.16712555700231, 'ms_suffix': 1.28, 'ms_2_F0': 1.36308830295138, 'file_name': '05a_fumar.wav', 'item_id': 5, 'cond': 'a', 'thisN': 9, 'thisTrialN': 9, 'thisRepN': 0}>
3865.8172 	EXP 	Sound test_sound reached end of file
3865.8262 	EXP 	Sound test_sound started
3865.8193 	DATA 	Keypress: left
3865.8281 	EXP 	polygon_2: autoDraw = False
3865.8281 	EXP 	text_3: autoDraw = False
3865.8281 	EXP 	polygon_2: autoDraw = True
3868.1749 	EXP 	Sound test_sound reached end of file
3868.1810 	EXP 	Sound test_sound reached end of file
3868.7048 	DATA 	Keypress: right
3868.7100 	EXP 	polygon_2: autoDraw = False
3868.7100 	EXP 	text_3: autoDraw = True
3879.8124 	EXP 	New trial (rep=0, index=10): <Trial 10 (10 in rep 0) data={'sounds': 'sounds/02c_buscar.wav', 'syll': 'CVC', 'stress_unstress': 'Unstressed', 'suffix': 'Match', 'present_past': 'past', 'corrAns': 'num_2', 'trigger_item': 0.0, 'trigger_senonset': 0.2, 'trigger_verbsonset': 0.8700000000000001, 'trigger_1_F0': 1.07, 'trigger_suffix': 1.26, 'trigger_2_F0': 1.40703946035879, 'ID_item': 101, 'ID_senonset': 30, 'ID_verbonset': 31, 'ID_1_F0': 32, 'ID_suffix': 33, 'ID_2_F0': 34, 'ms_senonset': 0, 'ms_verbonset': 0.67, 'ms_1_F0': 0.87, 'ms_suffix': 1.06, 'ms_2_F0': 1.20703946035879, 'file_name': '02c_buscar.wav', 'item_id': 2, 'cond': 'c', 'thisN': 10, 'thisTrialN': 10, 'thisRepN': 0}>
3879.8185 	EXP 	Sound test_sound reached end of file
3879.8267 	EXP 	Sound test_sound started
3879.8206 	DATA 	Keypress: space
3879.8285 	EXP 	text_3: autoDraw = False
3879.8285 	EXP 	polygon_2: autoDraw = True
3881.9448 	EXP 	Sound test_sound reached end of file
3881.9607 	EXP 	Sound test_sound reached end of file
3882.4330 	EXP 	New trial (rep=0, index=11): <Trial 11 (11 in rep 0) data={'sounds': 'sounds/31d_tocar.wav', 'syll': 'CVC', 'stress_unstress': 'Stressed', 'suffix': 'Mismatch', 'present_past': 'past', 'corrAns': 'num_2', 'trigger_item': 0.0, 'trigger_senonset': 0.2, 'trigger_verbsonset': 0.8493931756807, 'trigger_1_F0': 0.8650112062639721, 'trigger_suffix': 1.006860547391531, 'trigger_2_F0': 1.049162047334928, 'ID_item': 101, 'ID_senonset': 40, 'ID_verbonset': 41, 'ID_1_F0': 42, 'ID_suffix': 43, 'ID_2_F0': 44, 'ms_senonset': 0, 'ms_verbonset': 0.6493931756807, 'ms_1_F0': 0.665011206263972, 'ms_suffix': 0.806860547391531, 'ms_2_F0': 0.849162047334928, 'file_name': '31d_tocar.wav', 'item_id': 31, 'cond': 'd', 'thisN': 11, 'thisTrialN': 11, 'thisRepN': 0}>
3882.4385 	EXP 	Sound test_sound reached end of file
3882.4439 	EXP 	Sound test_sound started
3882.4418 	DATA 	Keypress: left
3882.4486 	EXP 	polygon_2: autoDraw = False
3882.4486 	EXP 	text_3: autoDraw = False
3882.4486 	EXP 	polygon_2: autoDraw = True
3884.3288 	EXP 	Sound test_sound reached end of file
3884.3439 	EXP 	Sound test_sound reached end of file
3884.7471 	DATA 	Keypress: left
3884.7655 	EXP 	New trial (rep=0, index=12): <Trial 12 (12 in rep 0) data={'sounds': 'sounds/33b_culpar.wav', 'syll': 'CVC', 'stress_unstress': 'Unstressed', 'suffix': 'Mismatch', 'present_past': 'present', 'corrAns': 'num_1', 'trigger_item': 0.0, 'trigger_senonset': 0.2, 'trigger_verbsonset': 0.8606178431336959, 'trigger_1_F0': 0.869103678029107, 'trigger_suffix': 1.109891641372144, 'trigger_2_F0': 1.131540467434179, 'ID_item': 101, 'ID_senonset': 20, 'ID_verbonset': 21, 'ID_1_F0': 22, 'ID_suffix': 23, 'ID_2_F0': 24, 'ms_senonset': 0, 'ms_verbonset': 0.660617843133696, 'ms_1_F0': 0.669103678029107, 'ms_suffix': 0.909891641372144, 'ms_2_F0': 0.931540467434179, 'file_name': '33b_culpar.wav', 'item_id': 33, 'cond': 'b', 'thisN': 12, 'thisTrialN': 12, 'thisRepN': 0}>
3884.7717 	EXP 	Sound test_sound reached end of file
3884.7770 	EXP 	Sound test_sound started
3884.7824 	EXP 	polygon_2: autoDraw = False
3884.7824 	EXP 	text_3: autoDraw = False
3884.7824 	EXP 	polygon_2: autoDraw = True
3886.9296 	EXP 	Sound test_sound reached end of file
3886.9439 	EXP 	Sound test_sound reached end of file
3887.3659 	EXP 	New trial (rep=0, index=13): <Trial 13 (13 in rep 0) data={'sounds': 'sounds/20c_cubrir.wav', 'syll': 'CVC', 'stress_unstress': 'Unstressed', 'suffix': 'Match', 'present_past': 'past', 'corrAns': 'num_2', 'trigger_item': 0.0, 'trigger_senonset': 0.2, 'trigger_verbsonset': 0.980138641742621, 'trigger_1_F0': 1.01, 'trigger_suffix': 1.192436112212021, 'trigger_2_F0': 1.28412143493692, 'ID_item': 101, 'ID_senonset': 30, 'ID_verbonset': 31, 'ID_1_F0': 32, 'ID_suffix': 33, 'ID_2_F0': 34, 'ms_senonset': 0, 'ms_verbonset': 0.780138641742621, 'ms_1_F0': 0.81, 'ms_suffix': 0.992436112212021, 'ms_2_F0': 1.08412143493692, 'file_name': '20c_cubrir.wav', 'item_id': 20, 'cond': 'c', 'thisN': 13, 'thisTrialN': 13, 'thisRepN': 0}>
3887.3725 	EXP 	Sound test_sound reached end of file
3887.3767 	EXP 	Sound test_sound started
3887.3738 	DATA 	Keypress: right
3887.3839 	EXP 	polygon_2: autoDraw = False
3887.3839 	EXP 	text_3: autoDraw = False
3887.3839 	EXP 	polygon_2: autoDraw = True
3889.4949 	EXP 	Sound test_sound reached end of file
3889.5000 	EXP 	Sound test_sound reached end of file
3889.9336 	EXP 	New trial (rep=0, index=14): <Trial 14 (14 in rep 0) data={'sounds': 'sounds/37b_pasar.wav', 'syll': 'CVC', 'stress_unstress': 'Unstressed', 'suffix': 'Mismatch', 'present_past': 'present', 'corrAns': 'num_1', 'trigger_item': 0.0, 'trigger_senonset': 0.2, 'trigger_verbsonset': 1.033132486979166, 'trigger_1_F0': 1.052087565104166, 'trigger_suffix': 1.159499674479166, 'trigger_2_F0': 1.27702115885416, 'ID_item': 101, 'ID_senonset': 20, 'ID_verbonset': 21, 'ID_1_F0': 22, 'ID_suffix': 23, 'ID_2_F0': 24, 'ms_senonset': 0, 'ms_verbonset': 0.833132486979166, 'ms_1_F0': 0.852087565104166, 'ms_suffix': 0.959499674479166, 'ms_2_F0': 1.07702115885416, 'file_name': '37b_pasar.wav', 'item_id': 37, 'cond': 'b', 'thisN': 14, 'thisTrialN': 14, 'thisRepN': 0}>
3889.9404 	EXP 	Sound test_sound reached end of file
3889.9436 	EXP 	Sound test_sound started
3889.9426 	DATA 	Keypress: left
3889.9521 	EXP 	polygon_2: autoDraw = False
3889.9521 	EXP 	text_3: autoDraw = False
3889.9521 	EXP 	polygon_2: autoDraw = True
3892.0406 	EXP 	Sound test_sound reached end of file
3892.0466 	EXP 	Sound test_sound reached end of file
3892.3517 	EXP 	New trial (rep=0, index=15): <Trial 15 (15 in rep 0) data={'sounds': 'sounds/26a_bajar.wav', 'syll': 'CVC', 'stress_unstress': 'Stressed', 'suffix': 'Match', 'present_past': 'present', 'corrAns': 'num_1', 'trigger_item': 0.0, 'trigger_senonset': 0.2, 'trigger_verbsonset': 0.77, 'trigger_1_F0': 0.8999999999999999, 'trigger_suffix': 1.03, 'trigger_2_F0': 1.171181705729166, 'ID_item': 101, 'ID_senonset': 10, 'ID_verbonset': 11, 'ID_1_F0': 12, 'ID_suffix': 13, 'ID_2_F0': 14, 'ms_senonset': 0, 'ms_verbonset': 0.57, 'ms_1_F0': 0.7, 'ms_suffix': 0.83, 'ms_2_F0': 0.971181705729166, 'file_name': '26a_bajar.wav', 'item_id': 26, 'cond': 'a', 'thisN': 15, 'thisTrialN': 15, 'thisRepN': 0}>
3892.3579 	EXP 	Sound test_sound reached end of file
3892.3609 	EXP 	Sound test_sound started
3892.3615 	DATA 	Keypress: right
3892.3698 	EXP 	polygon_2: autoDraw = False
3892.3698 	EXP 	text_3: autoDraw = False
3892.3698 	EXP 	polygon_2: autoDraw = True
3894.4176 	EXP 	Sound test_sound reached end of file
3894.4269 	EXP 	Sound test_sound reached end of file
3894.6668 	EXP 	New trial (rep=0, index=16): <Trial 16 (16 in rep 0) data={'sounds': 'sounds/18b_cumplir.wav', 'syll': 'CVC', 'stress_unstress': 'Unstressed', 'suffix': 'Mismatch', 'present_past': 'present', 'corrAns': 'num_1', 'trigger_item': 0.0, 'trigger_senonset': 0.2, 'trigger_verbsonset': 1.2408027271412, 'trigger_1_F0': 1.25568597366898, 'trigger_suffix': 1.46256310040509, 'trigger_2_F0': 1.54144430700231, 'ID_item': 101, 'ID_senonset': 20, 'ID_verbonset': 21, 'ID_1_F0': 22, 'ID_suffix': 23, 'ID_2_F0': 24, 'ms_senonset': 0, 'ms_verbonset': 1.0408027271412, 'ms_1_F0': 1.05568597366898, 'ms_suffix': 1.26256310040509, 'ms_2_F0': 1.34144430700231, 'file_name': '18b_cumplir.wav', 'item_id': 18, 'cond': 'b', 'thisN': 16, 'thisTrialN': 16, 'thisRepN': 0}>
3894.6725 	EXP 	Sound test_sound reached end of file
3894.6770 	EXP 	Sound test_sound started
3894.6762 	DATA 	Keypress: right
3894.6830 	EXP 	polygon_2: autoDraw = False
3894.6830 	EXP 	text_3: autoDraw = False
3894.6830 	EXP 	polygon_2: autoDraw = True
3896.8466 	EXP 	Sound test_sound reached end of file
3896.8608 	EXP 	Sound test_sound reached end of file
3897.5163 	EXP 	New trial (rep=0, index=17): <Trial 17 (17 in rep 0) data={'sounds': 'sounds/09c_cargar.wav', 'syll': 'CVC', 'stress_unstress': 'Unstressed', 'suffix': 'Match', 'present_past': 'past', 'corrAns': 'num_2', 'trigger_item': 0.0, 'trigger_senonset': 0.2, 'trigger_verbsonset': 0.81286744068287, 'trigger_1_F0': 0.8382251229745361, 'trigger_suffix': 1.032634020543981, 'trigger_2_F0': 1.090594437210648, 'ID_item': 101, 'ID_senonset': 30, 'ID_verbonset': 31, 'ID_1_F0': 32, 'ID_suffix': 33, 'ID_2_F0': 34, 'ms_senonset': 0, 'ms_verbonset': 0.61286744068287, 'ms_1_F0': 0.638225122974536, 'ms_suffix': 0.832634020543981, 'ms_2_F0': 0.890594437210648, 'file_name': '09c_cargar.wav', 'item_id': 9, 'cond': 'c', 'thisN': 17, 'thisTrialN': 17, 'thisRepN': 0}>
3897.5227 	EXP 	Sound test_sound reached end of file
3897.5271 	EXP 	Sound test_sound started
3897.5247 	DATA 	Keypress: right
3897.5330 	EXP 	polygon_2: autoDraw = False
3897.5330 	EXP 	text_3: autoDraw = False
3897.5330 	EXP 	polygon_2: autoDraw = True
3899.4467 	EXP 	Sound test_sound reached end of file
3899.4606 	EXP 	Sound test_sound reached end of file
3899.8835 	EXP 	New trial (rep=0, index=18): <Trial 18 (18 in rep 0) data={'sounds': 'sounds/25b_ganar.wav', 'syll': 'CVC', 'stress_unstress': 'Unstressed', 'suffix': 'Mismatch', 'present_past': 'present', 'corrAns': 'num_1', 'trigger_item': 0.0, 'trigger_senonset': 0.2, 'trigger_verbsonset': 1.152097938368055, 'trigger_1_F0': 1.15990068760488, 'trigger_suffix': 1.28904165650454, 'trigger_2_F0': 1.37272500435153, 'ID_item': 101, 'ID_senonset': 20, 'ID_verbonset': 21, 'ID_1_F0': 22, 'ID_suffix': 23, 'ID_2_F0': 24, 'ms_senonset': 0, 'ms_verbonset': 0.952097938368055, 'ms_1_F0': 0.95990068760488, 'ms_suffix': 1.08904165650454, 'ms_2_F0': 1.17272500435153, 'file_name': '25b_ganar.wav', 'item_id': 25, 'cond': 'b', 'thisN': 18, 'thisTrialN': 18, 'thisRepN': 0}>
3899.8901 	EXP 	Sound test_sound reached end of file
3899.8941 	EXP 	Sound test_sound started
3899.8925 	DATA 	Keypress: left
3899.9002 	EXP 	polygon_2: autoDraw = False
3899.9002 	EXP 	text_3: autoDraw = False
3899.9002 	EXP 	polygon_2: autoDraw = True
3902.2186 	EXP 	Sound test_sound reached end of file
3902.2273 	EXP 	Sound test_sound reached end of file
3902.4007 	EXP 	New trial (rep=0, index=19): <Trial 19 (19 in rep 0) data={'sounds': 'sounds/32d_pulsar.wav', 'syll': 'CVC', 'stress_unstress': 'Stressed', 'suffix': 'Mismatch', 'present_past': 'past', 'corrAns': 'num_2', 'trigger_item': 0.0, 'trigger_senonset': 0.2, 'trigger_verbsonset': 0.796440212673611, 'trigger_1_F0': 0.8294641710069439, 'trigger_suffix': 0.99, 'trigger_2_F0': 1.097783832465277, 'ID_item': 101, 'ID_senonset': 40, 'ID_verbonset': 41, 'ID_1_F0': 42, 'ID_suffix': 43, 'ID_2_F0': 44, 'ms_senonset': 0, 'ms_verbonset': 0.596440212673611, 'ms_1_F0': 0.629464171006944, 'ms_suffix': 0.79, 'ms_2_F0': 0.897783832465277, 'file_name': '32d_pulsar.wav', 'item_id': 32, 'cond': 'd', 'thisN': 19, 'thisTrialN': 19, 'thisRepN': 0}>
3902.4084 	EXP 	Sound test_sound reached end of file
3902.4108 	EXP 	Sound test_sound started
3902.4117 	DATA 	Keypress: right
3902.4202 	EXP 	polygon_2: autoDraw = False
3902.4202 	EXP 	text_3: autoDraw = False
3902.4202 	EXP 	polygon_2: autoDraw = True
3904.2146 	EXP 	Sound test_sound reached end of file
3904.2278 	EXP 	Sound test_sound reached end of file
3905.0028 	DATA 	Keypress: left
3905.0105 	EXP 	polygon_2: autoDraw = False
3905.0105 	EXP 	text_3: autoDraw = True
3912.8305 	EXP 	New trial (rep=0, index=20): <Trial 20 (20 in rep 0) data={'sounds': 'sounds/27c_tirar.wav', 'syll': 'CVC', 'stress_unstress': 'Unstressed', 'suffix': 'Match', 'present_past': 'past', 'corrAns': 'num_2', 'trigger_item': 0.0, 'trigger_senonset': 0.2, 'trigger_verbsonset': 0.8119442057291659, 'trigger_1_F0': 0.8307495153356481, 'trigger_suffix': 0.9885306495949072, 'trigger_2_F0': 0.998621303530092, 'ID_item': 101, 'ID_senonset': 30, 'ID_verbonset': 31, 'ID_1_F0': 32, 'ID_suffix': 33, 'ID_2_F0': 34, 'ms_senonset': 0, 'ms_verbonset': 0.611944205729166, 'ms_1_F0': 0.630749515335648, 'ms_suffix': 0.788530649594907, 'ms_2_F0': 0.798621303530092, 'file_name': '27c_tirar.wav', 'item_id': 27, 'cond': 'c', 'thisN': 20, 'thisTrialN': 20, 'thisRepN': 0}>
3912.8358 	EXP 	Sound test_sound reached end of file
3912.8445 	EXP 	Sound test_sound started
3912.8374 	DATA 	Keypress: space
3912.8468 	EXP 	text_3: autoDraw = False
3912.8468 	EXP 	polygon_2: autoDraw = True
3914.8171 	EXP 	Sound test_sound reached end of file
3914.8278 	EXP 	Sound test_sound reached end of file
3914.9182 	EXP 	New trial (rep=0, index=21): <Trial 21 (21 in rep 0) data={'sounds': 'sounds/29a_pesar.wav', 'syll': 'CVC', 'stress_unstress': 'Stressed', 'suffix': 'Match', 'present_past': 'present', 'corrAns': 'num_1', 'trigger_item': 0.0, 'trigger_senonset': 0.2, 'trigger_verbsonset': 0.91328417532552, 'trigger_1_F0': 0.925531286730473, 'trigger_suffix': 1.03, 'trigger_2_F0': 1.150619522602117, 'ID_item': 101, 'ID_senonset': 10, 'ID_verbonset': 11, 'ID_1_F0': 12, 'ID_suffix': 13, 'ID_2_F0': 14, 'ms_senonset': 0, 'ms_verbonset': 0.71328417532552, 'ms_1_F0': 0.725531286730473, 'ms_suffix': 0.83, 'ms_2_F0': 0.950619522602117, 'file_name': '29a_pesar.wav', 'item_id': 29, 'cond': 'a', 'thisN': 21, 'thisTrialN': 21, 'thisRepN': 0}>
3914.9262 	EXP 	Sound test_sound reached end of file
3914.9275 	EXP 	Sound test_sound started
3914.9297 	DATA 	Keypress: left
3914.9391 	EXP 	polygon_2: autoDraw = False
3914.9391 	EXP 	text_3: autoDraw = False
3914.9391 	EXP 	polygon_2: autoDraw = True
3916.8230 	EXP 	Sound test_sound reached end of file
3916.8288 	EXP 	Sound test_sound reached end of file
3917.4670 	EXP 	New trial (rep=0, index=22): <Trial 22 (22 in rep 0) data={'sounds': 'sounds/38b_pagar.wav', 'syll': 'CVC', 'stress_unstress': 'Unstressed', 'suffix': 'Mismatch', 'present_past': 'present', 'corrAns': 'num_1', 'trigger_item': 0.0, 'trigger_senonset': 0.2, 'trigger_verbsonset': 1.166737304687499, 'trigger_1_F0': 1.185271158854166, 'trigger_suffix': 1.29521061197916, 'trigger_2_F0': 1.4055712890624898, 'ID_item': 101, 'ID_senonset': 20, 'ID_verbonset': 21, 'ID_1_F0': 22, 'ID_suffix': 23, 'ID_2_F0': 24, 'ms_senonset': 0, 'ms_verbonset': 0.966737304687499, 'ms_1_F0': 0.985271158854166, 'ms_suffix': 1.09521061197916, 'ms_2_F0': 1.20557128906249, 'file_name': '38b_pagar.wav', 'item_id': 38, 'cond': 'b', 'thisN': 22, 'thisTrialN': 22, 'thisRepN': 0}>
3917.4722 	EXP 	Sound test_sound reached end of file
3917.4776 	EXP 	Sound test_sound started
3917.4757 	DATA 	Keypress: right
3917.4832 	EXP 	polygon_2: autoDraw = False
3917.4832 	EXP 	text_3: autoDraw = False
3917.4832 	EXP 	polygon_2: autoDraw = True
3919.7113 	EXP 	Sound test_sound reached end of file
3919.7280 	EXP 	Sound test_sound reached end of file
3920.0008 	EXP 	New trial (rep=0, index=23): <Trial 23 (23 in rep 0) data={'sounds': 'sounds/01d_salvar.wav', 'syll': 'CVC', 'stress_unstress': 'Stressed', 'suffix': 'Mismatch', 'present_past': 'past', 'corrAns': 'num_2', 'trigger_item': 0.0, 'trigger_senonset': 0.2, 'trigger_verbsonset': 0.8500000000000001, 'trigger_1_F0': 0.996069502314814, 'trigger_suffix': 1.23, 'trigger_2_F0': 1.29, 'ID_item': 101, 'ID_senonset': 40, 'ID_verbonset': 41, 'ID_1_F0': 42, 'ID_suffix': 43, 'ID_2_F0': 44, 'ms_senonset': 0, 'ms_verbonset': 0.65, 'ms_1_F0': 0.796069502314814, 'ms_suffix': 1.03, 'ms_2_F0': 1.09, 'file_name': '01d_salvar.wav', 'item_id': 1, 'cond': 'd', 'thisN': 23, 'thisTrialN': 23, 'thisRepN': 0}>
3920.0077 	EXP 	Sound test_sound reached end of file
3920.0115 	EXP 	Sound test_sound started
3920.0104 	DATA 	Keypress: right
3920.0190 	EXP 	polygon_2: autoDraw = False
3920.0190 	EXP 	text_3: autoDraw = False
3920.0190 	EXP 	polygon_2: autoDraw = True
3922.0618 	EXP 	Sound test_sound reached end of file
3922.0781 	EXP 	Sound test_sound reached end of file
3922.3688 	EXP 	New trial (rep=0, index=24): <Trial 24 (24 in rep 0) data={'sounds': 'sounds/21a_mezclar.wav', 'syll': 'CVC', 'stress_unstress': 'Stressed', 'suffix': 'Match', 'present_past': 'present', 'corrAns': 'num_1', 'trigger_item': 0.0, 'trigger_senonset': 0.2, 'trigger_verbsonset': 0.78, 'trigger_1_F0': 0.9121902777777772, 'trigger_suffix': 1.20214212962962, 'trigger_2_F0': 1.27, 'ID_item': 101, 'ID_senonset': 10, 'ID_verbonset': 11, 'ID_1_F0': 12, 'ID_suffix': 13, 'ID_2_F0': 14, 'ms_senonset': 0, 'ms_verbonset': 0.58, 'ms_1_F0': 0.712190277777777, 'ms_suffix': 1.00214212962962, 'ms_2_F0': 1.07, 'file_name': '21a_mezclar.wav', 'item_id': 21, 'cond': 'a', 'thisN': 24, 'thisTrialN': 24, 'thisRepN': 0}>
3922.3760 	EXP 	Sound test_sound reached end of file
3922.3778 	EXP 	Sound test_sound started
3922.3786 	DATA 	Keypress: left
3922.3889 	EXP 	polygon_2: autoDraw = False
3922.3889 	EXP 	text_3: autoDraw = False
3922.3889 	EXP 	polygon_2: autoDraw = True
3924.3908 	EXP 	Sound test_sound reached end of file
3924.3960 	EXP 	Sound test_sound reached end of file
3924.8674 	EXP 	New trial (rep=0, index=25): <Trial 25 (25 in rep 0) data={'sounds': 'sounds/10d_vender.wav', 'syll': 'CVC', 'stress_unstress': 'Stressed', 'suffix': 'Mismatch', 'present_past': 'past', 'corrAns': 'num_2', 'trigger_item': 0.0, 'trigger_senonset': 0.2, 'trigger_verbsonset': 0.832830209056713, 'trigger_1_F0': 0.8775468199411529, 'trigger_suffix': 1.109501330306288, 'trigger_2_F0': 1.158928471023364, 'ID_item': 101, 'ID_senonset': 40, 'ID_verbonset': 41, 'ID_1_F0': 42, 'ID_suffix': 43, 'ID_2_F0': 44, 'ms_senonset': 0, 'ms_verbonset': 0.632830209056713, 'ms_1_F0': 0.677546819941153, 'ms_suffix': 0.909501330306288, 'ms_2_F0': 0.958928471023364, 'file_name': '10d_vender.wav', 'item_id': 10, 'cond': 'd', 'thisN': 25, 'thisTrialN': 25, 'thisRepN': 0}>
3924.8729 	EXP 	Sound test_sound reached end of file
3924.8775 	EXP 	Sound test_sound started
3924.8765 	DATA 	Keypress: right
3924.8836 	EXP 	polygon_2: autoDraw = False
3924.8836 	EXP 	text_3: autoDraw = False
3924.8836 	EXP 	polygon_2: autoDraw = True
3926.7672 	EXP 	Sound test_sound reached end of file
3926.7792 	EXP 	Sound test_sound reached end of file
3927.4330 	EXP 	New trial (rep=0, index=26): <Trial 26 (26 in rep 0) data={'sounds': 'sounds/08d_filtrar.wav', 'syll': 'CVC', 'stress_unstress': 'Stressed', 'suffix': 'Mismatch', 'present_past': 'past', 'corrAns': 'num_2', 'trigger_item': 0.0, 'trigger_senonset': 0.2, 'trigger_verbsonset': 0.7526856695589441, 'trigger_1_F0': 0.87808115762362, 'trigger_suffix': 1.118901843962886, 'trigger_2_F0': 1.172598812485867, 'ID_item': 101, 'ID_senonset': 40, 'ID_verbonset': 41, 'ID_1_F0': 42, 'ID_suffix': 43, 'ID_2_F0': 44, 'ms_senonset': 0, 'ms_verbonset': 0.552685669558944, 'ms_1_F0': 0.67808115762362, 'ms_suffix': 0.918901843962886, 'ms_2_F0': 0.972598812485867, 'file_name': '08d_filtrar.wav', 'item_id': 8, 'cond': 'd', 'thisN': 26, 'thisTrialN': 26, 'thisRepN': 0}>
3927.4380 	EXP 	Sound test_sound reached end of file
3927.4449 	EXP 	Sound test_sound started
3927.4402 	DATA 	Keypress: left
3927.4483 	EXP 	polygon_2: autoDraw = False
3927.4483 	EXP 	text_3: autoDraw = False
3927.4483 	EXP 	polygon_2: autoDraw = True
3929.1929 	EXP 	Sound test_sound reached end of file
3929.1983 	EXP 	Sound test_sound reached end of file
3929.8851 	EXP 	New trial (rep=0, index=27): <Trial 27 (27 in rep 0) data={'sounds': 'sounds/15b_partir.wav', 'syll': 'CVC', 'stress_unstress': 'Unstressed', 'suffix': 'Mismatch', 'present_past': 'present', 'corrAns': 'num_1', 'trigger_item': 0.0, 'trigger_senonset': 0.2, 'trigger_verbsonset': 0.826865400752314, 'trigger_1_F0': 0.842973894883327, 'trigger_suffix': 1.1042888772729471, 'trigger_2_F0': 1.120815958498066, 'ID_item': 101, 'ID_senonset': 20, 'ID_verbonset': 21, 'ID_1_F0': 22, 'ID_suffix': 23, 'ID_2_F0': 24, 'ms_senonset': 0, 'ms_verbonset': 0.626865400752314, 'ms_1_F0': 0.642973894883327, 'ms_suffix': 0.904288877272947, 'ms_2_F0': 0.920815958498066, 'file_name': '15b_partir.wav', 'item_id': 15, 'cond': 'b', 'thisN': 27, 'thisTrialN': 27, 'thisRepN': 0}>
3929.8927 	EXP 	Sound test_sound reached end of file
3929.8948 	EXP 	Sound test_sound started
3929.8952 	DATA 	Keypress: left
3929.9056 	EXP 	polygon_2: autoDraw = False
3929.9056 	EXP 	text_3: autoDraw = False
3929.9056 	EXP 	polygon_2: autoDraw = True
3931.9442 	EXP 	Sound test_sound reached end of file
3931.9498 	EXP 	Sound test_sound reached end of file
3932.6355 	EXP 	New trial (rep=0, index=28): <Trial 28 (28 in rep 0) data={'sounds': 'sounds/11a_pegar.wav', 'syll': 'CVC', 'stress_unstress': 'Stressed', 'suffix': 'Match', 'present_past': 'present', 'corrAns': 'num_1', 'trigger_item': 0.0, 'trigger_senonset': 0.2, 'trigger_verbsonset': 0.8182808977343741, 'trigger_1_F0': 0.831294515585661, 'trigger_suffix': 0.98, 'trigger_2_F0': 1.012063288108519, 'ID_item': 101, 'ID_senonset': 10, 'ID_verbonset': 11, 'ID_1_F0': 12, 'ID_suffix': 13, 'ID_2_F0': 14, 'ms_senonset': 0, 'ms_verbonset': 0.618280897734374, 'ms_1_F0': 0.631294515585661, 'ms_suffix': 0.78, 'ms_2_F0': 0.812063288108519, 'file_name': '11a_pegar.wav', 'item_id': 11, 'cond': 'a', 'thisN': 28, 'thisTrialN': 28, 'thisRepN': 0}>
3932.6422 	EXP 	Sound test_sound reached end of file
3932.6448 	EXP 	Sound test_sound started
3932.6454 	DATA 	Keypress: right
3932.6547 	EXP 	polygon_2: autoDraw = False
3932.6547 	EXP 	text_3: autoDraw = False
3932.6547 	EXP 	polygon_2: autoDraw = True
3934.5686 	EXP 	Sound test_sound reached end of file
3934.5782 	EXP 	Sound test_sound reached end of file
3935.1347 	EXP 	New trial (rep=0, index=29): <Trial 29 (29 in rep 0) data={'sounds': 'sounds/13c_montar.wav', 'syll': 'CVC', 'stress_unstress': 'Unstressed', 'suffix': 'Match', 'present_past': 'past', 'corrAns': 'num_2', 'trigger_item': 0.0, 'trigger_senonset': 0.2, 'trigger_verbsonset': 0.8800000000000001, 'trigger_1_F0': 0.98, 'trigger_suffix': 1.24543012152777, 'trigger_2_F0': 1.2594709201388798, 'ID_item': 101, 'ID_senonset': 30, 'ID_verbonset': 31, 'ID_1_F0': 32, 'ID_suffix': 33, 'ID_2_F0': 34, 'ms_senonset': 0, 'ms_verbonset': 0.68, 'ms_1_F0': 0.78, 'ms_suffix': 1.04543012152777, 'ms_2_F0': 1.05947092013888, 'file_name': '13c_montar.wav', 'item_id': 13, 'cond': 'c', 'thisN': 29, 'thisTrialN': 29, 'thisRepN': 0}>
3935.1414 	EXP 	Sound test_sound reached end of file
3935.1448 	EXP 	Sound test_sound started
3935.1439 	DATA 	Keypress: right
3935.1526 	EXP 	polygon_2: autoDraw = False
3935.1526 	EXP 	text_3: autoDraw = False
3935.1526 	EXP 	polygon_2: autoDraw = True
3937.4257 	EXP 	Sound test_sound reached end of file
3937.4317 	EXP 	Sound test_sound reached end of file
3937.8194 	DATA 	Keypress: left
3937.8278 	EXP 	polygon_2: autoDraw = False
3937.8278 	EXP 	text_3: autoDraw = True
3945.3151 	EXP 	New trial (rep=0, index=30): <Trial 30 (30 in rep 0) data={'sounds': 'sounds/35b_secar.wav', 'syll': 'CVC', 'stress_unstress': 'Unstressed', 'suffix': 'Mismatch', 'present_past': 'present', 'corrAns': 'num_1', 'trigger_item': 0.0, 'trigger_senonset': 0.2, 'trigger_verbsonset': 0.8990044921875, 'trigger_1_F0': 1.025708658854166, 'trigger_suffix': 1.179689416956018, 'trigger_2_F0': 1.20652606336805, 'ID_item': 101, 'ID_senonset': 20, 'ID_verbonset': 21, 'ID_1_F0': 22, 'ID_suffix': 23, 'ID_2_F0': 24, 'ms_senonset': 0, 'ms_verbonset': 0.6990044921875, 'ms_1_F0': 0.825708658854166, 'ms_suffix': 0.979689416956018, 'ms_2_F0': 1.00652606336805, 'file_name': '35b_secar.wav', 'item_id': 35, 'cond': 'b', 'thisN': 30, 'thisTrialN': 30, 'thisRepN': 0}>
3945.3227 	EXP 	Sound test_sound reached end of file
3945.3289 	EXP 	Sound test_sound started
3945.3268 	DATA 	Keypress: space
3945.3331 	EXP 	text_3: autoDraw = False
3945.3331 	EXP 	polygon_2: autoDraw = True
3947.4463 	EXP 	Sound test_sound reached end of file
3947.4624 	EXP 	Sound test_sound reached end of file
3947.6848 	EXP 	New trial (rep=0, index=31): <Trial 31 (31 in rep 0) data={'sounds': 'sounds/24d_mirar.wav', 'syll': 'CVC', 'stress_unstress': 'Stressed', 'suffix': 'Mismatch', 'present_past': 'past', 'corrAns': 'num_2', 'trigger_item': 0.0, 'trigger_senonset': 0.2, 'trigger_verbsonset': 0.71, 'trigger_1_F0': 0.8119545789930551, 'trigger_suffix': 0.9389863642939812, 'trigger_2_F0': 0.9746780743634248, 'ID_item': 101, 'ID_senonset': 40, 'ID_verbonset': 41, 'ID_1_F0': 42, 'ID_suffix': 43, 'ID_2_F0': 44, 'ms_senonset': 0, 'ms_verbonset': 0.51, 'ms_1_F0': 0.611954578993055, 'ms_suffix': 0.738986364293981, 'ms_2_F0': 0.774678074363425, 'file_name': '24d_mirar.wav', 'item_id': 24, 'cond': 'd', 'thisN': 31, 'thisTrialN': 31, 'thisRepN': 0}>
3947.6941 	EXP 	Sound test_sound reached end of file
3947.6949 	EXP 	Sound test_sound started
3947.6967 	DATA 	Keypress: right
3947.7051 	EXP 	polygon_2: autoDraw = False
3947.7051 	EXP 	text_3: autoDraw = False
3947.7051 	EXP 	polygon_2: autoDraw = True
3949.3790 	EXP 	Sound test_sound reached end of file
3949.3953 	EXP 	Sound test_sound reached end of file
3949.7521 	EXP 	New trial (rep=0, index=32): <Trial 32 (32 in rep 0) data={'sounds': 'sounds/16a_llevar.wav', 'syll': 'CVC', 'stress_unstress': 'Stressed', 'suffix': 'Match', 'present_past': 'present', 'corrAns': 'num_1', 'trigger_item': 0.0, 'trigger_senonset': 0.2, 'trigger_verbsonset': 0.929084516317274, 'trigger_1_F0': 0.964936524692279, 'trigger_suffix': 1.08, 'trigger_2_F0': 1.131864014418682, 'ID_item': 101, 'ID_senonset': 10, 'ID_verbonset': 11, 'ID_1_F0': 12, 'ID_suffix': 13, 'ID_2_F0': 14, 'ms_senonset': 0, 'ms_verbonset': 0.729084516317274, 'ms_1_F0': 0.764936524692279, 'ms_suffix': 0.88, 'ms_2_F0': 0.931864014418682, 'file_name': '16a_llevar.wav', 'item_id': 16, 'cond': 'a', 'thisN': 32, 'thisTrialN': 32, 'thisRepN': 0}>
3949.7585 	EXP 	Sound test_sound reached end of file
3949.7619 	EXP 	Sound test_sound started
3949.7610 	DATA 	Keypress: left
3949.7691 	EXP 	polygon_2: autoDraw = False
3949.7691 	EXP 	text_3: autoDraw = False
3949.7691 	EXP 	polygon_2: autoDraw = True
3951.6525 	EXP 	Sound test_sound reached end of file
3951.6617 	EXP 	Sound test_sound reached end of file
3951.9699 	EXP 	New trial (rep=0, index=33): <Trial 33 (33 in rep 0) data={'sounds': 'sounds/12a_matar.wav', 'syll': 'CVC', 'stress_unstress': 'Stressed', 'suffix': 'Match', 'present_past': 'present', 'corrAns': 'num_1', 'trigger_item': 0.0, 'trigger_senonset': 0.2, 'trigger_verbsonset': 0.8400000000000001, 'trigger_1_F0': 0.96, 'trigger_suffix': 1.17307472511574, 'trigger_2_F0': 1.186647497106481, 'ID_item': 101, 'ID_senonset': 10, 'ID_verbonset': 11, 'ID_1_F0': 12, 'ID_suffix': 13, 'ID_2_F0': 14, 'ms_senonset': 0, 'ms_verbonset': 0.64, 'ms_1_F0': 0.76, 'ms_suffix': 0.97307472511574, 'ms_2_F0': 0.986647497106481, 'file_name': '12a_matar.wav', 'item_id': 12, 'cond': 'a', 'thisN': 33, 'thisTrialN': 33, 'thisRepN': 0}>
3951.9775 	EXP 	Sound test_sound reached end of file
3951.9786 	EXP 	Sound test_sound started
3951.9803 	DATA 	Keypress: right
3951.9886 	EXP 	polygon_2: autoDraw = False
3951.9886 	EXP 	text_3: autoDraw = False
3951.9886 	EXP 	polygon_2: autoDraw = True
3954.1645 	EXP 	Sound test_sound reached end of file
3954.1787 	EXP 	Sound test_sound reached end of file
3954.6342 	EXP 	New trial (rep=0, index=34): <Trial 34 (34 in rep 0) data={'sounds': 'sounds/23a_tomar.wav', 'syll': 'CVC', 'stress_unstress': 'Stressed', 'suffix': 'Match', 'present_past': 'present', 'corrAns': 'num_1', 'trigger_item': 0.0, 'trigger_senonset': 0.2, 'trigger_verbsonset': 0.9453179615162032, 'trigger_1_F0': 0.95, 'trigger_suffix': 1.08, 'trigger_2_F0': 1.158644495081018, 'ID_item': 101, 'ID_senonset': 10, 'ID_verbonset': 11, 'ID_1_F0': 12, 'ID_suffix': 13, 'ID_2_F0': 14, 'ms_senonset': 0, 'ms_verbonset': 0.745317961516203, 'ms_1_F0': 0.75, 'ms_suffix': 0.88, 'ms_2_F0': 0.958644495081018, 'file_name': '23a_tomar.wav', 'item_id': 23, 'cond': 'a', 'thisN': 34, 'thisTrialN': 34, 'thisRepN': 0}>
3954.6392 	EXP 	Sound test_sound reached end of file
3954.6452 	EXP 	Sound test_sound started
3954.6403 	DATA 	Keypress: right
3954.6492 	EXP 	polygon_2: autoDraw = False
3954.6492 	EXP 	text_3: autoDraw = False
3954.6492 	EXP 	polygon_2: autoDraw = True
3956.5301 	EXP 	Sound test_sound reached end of file
3956.5459 	EXP 	Sound test_sound reached end of file
3957.0525 	EXP 	New trial (rep=0, index=35): <Trial 35 (35 in rep 0) data={'sounds': 'sounds/39b_manchar.wav', 'syll': 'CVC', 'stress_unstress': 'Unstressed', 'suffix': 'Mismatch', 'present_past': 'present', 'corrAns': 'num_1', 'trigger_item': 0.0, 'trigger_senonset': 0.2, 'trigger_verbsonset': 0.81, 'trigger_1_F0': 0.91203755787037, 'trigger_suffix': 1.140584317129629, 'trigger_2_F0': 1.2139708912037, 'ID_item': 101, 'ID_senonset': 20, 'ID_verbonset': 21, 'ID_1_F0': 22, 'ID_suffix': 23, 'ID_2_F0': 24, 'ms_senonset': 0, 'ms_verbonset': 0.61, 'ms_1_F0': 0.71203755787037, 'ms_suffix': 0.940584317129629, 'ms_2_F0': 1.0139708912037, 'file_name': '39b_manchar.wav', 'item_id': 39, 'cond': 'b', 'thisN': 35, 'thisTrialN': 35, 'thisRepN': 0}>
3957.0600 	EXP 	Sound test_sound reached end of file
3957.0620 	EXP 	Sound test_sound started
3957.0620 	DATA 	Keypress: right
3957.0714 	EXP 	polygon_2: autoDraw = False
3957.0714 	EXP 	text_3: autoDraw = False
3957.0714 	EXP 	polygon_2: autoDraw = True
3959.2969 	EXP 	Sound test_sound reached end of file
3959.3121 	EXP 	Sound test_sound reached end of file
3960.0028 	EXP 	New trial (rep=0, index=36): <Trial 36 (36 in rep 0) data={'sounds': 'sounds/28d_parar.wav', 'syll': 'CVC', 'stress_unstress': 'Stressed', 'suffix': 'Mismatch', 'present_past': 'past', 'corrAns': 'num_2', 'trigger_item': 0.0, 'trigger_senonset': 0.2, 'trigger_verbsonset': 0.8458860026041659, 'trigger_1_F0': 0.862313736979166, 'trigger_suffix': 1.018194683159722, 'trigger_2_F0': 1.032797113715277, 'ID_item': 101, 'ID_senonset': 40, 'ID_verbonset': 41, 'ID_1_F0': 42, 'ID_suffix': 43, 'ID_2_F0': 44, 'ms_senonset': 0, 'ms_verbonset': 0.645886002604166, 'ms_1_F0': 0.662313736979166, 'ms_suffix': 0.818194683159722, 'ms_2_F0': 0.832797113715277, 'file_name': '28d_parar.wav', 'item_id': 28, 'cond': 'd', 'thisN': 36, 'thisTrialN': 36, 'thisRepN': 0}>
3960.0088 	EXP 	Sound test_sound reached end of file
3960.0127 	EXP 	Sound test_sound started
3960.0116 	DATA 	Keypress: right
3960.0198 	EXP 	polygon_2: autoDraw = False
3960.0198 	EXP 	text_3: autoDraw = False
3960.0198 	EXP 	polygon_2: autoDraw = True
3961.9152 	EXP 	Sound test_sound reached end of file
3961.9292 	EXP 	Sound test_sound reached end of file
3962.5696 	EXP 	New trial (rep=0, index=37): <Trial 37 (37 in rep 0) data={'sounds': 'sounds/07c_tumbar.wav', 'syll': 'CVC', 'stress_unstress': 'Unstressed', 'suffix': 'Match', 'present_past': 'past', 'corrAns': 'num_2', 'trigger_item': 0.0, 'trigger_senonset': 0.2, 'trigger_verbsonset': 0.9084024930273432, 'trigger_1_F0': 0.9247360728973012, 'trigger_suffix': 1.143289673625005, 'trigger_2_F0': 1.154847989033482, 'ID_item': 101, 'ID_senonset': 30, 'ID_verbonset': 31, 'ID_1_F0': 32, 'ID_suffix': 33, 'ID_2_F0': 34, 'ms_senonset': 0, 'ms_verbonset': 0.708402493027343, 'ms_1_F0': 0.724736072897301, 'ms_suffix': 0.943289673625005, 'ms_2_F0': 0.954847989033482, 'file_name': '07c_tumbar.wav', 'item_id': 7, 'cond': 'c', 'thisN': 37, 'thisTrialN': 37, 'thisRepN': 0}>
3962.5769 	EXP 	Sound test_sound reached end of file
3962.5788 	EXP 	Sound test_sound started
3962.5796 	DATA 	Keypress: left
3962.5896 	EXP 	polygon_2: autoDraw = False
3962.5896 	EXP 	text_3: autoDraw = False
3962.5896 	EXP 	polygon_2: autoDraw = True
3964.5172 	EXP 	Sound test_sound reached end of file
3964.5289 	EXP 	Sound test_sound reached end of file
3965.3027 	EXP 	New trial (rep=0, index=38): <Trial 38 (38 in rep 0) data={'sounds': 'sounds/30a_fundar.wav', 'syll': 'CVC', 'stress_unstress': 'Stressed', 'suffix': 'Match', 'present_past': 'present', 'corrAns': 'num_1', 'trigger_item': 0.0, 'trigger_senonset': 0.2, 'trigger_verbsonset': 0.77, 'trigger_1_F0': 0.91, 'trigger_suffix': 1.112685546875, 'trigger_2_F0': 1.12, 'ID_item': 101, 'ID_senonset': 10, 'ID_verbonset': 11, 'ID_1_F0': 12, 'ID_suffix': 13, 'ID_2_F0': 14, 'ms_senonset': 0, 'ms_verbonset': 0.57, 'ms_1_F0': 0.71, 'ms_suffix': 0.912685546875, 'ms_2_F0': 0.92, 'file_name': '30a_fundar.wav', 'item_id': 30, 'cond': 'a', 'thisN': 38, 'thisTrialN': 38, 'thisRepN': 0}>
3965.3100 	EXP 	Sound test_sound reached end of file
3965.3119 	EXP 	Sound test_sound started
3965.3145 	DATA 	Keypress: left
3965.3228 	EXP 	polygon_2: autoDraw = False
3965.3228 	EXP 	text_3: autoDraw = False
3965.3228 	EXP 	polygon_2: autoDraw = True
3967.4487 	EXP 	Sound test_sound reached end of file
3967.4623 	EXP 	Sound test_sound reached end of file
3968.4171 	EXP 	New trial (rep=0, index=39): <Trial 39 (39 in rep 0) data={'sounds': 'sounds/22d_dejar.wav', 'syll': 'CVC', 'stress_unstress': 'Stressed', 'suffix': 'Mismatch', 'present_past': 'past', 'corrAns': 'num_2', 'trigger_item': 0.0, 'trigger_senonset': 0.2, 'trigger_verbsonset': 0.8500000000000001, 'trigger_1_F0': 1.02, 'trigger_suffix': 1.152543366608796, 'trigger_2_F0': 1.28794346788194, 'ID_item': 101, 'ID_senonset': 40, 'ID_verbonset': 41, 'ID_1_F0': 42, 'ID_suffix': 43, 'ID_2_F0': 44, 'ms_senonset': 0, 'ms_verbonset': 0.65, 'ms_1_F0': 0.82, 'ms_suffix': 0.952543366608796, 'ms_2_F0': 1.08794346788194, 'file_name': '22d_dejar.wav', 'item_id': 22, 'cond': 'd', 'thisN': 39, 'thisTrialN': 39, 'thisRepN': 0}>
3968.4216 	EXP 	Sound test_sound reached end of file
3968.4287 	EXP 	Sound test_sound started
3968.4231 	DATA 	Keypress: right
3968.4316 	EXP 	polygon_2: autoDraw = False
3968.4316 	EXP 	text_3: autoDraw = False
3968.4316 	EXP 	polygon_2: autoDraw = True
3970.4468 	EXP 	Sound test_sound reached end of file
3970.4629 	EXP 	Sound test_sound reached end of file
3970.7375 	DATA 	Keypress: left
3970.7452 	EXP 	polygon_2: autoDraw = False
3970.7452 	EXP 	text_3: autoDraw = False
3970.7452 	EXP 	text_2: autoDraw = True
3992.1013 	DATA 	Keypress: space
3992.2691 	EXP 	text_2: autoDraw = False
3992.2693 	EXP 	LangExperimentstress: status = STOPPED
