41.3318 	WARNING 	User requested fullscreen with size [1536  864], but screen is actually [1920, 1080]. Using actual size
41.5732 	EXP 	Created window1 = Window(allowGUI=False, allowStencil=False, autoLog=True, backendConf=UNKNOWN, backgroundFit=<method-wrapper '__getattribute__' of attributeSetter object at 0x000001EDDE937F40>, backgroundImage=<method-wrapper '__getattribute__' of attributeSetter object at 0x000001EDDE937EE0>, bitsMode=UNKNOWN, blendMode='avg', bpc=(8, 8, 8), color=array([0, 0, 0]), colorSpace='rgb', depthBits=8, fullscr=True, gamma=None, gammaErrorPolicy='raise', infoMsg=UNKNOWN, lms=UNKNOWN, monitor=<psychopy.monitors.calibTools.Monitor object at 0x000001EDE6C14E80>, multiSample=False, name='window1', numSamples=2, pos=[0.0, 0.0], screen=0, size=array([1920, 1080]), stencilBits=0, stereo=False, title='PsychoPy', units='height', useFBO=True, useRetina=False, viewOri=0.0, viewPos=None, viewScale=None, waitBlanking=True, winType='pyglet')
41.5732 	EXP 	window1: backgroundImage = ''
41.5733 	EXP 	window1: backgroundFit = 'none'
41.6483 	EXP 	window1: Attempting to measure frame rate of screen (0) ...
41.6484 	EXP 	window1: recordFrameIntervals = False
41.8207 	EXP 	window1: recordFrameIntervals = True
42.0043 	EXP 	Screen (0) actual frame rate measured at 59.98Hz
42.0043 	EXP 	window1: recordFrameIntervals = False
44.7108 	EXP 	LangExperimentstress: status = STARTED
44.8055 	EXP 	Created instr = TextStim(__class__=<class 'psychopy.visual.text.TextStim'>, alignHoriz=method-wrapper(...), alignText='center', alignVert=method-wrapper(...), anchorHoriz='center', anchorVert='center', antialias=True, autoDraw=False, autoLog=True, bold=False, color=array([1., 1., 1.]), colorSpace='rgb', contrast=1.0, depth=0.0, draggable=False, flipHoriz=False, flipVert=False, font='Arial', fontFiles=[], height=0.08, italic=False, languageStyle='LTR', name='instr', opacity=1, ori=0, pos=array([0., 0.]), rgb=UNKNOWN, text=str(...), units='height', win=Window(...), wrapWidth=1)
45.1684 	EXP 	Sound test_sound_2 set volume 1.000
45.1736 	EXP 	Created polygon = ShapeStim(__class__=<class 'psychopy.visual.shape.ShapeStim'>, anchor=('center', 'center'), autoDraw=False, autoLog=True, closeShape=True, color=method-wrapper(...), colorSpace='rgb', contrast=None, depth=-2.0, draggable=False, fillColor=array([-1, -1, -1]), fillColorSpace='rgb', fillRGB=array([-1, -1, -1]), interpolate=True, lineColor=array([-1., -1., -1.]), lineColorSpace='rgb', lineRGB=array([-1, -1, -1]), lineWidth=1, name='polygon', opacity=1, ori=0.0, pos=array([0., 0.]), size=array([0.15, 0.15]), units='height', vertices=ndarray(...), win=Window(...), windingRule=None)
45.1995 	EXP 	Created text_3 = TextStim(__class__=<class 'psychopy.visual.text.TextStim'>, alignHoriz=method-wrapper(...), alignText='center', alignVert=method-wrapper(...), anchorHoriz='center', anchorVert='center', antialias=True, autoDraw=False, autoLog=True, bold=False, color=array([1., 1., 1.]), colorSpace='rgb', contrast=1.0, depth=0.0, draggable=False, flipHoriz=False, flipVert=False, font='Arial', fontFiles=[], height=0.1, italic=False, languageStyle='LTR', name='text_3', opacity=1, ori=0, pos=array([0., 0.]), rgb=UNKNOWN, text=str(...), units='height', win=Window(...), wrapWidth=1)
45.2150 	EXP 	Created instr = TextStim(__class__=<class 'psychopy.visual.text.TextStim'>, alignHoriz=method-wrapper(...), alignText='center', alignVert=method-wrapper(...), anchorHoriz='center', anchorVert='center', antialias=True, autoDraw=False, autoLog=True, bold=False, color=array([1., 1., 1.]), colorSpace='rgb', contrast=1.0, depth=0.0, draggable=False, flipHoriz=False, flipVert=False, font='Arial', fontFiles=[], height=0.08, italic=False, languageStyle='LTR', name='instr', opacity=1, ori=0, pos=array([0., 0.]), rgb=UNKNOWN, text=str(...), units='height', win=Window(...), wrapWidth=1)
45.4016 	EXP 	Sound test_sound set volume 1.000
45.4031 	EXP 	Created polygon_2 = ShapeStim(__class__=<class 'psychopy.visual.shape.ShapeStim'>, anchor=('center', 'center'), autoDraw=False, autoLog=True, closeShape=True, color=method-wrapper(...), colorSpace='rgb', contrast=None, depth=-2.0, draggable=False, fillColor=array([-1, -1, -1]), fillColorSpace='rgb', fillRGB=array([-1, -1, -1]), interpolate=True, lineColor=array([-1., -1., -1.]), lineColorSpace='rgb', lineRGB=array([-1, -1, -1]), lineWidth=1, name='polygon_2', opacity=1, ori=0.0, pos=array([0., 0.]), size=array([0.15, 0.15]), units='height', vertices=ndarray(...), win=Window(...), windingRule=None)
45.4068 	EXP 	Created text_3 = TextStim(__class__=<class 'psychopy.visual.text.TextStim'>, alignHoriz=method-wrapper(...), alignText='center', alignVert=method-wrapper(...), anchorHoriz='center', anchorVert='center', antialias=True, autoDraw=False, autoLog=True, bold=False, color=array([1., 1., 1.]), colorSpace='rgb', contrast=1.0, depth=0.0, draggable=False, flipHoriz=False, flipVert=False, font='Arial', fontFiles=[], height=0.1, italic=False, languageStyle='LTR', name='text_3', opacity=1, ori=0, pos=array([0., 0.]), rgb=UNKNOWN, text=str(...), units='height', win=Window(...), wrapWidth=1)
45.4172 	EXP 	Created text_2 = TextStim(__class__=<class 'psychopy.visual.text.TextStim'>, alignHoriz=method-wrapper(...), alignText='center', alignVert=method-wrapper(...), anchorHoriz='center', anchorVert='center', antialias=True, autoDraw=False, autoLog=True, bold=False, color=array([1., 1., 1.]), colorSpace='rgb', contrast=1.0, depth=0.0, draggable=False, flipHoriz=False, flipVert=False, font='Arial', fontFiles=[], height=0.1, italic=False, languageStyle='LTR', name='text_2', opacity=1, ori=0, pos=array([0., 0.]), rgb=UNKNOWN, text=str(...), units='height', win=Window(...), wrapWidth=1)
0.0199 	EXP 	instr: autoDraw = True
2897.9668 	EXP 	Imported selected_practice.csv as conditions, 4 conditions, 27 params
2897.9672 	EXP 	New trial (rep=0, index=0): <Trial 0 (0 in rep 0) data={'sounds': 'sounds/p2b_cortar.wav', 'syll': 'CVC', 'stress_unstress': 'Unstressed', 'suffix': 'Mismatch', 'present_past': 'present', 'corrAns': 'num_1', 'trigger_item': 0.0, 'trigger_senonset': 0.205513, 'trigger_verbsonset': 0.8629519999999999, 'trigger_1_F0': 0.984841, 'trigger_suffix': 1.219715, 'trigger_2_F0': 1.27, 'ID_item': 101, 'ID_senonset': 20, 'ID_verbonset': 21, 'ID_1_F0': 22, 'ID_suffix': 23, 'ID_2_F0': 24, 'ms_senonset': 0.005513, 'ms_verbonset': 0.662952, 'ms_1_F0': 0.784841, 'ms_suffix': 1.019715, 'ms_2_F0': 1.07, 'file_name': 'p2b_cortar.wav', 'sentence': 'p2', 'cond': 'b', 'combo': 'p2b', 'thisN': 0, 'thisTrialN': 0, 'thisRepN': 0}>
2897.9702 	EXP 	Sound test_sound_2 reached end of file
2897.9836 	EXP 	Sound test_sound_2 started
2897.9715 	DATA 	Keypress: space
2897.9809 	EXP 	instr: autoDraw = False
2897.9809 	EXP 	polygon: autoDraw = True
2900.2217 	EXP 	Sound test_sound_2 reached end of file
2900.2341 	EXP 	Sound test_sound_2 reached end of file
2902.4880 	EXP 	New trial (rep=0, index=1): <Trial 1 (1 in rep 0) data={'sounds': 'sounds/p4d_cortar.wav', 'syll': 'CVC', 'stress_unstress': 'Stressed', 'suffix': 'Mismatch', 'present_past': 'past', 'corrAns': 'num_2', 'trigger_item': 0.0, 'trigger_senonset': 0.205513, 'trigger_verbsonset': 0.8629519999999999, 'trigger_1_F0': 0.984841, 'trigger_suffix': 1.219715, 'trigger_2_F0': 1.27, 'ID_item': 101, 'ID_senonset': 40, 'ID_verbonset': 41, 'ID_1_F0': 42, 'ID_suffix': 43, 'ID_2_F0': 44, 'ms_senonset': 0.005513, 'ms_verbonset': 0.662952, 'ms_1_F0': 0.784841, 'ms_suffix': 1.019715, 'ms_2_F0': 1.07, 'file_name': 'p4d_cortar.wav', 'sentence': 'p4', 'cond': 'd', 'combo': 'p4d', 'thisN': 1, 'thisTrialN': 1, 'thisRepN': 0}>
2902.4919 	EXP 	Sound test_sound_2 reached end of file
2902.5000 	EXP 	Sound test_sound_2 started
2902.4937 	DATA 	Keypress: right
2902.5024 	EXP 	polygon: autoDraw = False
2902.5024 	EXP 	text_3: autoDraw = False
2902.5024 	EXP 	polygon: autoDraw = True
2904.9964 	EXP 	Sound test_sound_2 reached end of file
2905.0018 	EXP 	Sound test_sound_2 reached end of file
2906.1384 	DATA 	Keypress: left
2906.1561 	EXP 	New trial (rep=0, index=2): <Trial 2 (2 in rep 0) data={'sounds': 'sounds/p1a_saltar.wav', 'syll': 'CVC', 'stress_unstress': 'Stressed', 'suffix': 'Match', 'present_past': 'present', 'corrAns': 'num_1', 'trigger_item': 0.0, 'trigger_senonset': 0.205513, 'trigger_verbsonset': 0.8629519999999999, 'trigger_1_F0': 0.984841, 'trigger_suffix': 1.219715, 'trigger_2_F0': 1.27, 'ID_item': 101, 'ID_senonset': 10, 'ID_verbonset': 11, 'ID_1_F0': 12, 'ID_suffix': 13, 'ID_2_F0': 14, 'ms_senonset': 0.005513, 'ms_verbonset': 0.662952, 'ms_1_F0': 0.784841, 'ms_suffix': 1.019715, 'ms_2_F0': 1.07, 'file_name': 'p1a_saltar.wav', 'sentence': 'p1', 'cond': 'a', 'combo': 'p1a', 'thisN': 2, 'thisTrialN': 2, 'thisRepN': 0}>
2906.1605 	EXP 	Sound test_sound_2 reached end of file
2906.1671 	EXP 	Sound test_sound_2 started
2906.1700 	EXP 	polygon: autoDraw = False
2906.1700 	EXP 	text_3: autoDraw = False
2906.1700 	EXP 	polygon: autoDraw = True
2908.3879 	EXP 	Sound test_sound_2 reached end of file
2908.4006 	EXP 	Sound test_sound_2 reached end of file
2909.9710 	DATA 	Keypress: right
2909.9910 	EXP 	New trial (rep=0, index=3): <Trial 3 (3 in rep 0) data={'sounds': 'sounds/p3c_saltar.wav', 'syll': 'CVC', 'stress_unstress': 'Unstressed', 'suffix': 'Match', 'present_past': 'past', 'corrAns': 'num_2', 'trigger_item': 0.0, 'trigger_senonset': 0.205513, 'trigger_verbsonset': 0.8629519999999999, 'trigger_1_F0': 0.984841, 'trigger_suffix': 1.219715, 'trigger_2_F0': 1.27, 'ID_item': 101, 'ID_senonset': 30, 'ID_verbonset': 31, 'ID_1_F0': 32, 'ID_suffix': 33, 'ID_2_F0': 34, 'ms_senonset': 0.005513, 'ms_verbonset': 0.662952, 'ms_1_F0': 0.784841, 'ms_suffix': 1.019715, 'ms_2_F0': 1.07, 'file_name': 'p3c_saltar.wav', 'sentence': 'p3', 'cond': 'c', 'combo': 'p3c', 'thisN': 3, 'thisTrialN': 3, 'thisRepN': 0}>
2909.9958 	EXP 	Sound test_sound_2 reached end of file
2910.0006 	EXP 	Sound test_sound_2 started
2910.0061 	EXP 	polygon: autoDraw = False
2910.0061 	EXP 	text_3: autoDraw = False
2910.0061 	EXP 	polygon: autoDraw = True
2912.0644 	EXP 	Sound test_sound_2 reached end of file
2912.0698 	EXP 	Sound test_sound_2 reached end of file
2914.3602 	DATA 	Keypress: left
2914.3674 	EXP 	polygon: autoDraw = False
2914.3674 	EXP 	text_3: autoDraw = False
2914.3674 	EXP 	instr: autoDraw = True
3015.9862 	EXP 	Imported selected_trials.csv as conditions, 40 conditions, 26 params
3015.9868 	EXP 	New trial (rep=0, index=0): <Trial 0 (0 in rep 0) data={'sounds': 'sounds/35b_secar.wav', 'syll': 'CVC', 'stress_unstress': 'Unstressed', 'suffix': 'Mismatch', 'present_past': 'present', 'corrAns': 'num_1', 'trigger_item': 0.0, 'trigger_senonset': 0.2, 'trigger_verbsonset': 0.8990044921875, 'trigger_1_F0': 1.025708658854166, 'trigger_suffix': 1.179689416956018, 'trigger_2_F0': 1.20652606336805, 'ID_item': 101, 'ID_senonset': 20, 'ID_verbonset': 21, 'ID_1_F0': 22, 'ID_suffix': 23, 'ID_2_F0': 24, 'ms_senonset': 0, 'ms_verbonset': 0.6990044921875, 'ms_1_F0': 0.825708658854166, 'ms_suffix': 0.979689416956018, 'ms_2_F0': 1.00652606336805, 'file_name': '35b_secar.wav', 'item_id': 35, 'cond': 'b', 'thisN': 0, 'thisTrialN': 0, 'thisRepN': 0}>
3015.9894 	EXP 	Sound test_sound reached end of file
3016.0027 	EXP 	Sound test_sound started
3015.9913 	DATA 	Keypress: space
3016.0001 	EXP 	instr: autoDraw = False
3016.0001 	EXP 	polygon_2: autoDraw = True
3018.1200 	EXP 	Sound test_sound reached end of file
3018.1367 	EXP 	Sound test_sound reached end of file
3021.1269 	EXP 	New trial (rep=0, index=1): <Trial 1 (1 in rep 0) data={'sounds': 'sounds/05a_fumar.wav', 'syll': 'CVC', 'stress_unstress': 'Stressed', 'suffix': 'Match', 'present_past': 'present', 'corrAns': 'num_1', 'trigger_item': 0.0, 'trigger_senonset': 0.2, 'trigger_verbsonset': 1.15, 'trigger_1_F0': 1.36712555700231, 'trigger_suffix': 1.48, 'trigger_2_F0': 1.56308830295138, 'ID_item': 101, 'ID_senonset': 10, 'ID_verbonset': 11, 'ID_1_F0': 12, 'ID_suffix': 13, 'ID_2_F0': 14, 'ms_senonset': 0, 'ms_verbonset': 0.95, 'ms_1_F0': 1.16712555700231, 'ms_suffix': 1.28, 'ms_2_F0': 1.36308830295138, 'file_name': '05a_fumar.wav', 'item_id': 5, 'cond': 'a', 'thisN': 1, 'thisTrialN': 1, 'thisRepN': 0}>
3021.1326 	EXP 	Sound test_sound reached end of file
3021.1365 	EXP 	Sound test_sound started
3021.1354 	DATA 	Keypress: right
3021.1431 	EXP 	polygon_2: autoDraw = False
3021.1431 	EXP 	text_3: autoDraw = False
3021.1431 	EXP 	polygon_2: autoDraw = True
3023.4859 	EXP 	Sound test_sound reached end of file
3023.4911 	EXP 	Sound test_sound reached end of file
3025.4603 	EXP 	New trial (rep=0, index=2): <Trial 2 (2 in rep 0) data={'sounds': 'sounds/39b_manchar.wav', 'syll': 'CVC', 'stress_unstress': 'Unstressed', 'suffix': 'Mismatch', 'present_past': 'present', 'corrAns': 'num_1', 'trigger_item': 0.0, 'trigger_senonset': 0.2, 'trigger_verbsonset': 0.81, 'trigger_1_F0': 0.91203755787037, 'trigger_suffix': 1.140584317129629, 'trigger_2_F0': 1.2139708912037, 'ID_item': 101, 'ID_senonset': 20, 'ID_verbonset': 21, 'ID_1_F0': 22, 'ID_suffix': 23, 'ID_2_F0': 24, 'ms_senonset': 0, 'ms_verbonset': 0.61, 'ms_1_F0': 0.71203755787037, 'ms_suffix': 0.940584317129629, 'ms_2_F0': 1.0139708912037, 'file_name': '39b_manchar.wav', 'item_id': 39, 'cond': 'b', 'thisN': 2, 'thisTrialN': 2, 'thisRepN': 0}>
3025.4646 	EXP 	Sound test_sound reached end of file
3025.4699 	EXP 	Sound test_sound started
3025.4670 	DATA 	Keypress: right
3025.4758 	EXP 	polygon_2: autoDraw = False
3025.4758 	EXP 	text_3: autoDraw = False
3025.4758 	EXP 	polygon_2: autoDraw = True
3027.6975 	EXP 	Sound test_sound reached end of file
3027.7048 	EXP 	Sound test_sound reached end of file
3030.7605 	EXP 	New trial (rep=0, index=3): <Trial 3 (3 in rep 0) data={'sounds': 'sounds/07c_tumbar.wav', 'syll': 'CVC', 'stress_unstress': 'Unstressed', 'suffix': 'Match', 'present_past': 'past', 'corrAns': 'num_2', 'trigger_item': 0.0, 'trigger_senonset': 0.2, 'trigger_verbsonset': 0.9084024930273432, 'trigger_1_F0': 0.9247360728973012, 'trigger_suffix': 1.143289673625005, 'trigger_2_F0': 1.154847989033482, 'ID_item': 101, 'ID_senonset': 30, 'ID_verbonset': 31, 'ID_1_F0': 32, 'ID_suffix': 33, 'ID_2_F0': 34, 'ms_senonset': 0, 'ms_verbonset': 0.708402493027343, 'ms_1_F0': 0.724736072897301, 'ms_suffix': 0.943289673625005, 'ms_2_F0': 0.954847989033482, 'file_name': '07c_tumbar.wav', 'item_id': 7, 'cond': 'c', 'thisN': 3, 'thisTrialN': 3, 'thisRepN': 0}>
3030.7650 	EXP 	Sound test_sound reached end of file
3030.7702 	EXP 	Sound test_sound started
3030.7685 	DATA 	Keypress: right
3030.7768 	EXP 	polygon_2: autoDraw = False
3030.7768 	EXP 	text_3: autoDraw = False
3030.7768 	EXP 	polygon_2: autoDraw = True
3032.6979 	EXP 	Sound test_sound reached end of file
3032.7040 	EXP 	Sound test_sound reached end of file
3035.5934 	EXP 	New trial (rep=0, index=4): <Trial 4 (4 in rep 0) data={'sounds': 'sounds/21a_mezclar.wav', 'syll': 'CVC', 'stress_unstress': 'Stressed', 'suffix': 'Match', 'present_past': 'present', 'corrAns': 'num_1', 'trigger_item': 0.0, 'trigger_senonset': 0.2, 'trigger_verbsonset': 0.78, 'trigger_1_F0': 0.9121902777777772, 'trigger_suffix': 1.20214212962962, 'trigger_2_F0': 1.27, 'ID_item': 101, 'ID_senonset': 10, 'ID_verbonset': 11, 'ID_1_F0': 12, 'ID_suffix': 13, 'ID_2_F0': 14, 'ms_senonset': 0, 'ms_verbonset': 0.58, 'ms_1_F0': 0.712190277777777, 'ms_suffix': 1.00214212962962, 'ms_2_F0': 1.07, 'file_name': '21a_mezclar.wav', 'item_id': 21, 'cond': 'a', 'thisN': 4, 'thisTrialN': 4, 'thisRepN': 0}>
3035.5978 	EXP 	Sound test_sound reached end of file
3035.6042 	EXP 	Sound test_sound started
3035.6002 	DATA 	Keypress: left
3035.6089 	EXP 	polygon_2: autoDraw = False
3035.6089 	EXP 	text_3: autoDraw = False
3035.6089 	EXP 	polygon_2: autoDraw = True
3037.6017 	EXP 	Sound test_sound reached end of file
3037.6075 	EXP 	Sound test_sound reached end of file
3038.0061 	EXP 	New trial (rep=0, index=5): <Trial 5 (5 in rep 0) data={'sounds': 'sounds/32d_pulsar.wav', 'syll': 'CVC', 'stress_unstress': 'Stressed', 'suffix': 'Mismatch', 'present_past': 'past', 'corrAns': 'num_2', 'trigger_item': 0.0, 'trigger_senonset': 0.2, 'trigger_verbsonset': 0.796440212673611, 'trigger_1_F0': 0.8294641710069439, 'trigger_suffix': 0.99, 'trigger_2_F0': 1.097783832465277, 'ID_item': 101, 'ID_senonset': 40, 'ID_verbonset': 41, 'ID_1_F0': 42, 'ID_suffix': 43, 'ID_2_F0': 44, 'ms_senonset': 0, 'ms_verbonset': 0.596440212673611, 'ms_1_F0': 0.629464171006944, 'ms_suffix': 0.79, 'ms_2_F0': 0.897783832465277, 'file_name': '32d_pulsar.wav', 'item_id': 32, 'cond': 'd', 'thisN': 5, 'thisTrialN': 5, 'thisRepN': 0}>
3038.0086 	EXP 	Sound test_sound reached end of file
3038.0194 	EXP 	Sound test_sound started
3038.0099 	DATA 	Keypress: right
3038.0214 	EXP 	polygon_2: autoDraw = False
3038.0214 	EXP 	text_3: autoDraw = False
3038.0214 	EXP 	polygon_2: autoDraw = True
3039.8155 	EXP 	Sound test_sound reached end of file
3039.8210 	EXP 	Sound test_sound reached end of file
3042.4446 	EXP 	New trial (rep=0, index=6): <Trial 6 (6 in rep 0) data={'sounds': 'sounds/26a_bajar.wav', 'syll': 'CVC', 'stress_unstress': 'Stressed', 'suffix': 'Match', 'present_past': 'present', 'corrAns': 'num_1', 'trigger_item': 0.0, 'trigger_senonset': 0.2, 'trigger_verbsonset': 0.77, 'trigger_1_F0': 0.8999999999999999, 'trigger_suffix': 1.03, 'trigger_2_F0': 1.171181705729166, 'ID_item': 101, 'ID_senonset': 10, 'ID_verbonset': 11, 'ID_1_F0': 12, 'ID_suffix': 13, 'ID_2_F0': 14, 'ms_senonset': 0, 'ms_verbonset': 0.57, 'ms_1_F0': 0.7, 'ms_suffix': 0.83, 'ms_2_F0': 0.971181705729166, 'file_name': '26a_bajar.wav', 'item_id': 26, 'cond': 'a', 'thisN': 6, 'thisTrialN': 6, 'thisRepN': 0}>
3042.4497 	EXP 	Sound test_sound reached end of file
3042.4539 	EXP 	Sound test_sound started
3042.4524 	DATA 	Keypress: left
3042.4613 	EXP 	polygon_2: autoDraw = False
3042.4613 	EXP 	text_3: autoDraw = False
3042.4613 	EXP 	polygon_2: autoDraw = True
3044.5085 	EXP 	Sound test_sound reached end of file
3044.5200 	EXP 	Sound test_sound reached end of file
3045.7438 	EXP 	New trial (rep=0, index=7): <Trial 7 (7 in rep 0) data={'sounds': 'sounds/28d_parar.wav', 'syll': 'CVC', 'stress_unstress': 'Stressed', 'suffix': 'Mismatch', 'present_past': 'past', 'corrAns': 'num_2', 'trigger_item': 0.0, 'trigger_senonset': 0.2, 'trigger_verbsonset': 0.8458860026041659, 'trigger_1_F0': 0.862313736979166, 'trigger_suffix': 1.018194683159722, 'trigger_2_F0': 1.032797113715277, 'ID_item': 101, 'ID_senonset': 40, 'ID_verbonset': 41, 'ID_1_F0': 42, 'ID_suffix': 43, 'ID_2_F0': 44, 'ms_senonset': 0, 'ms_verbonset': 0.645886002604166, 'ms_1_F0': 0.662313736979166, 'ms_suffix': 0.818194683159722, 'ms_2_F0': 0.832797113715277, 'file_name': '28d_parar.wav', 'item_id': 28, 'cond': 'd', 'thisN': 7, 'thisTrialN': 7, 'thisRepN': 0}>
3045.7485 	EXP 	Sound test_sound reached end of file
3045.7535 	EXP 	Sound test_sound started
3045.7524 	DATA 	Keypress: right
3045.7597 	EXP 	polygon_2: autoDraw = False
3045.7597 	EXP 	text_3: autoDraw = False
3045.7597 	EXP 	polygon_2: autoDraw = True
3047.6578 	EXP 	Sound test_sound reached end of file
3047.6702 	EXP 	Sound test_sound reached end of file
3048.6405 	DATA 	Keypress: left
3048.6608 	EXP 	New trial (rep=0, index=8): <Trial 8 (8 in rep 0) data={'sounds': 'sounds/34c_formar.wav', 'syll': 'CVC', 'stress_unstress': 'Unstressed', 'suffix': 'Match', 'present_past': 'past', 'corrAns': 'num_2', 'trigger_item': 0.0, 'trigger_senonset': 0.2, 'trigger_verbsonset': 0.876373676215277, 'trigger_1_F0': 0.992687651909722, 'trigger_suffix': 1.14, 'trigger_2_F0': 1.26319767795138, 'ID_item': 101, 'ID_senonset': 30, 'ID_verbonset': 31, 'ID_1_F0': 32, 'ID_suffix': 33, 'ID_2_F0': 34, 'ms_senonset': 0, 'ms_verbonset': 0.676373676215277, 'ms_1_F0': 0.792687651909722, 'ms_suffix': 0.94, 'ms_2_F0': 1.06319767795138, 'file_name': '34c_formar.wav', 'item_id': 34, 'cond': 'c', 'thisN': 8, 'thisTrialN': 8, 'thisRepN': 0}>
3048.6656 	EXP 	Sound test_sound reached end of file
3048.6703 	EXP 	Sound test_sound started
3048.6763 	EXP 	polygon_2: autoDraw = False
3048.6763 	EXP 	text_3: autoDraw = False
3048.6763 	EXP 	polygon_2: autoDraw = True
3050.8883 	EXP 	Sound test_sound reached end of file
3050.9041 	EXP 	Sound test_sound reached end of file
3051.3781 	EXP 	New trial (rep=0, index=9): <Trial 9 (9 in rep 0) data={'sounds': 'sounds/06d_soplar.wav', 'syll': 'CVC', 'stress_unstress': 'Stressed', 'suffix': 'Mismatch', 'present_past': 'past', 'corrAns': 'num_2', 'trigger_item': 0.0, 'trigger_senonset': 0.2, 'trigger_verbsonset': 0.761291666666666, 'trigger_1_F0': 0.8899999999999999, 'trigger_suffix': 1.102139687590422, 'trigger_2_F0': 1.166665581687644, 'ID_item': 101, 'ID_senonset': 40, 'ID_verbonset': 41, 'ID_1_F0': 42, 'ID_suffix': 43, 'ID_2_F0': 44, 'ms_senonset': 0, 'ms_verbonset': 0.561291666666666, 'ms_1_F0': 0.69, 'ms_suffix': 0.902139687590422, 'ms_2_F0': 0.966665581687644, 'file_name': '06d_soplar.wav', 'item_id': 6, 'cond': 'd', 'thisN': 9, 'thisTrialN': 9, 'thisRepN': 0}>
3051.3828 	EXP 	Sound test_sound reached end of file
3051.3876 	EXP 	Sound test_sound started
3051.3852 	DATA 	Keypress: left
3051.3932 	EXP 	polygon_2: autoDraw = False
3051.3932 	EXP 	text_3: autoDraw = False
3051.3932 	EXP 	polygon_2: autoDraw = True
3053.2541 	EXP 	Sound test_sound reached end of file
3053.2704 	EXP 	Sound test_sound reached end of file
3055.8641 	DATA 	Keypress: left
3055.8700 	EXP 	polygon_2: autoDraw = False
3055.8700 	EXP 	text_3: autoDraw = True
3066.7903 	EXP 	New trial (rep=0, index=10): <Trial 10 (10 in rep 0) data={'sounds': 'sounds/27c_tirar.wav', 'syll': 'CVC', 'stress_unstress': 'Unstressed', 'suffix': 'Match', 'present_past': 'past', 'corrAns': 'num_2', 'trigger_item': 0.0, 'trigger_senonset': 0.2, 'trigger_verbsonset': 0.8119442057291659, 'trigger_1_F0': 0.8307495153356481, 'trigger_suffix': 0.9885306495949072, 'trigger_2_F0': 0.998621303530092, 'ID_item': 101, 'ID_senonset': 30, 'ID_verbonset': 31, 'ID_1_F0': 32, 'ID_suffix': 33, 'ID_2_F0': 34, 'ms_senonset': 0, 'ms_verbonset': 0.611944205729166, 'ms_1_F0': 0.630749515335648, 'ms_suffix': 0.788530649594907, 'ms_2_F0': 0.798621303530092, 'file_name': '27c_tirar.wav', 'item_id': 27, 'cond': 'c', 'thisN': 10, 'thisTrialN': 10, 'thisRepN': 0}>
3066.7948 	EXP 	Sound test_sound reached end of file
3066.8042 	EXP 	Sound test_sound started
3066.7977 	DATA 	Keypress: space
3066.8067 	EXP 	text_3: autoDraw = False
3066.8067 	EXP 	polygon_2: autoDraw = True
3068.7779 	EXP 	Sound test_sound reached end of file
3068.7871 	EXP 	Sound test_sound reached end of file
3068.8434 	EXP 	New trial (rep=0, index=11): <Trial 11 (11 in rep 0) data={'sounds': 'sounds/30a_fundar.wav', 'syll': 'CVC', 'stress_unstress': 'Stressed', 'suffix': 'Match', 'present_past': 'present', 'corrAns': 'num_1', 'trigger_item': 0.0, 'trigger_senonset': 0.2, 'trigger_verbsonset': 0.77, 'trigger_1_F0': 0.91, 'trigger_suffix': 1.112685546875, 'trigger_2_F0': 1.12, 'ID_item': 101, 'ID_senonset': 10, 'ID_verbonset': 11, 'ID_1_F0': 12, 'ID_suffix': 13, 'ID_2_F0': 14, 'ms_senonset': 0, 'ms_verbonset': 0.57, 'ms_1_F0': 0.71, 'ms_suffix': 0.912685546875, 'ms_2_F0': 0.92, 'file_name': '30a_fundar.wav', 'item_id': 30, 'cond': 'a', 'thisN': 11, 'thisTrialN': 11, 'thisRepN': 0}>
3068.8481 	EXP 	Sound test_sound reached end of file
3068.8542 	EXP 	Sound test_sound started
3068.8517 	DATA 	Keypress: left
3068.8596 	EXP 	polygon_2: autoDraw = False
3068.8596 	EXP 	text_3: autoDraw = False
3068.8596 	EXP 	polygon_2: autoDraw = True
3070.9902 	EXP 	Sound test_sound reached end of file
3071.0043 	EXP 	Sound test_sound reached end of file
3072.6244 	DATA 	Keypress: right
3072.6446 	EXP 	New trial (rep=0, index=12): <Trial 12 (12 in rep 0) data={'sounds': 'sounds/24d_mirar.wav', 'syll': 'CVC', 'stress_unstress': 'Stressed', 'suffix': 'Mismatch', 'present_past': 'past', 'corrAns': 'num_2', 'trigger_item': 0.0, 'trigger_senonset': 0.2, 'trigger_verbsonset': 0.71, 'trigger_1_F0': 0.8119545789930551, 'trigger_suffix': 0.9389863642939812, 'trigger_2_F0': 0.9746780743634248, 'ID_item': 101, 'ID_senonset': 40, 'ID_verbonset': 41, 'ID_1_F0': 42, 'ID_suffix': 43, 'ID_2_F0': 44, 'ms_senonset': 0, 'ms_verbonset': 0.51, 'ms_1_F0': 0.611954578993055, 'ms_suffix': 0.738986364293981, 'ms_2_F0': 0.774678074363425, 'file_name': '24d_mirar.wav', 'item_id': 24, 'cond': 'd', 'thisN': 12, 'thisTrialN': 12, 'thisRepN': 0}>
3072.6491 	EXP 	Sound test_sound reached end of file
3072.6540 	EXP 	Sound test_sound started
3072.6595 	EXP 	polygon_2: autoDraw = False
3072.6595 	EXP 	text_3: autoDraw = False
3072.6595 	EXP 	polygon_2: autoDraw = True
3074.3385 	EXP 	Sound test_sound reached end of file
3074.3547 	EXP 	Sound test_sound reached end of file
3074.6938 	EXP 	New trial (rep=0, index=13): <Trial 13 (13 in rep 0) data={'sounds': 'sounds/16a_llevar.wav', 'syll': 'CVC', 'stress_unstress': 'Stressed', 'suffix': 'Match', 'present_past': 'present', 'corrAns': 'num_1', 'trigger_item': 0.0, 'trigger_senonset': 0.2, 'trigger_verbsonset': 0.929084516317274, 'trigger_1_F0': 0.964936524692279, 'trigger_suffix': 1.08, 'trigger_2_F0': 1.131864014418682, 'ID_item': 101, 'ID_senonset': 10, 'ID_verbonset': 11, 'ID_1_F0': 12, 'ID_suffix': 13, 'ID_2_F0': 14, 'ms_senonset': 0, 'ms_verbonset': 0.729084516317274, 'ms_1_F0': 0.764936524692279, 'ms_suffix': 0.88, 'ms_2_F0': 0.931864014418682, 'file_name': '16a_llevar.wav', 'item_id': 16, 'cond': 'a', 'thisN': 13, 'thisTrialN': 13, 'thisRepN': 0}>
3074.6979 	EXP 	Sound test_sound reached end of file
3074.7040 	EXP 	Sound test_sound started
3074.6993 	DATA 	Keypress: left
3074.7083 	EXP 	polygon_2: autoDraw = False
3074.7083 	EXP 	text_3: autoDraw = False
3074.7083 	EXP 	polygon_2: autoDraw = True
3076.5830 	EXP 	Sound test_sound reached end of file
3076.5891 	EXP 	Sound test_sound reached end of file
3076.8445 	EXP 	New trial (rep=0, index=14): <Trial 14 (14 in rep 0) data={'sounds': 'sounds/37b_pasar.wav', 'syll': 'CVC', 'stress_unstress': 'Unstressed', 'suffix': 'Mismatch', 'present_past': 'present', 'corrAns': 'num_1', 'trigger_item': 0.0, 'trigger_senonset': 0.2, 'trigger_verbsonset': 1.033132486979166, 'trigger_1_F0': 1.052087565104166, 'trigger_suffix': 1.159499674479166, 'trigger_2_F0': 1.27702115885416, 'ID_item': 101, 'ID_senonset': 20, 'ID_verbonset': 21, 'ID_1_F0': 22, 'ID_suffix': 23, 'ID_2_F0': 24, 'ms_senonset': 0, 'ms_verbonset': 0.833132486979166, 'ms_1_F0': 0.852087565104166, 'ms_suffix': 0.959499674479166, 'ms_2_F0': 1.07702115885416, 'file_name': '37b_pasar.wav', 'item_id': 37, 'cond': 'b', 'thisN': 14, 'thisTrialN': 14, 'thisRepN': 0}>
3076.8487 	EXP 	Sound test_sound reached end of file
3076.8542 	EXP 	Sound test_sound started
3076.8509 	DATA 	Keypress: right
3076.8589 	EXP 	polygon_2: autoDraw = False
3076.8589 	EXP 	text_3: autoDraw = False
3076.8589 	EXP 	polygon_2: autoDraw = True
3078.9513 	EXP 	Sound test_sound reached end of file
3078.9571 	EXP 	Sound test_sound reached end of file
3079.5277 	EXP 	New trial (rep=0, index=15): <Trial 15 (15 in rep 0) data={'sounds': 'sounds/02c_buscar.wav', 'syll': 'CVC', 'stress_unstress': 'Unstressed', 'suffix': 'Match', 'present_past': 'past', 'corrAns': 'num_2', 'trigger_item': 0.0, 'trigger_senonset': 0.2, 'trigger_verbsonset': 0.8700000000000001, 'trigger_1_F0': 1.07, 'trigger_suffix': 1.26, 'trigger_2_F0': 1.40703946035879, 'ID_item': 101, 'ID_senonset': 30, 'ID_verbonset': 31, 'ID_1_F0': 32, 'ID_suffix': 33, 'ID_2_F0': 34, 'ms_senonset': 0, 'ms_verbonset': 0.67, 'ms_1_F0': 0.87, 'ms_suffix': 1.06, 'ms_2_F0': 1.20703946035879, 'file_name': '02c_buscar.wav', 'item_id': 2, 'cond': 'c', 'thisN': 15, 'thisTrialN': 15, 'thisRepN': 0}>
3079.5321 	EXP 	Sound test_sound reached end of file
3079.5374 	EXP 	Sound test_sound started
3079.5342 	DATA 	Keypress: right
3079.5423 	EXP 	polygon_2: autoDraw = False
3079.5423 	EXP 	text_3: autoDraw = False
3079.5423 	EXP 	polygon_2: autoDraw = True
3081.6088 	DATA 	Keypress: left
3081.6371 	EXP 	Sound test_sound paused
3081.6413 	EXP 	New trial (rep=0, index=16): <Trial 16 (16 in rep 0) data={'sounds': 'sounds/01d_salvar.wav', 'syll': 'CVC', 'stress_unstress': 'Stressed', 'suffix': 'Mismatch', 'present_past': 'past', 'corrAns': 'num_2', 'trigger_item': 0.0, 'trigger_senonset': 0.2, 'trigger_verbsonset': 0.8500000000000001, 'trigger_1_F0': 0.996069502314814, 'trigger_suffix': 1.23, 'trigger_2_F0': 1.29, 'ID_item': 101, 'ID_senonset': 40, 'ID_verbonset': 41, 'ID_1_F0': 42, 'ID_suffix': 43, 'ID_2_F0': 44, 'ms_senonset': 0, 'ms_verbonset': 0.65, 'ms_1_F0': 0.796069502314814, 'ms_suffix': 1.03, 'ms_2_F0': 1.09, 'file_name': '01d_salvar.wav', 'item_id': 1, 'cond': 'd', 'thisN': 16, 'thisTrialN': 16, 'thisRepN': 0}>
3081.6454 	EXP 	Sound test_sound reached end of file
3081.6541 	EXP 	Sound test_sound started
3081.6563 	EXP 	polygon_2: autoDraw = False
3081.6563 	EXP 	text_3: autoDraw = False
3081.6563 	EXP 	polygon_2: autoDraw = True
3083.6885 	EXP 	Sound test_sound reached end of file
3083.7046 	EXP 	Sound test_sound reached end of file
3083.8241 	DATA 	Keypress: left
3083.8444 	EXP 	New trial (rep=0, index=17): <Trial 17 (17 in rep 0) data={'sounds': 'sounds/25b_ganar.wav', 'syll': 'CVC', 'stress_unstress': 'Unstressed', 'suffix': 'Mismatch', 'present_past': 'present', 'corrAns': 'num_1', 'trigger_item': 0.0, 'trigger_senonset': 0.2, 'trigger_verbsonset': 1.152097938368055, 'trigger_1_F0': 1.15990068760488, 'trigger_suffix': 1.28904165650454, 'trigger_2_F0': 1.37272500435153, 'ID_item': 101, 'ID_senonset': 20, 'ID_verbonset': 21, 'ID_1_F0': 22, 'ID_suffix': 23, 'ID_2_F0': 24, 'ms_senonset': 0, 'ms_verbonset': 0.952097938368055, 'ms_1_F0': 0.95990068760488, 'ms_suffix': 1.08904165650454, 'ms_2_F0': 1.17272500435153, 'file_name': '25b_ganar.wav', 'item_id': 25, 'cond': 'b', 'thisN': 17, 'thisTrialN': 17, 'thisRepN': 0}>
3083.8499 	EXP 	Sound test_sound reached end of file
3083.8542 	EXP 	Sound test_sound started
3083.8620 	EXP 	polygon_2: autoDraw = False
3083.8620 	EXP 	text_3: autoDraw = False
3083.8620 	EXP 	polygon_2: autoDraw = True
3086.1797 	EXP 	Sound test_sound reached end of file
3086.1879 	EXP 	Sound test_sound reached end of file
3086.3451 	EXP 	New trial (rep=0, index=18): <Trial 18 (18 in rep 0) data={'sounds': 'sounds/19a_marcar.wav', 'syll': 'CVC', 'stress_unstress': 'Stressed', 'suffix': 'Match', 'present_past': 'present', 'corrAns': 'num_1', 'trigger_item': 0.0, 'trigger_senonset': 0.2, 'trigger_verbsonset': 0.8400000000000001, 'trigger_1_F0': 0.97, 'trigger_suffix': 1.245718359375, 'trigger_2_F0': 1.273519140625, 'ID_item': 101, 'ID_senonset': 10, 'ID_verbonset': 11, 'ID_1_F0': 12, 'ID_suffix': 13, 'ID_2_F0': 14, 'ms_senonset': 0, 'ms_verbonset': 0.64, 'ms_1_F0': 0.77, 'ms_suffix': 1.045718359375, 'ms_2_F0': 1.073519140625, 'file_name': '19a_marcar.wav', 'item_id': 19, 'cond': 'a', 'thisN': 18, 'thisTrialN': 18, 'thisRepN': 0}>
3086.3492 	EXP 	Sound test_sound reached end of file
3086.3547 	EXP 	Sound test_sound started
3086.3523 	DATA 	Keypress: right
3086.3611 	EXP 	polygon_2: autoDraw = False
3086.3611 	EXP 	text_3: autoDraw = False
3086.3611 	EXP 	polygon_2: autoDraw = True
3088.2388 	EXP 	Sound test_sound reached end of file
3088.2547 	EXP 	Sound test_sound reached end of file
3088.6273 	EXP 	New trial (rep=0, index=19): <Trial 19 (19 in rep 0) data={'sounds': 'sounds/22d_dejar.wav', 'syll': 'CVC', 'stress_unstress': 'Stressed', 'suffix': 'Mismatch', 'present_past': 'past', 'corrAns': 'num_2', 'trigger_item': 0.0, 'trigger_senonset': 0.2, 'trigger_verbsonset': 0.8500000000000001, 'trigger_1_F0': 1.02, 'trigger_suffix': 1.152543366608796, 'trigger_2_F0': 1.28794346788194, 'ID_item': 101, 'ID_senonset': 40, 'ID_verbonset': 41, 'ID_1_F0': 42, 'ID_suffix': 43, 'ID_2_F0': 44, 'ms_senonset': 0, 'ms_verbonset': 0.65, 'ms_1_F0': 0.82, 'ms_suffix': 0.952543366608796, 'ms_2_F0': 1.08794346788194, 'file_name': '22d_dejar.wav', 'item_id': 22, 'cond': 'd', 'thisN': 19, 'thisTrialN': 19, 'thisRepN': 0}>
3088.6317 	EXP 	Sound test_sound reached end of file
3088.6378 	EXP 	Sound test_sound started
3088.6351 	DATA 	Keypress: right
3088.6428 	EXP 	polygon_2: autoDraw = False
3088.6428 	EXP 	text_3: autoDraw = False
3088.6428 	EXP 	polygon_2: autoDraw = True
3090.6368 	EXP 	Sound test_sound paused
3090.6438 	DATA 	Keypress: left
3090.6465 	EXP 	polygon_2: autoDraw = False
3090.6465 	EXP 	text_3: autoDraw = True
3099.1077 	EXP 	New trial (rep=0, index=20): <Trial 20 (20 in rep 0) data={'sounds': 'sounds/13c_montar.wav', 'syll': 'CVC', 'stress_unstress': 'Unstressed', 'suffix': 'Match', 'present_past': 'past', 'corrAns': 'num_2', 'trigger_item': 0.0, 'trigger_senonset': 0.2, 'trigger_verbsonset': 0.8800000000000001, 'trigger_1_F0': 0.98, 'trigger_suffix': 1.24543012152777, 'trigger_2_F0': 1.2594709201388798, 'ID_item': 101, 'ID_senonset': 30, 'ID_verbonset': 31, 'ID_1_F0': 32, 'ID_suffix': 33, 'ID_2_F0': 34, 'ms_senonset': 0, 'ms_verbonset': 0.68, 'ms_1_F0': 0.78, 'ms_suffix': 1.04543012152777, 'ms_2_F0': 1.05947092013888, 'file_name': '13c_montar.wav', 'item_id': 13, 'cond': 'c', 'thisN': 20, 'thisTrialN': 20, 'thisRepN': 0}>
3099.1131 	EXP 	Sound test_sound reached end of file
3099.1212 	EXP 	Sound test_sound started
3099.1160 	DATA 	Keypress: space
3099.1252 	EXP 	text_3: autoDraw = False
3099.1252 	EXP 	polygon_2: autoDraw = True
3101.3970 	EXP 	Sound test_sound reached end of file
3101.4049 	EXP 	Sound test_sound reached end of file
3101.6617 	EXP 	New trial (rep=0, index=21): <Trial 21 (21 in rep 0) data={'sounds': 'sounds/03b_limpiar.wav', 'syll': 'CVC', 'stress_unstress': 'Unstressed', 'suffix': 'Mismatch', 'present_past': 'present', 'corrAns': 'num_1', 'trigger_item': 0.0, 'trigger_senonset': 0.2, 'trigger_verbsonset': 0.8500000000000001, 'trigger_1_F0': 0.932367621527777, 'trigger_suffix': 1.26878515625, 'trigger_2_F0': 1.35808463541666, 'ID_item': 101, 'ID_senonset': 20, 'ID_verbonset': 21, 'ID_1_F0': 22, 'ID_suffix': 23, 'ID_2_F0': 24, 'ms_senonset': 0, 'ms_verbonset': 0.65, 'ms_1_F0': 0.732367621527777, 'ms_suffix': 1.06878515625, 'ms_2_F0': 1.15808463541666, 'file_name': '03b_limpiar.wav', 'item_id': 3, 'cond': 'b', 'thisN': 21, 'thisTrialN': 21, 'thisRepN': 0}>
3101.6666 	EXP 	Sound test_sound reached end of file
3101.6713 	EXP 	Sound test_sound started
3101.6700 	DATA 	Keypress: left
3101.6777 	EXP 	polygon_2: autoDraw = False
3101.6777 	EXP 	text_3: autoDraw = False
3101.6777 	EXP 	polygon_2: autoDraw = True
3103.7924 	EXP 	Sound test_sound reached end of file
3103.7984 	EXP 	New trial (rep=0, index=22): <Trial 22 (22 in rep 0) data={'sounds': 'sounds/04c_plantar.wav', 'syll': 'CVC', 'stress_unstress': 'Unstressed', 'suffix': 'Match', 'present_past': 'past', 'corrAns': 'num_2', 'trigger_item': 0.0, 'trigger_senonset': 0.2, 'trigger_verbsonset': 0.862877574458911, 'trigger_1_F0': 0.9343518689653568, 'trigger_suffix': 1.20493812332404, 'trigger_2_F0': 1.21897569287037, 'ID_item': 101, 'ID_senonset': 30, 'ID_verbonset': 31, 'ID_1_F0': 32, 'ID_suffix': 33, 'ID_2_F0': 34, 'ms_senonset': 0, 'ms_verbonset': 0.662877574458911, 'ms_1_F0': 0.734351868965357, 'ms_suffix': 1.00493812332404, 'ms_2_F0': 1.01897569287037, 'file_name': '04c_plantar.wav', 'item_id': 4, 'cond': 'c', 'thisN': 22, 'thisTrialN': 22, 'thisRepN': 0}>
3103.8039 	EXP 	Sound test_sound reached end of file
3103.8049 	EXP 	Sound test_sound started
3103.8078 	DATA 	Keypress: right
3103.8152 	EXP 	polygon_2: autoDraw = False
3103.8152 	EXP 	text_3: autoDraw = False
3103.8152 	EXP 	polygon_2: autoDraw = True
3105.5270 	EXP 	Sound test_sound paused
3105.5317 	EXP 	New trial (rep=0, index=23): <Trial 23 (23 in rep 0) data={'sounds': 'sounds/20c_cubrir.wav', 'syll': 'CVC', 'stress_unstress': 'Unstressed', 'suffix': 'Match', 'present_past': 'past', 'corrAns': 'num_2', 'trigger_item': 0.0, 'trigger_senonset': 0.2, 'trigger_verbsonset': 0.980138641742621, 'trigger_1_F0': 1.01, 'trigger_suffix': 1.192436112212021, 'trigger_2_F0': 1.28412143493692, 'ID_item': 101, 'ID_senonset': 30, 'ID_verbonset': 31, 'ID_1_F0': 32, 'ID_suffix': 33, 'ID_2_F0': 34, 'ms_senonset': 0, 'ms_verbonset': 0.780138641742621, 'ms_1_F0': 0.81, 'ms_suffix': 0.992436112212021, 'ms_2_F0': 1.08412143493692, 'file_name': '20c_cubrir.wav', 'item_id': 20, 'cond': 'c', 'thisN': 23, 'thisTrialN': 23, 'thisRepN': 0}>
3105.5366 	EXP 	Sound test_sound reached end of file
3105.5379 	EXP 	Sound test_sound started
3105.5387 	DATA 	Keypress: left
3105.5479 	EXP 	polygon_2: autoDraw = False
3105.5479 	EXP 	text_3: autoDraw = False
3105.5479 	EXP 	polygon_2: autoDraw = True
3107.6565 	EXP 	Sound test_sound reached end of file
3107.6616 	EXP 	Sound test_sound reached end of file
3109.2283 	EXP 	New trial (rep=0, index=24): <Trial 24 (24 in rep 0) data={'sounds': 'sounds/08d_filtrar.wav', 'syll': 'CVC', 'stress_unstress': 'Stressed', 'suffix': 'Mismatch', 'present_past': 'past', 'corrAns': 'num_2', 'trigger_item': 0.0, 'trigger_senonset': 0.2, 'trigger_verbsonset': 0.7526856695589441, 'trigger_1_F0': 0.87808115762362, 'trigger_suffix': 1.118901843962886, 'trigger_2_F0': 1.172598812485867, 'ID_item': 101, 'ID_senonset': 40, 'ID_verbonset': 41, 'ID_1_F0': 42, 'ID_suffix': 43, 'ID_2_F0': 44, 'ms_senonset': 0, 'ms_verbonset': 0.552685669558944, 'ms_1_F0': 0.67808115762362, 'ms_suffix': 0.918901843962886, 'ms_2_F0': 0.972598812485867, 'file_name': '08d_filtrar.wav', 'item_id': 8, 'cond': 'd', 'thisN': 24, 'thisTrialN': 24, 'thisRepN': 0}>
3109.2328 	EXP 	Sound test_sound reached end of file
3109.2383 	EXP 	Sound test_sound started
3109.2351 	DATA 	Keypress: left
3109.2438 	EXP 	polygon_2: autoDraw = False
3109.2438 	EXP 	text_3: autoDraw = False
3109.2438 	EXP 	polygon_2: autoDraw = True
3110.9836 	EXP 	Sound test_sound reached end of file
3110.9896 	EXP 	Sound test_sound reached end of file
3113.4286 	EXP 	New trial (rep=0, index=25): <Trial 25 (25 in rep 0) data={'sounds': 'sounds/33b_culpar.wav', 'syll': 'CVC', 'stress_unstress': 'Unstressed', 'suffix': 'Mismatch', 'present_past': 'present', 'corrAns': 'num_1', 'trigger_item': 0.0, 'trigger_senonset': 0.2, 'trigger_verbsonset': 0.8606178431336959, 'trigger_1_F0': 0.869103678029107, 'trigger_suffix': 1.109891641372144, 'trigger_2_F0': 1.131540467434179, 'ID_item': 101, 'ID_senonset': 20, 'ID_verbonset': 21, 'ID_1_F0': 22, 'ID_suffix': 23, 'ID_2_F0': 24, 'ms_senonset': 0, 'ms_verbonset': 0.660617843133696, 'ms_1_F0': 0.669103678029107, 'ms_suffix': 0.909891641372144, 'ms_2_F0': 0.931540467434179, 'file_name': '33b_culpar.wav', 'item_id': 33, 'cond': 'b', 'thisN': 25, 'thisTrialN': 25, 'thisRepN': 0}>
3113.4333 	EXP 	Sound test_sound reached end of file
3113.4383 	EXP 	Sound test_sound started
3113.4352 	DATA 	Keypress: right
3113.4429 	EXP 	polygon_2: autoDraw = False
3113.4429 	EXP 	text_3: autoDraw = False
3113.4429 	EXP 	polygon_2: autoDraw = True
3115.5909 	EXP 	Sound test_sound reached end of file
3115.6054 	EXP 	Sound test_sound reached end of file
3115.6425 	DATA 	Keypress: right
3115.6619 	EXP 	New trial (rep=0, index=26): <Trial 26 (26 in rep 0) data={'sounds': 'sounds/17d_tragar.wav', 'syll': 'CVC', 'stress_unstress': 'Stressed', 'suffix': 'Mismatch', 'present_past': 'past', 'corrAns': 'num_2', 'trigger_item': 0.0, 'trigger_senonset': 0.2, 'trigger_verbsonset': 1.070609360532407, 'trigger_1_F0': 1.117973654513888, 'trigger_suffix': 1.30915316840277, 'trigger_2_F0': 1.35458539534397, 'ID_item': 101, 'ID_senonset': 40, 'ID_verbonset': 41, 'ID_1_F0': 42, 'ID_suffix': 43, 'ID_2_F0': 44, 'ms_senonset': 0, 'ms_verbonset': 0.870609360532407, 'ms_1_F0': 0.917973654513888, 'ms_suffix': 1.10915316840277, 'ms_2_F0': 1.15458539534397, 'file_name': '17d_tragar.wav', 'item_id': 17, 'cond': 'd', 'thisN': 26, 'thisTrialN': 26, 'thisRepN': 0}>
3115.6672 	EXP 	Sound test_sound reached end of file
3115.6715 	EXP 	Sound test_sound started
3115.6770 	EXP 	polygon_2: autoDraw = False
3115.6770 	EXP 	text_3: autoDraw = False
3115.6770 	EXP 	polygon_2: autoDraw = True
3117.9624 	EXP 	Sound test_sound reached end of file
3117.9720 	EXP 	Sound test_sound reached end of file
3122.2118 	EXP 	New trial (rep=0, index=27): <Trial 27 (27 in rep 0) data={'sounds': 'sounds/31d_tocar.wav', 'syll': 'CVC', 'stress_unstress': 'Stressed', 'suffix': 'Mismatch', 'present_past': 'past', 'corrAns': 'num_2', 'trigger_item': 0.0, 'trigger_senonset': 0.2, 'trigger_verbsonset': 0.8493931756807, 'trigger_1_F0': 0.8650112062639721, 'trigger_suffix': 1.006860547391531, 'trigger_2_F0': 1.049162047334928, 'ID_item': 101, 'ID_senonset': 40, 'ID_verbonset': 41, 'ID_1_F0': 42, 'ID_suffix': 43, 'ID_2_F0': 44, 'ms_senonset': 0, 'ms_verbonset': 0.6493931756807, 'ms_1_F0': 0.665011206263972, 'ms_suffix': 0.806860547391531, 'ms_2_F0': 0.849162047334928, 'file_name': '31d_tocar.wav', 'item_id': 31, 'cond': 'd', 'thisN': 27, 'thisTrialN': 27, 'thisRepN': 0}>
3122.2166 	EXP 	Sound test_sound reached end of file
3122.2219 	EXP 	Sound test_sound started
3122.2184 	DATA 	Keypress: left
3122.2280 	EXP 	polygon_2: autoDraw = False
3122.2280 	EXP 	text_3: autoDraw = False
3122.2280 	EXP 	polygon_2: autoDraw = True
3124.0998 	EXP 	Sound test_sound reached end of file
3124.1067 	EXP 	Sound test_sound reached end of file
3124.3292 	EXP 	New trial (rep=0, index=28): <Trial 28 (28 in rep 0) data={'sounds': 'sounds/10d_vender.wav', 'syll': 'CVC', 'stress_unstress': 'Stressed', 'suffix': 'Mismatch', 'present_past': 'past', 'corrAns': 'num_2', 'trigger_item': 0.0, 'trigger_senonset': 0.2, 'trigger_verbsonset': 0.832830209056713, 'trigger_1_F0': 0.8775468199411529, 'trigger_suffix': 1.109501330306288, 'trigger_2_F0': 1.158928471023364, 'ID_item': 101, 'ID_senonset': 40, 'ID_verbonset': 41, 'ID_1_F0': 42, 'ID_suffix': 43, 'ID_2_F0': 44, 'ms_senonset': 0, 'ms_verbonset': 0.632830209056713, 'ms_1_F0': 0.677546819941153, 'ms_suffix': 0.909501330306288, 'ms_2_F0': 0.958928471023364, 'file_name': '10d_vender.wav', 'item_id': 10, 'cond': 'd', 'thisN': 28, 'thisTrialN': 28, 'thisRepN': 0}>
3124.3335 	EXP 	Sound test_sound reached end of file
3124.3387 	EXP 	Sound test_sound started
3124.3354 	DATA 	Keypress: left
3124.3439 	EXP 	polygon_2: autoDraw = False
3124.3439 	EXP 	text_3: autoDraw = False
3124.3439 	EXP 	polygon_2: autoDraw = True
3126.2257 	EXP 	Sound test_sound reached end of file
3126.2384 	EXP 	Sound test_sound reached end of file
3126.7619 	EXP 	New trial (rep=0, index=29): <Trial 29 (29 in rep 0) data={'sounds': 'sounds/11a_pegar.wav', 'syll': 'CVC', 'stress_unstress': 'Stressed', 'suffix': 'Match', 'present_past': 'present', 'corrAns': 'num_1', 'trigger_item': 0.0, 'trigger_senonset': 0.2, 'trigger_verbsonset': 0.8182808977343741, 'trigger_1_F0': 0.831294515585661, 'trigger_suffix': 0.98, 'trigger_2_F0': 1.012063288108519, 'ID_item': 101, 'ID_senonset': 10, 'ID_verbonset': 11, 'ID_1_F0': 12, 'ID_suffix': 13, 'ID_2_F0': 14, 'ms_senonset': 0, 'ms_verbonset': 0.618280897734374, 'ms_1_F0': 0.631294515585661, 'ms_suffix': 0.78, 'ms_2_F0': 0.812063288108519, 'file_name': '11a_pegar.wav', 'item_id': 11, 'cond': 'a', 'thisN': 29, 'thisTrialN': 29, 'thisRepN': 0}>
3126.7666 	EXP 	Sound test_sound reached end of file
3126.7724 	EXP 	Sound test_sound started
3126.7694 	DATA 	Keypress: left
3126.7779 	EXP 	polygon_2: autoDraw = False
3126.7779 	EXP 	text_3: autoDraw = False
3126.7779 	EXP 	polygon_2: autoDraw = True
3128.6893 	EXP 	Sound test_sound reached end of file
3128.7056 	EXP 	Sound test_sound reached end of file
3128.9322 	DATA 	Keypress: right
3128.9384 	EXP 	polygon_2: autoDraw = False
3128.9384 	EXP 	text_3: autoDraw = True
3136.8099 	DATA 	Keypress: space
3136.8248 	EXP 	New trial (rep=0, index=30): <Trial 30 (30 in rep 0) data={'sounds': 'sounds/14b_borrar.wav', 'syll': 'CVC', 'stress_unstress': 'Unstressed', 'suffix': 'Mismatch', 'present_past': 'present', 'corrAns': 'num_1', 'trigger_item': 0.0, 'trigger_senonset': 0.2, 'trigger_verbsonset': 0.72, 'trigger_1_F0': 0.770187630208333, 'trigger_suffix': 0.851961241319444, 'trigger_2_F0': 0.964399956597222, 'ID_item': 101, 'ID_senonset': 20, 'ID_verbonset': 21, 'ID_1_F0': 22, 'ID_suffix': 23, 'ID_2_F0': 24, 'ms_senonset': 0, 'ms_verbonset': 0.52, 'ms_1_F0': 0.570187630208333, 'ms_suffix': 0.651961241319444, 'ms_2_F0': 0.764399956597222, 'file_name': '14b_borrar.wav', 'item_id': 14, 'cond': 'b', 'thisN': 30, 'thisTrialN': 30, 'thisRepN': 0}>
3136.8296 	EXP 	Sound test_sound reached end of file
3136.8387 	EXP 	Sound test_sound started
3136.8419 	EXP 	text_3: autoDraw = False
3136.8419 	EXP 	polygon_2: autoDraw = True
3138.7724 	EXP 	Sound test_sound reached end of file
3138.7900 	EXP 	Sound test_sound reached end of file
3138.8782 	EXP 	New trial (rep=0, index=31): <Trial 31 (31 in rep 0) data={'sounds': 'sounds/23a_tomar.wav', 'syll': 'CVC', 'stress_unstress': 'Stressed', 'suffix': 'Match', 'present_past': 'present', 'corrAns': 'num_1', 'trigger_item': 0.0, 'trigger_senonset': 0.2, 'trigger_verbsonset': 0.9453179615162032, 'trigger_1_F0': 0.95, 'trigger_suffix': 1.08, 'trigger_2_F0': 1.158644495081018, 'ID_item': 101, 'ID_senonset': 10, 'ID_verbonset': 11, 'ID_1_F0': 12, 'ID_suffix': 13, 'ID_2_F0': 14, 'ms_senonset': 0, 'ms_verbonset': 0.745317961516203, 'ms_1_F0': 0.75, 'ms_suffix': 0.88, 'ms_2_F0': 0.958644495081018, 'file_name': '23a_tomar.wav', 'item_id': 23, 'cond': 'a', 'thisN': 31, 'thisTrialN': 31, 'thisRepN': 0}>
3138.8820 	EXP 	Sound test_sound reached end of file
3138.8890 	EXP 	Sound test_sound started
3138.8837 	DATA 	Keypress: right
3138.8920 	EXP 	polygon_2: autoDraw = False
3138.8920 	EXP 	text_3: autoDraw = False
3138.8920 	EXP 	polygon_2: autoDraw = True
3140.7732 	EXP 	Sound test_sound reached end of file
3140.7896 	EXP 	Sound test_sound reached end of file
3140.8462 	EXP 	New trial (rep=0, index=32): <Trial 32 (32 in rep 0) data={'sounds': 'sounds/36c_bordar.wav', 'syll': 'CVC', 'stress_unstress': 'Unstressed', 'suffix': 'Match', 'present_past': 'past', 'corrAns': 'num_2', 'trigger_item': 0.0, 'trigger_senonset': 0.2, 'trigger_verbsonset': 1.0, 'trigger_1_F0': 1.078468243634259, 'trigger_suffix': 1.3288624855324, 'trigger_2_F0': 1.3414992042824, 'ID_item': 101, 'ID_senonset': 30, 'ID_verbonset': 31, 'ID_1_F0': 32, 'ID_suffix': 33, 'ID_2_F0': 34, 'ms_senonset': 0, 'ms_verbonset': 0.8, 'ms_1_F0': 0.878468243634259, 'ms_suffix': 1.1288624855324, 'ms_2_F0': 1.1414992042824, 'file_name': '36c_bordar.wav', 'item_id': 36, 'cond': 'c', 'thisN': 32, 'thisTrialN': 32, 'thisRepN': 0}>
3140.8509 	EXP 	Sound test_sound reached end of file
3140.8557 	EXP 	Sound test_sound started
3140.8522 	DATA 	Keypress: right
3140.8602 	EXP 	polygon_2: autoDraw = False
3140.8602 	EXP 	text_3: autoDraw = False
3140.8602 	EXP 	polygon_2: autoDraw = True
3143.1091 	EXP 	Sound test_sound reached end of file
3143.1228 	EXP 	Sound test_sound reached end of file
3143.8130 	EXP 	New trial (rep=0, index=33): <Trial 33 (33 in rep 0) data={'sounds': 'sounds/18b_cumplir.wav', 'syll': 'CVC', 'stress_unstress': 'Unstressed', 'suffix': 'Mismatch', 'present_past': 'present', 'corrAns': 'num_1', 'trigger_item': 0.0, 'trigger_senonset': 0.2, 'trigger_verbsonset': 1.2408027271412, 'trigger_1_F0': 1.25568597366898, 'trigger_suffix': 1.46256310040509, 'trigger_2_F0': 1.54144430700231, 'ID_item': 101, 'ID_senonset': 20, 'ID_verbonset': 21, 'ID_1_F0': 22, 'ID_suffix': 23, 'ID_2_F0': 24, 'ms_senonset': 0, 'ms_verbonset': 1.0408027271412, 'ms_1_F0': 1.05568597366898, 'ms_suffix': 1.26256310040509, 'ms_2_F0': 1.34144430700231, 'file_name': '18b_cumplir.wav', 'item_id': 18, 'cond': 'b', 'thisN': 33, 'thisTrialN': 33, 'thisRepN': 0}>
3143.8174 	EXP 	Sound test_sound reached end of file
3143.8229 	EXP 	Sound test_sound started
3143.8190 	DATA 	Keypress: left
3143.8274 	EXP 	polygon_2: autoDraw = False
3143.8274 	EXP 	text_3: autoDraw = False
3143.8274 	EXP 	polygon_2: autoDraw = True
3145.9855 	EXP 	Sound test_sound reached end of file
3145.9919 	EXP 	Sound test_sound reached end of file
3146.1627 	EXP 	New trial (rep=0, index=34): <Trial 34 (34 in rep 0) data={'sounds': 'sounds/40c_gastar.wav', 'syll': 'CVC', 'stress_unstress': 'Unstressed', 'suffix': 'Match', 'present_past': 'past', 'corrAns': 'num_2', 'trigger_item': 0.0, 'trigger_senonset': 0.2, 'trigger_verbsonset': 0.8300000000000001, 'trigger_1_F0': 0.8400000000000001, 'trigger_suffix': 1.163436328125, 'trigger_2_F0': 1.183149609375, 'ID_item': 101, 'ID_senonset': 30, 'ID_verbonset': 31, 'ID_1_F0': 32, 'ID_suffix': 33, 'ID_2_F0': 34, 'ms_senonset': 0, 'ms_verbonset': 0.63, 'ms_1_F0': 0.64, 'ms_suffix': 0.963436328125, 'ms_2_F0': 0.983149609375, 'file_name': '40c_gastar.wav', 'item_id': 40, 'cond': 'c', 'thisN': 34, 'thisTrialN': 34, 'thisRepN': 0}>
3146.1672 	EXP 	Sound test_sound reached end of file
3146.1723 	EXP 	Sound test_sound started
3146.1693 	DATA 	Keypress: right
3146.1777 	EXP 	polygon_2: autoDraw = False
3146.1777 	EXP 	text_3: autoDraw = False
3146.1777 	EXP 	polygon_2: autoDraw = True
3148.2728 	EXP 	Sound test_sound reached end of file
3148.2897 	EXP 	Sound test_sound reached end of file
3149.1787 	EXP 	New trial (rep=0, index=35): <Trial 35 (35 in rep 0) data={'sounds': 'sounds/38b_pagar.wav', 'syll': 'CVC', 'stress_unstress': 'Unstressed', 'suffix': 'Mismatch', 'present_past': 'present', 'corrAns': 'num_1', 'trigger_item': 0.0, 'trigger_senonset': 0.2, 'trigger_verbsonset': 1.166737304687499, 'trigger_1_F0': 1.185271158854166, 'trigger_suffix': 1.29521061197916, 'trigger_2_F0': 1.4055712890624898, 'ID_item': 101, 'ID_senonset': 20, 'ID_verbonset': 21, 'ID_1_F0': 22, 'ID_suffix': 23, 'ID_2_F0': 24, 'ms_senonset': 0, 'ms_verbonset': 0.966737304687499, 'ms_1_F0': 0.985271158854166, 'ms_suffix': 1.09521061197916, 'ms_2_F0': 1.20557128906249, 'file_name': '38b_pagar.wav', 'item_id': 38, 'cond': 'b', 'thisN': 35, 'thisTrialN': 35, 'thisRepN': 0}>
3149.1835 	EXP 	Sound test_sound reached end of file
3149.1888 	EXP 	Sound test_sound started
3149.1854 	DATA 	Keypress: left
3149.1935 	EXP 	polygon_2: autoDraw = False
3149.1935 	EXP 	text_3: autoDraw = False
3149.1935 	EXP 	polygon_2: autoDraw = True
3151.4230 	EXP 	Sound test_sound reached end of file
3151.4394 	EXP 	Sound test_sound reached end of file
3152.0263 	DATA 	Keypress: right
3152.0446 	EXP 	New trial (rep=0, index=36): <Trial 36 (36 in rep 0) data={'sounds': 'sounds/09c_cargar.wav', 'syll': 'CVC', 'stress_unstress': 'Unstressed', 'suffix': 'Match', 'present_past': 'past', 'corrAns': 'num_2', 'trigger_item': 0.0, 'trigger_senonset': 0.2, 'trigger_verbsonset': 0.81286744068287, 'trigger_1_F0': 0.8382251229745361, 'trigger_suffix': 1.032634020543981, 'trigger_2_F0': 1.090594437210648, 'ID_item': 101, 'ID_senonset': 30, 'ID_verbonset': 31, 'ID_1_F0': 32, 'ID_suffix': 33, 'ID_2_F0': 34, 'ms_senonset': 0, 'ms_verbonset': 0.61286744068287, 'ms_1_F0': 0.638225122974536, 'ms_suffix': 0.832634020543981, 'ms_2_F0': 0.890594437210648, 'file_name': '09c_cargar.wav', 'item_id': 9, 'cond': 'c', 'thisN': 36, 'thisTrialN': 36, 'thisRepN': 0}>
3152.0488 	EXP 	Sound test_sound reached end of file
3152.0559 	EXP 	Sound test_sound started
3152.0584 	EXP 	polygon_2: autoDraw = False
3152.0584 	EXP 	text_3: autoDraw = False
3152.0584 	EXP 	polygon_2: autoDraw = True
3153.9773 	EXP 	Sound test_sound reached end of file
3153.9895 	EXP 	Sound test_sound reached end of file
3154.6964 	EXP 	New trial (rep=0, index=37): <Trial 37 (37 in rep 0) data={'sounds': 'sounds/29a_pesar.wav', 'syll': 'CVC', 'stress_unstress': 'Stressed', 'suffix': 'Match', 'present_past': 'present', 'corrAns': 'num_1', 'trigger_item': 0.0, 'trigger_senonset': 0.2, 'trigger_verbsonset': 0.91328417532552, 'trigger_1_F0': 0.925531286730473, 'trigger_suffix': 1.03, 'trigger_2_F0': 1.150619522602117, 'ID_item': 101, 'ID_senonset': 10, 'ID_verbonset': 11, 'ID_1_F0': 12, 'ID_suffix': 13, 'ID_2_F0': 14, 'ms_senonset': 0, 'ms_verbonset': 0.71328417532552, 'ms_1_F0': 0.725531286730473, 'ms_suffix': 0.83, 'ms_2_F0': 0.950619522602117, 'file_name': '29a_pesar.wav', 'item_id': 29, 'cond': 'a', 'thisN': 37, 'thisTrialN': 37, 'thisRepN': 0}>
3154.7013 	EXP 	Sound test_sound reached end of file
3154.7060 	EXP 	Sound test_sound started
3154.7033 	DATA 	Keypress: left
3154.7129 	EXP 	polygon_2: autoDraw = False
3154.7129 	EXP 	text_3: autoDraw = False
3154.7129 	EXP 	polygon_2: autoDraw = True
3156.6042 	EXP 	Sound test_sound reached end of file
3156.6099 	EXP 	Sound test_sound reached end of file
3156.7466 	EXP 	New trial (rep=0, index=38): <Trial 38 (38 in rep 0) data={'sounds': 'sounds/15b_partir.wav', 'syll': 'CVC', 'stress_unstress': 'Unstressed', 'suffix': 'Mismatch', 'present_past': 'present', 'corrAns': 'num_1', 'trigger_item': 0.0, 'trigger_senonset': 0.2, 'trigger_verbsonset': 0.826865400752314, 'trigger_1_F0': 0.842973894883327, 'trigger_suffix': 1.1042888772729471, 'trigger_2_F0': 1.120815958498066, 'ID_item': 101, 'ID_senonset': 20, 'ID_verbonset': 21, 'ID_1_F0': 22, 'ID_suffix': 23, 'ID_2_F0': 24, 'ms_senonset': 0, 'ms_verbonset': 0.626865400752314, 'ms_1_F0': 0.642973894883327, 'ms_suffix': 0.904288877272947, 'ms_2_F0': 0.920815958498066, 'file_name': '15b_partir.wav', 'item_id': 15, 'cond': 'b', 'thisN': 38, 'thisTrialN': 38, 'thisRepN': 0}>
3156.7516 	EXP 	Sound test_sound reached end of file
3156.7562 	EXP 	Sound test_sound started
3156.7541 	DATA 	Keypress: right
3156.7623 	EXP 	polygon_2: autoDraw = False
3156.7623 	EXP 	text_3: autoDraw = False
3156.7623 	EXP 	polygon_2: autoDraw = True
3158.8036 	EXP 	Sound test_sound reached end of file
3158.8094 	EXP 	Sound test_sound reached end of file
3162.2931 	EXP 	New trial (rep=0, index=39): <Trial 39 (39 in rep 0) data={'sounds': 'sounds/12a_matar.wav', 'syll': 'CVC', 'stress_unstress': 'Stressed', 'suffix': 'Match', 'present_past': 'present', 'corrAns': 'num_1', 'trigger_item': 0.0, 'trigger_senonset': 0.2, 'trigger_verbsonset': 0.8400000000000001, 'trigger_1_F0': 0.96, 'trigger_suffix': 1.17307472511574, 'trigger_2_F0': 1.186647497106481, 'ID_item': 101, 'ID_senonset': 10, 'ID_verbonset': 11, 'ID_1_F0': 12, 'ID_suffix': 13, 'ID_2_F0': 14, 'ms_senonset': 0, 'ms_verbonset': 0.64, 'ms_1_F0': 0.76, 'ms_suffix': 0.97307472511574, 'ms_2_F0': 0.986647497106481, 'file_name': '12a_matar.wav', 'item_id': 12, 'cond': 'a', 'thisN': 39, 'thisTrialN': 39, 'thisRepN': 0}>
3162.2982 	EXP 	Sound test_sound reached end of file
3162.3054 	EXP 	Sound test_sound started
3162.3011 	DATA 	Keypress: left
3162.3086 	EXP 	polygon_2: autoDraw = False
3162.3086 	EXP 	text_3: autoDraw = False
3162.3086 	EXP 	polygon_2: autoDraw = True
3164.4760 	EXP 	Sound test_sound reached end of file
3164.4896 	EXP 	Sound test_sound reached end of file
3165.3505 	DATA 	Keypress: right
3165.3560 	EXP 	polygon_2: autoDraw = False
3165.3560 	EXP 	text_3: autoDraw = False
3165.3560 	EXP 	text_2: autoDraw = True
4071.7103 	DATA 	Keypress: space
4071.7136 	EXP 	text_2: autoDraw = False
4071.7138 	EXP 	LangExperimentstress: status = STOPPED
