16.0013 	WARNING 	User requested fullscreen with size [1536  864], but screen is actually [1920, 1080]. Using actual size
16.2961 	EXP 	Created window1 = Window(allowGUI=False, allowStencil=False, autoLog=True, backendConf=UNKNOWN, backgroundFit=<method-wrapper '__getattribute__' of attributeSetter object at 0x000001F993F13F10>, backgroundImage=<method-wrapper '__getattribute__' of attributeSetter object at 0x000001F993F13EB0>, bitsMode=UNKNOWN, blendMode='avg', bpc=(8, 8, 8), color=array([0, 0, 0]), colorSpace='rgb', depthBits=8, fullscr=True, gamma=None, gammaErrorPolicy='raise', infoMsg=UNKNOWN, lms=UNKNOWN, monitor=<psychopy.monitors.calibTools.Monitor object at 0x000001F99D1C4E50>, multiSample=False, name='window1', numSamples=2, pos=[0.0, 0.0], screen=0, size=array([1920, 1080]), stencilBits=0, stereo=False, title='PsychoPy', units='height', useFBO=True, useRetina=False, viewOri=0.0, viewPos=None, viewScale=None, waitBlanking=True, winType='pyglet')
16.2961 	EXP 	window1: backgroundImage = ''
16.2961 	EXP 	window1: backgroundFit = 'none'
16.3869 	EXP 	window1: Attempting to measure frame rate of screen (0) ...
16.3869 	EXP 	window1: recordFrameIntervals = False
16.5426 	EXP 	window1: recordFrameIntervals = True
16.7260 	EXP 	Screen (0) actual frame rate measured at 60.01Hz
16.7261 	EXP 	window1: recordFrameIntervals = False
19.3268 	EXP 	LangExperimentstress: status = STARTED
19.4467 	EXP 	Created instr = TextStim(__class__=<class 'psychopy.visual.text.TextStim'>, alignHoriz=method-wrapper(...), alignText='center', alignVert=method-wrapper(...), anchorHoriz='center', anchorVert='center', antialias=True, autoDraw=False, autoLog=True, bold=False, color=array([1., 1., 1.]), colorSpace='rgb', contrast=1.0, depth=0.0, draggable=False, flipHoriz=False, flipVert=False, font='Arial', fontFiles=[], height=0.08, italic=False, languageStyle='LTR', name='instr', opacity=1, ori=0, pos=array([0., 0.]), rgb=UNKNOWN, text=str(...), units='height', win=Window(...), wrapWidth=1)
19.9138 	EXP 	Sound test_sound_2 set volume 1.000
19.9199 	EXP 	Created polygon = ShapeStim(__class__=<class 'psychopy.visual.shape.ShapeStim'>, anchor=('center', 'center'), autoDraw=False, autoLog=True, closeShape=True, color=method-wrapper(...), colorSpace='rgb', contrast=None, depth=-2.0, draggable=False, fillColor=array([-1, -1, -1]), fillColorSpace='rgb', fillRGB=array([-1, -1, -1]), interpolate=True, lineColor=array([-1., -1., -1.]), lineColorSpace='rgb', lineRGB=array([-1, -1, -1]), lineWidth=1, name='polygon', opacity=1, ori=0.0, pos=array([0., 0.]), size=array([0.15, 0.15]), units='height', vertices=ndarray(...), win=Window(...), windingRule=None)
19.9370 	EXP 	Created text_3 = TextStim(__class__=<class 'psychopy.visual.text.TextStim'>, alignHoriz=method-wrapper(...), alignText='center', alignVert=method-wrapper(...), anchorHoriz='center', anchorVert='center', antialias=True, autoDraw=False, autoLog=True, bold=False, color=array([1., 1., 1.]), colorSpace='rgb', contrast=1.0, depth=0.0, draggable=False, flipHoriz=False, flipVert=False, font='Arial', fontFiles=[], height=0.1, italic=False, languageStyle='LTR', name='text_3', opacity=1, ori=0, pos=array([0., 0.]), rgb=UNKNOWN, text=str(...), units='height', win=Window(...), wrapWidth=1)
19.9432 	EXP 	Created instr = TextStim(__class__=<class 'psychopy.visual.text.TextStim'>, alignHoriz=method-wrapper(...), alignText='center', alignVert=method-wrapper(...), anchorHoriz='center', anchorVert='center', antialias=True, autoDraw=False, autoLog=True, bold=False, color=array([1., 1., 1.]), colorSpace='rgb', contrast=1.0, depth=0.0, draggable=False, flipHoriz=False, flipVert=False, font='Arial', fontFiles=[], height=0.08, italic=False, languageStyle='LTR', name='instr', opacity=1, ori=0, pos=array([0., 0.]), rgb=UNKNOWN, text=str(...), units='height', win=Window(...), wrapWidth=1)
20.0800 	EXP 	Sound test_sound set volume 1.000
20.0813 	EXP 	Created polygon_2 = ShapeStim(__class__=<class 'psychopy.visual.shape.ShapeStim'>, anchor=('center', 'center'), autoDraw=False, autoLog=True, closeShape=True, color=method-wrapper(...), colorSpace='rgb', contrast=None, depth=-2.0, draggable=False, fillColor=array([-1, -1, -1]), fillColorSpace='rgb', fillRGB=array([-1, -1, -1]), interpolate=True, lineColor=array([-1., -1., -1.]), lineColorSpace='rgb', lineRGB=array([-1, -1, -1]), lineWidth=1, name='polygon_2', opacity=1, ori=0.0, pos=array([0., 0.]), size=array([0.15, 0.15]), units='height', vertices=ndarray(...), win=Window(...), windingRule=None)
20.0847 	EXP 	Created text_3 = TextStim(__class__=<class 'psychopy.visual.text.TextStim'>, alignHoriz=method-wrapper(...), alignText='center', alignVert=method-wrapper(...), anchorHoriz='center', anchorVert='center', antialias=True, autoDraw=False, autoLog=True, bold=False, color=array([1., 1., 1.]), colorSpace='rgb', contrast=1.0, depth=0.0, draggable=False, flipHoriz=False, flipVert=False, font='Arial', fontFiles=[], height=0.1, italic=False, languageStyle='LTR', name='text_3', opacity=1, ori=0, pos=array([0., 0.]), rgb=UNKNOWN, text=str(...), units='height', win=Window(...), wrapWidth=1)
20.0938 	EXP 	Created text_2 = TextStim(__class__=<class 'psychopy.visual.text.TextStim'>, alignHoriz=method-wrapper(...), alignText='center', alignVert=method-wrapper(...), anchorHoriz='center', anchorVert='center', antialias=True, autoDraw=False, autoLog=True, bold=False, color=array([1., 1., 1.]), colorSpace='rgb', contrast=1.0, depth=0.0, draggable=False, flipHoriz=False, flipVert=False, font='Arial', fontFiles=[], height=0.1, italic=False, languageStyle='LTR', name='text_2', opacity=1, ori=0, pos=array([0., 0.]), rgb=UNKNOWN, text=str(...), units='height', win=Window(...), wrapWidth=1)
0.0144 	EXP 	instr: autoDraw = True
4827.0893 	DATA 	Keypress: space
4827.1027 	EXP 	Imported selected_practice.csv as conditions, 4 conditions, 27 params
4827.1044 	EXP 	New trial (rep=0, index=0): <Trial 0 (0 in rep 0) data={'sounds': 'sounds/p2b_cortar.wav', 'syll': 'CVC', 'stress_unstress': 'Unstressed', 'suffix': 'Mismatch', 'present_past': 'present', 'corrAns': 'num_1', 'trigger_item': 0.0, 'trigger_senonset': 0.205513, 'trigger_verbsonset': 0.8629519999999999, 'trigger_1_F0': 0.984841, 'trigger_suffix': 1.219715, 'trigger_2_F0': 1.27, 'ID_item': 101, 'ID_senonset': 20, 'ID_verbonset': 21, 'ID_1_F0': 22, 'ID_suffix': 23, 'ID_2_F0': 24, 'ms_senonset': 0.005513, 'ms_verbonset': 0.662952, 'ms_1_F0': 0.784841, 'ms_suffix': 1.019715, 'ms_2_F0': 1.07, 'file_name': 'p2b_cortar.wav', 'sentence': 'p2', 'cond': 'b', 'combo': 'p2b', 'thisN': 0, 'thisTrialN': 0, 'thisRepN': 0}>
4827.1094 	EXP 	Sound test_sound_2 reached end of file
4827.1250 	EXP 	Sound test_sound_2 started
4827.1209 	EXP 	instr: autoDraw = False
4827.1209 	EXP 	polygon: autoDraw = True
4829.3595 	EXP 	Sound test_sound_2 reached end of file
4829.3671 	EXP 	Sound test_sound_2 reached end of file
4831.3235 	EXP 	New trial (rep=0, index=1): <Trial 1 (1 in rep 0) data={'sounds': 'sounds/p1a_saltar.wav', 'syll': 'CVC', 'stress_unstress': 'Stressed', 'suffix': 'Match', 'present_past': 'present', 'corrAns': 'num_1', 'trigger_item': 0.0, 'trigger_senonset': 0.205513, 'trigger_verbsonset': 0.8629519999999999, 'trigger_1_F0': 0.984841, 'trigger_suffix': 1.219715, 'trigger_2_F0': 1.27, 'ID_item': 101, 'ID_senonset': 10, 'ID_verbonset': 11, 'ID_1_F0': 12, 'ID_suffix': 13, 'ID_2_F0': 14, 'ms_senonset': 0.005513, 'ms_verbonset': 0.662952, 'ms_1_F0': 0.784841, 'ms_suffix': 1.019715, 'ms_2_F0': 1.07, 'file_name': 'p1a_saltar.wav', 'sentence': 'p1', 'cond': 'a', 'combo': 'p1a', 'thisN': 1, 'thisTrialN': 1, 'thisRepN': 0}>
4831.3304 	EXP 	Sound test_sound_2 reached end of file
4831.3335 	EXP 	Sound test_sound_2 started
4831.3331 	DATA 	Keypress: left
4831.3412 	EXP 	polygon: autoDraw = False
4831.3412 	EXP 	text_3: autoDraw = False
4831.3412 	EXP 	polygon: autoDraw = True
4833.5545 	EXP 	Sound test_sound_2 reached end of file
4833.5665 	EXP 	Sound test_sound_2 reached end of file
4834.3408 	EXP 	New trial (rep=0, index=2): <Trial 2 (2 in rep 0) data={'sounds': 'sounds/p4d_cortar.wav', 'syll': 'CVC', 'stress_unstress': 'Stressed', 'suffix': 'Mismatch', 'present_past': 'past', 'corrAns': 'num_2', 'trigger_item': 0.0, 'trigger_senonset': 0.205513, 'trigger_verbsonset': 0.8629519999999999, 'trigger_1_F0': 0.984841, 'trigger_suffix': 1.219715, 'trigger_2_F0': 1.27, 'ID_item': 101, 'ID_senonset': 40, 'ID_verbonset': 41, 'ID_1_F0': 42, 'ID_suffix': 43, 'ID_2_F0': 44, 'ms_senonset': 0.005513, 'ms_verbonset': 0.662952, 'ms_1_F0': 0.784841, 'ms_suffix': 1.019715, 'ms_2_F0': 1.07, 'file_name': 'p4d_cortar.wav', 'sentence': 'p4', 'cond': 'd', 'combo': 'p4d', 'thisN': 2, 'thisTrialN': 2, 'thisRepN': 0}>
4834.3497 	EXP 	Sound test_sound_2 reached end of file
4834.3503 	EXP 	Sound test_sound_2 started
4834.3519 	DATA 	Keypress: right
4834.3609 	EXP 	polygon: autoDraw = False
4834.3609 	EXP 	text_3: autoDraw = False
4834.3609 	EXP 	polygon: autoDraw = True
4836.8527 	EXP 	Sound test_sound_2 reached end of file
4836.8669 	EXP 	Sound test_sound_2 reached end of file
4837.2897 	EXP 	New trial (rep=0, index=3): <Trial 3 (3 in rep 0) data={'sounds': 'sounds/p3c_saltar.wav', 'syll': 'CVC', 'stress_unstress': 'Unstressed', 'suffix': 'Match', 'present_past': 'past', 'corrAns': 'num_2', 'trigger_item': 0.0, 'trigger_senonset': 0.205513, 'trigger_verbsonset': 0.8629519999999999, 'trigger_1_F0': 0.984841, 'trigger_suffix': 1.219715, 'trigger_2_F0': 1.27, 'ID_item': 101, 'ID_senonset': 30, 'ID_verbonset': 31, 'ID_1_F0': 32, 'ID_suffix': 33, 'ID_2_F0': 34, 'ms_senonset': 0.005513, 'ms_verbonset': 0.662952, 'ms_1_F0': 0.784841, 'ms_suffix': 1.019715, 'ms_2_F0': 1.07, 'file_name': 'p3c_saltar.wav', 'sentence': 'p3', 'cond': 'c', 'combo': 'p3c', 'thisN': 3, 'thisTrialN': 3, 'thisRepN': 0}>
4837.2972 	EXP 	Sound test_sound_2 reached end of file
4837.3004 	EXP 	Sound test_sound_2 started
4837.3001 	DATA 	Keypress: right
4837.3085 	EXP 	polygon: autoDraw = False
4837.3085 	EXP 	text_3: autoDraw = False
4837.3085 	EXP 	polygon: autoDraw = True
4839.3724 	EXP 	Sound test_sound_2 reached end of file
4839.3836 	EXP 	Sound test_sound_2 reached end of file
4839.8371 	DATA 	Keypress: right
4839.8669 	EXP 	polygon: autoDraw = False
4839.8669 	EXP 	text_3: autoDraw = False
4839.8669 	EXP 	instr: autoDraw = True
4868.7051 	EXP 	Imported selected_trials.csv as conditions, 40 conditions, 26 params
4868.7065 	EXP 	New trial (rep=0, index=0): <Trial 0 (0 in rep 0) data={'sounds': 'sounds/34c_formar.wav', 'syll': 'CVC', 'stress_unstress': 'Unstressed', 'suffix': 'Match', 'present_past': 'past', 'corrAns': 'num_2', 'trigger_item': 0.0, 'trigger_senonset': 0.2, 'trigger_verbsonset': 0.876373676215277, 'trigger_1_F0': 0.992687651909722, 'trigger_suffix': 1.14, 'trigger_2_F0': 1.26319767795138, 'ID_item': 101, 'ID_senonset': 30, 'ID_verbonset': 31, 'ID_1_F0': 32, 'ID_suffix': 33, 'ID_2_F0': 34, 'ms_senonset': 0, 'ms_verbonset': 0.676373676215277, 'ms_1_F0': 0.792687651909722, 'ms_suffix': 0.94, 'ms_2_F0': 1.06319767795138, 'file_name': '34c_formar.wav', 'item_id': 34, 'cond': 'c', 'thisN': 0, 'thisTrialN': 0, 'thisRepN': 0}>
4868.7128 	EXP 	Sound test_sound reached end of file
4868.7171 	EXP 	Sound test_sound started
4868.7150 	DATA 	Keypress: space
4868.7246 	EXP 	instr: autoDraw = False
4868.7246 	EXP 	polygon_2: autoDraw = True
4870.9341 	EXP 	Sound test_sound reached end of file
4870.9501 	EXP 	Sound test_sound reached end of file
4871.5570 	EXP 	New trial (rep=0, index=1): <Trial 1 (1 in rep 0) data={'sounds': 'sounds/15b_partir.wav', 'syll': 'CVC', 'stress_unstress': 'Unstressed', 'suffix': 'Mismatch', 'present_past': 'present', 'corrAns': 'num_1', 'trigger_item': 0.0, 'trigger_senonset': 0.2, 'trigger_verbsonset': 0.826865400752314, 'trigger_1_F0': 0.842973894883327, 'trigger_suffix': 1.1042888772729471, 'trigger_2_F0': 1.120815958498066, 'ID_item': 101, 'ID_senonset': 20, 'ID_verbonset': 21, 'ID_1_F0': 22, 'ID_suffix': 23, 'ID_2_F0': 24, 'ms_senonset': 0, 'ms_verbonset': 0.626865400752314, 'ms_1_F0': 0.642973894883327, 'ms_suffix': 0.904288877272947, 'ms_2_F0': 0.920815958498066, 'file_name': '15b_partir.wav', 'item_id': 15, 'cond': 'b', 'thisN': 1, 'thisTrialN': 1, 'thisRepN': 0}>
4871.5646 	EXP 	Sound test_sound reached end of file
4871.5666 	EXP 	Sound test_sound started
4871.5685 	DATA 	Keypress: right
4871.5777 	EXP 	polygon_2: autoDraw = False
4871.5777 	EXP 	text_3: autoDraw = False
4871.5777 	EXP 	polygon_2: autoDraw = True
4873.6198 	EXP 	Sound test_sound reached end of file
4873.6337 	EXP 	Sound test_sound reached end of file
4876.1393 	EXP 	New trial (rep=0, index=2): <Trial 2 (2 in rep 0) data={'sounds': 'sounds/36c_bordar.wav', 'syll': 'CVC', 'stress_unstress': 'Unstressed', 'suffix': 'Match', 'present_past': 'past', 'corrAns': 'num_2', 'trigger_item': 0.0, 'trigger_senonset': 0.2, 'trigger_verbsonset': 1.0, 'trigger_1_F0': 1.078468243634259, 'trigger_suffix': 1.3288624855324, 'trigger_2_F0': 1.3414992042824, 'ID_item': 101, 'ID_senonset': 30, 'ID_verbonset': 31, 'ID_1_F0': 32, 'ID_suffix': 33, 'ID_2_F0': 34, 'ms_senonset': 0, 'ms_verbonset': 0.8, 'ms_1_F0': 0.878468243634259, 'ms_suffix': 1.1288624855324, 'ms_2_F0': 1.1414992042824, 'file_name': '36c_bordar.wav', 'item_id': 36, 'cond': 'c', 'thisN': 2, 'thisTrialN': 2, 'thisRepN': 0}>
4876.1465 	EXP 	Sound test_sound reached end of file
4876.1499 	EXP 	Sound test_sound started
4876.1492 	DATA 	Keypress: left
4876.1570 	EXP 	polygon_2: autoDraw = False
4876.1570 	EXP 	text_3: autoDraw = False
4876.1570 	EXP 	polygon_2: autoDraw = True
4878.4049 	EXP 	Sound test_sound reached end of file
4878.4167 	EXP 	Sound test_sound reached end of file
4879.9237 	EXP 	New trial (rep=0, index=3): <Trial 3 (3 in rep 0) data={'sounds': 'sounds/29a_pesar.wav', 'syll': 'CVC', 'stress_unstress': 'Stressed', 'suffix': 'Match', 'present_past': 'present', 'corrAns': 'num_1', 'trigger_item': 0.0, 'trigger_senonset': 0.2, 'trigger_verbsonset': 0.91328417532552, 'trigger_1_F0': 0.925531286730473, 'trigger_suffix': 1.03, 'trigger_2_F0': 1.150619522602117, 'ID_item': 101, 'ID_senonset': 10, 'ID_verbonset': 11, 'ID_1_F0': 12, 'ID_suffix': 13, 'ID_2_F0': 14, 'ms_senonset': 0, 'ms_verbonset': 0.71328417532552, 'ms_1_F0': 0.725531286730473, 'ms_suffix': 0.83, 'ms_2_F0': 0.950619522602117, 'file_name': '29a_pesar.wav', 'item_id': 29, 'cond': 'a', 'thisN': 3, 'thisTrialN': 3, 'thisRepN': 0}>
4879.9300 	EXP 	Sound test_sound reached end of file
4879.9334 	EXP 	Sound test_sound started
4879.9327 	DATA 	Keypress: left
4879.9412 	EXP 	polygon_2: autoDraw = False
4879.9412 	EXP 	text_3: autoDraw = False
4879.9412 	EXP 	polygon_2: autoDraw = True
4881.8300 	EXP 	Sound test_sound reached end of file
4881.8355 	EXP 	Sound test_sound reached end of file
4884.1580 	EXP 	New trial (rep=0, index=4): <Trial 4 (4 in rep 0) data={'sounds': 'sounds/13c_montar.wav', 'syll': 'CVC', 'stress_unstress': 'Unstressed', 'suffix': 'Match', 'present_past': 'past', 'corrAns': 'num_2', 'trigger_item': 0.0, 'trigger_senonset': 0.2, 'trigger_verbsonset': 0.8800000000000001, 'trigger_1_F0': 0.98, 'trigger_suffix': 1.24543012152777, 'trigger_2_F0': 1.2594709201388798, 'ID_item': 101, 'ID_senonset': 30, 'ID_verbonset': 31, 'ID_1_F0': 32, 'ID_suffix': 33, 'ID_2_F0': 34, 'ms_senonset': 0, 'ms_verbonset': 0.68, 'ms_1_F0': 0.78, 'ms_suffix': 1.04543012152777, 'ms_2_F0': 1.05947092013888, 'file_name': '13c_montar.wav', 'item_id': 13, 'cond': 'c', 'thisN': 4, 'thisTrialN': 4, 'thisRepN': 0}>
4884.1661 	EXP 	Sound test_sound reached end of file
4884.1667 	EXP 	Sound test_sound started
4884.1688 	DATA 	Keypress: right
4884.1765 	EXP 	polygon_2: autoDraw = False
4884.1765 	EXP 	text_3: autoDraw = False
4884.1765 	EXP 	polygon_2: autoDraw = True
4886.4526 	EXP 	Sound test_sound reached end of file
4886.4579 	EXP 	Sound test_sound reached end of file
4887.0239 	EXP 	New trial (rep=0, index=5): <Trial 5 (5 in rep 0) data={'sounds': 'sounds/12a_matar.wav', 'syll': 'CVC', 'stress_unstress': 'Stressed', 'suffix': 'Match', 'present_past': 'present', 'corrAns': 'num_1', 'trigger_item': 0.0, 'trigger_senonset': 0.2, 'trigger_verbsonset': 0.8400000000000001, 'trigger_1_F0': 0.96, 'trigger_suffix': 1.17307472511574, 'trigger_2_F0': 1.186647497106481, 'ID_item': 101, 'ID_senonset': 10, 'ID_verbonset': 11, 'ID_1_F0': 12, 'ID_suffix': 13, 'ID_2_F0': 14, 'ms_senonset': 0, 'ms_verbonset': 0.64, 'ms_1_F0': 0.76, 'ms_suffix': 0.97307472511574, 'ms_2_F0': 0.986647497106481, 'file_name': '12a_matar.wav', 'item_id': 12, 'cond': 'a', 'thisN': 5, 'thisTrialN': 5, 'thisRepN': 0}>
4887.0324 	EXP 	Sound test_sound reached end of file
4887.0334 	EXP 	Sound test_sound started
4887.0346 	DATA 	Keypress: left
4887.0444 	EXP 	polygon_2: autoDraw = False
4887.0444 	EXP 	text_3: autoDraw = False
4887.0444 	EXP 	polygon_2: autoDraw = True
4889.2101 	EXP 	Sound test_sound reached end of file
4889.2173 	EXP 	Sound test_sound reached end of file
4889.9567 	EXP 	New trial (rep=0, index=6): <Trial 6 (6 in rep 0) data={'sounds': 'sounds/17d_tragar.wav', 'syll': 'CVC', 'stress_unstress': 'Stressed', 'suffix': 'Mismatch', 'present_past': 'past', 'corrAns': 'num_2', 'trigger_item': 0.0, 'trigger_senonset': 0.2, 'trigger_verbsonset': 1.070609360532407, 'trigger_1_F0': 1.117973654513888, 'trigger_suffix': 1.30915316840277, 'trigger_2_F0': 1.35458539534397, 'ID_item': 101, 'ID_senonset': 40, 'ID_verbonset': 41, 'ID_1_F0': 42, 'ID_suffix': 43, 'ID_2_F0': 44, 'ms_senonset': 0, 'ms_verbonset': 0.870609360532407, 'ms_1_F0': 0.917973654513888, 'ms_suffix': 1.10915316840277, 'ms_2_F0': 1.15458539534397, 'file_name': '17d_tragar.wav', 'item_id': 17, 'cond': 'd', 'thisN': 6, 'thisTrialN': 6, 'thisRepN': 0}>
4889.9630 	EXP 	Sound test_sound reached end of file
4889.9677 	EXP 	Sound test_sound started
4889.9653 	DATA 	Keypress: right
4889.9730 	EXP 	polygon_2: autoDraw = False
4889.9730 	EXP 	text_3: autoDraw = False
4889.9730 	EXP 	polygon_2: autoDraw = True
4892.2509 	EXP 	Sound test_sound reached end of file
4892.2668 	EXP 	Sound test_sound reached end of file
4894.7747 	EXP 	New trial (rep=0, index=7): <Trial 7 (7 in rep 0) data={'sounds': 'sounds/35b_secar.wav', 'syll': 'CVC', 'stress_unstress': 'Unstressed', 'suffix': 'Mismatch', 'present_past': 'present', 'corrAns': 'num_1', 'trigger_item': 0.0, 'trigger_senonset': 0.2, 'trigger_verbsonset': 0.8990044921875, 'trigger_1_F0': 1.025708658854166, 'trigger_suffix': 1.179689416956018, 'trigger_2_F0': 1.20652606336805, 'ID_item': 101, 'ID_senonset': 20, 'ID_verbonset': 21, 'ID_1_F0': 22, 'ID_suffix': 23, 'ID_2_F0': 24, 'ms_senonset': 0, 'ms_verbonset': 0.6990044921875, 'ms_1_F0': 0.825708658854166, 'ms_suffix': 0.979689416956018, 'ms_2_F0': 1.00652606336805, 'file_name': '35b_secar.wav', 'item_id': 35, 'cond': 'b', 'thisN': 7, 'thisTrialN': 7, 'thisRepN': 0}>
4894.7831 	EXP 	Sound test_sound reached end of file
4894.7840 	EXP 	Sound test_sound started
4894.7852 	DATA 	Keypress: right
4894.7954 	EXP 	polygon_2: autoDraw = False
4894.7954 	EXP 	text_3: autoDraw = False
4894.7954 	EXP 	polygon_2: autoDraw = True
4896.9170 	EXP 	Sound test_sound reached end of file
4896.9337 	EXP 	Sound test_sound reached end of file
4899.6734 	EXP 	New trial (rep=0, index=8): <Trial 8 (8 in rep 0) data={'sounds': 'sounds/39b_manchar.wav', 'syll': 'CVC', 'stress_unstress': 'Unstressed', 'suffix': 'Mismatch', 'present_past': 'present', 'corrAns': 'num_1', 'trigger_item': 0.0, 'trigger_senonset': 0.2, 'trigger_verbsonset': 0.81, 'trigger_1_F0': 0.91203755787037, 'trigger_suffix': 1.140584317129629, 'trigger_2_F0': 1.2139708912037, 'ID_item': 101, 'ID_senonset': 20, 'ID_verbonset': 21, 'ID_1_F0': 22, 'ID_suffix': 23, 'ID_2_F0': 24, 'ms_senonset': 0, 'ms_verbonset': 0.61, 'ms_1_F0': 0.71203755787037, 'ms_suffix': 0.940584317129629, 'ms_2_F0': 1.0139708912037, 'file_name': '39b_manchar.wav', 'item_id': 39, 'cond': 'b', 'thisN': 8, 'thisTrialN': 8, 'thisRepN': 0}>
4899.6816 	EXP 	Sound test_sound reached end of file
4899.6833 	EXP 	Sound test_sound started
4899.6850 	DATA 	Keypress: left
4899.6928 	EXP 	polygon_2: autoDraw = False
4899.6928 	EXP 	text_3: autoDraw = False
4899.6928 	EXP 	polygon_2: autoDraw = True
4901.9171 	EXP 	Sound test_sound reached end of file
4901.9330 	EXP 	Sound test_sound reached end of file
4904.8239 	EXP 	New trial (rep=0, index=9): <Trial 9 (9 in rep 0) data={'sounds': 'sounds/27c_tirar.wav', 'syll': 'CVC', 'stress_unstress': 'Unstressed', 'suffix': 'Match', 'present_past': 'past', 'corrAns': 'num_2', 'trigger_item': 0.0, 'trigger_senonset': 0.2, 'trigger_verbsonset': 0.8119442057291659, 'trigger_1_F0': 0.8307495153356481, 'trigger_suffix': 0.9885306495949072, 'trigger_2_F0': 0.998621303530092, 'ID_item': 101, 'ID_senonset': 30, 'ID_verbonset': 31, 'ID_1_F0': 32, 'ID_suffix': 33, 'ID_2_F0': 34, 'ms_senonset': 0, 'ms_verbonset': 0.611944205729166, 'ms_1_F0': 0.630749515335648, 'ms_suffix': 0.788530649594907, 'ms_2_F0': 0.798621303530092, 'file_name': '27c_tirar.wav', 'item_id': 27, 'cond': 'c', 'thisN': 9, 'thisTrialN': 9, 'thisRepN': 0}>
4904.8323 	EXP 	Sound test_sound reached end of file
4904.8333 	EXP 	Sound test_sound started
4904.8349 	DATA 	Keypress: right
4904.8432 	EXP 	polygon_2: autoDraw = False
4904.8432 	EXP 	text_3: autoDraw = False
4904.8432 	EXP 	polygon_2: autoDraw = True
4906.8169 	EXP 	Sound test_sound reached end of file
4906.8337 	EXP 	Sound test_sound reached end of file
4908.3035 	DATA 	Keypress: left
4908.3334 	EXP 	polygon_2: autoDraw = False
4908.3334 	EXP 	text_3: autoDraw = True
4931.0528 	EXP 	New trial (rep=0, index=10): <Trial 10 (10 in rep 0) data={'sounds': 'sounds/26a_bajar.wav', 'syll': 'CVC', 'stress_unstress': 'Stressed', 'suffix': 'Match', 'present_past': 'present', 'corrAns': 'num_1', 'trigger_item': 0.0, 'trigger_senonset': 0.2, 'trigger_verbsonset': 0.77, 'trigger_1_F0': 0.8999999999999999, 'trigger_suffix': 1.03, 'trigger_2_F0': 1.171181705729166, 'ID_item': 101, 'ID_senonset': 10, 'ID_verbonset': 11, 'ID_1_F0': 12, 'ID_suffix': 13, 'ID_2_F0': 14, 'ms_senonset': 0, 'ms_verbonset': 0.57, 'ms_1_F0': 0.7, 'ms_suffix': 0.83, 'ms_2_F0': 0.971181705729166, 'file_name': '26a_bajar.wav', 'item_id': 26, 'cond': 'a', 'thisN': 10, 'thisTrialN': 10, 'thisRepN': 0}>
4931.0595 	EXP 	Sound test_sound reached end of file
4931.0665 	EXP 	Sound test_sound started
4931.0624 	DATA 	Keypress: space
4931.0717 	EXP 	text_3: autoDraw = False
4931.0717 	EXP 	polygon_2: autoDraw = True
4933.1170 	EXP 	Sound test_sound reached end of file
4933.1336 	EXP 	Sound test_sound reached end of file
4933.6572 	EXP 	New trial (rep=0, index=11): <Trial 11 (11 in rep 0) data={'sounds': 'sounds/33b_culpar.wav', 'syll': 'CVC', 'stress_unstress': 'Unstressed', 'suffix': 'Mismatch', 'present_past': 'present', 'corrAns': 'num_1', 'trigger_item': 0.0, 'trigger_senonset': 0.2, 'trigger_verbsonset': 0.8606178431336959, 'trigger_1_F0': 0.869103678029107, 'trigger_suffix': 1.109891641372144, 'trigger_2_F0': 1.131540467434179, 'ID_item': 101, 'ID_senonset': 20, 'ID_verbonset': 21, 'ID_1_F0': 22, 'ID_suffix': 23, 'ID_2_F0': 24, 'ms_senonset': 0, 'ms_verbonset': 0.660617843133696, 'ms_1_F0': 0.669103678029107, 'ms_suffix': 0.909891641372144, 'ms_2_F0': 0.931540467434179, 'file_name': '33b_culpar.wav', 'item_id': 33, 'cond': 'b', 'thisN': 11, 'thisTrialN': 11, 'thisRepN': 0}>
4933.6643 	EXP 	Sound test_sound reached end of file
4933.6665 	EXP 	Sound test_sound started
4933.6674 	DATA 	Keypress: left
4933.6751 	EXP 	polygon_2: autoDraw = False
4933.6751 	EXP 	text_3: autoDraw = False
4933.6751 	EXP 	polygon_2: autoDraw = True
4935.7330 	EXP 	Sound test_sound paused
4935.7376 	EXP 	New trial (rep=0, index=12): <Trial 12 (12 in rep 0) data={'sounds': 'sounds/28d_parar.wav', 'syll': 'CVC', 'stress_unstress': 'Stressed', 'suffix': 'Mismatch', 'present_past': 'past', 'corrAns': 'num_2', 'trigger_item': 0.0, 'trigger_senonset': 0.2, 'trigger_verbsonset': 0.8458860026041659, 'trigger_1_F0': 0.862313736979166, 'trigger_suffix': 1.018194683159722, 'trigger_2_F0': 1.032797113715277, 'ID_item': 101, 'ID_senonset': 40, 'ID_verbonset': 41, 'ID_1_F0': 42, 'ID_suffix': 43, 'ID_2_F0': 44, 'ms_senonset': 0, 'ms_verbonset': 0.645886002604166, 'ms_1_F0': 0.662313736979166, 'ms_suffix': 0.818194683159722, 'ms_2_F0': 0.832797113715277, 'file_name': '28d_parar.wav', 'item_id': 28, 'cond': 'd', 'thisN': 12, 'thisTrialN': 12, 'thisRepN': 0}>
4935.7446 	EXP 	Sound test_sound reached end of file
4935.7501 	EXP 	Sound test_sound started
4935.7476 	DATA 	Keypress: right
4935.7571 	EXP 	polygon_2: autoDraw = False
4935.7571 	EXP 	text_3: autoDraw = False
4935.7571 	EXP 	polygon_2: autoDraw = True
4937.6536 	EXP 	Sound test_sound reached end of file
4937.6671 	EXP 	Sound test_sound reached end of file
4940.6564 	EXP 	New trial (rep=0, index=13): <Trial 13 (13 in rep 0) data={'sounds': 'sounds/11a_pegar.wav', 'syll': 'CVC', 'stress_unstress': 'Stressed', 'suffix': 'Match', 'present_past': 'present', 'corrAns': 'num_1', 'trigger_item': 0.0, 'trigger_senonset': 0.2, 'trigger_verbsonset': 0.8182808977343741, 'trigger_1_F0': 0.831294515585661, 'trigger_suffix': 0.98, 'trigger_2_F0': 1.012063288108519, 'ID_item': 101, 'ID_senonset': 10, 'ID_verbonset': 11, 'ID_1_F0': 12, 'ID_suffix': 13, 'ID_2_F0': 14, 'ms_senonset': 0, 'ms_verbonset': 0.618280897734374, 'ms_1_F0': 0.631294515585661, 'ms_suffix': 0.78, 'ms_2_F0': 0.812063288108519, 'file_name': '11a_pegar.wav', 'item_id': 11, 'cond': 'a', 'thisN': 13, 'thisTrialN': 13, 'thisRepN': 0}>
4940.6632 	EXP 	Sound test_sound reached end of file
4940.6665 	EXP 	Sound test_sound started
4940.6664 	DATA 	Keypress: right
4940.6743 	EXP 	polygon_2: autoDraw = False
4940.6743 	EXP 	text_3: autoDraw = False
4940.6743 	EXP 	polygon_2: autoDraw = True
4942.5855 	EXP 	Sound test_sound reached end of file
4942.6004 	EXP 	Sound test_sound reached end of file
4944.7239 	EXP 	New trial (rep=0, index=14): <Trial 14 (14 in rep 0) data={'sounds': 'sounds/10d_vender.wav', 'syll': 'CVC', 'stress_unstress': 'Stressed', 'suffix': 'Mismatch', 'present_past': 'past', 'corrAns': 'num_2', 'trigger_item': 0.0, 'trigger_senonset': 0.2, 'trigger_verbsonset': 0.832830209056713, 'trigger_1_F0': 0.8775468199411529, 'trigger_suffix': 1.109501330306288, 'trigger_2_F0': 1.158928471023364, 'ID_item': 101, 'ID_senonset': 40, 'ID_verbonset': 41, 'ID_1_F0': 42, 'ID_suffix': 43, 'ID_2_F0': 44, 'ms_senonset': 0, 'ms_verbonset': 0.632830209056713, 'ms_1_F0': 0.677546819941153, 'ms_suffix': 0.909501330306288, 'ms_2_F0': 0.958928471023364, 'file_name': '10d_vender.wav', 'item_id': 10, 'cond': 'd', 'thisN': 14, 'thisTrialN': 14, 'thisRepN': 0}>
4944.7311 	EXP 	Sound test_sound reached end of file
4944.7333 	EXP 	Sound test_sound started
4944.7347 	DATA 	Keypress: right
4944.7434 	EXP 	polygon_2: autoDraw = False
4944.7434 	EXP 	text_3: autoDraw = False
4944.7434 	EXP 	polygon_2: autoDraw = True
4946.6226 	EXP 	Sound test_sound reached end of file
4946.6330 	EXP 	Sound test_sound reached end of file
4947.0865 	DATA 	Keypress: left
4947.1073 	EXP 	New trial (rep=0, index=15): <Trial 15 (15 in rep 0) data={'sounds': 'sounds/07c_tumbar.wav', 'syll': 'CVC', 'stress_unstress': 'Unstressed', 'suffix': 'Match', 'present_past': 'past', 'corrAns': 'num_2', 'trigger_item': 0.0, 'trigger_senonset': 0.2, 'trigger_verbsonset': 0.9084024930273432, 'trigger_1_F0': 0.9247360728973012, 'trigger_suffix': 1.143289673625005, 'trigger_2_F0': 1.154847989033482, 'ID_item': 101, 'ID_senonset': 30, 'ID_verbonset': 31, 'ID_1_F0': 32, 'ID_suffix': 33, 'ID_2_F0': 34, 'ms_senonset': 0, 'ms_verbonset': 0.708402493027343, 'ms_1_F0': 0.724736072897301, 'ms_suffix': 0.943289673625005, 'ms_2_F0': 0.954847989033482, 'file_name': '07c_tumbar.wav', 'item_id': 7, 'cond': 'c', 'thisN': 15, 'thisTrialN': 15, 'thisRepN': 0}>
4947.1134 	EXP 	Sound test_sound reached end of file
4947.1167 	EXP 	Sound test_sound started
4947.1229 	EXP 	polygon_2: autoDraw = False
4947.1229 	EXP 	text_3: autoDraw = False
4947.1229 	EXP 	polygon_2: autoDraw = True
4949.0443 	EXP 	Sound test_sound reached end of file
4949.0515 	EXP 	Sound test_sound reached end of file
4950.9903 	EXP 	New trial (rep=0, index=16): <Trial 16 (16 in rep 0) data={'sounds': 'sounds/22d_dejar.wav', 'syll': 'CVC', 'stress_unstress': 'Stressed', 'suffix': 'Mismatch', 'present_past': 'past', 'corrAns': 'num_2', 'trigger_item': 0.0, 'trigger_senonset': 0.2, 'trigger_verbsonset': 0.8500000000000001, 'trigger_1_F0': 1.02, 'trigger_suffix': 1.152543366608796, 'trigger_2_F0': 1.28794346788194, 'ID_item': 101, 'ID_senonset': 40, 'ID_verbonset': 41, 'ID_1_F0': 42, 'ID_suffix': 43, 'ID_2_F0': 44, 'ms_senonset': 0, 'ms_verbonset': 0.65, 'ms_1_F0': 0.82, 'ms_suffix': 0.952543366608796, 'ms_2_F0': 1.08794346788194, 'file_name': '22d_dejar.wav', 'item_id': 22, 'cond': 'd', 'thisN': 16, 'thisTrialN': 16, 'thisRepN': 0}>
4950.9974 	EXP 	Sound test_sound reached end of file
4951.0001 	EXP 	Sound test_sound started
4951.0014 	DATA 	Keypress: right
4951.0087 	EXP 	polygon_2: autoDraw = False
4951.0087 	EXP 	text_3: autoDraw = False
4951.0087 	EXP 	polygon_2: autoDraw = True
4953.0235 	EXP 	Sound test_sound reached end of file
4953.0334 	EXP 	Sound test_sound reached end of file
4953.1902 	EXP 	New trial (rep=0, index=17): <Trial 17 (17 in rep 0) data={'sounds': 'sounds/20c_cubrir.wav', 'syll': 'CVC', 'stress_unstress': 'Unstressed', 'suffix': 'Match', 'present_past': 'past', 'corrAns': 'num_2', 'trigger_item': 0.0, 'trigger_senonset': 0.2, 'trigger_verbsonset': 0.980138641742621, 'trigger_1_F0': 1.01, 'trigger_suffix': 1.192436112212021, 'trigger_2_F0': 1.28412143493692, 'ID_item': 101, 'ID_senonset': 30, 'ID_verbonset': 31, 'ID_1_F0': 32, 'ID_suffix': 33, 'ID_2_F0': 34, 'ms_senonset': 0, 'ms_verbonset': 0.780138641742621, 'ms_1_F0': 0.81, 'ms_suffix': 0.992436112212021, 'ms_2_F0': 1.08412143493692, 'file_name': '20c_cubrir.wav', 'item_id': 20, 'cond': 'c', 'thisN': 17, 'thisTrialN': 17, 'thisRepN': 0}>
4953.1994 	EXP 	Sound test_sound reached end of file
4953.2004 	EXP 	Sound test_sound started
4953.2017 	DATA 	Keypress: left
4953.2107 	EXP 	polygon_2: autoDraw = False
4953.2107 	EXP 	text_3: autoDraw = False
4953.2107 	EXP 	polygon_2: autoDraw = True
4955.3224 	EXP 	Sound test_sound reached end of file
4955.3343 	EXP 	Sound test_sound reached end of file
4955.9743 	EXP 	New trial (rep=0, index=18): <Trial 18 (18 in rep 0) data={'sounds': 'sounds/37b_pasar.wav', 'syll': 'CVC', 'stress_unstress': 'Unstressed', 'suffix': 'Mismatch', 'present_past': 'present', 'corrAns': 'num_1', 'trigger_item': 0.0, 'trigger_senonset': 0.2, 'trigger_verbsonset': 1.033132486979166, 'trigger_1_F0': 1.052087565104166, 'trigger_suffix': 1.159499674479166, 'trigger_2_F0': 1.27702115885416, 'ID_item': 101, 'ID_senonset': 20, 'ID_verbonset': 21, 'ID_1_F0': 22, 'ID_suffix': 23, 'ID_2_F0': 24, 'ms_senonset': 0, 'ms_verbonset': 0.833132486979166, 'ms_1_F0': 0.852087565104166, 'ms_suffix': 0.959499674479166, 'ms_2_F0': 1.07702115885416, 'file_name': '37b_pasar.wav', 'item_id': 37, 'cond': 'b', 'thisN': 18, 'thisTrialN': 18, 'thisRepN': 0}>
4955.9815 	EXP 	Sound test_sound reached end of file
4955.9836 	EXP 	Sound test_sound started
4955.9838 	DATA 	Keypress: left
4955.9928 	EXP 	polygon_2: autoDraw = False
4955.9928 	EXP 	text_3: autoDraw = False
4955.9928 	EXP 	polygon_2: autoDraw = True
4958.0759 	EXP 	Sound test_sound reached end of file
4958.0836 	EXP 	Sound test_sound reached end of file
4958.5904 	EXP 	New trial (rep=0, index=19): <Trial 19 (19 in rep 0) data={'sounds': 'sounds/24d_mirar.wav', 'syll': 'CVC', 'stress_unstress': 'Stressed', 'suffix': 'Mismatch', 'present_past': 'past', 'corrAns': 'num_2', 'trigger_item': 0.0, 'trigger_senonset': 0.2, 'trigger_verbsonset': 0.71, 'trigger_1_F0': 0.8119545789930551, 'trigger_suffix': 0.9389863642939812, 'trigger_2_F0': 0.9746780743634248, 'ID_item': 101, 'ID_senonset': 40, 'ID_verbonset': 41, 'ID_1_F0': 42, 'ID_suffix': 43, 'ID_2_F0': 44, 'ms_senonset': 0, 'ms_verbonset': 0.51, 'ms_1_F0': 0.611954578993055, 'ms_suffix': 0.738986364293981, 'ms_2_F0': 0.774678074363425, 'file_name': '24d_mirar.wav', 'item_id': 24, 'cond': 'd', 'thisN': 19, 'thisTrialN': 19, 'thisRepN': 0}>
4958.5971 	EXP 	Sound test_sound reached end of file
4958.6002 	EXP 	Sound test_sound started
4958.5996 	DATA 	Keypress: right
4958.6074 	EXP 	polygon_2: autoDraw = False
4958.6074 	EXP 	text_3: autoDraw = False
4958.6074 	EXP 	polygon_2: autoDraw = True
4960.2844 	EXP 	Sound test_sound reached end of file
4960.3002 	EXP 	Sound test_sound reached end of file
4961.0591 	DATA 	Keypress: left
4961.0667 	EXP 	polygon_2: autoDraw = False
4961.0667 	EXP 	text_3: autoDraw = True
4979.3701 	EXP 	New trial (rep=0, index=20): <Trial 20 (20 in rep 0) data={'sounds': 'sounds/16a_llevar.wav', 'syll': 'CVC', 'stress_unstress': 'Stressed', 'suffix': 'Match', 'present_past': 'present', 'corrAns': 'num_1', 'trigger_item': 0.0, 'trigger_senonset': 0.2, 'trigger_verbsonset': 0.929084516317274, 'trigger_1_F0': 0.964936524692279, 'trigger_suffix': 1.08, 'trigger_2_F0': 1.131864014418682, 'ID_item': 101, 'ID_senonset': 10, 'ID_verbonset': 11, 'ID_1_F0': 12, 'ID_suffix': 13, 'ID_2_F0': 14, 'ms_senonset': 0, 'ms_verbonset': 0.729084516317274, 'ms_1_F0': 0.764936524692279, 'ms_suffix': 0.88, 'ms_2_F0': 0.931864014418682, 'file_name': '16a_llevar.wav', 'item_id': 16, 'cond': 'a', 'thisN': 20, 'thisTrialN': 20, 'thisRepN': 0}>
4979.3769 	EXP 	Sound test_sound reached end of file
4979.3841 	EXP 	Sound test_sound started
4979.3785 	DATA 	Keypress: space
4979.3875 	EXP 	text_3: autoDraw = False
4979.3875 	EXP 	polygon_2: autoDraw = True
4981.2703 	EXP 	Sound test_sound reached end of file
4981.2837 	EXP 	Sound test_sound reached end of file
4982.6710 	DATA 	Keypress: right
4982.6901 	EXP 	New trial (rep=0, index=21): <Trial 21 (21 in rep 0) data={'sounds': 'sounds/03b_limpiar.wav', 'syll': 'CVC', 'stress_unstress': 'Unstressed', 'suffix': 'Mismatch', 'present_past': 'present', 'corrAns': 'num_1', 'trigger_item': 0.0, 'trigger_senonset': 0.2, 'trigger_verbsonset': 0.8500000000000001, 'trigger_1_F0': 0.932367621527777, 'trigger_suffix': 1.26878515625, 'trigger_2_F0': 1.35808463541666, 'ID_item': 101, 'ID_senonset': 20, 'ID_verbonset': 21, 'ID_1_F0': 22, 'ID_suffix': 23, 'ID_2_F0': 24, 'ms_senonset': 0, 'ms_verbonset': 0.65, 'ms_1_F0': 0.732367621527777, 'ms_suffix': 1.06878515625, 'ms_2_F0': 1.15808463541666, 'file_name': '03b_limpiar.wav', 'item_id': 3, 'cond': 'b', 'thisN': 21, 'thisTrialN': 21, 'thisRepN': 0}>
4982.6987 	EXP 	Sound test_sound reached end of file
4982.7001 	EXP 	Sound test_sound started
4982.7101 	EXP 	polygon_2: autoDraw = False
4982.7101 	EXP 	text_3: autoDraw = False
4982.7101 	EXP 	polygon_2: autoDraw = True
4984.8282 	EXP 	Sound test_sound reached end of file
4984.8343 	EXP 	Sound test_sound reached end of file
4985.1072 	EXP 	New trial (rep=0, index=22): <Trial 22 (22 in rep 0) data={'sounds': 'sounds/09c_cargar.wav', 'syll': 'CVC', 'stress_unstress': 'Unstressed', 'suffix': 'Match', 'present_past': 'past', 'corrAns': 'num_2', 'trigger_item': 0.0, 'trigger_senonset': 0.2, 'trigger_verbsonset': 0.81286744068287, 'trigger_1_F0': 0.8382251229745361, 'trigger_suffix': 1.032634020543981, 'trigger_2_F0': 1.090594437210648, 'ID_item': 101, 'ID_senonset': 30, 'ID_verbonset': 31, 'ID_1_F0': 32, 'ID_suffix': 33, 'ID_2_F0': 34, 'ms_senonset': 0, 'ms_verbonset': 0.61286744068287, 'ms_1_F0': 0.638225122974536, 'ms_suffix': 0.832634020543981, 'ms_2_F0': 0.890594437210648, 'file_name': '09c_cargar.wav', 'item_id': 9, 'cond': 'c', 'thisN': 22, 'thisTrialN': 22, 'thisRepN': 0}>
4985.1159 	EXP 	Sound test_sound reached end of file
4985.1168 	EXP 	Sound test_sound started
4985.1187 	DATA 	Keypress: right
4985.1268 	EXP 	polygon_2: autoDraw = False
4985.1268 	EXP 	text_3: autoDraw = False
4985.1268 	EXP 	polygon_2: autoDraw = True
4987.0414 	EXP 	Sound test_sound reached end of file
4987.0502 	EXP 	Sound test_sound reached end of file
4987.8368 	DATA 	Keypress: left
4987.8551 	EXP 	New trial (rep=0, index=23): <Trial 23 (23 in rep 0) data={'sounds': 'sounds/21a_mezclar.wav', 'syll': 'CVC', 'stress_unstress': 'Stressed', 'suffix': 'Match', 'present_past': 'present', 'corrAns': 'num_1', 'trigger_item': 0.0, 'trigger_senonset': 0.2, 'trigger_verbsonset': 0.78, 'trigger_1_F0': 0.9121902777777772, 'trigger_suffix': 1.20214212962962, 'trigger_2_F0': 1.27, 'ID_item': 101, 'ID_senonset': 10, 'ID_verbonset': 11, 'ID_1_F0': 12, 'ID_suffix': 13, 'ID_2_F0': 14, 'ms_senonset': 0, 'ms_verbonset': 0.58, 'ms_1_F0': 0.712190277777777, 'ms_suffix': 1.00214212962962, 'ms_2_F0': 1.07, 'file_name': '21a_mezclar.wav', 'item_id': 21, 'cond': 'a', 'thisN': 23, 'thisTrialN': 23, 'thisRepN': 0}>
4987.8606 	EXP 	Sound test_sound reached end of file
4987.8667 	EXP 	Sound test_sound started
4987.8713 	EXP 	polygon_2: autoDraw = False
4987.8713 	EXP 	text_3: autoDraw = False
4987.8713 	EXP 	polygon_2: autoDraw = True
4989.8696 	EXP 	Sound test_sound reached end of file
4989.8838 	EXP 	Sound test_sound reached end of file
4991.2075 	EXP 	New trial (rep=0, index=24): <Trial 24 (24 in rep 0) data={'sounds': 'sounds/02c_buscar.wav', 'syll': 'CVC', 'stress_unstress': 'Unstressed', 'suffix': 'Match', 'present_past': 'past', 'corrAns': 'num_2', 'trigger_item': 0.0, 'trigger_senonset': 0.2, 'trigger_verbsonset': 0.8700000000000001, 'trigger_1_F0': 1.07, 'trigger_suffix': 1.26, 'trigger_2_F0': 1.40703946035879, 'ID_item': 101, 'ID_senonset': 30, 'ID_verbonset': 31, 'ID_1_F0': 32, 'ID_suffix': 33, 'ID_2_F0': 34, 'ms_senonset': 0, 'ms_verbonset': 0.67, 'ms_1_F0': 0.87, 'ms_suffix': 1.06, 'ms_2_F0': 1.20703946035879, 'file_name': '02c_buscar.wav', 'item_id': 2, 'cond': 'c', 'thisN': 24, 'thisTrialN': 24, 'thisRepN': 0}>
4991.2155 	EXP 	Sound test_sound reached end of file
4991.2170 	EXP 	Sound test_sound started
4991.2180 	DATA 	Keypress: right
4991.2268 	EXP 	polygon_2: autoDraw = False
4991.2268 	EXP 	text_3: autoDraw = False
4991.2268 	EXP 	polygon_2: autoDraw = True
4993.3357 	EXP 	Sound test_sound reached end of file
4993.3502 	EXP 	Sound test_sound reached end of file
4993.3737 	EXP 	New trial (rep=0, index=25): <Trial 25 (25 in rep 0) data={'sounds': 'sounds/19a_marcar.wav', 'syll': 'CVC', 'stress_unstress': 'Stressed', 'suffix': 'Match', 'present_past': 'present', 'corrAns': 'num_1', 'trigger_item': 0.0, 'trigger_senonset': 0.2, 'trigger_verbsonset': 0.8400000000000001, 'trigger_1_F0': 0.97, 'trigger_suffix': 1.245718359375, 'trigger_2_F0': 1.273519140625, 'ID_item': 101, 'ID_senonset': 10, 'ID_verbonset': 11, 'ID_1_F0': 12, 'ID_suffix': 13, 'ID_2_F0': 14, 'ms_senonset': 0, 'ms_verbonset': 0.64, 'ms_1_F0': 0.77, 'ms_suffix': 1.045718359375, 'ms_2_F0': 1.073519140625, 'file_name': '19a_marcar.wav', 'item_id': 19, 'cond': 'a', 'thisN': 25, 'thisTrialN': 25, 'thisRepN': 0}>
4993.3793 	EXP 	Sound test_sound reached end of file
4993.3834 	EXP 	Sound test_sound started
4993.3823 	DATA 	Keypress: left
4993.3904 	EXP 	polygon_2: autoDraw = False
4993.3904 	EXP 	text_3: autoDraw = False
4993.3904 	EXP 	polygon_2: autoDraw = True
4995.2676 	EXP 	Sound test_sound reached end of file
4995.2833 	EXP 	Sound test_sound reached end of file
4996.8070 	EXP 	New trial (rep=0, index=26): <Trial 26 (26 in rep 0) data={'sounds': 'sounds/14b_borrar.wav', 'syll': 'CVC', 'stress_unstress': 'Unstressed', 'suffix': 'Mismatch', 'present_past': 'present', 'corrAns': 'num_1', 'trigger_item': 0.0, 'trigger_senonset': 0.2, 'trigger_verbsonset': 0.72, 'trigger_1_F0': 0.770187630208333, 'trigger_suffix': 0.851961241319444, 'trigger_2_F0': 0.964399956597222, 'ID_item': 101, 'ID_senonset': 20, 'ID_verbonset': 21, 'ID_1_F0': 22, 'ID_suffix': 23, 'ID_2_F0': 24, 'ms_senonset': 0, 'ms_verbonset': 0.52, 'ms_1_F0': 0.570187630208333, 'ms_suffix': 0.651961241319444, 'ms_2_F0': 0.764399956597222, 'file_name': '14b_borrar.wav', 'item_id': 14, 'cond': 'b', 'thisN': 26, 'thisTrialN': 26, 'thisRepN': 0}>
4996.8150 	EXP 	Sound test_sound reached end of file
4996.8167 	EXP 	Sound test_sound started
4996.8182 	DATA 	Keypress: left
4996.8269 	EXP 	polygon_2: autoDraw = False
4996.8269 	EXP 	text_3: autoDraw = False
4996.8269 	EXP 	polygon_2: autoDraw = True
4998.7560 	EXP 	Sound test_sound reached end of file
4998.7666 	EXP 	Sound test_sound reached end of file
5002.1069 	EXP 	New trial (rep=0, index=27): <Trial 27 (27 in rep 0) data={'sounds': 'sounds/06d_soplar.wav', 'syll': 'CVC', 'stress_unstress': 'Stressed', 'suffix': 'Mismatch', 'present_past': 'past', 'corrAns': 'num_2', 'trigger_item': 0.0, 'trigger_senonset': 0.2, 'trigger_verbsonset': 0.761291666666666, 'trigger_1_F0': 0.8899999999999999, 'trigger_suffix': 1.102139687590422, 'trigger_2_F0': 1.166665581687644, 'ID_item': 101, 'ID_senonset': 40, 'ID_verbonset': 41, 'ID_1_F0': 42, 'ID_suffix': 43, 'ID_2_F0': 44, 'ms_senonset': 0, 'ms_verbonset': 0.561291666666666, 'ms_1_F0': 0.69, 'ms_suffix': 0.902139687590422, 'ms_2_F0': 0.966665581687644, 'file_name': '06d_soplar.wav', 'item_id': 6, 'cond': 'd', 'thisN': 27, 'thisTrialN': 27, 'thisRepN': 0}>
5002.1135 	EXP 	Sound test_sound reached end of file
5002.1167 	EXP 	Sound test_sound started
5002.1161 	DATA 	Keypress: left
5002.1243 	EXP 	polygon_2: autoDraw = False
5002.1243 	EXP 	text_3: autoDraw = False
5002.1243 	EXP 	polygon_2: autoDraw = True
5003.9860 	EXP 	Sound test_sound reached end of file
5004.0002 	EXP 	Sound test_sound reached end of file
5005.7901 	EXP 	New trial (rep=0, index=28): <Trial 28 (28 in rep 0) data={'sounds': 'sounds/01d_salvar.wav', 'syll': 'CVC', 'stress_unstress': 'Stressed', 'suffix': 'Mismatch', 'present_past': 'past', 'corrAns': 'num_2', 'trigger_item': 0.0, 'trigger_senonset': 0.2, 'trigger_verbsonset': 0.8500000000000001, 'trigger_1_F0': 0.996069502314814, 'trigger_suffix': 1.23, 'trigger_2_F0': 1.29, 'ID_item': 101, 'ID_senonset': 40, 'ID_verbonset': 41, 'ID_1_F0': 42, 'ID_suffix': 43, 'ID_2_F0': 44, 'ms_senonset': 0, 'ms_verbonset': 0.65, 'ms_1_F0': 0.796069502314814, 'ms_suffix': 1.03, 'ms_2_F0': 1.09, 'file_name': '01d_salvar.wav', 'item_id': 1, 'cond': 'd', 'thisN': 28, 'thisTrialN': 28, 'thisRepN': 0}>
5005.7971 	EXP 	Sound test_sound reached end of file
5005.8001 	EXP 	Sound test_sound started
5005.8011 	DATA 	Keypress: left
5005.8103 	EXP 	polygon_2: autoDraw = False
5005.8103 	EXP 	text_3: autoDraw = False
5005.8103 	EXP 	polygon_2: autoDraw = True
5007.8507 	EXP 	Sound test_sound reached end of file
5007.8670 	EXP 	Sound test_sound reached end of file
5008.8225 	EXP 	New trial (rep=0, index=29): <Trial 29 (29 in rep 0) data={'sounds': 'sounds/25b_ganar.wav', 'syll': 'CVC', 'stress_unstress': 'Unstressed', 'suffix': 'Mismatch', 'present_past': 'present', 'corrAns': 'num_1', 'trigger_item': 0.0, 'trigger_senonset': 0.2, 'trigger_verbsonset': 1.152097938368055, 'trigger_1_F0': 1.15990068760488, 'trigger_suffix': 1.28904165650454, 'trigger_2_F0': 1.37272500435153, 'ID_item': 101, 'ID_senonset': 20, 'ID_verbonset': 21, 'ID_1_F0': 22, 'ID_suffix': 23, 'ID_2_F0': 24, 'ms_senonset': 0, 'ms_verbonset': 0.952097938368055, 'ms_1_F0': 0.95990068760488, 'ms_suffix': 1.08904165650454, 'ms_2_F0': 1.17272500435153, 'file_name': '25b_ganar.wav', 'item_id': 25, 'cond': 'b', 'thisN': 29, 'thisTrialN': 29, 'thisRepN': 0}>
5008.8291 	EXP 	Sound test_sound reached end of file
5008.8330 	EXP 	Sound test_sound started
5008.8320 	DATA 	Keypress: left
5008.8401 	EXP 	polygon_2: autoDraw = False
5008.8401 	EXP 	text_3: autoDraw = False
5008.8401 	EXP 	polygon_2: autoDraw = True
5011.0039 	EXP 	Sound test_sound paused
5011.0105 	DATA 	Keypress: right
5011.0130 	EXP 	polygon_2: autoDraw = False
5011.0130 	EXP 	text_3: autoDraw = True
5020.4359 	EXP 	New trial (rep=0, index=30): <Trial 30 (30 in rep 0) data={'sounds': 'sounds/32d_pulsar.wav', 'syll': 'CVC', 'stress_unstress': 'Stressed', 'suffix': 'Mismatch', 'present_past': 'past', 'corrAns': 'num_2', 'trigger_item': 0.0, 'trigger_senonset': 0.2, 'trigger_verbsonset': 0.796440212673611, 'trigger_1_F0': 0.8294641710069439, 'trigger_suffix': 0.99, 'trigger_2_F0': 1.097783832465277, 'ID_item': 101, 'ID_senonset': 40, 'ID_verbonset': 41, 'ID_1_F0': 42, 'ID_suffix': 43, 'ID_2_F0': 44, 'ms_senonset': 0, 'ms_verbonset': 0.596440212673611, 'ms_1_F0': 0.629464171006944, 'ms_suffix': 0.79, 'ms_2_F0': 0.897783832465277, 'file_name': '32d_pulsar.wav', 'item_id': 32, 'cond': 'd', 'thisN': 30, 'thisTrialN': 30, 'thisRepN': 0}>
5020.4423 	EXP 	Sound test_sound reached end of file
5020.4499 	EXP 	Sound test_sound started
5020.4449 	DATA 	Keypress: space
5020.4530 	EXP 	text_3: autoDraw = False
5020.4530 	EXP 	polygon_2: autoDraw = True
5022.2416 	EXP 	Sound test_sound reached end of file
5022.2502 	EXP 	Sound test_sound reached end of file
5022.6568 	EXP 	New trial (rep=0, index=31): <Trial 31 (31 in rep 0) data={'sounds': 'sounds/30a_fundar.wav', 'syll': 'CVC', 'stress_unstress': 'Stressed', 'suffix': 'Match', 'present_past': 'present', 'corrAns': 'num_1', 'trigger_item': 0.0, 'trigger_senonset': 0.2, 'trigger_verbsonset': 0.77, 'trigger_1_F0': 0.91, 'trigger_suffix': 1.112685546875, 'trigger_2_F0': 1.12, 'ID_item': 101, 'ID_senonset': 10, 'ID_verbonset': 11, 'ID_1_F0': 12, 'ID_suffix': 13, 'ID_2_F0': 14, 'ms_senonset': 0, 'ms_verbonset': 0.57, 'ms_1_F0': 0.71, 'ms_suffix': 0.912685546875, 'ms_2_F0': 0.92, 'file_name': '30a_fundar.wav', 'item_id': 30, 'cond': 'a', 'thisN': 31, 'thisTrialN': 31, 'thisRepN': 0}>
5022.6645 	EXP 	Sound test_sound reached end of file
5022.6668 	EXP 	Sound test_sound started
5022.6678 	DATA 	Keypress: left
5022.6757 	EXP 	polygon_2: autoDraw = False
5022.6757 	EXP 	text_3: autoDraw = False
5022.6757 	EXP 	polygon_2: autoDraw = True
5024.8061 	EXP 	Sound test_sound reached end of file
5024.8168 	EXP 	Sound test_sound reached end of file
5025.1738 	EXP 	New trial (rep=0, index=32): <Trial 32 (32 in rep 0) data={'sounds': 'sounds/31d_tocar.wav', 'syll': 'CVC', 'stress_unstress': 'Stressed', 'suffix': 'Mismatch', 'present_past': 'past', 'corrAns': 'num_2', 'trigger_item': 0.0, 'trigger_senonset': 0.2, 'trigger_verbsonset': 0.8493931756807, 'trigger_1_F0': 0.8650112062639721, 'trigger_suffix': 1.006860547391531, 'trigger_2_F0': 1.049162047334928, 'ID_item': 101, 'ID_senonset': 40, 'ID_verbonset': 41, 'ID_1_F0': 42, 'ID_suffix': 43, 'ID_2_F0': 44, 'ms_senonset': 0, 'ms_verbonset': 0.6493931756807, 'ms_1_F0': 0.665011206263972, 'ms_suffix': 0.806860547391531, 'ms_2_F0': 0.849162047334928, 'file_name': '31d_tocar.wav', 'item_id': 31, 'cond': 'd', 'thisN': 32, 'thisTrialN': 32, 'thisRepN': 0}>
5025.1800 	EXP 	Sound test_sound reached end of file
5025.1834 	EXP 	Sound test_sound started
5025.1824 	DATA 	Keypress: left
5025.1909 	EXP 	polygon_2: autoDraw = False
5025.1909 	EXP 	text_3: autoDraw = False
5025.1909 	EXP 	polygon_2: autoDraw = True
5027.0687 	EXP 	Sound test_sound reached end of file
5027.0841 	EXP 	Sound test_sound reached end of file
5027.4740 	EXP 	New trial (rep=0, index=33): <Trial 33 (33 in rep 0) data={'sounds': 'sounds/08d_filtrar.wav', 'syll': 'CVC', 'stress_unstress': 'Stressed', 'suffix': 'Mismatch', 'present_past': 'past', 'corrAns': 'num_2', 'trigger_item': 0.0, 'trigger_senonset': 0.2, 'trigger_verbsonset': 0.7526856695589441, 'trigger_1_F0': 0.87808115762362, 'trigger_suffix': 1.118901843962886, 'trigger_2_F0': 1.172598812485867, 'ID_item': 101, 'ID_senonset': 40, 'ID_verbonset': 41, 'ID_1_F0': 42, 'ID_suffix': 43, 'ID_2_F0': 44, 'ms_senonset': 0, 'ms_verbonset': 0.552685669558944, 'ms_1_F0': 0.67808115762362, 'ms_suffix': 0.918901843962886, 'ms_2_F0': 0.972598812485867, 'file_name': '08d_filtrar.wav', 'item_id': 8, 'cond': 'd', 'thisN': 33, 'thisTrialN': 33, 'thisRepN': 0}>
5027.4811 	EXP 	Sound test_sound reached end of file
5027.4836 	EXP 	Sound test_sound started
5027.4843 	DATA 	Keypress: left
5027.4926 	EXP 	polygon_2: autoDraw = False
5027.4926 	EXP 	text_3: autoDraw = False
5027.4926 	EXP 	polygon_2: autoDraw = True
5029.2327 	EXP 	Sound test_sound reached end of file
5029.2368 	EXP 	Sound test_sound reached end of file
5032.3740 	EXP 	New trial (rep=0, index=34): <Trial 34 (34 in rep 0) data={'sounds': 'sounds/05a_fumar.wav', 'syll': 'CVC', 'stress_unstress': 'Stressed', 'suffix': 'Match', 'present_past': 'present', 'corrAns': 'num_1', 'trigger_item': 0.0, 'trigger_senonset': 0.2, 'trigger_verbsonset': 1.15, 'trigger_1_F0': 1.36712555700231, 'trigger_suffix': 1.48, 'trigger_2_F0': 1.56308830295138, 'ID_item': 101, 'ID_senonset': 10, 'ID_verbonset': 11, 'ID_1_F0': 12, 'ID_suffix': 13, 'ID_2_F0': 14, 'ms_senonset': 0, 'ms_verbonset': 0.95, 'ms_1_F0': 1.16712555700231, 'ms_suffix': 1.28, 'ms_2_F0': 1.36308830295138, 'file_name': '05a_fumar.wav', 'item_id': 5, 'cond': 'a', 'thisN': 34, 'thisTrialN': 34, 'thisRepN': 0}>
5032.3809 	EXP 	Sound test_sound reached end of file
5032.3834 	EXP 	Sound test_sound started
5032.3840 	DATA 	Keypress: right
5032.3924 	EXP 	polygon_2: autoDraw = False
5032.3924 	EXP 	text_3: autoDraw = False
5032.3924 	EXP 	polygon_2: autoDraw = True
5034.7347 	EXP 	Sound test_sound reached end of file
5034.7399 	EXP 	Sound test_sound reached end of file
5036.3909 	EXP 	New trial (rep=0, index=35): <Trial 35 (35 in rep 0) data={'sounds': 'sounds/23a_tomar.wav', 'syll': 'CVC', 'stress_unstress': 'Stressed', 'suffix': 'Match', 'present_past': 'present', 'corrAns': 'num_1', 'trigger_item': 0.0, 'trigger_senonset': 0.2, 'trigger_verbsonset': 0.9453179615162032, 'trigger_1_F0': 0.95, 'trigger_suffix': 1.08, 'trigger_2_F0': 1.158644495081018, 'ID_item': 101, 'ID_senonset': 10, 'ID_verbonset': 11, 'ID_1_F0': 12, 'ID_suffix': 13, 'ID_2_F0': 14, 'ms_senonset': 0, 'ms_verbonset': 0.745317961516203, 'ms_1_F0': 0.75, 'ms_suffix': 0.88, 'ms_2_F0': 0.958644495081018, 'file_name': '23a_tomar.wav', 'item_id': 23, 'cond': 'a', 'thisN': 35, 'thisTrialN': 35, 'thisRepN': 0}>
5036.3983 	EXP 	Sound test_sound reached end of file
5036.4001 	EXP 	Sound test_sound started
5036.4013 	DATA 	Keypress: right
5036.4097 	EXP 	polygon_2: autoDraw = False
5036.4097 	EXP 	text_3: autoDraw = False
5036.4097 	EXP 	polygon_2: autoDraw = True
5038.2628 	EXP 	Sound test_sound paused
5038.2672 	EXP 	New trial (rep=0, index=36): <Trial 36 (36 in rep 0) data={'sounds': 'sounds/40c_gastar.wav', 'syll': 'CVC', 'stress_unstress': 'Unstressed', 'suffix': 'Match', 'present_past': 'past', 'corrAns': 'num_2', 'trigger_item': 0.0, 'trigger_senonset': 0.2, 'trigger_verbsonset': 0.8300000000000001, 'trigger_1_F0': 0.8400000000000001, 'trigger_suffix': 1.163436328125, 'trigger_2_F0': 1.183149609375, 'ID_item': 101, 'ID_senonset': 30, 'ID_verbonset': 31, 'ID_1_F0': 32, 'ID_suffix': 33, 'ID_2_F0': 34, 'ms_senonset': 0, 'ms_verbonset': 0.63, 'ms_1_F0': 0.64, 'ms_suffix': 0.963436328125, 'ms_2_F0': 0.983149609375, 'file_name': '40c_gastar.wav', 'item_id': 40, 'cond': 'c', 'thisN': 36, 'thisTrialN': 36, 'thisRepN': 0}>
5038.2735 	EXP 	Sound test_sound reached end of file
5038.2832 	EXP 	Sound test_sound started
5038.2755 	DATA 	Keypress: left
5038.2858 	EXP 	polygon_2: autoDraw = False
5038.2858 	EXP 	text_3: autoDraw = False
5038.2858 	EXP 	polygon_2: autoDraw = True
5040.3772 	EXP 	Sound test_sound reached end of file
5040.3843 	EXP 	Sound test_sound reached end of file
5041.2073 	EXP 	New trial (rep=0, index=37): <Trial 37 (37 in rep 0) data={'sounds': 'sounds/04c_plantar.wav', 'syll': 'CVC', 'stress_unstress': 'Unstressed', 'suffix': 'Match', 'present_past': 'past', 'corrAns': 'num_2', 'trigger_item': 0.0, 'trigger_senonset': 0.2, 'trigger_verbsonset': 0.862877574458911, 'trigger_1_F0': 0.9343518689653568, 'trigger_suffix': 1.20493812332404, 'trigger_2_F0': 1.21897569287037, 'ID_item': 101, 'ID_senonset': 30, 'ID_verbonset': 31, 'ID_1_F0': 32, 'ID_suffix': 33, 'ID_2_F0': 34, 'ms_senonset': 0, 'ms_verbonset': 0.662877574458911, 'ms_1_F0': 0.734351868965357, 'ms_suffix': 1.00493812332404, 'ms_2_F0': 1.01897569287037, 'file_name': '04c_plantar.wav', 'item_id': 4, 'cond': 'c', 'thisN': 37, 'thisTrialN': 37, 'thisRepN': 0}>
5041.2160 	EXP 	Sound test_sound reached end of file
5041.2169 	EXP 	Sound test_sound started
5041.2187 	DATA 	Keypress: left
5041.2271 	EXP 	polygon_2: autoDraw = False
5041.2271 	EXP 	text_3: autoDraw = False
5041.2271 	EXP 	polygon_2: autoDraw = True
5043.2528 	EXP 	Sound test_sound reached end of file
5043.2672 	EXP 	Sound test_sound reached end of file
5043.4709 	DATA 	Keypress: left
5043.4907 	EXP 	New trial (rep=0, index=38): <Trial 38 (38 in rep 0) data={'sounds': 'sounds/18b_cumplir.wav', 'syll': 'CVC', 'stress_unstress': 'Unstressed', 'suffix': 'Mismatch', 'present_past': 'present', 'corrAns': 'num_1', 'trigger_item': 0.0, 'trigger_senonset': 0.2, 'trigger_verbsonset': 1.2408027271412, 'trigger_1_F0': 1.25568597366898, 'trigger_suffix': 1.46256310040509, 'trigger_2_F0': 1.54144430700231, 'ID_item': 101, 'ID_senonset': 20, 'ID_verbonset': 21, 'ID_1_F0': 22, 'ID_suffix': 23, 'ID_2_F0': 24, 'ms_senonset': 0, 'ms_verbonset': 1.0408027271412, 'ms_1_F0': 1.05568597366898, 'ms_suffix': 1.26256310040509, 'ms_2_F0': 1.34144430700231, 'file_name': '18b_cumplir.wav', 'item_id': 18, 'cond': 'b', 'thisN': 38, 'thisTrialN': 38, 'thisRepN': 0}>
5043.4990 	EXP 	Sound test_sound reached end of file
5043.5004 	EXP 	Sound test_sound started
5043.5122 	EXP 	polygon_2: autoDraw = False
5043.5122 	EXP 	text_3: autoDraw = False
5043.5122 	EXP 	polygon_2: autoDraw = True
5045.6735 	EXP 	Sound test_sound reached end of file
5045.6838 	EXP 	Sound test_sound reached end of file
5046.0407 	EXP 	New trial (rep=0, index=39): <Trial 39 (39 in rep 0) data={'sounds': 'sounds/38b_pagar.wav', 'syll': 'CVC', 'stress_unstress': 'Unstressed', 'suffix': 'Mismatch', 'present_past': 'present', 'corrAns': 'num_1', 'trigger_item': 0.0, 'trigger_senonset': 0.2, 'trigger_verbsonset': 1.166737304687499, 'trigger_1_F0': 1.185271158854166, 'trigger_suffix': 1.29521061197916, 'trigger_2_F0': 1.4055712890624898, 'ID_item': 101, 'ID_senonset': 20, 'ID_verbonset': 21, 'ID_1_F0': 22, 'ID_suffix': 23, 'ID_2_F0': 24, 'ms_senonset': 0, 'ms_verbonset': 0.966737304687499, 'ms_1_F0': 0.985271158854166, 'ms_suffix': 1.09521061197916, 'ms_2_F0': 1.20557128906249, 'file_name': '38b_pagar.wav', 'item_id': 38, 'cond': 'b', 'thisN': 39, 'thisTrialN': 39, 'thisRepN': 0}>
5046.0481 	EXP 	Sound test_sound reached end of file
5046.0502 	EXP 	Sound test_sound started
5046.0517 	DATA 	Keypress: right
5046.0598 	EXP 	polygon_2: autoDraw = False
5046.0598 	EXP 	text_3: autoDraw = False
5046.0598 	EXP 	polygon_2: autoDraw = True
5048.2838 	EXP 	Sound test_sound reached end of file
5048.3006 	EXP 	Sound test_sound reached end of file
5048.8536 	DATA 	Keypress: right
5048.8834 	EXP 	polygon_2: autoDraw = False
5048.8834 	EXP 	text_3: autoDraw = False
5048.8834 	EXP 	text_2: autoDraw = True
5058.4853 	DATA 	Keypress: space
5058.4886 	EXP 	text_2: autoDraw = False
5058.4888 	EXP 	LangExperimentstress: status = STOPPED
