92.5461 	WARNING 	User requested fullscreen with size [1536  864], but screen is actually [1920, 1080]. Using actual size
92.7468 	EXP 	Created window1 = Window(allowGUI=False, allowStencil=False, autoLog=True, backendConf=UNKNOWN, backgroundFit=<method-wrapper '__getattribute__' of attributeSetter object at 0x0000029F1458BEE0>, backgroundImage=<method-wrapper '__getattribute__' of attributeSetter object at 0x0000029F1458BE80>, bitsMode=UNKNOWN, blendMode='avg', bpc=(8, 8, 8), color=array([0, 0, 0]), colorSpace='rgb', depthBits=8, fullscr=True, gamma=None, gammaErrorPolicy='raise', infoMsg=UNKNOWN, lms=UNKNOWN, monitor=<psychopy.monitors.calibTools.Monitor object at 0x0000029F1F690E20>, multiSample=False, name='window1', numSamples=2, pos=[0.0, 0.0], screen=0, size=array([1920, 1080]), stencilBits=0, stereo=False, title='PsychoPy', units='height', useFBO=True, useRetina=False, viewOri=0.0, viewPos=None, viewScale=None, waitBlanking=True, winType='pyglet')
92.7469 	EXP 	window1: backgroundImage = ''
92.7469 	EXP 	window1: backgroundFit = 'none'
92.7971 	EXP 	window1: Attempting to measure frame rate of screen (0) ...
92.7972 	EXP 	window1: recordFrameIntervals = False
92.9605 	EXP 	window1: recordFrameIntervals = True
93.1440 	EXP 	Screen (0) actual frame rate measured at 60.08Hz
93.1440 	EXP 	window1: recordFrameIntervals = False
95.6651 	EXP 	LangExperimentstress: status = STARTED
95.7426 	EXP 	Created instr = TextStim(__class__=<class 'psychopy.visual.text.TextStim'>, alignHoriz=method-wrapper(...), alignText='center', alignVert=method-wrapper(...), anchorHoriz='center', anchorVert='center', antialias=True, autoDraw=False, autoLog=True, bold=False, color=array([1., 1., 1.]), colorSpace='rgb', contrast=1.0, depth=0.0, draggable=False, flipHoriz=False, flipVert=False, font='Arial', fontFiles=[], height=0.08, italic=False, languageStyle='LTR', name='instr', opacity=1, ori=0, pos=array([0., 0.]), rgb=UNKNOWN, text=str(...), units='height', win=Window(...), wrapWidth=1)
96.3557 	EXP 	Sound test_sound_2 set volume 1.000
96.3589 	EXP 	Created polygon = ShapeStim(__class__=<class 'psychopy.visual.shape.ShapeStim'>, anchor=('center', 'center'), autoDraw=False, autoLog=True, closeShape=True, color=method-wrapper(...), colorSpace='rgb', contrast=None, depth=-2.0, draggable=False, fillColor=array([-1, -1, -1]), fillColorSpace='rgb', fillRGB=array([-1, -1, -1]), interpolate=True, lineColor=array([-1., -1., -1.]), lineColorSpace='rgb', lineRGB=array([-1, -1, -1]), lineWidth=1, name='polygon', opacity=1, ori=0.0, pos=array([0., 0.]), size=array([0.15, 0.15]), units='height', vertices=ndarray(...), win=Window(...), windingRule=None)
96.3690 	EXP 	Created text_3 = TextStim(__class__=<class 'psychopy.visual.text.TextStim'>, alignHoriz=method-wrapper(...), alignText='center', alignVert=method-wrapper(...), anchorHoriz='center', anchorVert='center', antialias=True, autoDraw=False, autoLog=True, bold=False, color=array([1., 1., 1.]), colorSpace='rgb', contrast=1.0, depth=0.0, draggable=False, flipHoriz=False, flipVert=False, font='Arial', fontFiles=[], height=0.1, italic=False, languageStyle='LTR', name='text_3', opacity=1, ori=0, pos=array([0., 0.]), rgb=UNKNOWN, text=str(...), units='height', win=Window(...), wrapWidth=1)
96.3746 	EXP 	Created instr = TextStim(__class__=<class 'psychopy.visual.text.TextStim'>, alignHoriz=method-wrapper(...), alignText='center', alignVert=method-wrapper(...), anchorHoriz='center', anchorVert='center', antialias=True, autoDraw=False, autoLog=True, bold=False, color=array([1., 1., 1.]), colorSpace='rgb', contrast=1.0, depth=0.0, draggable=False, flipHoriz=False, flipVert=False, font='Arial', fontFiles=[], height=0.08, italic=False, languageStyle='LTR', name='instr', opacity=1, ori=0, pos=array([0., 0.]), rgb=UNKNOWN, text=str(...), units='height', win=Window(...), wrapWidth=1)
96.5107 	EXP 	Sound test_sound set volume 1.000
96.5125 	EXP 	Created polygon_2 = ShapeStim(__class__=<class 'psychopy.visual.shape.ShapeStim'>, anchor=('center', 'center'), autoDraw=False, autoLog=True, closeShape=True, color=method-wrapper(...), colorSpace='rgb', contrast=None, depth=-2.0, draggable=False, fillColor=array([-1, -1, -1]), fillColorSpace='rgb', fillRGB=array([-1, -1, -1]), interpolate=True, lineColor=array([-1., -1., -1.]), lineColorSpace='rgb', lineRGB=array([-1, -1, -1]), lineWidth=1, name='polygon_2', opacity=1, ori=0.0, pos=array([0., 0.]), size=array([0.15, 0.15]), units='height', vertices=ndarray(...), win=Window(...), windingRule=None)
96.5159 	EXP 	Created text_3 = TextStim(__class__=<class 'psychopy.visual.text.TextStim'>, alignHoriz=method-wrapper(...), alignText='center', alignVert=method-wrapper(...), anchorHoriz='center', anchorVert='center', antialias=True, autoDraw=False, autoLog=True, bold=False, color=array([1., 1., 1.]), colorSpace='rgb', contrast=1.0, depth=0.0, draggable=False, flipHoriz=False, flipVert=False, font='Arial', fontFiles=[], height=0.1, italic=False, languageStyle='LTR', name='text_3', opacity=1, ori=0, pos=array([0., 0.]), rgb=UNKNOWN, text=str(...), units='height', win=Window(...), wrapWidth=1)
96.5233 	EXP 	Created text_2 = TextStim(__class__=<class 'psychopy.visual.text.TextStim'>, alignHoriz=method-wrapper(...), alignText='center', alignVert=method-wrapper(...), anchorHoriz='center', anchorVert='center', antialias=True, autoDraw=False, autoLog=True, bold=False, color=array([1., 1., 1.]), colorSpace='rgb', contrast=1.0, depth=0.0, draggable=False, flipHoriz=False, flipVert=False, font='Arial', fontFiles=[], height=0.1, italic=False, languageStyle='LTR', name='text_2', opacity=1, ori=0, pos=array([0., 0.]), rgb=UNKNOWN, text=str(...), units='height', win=Window(...), wrapWidth=1)
0.0197 	EXP 	instr: autoDraw = True
4418.8418 	EXP 	Imported selected_practice.csv as conditions, 4 conditions, 27 params
4418.8422 	EXP 	New trial (rep=0, index=0): <Trial 0 (0 in rep 0) data={'sounds': 'sounds/p4d_cortar.wav', 'syll': 'CVC', 'stress_unstress': 'Stressed', 'suffix': 'Mismatch', 'present_past': 'past', 'corrAns': 'num_2', 'trigger_item': 0.0, 'trigger_senonset': 0.205513, 'trigger_verbsonset': 0.8629519999999999, 'trigger_1_F0': 0.984841, 'trigger_suffix': 1.219715, 'trigger_2_F0': 1.27, 'ID_item': 101, 'ID_senonset': 40, 'ID_verbonset': 41, 'ID_1_F0': 42, 'ID_suffix': 43, 'ID_2_F0': 44, 'ms_senonset': 0.005513, 'ms_verbonset': 0.662952, 'ms_1_F0': 0.784841, 'ms_suffix': 1.019715, 'ms_2_F0': 1.07, 'file_name': 'p4d_cortar.wav', 'sentence': 'p4', 'cond': 'd', 'combo': 'p4d', 'thisN': 0, 'thisTrialN': 0, 'thisRepN': 0}>
4418.8476 	EXP 	Sound test_sound_2 reached end of file
4418.8559 	EXP 	Sound test_sound_2 started
4418.8500 	DATA 	Keypress: space
4418.8585 	EXP 	instr: autoDraw = False
4418.8585 	EXP 	polygon: autoDraw = True
4421.3549 	EXP 	Sound test_sound_2 reached end of file
4421.3602 	EXP 	Sound test_sound_2 reached end of file
4425.5615 	EXP 	New trial (rep=0, index=1): <Trial 1 (1 in rep 0) data={'sounds': 'sounds/p1a_saltar.wav', 'syll': 'CVC', 'stress_unstress': 'Stressed', 'suffix': 'Match', 'present_past': 'present', 'corrAns': 'num_1', 'trigger_item': 0.0, 'trigger_senonset': 0.205513, 'trigger_verbsonset': 0.8629519999999999, 'trigger_1_F0': 0.984841, 'trigger_suffix': 1.219715, 'trigger_2_F0': 1.27, 'ID_item': 101, 'ID_senonset': 10, 'ID_verbonset': 11, 'ID_1_F0': 12, 'ID_suffix': 13, 'ID_2_F0': 14, 'ms_senonset': 0.005513, 'ms_verbonset': 0.662952, 'ms_1_F0': 0.784841, 'ms_suffix': 1.019715, 'ms_2_F0': 1.07, 'file_name': 'p1a_saltar.wav', 'sentence': 'p1', 'cond': 'a', 'combo': 'p1a', 'thisN': 1, 'thisTrialN': 1, 'thisRepN': 0}>
4425.5687 	EXP 	Sound test_sound_2 reached end of file
4425.5718 	EXP 	Sound test_sound_2 started
4425.5720 	DATA 	Keypress: left
4425.5803 	EXP 	polygon: autoDraw = False
4425.5803 	EXP 	text_3: autoDraw = False
4425.5803 	EXP 	polygon: autoDraw = True
4427.7971 	EXP 	Sound test_sound_2 reached end of file
4427.8056 	EXP 	Sound test_sound_2 reached end of file
4429.0286 	EXP 	New trial (rep=0, index=2): <Trial 2 (2 in rep 0) data={'sounds': 'sounds/p2b_cortar.wav', 'syll': 'CVC', 'stress_unstress': 'Unstressed', 'suffix': 'Mismatch', 'present_past': 'present', 'corrAns': 'num_1', 'trigger_item': 0.0, 'trigger_senonset': 0.205513, 'trigger_verbsonset': 0.8629519999999999, 'trigger_1_F0': 0.984841, 'trigger_suffix': 1.219715, 'trigger_2_F0': 1.27, 'ID_item': 101, 'ID_senonset': 20, 'ID_verbonset': 21, 'ID_1_F0': 22, 'ID_suffix': 23, 'ID_2_F0': 24, 'ms_senonset': 0.005513, 'ms_verbonset': 0.662952, 'ms_1_F0': 0.784841, 'ms_suffix': 1.019715, 'ms_2_F0': 1.07, 'file_name': 'p2b_cortar.wav', 'sentence': 'p2', 'cond': 'b', 'combo': 'p2b', 'thisN': 2, 'thisTrialN': 2, 'thisRepN': 0}>
4429.0366 	EXP 	Sound test_sound_2 reached end of file
4429.0385 	EXP 	Sound test_sound_2 started
4429.0387 	DATA 	Keypress: right
4429.0485 	EXP 	polygon: autoDraw = False
4429.0485 	EXP 	text_3: autoDraw = False
4429.0485 	EXP 	polygon: autoDraw = True
4431.2806 	EXP 	Sound test_sound_2 reached end of file
4431.2889 	EXP 	Sound test_sound_2 reached end of file
4435.0291 	EXP 	New trial (rep=0, index=3): <Trial 3 (3 in rep 0) data={'sounds': 'sounds/p3c_saltar.wav', 'syll': 'CVC', 'stress_unstress': 'Unstressed', 'suffix': 'Match', 'present_past': 'past', 'corrAns': 'num_2', 'trigger_item': 0.0, 'trigger_senonset': 0.205513, 'trigger_verbsonset': 0.8629519999999999, 'trigger_1_F0': 0.984841, 'trigger_suffix': 1.219715, 'trigger_2_F0': 1.27, 'ID_item': 101, 'ID_senonset': 30, 'ID_verbonset': 31, 'ID_1_F0': 32, 'ID_suffix': 33, 'ID_2_F0': 34, 'ms_senonset': 0.005513, 'ms_verbonset': 0.662952, 'ms_1_F0': 0.784841, 'ms_suffix': 1.019715, 'ms_2_F0': 1.07, 'file_name': 'p3c_saltar.wav', 'sentence': 'p3', 'cond': 'c', 'combo': 'p3c', 'thisN': 3, 'thisTrialN': 3, 'thisRepN': 0}>
4435.0355 	EXP 	Sound test_sound_2 reached end of file
4435.0390 	EXP 	Sound test_sound_2 started
4435.0381 	DATA 	Keypress: right
4435.0452 	EXP 	polygon: autoDraw = False
4435.0452 	EXP 	text_3: autoDraw = False
4435.0452 	EXP 	polygon: autoDraw = True
4437.1044 	EXP 	Sound test_sound_2 reached end of file
4437.1097 	EXP 	Sound test_sound_2 reached end of file
4438.1650 	DATA 	Keypress: left
4438.1716 	EXP 	polygon: autoDraw = False
4438.1716 	EXP 	text_3: autoDraw = False
4438.1716 	EXP 	instr: autoDraw = True
4578.8454 	EXP 	Imported selected_trials.csv as conditions, 40 conditions, 26 params
4578.8463 	EXP 	New trial (rep=0, index=0): <Trial 0 (0 in rep 0) data={'sounds': 'sounds/33b_culpar.wav', 'syll': 'CVC', 'stress_unstress': 'Unstressed', 'suffix': 'Mismatch', 'present_past': 'present', 'corrAns': 'num_1', 'trigger_item': 0.0, 'trigger_senonset': 0.2, 'trigger_verbsonset': 0.8606178431336959, 'trigger_1_F0': 0.869103678029107, 'trigger_suffix': 1.109891641372144, 'trigger_2_F0': 1.131540467434179, 'ID_item': 101, 'ID_senonset': 20, 'ID_verbonset': 21, 'ID_1_F0': 22, 'ID_suffix': 23, 'ID_2_F0': 24, 'ms_senonset': 0, 'ms_verbonset': 0.660617843133696, 'ms_1_F0': 0.669103678029107, 'ms_suffix': 0.909891641372144, 'ms_2_F0': 0.931540467434179, 'file_name': '33b_culpar.wav', 'item_id': 33, 'cond': 'b', 'thisN': 0, 'thisTrialN': 0, 'thisRepN': 0}>
4578.8524 	EXP 	Sound test_sound reached end of file
4578.8552 	EXP 	Sound test_sound started
4578.8543 	DATA 	Keypress: space
4578.8631 	EXP 	instr: autoDraw = False
4578.8631 	EXP 	polygon_2: autoDraw = True
4581.0125 	EXP 	Sound test_sound reached end of file
4581.0240 	EXP 	Sound test_sound reached end of file
4583.3124 	EXP 	New trial (rep=0, index=1): <Trial 1 (1 in rep 0) data={'sounds': 'sounds/12a_matar.wav', 'syll': 'CVC', 'stress_unstress': 'Stressed', 'suffix': 'Match', 'present_past': 'present', 'corrAns': 'num_1', 'trigger_item': 0.0, 'trigger_senonset': 0.2, 'trigger_verbsonset': 0.8400000000000001, 'trigger_1_F0': 0.96, 'trigger_suffix': 1.17307472511574, 'trigger_2_F0': 1.186647497106481, 'ID_item': 101, 'ID_senonset': 10, 'ID_verbonset': 11, 'ID_1_F0': 12, 'ID_suffix': 13, 'ID_2_F0': 14, 'ms_senonset': 0, 'ms_verbonset': 0.64, 'ms_1_F0': 0.76, 'ms_suffix': 0.97307472511574, 'ms_2_F0': 0.986647497106481, 'file_name': '12a_matar.wav', 'item_id': 12, 'cond': 'a', 'thisN': 1, 'thisTrialN': 1, 'thisRepN': 0}>
4583.3205 	EXP 	Sound test_sound reached end of file
4583.3221 	EXP 	Sound test_sound started
4583.3229 	DATA 	Keypress: right
4583.3323 	EXP 	polygon_2: autoDraw = False
4583.3323 	EXP 	text_3: autoDraw = False
4583.3323 	EXP 	polygon_2: autoDraw = True
4585.5044 	EXP 	Sound test_sound reached end of file
4585.5099 	EXP 	Sound test_sound reached end of file
4586.1628 	EXP 	New trial (rep=0, index=2): <Trial 2 (2 in rep 0) data={'sounds': 'sounds/25b_ganar.wav', 'syll': 'CVC', 'stress_unstress': 'Unstressed', 'suffix': 'Mismatch', 'present_past': 'present', 'corrAns': 'num_1', 'trigger_item': 0.0, 'trigger_senonset': 0.2, 'trigger_verbsonset': 1.152097938368055, 'trigger_1_F0': 1.15990068760488, 'trigger_suffix': 1.28904165650454, 'trigger_2_F0': 1.37272500435153, 'ID_item': 101, 'ID_senonset': 20, 'ID_verbonset': 21, 'ID_1_F0': 22, 'ID_suffix': 23, 'ID_2_F0': 24, 'ms_senonset': 0, 'ms_verbonset': 0.952097938368055, 'ms_1_F0': 0.95990068760488, 'ms_suffix': 1.08904165650454, 'ms_2_F0': 1.17272500435153, 'file_name': '25b_ganar.wav', 'item_id': 25, 'cond': 'b', 'thisN': 2, 'thisTrialN': 2, 'thisRepN': 0}>
4586.1704 	EXP 	Sound test_sound reached end of file
4586.1727 	EXP 	Sound test_sound started
4586.1725 	DATA 	Keypress: right
4586.1809 	EXP 	polygon_2: autoDraw = False
4586.1809 	EXP 	text_3: autoDraw = False
4586.1809 	EXP 	polygon_2: autoDraw = True
4588.5000 	EXP 	Sound test_sound reached end of file
4588.5063 	EXP 	Sound test_sound reached end of file
4589.2621 	EXP 	New trial (rep=0, index=3): <Trial 3 (3 in rep 0) data={'sounds': 'sounds/37b_pasar.wav', 'syll': 'CVC', 'stress_unstress': 'Unstressed', 'suffix': 'Mismatch', 'present_past': 'present', 'corrAns': 'num_1', 'trigger_item': 0.0, 'trigger_senonset': 0.2, 'trigger_verbsonset': 1.033132486979166, 'trigger_1_F0': 1.052087565104166, 'trigger_suffix': 1.159499674479166, 'trigger_2_F0': 1.27702115885416, 'ID_item': 101, 'ID_senonset': 20, 'ID_verbonset': 21, 'ID_1_F0': 22, 'ID_suffix': 23, 'ID_2_F0': 24, 'ms_senonset': 0, 'ms_verbonset': 0.833132486979166, 'ms_1_F0': 0.852087565104166, 'ms_suffix': 0.959499674479166, 'ms_2_F0': 1.07702115885416, 'file_name': '37b_pasar.wav', 'item_id': 37, 'cond': 'b', 'thisN': 3, 'thisTrialN': 3, 'thisRepN': 0}>
4589.2688 	EXP 	Sound test_sound reached end of file
4589.2719 	EXP 	Sound test_sound started
4589.2713 	DATA 	Keypress: right
4589.2806 	EXP 	polygon_2: autoDraw = False
4589.2806 	EXP 	text_3: autoDraw = False
4589.2806 	EXP 	polygon_2: autoDraw = True
4591.3726 	EXP 	Sound test_sound reached end of file
4591.3890 	EXP 	Sound test_sound reached end of file
4592.9963 	EXP 	New trial (rep=0, index=4): <Trial 4 (4 in rep 0) data={'sounds': 'sounds/22d_dejar.wav', 'syll': 'CVC', 'stress_unstress': 'Stressed', 'suffix': 'Mismatch', 'present_past': 'past', 'corrAns': 'num_2', 'trigger_item': 0.0, 'trigger_senonset': 0.2, 'trigger_verbsonset': 0.8500000000000001, 'trigger_1_F0': 1.02, 'trigger_suffix': 1.152543366608796, 'trigger_2_F0': 1.28794346788194, 'ID_item': 101, 'ID_senonset': 40, 'ID_verbonset': 41, 'ID_1_F0': 42, 'ID_suffix': 43, 'ID_2_F0': 44, 'ms_senonset': 0, 'ms_verbonset': 0.65, 'ms_1_F0': 0.82, 'ms_suffix': 0.952543366608796, 'ms_2_F0': 1.08794346788194, 'file_name': '22d_dejar.wav', 'item_id': 22, 'cond': 'd', 'thisN': 4, 'thisTrialN': 4, 'thisRepN': 0}>
4593.0046 	EXP 	Sound test_sound reached end of file
4593.0057 	EXP 	Sound test_sound started
4593.0067 	DATA 	Keypress: right
4593.0159 	EXP 	polygon_2: autoDraw = False
4593.0159 	EXP 	text_3: autoDraw = False
4593.0159 	EXP 	polygon_2: autoDraw = True
4595.0267 	EXP 	Sound test_sound reached end of file
4595.0389 	EXP 	Sound test_sound reached end of file
4595.5123 	EXP 	New trial (rep=0, index=5): <Trial 5 (5 in rep 0) data={'sounds': 'sounds/27c_tirar.wav', 'syll': 'CVC', 'stress_unstress': 'Unstressed', 'suffix': 'Match', 'present_past': 'past', 'corrAns': 'num_2', 'trigger_item': 0.0, 'trigger_senonset': 0.2, 'trigger_verbsonset': 0.8119442057291659, 'trigger_1_F0': 0.8307495153356481, 'trigger_suffix': 0.9885306495949072, 'trigger_2_F0': 0.998621303530092, 'ID_item': 101, 'ID_senonset': 30, 'ID_verbonset': 31, 'ID_1_F0': 32, 'ID_suffix': 33, 'ID_2_F0': 34, 'ms_senonset': 0, 'ms_verbonset': 0.611944205729166, 'ms_1_F0': 0.630749515335648, 'ms_suffix': 0.788530649594907, 'ms_2_F0': 0.798621303530092, 'file_name': '27c_tirar.wav', 'item_id': 27, 'cond': 'c', 'thisN': 5, 'thisTrialN': 5, 'thisRepN': 0}>
4595.5187 	EXP 	Sound test_sound reached end of file
4595.5219 	EXP 	Sound test_sound started
4595.5214 	DATA 	Keypress: left
4595.5298 	EXP 	polygon_2: autoDraw = False
4595.5298 	EXP 	text_3: autoDraw = False
4595.5298 	EXP 	polygon_2: autoDraw = True
4597.5096 	EXP 	Sound test_sound reached end of file
4597.5220 	EXP 	Sound test_sound reached end of file
4597.5610 	EXP 	New trial (rep=0, index=6): <Trial 6 (6 in rep 0) data={'sounds': 'sounds/10d_vender.wav', 'syll': 'CVC', 'stress_unstress': 'Stressed', 'suffix': 'Mismatch', 'present_past': 'past', 'corrAns': 'num_2', 'trigger_item': 0.0, 'trigger_senonset': 0.2, 'trigger_verbsonset': 0.832830209056713, 'trigger_1_F0': 0.8775468199411529, 'trigger_suffix': 1.109501330306288, 'trigger_2_F0': 1.158928471023364, 'ID_item': 101, 'ID_senonset': 40, 'ID_verbonset': 41, 'ID_1_F0': 42, 'ID_suffix': 43, 'ID_2_F0': 44, 'ms_senonset': 0, 'ms_verbonset': 0.632830209056713, 'ms_1_F0': 0.677546819941153, 'ms_suffix': 0.909501330306288, 'ms_2_F0': 0.958928471023364, 'file_name': '10d_vender.wav', 'item_id': 10, 'cond': 'd', 'thisN': 6, 'thisTrialN': 6, 'thisRepN': 0}>
4597.5674 	EXP 	Sound test_sound reached end of file
4597.5716 	EXP 	Sound test_sound started
4597.5702 	DATA 	Keypress: left
4597.5766 	EXP 	polygon_2: autoDraw = False
4597.5766 	EXP 	text_3: autoDraw = False
4597.5766 	EXP 	polygon_2: autoDraw = True
4599.4647 	EXP 	Sound test_sound reached end of file
4599.4725 	EXP 	Sound test_sound reached end of file
4599.5788 	EXP 	New trial (rep=0, index=7): <Trial 7 (7 in rep 0) data={'sounds': 'sounds/19a_marcar.wav', 'syll': 'CVC', 'stress_unstress': 'Stressed', 'suffix': 'Match', 'present_past': 'present', 'corrAns': 'num_1', 'trigger_item': 0.0, 'trigger_senonset': 0.2, 'trigger_verbsonset': 0.8400000000000001, 'trigger_1_F0': 0.97, 'trigger_suffix': 1.245718359375, 'trigger_2_F0': 1.273519140625, 'ID_item': 101, 'ID_senonset': 10, 'ID_verbonset': 11, 'ID_1_F0': 12, 'ID_suffix': 13, 'ID_2_F0': 14, 'ms_senonset': 0, 'ms_verbonset': 0.64, 'ms_1_F0': 0.77, 'ms_suffix': 1.045718359375, 'ms_2_F0': 1.073519140625, 'file_name': '19a_marcar.wav', 'item_id': 19, 'cond': 'a', 'thisN': 7, 'thisTrialN': 7, 'thisRepN': 0}>
4599.5852 	EXP 	Sound test_sound reached end of file
4599.5888 	EXP 	Sound test_sound started
4599.5876 	DATA 	Keypress: left
4599.5954 	EXP 	polygon_2: autoDraw = False
4599.5954 	EXP 	text_3: autoDraw = False
4599.5954 	EXP 	polygon_2: autoDraw = True
4601.4721 	EXP 	Sound test_sound reached end of file
4601.4889 	EXP 	Sound test_sound reached end of file
4601.6456 	EXP 	New trial (rep=0, index=8): <Trial 8 (8 in rep 0) data={'sounds': 'sounds/18b_cumplir.wav', 'syll': 'CVC', 'stress_unstress': 'Unstressed', 'suffix': 'Mismatch', 'present_past': 'present', 'corrAns': 'num_1', 'trigger_item': 0.0, 'trigger_senonset': 0.2, 'trigger_verbsonset': 1.2408027271412, 'trigger_1_F0': 1.25568597366898, 'trigger_suffix': 1.46256310040509, 'trigger_2_F0': 1.54144430700231, 'ID_item': 101, 'ID_senonset': 20, 'ID_verbonset': 21, 'ID_1_F0': 22, 'ID_suffix': 23, 'ID_2_F0': 24, 'ms_senonset': 0, 'ms_verbonset': 1.0408027271412, 'ms_1_F0': 1.05568597366898, 'ms_suffix': 1.26256310040509, 'ms_2_F0': 1.34144430700231, 'file_name': '18b_cumplir.wav', 'item_id': 18, 'cond': 'b', 'thisN': 8, 'thisTrialN': 8, 'thisRepN': 0}>
4601.6529 	EXP 	Sound test_sound reached end of file
4601.6553 	EXP 	Sound test_sound started
4601.6561 	DATA 	Keypress: right
4601.6642 	EXP 	polygon_2: autoDraw = False
4601.6642 	EXP 	text_3: autoDraw = False
4601.6642 	EXP 	polygon_2: autoDraw = True
4603.8254 	EXP 	Sound test_sound reached end of file
4603.8384 	EXP 	Sound test_sound reached end of file
4606.1793 	EXP 	New trial (rep=0, index=9): <Trial 9 (9 in rep 0) data={'sounds': 'sounds/08d_filtrar.wav', 'syll': 'CVC', 'stress_unstress': 'Stressed', 'suffix': 'Mismatch', 'present_past': 'past', 'corrAns': 'num_2', 'trigger_item': 0.0, 'trigger_senonset': 0.2, 'trigger_verbsonset': 0.7526856695589441, 'trigger_1_F0': 0.87808115762362, 'trigger_suffix': 1.118901843962886, 'trigger_2_F0': 1.172598812485867, 'ID_item': 101, 'ID_senonset': 40, 'ID_verbonset': 41, 'ID_1_F0': 42, 'ID_suffix': 43, 'ID_2_F0': 44, 'ms_senonset': 0, 'ms_verbonset': 0.552685669558944, 'ms_1_F0': 0.67808115762362, 'ms_suffix': 0.918901843962886, 'ms_2_F0': 0.972598812485867, 'file_name': '08d_filtrar.wav', 'item_id': 8, 'cond': 'd', 'thisN': 9, 'thisTrialN': 9, 'thisRepN': 0}>
4606.1868 	EXP 	Sound test_sound reached end of file
4606.1888 	EXP 	Sound test_sound started
4606.1901 	DATA 	Keypress: left
4606.1985 	EXP 	polygon_2: autoDraw = False
4606.1985 	EXP 	text_3: autoDraw = False
4606.1985 	EXP 	polygon_2: autoDraw = True
4607.9328 	EXP 	Sound test_sound reached end of file
4607.9399 	EXP 	Sound test_sound reached end of file
4608.9415 	DATA 	Keypress: right
4608.9716 	EXP 	polygon_2: autoDraw = False
4608.9716 	EXP 	text_3: autoDraw = True
4615.1416 	EXP 	New trial (rep=0, index=10): <Trial 10 (10 in rep 0) data={'sounds': 'sounds/29a_pesar.wav', 'syll': 'CVC', 'stress_unstress': 'Stressed', 'suffix': 'Match', 'present_past': 'present', 'corrAns': 'num_1', 'trigger_item': 0.0, 'trigger_senonset': 0.2, 'trigger_verbsonset': 0.91328417532552, 'trigger_1_F0': 0.925531286730473, 'trigger_suffix': 1.03, 'trigger_2_F0': 1.150619522602117, 'ID_item': 101, 'ID_senonset': 10, 'ID_verbonset': 11, 'ID_1_F0': 12, 'ID_suffix': 13, 'ID_2_F0': 14, 'ms_senonset': 0, 'ms_verbonset': 0.71328417532552, 'ms_1_F0': 0.725531286730473, 'ms_suffix': 0.83, 'ms_2_F0': 0.950619522602117, 'file_name': '29a_pesar.wav', 'item_id': 29, 'cond': 'a', 'thisN': 10, 'thisTrialN': 10, 'thisRepN': 0}>
4615.1483 	EXP 	Sound test_sound reached end of file
4615.1555 	EXP 	Sound test_sound started
4615.1505 	DATA 	Keypress: space
4615.1591 	EXP 	text_3: autoDraw = False
4615.1591 	EXP 	polygon_2: autoDraw = True
4617.0562 	EXP 	Sound test_sound reached end of file
4617.0719 	EXP 	Sound test_sound reached end of file
4618.7959 	EXP 	New trial (rep=0, index=11): <Trial 11 (11 in rep 0) data={'sounds': 'sounds/35b_secar.wav', 'syll': 'CVC', 'stress_unstress': 'Unstressed', 'suffix': 'Mismatch', 'present_past': 'present', 'corrAns': 'num_1', 'trigger_item': 0.0, 'trigger_senonset': 0.2, 'trigger_verbsonset': 0.8990044921875, 'trigger_1_F0': 1.025708658854166, 'trigger_suffix': 1.179689416956018, 'trigger_2_F0': 1.20652606336805, 'ID_item': 101, 'ID_senonset': 20, 'ID_verbonset': 21, 'ID_1_F0': 22, 'ID_suffix': 23, 'ID_2_F0': 24, 'ms_senonset': 0, 'ms_verbonset': 0.6990044921875, 'ms_1_F0': 0.825708658854166, 'ms_suffix': 0.979689416956018, 'ms_2_F0': 1.00652606336805, 'file_name': '35b_secar.wav', 'item_id': 35, 'cond': 'b', 'thisN': 11, 'thisTrialN': 11, 'thisRepN': 0}>
4618.8042 	EXP 	Sound test_sound reached end of file
4618.8053 	EXP 	Sound test_sound started
4618.8070 	DATA 	Keypress: right
4618.8154 	EXP 	polygon_2: autoDraw = False
4618.8154 	EXP 	text_3: autoDraw = False
4618.8154 	EXP 	polygon_2: autoDraw = True
4620.9260 	EXP 	Sound test_sound reached end of file
4620.9389 	EXP 	Sound test_sound reached end of file
4622.8626 	EXP 	New trial (rep=0, index=12): <Trial 12 (12 in rep 0) data={'sounds': 'sounds/32d_pulsar.wav', 'syll': 'CVC', 'stress_unstress': 'Stressed', 'suffix': 'Mismatch', 'present_past': 'past', 'corrAns': 'num_2', 'trigger_item': 0.0, 'trigger_senonset': 0.2, 'trigger_verbsonset': 0.796440212673611, 'trigger_1_F0': 0.8294641710069439, 'trigger_suffix': 0.99, 'trigger_2_F0': 1.097783832465277, 'ID_item': 101, 'ID_senonset': 40, 'ID_verbonset': 41, 'ID_1_F0': 42, 'ID_suffix': 43, 'ID_2_F0': 44, 'ms_senonset': 0, 'ms_verbonset': 0.596440212673611, 'ms_1_F0': 0.629464171006944, 'ms_suffix': 0.79, 'ms_2_F0': 0.897783832465277, 'file_name': '32d_pulsar.wav', 'item_id': 32, 'cond': 'd', 'thisN': 12, 'thisTrialN': 12, 'thisRepN': 0}>
4622.8706 	EXP 	Sound test_sound reached end of file
4622.8719 	EXP 	Sound test_sound started
4622.8731 	DATA 	Keypress: right
4622.8818 	EXP 	polygon_2: autoDraw = False
4622.8818 	EXP 	text_3: autoDraw = False
4622.8818 	EXP 	polygon_2: autoDraw = True
4624.6776 	EXP 	Sound test_sound reached end of file
4624.6893 	EXP 	Sound test_sound reached end of file
4626.4117 	EXP 	New trial (rep=0, index=13): <Trial 13 (13 in rep 0) data={'sounds': 'sounds/30a_fundar.wav', 'syll': 'CVC', 'stress_unstress': 'Stressed', 'suffix': 'Match', 'present_past': 'present', 'corrAns': 'num_1', 'trigger_item': 0.0, 'trigger_senonset': 0.2, 'trigger_verbsonset': 0.77, 'trigger_1_F0': 0.91, 'trigger_suffix': 1.112685546875, 'trigger_2_F0': 1.12, 'ID_item': 101, 'ID_senonset': 10, 'ID_verbonset': 11, 'ID_1_F0': 12, 'ID_suffix': 13, 'ID_2_F0': 14, 'ms_senonset': 0, 'ms_verbonset': 0.57, 'ms_1_F0': 0.71, 'ms_suffix': 0.912685546875, 'ms_2_F0': 0.92, 'file_name': '30a_fundar.wav', 'item_id': 30, 'cond': 'a', 'thisN': 13, 'thisTrialN': 13, 'thisRepN': 0}>
4626.4182 	EXP 	Sound test_sound reached end of file
4626.4217 	EXP 	Sound test_sound started
4626.4211 	DATA 	Keypress: left
4626.4300 	EXP 	polygon_2: autoDraw = False
4626.4300 	EXP 	text_3: autoDraw = False
4626.4300 	EXP 	polygon_2: autoDraw = True
4628.5585 	EXP 	Sound test_sound reached end of file
4628.5723 	EXP 	Sound test_sound reached end of file
4628.6775 	EXP 	New trial (rep=0, index=14): <Trial 14 (14 in rep 0) data={'sounds': 'sounds/13c_montar.wav', 'syll': 'CVC', 'stress_unstress': 'Unstressed', 'suffix': 'Match', 'present_past': 'past', 'corrAns': 'num_2', 'trigger_item': 0.0, 'trigger_senonset': 0.2, 'trigger_verbsonset': 0.8800000000000001, 'trigger_1_F0': 0.98, 'trigger_suffix': 1.24543012152777, 'trigger_2_F0': 1.2594709201388798, 'ID_item': 101, 'ID_senonset': 30, 'ID_verbonset': 31, 'ID_1_F0': 32, 'ID_suffix': 33, 'ID_2_F0': 34, 'ms_senonset': 0, 'ms_verbonset': 0.68, 'ms_1_F0': 0.78, 'ms_suffix': 1.04543012152777, 'ms_2_F0': 1.05947092013888, 'file_name': '13c_montar.wav', 'item_id': 13, 'cond': 'c', 'thisN': 14, 'thisTrialN': 14, 'thisRepN': 0}>
4628.6839 	EXP 	Sound test_sound reached end of file
4628.6885 	EXP 	Sound test_sound started
4628.6872 	DATA 	Keypress: right
4628.6940 	EXP 	polygon_2: autoDraw = False
4628.6940 	EXP 	text_3: autoDraw = False
4628.6940 	EXP 	polygon_2: autoDraw = True
4630.9656 	EXP 	Sound test_sound reached end of file
4630.9718 	EXP 	New trial (rep=0, index=15): <Trial 15 (15 in rep 0) data={'sounds': 'sounds/24d_mirar.wav', 'syll': 'CVC', 'stress_unstress': 'Stressed', 'suffix': 'Mismatch', 'present_past': 'past', 'corrAns': 'num_2', 'trigger_item': 0.0, 'trigger_senonset': 0.2, 'trigger_verbsonset': 0.71, 'trigger_1_F0': 0.8119545789930551, 'trigger_suffix': 0.9389863642939812, 'trigger_2_F0': 0.9746780743634248, 'ID_item': 101, 'ID_senonset': 40, 'ID_verbonset': 41, 'ID_1_F0': 42, 'ID_suffix': 43, 'ID_2_F0': 44, 'ms_senonset': 0, 'ms_verbonset': 0.51, 'ms_1_F0': 0.611954578993055, 'ms_suffix': 0.738986364293981, 'ms_2_F0': 0.774678074363425, 'file_name': '24d_mirar.wav', 'item_id': 24, 'cond': 'd', 'thisN': 15, 'thisTrialN': 15, 'thisRepN': 0}>
4630.9772 	EXP 	Sound test_sound reached end of file
4630.9885 	EXP 	Sound test_sound started
4630.9798 	DATA 	Keypress: left
4630.9874 	EXP 	polygon_2: autoDraw = False
4630.9874 	EXP 	text_3: autoDraw = False
4630.9874 	EXP 	polygon_2: autoDraw = True
4632.6578 	EXP 	Sound test_sound reached end of file
4632.6727 	EXP 	Sound test_sound reached end of file
4632.8295 	EXP 	New trial (rep=0, index=16): <Trial 16 (16 in rep 0) data={'sounds': 'sounds/28d_parar.wav', 'syll': 'CVC', 'stress_unstress': 'Stressed', 'suffix': 'Mismatch', 'present_past': 'past', 'corrAns': 'num_2', 'trigger_item': 0.0, 'trigger_senonset': 0.2, 'trigger_verbsonset': 0.8458860026041659, 'trigger_1_F0': 0.862313736979166, 'trigger_suffix': 1.018194683159722, 'trigger_2_F0': 1.032797113715277, 'ID_item': 101, 'ID_senonset': 40, 'ID_verbonset': 41, 'ID_1_F0': 42, 'ID_suffix': 43, 'ID_2_F0': 44, 'ms_senonset': 0, 'ms_verbonset': 0.645886002604166, 'ms_1_F0': 0.662313736979166, 'ms_suffix': 0.818194683159722, 'ms_2_F0': 0.832797113715277, 'file_name': '28d_parar.wav', 'item_id': 28, 'cond': 'd', 'thisN': 16, 'thisTrialN': 16, 'thisRepN': 0}>
4632.8378 	EXP 	Sound test_sound reached end of file
4632.8389 	EXP 	Sound test_sound started
4632.8402 	DATA 	Keypress: left
4632.8482 	EXP 	polygon_2: autoDraw = False
4632.8482 	EXP 	text_3: autoDraw = False
4632.8482 	EXP 	polygon_2: autoDraw = True
4634.7348 	EXP 	Sound test_sound reached end of file
4634.7404 	EXP 	Sound test_sound reached end of file
4634.7956 	EXP 	New trial (rep=0, index=17): <Trial 17 (17 in rep 0) data={'sounds': 'sounds/11a_pegar.wav', 'syll': 'CVC', 'stress_unstress': 'Stressed', 'suffix': 'Match', 'present_past': 'present', 'corrAns': 'num_1', 'trigger_item': 0.0, 'trigger_senonset': 0.2, 'trigger_verbsonset': 0.8182808977343741, 'trigger_1_F0': 0.831294515585661, 'trigger_suffix': 0.98, 'trigger_2_F0': 1.012063288108519, 'ID_item': 101, 'ID_senonset': 10, 'ID_verbonset': 11, 'ID_1_F0': 12, 'ID_suffix': 13, 'ID_2_F0': 14, 'ms_senonset': 0, 'ms_verbonset': 0.618280897734374, 'ms_1_F0': 0.631294515585661, 'ms_suffix': 0.78, 'ms_2_F0': 0.812063288108519, 'file_name': '11a_pegar.wav', 'item_id': 11, 'cond': 'a', 'thisN': 17, 'thisTrialN': 17, 'thisRepN': 0}>
4634.8024 	EXP 	Sound test_sound reached end of file
4634.8057 	EXP 	Sound test_sound started
4634.8047 	DATA 	Keypress: left
4634.8138 	EXP 	polygon_2: autoDraw = False
4634.8138 	EXP 	text_3: autoDraw = False
4634.8138 	EXP 	polygon_2: autoDraw = True
4636.7287 	EXP 	Sound test_sound reached end of file
4636.7386 	EXP 	Sound test_sound reached end of file
4638.3957 	EXP 	New trial (rep=0, index=18): <Trial 18 (18 in rep 0) data={'sounds': 'sounds/31d_tocar.wav', 'syll': 'CVC', 'stress_unstress': 'Stressed', 'suffix': 'Mismatch', 'present_past': 'past', 'corrAns': 'num_2', 'trigger_item': 0.0, 'trigger_senonset': 0.2, 'trigger_verbsonset': 0.8493931756807, 'trigger_1_F0': 0.8650112062639721, 'trigger_suffix': 1.006860547391531, 'trigger_2_F0': 1.049162047334928, 'ID_item': 101, 'ID_senonset': 40, 'ID_verbonset': 41, 'ID_1_F0': 42, 'ID_suffix': 43, 'ID_2_F0': 44, 'ms_senonset': 0, 'ms_verbonset': 0.6493931756807, 'ms_1_F0': 0.665011206263972, 'ms_suffix': 0.806860547391531, 'ms_2_F0': 0.849162047334928, 'file_name': '31d_tocar.wav', 'item_id': 31, 'cond': 'd', 'thisN': 18, 'thisTrialN': 18, 'thisRepN': 0}>
4638.4022 	EXP 	Sound test_sound reached end of file
4638.4054 	EXP 	Sound test_sound started
4638.4052 	DATA 	Keypress: right
4638.4132 	EXP 	polygon_2: autoDraw = False
4638.4132 	EXP 	text_3: autoDraw = False
4638.4132 	EXP 	polygon_2: autoDraw = True
4640.2892 	EXP 	Sound test_sound reached end of file
4640.3054 	EXP 	Sound test_sound reached end of file
4640.4619 	EXP 	New trial (rep=0, index=19): <Trial 19 (19 in rep 0) data={'sounds': 'sounds/38b_pagar.wav', 'syll': 'CVC', 'stress_unstress': 'Unstressed', 'suffix': 'Mismatch', 'present_past': 'present', 'corrAns': 'num_1', 'trigger_item': 0.0, 'trigger_senonset': 0.2, 'trigger_verbsonset': 1.166737304687499, 'trigger_1_F0': 1.185271158854166, 'trigger_suffix': 1.29521061197916, 'trigger_2_F0': 1.4055712890624898, 'ID_item': 101, 'ID_senonset': 20, 'ID_verbonset': 21, 'ID_1_F0': 22, 'ID_suffix': 23, 'ID_2_F0': 24, 'ms_senonset': 0, 'ms_verbonset': 0.966737304687499, 'ms_1_F0': 0.985271158854166, 'ms_suffix': 1.09521061197916, 'ms_2_F0': 1.20557128906249, 'file_name': '38b_pagar.wav', 'item_id': 38, 'cond': 'b', 'thisN': 19, 'thisTrialN': 19, 'thisRepN': 0}>
4640.4710 	EXP 	Sound test_sound reached end of file
4640.4722 	EXP 	Sound test_sound started
4640.4732 	DATA 	Keypress: left
4640.4823 	EXP 	polygon_2: autoDraw = False
4640.4823 	EXP 	text_3: autoDraw = False
4640.4823 	EXP 	polygon_2: autoDraw = True
4642.7067 	EXP 	Sound test_sound reached end of file
4642.7222 	EXP 	Sound test_sound reached end of file
4644.6926 	DATA 	Keypress: right
4644.7218 	EXP 	polygon_2: autoDraw = False
4644.7218 	EXP 	text_3: autoDraw = True
4651.4915 	EXP 	New trial (rep=0, index=20): <Trial 20 (20 in rep 0) data={'sounds': 'sounds/06d_soplar.wav', 'syll': 'CVC', 'stress_unstress': 'Stressed', 'suffix': 'Mismatch', 'present_past': 'past', 'corrAns': 'num_2', 'trigger_item': 0.0, 'trigger_senonset': 0.2, 'trigger_verbsonset': 0.761291666666666, 'trigger_1_F0': 0.8899999999999999, 'trigger_suffix': 1.102139687590422, 'trigger_2_F0': 1.166665581687644, 'ID_item': 101, 'ID_senonset': 40, 'ID_verbonset': 41, 'ID_1_F0': 42, 'ID_suffix': 43, 'ID_2_F0': 44, 'ms_senonset': 0, 'ms_verbonset': 0.561291666666666, 'ms_1_F0': 0.69, 'ms_suffix': 0.902139687590422, 'ms_2_F0': 0.966665581687644, 'file_name': '06d_soplar.wav', 'item_id': 6, 'cond': 'd', 'thisN': 20, 'thisTrialN': 20, 'thisRepN': 0}>
4651.4986 	EXP 	Sound test_sound reached end of file
4651.5051 	EXP 	Sound test_sound started
4651.5007 	DATA 	Keypress: space
4651.5093 	EXP 	text_3: autoDraw = False
4651.5093 	EXP 	polygon_2: autoDraw = True
4653.3721 	EXP 	Sound test_sound reached end of file
4653.3890 	EXP 	Sound test_sound reached end of file
4653.7249 	DATA 	Keypress: left
4653.7456 	EXP 	New trial (rep=0, index=21): <Trial 21 (21 in rep 0) data={'sounds': 'sounds/07c_tumbar.wav', 'syll': 'CVC', 'stress_unstress': 'Unstressed', 'suffix': 'Match', 'present_past': 'past', 'corrAns': 'num_2', 'trigger_item': 0.0, 'trigger_senonset': 0.2, 'trigger_verbsonset': 0.9084024930273432, 'trigger_1_F0': 0.9247360728973012, 'trigger_suffix': 1.143289673625005, 'trigger_2_F0': 1.154847989033482, 'ID_item': 101, 'ID_senonset': 30, 'ID_verbonset': 31, 'ID_1_F0': 32, 'ID_suffix': 33, 'ID_2_F0': 34, 'ms_senonset': 0, 'ms_verbonset': 0.708402493027343, 'ms_1_F0': 0.724736072897301, 'ms_suffix': 0.943289673625005, 'ms_2_F0': 0.954847989033482, 'file_name': '07c_tumbar.wav', 'item_id': 7, 'cond': 'c', 'thisN': 21, 'thisTrialN': 21, 'thisRepN': 0}>
4653.7530 	EXP 	Sound test_sound reached end of file
4653.7551 	EXP 	Sound test_sound started
4653.7658 	EXP 	polygon_2: autoDraw = False
4653.7658 	EXP 	text_3: autoDraw = False
4653.7658 	EXP 	polygon_2: autoDraw = True
4655.6886 	EXP 	Sound test_sound reached end of file
4655.7054 	EXP 	Sound test_sound reached end of file
4655.9421 	DATA 	Keypress: left
4655.9625 	EXP 	New trial (rep=0, index=22): <Trial 22 (22 in rep 0) data={'sounds': 'sounds/14b_borrar.wav', 'syll': 'CVC', 'stress_unstress': 'Unstressed', 'suffix': 'Mismatch', 'present_past': 'present', 'corrAns': 'num_1', 'trigger_item': 0.0, 'trigger_senonset': 0.2, 'trigger_verbsonset': 0.72, 'trigger_1_F0': 0.770187630208333, 'trigger_suffix': 0.851961241319444, 'trigger_2_F0': 0.964399956597222, 'ID_item': 101, 'ID_senonset': 20, 'ID_verbonset': 21, 'ID_1_F0': 22, 'ID_suffix': 23, 'ID_2_F0': 24, 'ms_senonset': 0, 'ms_verbonset': 0.52, 'ms_1_F0': 0.570187630208333, 'ms_suffix': 0.651961241319444, 'ms_2_F0': 0.764399956597222, 'file_name': '14b_borrar.wav', 'item_id': 14, 'cond': 'b', 'thisN': 22, 'thisTrialN': 22, 'thisRepN': 0}>
4655.9709 	EXP 	Sound test_sound reached end of file
4655.9725 	EXP 	Sound test_sound started
4655.9811 	EXP 	polygon_2: autoDraw = False
4655.9811 	EXP 	text_3: autoDraw = False
4655.9811 	EXP 	polygon_2: autoDraw = True
4657.9091 	EXP 	Sound test_sound reached end of file
4657.9223 	EXP 	Sound test_sound reached end of file
4659.8124 	EXP 	New trial (rep=0, index=23): <Trial 23 (23 in rep 0) data={'sounds': 'sounds/16a_llevar.wav', 'syll': 'CVC', 'stress_unstress': 'Stressed', 'suffix': 'Match', 'present_past': 'present', 'corrAns': 'num_1', 'trigger_item': 0.0, 'trigger_senonset': 0.2, 'trigger_verbsonset': 0.929084516317274, 'trigger_1_F0': 0.964936524692279, 'trigger_suffix': 1.08, 'trigger_2_F0': 1.131864014418682, 'ID_item': 101, 'ID_senonset': 10, 'ID_verbonset': 11, 'ID_1_F0': 12, 'ID_suffix': 13, 'ID_2_F0': 14, 'ms_senonset': 0, 'ms_verbonset': 0.729084516317274, 'ms_1_F0': 0.764936524692279, 'ms_suffix': 0.88, 'ms_2_F0': 0.931864014418682, 'file_name': '16a_llevar.wav', 'item_id': 16, 'cond': 'a', 'thisN': 23, 'thisTrialN': 23, 'thisRepN': 0}>
4659.8209 	EXP 	Sound test_sound reached end of file
4659.8218 	EXP 	Sound test_sound started
4659.8234 	DATA 	Keypress: right
4659.8321 	EXP 	polygon_2: autoDraw = False
4659.8321 	EXP 	text_3: autoDraw = False
4659.8321 	EXP 	polygon_2: autoDraw = True
4661.7120 	EXP 	Sound test_sound reached end of file
4661.7220 	EXP 	Sound test_sound reached end of file
4662.1456 	EXP 	New trial (rep=0, index=24): <Trial 24 (24 in rep 0) data={'sounds': 'sounds/40c_gastar.wav', 'syll': 'CVC', 'stress_unstress': 'Unstressed', 'suffix': 'Match', 'present_past': 'past', 'corrAns': 'num_2', 'trigger_item': 0.0, 'trigger_senonset': 0.2, 'trigger_verbsonset': 0.8300000000000001, 'trigger_1_F0': 0.8400000000000001, 'trigger_suffix': 1.163436328125, 'trigger_2_F0': 1.183149609375, 'ID_item': 101, 'ID_senonset': 30, 'ID_verbonset': 31, 'ID_1_F0': 32, 'ID_suffix': 33, 'ID_2_F0': 34, 'ms_senonset': 0, 'ms_verbonset': 0.63, 'ms_1_F0': 0.64, 'ms_suffix': 0.963436328125, 'ms_2_F0': 0.983149609375, 'file_name': '40c_gastar.wav', 'item_id': 40, 'cond': 'c', 'thisN': 24, 'thisTrialN': 24, 'thisRepN': 0}>
4662.1529 	EXP 	Sound test_sound reached end of file
4662.1551 	EXP 	Sound test_sound started
4662.1563 	DATA 	Keypress: right
4662.1644 	EXP 	polygon_2: autoDraw = False
4662.1644 	EXP 	text_3: autoDraw = False
4662.1644 	EXP 	polygon_2: autoDraw = True
4664.1261 	EXP 	Sound test_sound paused
4664.1300 	EXP 	New trial (rep=0, index=25): <Trial 25 (25 in rep 0) data={'sounds': 'sounds/03b_limpiar.wav', 'syll': 'CVC', 'stress_unstress': 'Unstressed', 'suffix': 'Mismatch', 'present_past': 'present', 'corrAns': 'num_1', 'trigger_item': 0.0, 'trigger_senonset': 0.2, 'trigger_verbsonset': 0.8500000000000001, 'trigger_1_F0': 0.932367621527777, 'trigger_suffix': 1.26878515625, 'trigger_2_F0': 1.35808463541666, 'ID_item': 101, 'ID_senonset': 20, 'ID_verbonset': 21, 'ID_1_F0': 22, 'ID_suffix': 23, 'ID_2_F0': 24, 'ms_senonset': 0, 'ms_verbonset': 0.65, 'ms_1_F0': 0.732367621527777, 'ms_suffix': 1.06878515625, 'ms_2_F0': 1.15808463541666, 'file_name': '03b_limpiar.wav', 'item_id': 3, 'cond': 'b', 'thisN': 25, 'thisTrialN': 25, 'thisRepN': 0}>
4664.1371 	EXP 	Sound test_sound reached end of file
4664.1387 	EXP 	Sound test_sound started
4664.1400 	DATA 	Keypress: left
4664.1478 	EXP 	polygon_2: autoDraw = False
4664.1478 	EXP 	text_3: autoDraw = False
4664.1478 	EXP 	polygon_2: autoDraw = True
4666.2612 	EXP 	Sound test_sound reached end of file
4666.2723 	EXP 	Sound test_sound reached end of file
4668.0116 	EXP 	New trial (rep=0, index=26): <Trial 26 (26 in rep 0) data={'sounds': 'sounds/23a_tomar.wav', 'syll': 'CVC', 'stress_unstress': 'Stressed', 'suffix': 'Match', 'present_past': 'present', 'corrAns': 'num_1', 'trigger_item': 0.0, 'trigger_senonset': 0.2, 'trigger_verbsonset': 0.9453179615162032, 'trigger_1_F0': 0.95, 'trigger_suffix': 1.08, 'trigger_2_F0': 1.158644495081018, 'ID_item': 101, 'ID_senonset': 10, 'ID_verbonset': 11, 'ID_1_F0': 12, 'ID_suffix': 13, 'ID_2_F0': 14, 'ms_senonset': 0, 'ms_verbonset': 0.745317961516203, 'ms_1_F0': 0.75, 'ms_suffix': 0.88, 'ms_2_F0': 0.958644495081018, 'file_name': '23a_tomar.wav', 'item_id': 23, 'cond': 'a', 'thisN': 26, 'thisTrialN': 26, 'thisRepN': 0}>
4668.0172 	EXP 	Sound test_sound reached end of file
4668.0225 	EXP 	Sound test_sound started
4668.0206 	DATA 	Keypress: left
4668.0274 	EXP 	polygon_2: autoDraw = False
4668.0274 	EXP 	text_3: autoDraw = False
4668.0274 	EXP 	polygon_2: autoDraw = True
4669.9009 	EXP 	Sound test_sound reached end of file
4669.9067 	EXP 	Sound test_sound reached end of file
4670.6957 	EXP 	New trial (rep=0, index=27): <Trial 27 (27 in rep 0) data={'sounds': 'sounds/15b_partir.wav', 'syll': 'CVC', 'stress_unstress': 'Unstressed', 'suffix': 'Mismatch', 'present_past': 'present', 'corrAns': 'num_1', 'trigger_item': 0.0, 'trigger_senonset': 0.2, 'trigger_verbsonset': 0.826865400752314, 'trigger_1_F0': 0.842973894883327, 'trigger_suffix': 1.1042888772729471, 'trigger_2_F0': 1.120815958498066, 'ID_item': 101, 'ID_senonset': 20, 'ID_verbonset': 21, 'ID_1_F0': 22, 'ID_suffix': 23, 'ID_2_F0': 24, 'ms_senonset': 0, 'ms_verbonset': 0.626865400752314, 'ms_1_F0': 0.642973894883327, 'ms_suffix': 0.904288877272947, 'ms_2_F0': 0.920815958498066, 'file_name': '15b_partir.wav', 'item_id': 15, 'cond': 'b', 'thisN': 27, 'thisTrialN': 27, 'thisRepN': 0}>
4670.7023 	EXP 	Sound test_sound reached end of file
4670.7053 	EXP 	Sound test_sound started
4670.7051 	DATA 	Keypress: right
4670.7139 	EXP 	polygon_2: autoDraw = False
4670.7139 	EXP 	text_3: autoDraw = False
4670.7139 	EXP 	polygon_2: autoDraw = True
4672.7541 	EXP 	Sound test_sound reached end of file
4672.7596 	EXP 	Sound test_sound reached end of file
4675.7288 	EXP 	New trial (rep=0, index=28): <Trial 28 (28 in rep 0) data={'sounds': 'sounds/01d_salvar.wav', 'syll': 'CVC', 'stress_unstress': 'Stressed', 'suffix': 'Mismatch', 'present_past': 'past', 'corrAns': 'num_2', 'trigger_item': 0.0, 'trigger_senonset': 0.2, 'trigger_verbsonset': 0.8500000000000001, 'trigger_1_F0': 0.996069502314814, 'trigger_suffix': 1.23, 'trigger_2_F0': 1.29, 'ID_item': 101, 'ID_senonset': 40, 'ID_verbonset': 41, 'ID_1_F0': 42, 'ID_suffix': 43, 'ID_2_F0': 44, 'ms_senonset': 0, 'ms_verbonset': 0.65, 'ms_1_F0': 0.796069502314814, 'ms_suffix': 1.03, 'ms_2_F0': 1.09, 'file_name': '01d_salvar.wav', 'item_id': 1, 'cond': 'd', 'thisN': 28, 'thisTrialN': 28, 'thisRepN': 0}>
4675.7369 	EXP 	Sound test_sound reached end of file
4675.7383 	EXP 	Sound test_sound started
4675.7394 	DATA 	Keypress: left
4675.7481 	EXP 	polygon_2: autoDraw = False
4675.7481 	EXP 	text_3: autoDraw = False
4675.7481 	EXP 	polygon_2: autoDraw = True
4677.7769 	EXP 	Sound test_sound reached end of file
4677.7889 	EXP 	Sound test_sound reached end of file
4679.5114 	EXP 	New trial (rep=0, index=29): <Trial 29 (29 in rep 0) data={'sounds': 'sounds/34c_formar.wav', 'syll': 'CVC', 'stress_unstress': 'Unstressed', 'suffix': 'Match', 'present_past': 'past', 'corrAns': 'num_2', 'trigger_item': 0.0, 'trigger_senonset': 0.2, 'trigger_verbsonset': 0.876373676215277, 'trigger_1_F0': 0.992687651909722, 'trigger_suffix': 1.14, 'trigger_2_F0': 1.26319767795138, 'ID_item': 101, 'ID_senonset': 30, 'ID_verbonset': 31, 'ID_1_F0': 32, 'ID_suffix': 33, 'ID_2_F0': 34, 'ms_senonset': 0, 'ms_verbonset': 0.676373676215277, 'ms_1_F0': 0.792687651909722, 'ms_suffix': 0.94, 'ms_2_F0': 1.06319767795138, 'file_name': '34c_formar.wav', 'item_id': 34, 'cond': 'c', 'thisN': 29, 'thisTrialN': 29, 'thisRepN': 0}>
4679.5184 	EXP 	Sound test_sound reached end of file
4679.5218 	EXP 	Sound test_sound started
4679.5217 	DATA 	Keypress: left
4679.5293 	EXP 	polygon_2: autoDraw = False
4679.5293 	EXP 	text_3: autoDraw = False
4679.5293 	EXP 	polygon_2: autoDraw = True
4681.4860 	EXP 	Sound test_sound paused
4681.4925 	DATA 	Keypress: left
4681.4949 	EXP 	polygon_2: autoDraw = False
4681.4949 	EXP 	text_3: autoDraw = True
4685.7750 	EXP 	New trial (rep=0, index=30): <Trial 30 (30 in rep 0) data={'sounds': 'sounds/17d_tragar.wav', 'syll': 'CVC', 'stress_unstress': 'Stressed', 'suffix': 'Mismatch', 'present_past': 'past', 'corrAns': 'num_2', 'trigger_item': 0.0, 'trigger_senonset': 0.2, 'trigger_verbsonset': 1.070609360532407, 'trigger_1_F0': 1.117973654513888, 'trigger_suffix': 1.30915316840277, 'trigger_2_F0': 1.35458539534397, 'ID_item': 101, 'ID_senonset': 40, 'ID_verbonset': 41, 'ID_1_F0': 42, 'ID_suffix': 43, 'ID_2_F0': 44, 'ms_senonset': 0, 'ms_verbonset': 0.870609360532407, 'ms_1_F0': 0.917973654513888, 'ms_suffix': 1.10915316840277, 'ms_2_F0': 1.15458539534397, 'file_name': '17d_tragar.wav', 'item_id': 17, 'cond': 'd', 'thisN': 30, 'thisTrialN': 30, 'thisRepN': 0}>
4685.7834 	EXP 	Sound test_sound reached end of file
4685.7885 	EXP 	Sound test_sound started
4685.7864 	DATA 	Keypress: space
4685.7944 	EXP 	text_3: autoDraw = False
4685.7944 	EXP 	polygon_2: autoDraw = True
4687.8575 	EXP 	Sound test_sound paused
4687.8618 	EXP 	New trial (rep=0, index=31): <Trial 31 (31 in rep 0) data={'sounds': 'sounds/05a_fumar.wav', 'syll': 'CVC', 'stress_unstress': 'Stressed', 'suffix': 'Match', 'present_past': 'present', 'corrAns': 'num_1', 'trigger_item': 0.0, 'trigger_senonset': 0.2, 'trigger_verbsonset': 1.15, 'trigger_1_F0': 1.36712555700231, 'trigger_suffix': 1.48, 'trigger_2_F0': 1.56308830295138, 'ID_item': 101, 'ID_senonset': 10, 'ID_verbonset': 11, 'ID_1_F0': 12, 'ID_suffix': 13, 'ID_2_F0': 14, 'ms_senonset': 0, 'ms_verbonset': 0.95, 'ms_1_F0': 1.16712555700231, 'ms_suffix': 1.28, 'ms_2_F0': 1.36308830295138, 'file_name': '05a_fumar.wav', 'item_id': 5, 'cond': 'a', 'thisN': 31, 'thisTrialN': 31, 'thisRepN': 0}>
4687.8699 	EXP 	Sound test_sound reached end of file
4687.8720 	EXP 	Sound test_sound started
4687.8721 	DATA 	Keypress: left
4687.8811 	EXP 	polygon_2: autoDraw = False
4687.8811 	EXP 	text_3: autoDraw = False
4687.8811 	EXP 	polygon_2: autoDraw = True
4690.2260 	EXP 	Sound test_sound reached end of file
4690.2385 	EXP 	Sound test_sound reached end of file
4691.6113 	EXP 	New trial (rep=0, index=32): <Trial 32 (32 in rep 0) data={'sounds': 'sounds/04c_plantar.wav', 'syll': 'CVC', 'stress_unstress': 'Unstressed', 'suffix': 'Match', 'present_past': 'past', 'corrAns': 'num_2', 'trigger_item': 0.0, 'trigger_senonset': 0.2, 'trigger_verbsonset': 0.862877574458911, 'trigger_1_F0': 0.9343518689653568, 'trigger_suffix': 1.20493812332404, 'trigger_2_F0': 1.21897569287037, 'ID_item': 101, 'ID_senonset': 30, 'ID_verbonset': 31, 'ID_1_F0': 32, 'ID_suffix': 33, 'ID_2_F0': 34, 'ms_senonset': 0, 'ms_verbonset': 0.662877574458911, 'ms_1_F0': 0.734351868965357, 'ms_suffix': 1.00493812332404, 'ms_2_F0': 1.01897569287037, 'file_name': '04c_plantar.wav', 'item_id': 4, 'cond': 'c', 'thisN': 32, 'thisTrialN': 32, 'thisRepN': 0}>
4691.6181 	EXP 	Sound test_sound reached end of file
4691.6220 	EXP 	Sound test_sound started
4691.6212 	DATA 	Keypress: right
4691.6289 	EXP 	polygon_2: autoDraw = False
4691.6289 	EXP 	text_3: autoDraw = False
4691.6289 	EXP 	polygon_2: autoDraw = True
4693.6437 	EXP 	Sound test_sound reached end of file
4693.6555 	EXP 	Sound test_sound reached end of file
4693.9291 	EXP 	New trial (rep=0, index=33): <Trial 33 (33 in rep 0) data={'sounds': 'sounds/21a_mezclar.wav', 'syll': 'CVC', 'stress_unstress': 'Stressed', 'suffix': 'Match', 'present_past': 'present', 'corrAns': 'num_1', 'trigger_item': 0.0, 'trigger_senonset': 0.2, 'trigger_verbsonset': 0.78, 'trigger_1_F0': 0.9121902777777772, 'trigger_suffix': 1.20214212962962, 'trigger_2_F0': 1.27, 'ID_item': 101, 'ID_senonset': 10, 'ID_verbonset': 11, 'ID_1_F0': 12, 'ID_suffix': 13, 'ID_2_F0': 14, 'ms_senonset': 0, 'ms_verbonset': 0.58, 'ms_1_F0': 0.712190277777777, 'ms_suffix': 1.00214212962962, 'ms_2_F0': 1.07, 'file_name': '21a_mezclar.wav', 'item_id': 21, 'cond': 'a', 'thisN': 33, 'thisTrialN': 33, 'thisRepN': 0}>
4693.9367 	EXP 	Sound test_sound reached end of file
4693.9387 	EXP 	Sound test_sound started
4693.9396 	DATA 	Keypress: left
4693.9491 	EXP 	polygon_2: autoDraw = False
4693.9491 	EXP 	text_3: autoDraw = False
4693.9491 	EXP 	polygon_2: autoDraw = True
4695.9555 	EXP 	Sound test_sound reached end of file
4695.9729 	EXP 	Sound test_sound reached end of file
4696.7287 	EXP 	New trial (rep=0, index=34): <Trial 34 (34 in rep 0) data={'sounds': 'sounds/39b_manchar.wav', 'syll': 'CVC', 'stress_unstress': 'Unstressed', 'suffix': 'Mismatch', 'present_past': 'present', 'corrAns': 'num_1', 'trigger_item': 0.0, 'trigger_senonset': 0.2, 'trigger_verbsonset': 0.81, 'trigger_1_F0': 0.91203755787037, 'trigger_suffix': 1.140584317129629, 'trigger_2_F0': 1.2139708912037, 'ID_item': 101, 'ID_senonset': 20, 'ID_verbonset': 21, 'ID_1_F0': 22, 'ID_suffix': 23, 'ID_2_F0': 24, 'ms_senonset': 0, 'ms_verbonset': 0.61, 'ms_1_F0': 0.71203755787037, 'ms_suffix': 0.940584317129629, 'ms_2_F0': 1.0139708912037, 'file_name': '39b_manchar.wav', 'item_id': 39, 'cond': 'b', 'thisN': 34, 'thisTrialN': 34, 'thisRepN': 0}>
4696.7351 	EXP 	Sound test_sound reached end of file
4696.7386 	EXP 	Sound test_sound started
4696.7372 	DATA 	Keypress: right
4696.7459 	EXP 	polygon_2: autoDraw = False
4696.7459 	EXP 	text_3: autoDraw = False
4696.7459 	EXP 	polygon_2: autoDraw = True
4698.9723 	EXP 	Sound test_sound reached end of file
4698.9888 	EXP 	Sound test_sound reached end of file
4700.9123 	EXP 	New trial (rep=0, index=35): <Trial 35 (35 in rep 0) data={'sounds': 'sounds/02c_buscar.wav', 'syll': 'CVC', 'stress_unstress': 'Unstressed', 'suffix': 'Match', 'present_past': 'past', 'corrAns': 'num_2', 'trigger_item': 0.0, 'trigger_senonset': 0.2, 'trigger_verbsonset': 0.8700000000000001, 'trigger_1_F0': 1.07, 'trigger_suffix': 1.26, 'trigger_2_F0': 1.40703946035879, 'ID_item': 101, 'ID_senonset': 30, 'ID_verbonset': 31, 'ID_1_F0': 32, 'ID_suffix': 33, 'ID_2_F0': 34, 'ms_senonset': 0, 'ms_verbonset': 0.67, 'ms_1_F0': 0.87, 'ms_suffix': 1.06, 'ms_2_F0': 1.20703946035879, 'file_name': '02c_buscar.wav', 'item_id': 2, 'cond': 'c', 'thisN': 35, 'thisTrialN': 35, 'thisRepN': 0}>
4700.9192 	EXP 	Sound test_sound reached end of file
4700.9219 	EXP 	Sound test_sound started
4700.9217 	DATA 	Keypress: right
4700.9323 	EXP 	polygon_2: autoDraw = False
4700.9323 	EXP 	text_3: autoDraw = False
4700.9323 	EXP 	polygon_2: autoDraw = True
4703.0397 	EXP 	Sound test_sound reached end of file
4703.0557 	EXP 	Sound test_sound reached end of file
4703.1122 	EXP 	New trial (rep=0, index=36): <Trial 36 (36 in rep 0) data={'sounds': 'sounds/09c_cargar.wav', 'syll': 'CVC', 'stress_unstress': 'Unstressed', 'suffix': 'Match', 'present_past': 'past', 'corrAns': 'num_2', 'trigger_item': 0.0, 'trigger_senonset': 0.2, 'trigger_verbsonset': 0.81286744068287, 'trigger_1_F0': 0.8382251229745361, 'trigger_suffix': 1.032634020543981, 'trigger_2_F0': 1.090594437210648, 'ID_item': 101, 'ID_senonset': 30, 'ID_verbonset': 31, 'ID_1_F0': 32, 'ID_suffix': 33, 'ID_2_F0': 34, 'ms_senonset': 0, 'ms_verbonset': 0.61286744068287, 'ms_1_F0': 0.638225122974536, 'ms_suffix': 0.832634020543981, 'ms_2_F0': 0.890594437210648, 'file_name': '09c_cargar.wav', 'item_id': 9, 'cond': 'c', 'thisN': 36, 'thisTrialN': 36, 'thisRepN': 0}>
4703.1306 	EXP 	Sound test_sound reached end of file
4703.1385 	EXP 	Sound test_sound started
4703.1321 	DATA 	Keypress: left
4703.1425 	EXP 	polygon_2: autoDraw = False
4703.1425 	EXP 	text_3: autoDraw = False
4703.1425 	EXP 	polygon_2: autoDraw = True
4705.0547 	EXP 	Sound test_sound reached end of file
4705.0598 	EXP 	Sound test_sound reached end of file
4705.3954 	EXP 	New trial (rep=0, index=37): <Trial 37 (37 in rep 0) data={'sounds': 'sounds/36c_bordar.wav', 'syll': 'CVC', 'stress_unstress': 'Unstressed', 'suffix': 'Match', 'present_past': 'past', 'corrAns': 'num_2', 'trigger_item': 0.0, 'trigger_senonset': 0.2, 'trigger_verbsonset': 1.0, 'trigger_1_F0': 1.078468243634259, 'trigger_suffix': 1.3288624855324, 'trigger_2_F0': 1.3414992042824, 'ID_item': 101, 'ID_senonset': 30, 'ID_verbonset': 31, 'ID_1_F0': 32, 'ID_suffix': 33, 'ID_2_F0': 34, 'ms_senonset': 0, 'ms_verbonset': 0.8, 'ms_1_F0': 0.878468243634259, 'ms_suffix': 1.1288624855324, 'ms_2_F0': 1.1414992042824, 'file_name': '36c_bordar.wav', 'item_id': 36, 'cond': 'c', 'thisN': 37, 'thisTrialN': 37, 'thisRepN': 0}>
4705.4023 	EXP 	Sound test_sound reached end of file
4705.4051 	EXP 	Sound test_sound started
4705.4051 	DATA 	Keypress: left
4705.4130 	EXP 	polygon_2: autoDraw = False
4705.4130 	EXP 	text_3: autoDraw = False
4705.4130 	EXP 	polygon_2: autoDraw = True
4707.6577 	EXP 	Sound test_sound reached end of file
4707.6646 	EXP 	New trial (rep=0, index=38): <Trial 38 (38 in rep 0) data={'sounds': 'sounds/26a_bajar.wav', 'syll': 'CVC', 'stress_unstress': 'Stressed', 'suffix': 'Match', 'present_past': 'present', 'corrAns': 'num_1', 'trigger_item': 0.0, 'trigger_senonset': 0.2, 'trigger_verbsonset': 0.77, 'trigger_1_F0': 0.8999999999999999, 'trigger_suffix': 1.03, 'trigger_2_F0': 1.171181705729166, 'ID_item': 101, 'ID_senonset': 10, 'ID_verbonset': 11, 'ID_1_F0': 12, 'ID_suffix': 13, 'ID_2_F0': 14, 'ms_senonset': 0, 'ms_verbonset': 0.57, 'ms_1_F0': 0.7, 'ms_suffix': 0.83, 'ms_2_F0': 0.971181705729166, 'file_name': '26a_bajar.wav', 'item_id': 26, 'cond': 'a', 'thisN': 38, 'thisTrialN': 38, 'thisRepN': 0}>
4707.6714 	EXP 	Sound test_sound reached end of file
4707.6719 	EXP 	Sound test_sound started
4707.6740 	DATA 	Keypress: left
4707.6825 	EXP 	polygon_2: autoDraw = False
4707.6825 	EXP 	text_3: autoDraw = False
4707.6825 	EXP 	polygon_2: autoDraw = True
4709.6071 	EXP 	Sound test_sound paused
4709.6119 	EXP 	New trial (rep=0, index=39): <Trial 39 (39 in rep 0) data={'sounds': 'sounds/20c_cubrir.wav', 'syll': 'CVC', 'stress_unstress': 'Unstressed', 'suffix': 'Match', 'present_past': 'past', 'corrAns': 'num_2', 'trigger_item': 0.0, 'trigger_senonset': 0.2, 'trigger_verbsonset': 0.980138641742621, 'trigger_1_F0': 1.01, 'trigger_suffix': 1.192436112212021, 'trigger_2_F0': 1.28412143493692, 'ID_item': 101, 'ID_senonset': 30, 'ID_verbonset': 31, 'ID_1_F0': 32, 'ID_suffix': 33, 'ID_2_F0': 34, 'ms_senonset': 0, 'ms_verbonset': 0.780138641742621, 'ms_1_F0': 0.81, 'ms_suffix': 0.992436112212021, 'ms_2_F0': 1.08412143493692, 'file_name': '20c_cubrir.wav', 'item_id': 20, 'cond': 'c', 'thisN': 39, 'thisTrialN': 39, 'thisRepN': 0}>
4709.6196 	EXP 	Sound test_sound reached end of file
4709.6221 	EXP 	Sound test_sound started
4709.6220 	DATA 	Keypress: right
4709.6323 	EXP 	polygon_2: autoDraw = False
4709.6323 	EXP 	text_3: autoDraw = False
4709.6323 	EXP 	polygon_2: autoDraw = True
4711.7449 	EXP 	Sound test_sound reached end of file
4711.7558 	EXP 	Sound test_sound reached end of file
4711.8936 	DATA 	Keypress: left
4711.9045 	EXP 	polygon_2: autoDraw = False
4711.9045 	EXP 	text_3: autoDraw = False
4711.9045 	EXP 	text_2: autoDraw = True
4719.4980 	DATA 	Keypress: space
4719.5019 	EXP 	text_2: autoDraw = False
4719.5021 	EXP 	LangExperimentstress: status = STOPPED
