6.6166 	WARNING 	User requested fullscreen with size [1536  864], but screen is actually [1920, 1080]. Using actual size
6.8133 	EXP 	Created window1 = Window(allowGUI=False, allowStencil=False, autoLog=True, backendConf=UNKNOWN, backgroundFit=<method-wrapper '__getattribute__' of attributeSetter object at 0x0000015C8432FFA0>, backgroundImage=<method-wrapper '__getattribute__' of attributeSetter object at 0x0000015C8432FF40>, bitsMode=UNKNOWN, blendMode='avg', bpc=(8, 8, 8), color=array([0, 0, 0]), colorSpace='rgb', depthBits=8, fullscr=True, gamma=None, gammaErrorPolicy='raise', infoMsg=UNKNOWN, lms=UNKNOWN, monitor=<psychopy.monitors.calibTools.Monitor object at 0x0000015C8C610EE0>, multiSample=False, name='window1', numSamples=2, pos=[0.0, 0.0], screen=0, size=array([1920, 1080]), stencilBits=0, stereo=False, title='PsychoPy', units='height', useFBO=True, useRetina=False, viewOri=0.0, viewPos=None, viewScale=None, waitBlanking=True, winType='pyglet')
6.8133 	EXP 	window1: backgroundImage = ''
6.8133 	EXP 	window1: backgroundFit = 'none'
6.8638 	EXP 	window1: Attempting to measure frame rate of screen (0) ...
6.8638 	EXP 	window1: recordFrameIntervals = False
7.0217 	EXP 	window1: recordFrameIntervals = True
7.2059 	EXP 	Screen (0) actual frame rate measured at 59.86Hz
7.2060 	EXP 	window1: recordFrameIntervals = False
9.6155 	EXP 	LangExperimentstress: status = STARTED
9.7074 	EXP 	Created instr = TextStim(__class__=<class 'psychopy.visual.text.TextStim'>, alignHoriz=method-wrapper(...), alignText='center', alignVert=method-wrapper(...), anchorHoriz='center', anchorVert='center', antialias=True, autoDraw=False, autoLog=True, bold=False, color=array([1., 1., 1.]), colorSpace='rgb', contrast=1.0, depth=0.0, draggable=False, flipHoriz=False, flipVert=False, font='Arial', fontFiles=[], height=0.08, italic=False, languageStyle='LTR', name='instr', opacity=1, ori=0, pos=array([0., 0.]), rgb=UNKNOWN, text=str(...), units='height', win=Window(...), wrapWidth=1)
10.2138 	EXP 	Sound test_sound_2 set volume 1.000
10.2161 	EXP 	Created polygon = ShapeStim(__class__=<class 'psychopy.visual.shape.ShapeStim'>, anchor=('center', 'center'), autoDraw=False, autoLog=True, closeShape=True, color=method-wrapper(...), colorSpace='rgb', contrast=None, depth=-2.0, draggable=False, fillColor=array([-1, -1, -1]), fillColorSpace='rgb', fillRGB=array([-1, -1, -1]), interpolate=True, lineColor=array([-1., -1., -1.]), lineColorSpace='rgb', lineRGB=array([-1, -1, -1]), lineWidth=1, name='polygon', opacity=1, ori=0.0, pos=array([0., 0.]), size=array([0.15, 0.15]), units='height', vertices=ndarray(...), win=Window(...), windingRule=None)
10.2266 	EXP 	Created text_3 = TextStim(__class__=<class 'psychopy.visual.text.TextStim'>, alignHoriz=method-wrapper(...), alignText='center', alignVert=method-wrapper(...), anchorHoriz='center', anchorVert='center', antialias=True, autoDraw=False, autoLog=True, bold=False, color=array([1., 1., 1.]), colorSpace='rgb', contrast=1.0, depth=0.0, draggable=False, flipHoriz=False, flipVert=False, font='Arial', fontFiles=[], height=0.1, italic=False, languageStyle='LTR', name='text_3', opacity=1, ori=0, pos=array([0., 0.]), rgb=UNKNOWN, text=str(...), units='height', win=Window(...), wrapWidth=1)
10.2324 	EXP 	Created instr = TextStim(__class__=<class 'psychopy.visual.text.TextStim'>, alignHoriz=method-wrapper(...), alignText='center', alignVert=method-wrapper(...), anchorHoriz='center', anchorVert='center', antialias=True, autoDraw=False, autoLog=True, bold=False, color=array([1., 1., 1.]), colorSpace='rgb', contrast=1.0, depth=0.0, draggable=False, flipHoriz=False, flipVert=False, font='Arial', fontFiles=[], height=0.08, italic=False, languageStyle='LTR', name='instr', opacity=1, ori=0, pos=array([0., 0.]), rgb=UNKNOWN, text=str(...), units='height', win=Window(...), wrapWidth=1)
10.3692 	EXP 	Sound test_sound set volume 1.000
10.3717 	EXP 	Created polygon_2 = ShapeStim(__class__=<class 'psychopy.visual.shape.ShapeStim'>, anchor=('center', 'center'), autoDraw=False, autoLog=True, closeShape=True, color=method-wrapper(...), colorSpace='rgb', contrast=None, depth=-2.0, draggable=False, fillColor=array([-1, -1, -1]), fillColorSpace='rgb', fillRGB=array([-1, -1, -1]), interpolate=True, lineColor=array([-1., -1., -1.]), lineColorSpace='rgb', lineRGB=array([-1, -1, -1]), lineWidth=1, name='polygon_2', opacity=1, ori=0.0, pos=array([0., 0.]), size=array([0.15, 0.15]), units='height', vertices=ndarray(...), win=Window(...), windingRule=None)
10.3760 	EXP 	Created text_3 = TextStim(__class__=<class 'psychopy.visual.text.TextStim'>, alignHoriz=method-wrapper(...), alignText='center', alignVert=method-wrapper(...), anchorHoriz='center', anchorVert='center', antialias=True, autoDraw=False, autoLog=True, bold=False, color=array([1., 1., 1.]), colorSpace='rgb', contrast=1.0, depth=0.0, draggable=False, flipHoriz=False, flipVert=False, font='Arial', fontFiles=[], height=0.1, italic=False, languageStyle='LTR', name='text_3', opacity=1, ori=0, pos=array([0., 0.]), rgb=UNKNOWN, text=str(...), units='height', win=Window(...), wrapWidth=1)
10.3852 	EXP 	Created text_2 = TextStim(__class__=<class 'psychopy.visual.text.TextStim'>, alignHoriz=method-wrapper(...), alignText='center', alignVert=method-wrapper(...), anchorHoriz='center', anchorVert='center', antialias=True, autoDraw=False, autoLog=True, bold=False, color=array([1., 1., 1.]), colorSpace='rgb', contrast=1.0, depth=0.0, draggable=False, flipHoriz=False, flipVert=False, font='Arial', fontFiles=[], height=0.1, italic=False, languageStyle='LTR', name='text_2', opacity=1, ori=0, pos=array([0., 0.]), rgb=UNKNOWN, text=str(...), units='height', win=Window(...), wrapWidth=1)
0.0192 	EXP 	instr: autoDraw = True
4003.4266 	DATA 	Keypress: right
4157.5362 	EXP 	Imported selected_practice.csv as conditions, 4 conditions, 27 params
4157.5367 	EXP 	New trial (rep=0, index=0): <Trial 0 (0 in rep 0) data={'sounds': 'sounds/p2b_cortar.wav', 'syll': 'CVC', 'stress_unstress': 'Unstressed', 'suffix': 'Mismatch', 'present_past': 'present', 'corrAns': 'num_1', 'trigger_item': 0.0, 'trigger_senonset': 0.205513, 'trigger_verbsonset': 0.8629519999999999, 'trigger_1_F0': 0.984841, 'trigger_suffix': 1.219715, 'trigger_2_F0': 1.27, 'ID_item': 101, 'ID_senonset': 20, 'ID_verbonset': 21, 'ID_1_F0': 22, 'ID_suffix': 23, 'ID_2_F0': 24, 'ms_senonset': 0.005513, 'ms_verbonset': 0.662952, 'ms_1_F0': 0.784841, 'ms_suffix': 1.019715, 'ms_2_F0': 1.07, 'file_name': 'p2b_cortar.wav', 'sentence': 'p2', 'cond': 'b', 'combo': 'p2b', 'thisN': 0, 'thisTrialN': 0, 'thisRepN': 0}>
4157.5398 	EXP 	Sound test_sound_2 reached end of file
4157.5546 	EXP 	Sound test_sound_2 started
4157.5422 	DATA 	Keypress: space
4157.5509 	EXP 	instr: autoDraw = False
4157.5509 	EXP 	polygon: autoDraw = True
4159.7899 	EXP 	Sound test_sound_2 reached end of file
4159.8050 	EXP 	Sound test_sound_2 reached end of file
4163.1455 	EXP 	New trial (rep=0, index=1): <Trial 1 (1 in rep 0) data={'sounds': 'sounds/p3c_saltar.wav', 'syll': 'CVC', 'stress_unstress': 'Unstressed', 'suffix': 'Match', 'present_past': 'past', 'corrAns': 'num_2', 'trigger_item': 0.0, 'trigger_senonset': 0.205513, 'trigger_verbsonset': 0.8629519999999999, 'trigger_1_F0': 0.984841, 'trigger_suffix': 1.219715, 'trigger_2_F0': 1.27, 'ID_item': 101, 'ID_senonset': 30, 'ID_verbonset': 31, 'ID_1_F0': 32, 'ID_suffix': 33, 'ID_2_F0': 34, 'ms_senonset': 0.005513, 'ms_verbonset': 0.662952, 'ms_1_F0': 0.784841, 'ms_suffix': 1.019715, 'ms_2_F0': 1.07, 'file_name': 'p3c_saltar.wav', 'sentence': 'p3', 'cond': 'c', 'combo': 'p3c', 'thisN': 1, 'thisTrialN': 1, 'thisRepN': 0}>
4163.1510 	EXP 	Sound test_sound_2 reached end of file
4163.1548 	EXP 	Sound test_sound_2 started
4163.1535 	DATA 	Keypress: right
4163.1616 	EXP 	polygon: autoDraw = False
4163.1616 	EXP 	text_3: autoDraw = False
4163.1616 	EXP 	polygon: autoDraw = True
4165.2218 	EXP 	Sound test_sound_2 reached end of file
4165.2267 	EXP 	Sound test_sound_2 reached end of file
4166.8780 	EXP 	New trial (rep=0, index=2): <Trial 2 (2 in rep 0) data={'sounds': 'sounds/p4d_cortar.wav', 'syll': 'CVC', 'stress_unstress': 'Stressed', 'suffix': 'Mismatch', 'present_past': 'past', 'corrAns': 'num_2', 'trigger_item': 0.0, 'trigger_senonset': 0.205513, 'trigger_verbsonset': 0.8629519999999999, 'trigger_1_F0': 0.984841, 'trigger_suffix': 1.219715, 'trigger_2_F0': 1.27, 'ID_item': 101, 'ID_senonset': 40, 'ID_verbonset': 41, 'ID_1_F0': 42, 'ID_suffix': 43, 'ID_2_F0': 44, 'ms_senonset': 0.005513, 'ms_verbonset': 0.662952, 'ms_1_F0': 0.784841, 'ms_suffix': 1.019715, 'ms_2_F0': 1.07, 'file_name': 'p4d_cortar.wav', 'sentence': 'p4', 'cond': 'd', 'combo': 'p4d', 'thisN': 2, 'thisTrialN': 2, 'thisRepN': 0}>
4166.8849 	EXP 	Sound test_sound_2 reached end of file
4166.8879 	EXP 	Sound test_sound_2 started
4166.8869 	DATA 	Keypress: left
4166.8976 	EXP 	polygon: autoDraw = False
4166.8976 	EXP 	text_3: autoDraw = False
4166.8976 	EXP 	polygon: autoDraw = True
4169.3898 	EXP 	Sound test_sound_2 reached end of file
4169.4049 	EXP 	Sound test_sound_2 reached end of file
4170.1785 	EXP 	New trial (rep=0, index=3): <Trial 3 (3 in rep 0) data={'sounds': 'sounds/p1a_saltar.wav', 'syll': 'CVC', 'stress_unstress': 'Stressed', 'suffix': 'Match', 'present_past': 'present', 'corrAns': 'num_1', 'trigger_item': 0.0, 'trigger_senonset': 0.205513, 'trigger_verbsonset': 0.8629519999999999, 'trigger_1_F0': 0.984841, 'trigger_suffix': 1.219715, 'trigger_2_F0': 1.27, 'ID_item': 101, 'ID_senonset': 10, 'ID_verbonset': 11, 'ID_1_F0': 12, 'ID_suffix': 13, 'ID_2_F0': 14, 'ms_senonset': 0.005513, 'ms_verbonset': 0.662952, 'ms_1_F0': 0.784841, 'ms_suffix': 1.019715, 'ms_2_F0': 1.07, 'file_name': 'p1a_saltar.wav', 'sentence': 'p1', 'cond': 'a', 'combo': 'p1a', 'thisN': 3, 'thisTrialN': 3, 'thisRepN': 0}>
4170.1839 	EXP 	Sound test_sound_2 reached end of file
4170.1880 	EXP 	Sound test_sound_2 started
4170.1867 	DATA 	Keypress: right
4170.1934 	EXP 	polygon: autoDraw = False
4170.1934 	EXP 	text_3: autoDraw = False
4170.1934 	EXP 	polygon: autoDraw = True
4172.4051 	EXP 	Sound test_sound_2 reached end of file
4172.4211 	EXP 	Sound test_sound_2 reached end of file
4173.9970 	DATA 	Keypress: right
4174.0041 	EXP 	polygon: autoDraw = False
4174.0041 	EXP 	text_3: autoDraw = False
4174.0041 	EXP 	instr: autoDraw = True
4219.3626 	EXP 	Imported selected_trials.csv as conditions, 40 conditions, 26 params
4219.3638 	EXP 	New trial (rep=0, index=0): <Trial 0 (0 in rep 0) data={'sounds': 'sounds/18b_cumplir.wav', 'syll': 'CVC', 'stress_unstress': 'Unstressed', 'suffix': 'Mismatch', 'present_past': 'present', 'corrAns': 'num_1', 'trigger_item': 0.0, 'trigger_senonset': 0.2, 'trigger_verbsonset': 1.2408027271412, 'trigger_1_F0': 1.25568597366898, 'trigger_suffix': 1.46256310040509, 'trigger_2_F0': 1.54144430700231, 'ID_item': 101, 'ID_senonset': 20, 'ID_verbonset': 21, 'ID_1_F0': 22, 'ID_suffix': 23, 'ID_2_F0': 24, 'ms_senonset': 0, 'ms_verbonset': 1.0408027271412, 'ms_1_F0': 1.05568597366898, 'ms_suffix': 1.26256310040509, 'ms_2_F0': 1.34144430700231, 'file_name': '18b_cumplir.wav', 'item_id': 18, 'cond': 'b', 'thisN': 0, 'thisTrialN': 0, 'thisRepN': 0}>
4219.3683 	EXP 	Sound test_sound reached end of file
4219.3713 	EXP 	Sound test_sound started
4219.3703 	DATA 	Keypress: space
4219.3778 	EXP 	instr: autoDraw = False
4219.3778 	EXP 	polygon_2: autoDraw = True
4221.5431 	EXP 	Sound test_sound reached end of file
4221.5547 	EXP 	Sound test_sound reached end of file
4223.7789 	EXP 	New trial (rep=0, index=1): <Trial 1 (1 in rep 0) data={'sounds': 'sounds/36c_bordar.wav', 'syll': 'CVC', 'stress_unstress': 'Unstressed', 'suffix': 'Match', 'present_past': 'past', 'corrAns': 'num_2', 'trigger_item': 0.0, 'trigger_senonset': 0.2, 'trigger_verbsonset': 1.0, 'trigger_1_F0': 1.078468243634259, 'trigger_suffix': 1.3288624855324, 'trigger_2_F0': 1.3414992042824, 'ID_item': 101, 'ID_senonset': 30, 'ID_verbonset': 31, 'ID_1_F0': 32, 'ID_suffix': 33, 'ID_2_F0': 34, 'ms_senonset': 0, 'ms_verbonset': 0.8, 'ms_1_F0': 0.878468243634259, 'ms_suffix': 1.1288624855324, 'ms_2_F0': 1.1414992042824, 'file_name': '36c_bordar.wav', 'item_id': 36, 'cond': 'c', 'thisN': 1, 'thisTrialN': 1, 'thisRepN': 0}>
4223.7860 	EXP 	Sound test_sound reached end of file
4223.7884 	EXP 	Sound test_sound started
4223.7882 	DATA 	Keypress: left
4223.7986 	EXP 	polygon_2: autoDraw = False
4223.7986 	EXP 	text_3: autoDraw = False
4223.7986 	EXP 	polygon_2: autoDraw = True
4226.0444 	EXP 	Sound test_sound reached end of file
4226.0550 	EXP 	Sound test_sound reached end of file
4228.7280 	EXP 	New trial (rep=0, index=2): <Trial 2 (2 in rep 0) data={'sounds': 'sounds/33b_culpar.wav', 'syll': 'CVC', 'stress_unstress': 'Unstressed', 'suffix': 'Mismatch', 'present_past': 'present', 'corrAns': 'num_1', 'trigger_item': 0.0, 'trigger_senonset': 0.2, 'trigger_verbsonset': 0.8606178431336959, 'trigger_1_F0': 0.869103678029107, 'trigger_suffix': 1.109891641372144, 'trigger_2_F0': 1.131540467434179, 'ID_item': 101, 'ID_senonset': 20, 'ID_verbonset': 21, 'ID_1_F0': 22, 'ID_suffix': 23, 'ID_2_F0': 24, 'ms_senonset': 0, 'ms_verbonset': 0.660617843133696, 'ms_1_F0': 0.669103678029107, 'ms_suffix': 0.909891641372144, 'ms_2_F0': 0.931540467434179, 'file_name': '33b_culpar.wav', 'item_id': 33, 'cond': 'b', 'thisN': 2, 'thisTrialN': 2, 'thisRepN': 0}>
4228.7329 	EXP 	Sound test_sound reached end of file
4228.7379 	EXP 	Sound test_sound started
4228.7347 	DATA 	Keypress: left
4228.7434 	EXP 	polygon_2: autoDraw = False
4228.7434 	EXP 	text_3: autoDraw = False
4228.7434 	EXP 	polygon_2: autoDraw = True
4230.8960 	EXP 	Sound test_sound reached end of file
4230.9047 	EXP 	Sound test_sound reached end of file
4231.4755 	DATA 	Keypress: right
4231.4949 	EXP 	New trial (rep=0, index=3): <Trial 3 (3 in rep 0) data={'sounds': 'sounds/04c_plantar.wav', 'syll': 'CVC', 'stress_unstress': 'Unstressed', 'suffix': 'Match', 'present_past': 'past', 'corrAns': 'num_2', 'trigger_item': 0.0, 'trigger_senonset': 0.2, 'trigger_verbsonset': 0.862877574458911, 'trigger_1_F0': 0.9343518689653568, 'trigger_suffix': 1.20493812332404, 'trigger_2_F0': 1.21897569287037, 'ID_item': 101, 'ID_senonset': 30, 'ID_verbonset': 31, 'ID_1_F0': 32, 'ID_suffix': 33, 'ID_2_F0': 34, 'ms_senonset': 0, 'ms_verbonset': 0.662877574458911, 'ms_1_F0': 0.734351868965357, 'ms_suffix': 1.00493812332404, 'ms_2_F0': 1.01897569287037, 'file_name': '04c_plantar.wav', 'item_id': 4, 'cond': 'c', 'thisN': 3, 'thisTrialN': 3, 'thisRepN': 0}>
4231.5001 	EXP 	Sound test_sound reached end of file
4231.5046 	EXP 	Sound test_sound started
4231.5108 	EXP 	polygon_2: autoDraw = False
4231.5108 	EXP 	text_3: autoDraw = False
4231.5108 	EXP 	polygon_2: autoDraw = True
4233.5294 	EXP 	Sound test_sound reached end of file
4233.5381 	EXP 	Sound test_sound reached end of file
4236.2277 	EXP 	New trial (rep=0, index=4): <Trial 4 (4 in rep 0) data={'sounds': 'sounds/11a_pegar.wav', 'syll': 'CVC', 'stress_unstress': 'Stressed', 'suffix': 'Match', 'present_past': 'present', 'corrAns': 'num_1', 'trigger_item': 0.0, 'trigger_senonset': 0.2, 'trigger_verbsonset': 0.8182808977343741, 'trigger_1_F0': 0.831294515585661, 'trigger_suffix': 0.98, 'trigger_2_F0': 1.012063288108519, 'ID_item': 101, 'ID_senonset': 10, 'ID_verbonset': 11, 'ID_1_F0': 12, 'ID_suffix': 13, 'ID_2_F0': 14, 'ms_senonset': 0, 'ms_verbonset': 0.618280897734374, 'ms_1_F0': 0.631294515585661, 'ms_suffix': 0.78, 'ms_2_F0': 0.812063288108519, 'file_name': '11a_pegar.wav', 'item_id': 11, 'cond': 'a', 'thisN': 4, 'thisTrialN': 4, 'thisRepN': 0}>
4236.2327 	EXP 	Sound test_sound reached end of file
4236.2381 	EXP 	Sound test_sound started
4236.2344 	DATA 	Keypress: left
4236.2440 	EXP 	polygon_2: autoDraw = False
4236.2440 	EXP 	text_3: autoDraw = False
4236.2440 	EXP 	polygon_2: autoDraw = True
4238.1650 	EXP 	Sound test_sound reached end of file
4238.1724 	EXP 	Sound test_sound reached end of file
4240.9452 	EXP 	New trial (rep=0, index=5): <Trial 5 (5 in rep 0) data={'sounds': 'sounds/01d_salvar.wav', 'syll': 'CVC', 'stress_unstress': 'Stressed', 'suffix': 'Mismatch', 'present_past': 'past', 'corrAns': 'num_2', 'trigger_item': 0.0, 'trigger_senonset': 0.2, 'trigger_verbsonset': 0.8500000000000001, 'trigger_1_F0': 0.996069502314814, 'trigger_suffix': 1.23, 'trigger_2_F0': 1.29, 'ID_item': 101, 'ID_senonset': 40, 'ID_verbonset': 41, 'ID_1_F0': 42, 'ID_suffix': 43, 'ID_2_F0': 44, 'ms_senonset': 0, 'ms_verbonset': 0.65, 'ms_1_F0': 0.796069502314814, 'ms_suffix': 1.03, 'ms_2_F0': 1.09, 'file_name': '01d_salvar.wav', 'item_id': 1, 'cond': 'd', 'thisN': 5, 'thisTrialN': 5, 'thisRepN': 0}>
4240.9514 	EXP 	Sound test_sound reached end of file
4240.9547 	EXP 	Sound test_sound started
4240.9540 	DATA 	Keypress: right
4240.9624 	EXP 	polygon_2: autoDraw = False
4240.9624 	EXP 	text_3: autoDraw = False
4240.9624 	EXP 	polygon_2: autoDraw = True
4242.9933 	EXP 	Sound test_sound reached end of file
4243.0052 	EXP 	Sound test_sound reached end of file
4244.6110 	EXP 	New trial (rep=0, index=6): <Trial 6 (6 in rep 0) data={'sounds': 'sounds/07c_tumbar.wav', 'syll': 'CVC', 'stress_unstress': 'Unstressed', 'suffix': 'Match', 'present_past': 'past', 'corrAns': 'num_2', 'trigger_item': 0.0, 'trigger_senonset': 0.2, 'trigger_verbsonset': 0.9084024930273432, 'trigger_1_F0': 0.9247360728973012, 'trigger_suffix': 1.143289673625005, 'trigger_2_F0': 1.154847989033482, 'ID_item': 101, 'ID_senonset': 30, 'ID_verbonset': 31, 'ID_1_F0': 32, 'ID_suffix': 33, 'ID_2_F0': 34, 'ms_senonset': 0, 'ms_verbonset': 0.708402493027343, 'ms_1_F0': 0.724736072897301, 'ms_suffix': 0.943289673625005, 'ms_2_F0': 0.954847989033482, 'file_name': '07c_tumbar.wav', 'item_id': 7, 'cond': 'c', 'thisN': 6, 'thisTrialN': 6, 'thisRepN': 0}>
4244.6161 	EXP 	Sound test_sound reached end of file
4244.6216 	EXP 	Sound test_sound started
4244.6187 	DATA 	Keypress: left
4244.6274 	EXP 	polygon_2: autoDraw = False
4244.6274 	EXP 	text_3: autoDraw = False
4244.6274 	EXP 	polygon_2: autoDraw = True
4246.5548 	EXP 	Sound test_sound reached end of file
4246.5715 	EXP 	Sound test_sound reached end of file
4249.0453 	EXP 	New trial (rep=0, index=7): <Trial 7 (7 in rep 0) data={'sounds': 'sounds/16a_llevar.wav', 'syll': 'CVC', 'stress_unstress': 'Stressed', 'suffix': 'Match', 'present_past': 'present', 'corrAns': 'num_1', 'trigger_item': 0.0, 'trigger_senonset': 0.2, 'trigger_verbsonset': 0.929084516317274, 'trigger_1_F0': 0.964936524692279, 'trigger_suffix': 1.08, 'trigger_2_F0': 1.131864014418682, 'ID_item': 101, 'ID_senonset': 10, 'ID_verbonset': 11, 'ID_1_F0': 12, 'ID_suffix': 13, 'ID_2_F0': 14, 'ms_senonset': 0, 'ms_verbonset': 0.729084516317274, 'ms_1_F0': 0.764936524692279, 'ms_suffix': 0.88, 'ms_2_F0': 0.931864014418682, 'file_name': '16a_llevar.wav', 'item_id': 16, 'cond': 'a', 'thisN': 7, 'thisTrialN': 7, 'thisRepN': 0}>
4249.0506 	EXP 	Sound test_sound reached end of file
4249.0548 	EXP 	Sound test_sound started
4249.0534 	DATA 	Keypress: left
4249.0613 	EXP 	polygon_2: autoDraw = False
4249.0613 	EXP 	text_3: autoDraw = False
4249.0613 	EXP 	polygon_2: autoDraw = True
4250.9394 	EXP 	Sound test_sound reached end of file
4250.9556 	EXP 	Sound test_sound reached end of file
4252.4450 	EXP 	New trial (rep=0, index=8): <Trial 8 (8 in rep 0) data={'sounds': 'sounds/39b_manchar.wav', 'syll': 'CVC', 'stress_unstress': 'Unstressed', 'suffix': 'Mismatch', 'present_past': 'present', 'corrAns': 'num_1', 'trigger_item': 0.0, 'trigger_senonset': 0.2, 'trigger_verbsonset': 0.81, 'trigger_1_F0': 0.91203755787037, 'trigger_suffix': 1.140584317129629, 'trigger_2_F0': 1.2139708912037, 'ID_item': 101, 'ID_senonset': 20, 'ID_verbonset': 21, 'ID_1_F0': 22, 'ID_suffix': 23, 'ID_2_F0': 24, 'ms_senonset': 0, 'ms_verbonset': 0.61, 'ms_1_F0': 0.71203755787037, 'ms_suffix': 0.940584317129629, 'ms_2_F0': 1.0139708912037, 'file_name': '39b_manchar.wav', 'item_id': 39, 'cond': 'b', 'thisN': 8, 'thisTrialN': 8, 'thisRepN': 0}>
4252.4505 	EXP 	Sound test_sound reached end of file
4252.4546 	EXP 	Sound test_sound started
4252.4535 	DATA 	Keypress: right
4252.4613 	EXP 	polygon_2: autoDraw = False
4252.4613 	EXP 	text_3: autoDraw = False
4252.4613 	EXP 	polygon_2: autoDraw = True
4254.6885 	EXP 	Sound test_sound reached end of file
4254.7048 	EXP 	Sound test_sound reached end of file
4255.2621 	EXP 	New trial (rep=0, index=9): <Trial 9 (9 in rep 0) data={'sounds': 'sounds/31d_tocar.wav', 'syll': 'CVC', 'stress_unstress': 'Stressed', 'suffix': 'Mismatch', 'present_past': 'past', 'corrAns': 'num_2', 'trigger_item': 0.0, 'trigger_senonset': 0.2, 'trigger_verbsonset': 0.8493931756807, 'trigger_1_F0': 0.8650112062639721, 'trigger_suffix': 1.006860547391531, 'trigger_2_F0': 1.049162047334928, 'ID_item': 101, 'ID_senonset': 40, 'ID_verbonset': 41, 'ID_1_F0': 42, 'ID_suffix': 43, 'ID_2_F0': 44, 'ms_senonset': 0, 'ms_verbonset': 0.6493931756807, 'ms_1_F0': 0.665011206263972, 'ms_suffix': 0.806860547391531, 'ms_2_F0': 0.849162047334928, 'file_name': '31d_tocar.wav', 'item_id': 31, 'cond': 'd', 'thisN': 9, 'thisTrialN': 9, 'thisRepN': 0}>
4255.2670 	EXP 	Sound test_sound reached end of file
4255.2714 	EXP 	Sound test_sound started
4255.2693 	DATA 	Keypress: right
4255.2774 	EXP 	polygon_2: autoDraw = False
4255.2774 	EXP 	text_3: autoDraw = False
4255.2774 	EXP 	polygon_2: autoDraw = True
4257.1561 	EXP 	Sound test_sound reached end of file
4257.1717 	EXP 	Sound test_sound reached end of file
4258.3660 	DATA 	Keypress: right
4258.3719 	EXP 	polygon_2: autoDraw = False
4258.3719 	EXP 	text_3: autoDraw = True
4279.4242 	EXP 	New trial (rep=0, index=10): <Trial 10 (10 in rep 0) data={'sounds': 'sounds/03b_limpiar.wav', 'syll': 'CVC', 'stress_unstress': 'Unstressed', 'suffix': 'Mismatch', 'present_past': 'present', 'corrAns': 'num_1', 'trigger_item': 0.0, 'trigger_senonset': 0.2, 'trigger_verbsonset': 0.8500000000000001, 'trigger_1_F0': 0.932367621527777, 'trigger_suffix': 1.26878515625, 'trigger_2_F0': 1.35808463541666, 'ID_item': 101, 'ID_senonset': 20, 'ID_verbonset': 21, 'ID_1_F0': 22, 'ID_suffix': 23, 'ID_2_F0': 24, 'ms_senonset': 0, 'ms_verbonset': 0.65, 'ms_1_F0': 0.732367621527777, 'ms_suffix': 1.06878515625, 'ms_2_F0': 1.15808463541666, 'file_name': '03b_limpiar.wav', 'item_id': 3, 'cond': 'b', 'thisN': 10, 'thisTrialN': 10, 'thisRepN': 0}>
4279.4292 	EXP 	Sound test_sound reached end of file
4279.4380 	EXP 	Sound test_sound started
4279.4314 	DATA 	Keypress: space
4279.4400 	EXP 	text_3: autoDraw = False
4279.4400 	EXP 	polygon_2: autoDraw = True
4281.5585 	EXP 	Sound test_sound reached end of file
4281.5716 	EXP 	Sound test_sound reached end of file
4284.8444 	EXP 	New trial (rep=0, index=11): <Trial 11 (11 in rep 0) data={'sounds': 'sounds/25b_ganar.wav', 'syll': 'CVC', 'stress_unstress': 'Unstressed', 'suffix': 'Mismatch', 'present_past': 'present', 'corrAns': 'num_1', 'trigger_item': 0.0, 'trigger_senonset': 0.2, 'trigger_verbsonset': 1.152097938368055, 'trigger_1_F0': 1.15990068760488, 'trigger_suffix': 1.28904165650454, 'trigger_2_F0': 1.37272500435153, 'ID_item': 101, 'ID_senonset': 20, 'ID_verbonset': 21, 'ID_1_F0': 22, 'ID_suffix': 23, 'ID_2_F0': 24, 'ms_senonset': 0, 'ms_verbonset': 0.952097938368055, 'ms_1_F0': 0.95990068760488, 'ms_suffix': 1.08904165650454, 'ms_2_F0': 1.17272500435153, 'file_name': '25b_ganar.wav', 'item_id': 25, 'cond': 'b', 'thisN': 11, 'thisTrialN': 11, 'thisRepN': 0}>
4284.8507 	EXP 	Sound test_sound reached end of file
4284.8547 	EXP 	Sound test_sound started
4284.8538 	DATA 	Keypress: right
4284.8617 	EXP 	polygon_2: autoDraw = False
4284.8617 	EXP 	text_3: autoDraw = False
4284.8617 	EXP 	polygon_2: autoDraw = True
4287.1747 	EXP 	Sound test_sound reached end of file
4287.1883 	EXP 	Sound test_sound reached end of file
4288.9289 	EXP 	New trial (rep=0, index=12): <Trial 12 (12 in rep 0) data={'sounds': 'sounds/23a_tomar.wav', 'syll': 'CVC', 'stress_unstress': 'Stressed', 'suffix': 'Match', 'present_past': 'present', 'corrAns': 'num_1', 'trigger_item': 0.0, 'trigger_senonset': 0.2, 'trigger_verbsonset': 0.9453179615162032, 'trigger_1_F0': 0.95, 'trigger_suffix': 1.08, 'trigger_2_F0': 1.158644495081018, 'ID_item': 101, 'ID_senonset': 10, 'ID_verbonset': 11, 'ID_1_F0': 12, 'ID_suffix': 13, 'ID_2_F0': 14, 'ms_senonset': 0, 'ms_verbonset': 0.745317961516203, 'ms_1_F0': 0.75, 'ms_suffix': 0.88, 'ms_2_F0': 0.958644495081018, 'file_name': '23a_tomar.wav', 'item_id': 23, 'cond': 'a', 'thisN': 12, 'thisTrialN': 12, 'thisRepN': 0}>
4288.9341 	EXP 	Sound test_sound reached end of file
4288.9384 	EXP 	Sound test_sound started
4288.9373 	DATA 	Keypress: right
4288.9454 	EXP 	polygon_2: autoDraw = False
4288.9454 	EXP 	text_3: autoDraw = False
4288.9454 	EXP 	polygon_2: autoDraw = True
4290.8263 	EXP 	Sound test_sound reached end of file
4290.8387 	EXP 	Sound test_sound reached end of file
4291.9761 	EXP 	New trial (rep=0, index=13): <Trial 13 (13 in rep 0) data={'sounds': 'sounds/06d_soplar.wav', 'syll': 'CVC', 'stress_unstress': 'Stressed', 'suffix': 'Mismatch', 'present_past': 'past', 'corrAns': 'num_2', 'trigger_item': 0.0, 'trigger_senonset': 0.2, 'trigger_verbsonset': 0.761291666666666, 'trigger_1_F0': 0.8899999999999999, 'trigger_suffix': 1.102139687590422, 'trigger_2_F0': 1.166665581687644, 'ID_item': 101, 'ID_senonset': 40, 'ID_verbonset': 41, 'ID_1_F0': 42, 'ID_suffix': 43, 'ID_2_F0': 44, 'ms_senonset': 0, 'ms_verbonset': 0.561291666666666, 'ms_1_F0': 0.69, 'ms_suffix': 0.902139687590422, 'ms_2_F0': 0.966665581687644, 'file_name': '06d_soplar.wav', 'item_id': 6, 'cond': 'd', 'thisN': 13, 'thisTrialN': 13, 'thisRepN': 0}>
4291.9780 	EXP 	Sound test_sound reached end of file
4291.9879 	EXP 	Sound test_sound started
4291.9803 	DATA 	Keypress: right
4291.9895 	EXP 	polygon_2: autoDraw = False
4291.9895 	EXP 	text_3: autoDraw = False
4291.9895 	EXP 	polygon_2: autoDraw = True
4293.8457 	EXP 	Sound test_sound reached end of file
4293.8552 	EXP 	Sound test_sound reached end of file
4294.5624 	EXP 	New trial (rep=0, index=14): <Trial 14 (14 in rep 0) data={'sounds': 'sounds/20c_cubrir.wav', 'syll': 'CVC', 'stress_unstress': 'Unstressed', 'suffix': 'Match', 'present_past': 'past', 'corrAns': 'num_2', 'trigger_item': 0.0, 'trigger_senonset': 0.2, 'trigger_verbsonset': 0.980138641742621, 'trigger_1_F0': 1.01, 'trigger_suffix': 1.192436112212021, 'trigger_2_F0': 1.28412143493692, 'ID_item': 101, 'ID_senonset': 30, 'ID_verbonset': 31, 'ID_1_F0': 32, 'ID_suffix': 33, 'ID_2_F0': 34, 'ms_senonset': 0, 'ms_verbonset': 0.780138641742621, 'ms_1_F0': 0.81, 'ms_suffix': 0.992436112212021, 'ms_2_F0': 1.08412143493692, 'file_name': '20c_cubrir.wav', 'item_id': 20, 'cond': 'c', 'thisN': 14, 'thisTrialN': 14, 'thisRepN': 0}>
4294.5672 	EXP 	Sound test_sound reached end of file
4294.5715 	EXP 	Sound test_sound started
4294.5691 	DATA 	Keypress: left
4294.5777 	EXP 	polygon_2: autoDraw = False
4294.5777 	EXP 	text_3: autoDraw = False
4294.5777 	EXP 	polygon_2: autoDraw = True
4296.6910 	EXP 	Sound test_sound reached end of file
4296.7053 	EXP 	Sound test_sound reached end of file
4297.2266 	EXP 	New trial (rep=0, index=15): <Trial 15 (15 in rep 0) data={'sounds': 'sounds/34c_formar.wav', 'syll': 'CVC', 'stress_unstress': 'Unstressed', 'suffix': 'Match', 'present_past': 'past', 'corrAns': 'num_2', 'trigger_item': 0.0, 'trigger_senonset': 0.2, 'trigger_verbsonset': 0.876373676215277, 'trigger_1_F0': 0.992687651909722, 'trigger_suffix': 1.14, 'trigger_2_F0': 1.26319767795138, 'ID_item': 101, 'ID_senonset': 30, 'ID_verbonset': 31, 'ID_1_F0': 32, 'ID_suffix': 33, 'ID_2_F0': 34, 'ms_senonset': 0, 'ms_verbonset': 0.676373676215277, 'ms_1_F0': 0.792687651909722, 'ms_suffix': 0.94, 'ms_2_F0': 1.06319767795138, 'file_name': '34c_formar.wav', 'item_id': 34, 'cond': 'c', 'thisN': 15, 'thisTrialN': 15, 'thisRepN': 0}>
4297.2319 	EXP 	Sound test_sound reached end of file
4297.2379 	EXP 	Sound test_sound started
4297.2339 	DATA 	Keypress: left
4297.2415 	EXP 	polygon_2: autoDraw = False
4297.2415 	EXP 	text_3: autoDraw = False
4297.2415 	EXP 	polygon_2: autoDraw = True
4299.4552 	EXP 	Sound test_sound reached end of file
4299.4716 	EXP 	Sound test_sound reached end of file
4300.8277 	EXP 	New trial (rep=0, index=16): <Trial 16 (16 in rep 0) data={'sounds': 'sounds/13c_montar.wav', 'syll': 'CVC', 'stress_unstress': 'Unstressed', 'suffix': 'Match', 'present_past': 'past', 'corrAns': 'num_2', 'trigger_item': 0.0, 'trigger_senonset': 0.2, 'trigger_verbsonset': 0.8800000000000001, 'trigger_1_F0': 0.98, 'trigger_suffix': 1.24543012152777, 'trigger_2_F0': 1.2594709201388798, 'ID_item': 101, 'ID_senonset': 30, 'ID_verbonset': 31, 'ID_1_F0': 32, 'ID_suffix': 33, 'ID_2_F0': 34, 'ms_senonset': 0, 'ms_verbonset': 0.68, 'ms_1_F0': 0.78, 'ms_suffix': 1.04543012152777, 'ms_2_F0': 1.05947092013888, 'file_name': '13c_montar.wav', 'item_id': 13, 'cond': 'c', 'thisN': 16, 'thisTrialN': 16, 'thisRepN': 0}>
4300.8341 	EXP 	Sound test_sound reached end of file
4300.8378 	EXP 	Sound test_sound started
4300.8361 	DATA 	Keypress: left
4300.8444 	EXP 	polygon_2: autoDraw = False
4300.8444 	EXP 	text_3: autoDraw = False
4300.8444 	EXP 	polygon_2: autoDraw = True
4303.1232 	EXP 	Sound test_sound reached end of file
4303.1286 	EXP 	Sound test_sound reached end of file
4305.1627 	EXP 	New trial (rep=0, index=17): <Trial 17 (17 in rep 0) data={'sounds': 'sounds/40c_gastar.wav', 'syll': 'CVC', 'stress_unstress': 'Unstressed', 'suffix': 'Match', 'present_past': 'past', 'corrAns': 'num_2', 'trigger_item': 0.0, 'trigger_senonset': 0.2, 'trigger_verbsonset': 0.8300000000000001, 'trigger_1_F0': 0.8400000000000001, 'trigger_suffix': 1.163436328125, 'trigger_2_F0': 1.183149609375, 'ID_item': 101, 'ID_senonset': 30, 'ID_verbonset': 31, 'ID_1_F0': 32, 'ID_suffix': 33, 'ID_2_F0': 34, 'ms_senonset': 0, 'ms_verbonset': 0.63, 'ms_1_F0': 0.64, 'ms_suffix': 0.963436328125, 'ms_2_F0': 0.983149609375, 'file_name': '40c_gastar.wav', 'item_id': 40, 'cond': 'c', 'thisN': 17, 'thisTrialN': 17, 'thisRepN': 0}>
4305.1681 	EXP 	Sound test_sound reached end of file
4305.1717 	EXP 	Sound test_sound started
4305.1705 	DATA 	Keypress: right
4305.1803 	EXP 	polygon_2: autoDraw = False
4305.1803 	EXP 	text_3: autoDraw = False
4305.1803 	EXP 	polygon_2: autoDraw = True
4307.2668 	EXP 	Sound test_sound reached end of file
4307.2728 	EXP 	Sound test_sound reached end of file
4308.1782 	EXP 	New trial (rep=0, index=18): <Trial 18 (18 in rep 0) data={'sounds': 'sounds/12a_matar.wav', 'syll': 'CVC', 'stress_unstress': 'Stressed', 'suffix': 'Match', 'present_past': 'present', 'corrAns': 'num_1', 'trigger_item': 0.0, 'trigger_senonset': 0.2, 'trigger_verbsonset': 0.8400000000000001, 'trigger_1_F0': 0.96, 'trigger_suffix': 1.17307472511574, 'trigger_2_F0': 1.186647497106481, 'ID_item': 101, 'ID_senonset': 10, 'ID_verbonset': 11, 'ID_1_F0': 12, 'ID_suffix': 13, 'ID_2_F0': 14, 'ms_senonset': 0, 'ms_verbonset': 0.64, 'ms_1_F0': 0.76, 'ms_suffix': 0.97307472511574, 'ms_2_F0': 0.986647497106481, 'file_name': '12a_matar.wav', 'item_id': 12, 'cond': 'a', 'thisN': 18, 'thisTrialN': 18, 'thisRepN': 0}>
4308.1844 	EXP 	Sound test_sound reached end of file
4308.1882 	EXP 	Sound test_sound started
4308.1879 	DATA 	Keypress: right
4308.1964 	EXP 	polygon_2: autoDraw = False
4308.1964 	EXP 	text_3: autoDraw = False
4308.1964 	EXP 	polygon_2: autoDraw = True
4310.3695 	EXP 	Sound test_sound reached end of file
4310.3754 	EXP 	Sound test_sound reached end of file
4311.2755 	DATA 	Keypress: right
4311.2953 	EXP 	New trial (rep=0, index=19): <Trial 19 (19 in rep 0) data={'sounds': 'sounds/38b_pagar.wav', 'syll': 'CVC', 'stress_unstress': 'Unstressed', 'suffix': 'Mismatch', 'present_past': 'present', 'corrAns': 'num_1', 'trigger_item': 0.0, 'trigger_senonset': 0.2, 'trigger_verbsonset': 1.166737304687499, 'trigger_1_F0': 1.185271158854166, 'trigger_suffix': 1.29521061197916, 'trigger_2_F0': 1.4055712890624898, 'ID_item': 101, 'ID_senonset': 20, 'ID_verbonset': 21, 'ID_1_F0': 22, 'ID_suffix': 23, 'ID_2_F0': 24, 'ms_senonset': 0, 'ms_verbonset': 0.966737304687499, 'ms_1_F0': 0.985271158854166, 'ms_suffix': 1.09521061197916, 'ms_2_F0': 1.20557128906249, 'file_name': '38b_pagar.wav', 'item_id': 38, 'cond': 'b', 'thisN': 19, 'thisTrialN': 19, 'thisRepN': 0}>
4311.3004 	EXP 	Sound test_sound reached end of file
4311.3052 	EXP 	Sound test_sound started
4311.3101 	EXP 	polygon_2: autoDraw = False
4311.3101 	EXP 	text_3: autoDraw = False
4311.3101 	EXP 	polygon_2: autoDraw = True
4313.5382 	EXP 	Sound test_sound reached end of file
4313.5554 	EXP 	Sound test_sound reached end of file
4315.8143 	DATA 	Keypress: right
4315.8210 	EXP 	polygon_2: autoDraw = False
4315.8210 	EXP 	text_3: autoDraw = True
4332.4075 	EXP 	New trial (rep=0, index=20): <Trial 20 (20 in rep 0) data={'sounds': 'sounds/29a_pesar.wav', 'syll': 'CVC', 'stress_unstress': 'Stressed', 'suffix': 'Match', 'present_past': 'present', 'corrAns': 'num_1', 'trigger_item': 0.0, 'trigger_senonset': 0.2, 'trigger_verbsonset': 0.91328417532552, 'trigger_1_F0': 0.925531286730473, 'trigger_suffix': 1.03, 'trigger_2_F0': 1.150619522602117, 'ID_item': 101, 'ID_senonset': 10, 'ID_verbonset': 11, 'ID_1_F0': 12, 'ID_suffix': 13, 'ID_2_F0': 14, 'ms_senonset': 0, 'ms_verbonset': 0.71328417532552, 'ms_1_F0': 0.725531286730473, 'ms_suffix': 0.83, 'ms_2_F0': 0.950619522602117, 'file_name': '29a_pesar.wav', 'item_id': 29, 'cond': 'a', 'thisN': 20, 'thisTrialN': 20, 'thisRepN': 0}>
4332.4126 	EXP 	Sound test_sound reached end of file
4332.4212 	EXP 	Sound test_sound started
4332.4150 	DATA 	Keypress: space
4332.4233 	EXP 	text_3: autoDraw = False
4332.4233 	EXP 	polygon_2: autoDraw = True
4334.3195 	EXP 	Sound test_sound reached end of file
4334.3229 	EXP 	Sound test_sound reached end of file
4337.7611 	EXP 	New trial (rep=0, index=21): <Trial 21 (21 in rep 0) data={'sounds': 'sounds/26a_bajar.wav', 'syll': 'CVC', 'stress_unstress': 'Stressed', 'suffix': 'Match', 'present_past': 'present', 'corrAns': 'num_1', 'trigger_item': 0.0, 'trigger_senonset': 0.2, 'trigger_verbsonset': 0.77, 'trigger_1_F0': 0.8999999999999999, 'trigger_suffix': 1.03, 'trigger_2_F0': 1.171181705729166, 'ID_item': 101, 'ID_senonset': 10, 'ID_verbonset': 11, 'ID_1_F0': 12, 'ID_suffix': 13, 'ID_2_F0': 14, 'ms_senonset': 0, 'ms_verbonset': 0.57, 'ms_1_F0': 0.7, 'ms_suffix': 0.83, 'ms_2_F0': 0.971181705729166, 'file_name': '26a_bajar.wav', 'item_id': 26, 'cond': 'a', 'thisN': 21, 'thisTrialN': 21, 'thisRepN': 0}>
4337.7660 	EXP 	Sound test_sound reached end of file
4337.7712 	EXP 	Sound test_sound started
4337.7683 	DATA 	Keypress: right
4337.7778 	EXP 	polygon_2: autoDraw = False
4337.7778 	EXP 	text_3: autoDraw = False
4337.7778 	EXP 	polygon_2: autoDraw = True
4339.8240 	EXP 	Sound test_sound reached end of file
4339.8393 	EXP 	Sound test_sound reached end of file
4343.3783 	EXP 	New trial (rep=0, index=22): <Trial 22 (22 in rep 0) data={'sounds': 'sounds/10d_vender.wav', 'syll': 'CVC', 'stress_unstress': 'Stressed', 'suffix': 'Mismatch', 'present_past': 'past', 'corrAns': 'num_2', 'trigger_item': 0.0, 'trigger_senonset': 0.2, 'trigger_verbsonset': 0.832830209056713, 'trigger_1_F0': 0.8775468199411529, 'trigger_suffix': 1.109501330306288, 'trigger_2_F0': 1.158928471023364, 'ID_item': 101, 'ID_senonset': 40, 'ID_verbonset': 41, 'ID_1_F0': 42, 'ID_suffix': 43, 'ID_2_F0': 44, 'ms_senonset': 0, 'ms_verbonset': 0.632830209056713, 'ms_1_F0': 0.677546819941153, 'ms_suffix': 0.909501330306288, 'ms_2_F0': 0.958928471023364, 'file_name': '10d_vender.wav', 'item_id': 10, 'cond': 'd', 'thisN': 22, 'thisTrialN': 22, 'thisRepN': 0}>
4343.3841 	EXP 	Sound test_sound reached end of file
4343.3879 	EXP 	Sound test_sound started
4343.3868 	DATA 	Keypress: right
4343.3948 	EXP 	polygon_2: autoDraw = False
4343.3948 	EXP 	text_3: autoDraw = False
4343.3948 	EXP 	polygon_2: autoDraw = True
4345.2812 	EXP 	Sound test_sound reached end of file
4345.2886 	EXP 	Sound test_sound reached end of file
4346.1782 	EXP 	New trial (rep=0, index=23): <Trial 23 (23 in rep 0) data={'sounds': 'sounds/35b_secar.wav', 'syll': 'CVC', 'stress_unstress': 'Unstressed', 'suffix': 'Mismatch', 'present_past': 'present', 'corrAns': 'num_1', 'trigger_item': 0.0, 'trigger_senonset': 0.2, 'trigger_verbsonset': 0.8990044921875, 'trigger_1_F0': 1.025708658854166, 'trigger_suffix': 1.179689416956018, 'trigger_2_F0': 1.20652606336805, 'ID_item': 101, 'ID_senonset': 20, 'ID_verbonset': 21, 'ID_1_F0': 22, 'ID_suffix': 23, 'ID_2_F0': 24, 'ms_senonset': 0, 'ms_verbonset': 0.6990044921875, 'ms_1_F0': 0.825708658854166, 'ms_suffix': 0.979689416956018, 'ms_2_F0': 1.00652606336805, 'file_name': '35b_secar.wav', 'item_id': 35, 'cond': 'b', 'thisN': 23, 'thisTrialN': 23, 'thisRepN': 0}>
4346.1836 	EXP 	Sound test_sound reached end of file
4346.1880 	EXP 	Sound test_sound started
4346.1870 	DATA 	Keypress: left
4346.1957 	EXP 	polygon_2: autoDraw = False
4346.1957 	EXP 	text_3: autoDraw = False
4346.1957 	EXP 	polygon_2: autoDraw = True
4348.3050 	EXP 	Sound test_sound reached end of file
4348.3217 	EXP 	Sound test_sound reached end of file
4352.3613 	EXP 	New trial (rep=0, index=24): <Trial 24 (24 in rep 0) data={'sounds': 'sounds/28d_parar.wav', 'syll': 'CVC', 'stress_unstress': 'Stressed', 'suffix': 'Mismatch', 'present_past': 'past', 'corrAns': 'num_2', 'trigger_item': 0.0, 'trigger_senonset': 0.2, 'trigger_verbsonset': 0.8458860026041659, 'trigger_1_F0': 0.862313736979166, 'trigger_suffix': 1.018194683159722, 'trigger_2_F0': 1.032797113715277, 'ID_item': 101, 'ID_senonset': 40, 'ID_verbonset': 41, 'ID_1_F0': 42, 'ID_suffix': 43, 'ID_2_F0': 44, 'ms_senonset': 0, 'ms_verbonset': 0.645886002604166, 'ms_1_F0': 0.662313736979166, 'ms_suffix': 0.818194683159722, 'ms_2_F0': 0.832797113715277, 'file_name': '28d_parar.wav', 'item_id': 28, 'cond': 'd', 'thisN': 24, 'thisTrialN': 24, 'thisRepN': 0}>
4352.3659 	EXP 	Sound test_sound reached end of file
4352.3712 	EXP 	Sound test_sound started
4352.3696 	DATA 	Keypress: left
4352.3771 	EXP 	polygon_2: autoDraw = False
4352.3771 	EXP 	text_3: autoDraw = False
4352.3771 	EXP 	polygon_2: autoDraw = True
4354.2717 	EXP 	Sound test_sound reached end of file
4354.2769 	EXP 	Sound test_sound reached end of file
4356.0422 	DATA 	Keypress: left
4356.0626 	EXP 	New trial (rep=0, index=25): <Trial 25 (25 in rep 0) data={'sounds': 'sounds/30a_fundar.wav', 'syll': 'CVC', 'stress_unstress': 'Stressed', 'suffix': 'Match', 'present_past': 'present', 'corrAns': 'num_1', 'trigger_item': 0.0, 'trigger_senonset': 0.2, 'trigger_verbsonset': 0.77, 'trigger_1_F0': 0.91, 'trigger_suffix': 1.112685546875, 'trigger_2_F0': 1.12, 'ID_item': 101, 'ID_senonset': 10, 'ID_verbonset': 11, 'ID_1_F0': 12, 'ID_suffix': 13, 'ID_2_F0': 14, 'ms_senonset': 0, 'ms_verbonset': 0.57, 'ms_1_F0': 0.71, 'ms_suffix': 0.912685546875, 'ms_2_F0': 0.92, 'file_name': '30a_fundar.wav', 'item_id': 30, 'cond': 'a', 'thisN': 25, 'thisTrialN': 25, 'thisRepN': 0}>
4356.0680 	EXP 	Sound test_sound reached end of file
4356.0718 	EXP 	Sound test_sound started
4356.0798 	EXP 	polygon_2: autoDraw = False
4356.0798 	EXP 	text_3: autoDraw = False
4356.0798 	EXP 	polygon_2: autoDraw = True
4358.2050 	EXP 	Sound test_sound reached end of file
4358.2219 	EXP 	Sound test_sound reached end of file
4359.1444 	EXP 	New trial (rep=0, index=26): <Trial 26 (26 in rep 0) data={'sounds': 'sounds/32d_pulsar.wav', 'syll': 'CVC', 'stress_unstress': 'Stressed', 'suffix': 'Mismatch', 'present_past': 'past', 'corrAns': 'num_2', 'trigger_item': 0.0, 'trigger_senonset': 0.2, 'trigger_verbsonset': 0.796440212673611, 'trigger_1_F0': 0.8294641710069439, 'trigger_suffix': 0.99, 'trigger_2_F0': 1.097783832465277, 'ID_item': 101, 'ID_senonset': 40, 'ID_verbonset': 41, 'ID_1_F0': 42, 'ID_suffix': 43, 'ID_2_F0': 44, 'ms_senonset': 0, 'ms_verbonset': 0.596440212673611, 'ms_1_F0': 0.629464171006944, 'ms_suffix': 0.79, 'ms_2_F0': 0.897783832465277, 'file_name': '32d_pulsar.wav', 'item_id': 32, 'cond': 'd', 'thisN': 26, 'thisTrialN': 26, 'thisRepN': 0}>
4359.1490 	EXP 	Sound test_sound reached end of file
4359.1549 	EXP 	Sound test_sound started
4359.1516 	DATA 	Keypress: left
4359.1590 	EXP 	polygon_2: autoDraw = False
4359.1590 	EXP 	text_3: autoDraw = False
4359.1590 	EXP 	polygon_2: autoDraw = True
4360.9507 	EXP 	Sound test_sound reached end of file
4360.9564 	EXP 	Sound test_sound reached end of file
4363.7960 	EXP 	New trial (rep=0, index=27): <Trial 27 (27 in rep 0) data={'sounds': 'sounds/17d_tragar.wav', 'syll': 'CVC', 'stress_unstress': 'Stressed', 'suffix': 'Mismatch', 'present_past': 'past', 'corrAns': 'num_2', 'trigger_item': 0.0, 'trigger_senonset': 0.2, 'trigger_verbsonset': 1.070609360532407, 'trigger_1_F0': 1.117973654513888, 'trigger_suffix': 1.30915316840277, 'trigger_2_F0': 1.35458539534397, 'ID_item': 101, 'ID_senonset': 40, 'ID_verbonset': 41, 'ID_1_F0': 42, 'ID_suffix': 43, 'ID_2_F0': 44, 'ms_senonset': 0, 'ms_verbonset': 0.870609360532407, 'ms_1_F0': 0.917973654513888, 'ms_suffix': 1.10915316840277, 'ms_2_F0': 1.15458539534397, 'file_name': '17d_tragar.wav', 'item_id': 17, 'cond': 'd', 'thisN': 27, 'thisTrialN': 27, 'thisRepN': 0}>
4363.8023 	EXP 	Sound test_sound reached end of file
4363.8050 	EXP 	Sound test_sound started
4363.8050 	DATA 	Keypress: right
4363.8140 	EXP 	polygon_2: autoDraw = False
4363.8140 	EXP 	text_3: autoDraw = False
4363.8140 	EXP 	polygon_2: autoDraw = True
4366.0998 	EXP 	Sound test_sound reached end of file
4366.1060 	EXP 	Sound test_sound reached end of file
4368.3625 	EXP 	New trial (rep=0, index=28): <Trial 28 (28 in rep 0) data={'sounds': 'sounds/05a_fumar.wav', 'syll': 'CVC', 'stress_unstress': 'Stressed', 'suffix': 'Match', 'present_past': 'present', 'corrAns': 'num_1', 'trigger_item': 0.0, 'trigger_senonset': 0.2, 'trigger_verbsonset': 1.15, 'trigger_1_F0': 1.36712555700231, 'trigger_suffix': 1.48, 'trigger_2_F0': 1.56308830295138, 'ID_item': 101, 'ID_senonset': 10, 'ID_verbonset': 11, 'ID_1_F0': 12, 'ID_suffix': 13, 'ID_2_F0': 14, 'ms_senonset': 0, 'ms_verbonset': 0.95, 'ms_1_F0': 1.16712555700231, 'ms_suffix': 1.28, 'ms_2_F0': 1.36308830295138, 'file_name': '05a_fumar.wav', 'item_id': 5, 'cond': 'a', 'thisN': 28, 'thisTrialN': 28, 'thisRepN': 0}>
4368.3687 	EXP 	Sound test_sound reached end of file
4368.3719 	EXP 	Sound test_sound started
4368.3721 	DATA 	Keypress: left
4368.3795 	EXP 	polygon_2: autoDraw = False
4368.3795 	EXP 	text_3: autoDraw = False
4368.3795 	EXP 	polygon_2: autoDraw = True
4370.7233 	EXP 	Sound test_sound reached end of file
4370.7291 	EXP 	Sound test_sound reached end of file
4372.4092 	EXP 	New trial (rep=0, index=29): <Trial 29 (29 in rep 0) data={'sounds': 'sounds/15b_partir.wav', 'syll': 'CVC', 'stress_unstress': 'Unstressed', 'suffix': 'Mismatch', 'present_past': 'present', 'corrAns': 'num_1', 'trigger_item': 0.0, 'trigger_senonset': 0.2, 'trigger_verbsonset': 0.826865400752314, 'trigger_1_F0': 0.842973894883327, 'trigger_suffix': 1.1042888772729471, 'trigger_2_F0': 1.120815958498066, 'ID_item': 101, 'ID_senonset': 20, 'ID_verbonset': 21, 'ID_1_F0': 22, 'ID_suffix': 23, 'ID_2_F0': 24, 'ms_senonset': 0, 'ms_verbonset': 0.626865400752314, 'ms_1_F0': 0.642973894883327, 'ms_suffix': 0.904288877272947, 'ms_2_F0': 0.920815958498066, 'file_name': '15b_partir.wav', 'item_id': 15, 'cond': 'b', 'thisN': 29, 'thisTrialN': 29, 'thisRepN': 0}>
4372.4135 	EXP 	Sound test_sound reached end of file
4372.4209 	EXP 	Sound test_sound started
4372.4167 	DATA 	Keypress: right
4372.4239 	EXP 	polygon_2: autoDraw = False
4372.4239 	EXP 	text_3: autoDraw = False
4372.4239 	EXP 	polygon_2: autoDraw = True
4374.4692 	EXP 	Sound test_sound reached end of file
4374.4752 	EXP 	Sound test_sound reached end of file
4376.0808 	DATA 	Keypress: left
4376.0880 	EXP 	polygon_2: autoDraw = False
4376.0880 	EXP 	text_3: autoDraw = True
4392.5077 	EXP 	New trial (rep=0, index=30): <Trial 30 (30 in rep 0) data={'sounds': 'sounds/22d_dejar.wav', 'syll': 'CVC', 'stress_unstress': 'Stressed', 'suffix': 'Mismatch', 'present_past': 'past', 'corrAns': 'num_2', 'trigger_item': 0.0, 'trigger_senonset': 0.2, 'trigger_verbsonset': 0.8500000000000001, 'trigger_1_F0': 1.02, 'trigger_suffix': 1.152543366608796, 'trigger_2_F0': 1.28794346788194, 'ID_item': 101, 'ID_senonset': 40, 'ID_verbonset': 41, 'ID_1_F0': 42, 'ID_suffix': 43, 'ID_2_F0': 44, 'ms_senonset': 0, 'ms_verbonset': 0.65, 'ms_1_F0': 0.82, 'ms_suffix': 0.952543366608796, 'ms_2_F0': 1.08794346788194, 'file_name': '22d_dejar.wav', 'item_id': 22, 'cond': 'd', 'thisN': 30, 'thisTrialN': 30, 'thisRepN': 0}>
4392.5128 	EXP 	Sound test_sound reached end of file
4392.5211 	EXP 	Sound test_sound started
4392.5156 	DATA 	Keypress: space
4392.5230 	EXP 	text_3: autoDraw = False
4392.5230 	EXP 	polygon_2: autoDraw = True
4394.5432 	EXP 	Sound test_sound reached end of file
4394.5552 	EXP 	Sound test_sound reached end of file
4397.0283 	EXP 	New trial (rep=0, index=31): <Trial 31 (31 in rep 0) data={'sounds': 'sounds/09c_cargar.wav', 'syll': 'CVC', 'stress_unstress': 'Unstressed', 'suffix': 'Match', 'present_past': 'past', 'corrAns': 'num_2', 'trigger_item': 0.0, 'trigger_senonset': 0.2, 'trigger_verbsonset': 0.81286744068287, 'trigger_1_F0': 0.8382251229745361, 'trigger_suffix': 1.032634020543981, 'trigger_2_F0': 1.090594437210648, 'ID_item': 101, 'ID_senonset': 30, 'ID_verbonset': 31, 'ID_1_F0': 32, 'ID_suffix': 33, 'ID_2_F0': 34, 'ms_senonset': 0, 'ms_verbonset': 0.61286744068287, 'ms_1_F0': 0.638225122974536, 'ms_suffix': 0.832634020543981, 'ms_2_F0': 0.890594437210648, 'file_name': '09c_cargar.wav', 'item_id': 9, 'cond': 'c', 'thisN': 31, 'thisTrialN': 31, 'thisRepN': 0}>
4397.0338 	EXP 	Sound test_sound reached end of file
4397.0378 	EXP 	Sound test_sound started
4397.0354 	DATA 	Keypress: left
4397.0454 	EXP 	polygon_2: autoDraw = False
4397.0454 	EXP 	text_3: autoDraw = False
4397.0454 	EXP 	polygon_2: autoDraw = True
4398.9614 	EXP 	Sound test_sound reached end of file
4398.9716 	EXP 	Sound test_sound reached end of file
4400.7449 	EXP 	New trial (rep=0, index=32): <Trial 32 (32 in rep 0) data={'sounds': 'sounds/27c_tirar.wav', 'syll': 'CVC', 'stress_unstress': 'Unstressed', 'suffix': 'Match', 'present_past': 'past', 'corrAns': 'num_2', 'trigger_item': 0.0, 'trigger_senonset': 0.2, 'trigger_verbsonset': 0.8119442057291659, 'trigger_1_F0': 0.8307495153356481, 'trigger_suffix': 0.9885306495949072, 'trigger_2_F0': 0.998621303530092, 'ID_item': 101, 'ID_senonset': 30, 'ID_verbonset': 31, 'ID_1_F0': 32, 'ID_suffix': 33, 'ID_2_F0': 34, 'ms_senonset': 0, 'ms_verbonset': 0.611944205729166, 'ms_1_F0': 0.630749515335648, 'ms_suffix': 0.788530649594907, 'ms_2_F0': 0.798621303530092, 'file_name': '27c_tirar.wav', 'item_id': 27, 'cond': 'c', 'thisN': 32, 'thisTrialN': 32, 'thisRepN': 0}>
4400.7501 	EXP 	Sound test_sound reached end of file
4400.7548 	EXP 	Sound test_sound started
4400.7538 	DATA 	Keypress: left
4400.7608 	EXP 	polygon_2: autoDraw = False
4400.7608 	EXP 	text_3: autoDraw = False
4400.7608 	EXP 	polygon_2: autoDraw = True
4402.7381 	EXP 	Sound test_sound reached end of file
4402.7551 	EXP 	Sound test_sound reached end of file
4404.1775 	EXP 	New trial (rep=0, index=33): <Trial 33 (33 in rep 0) data={'sounds': 'sounds/02c_buscar.wav', 'syll': 'CVC', 'stress_unstress': 'Unstressed', 'suffix': 'Match', 'present_past': 'past', 'corrAns': 'num_2', 'trigger_item': 0.0, 'trigger_senonset': 0.2, 'trigger_verbsonset': 0.8700000000000001, 'trigger_1_F0': 1.07, 'trigger_suffix': 1.26, 'trigger_2_F0': 1.40703946035879, 'ID_item': 101, 'ID_senonset': 30, 'ID_verbonset': 31, 'ID_1_F0': 32, 'ID_suffix': 33, 'ID_2_F0': 34, 'ms_senonset': 0, 'ms_verbonset': 0.67, 'ms_1_F0': 0.87, 'ms_suffix': 1.06, 'ms_2_F0': 1.20703946035879, 'file_name': '02c_buscar.wav', 'item_id': 2, 'cond': 'c', 'thisN': 33, 'thisTrialN': 33, 'thisRepN': 0}>
4404.1816 	EXP 	Sound test_sound reached end of file
4404.1880 	EXP 	Sound test_sound started
4404.1832 	DATA 	Keypress: left
4404.1922 	EXP 	polygon_2: autoDraw = False
4404.1922 	EXP 	text_3: autoDraw = False
4404.1922 	EXP 	polygon_2: autoDraw = True
4406.2966 	EXP 	Sound test_sound reached end of file
4406.3051 	EXP 	Sound test_sound reached end of file
4407.8118 	EXP 	New trial (rep=0, index=34): <Trial 34 (34 in rep 0) data={'sounds': 'sounds/14b_borrar.wav', 'syll': 'CVC', 'stress_unstress': 'Unstressed', 'suffix': 'Mismatch', 'present_past': 'present', 'corrAns': 'num_1', 'trigger_item': 0.0, 'trigger_senonset': 0.2, 'trigger_verbsonset': 0.72, 'trigger_1_F0': 0.770187630208333, 'trigger_suffix': 0.851961241319444, 'trigger_2_F0': 0.964399956597222, 'ID_item': 101, 'ID_senonset': 20, 'ID_verbonset': 21, 'ID_1_F0': 22, 'ID_suffix': 23, 'ID_2_F0': 24, 'ms_senonset': 0, 'ms_verbonset': 0.52, 'ms_1_F0': 0.570187630208333, 'ms_suffix': 0.651961241319444, 'ms_2_F0': 0.764399956597222, 'file_name': '14b_borrar.wav', 'item_id': 14, 'cond': 'b', 'thisN': 34, 'thisTrialN': 34, 'thisRepN': 0}>
4407.8171 	EXP 	Sound test_sound reached end of file
4407.8214 	EXP 	Sound test_sound started
4407.8205 	DATA 	Keypress: right
4407.8286 	EXP 	polygon_2: autoDraw = False
4407.8286 	EXP 	text_3: autoDraw = False
4407.8286 	EXP 	polygon_2: autoDraw = True
4409.7562 	EXP 	Sound test_sound reached end of file
4409.7716 	EXP 	Sound test_sound reached end of file
4411.0123 	EXP 	New trial (rep=0, index=35): <Trial 35 (35 in rep 0) data={'sounds': 'sounds/24d_mirar.wav', 'syll': 'CVC', 'stress_unstress': 'Stressed', 'suffix': 'Mismatch', 'present_past': 'past', 'corrAns': 'num_2', 'trigger_item': 0.0, 'trigger_senonset': 0.2, 'trigger_verbsonset': 0.71, 'trigger_1_F0': 0.8119545789930551, 'trigger_suffix': 0.9389863642939812, 'trigger_2_F0': 0.9746780743634248, 'ID_item': 101, 'ID_senonset': 40, 'ID_verbonset': 41, 'ID_1_F0': 42, 'ID_suffix': 43, 'ID_2_F0': 44, 'ms_senonset': 0, 'ms_verbonset': 0.51, 'ms_1_F0': 0.611954578993055, 'ms_suffix': 0.738986364293981, 'ms_2_F0': 0.774678074363425, 'file_name': '24d_mirar.wav', 'item_id': 24, 'cond': 'd', 'thisN': 35, 'thisTrialN': 35, 'thisRepN': 0}>
4411.0169 	EXP 	Sound test_sound reached end of file
4411.0221 	EXP 	Sound test_sound started
4411.0204 	DATA 	Keypress: right
4411.0269 	EXP 	polygon_2: autoDraw = False
4411.0269 	EXP 	text_3: autoDraw = False
4411.0269 	EXP 	polygon_2: autoDraw = True
4412.7049 	EXP 	Sound test_sound reached end of file
4412.7218 	EXP 	Sound test_sound reached end of file
4415.1949 	EXP 	New trial (rep=0, index=36): <Trial 36 (36 in rep 0) data={'sounds': 'sounds/19a_marcar.wav', 'syll': 'CVC', 'stress_unstress': 'Stressed', 'suffix': 'Match', 'present_past': 'present', 'corrAns': 'num_1', 'trigger_item': 0.0, 'trigger_senonset': 0.2, 'trigger_verbsonset': 0.8400000000000001, 'trigger_1_F0': 0.97, 'trigger_suffix': 1.245718359375, 'trigger_2_F0': 1.273519140625, 'ID_item': 101, 'ID_senonset': 10, 'ID_verbonset': 11, 'ID_1_F0': 12, 'ID_suffix': 13, 'ID_2_F0': 14, 'ms_senonset': 0, 'ms_verbonset': 0.64, 'ms_1_F0': 0.77, 'ms_suffix': 1.045718359375, 'ms_2_F0': 1.073519140625, 'file_name': '19a_marcar.wav', 'item_id': 19, 'cond': 'a', 'thisN': 36, 'thisTrialN': 36, 'thisRepN': 0}>
4415.1999 	EXP 	Sound test_sound reached end of file
4415.2045 	EXP 	Sound test_sound started
4415.2035 	DATA 	Keypress: right
4415.2121 	EXP 	polygon_2: autoDraw = False
4415.2121 	EXP 	text_3: autoDraw = False
4415.2121 	EXP 	polygon_2: autoDraw = True
4417.0882 	EXP 	Sound test_sound reached end of file
4417.1055 	EXP 	Sound test_sound reached end of file
4417.8449 	EXP 	New trial (rep=0, index=37): <Trial 37 (37 in rep 0) data={'sounds': 'sounds/08d_filtrar.wav', 'syll': 'CVC', 'stress_unstress': 'Stressed', 'suffix': 'Mismatch', 'present_past': 'past', 'corrAns': 'num_2', 'trigger_item': 0.0, 'trigger_senonset': 0.2, 'trigger_verbsonset': 0.7526856695589441, 'trigger_1_F0': 0.87808115762362, 'trigger_suffix': 1.118901843962886, 'trigger_2_F0': 1.172598812485867, 'ID_item': 101, 'ID_senonset': 40, 'ID_verbonset': 41, 'ID_1_F0': 42, 'ID_suffix': 43, 'ID_2_F0': 44, 'ms_senonset': 0, 'ms_verbonset': 0.552685669558944, 'ms_1_F0': 0.67808115762362, 'ms_suffix': 0.918901843962886, 'ms_2_F0': 0.972598812485867, 'file_name': '08d_filtrar.wav', 'item_id': 8, 'cond': 'd', 'thisN': 37, 'thisTrialN': 37, 'thisRepN': 0}>
4417.8496 	EXP 	Sound test_sound reached end of file
4417.8545 	EXP 	Sound test_sound started
4417.8520 	DATA 	Keypress: right
4417.8609 	EXP 	polygon_2: autoDraw = False
4417.8609 	EXP 	text_3: autoDraw = False
4417.8609 	EXP 	polygon_2: autoDraw = True
4419.5990 	EXP 	Sound test_sound reached end of file
4419.6062 	EXP 	Sound test_sound reached end of file
4420.4619 	EXP 	New trial (rep=0, index=38): <Trial 38 (38 in rep 0) data={'sounds': 'sounds/37b_pasar.wav', 'syll': 'CVC', 'stress_unstress': 'Unstressed', 'suffix': 'Mismatch', 'present_past': 'present', 'corrAns': 'num_1', 'trigger_item': 0.0, 'trigger_senonset': 0.2, 'trigger_verbsonset': 1.033132486979166, 'trigger_1_F0': 1.052087565104166, 'trigger_suffix': 1.159499674479166, 'trigger_2_F0': 1.27702115885416, 'ID_item': 101, 'ID_senonset': 20, 'ID_verbonset': 21, 'ID_1_F0': 22, 'ID_suffix': 23, 'ID_2_F0': 24, 'ms_senonset': 0, 'ms_verbonset': 0.833132486979166, 'ms_1_F0': 0.852087565104166, 'ms_suffix': 0.959499674479166, 'ms_2_F0': 1.07702115885416, 'file_name': '37b_pasar.wav', 'item_id': 37, 'cond': 'b', 'thisN': 38, 'thisTrialN': 38, 'thisRepN': 0}>
4420.4670 	EXP 	Sound test_sound reached end of file
4420.4714 	EXP 	Sound test_sound started
4420.4698 	DATA 	Keypress: left
4420.4782 	EXP 	polygon_2: autoDraw = False
4420.4782 	EXP 	text_3: autoDraw = False
4420.4782 	EXP 	polygon_2: autoDraw = True
4422.5657 	EXP 	Sound test_sound reached end of file
4422.5731 	EXP 	Sound test_sound reached end of file
4425.9788 	EXP 	New trial (rep=0, index=39): <Trial 39 (39 in rep 0) data={'sounds': 'sounds/21a_mezclar.wav', 'syll': 'CVC', 'stress_unstress': 'Stressed', 'suffix': 'Match', 'present_past': 'present', 'corrAns': 'num_1', 'trigger_item': 0.0, 'trigger_senonset': 0.2, 'trigger_verbsonset': 0.78, 'trigger_1_F0': 0.9121902777777772, 'trigger_suffix': 1.20214212962962, 'trigger_2_F0': 1.27, 'ID_item': 101, 'ID_senonset': 10, 'ID_verbonset': 11, 'ID_1_F0': 12, 'ID_suffix': 13, 'ID_2_F0': 14, 'ms_senonset': 0, 'ms_verbonset': 0.58, 'ms_1_F0': 0.712190277777777, 'ms_suffix': 1.00214212962962, 'ms_2_F0': 1.07, 'file_name': '21a_mezclar.wav', 'item_id': 21, 'cond': 'a', 'thisN': 39, 'thisTrialN': 39, 'thisRepN': 0}>
4425.9842 	EXP 	Sound test_sound reached end of file
4425.9886 	EXP 	Sound test_sound started
4425.9867 	DATA 	Keypress: right
4425.9956 	EXP 	polygon_2: autoDraw = False
4425.9956 	EXP 	text_3: autoDraw = False
4425.9956 	EXP 	polygon_2: autoDraw = True
4427.9971 	EXP 	Sound test_sound reached end of file
4428.0050 	EXP 	Sound test_sound reached end of file
4428.9325 	DATA 	Keypress: left
4428.9378 	EXP 	polygon_2: autoDraw = False
4428.9378 	EXP 	text_3: autoDraw = False
4428.9378 	EXP 	text_2: autoDraw = True
4434.1066 	DATA 	Keypress: space
4434.1092 	EXP 	text_2: autoDraw = False
4434.1095 	EXP 	LangExperimentstress: status = STOPPED
