18.5997 	WARNING 	User requested fullscreen with size [1536  864], but screen is actually [1920, 1080]. Using actual size
18.8941 	EXP 	Created window1 = Window(allowGUI=False, allowStencil=False, autoLog=True, backendConf=UNKNOWN, backgroundFit=<method-wrapper '__getattribute__' of attributeSetter object at 0x0000016ADB683F40>, backgroundImage=<method-wrapper '__getattribute__' of attributeSetter object at 0x0000016ADB683EE0>, bitsMode=UNKNOWN, blendMode='avg', bpc=(8, 8, 8), color=array([0, 0, 0]), colorSpace='rgb', depthBits=8, fullscr=True, gamma=None, gammaErrorPolicy='raise', infoMsg=UNKNOWN, lms=UNKNOWN, monitor=<psychopy.monitors.calibTools.Monitor object at 0x0000016AE3960E80>, multiSample=False, name='window1', numSamples=2, pos=[0.0, 0.0], screen=0, size=array([1920, 1080]), stencilBits=0, stereo=False, title='PsychoPy', units='height', useFBO=True, useRetina=False, viewOri=0.0, viewPos=None, viewScale=None, waitBlanking=True, winType='pyglet')
18.8942 	EXP 	window1: backgroundImage = ''
18.8942 	EXP 	window1: backgroundFit = 'none'
18.9729 	EXP 	window1: Attempting to measure frame rate of screen (0) ...
18.9729 	EXP 	window1: recordFrameIntervals = False
19.1271 	EXP 	window1: recordFrameIntervals = True
19.3121 	EXP 	Screen (0) actual frame rate measured at 59.50Hz
19.3122 	EXP 	window1: recordFrameIntervals = False
21.8888 	EXP 	LangExperimentstress: status = STARTED
22.0006 	EXP 	Created instr = TextStim(__class__=<class 'psychopy.visual.text.TextStim'>, alignHoriz=method-wrapper(...), alignText='center', alignVert=method-wrapper(...), anchorHoriz='center', anchorVert='center', antialias=True, autoDraw=False, autoLog=True, bold=False, color=array([1., 1., 1.]), colorSpace='rgb', contrast=1.0, depth=0.0, draggable=False, flipHoriz=False, flipVert=False, font='Arial', fontFiles=[], height=0.08, italic=False, languageStyle='LTR', name='instr', opacity=1, ori=0, pos=array([0., 0.]), rgb=UNKNOWN, text=str(...), units='height', win=Window(...), wrapWidth=1)
22.5537 	EXP 	Sound test_sound_2 set volume 1.000
22.5579 	EXP 	Created polygon = ShapeStim(__class__=<class 'psychopy.visual.shape.ShapeStim'>, anchor=('center', 'center'), autoDraw=False, autoLog=True, closeShape=True, color=method-wrapper(...), colorSpace='rgb', contrast=None, depth=-2.0, draggable=False, fillColor=array([-1, -1, -1]), fillColorSpace='rgb', fillRGB=array([-1, -1, -1]), interpolate=True, lineColor=array([-1., -1., -1.]), lineColorSpace='rgb', lineRGB=array([-1, -1, -1]), lineWidth=1, name='polygon', opacity=1, ori=0.0, pos=array([0., 0.]), size=array([0.15, 0.15]), units='height', vertices=ndarray(...), win=Window(...), windingRule=None)
22.5717 	EXP 	Created text_3 = TextStim(__class__=<class 'psychopy.visual.text.TextStim'>, alignHoriz=method-wrapper(...), alignText='center', alignVert=method-wrapper(...), anchorHoriz='center', anchorVert='center', antialias=True, autoDraw=False, autoLog=True, bold=False, color=array([1., 1., 1.]), colorSpace='rgb', contrast=1.0, depth=0.0, draggable=False, flipHoriz=False, flipVert=False, font='Arial', fontFiles=[], height=0.1, italic=False, languageStyle='LTR', name='text_3', opacity=1, ori=0, pos=array([0., 0.]), rgb=UNKNOWN, text=str(...), units='height', win=Window(...), wrapWidth=1)
22.5778 	EXP 	Created instr = TextStim(__class__=<class 'psychopy.visual.text.TextStim'>, alignHoriz=method-wrapper(...), alignText='center', alignVert=method-wrapper(...), anchorHoriz='center', anchorVert='center', antialias=True, autoDraw=False, autoLog=True, bold=False, color=array([1., 1., 1.]), colorSpace='rgb', contrast=1.0, depth=0.0, draggable=False, flipHoriz=False, flipVert=False, font='Arial', fontFiles=[], height=0.08, italic=False, languageStyle='LTR', name='instr', opacity=1, ori=0, pos=array([0., 0.]), rgb=UNKNOWN, text=str(...), units='height', win=Window(...), wrapWidth=1)
22.7168 	EXP 	Sound test_sound set volume 1.000
22.7184 	EXP 	Created polygon_2 = ShapeStim(__class__=<class 'psychopy.visual.shape.ShapeStim'>, anchor=('center', 'center'), autoDraw=False, autoLog=True, closeShape=True, color=method-wrapper(...), colorSpace='rgb', contrast=None, depth=-2.0, draggable=False, fillColor=array([-1, -1, -1]), fillColorSpace='rgb', fillRGB=array([-1, -1, -1]), interpolate=True, lineColor=array([-1., -1., -1.]), lineColorSpace='rgb', lineRGB=array([-1, -1, -1]), lineWidth=1, name='polygon_2', opacity=1, ori=0.0, pos=array([0., 0.]), size=array([0.15, 0.15]), units='height', vertices=ndarray(...), win=Window(...), windingRule=None)
22.7216 	EXP 	Created text_3 = TextStim(__class__=<class 'psychopy.visual.text.TextStim'>, alignHoriz=method-wrapper(...), alignText='center', alignVert=method-wrapper(...), anchorHoriz='center', anchorVert='center', antialias=True, autoDraw=False, autoLog=True, bold=False, color=array([1., 1., 1.]), colorSpace='rgb', contrast=1.0, depth=0.0, draggable=False, flipHoriz=False, flipVert=False, font='Arial', fontFiles=[], height=0.1, italic=False, languageStyle='LTR', name='text_3', opacity=1, ori=0, pos=array([0., 0.]), rgb=UNKNOWN, text=str(...), units='height', win=Window(...), wrapWidth=1)
22.7305 	EXP 	Created text_2 = TextStim(__class__=<class 'psychopy.visual.text.TextStim'>, alignHoriz=method-wrapper(...), alignText='center', alignVert=method-wrapper(...), anchorHoriz='center', anchorVert='center', antialias=True, autoDraw=False, autoLog=True, bold=False, color=array([1., 1., 1.]), colorSpace='rgb', contrast=1.0, depth=0.0, draggable=False, flipHoriz=False, flipVert=False, font='Arial', fontFiles=[], height=0.1, italic=False, languageStyle='LTR', name='text_2', opacity=1, ori=0, pos=array([0., 0.]), rgb=UNKNOWN, text=str(...), units='height', win=Window(...), wrapWidth=1)
0.0137 	EXP 	instr: autoDraw = True
3453.6352 	EXP 	Imported selected_practice.csv as conditions, 4 conditions, 27 params
3453.6370 	EXP 	New trial (rep=0, index=0): <Trial 0 (0 in rep 0) data={'sounds': 'sounds/p1a_saltar.wav', 'syll': 'CVC', 'stress_unstress': 'Stressed', 'suffix': 'Match', 'present_past': 'present', 'corrAns': 'num_1', 'trigger_item': 0.0, 'trigger_senonset': 0.205513, 'trigger_verbsonset': 0.8629519999999999, 'trigger_1_F0': 0.984841, 'trigger_suffix': 1.219715, 'trigger_2_F0': 1.27, 'ID_item': 101, 'ID_senonset': 10, 'ID_verbonset': 11, 'ID_1_F0': 12, 'ID_suffix': 13, 'ID_2_F0': 14, 'ms_senonset': 0.005513, 'ms_verbonset': 0.662952, 'ms_1_F0': 0.784841, 'ms_suffix': 1.019715, 'ms_2_F0': 1.07, 'file_name': 'p1a_saltar.wav', 'sentence': 'p1', 'cond': 'a', 'combo': 'p1a', 'thisN': 0, 'thisTrialN': 0, 'thisRepN': 0}>
3453.6427 	EXP 	Sound test_sound_2 reached end of file
3453.6427 	EXP 	Sound test_sound_2 started
3453.6450 	DATA 	Keypress: space
3453.6533 	EXP 	instr: autoDraw = False
3453.6533 	EXP 	polygon: autoDraw = True
3455.8658 	EXP 	Sound test_sound_2 reached end of file
3455.8763 	EXP 	Sound test_sound_2 reached end of file
3458.9160 	EXP 	New trial (rep=0, index=1): <Trial 1 (1 in rep 0) data={'sounds': 'sounds/p4d_cortar.wav', 'syll': 'CVC', 'stress_unstress': 'Stressed', 'suffix': 'Mismatch', 'present_past': 'past', 'corrAns': 'num_2', 'trigger_item': 0.0, 'trigger_senonset': 0.205513, 'trigger_verbsonset': 0.8629519999999999, 'trigger_1_F0': 0.984841, 'trigger_suffix': 1.219715, 'trigger_2_F0': 1.27, 'ID_item': 101, 'ID_senonset': 40, 'ID_verbonset': 41, 'ID_1_F0': 42, 'ID_suffix': 43, 'ID_2_F0': 44, 'ms_senonset': 0.005513, 'ms_verbonset': 0.662952, 'ms_1_F0': 0.784841, 'ms_suffix': 1.019715, 'ms_2_F0': 1.07, 'file_name': 'p4d_cortar.wav', 'sentence': 'p4', 'cond': 'd', 'combo': 'p4d', 'thisN': 1, 'thisTrialN': 1, 'thisRepN': 0}>
3458.9255 	EXP 	Sound test_sound_2 reached end of file
3458.9262 	EXP 	Sound test_sound_2 started
3458.9284 	DATA 	Keypress: right
3458.9371 	EXP 	polygon: autoDraw = False
3458.9371 	EXP 	text_3: autoDraw = False
3458.9371 	EXP 	polygon: autoDraw = True
3461.4321 	EXP 	Sound test_sound_2 reached end of file
3461.4427 	EXP 	Sound test_sound_2 reached end of file
3462.5665 	EXP 	New trial (rep=0, index=2): <Trial 2 (2 in rep 0) data={'sounds': 'sounds/p2b_cortar.wav', 'syll': 'CVC', 'stress_unstress': 'Unstressed', 'suffix': 'Mismatch', 'present_past': 'present', 'corrAns': 'num_1', 'trigger_item': 0.0, 'trigger_senonset': 0.205513, 'trigger_verbsonset': 0.8629519999999999, 'trigger_1_F0': 0.984841, 'trigger_suffix': 1.219715, 'trigger_2_F0': 1.27, 'ID_item': 101, 'ID_senonset': 20, 'ID_verbonset': 21, 'ID_1_F0': 22, 'ID_suffix': 23, 'ID_2_F0': 24, 'ms_senonset': 0.005513, 'ms_verbonset': 0.662952, 'ms_1_F0': 0.784841, 'ms_suffix': 1.019715, 'ms_2_F0': 1.07, 'file_name': 'p2b_cortar.wav', 'sentence': 'p2', 'cond': 'b', 'combo': 'p2b', 'thisN': 2, 'thisTrialN': 2, 'thisRepN': 0}>
3462.5747 	EXP 	Sound test_sound_2 reached end of file
3462.5761 	EXP 	Sound test_sound_2 started
3462.5772 	DATA 	Keypress: right
3462.5848 	EXP 	polygon: autoDraw = False
3462.5848 	EXP 	text_3: autoDraw = False
3462.5848 	EXP 	polygon: autoDraw = True
3464.8198 	EXP 	Sound test_sound_2 reached end of file
3464.8270 	EXP 	Sound test_sound_2 reached end of file
3476.4001 	EXP 	New trial (rep=0, index=3): <Trial 3 (3 in rep 0) data={'sounds': 'sounds/p3c_saltar.wav', 'syll': 'CVC', 'stress_unstress': 'Unstressed', 'suffix': 'Match', 'present_past': 'past', 'corrAns': 'num_2', 'trigger_item': 0.0, 'trigger_senonset': 0.205513, 'trigger_verbsonset': 0.8629519999999999, 'trigger_1_F0': 0.984841, 'trigger_suffix': 1.219715, 'trigger_2_F0': 1.27, 'ID_item': 101, 'ID_senonset': 30, 'ID_verbonset': 31, 'ID_1_F0': 32, 'ID_suffix': 33, 'ID_2_F0': 34, 'ms_senonset': 0.005513, 'ms_verbonset': 0.662952, 'ms_1_F0': 0.784841, 'ms_suffix': 1.019715, 'ms_2_F0': 1.07, 'file_name': 'p3c_saltar.wav', 'sentence': 'p3', 'cond': 'c', 'combo': 'p3c', 'thisN': 3, 'thisTrialN': 3, 'thisRepN': 0}>
3476.4074 	EXP 	Sound test_sound_2 reached end of file
3476.4097 	EXP 	Sound test_sound_2 started
3476.4109 	DATA 	Keypress: right
3476.4194 	EXP 	polygon: autoDraw = False
3476.4194 	EXP 	text_3: autoDraw = False
3476.4194 	EXP 	polygon: autoDraw = True
3478.4821 	EXP 	Sound test_sound_2 reached end of file
3478.4935 	EXP 	Sound test_sound_2 reached end of file
3479.6522 	DATA 	Keypress: left
3479.6598 	EXP 	polygon: autoDraw = False
3479.6598 	EXP 	text_3: autoDraw = False
3479.6598 	EXP 	instr: autoDraw = True
3526.7836 	EXP 	Imported selected_trials.csv as conditions, 40 conditions, 26 params
3526.7844 	EXP 	New trial (rep=0, index=0): <Trial 0 (0 in rep 0) data={'sounds': 'sounds/31d_tocar.wav', 'syll': 'CVC', 'stress_unstress': 'Stressed', 'suffix': 'Mismatch', 'present_past': 'past', 'corrAns': 'num_2', 'trigger_item': 0.0, 'trigger_senonset': 0.2, 'trigger_verbsonset': 0.8493931756807, 'trigger_1_F0': 0.8650112062639721, 'trigger_suffix': 1.006860547391531, 'trigger_2_F0': 1.049162047334928, 'ID_item': 101, 'ID_senonset': 40, 'ID_verbonset': 41, 'ID_1_F0': 42, 'ID_suffix': 43, 'ID_2_F0': 44, 'ms_senonset': 0, 'ms_verbonset': 0.6493931756807, 'ms_1_F0': 0.665011206263972, 'ms_suffix': 0.806860547391531, 'ms_2_F0': 0.849162047334928, 'file_name': '31d_tocar.wav', 'item_id': 31, 'cond': 'd', 'thisN': 0, 'thisTrialN': 0, 'thisRepN': 0}>
3526.7901 	EXP 	Sound test_sound reached end of file
3526.7946 	EXP 	Sound test_sound started
3526.7927 	DATA 	Keypress: space
3526.8015 	EXP 	instr: autoDraw = False
3526.8015 	EXP 	polygon_2: autoDraw = True
3528.6785 	EXP 	Sound test_sound reached end of file
3528.6948 	EXP 	Sound test_sound reached end of file
3531.4845 	EXP 	New trial (rep=0, index=1): <Trial 1 (1 in rep 0) data={'sounds': 'sounds/05a_fumar.wav', 'syll': 'CVC', 'stress_unstress': 'Stressed', 'suffix': 'Match', 'present_past': 'present', 'corrAns': 'num_1', 'trigger_item': 0.0, 'trigger_senonset': 0.2, 'trigger_verbsonset': 1.15, 'trigger_1_F0': 1.36712555700231, 'trigger_suffix': 1.48, 'trigger_2_F0': 1.56308830295138, 'ID_item': 101, 'ID_senonset': 10, 'ID_verbonset': 11, 'ID_1_F0': 12, 'ID_suffix': 13, 'ID_2_F0': 14, 'ms_senonset': 0, 'ms_verbonset': 0.95, 'ms_1_F0': 1.16712555700231, 'ms_suffix': 1.28, 'ms_2_F0': 1.36308830295138, 'file_name': '05a_fumar.wav', 'item_id': 5, 'cond': 'a', 'thisN': 1, 'thisTrialN': 1, 'thisRepN': 0}>
3531.4918 	EXP 	Sound test_sound reached end of file
3531.4945 	EXP 	Sound test_sound started
3531.4949 	DATA 	Keypress: right
3531.5041 	EXP 	polygon_2: autoDraw = False
3531.5041 	EXP 	text_3: autoDraw = False
3531.5041 	EXP 	polygon_2: autoDraw = True
3533.8438 	EXP 	Sound test_sound reached end of file
3533.8491 	EXP 	Sound test_sound reached end of file
3534.4986 	EXP 	New trial (rep=0, index=2): <Trial 2 (2 in rep 0) data={'sounds': 'sounds/21a_mezclar.wav', 'syll': 'CVC', 'stress_unstress': 'Stressed', 'suffix': 'Match', 'present_past': 'present', 'corrAns': 'num_1', 'trigger_item': 0.0, 'trigger_senonset': 0.2, 'trigger_verbsonset': 0.78, 'trigger_1_F0': 0.9121902777777772, 'trigger_suffix': 1.20214212962962, 'trigger_2_F0': 1.27, 'ID_item': 101, 'ID_senonset': 10, 'ID_verbonset': 11, 'ID_1_F0': 12, 'ID_suffix': 13, 'ID_2_F0': 14, 'ms_senonset': 0, 'ms_verbonset': 0.58, 'ms_1_F0': 0.712190277777777, 'ms_suffix': 1.00214212962962, 'ms_2_F0': 1.07, 'file_name': '21a_mezclar.wav', 'item_id': 21, 'cond': 'a', 'thisN': 2, 'thisTrialN': 2, 'thisRepN': 0}>
3534.5039 	EXP 	Sound test_sound reached end of file
3534.5110 	EXP 	Sound test_sound started
3534.5069 	DATA 	Keypress: left
3534.5140 	EXP 	polygon_2: autoDraw = False
3534.5140 	EXP 	text_3: autoDraw = False
3534.5140 	EXP 	polygon_2: autoDraw = True
3536.5097 	EXP 	Sound test_sound reached end of file
3536.5154 	EXP 	Sound test_sound reached end of file
3541.4524 	EXP 	New trial (rep=0, index=3): <Trial 3 (3 in rep 0) data={'sounds': 'sounds/18b_cumplir.wav', 'syll': 'CVC', 'stress_unstress': 'Unstressed', 'suffix': 'Mismatch', 'present_past': 'present', 'corrAns': 'num_1', 'trigger_item': 0.0, 'trigger_senonset': 0.2, 'trigger_verbsonset': 1.2408027271412, 'trigger_1_F0': 1.25568597366898, 'trigger_suffix': 1.46256310040509, 'trigger_2_F0': 1.54144430700231, 'ID_item': 101, 'ID_senonset': 20, 'ID_verbonset': 21, 'ID_1_F0': 22, 'ID_suffix': 23, 'ID_2_F0': 24, 'ms_senonset': 0, 'ms_verbonset': 1.0408027271412, 'ms_1_F0': 1.05568597366898, 'ms_suffix': 1.26256310040509, 'ms_2_F0': 1.34144430700231, 'file_name': '18b_cumplir.wav', 'item_id': 18, 'cond': 'b', 'thisN': 3, 'thisTrialN': 3, 'thisRepN': 0}>
3541.4611 	EXP 	Sound test_sound reached end of file
3541.4616 	EXP 	Sound test_sound started
3541.4636 	DATA 	Keypress: left
3541.4726 	EXP 	polygon_2: autoDraw = False
3541.4726 	EXP 	text_3: autoDraw = False
3541.4726 	EXP 	polygon_2: autoDraw = True
3543.6351 	EXP 	Sound test_sound reached end of file
3543.6453 	EXP 	Sound test_sound reached end of file
3549.5319 	DATA 	Keypress: left
3549.5519 	EXP 	New trial (rep=0, index=4): <Trial 4 (4 in rep 0) data={'sounds': 'sounds/12a_matar.wav', 'syll': 'CVC', 'stress_unstress': 'Stressed', 'suffix': 'Match', 'present_past': 'present', 'corrAns': 'num_1', 'trigger_item': 0.0, 'trigger_senonset': 0.2, 'trigger_verbsonset': 0.8400000000000001, 'trigger_1_F0': 0.96, 'trigger_suffix': 1.17307472511574, 'trigger_2_F0': 1.186647497106481, 'ID_item': 101, 'ID_senonset': 10, 'ID_verbonset': 11, 'ID_1_F0': 12, 'ID_suffix': 13, 'ID_2_F0': 14, 'ms_senonset': 0, 'ms_verbonset': 0.64, 'ms_1_F0': 0.76, 'ms_suffix': 0.97307472511574, 'ms_2_F0': 0.986647497106481, 'file_name': '12a_matar.wav', 'item_id': 12, 'cond': 'a', 'thisN': 4, 'thisTrialN': 4, 'thisRepN': 0}>
3549.5593 	EXP 	Sound test_sound reached end of file
3549.5616 	EXP 	Sound test_sound started
3549.5704 	EXP 	polygon_2: autoDraw = False
3549.5704 	EXP 	text_3: autoDraw = False
3549.5704 	EXP 	polygon_2: autoDraw = True
3551.7422 	EXP 	Sound test_sound reached end of file
3551.7481 	EXP 	Sound test_sound reached end of file
3552.9191 	EXP 	New trial (rep=0, index=5): <Trial 5 (5 in rep 0) data={'sounds': 'sounds/28d_parar.wav', 'syll': 'CVC', 'stress_unstress': 'Stressed', 'suffix': 'Mismatch', 'present_past': 'past', 'corrAns': 'num_2', 'trigger_item': 0.0, 'trigger_senonset': 0.2, 'trigger_verbsonset': 0.8458860026041659, 'trigger_1_F0': 0.862313736979166, 'trigger_suffix': 1.018194683159722, 'trigger_2_F0': 1.032797113715277, 'ID_item': 101, 'ID_senonset': 40, 'ID_verbonset': 41, 'ID_1_F0': 42, 'ID_suffix': 43, 'ID_2_F0': 44, 'ms_senonset': 0, 'ms_verbonset': 0.645886002604166, 'ms_1_F0': 0.662313736979166, 'ms_suffix': 0.818194683159722, 'ms_2_F0': 0.832797113715277, 'file_name': '28d_parar.wav', 'item_id': 28, 'cond': 'd', 'thisN': 5, 'thisTrialN': 5, 'thisRepN': 0}>
3552.9255 	EXP 	Sound test_sound reached end of file
3552.9287 	EXP 	Sound test_sound started
3552.9277 	DATA 	Keypress: right
3552.9366 	EXP 	polygon_2: autoDraw = False
3552.9366 	EXP 	text_3: autoDraw = False
3552.9366 	EXP 	polygon_2: autoDraw = True
3554.8359 	EXP 	Sound test_sound reached end of file
3554.8454 	EXP 	Sound test_sound reached end of file
3558.8359 	EXP 	New trial (rep=0, index=6): <Trial 6 (6 in rep 0) data={'sounds': 'sounds/02c_buscar.wav', 'syll': 'CVC', 'stress_unstress': 'Unstressed', 'suffix': 'Match', 'present_past': 'past', 'corrAns': 'num_2', 'trigger_item': 0.0, 'trigger_senonset': 0.2, 'trigger_verbsonset': 0.8700000000000001, 'trigger_1_F0': 1.07, 'trigger_suffix': 1.26, 'trigger_2_F0': 1.40703946035879, 'ID_item': 101, 'ID_senonset': 30, 'ID_verbonset': 31, 'ID_1_F0': 32, 'ID_suffix': 33, 'ID_2_F0': 34, 'ms_senonset': 0, 'ms_verbonset': 0.67, 'ms_1_F0': 0.87, 'ms_suffix': 1.06, 'ms_2_F0': 1.20703946035879, 'file_name': '02c_buscar.wav', 'item_id': 2, 'cond': 'c', 'thisN': 6, 'thisTrialN': 6, 'thisRepN': 0}>
3558.8452 	EXP 	Sound test_sound reached end of file
3558.8453 	EXP 	Sound test_sound started
3558.8480 	DATA 	Keypress: right
3558.8564 	EXP 	polygon_2: autoDraw = False
3558.8564 	EXP 	text_3: autoDraw = False
3558.8564 	EXP 	polygon_2: autoDraw = True
3560.9680 	EXP 	Sound test_sound reached end of file
3560.9787 	EXP 	Sound test_sound reached end of file
3562.5673 	EXP 	New trial (rep=0, index=7): <Trial 7 (7 in rep 0) data={'sounds': 'sounds/20c_cubrir.wav', 'syll': 'CVC', 'stress_unstress': 'Unstressed', 'suffix': 'Match', 'present_past': 'past', 'corrAns': 'num_2', 'trigger_item': 0.0, 'trigger_senonset': 0.2, 'trigger_verbsonset': 0.980138641742621, 'trigger_1_F0': 1.01, 'trigger_suffix': 1.192436112212021, 'trigger_2_F0': 1.28412143493692, 'ID_item': 101, 'ID_senonset': 30, 'ID_verbonset': 31, 'ID_1_F0': 32, 'ID_suffix': 33, 'ID_2_F0': 34, 'ms_senonset': 0, 'ms_verbonset': 0.780138641742621, 'ms_1_F0': 0.81, 'ms_suffix': 0.992436112212021, 'ms_2_F0': 1.08412143493692, 'file_name': '20c_cubrir.wav', 'item_id': 20, 'cond': 'c', 'thisN': 7, 'thisTrialN': 7, 'thisRepN': 0}>
3562.5737 	EXP 	Sound test_sound reached end of file
3562.5786 	EXP 	Sound test_sound started
3562.5765 	DATA 	Keypress: left
3562.5850 	EXP 	polygon_2: autoDraw = False
3562.5850 	EXP 	text_3: autoDraw = False
3562.5850 	EXP 	polygon_2: autoDraw = True
3564.6936 	EXP 	Sound test_sound reached end of file
3564.6993 	EXP 	Sound test_sound reached end of file
3567.0518 	EXP 	New trial (rep=0, index=8): <Trial 8 (8 in rep 0) data={'sounds': 'sounds/37b_pasar.wav', 'syll': 'CVC', 'stress_unstress': 'Unstressed', 'suffix': 'Mismatch', 'present_past': 'present', 'corrAns': 'num_1', 'trigger_item': 0.0, 'trigger_senonset': 0.2, 'trigger_verbsonset': 1.033132486979166, 'trigger_1_F0': 1.052087565104166, 'trigger_suffix': 1.159499674479166, 'trigger_2_F0': 1.27702115885416, 'ID_item': 101, 'ID_senonset': 20, 'ID_verbonset': 21, 'ID_1_F0': 22, 'ID_suffix': 23, 'ID_2_F0': 24, 'ms_senonset': 0, 'ms_verbonset': 0.833132486979166, 'ms_1_F0': 0.852087565104166, 'ms_suffix': 0.959499674479166, 'ms_2_F0': 1.07702115885416, 'file_name': '37b_pasar.wav', 'item_id': 37, 'cond': 'b', 'thisN': 8, 'thisTrialN': 8, 'thisRepN': 0}>
3567.0587 	EXP 	Sound test_sound reached end of file
3567.0620 	EXP 	Sound test_sound started
3567.0607 	DATA 	Keypress: right
3567.0680 	EXP 	polygon_2: autoDraw = False
3567.0680 	EXP 	text_3: autoDraw = False
3567.0680 	EXP 	polygon_2: autoDraw = True
3569.1581 	EXP 	Sound test_sound reached end of file
3569.1629 	EXP 	Sound test_sound reached end of file
3573.0325 	EXP 	New trial (rep=0, index=9): <Trial 9 (9 in rep 0) data={'sounds': 'sounds/22d_dejar.wav', 'syll': 'CVC', 'stress_unstress': 'Stressed', 'suffix': 'Mismatch', 'present_past': 'past', 'corrAns': 'num_2', 'trigger_item': 0.0, 'trigger_senonset': 0.2, 'trigger_verbsonset': 0.8500000000000001, 'trigger_1_F0': 1.02, 'trigger_suffix': 1.152543366608796, 'trigger_2_F0': 1.28794346788194, 'ID_item': 101, 'ID_senonset': 40, 'ID_verbonset': 41, 'ID_1_F0': 42, 'ID_suffix': 43, 'ID_2_F0': 44, 'ms_senonset': 0, 'ms_verbonset': 0.65, 'ms_1_F0': 0.82, 'ms_suffix': 0.952543366608796, 'ms_2_F0': 1.08794346788194, 'file_name': '22d_dejar.wav', 'item_id': 22, 'cond': 'd', 'thisN': 9, 'thisTrialN': 9, 'thisRepN': 0}>
3573.0377 	EXP 	Sound test_sound reached end of file
3573.0449 	EXP 	Sound test_sound started
3573.0395 	DATA 	Keypress: left
3573.0481 	EXP 	polygon_2: autoDraw = False
3573.0481 	EXP 	text_3: autoDraw = False
3573.0481 	EXP 	polygon_2: autoDraw = True
3575.0655 	EXP 	Sound test_sound reached end of file
3575.0788 	EXP 	Sound test_sound reached end of file
3580.1394 	DATA 	Keypress: right
3580.1456 	EXP 	polygon_2: autoDraw = False
3580.1456 	EXP 	text_3: autoDraw = True
3582.5152 	EXP 	New trial (rep=0, index=10): <Trial 10 (10 in rep 0) data={'sounds': 'sounds/38b_pagar.wav', 'syll': 'CVC', 'stress_unstress': 'Unstressed', 'suffix': 'Mismatch', 'present_past': 'present', 'corrAns': 'num_1', 'trigger_item': 0.0, 'trigger_senonset': 0.2, 'trigger_verbsonset': 1.166737304687499, 'trigger_1_F0': 1.185271158854166, 'trigger_suffix': 1.29521061197916, 'trigger_2_F0': 1.4055712890624898, 'ID_item': 101, 'ID_senonset': 20, 'ID_verbonset': 21, 'ID_1_F0': 22, 'ID_suffix': 23, 'ID_2_F0': 24, 'ms_senonset': 0, 'ms_verbonset': 0.966737304687499, 'ms_1_F0': 0.985271158854166, 'ms_suffix': 1.09521061197916, 'ms_2_F0': 1.20557128906249, 'file_name': '38b_pagar.wav', 'item_id': 38, 'cond': 'b', 'thisN': 10, 'thisTrialN': 10, 'thisRepN': 0}>
3582.5474 	EXP 	Sound test_sound reached end of file
3582.5623 	EXP 	Sound test_sound started
3582.5497 	DATA 	Keypress: space
3582.5592 	EXP 	text_3: autoDraw = False
3582.5592 	EXP 	polygon_2: autoDraw = True
3584.7857 	EXP 	Sound test_sound reached end of file
3584.7958 	EXP 	Sound test_sound reached end of file
3589.0512 	EXP 	New trial (rep=0, index=11): <Trial 11 (11 in rep 0) data={'sounds': 'sounds/29a_pesar.wav', 'syll': 'CVC', 'stress_unstress': 'Stressed', 'suffix': 'Match', 'present_past': 'present', 'corrAns': 'num_1', 'trigger_item': 0.0, 'trigger_senonset': 0.2, 'trigger_verbsonset': 0.91328417532552, 'trigger_1_F0': 0.925531286730473, 'trigger_suffix': 1.03, 'trigger_2_F0': 1.150619522602117, 'ID_item': 101, 'ID_senonset': 10, 'ID_verbonset': 11, 'ID_1_F0': 12, 'ID_suffix': 13, 'ID_2_F0': 14, 'ms_senonset': 0, 'ms_verbonset': 0.71328417532552, 'ms_1_F0': 0.725531286730473, 'ms_suffix': 0.83, 'ms_2_F0': 0.950619522602117, 'file_name': '29a_pesar.wav', 'item_id': 29, 'cond': 'a', 'thisN': 11, 'thisTrialN': 11, 'thisRepN': 0}>
3589.0572 	EXP 	Sound test_sound reached end of file
3589.0624 	EXP 	Sound test_sound started
3589.0593 	DATA 	Keypress: left
3589.0667 	EXP 	polygon_2: autoDraw = False
3589.0667 	EXP 	text_3: autoDraw = False
3589.0667 	EXP 	polygon_2: autoDraw = True
3590.9623 	EXP 	Sound test_sound reached end of file
3590.9674 	EXP 	Sound test_sound reached end of file
3591.9862 	EXP 	New trial (rep=0, index=12): <Trial 12 (12 in rep 0) data={'sounds': 'sounds/34c_formar.wav', 'syll': 'CVC', 'stress_unstress': 'Unstressed', 'suffix': 'Match', 'present_past': 'past', 'corrAns': 'num_2', 'trigger_item': 0.0, 'trigger_senonset': 0.2, 'trigger_verbsonset': 0.876373676215277, 'trigger_1_F0': 0.992687651909722, 'trigger_suffix': 1.14, 'trigger_2_F0': 1.26319767795138, 'ID_item': 101, 'ID_senonset': 30, 'ID_verbonset': 31, 'ID_1_F0': 32, 'ID_suffix': 33, 'ID_2_F0': 34, 'ms_senonset': 0, 'ms_verbonset': 0.676373676215277, 'ms_1_F0': 0.792687651909722, 'ms_suffix': 0.94, 'ms_2_F0': 1.06319767795138, 'file_name': '34c_formar.wav', 'item_id': 34, 'cond': 'c', 'thisN': 12, 'thisTrialN': 12, 'thisRepN': 0}>
3591.9956 	EXP 	Sound test_sound reached end of file
3591.9959 	EXP 	Sound test_sound started
3591.9978 	DATA 	Keypress: right
3592.0078 	EXP 	polygon_2: autoDraw = False
3592.0078 	EXP 	text_3: autoDraw = False
3592.0078 	EXP 	polygon_2: autoDraw = True
3594.2164 	EXP 	Sound test_sound reached end of file
3594.2292 	EXP 	Sound test_sound reached end of file
3607.2994 	EXP 	New trial (rep=0, index=13): <Trial 13 (13 in rep 0) data={'sounds': 'sounds/06d_soplar.wav', 'syll': 'CVC', 'stress_unstress': 'Stressed', 'suffix': 'Mismatch', 'present_past': 'past', 'corrAns': 'num_2', 'trigger_item': 0.0, 'trigger_senonset': 0.2, 'trigger_verbsonset': 0.761291666666666, 'trigger_1_F0': 0.8899999999999999, 'trigger_suffix': 1.102139687590422, 'trigger_2_F0': 1.166665581687644, 'ID_item': 101, 'ID_senonset': 40, 'ID_verbonset': 41, 'ID_1_F0': 42, 'ID_suffix': 43, 'ID_2_F0': 44, 'ms_senonset': 0, 'ms_verbonset': 0.561291666666666, 'ms_1_F0': 0.69, 'ms_suffix': 0.902139687590422, 'ms_2_F0': 0.966665581687644, 'file_name': '06d_soplar.wav', 'item_id': 6, 'cond': 'd', 'thisN': 13, 'thisTrialN': 13, 'thisRepN': 0}>
3607.3036 	EXP 	Sound test_sound reached end of file
3607.3123 	EXP 	Sound test_sound started
3607.3050 	DATA 	Keypress: left
3607.3143 	EXP 	polygon_2: autoDraw = False
3607.3143 	EXP 	text_3: autoDraw = False
3607.3143 	EXP 	polygon_2: autoDraw = True
3609.1682 	EXP 	Sound test_sound reached end of file
3609.1798 	EXP 	Sound test_sound reached end of file
3611.1864 	EXP 	New trial (rep=0, index=14): <Trial 14 (14 in rep 0) data={'sounds': 'sounds/17d_tragar.wav', 'syll': 'CVC', 'stress_unstress': 'Stressed', 'suffix': 'Mismatch', 'present_past': 'past', 'corrAns': 'num_2', 'trigger_item': 0.0, 'trigger_senonset': 0.2, 'trigger_verbsonset': 1.070609360532407, 'trigger_1_F0': 1.117973654513888, 'trigger_suffix': 1.30915316840277, 'trigger_2_F0': 1.35458539534397, 'ID_item': 101, 'ID_senonset': 40, 'ID_verbonset': 41, 'ID_1_F0': 42, 'ID_suffix': 43, 'ID_2_F0': 44, 'ms_senonset': 0, 'ms_verbonset': 0.870609360532407, 'ms_1_F0': 0.917973654513888, 'ms_suffix': 1.10915316840277, 'ms_2_F0': 1.15458539534397, 'file_name': '17d_tragar.wav', 'item_id': 17, 'cond': 'd', 'thisN': 14, 'thisTrialN': 14, 'thisRepN': 0}>
3611.1937 	EXP 	Sound test_sound reached end of file
3611.1964 	EXP 	Sound test_sound started
3611.1961 	DATA 	Keypress: right
3611.2059 	EXP 	polygon_2: autoDraw = False
3611.2059 	EXP 	text_3: autoDraw = False
3611.2059 	EXP 	polygon_2: autoDraw = True
3613.4803 	EXP 	Sound test_sound reached end of file
3613.4964 	EXP 	Sound test_sound reached end of file
3615.8367 	EXP 	New trial (rep=0, index=15): <Trial 15 (15 in rep 0) data={'sounds': 'sounds/16a_llevar.wav', 'syll': 'CVC', 'stress_unstress': 'Stressed', 'suffix': 'Match', 'present_past': 'present', 'corrAns': 'num_1', 'trigger_item': 0.0, 'trigger_senonset': 0.2, 'trigger_verbsonset': 0.929084516317274, 'trigger_1_F0': 0.964936524692279, 'trigger_suffix': 1.08, 'trigger_2_F0': 1.131864014418682, 'ID_item': 101, 'ID_senonset': 10, 'ID_verbonset': 11, 'ID_1_F0': 12, 'ID_suffix': 13, 'ID_2_F0': 14, 'ms_senonset': 0, 'ms_verbonset': 0.729084516317274, 'ms_1_F0': 0.764936524692279, 'ms_suffix': 0.88, 'ms_2_F0': 0.931864014418682, 'file_name': '16a_llevar.wav', 'item_id': 16, 'cond': 'a', 'thisN': 15, 'thisTrialN': 15, 'thisRepN': 0}>
3615.8436 	EXP 	Sound test_sound reached end of file
3615.8464 	EXP 	Sound test_sound started
3615.8467 	DATA 	Keypress: left
3615.8563 	EXP 	polygon_2: autoDraw = False
3615.8563 	EXP 	text_3: autoDraw = False
3615.8563 	EXP 	polygon_2: autoDraw = True
3617.7333 	EXP 	Sound test_sound reached end of file
3617.7466 	EXP 	Sound test_sound reached end of file
3619.9202 	EXP 	New trial (rep=0, index=16): <Trial 16 (16 in rep 0) data={'sounds': 'sounds/03b_limpiar.wav', 'syll': 'CVC', 'stress_unstress': 'Unstressed', 'suffix': 'Mismatch', 'present_past': 'present', 'corrAns': 'num_1', 'trigger_item': 0.0, 'trigger_senonset': 0.2, 'trigger_verbsonset': 0.8500000000000001, 'trigger_1_F0': 0.932367621527777, 'trigger_suffix': 1.26878515625, 'trigger_2_F0': 1.35808463541666, 'ID_item': 101, 'ID_senonset': 20, 'ID_verbonset': 21, 'ID_1_F0': 22, 'ID_suffix': 23, 'ID_2_F0': 24, 'ms_senonset': 0, 'ms_verbonset': 0.65, 'ms_1_F0': 0.732367621527777, 'ms_suffix': 1.06878515625, 'ms_2_F0': 1.15808463541666, 'file_name': '03b_limpiar.wav', 'item_id': 3, 'cond': 'b', 'thisN': 16, 'thisTrialN': 16, 'thisRepN': 0}>
3619.9291 	EXP 	Sound test_sound reached end of file
3619.9299 	EXP 	Sound test_sound started
3619.9315 	DATA 	Keypress: right
3619.9394 	EXP 	polygon_2: autoDraw = False
3619.9394 	EXP 	text_3: autoDraw = False
3619.9394 	EXP 	polygon_2: autoDraw = True
3622.0603 	EXP 	Sound test_sound reached end of file
3622.0662 	EXP 	Sound test_sound reached end of file
3622.6703 	EXP 	New trial (rep=0, index=17): <Trial 17 (17 in rep 0) data={'sounds': 'sounds/10d_vender.wav', 'syll': 'CVC', 'stress_unstress': 'Stressed', 'suffix': 'Mismatch', 'present_past': 'past', 'corrAns': 'num_2', 'trigger_item': 0.0, 'trigger_senonset': 0.2, 'trigger_verbsonset': 0.832830209056713, 'trigger_1_F0': 0.8775468199411529, 'trigger_suffix': 1.109501330306288, 'trigger_2_F0': 1.158928471023364, 'ID_item': 101, 'ID_senonset': 40, 'ID_verbonset': 41, 'ID_1_F0': 42, 'ID_suffix': 43, 'ID_2_F0': 44, 'ms_senonset': 0, 'ms_verbonset': 0.632830209056713, 'ms_1_F0': 0.677546819941153, 'ms_suffix': 0.909501330306288, 'ms_2_F0': 0.958928471023364, 'file_name': '10d_vender.wav', 'item_id': 10, 'cond': 'd', 'thisN': 17, 'thisTrialN': 17, 'thisRepN': 0}>
3622.6767 	EXP 	Sound test_sound reached end of file
3622.6799 	EXP 	Sound test_sound started
3622.6788 	DATA 	Keypress: left
3622.6879 	EXP 	polygon_2: autoDraw = False
3622.6879 	EXP 	text_3: autoDraw = False
3622.6879 	EXP 	polygon_2: autoDraw = True
3624.5738 	EXP 	Sound test_sound reached end of file
3624.5813 	EXP 	Sound test_sound reached end of file
3625.0537 	EXP 	New trial (rep=0, index=18): <Trial 18 (18 in rep 0) data={'sounds': 'sounds/07c_tumbar.wav', 'syll': 'CVC', 'stress_unstress': 'Unstressed', 'suffix': 'Match', 'present_past': 'past', 'corrAns': 'num_2', 'trigger_item': 0.0, 'trigger_senonset': 0.2, 'trigger_verbsonset': 0.9084024930273432, 'trigger_1_F0': 0.9247360728973012, 'trigger_suffix': 1.143289673625005, 'trigger_2_F0': 1.154847989033482, 'ID_item': 101, 'ID_senonset': 30, 'ID_verbonset': 31, 'ID_1_F0': 32, 'ID_suffix': 33, 'ID_2_F0': 34, 'ms_senonset': 0, 'ms_verbonset': 0.708402493027343, 'ms_1_F0': 0.724736072897301, 'ms_suffix': 0.943289673625005, 'ms_2_F0': 0.954847989033482, 'file_name': '07c_tumbar.wav', 'item_id': 7, 'cond': 'c', 'thisN': 18, 'thisTrialN': 18, 'thisRepN': 0}>
3625.0603 	EXP 	Sound test_sound reached end of file
3625.0633 	EXP 	Sound test_sound started
3625.0625 	DATA 	Keypress: right
3625.0722 	EXP 	polygon_2: autoDraw = False
3625.0722 	EXP 	text_3: autoDraw = False
3625.0722 	EXP 	polygon_2: autoDraw = True
3626.9971 	EXP 	Sound test_sound reached end of file
3627.0146 	EXP 	Sound test_sound reached end of file
3630.6866 	EXP 	New trial (rep=0, index=19): <Trial 19 (19 in rep 0) data={'sounds': 'sounds/01d_salvar.wav', 'syll': 'CVC', 'stress_unstress': 'Stressed', 'suffix': 'Mismatch', 'present_past': 'past', 'corrAns': 'num_2', 'trigger_item': 0.0, 'trigger_senonset': 0.2, 'trigger_verbsonset': 0.8500000000000001, 'trigger_1_F0': 0.996069502314814, 'trigger_suffix': 1.23, 'trigger_2_F0': 1.29, 'ID_item': 101, 'ID_senonset': 40, 'ID_verbonset': 41, 'ID_1_F0': 42, 'ID_suffix': 43, 'ID_2_F0': 44, 'ms_senonset': 0, 'ms_verbonset': 0.65, 'ms_1_F0': 0.796069502314814, 'ms_suffix': 1.03, 'ms_2_F0': 1.09, 'file_name': '01d_salvar.wav', 'item_id': 1, 'cond': 'd', 'thisN': 19, 'thisTrialN': 19, 'thisRepN': 0}>
3630.6940 	EXP 	Sound test_sound reached end of file
3630.6968 	EXP 	Sound test_sound started
3630.6968 	DATA 	Keypress: left
3630.7065 	EXP 	polygon_2: autoDraw = False
3630.7065 	EXP 	text_3: autoDraw = False
3630.7065 	EXP 	polygon_2: autoDraw = True
3632.7358 	EXP 	Sound test_sound reached end of file
3632.7466 	EXP 	Sound test_sound reached end of file
3636.0401 	DATA 	Keypress: right
3636.0469 	EXP 	polygon_2: autoDraw = False
3636.0469 	EXP 	text_3: autoDraw = True
3643.1168 	EXP 	New trial (rep=0, index=20): <Trial 20 (20 in rep 0) data={'sounds': 'sounds/14b_borrar.wav', 'syll': 'CVC', 'stress_unstress': 'Unstressed', 'suffix': 'Mismatch', 'present_past': 'present', 'corrAns': 'num_1', 'trigger_item': 0.0, 'trigger_senonset': 0.2, 'trigger_verbsonset': 0.72, 'trigger_1_F0': 0.770187630208333, 'trigger_suffix': 0.851961241319444, 'trigger_2_F0': 0.964399956597222, 'ID_item': 101, 'ID_senonset': 20, 'ID_verbonset': 21, 'ID_1_F0': 22, 'ID_suffix': 23, 'ID_2_F0': 24, 'ms_senonset': 0, 'ms_verbonset': 0.52, 'ms_1_F0': 0.570187630208333, 'ms_suffix': 0.651961241319444, 'ms_2_F0': 0.764399956597222, 'file_name': '14b_borrar.wav', 'item_id': 14, 'cond': 'b', 'thisN': 20, 'thisTrialN': 20, 'thisRepN': 0}>
3643.1239 	EXP 	Sound test_sound reached end of file
3643.1304 	EXP 	Sound test_sound started
3643.1269 	DATA 	Keypress: space
3643.1360 	EXP 	text_3: autoDraw = False
3643.1360 	EXP 	polygon_2: autoDraw = True
3645.0583 	EXP 	Sound test_sound reached end of file
3645.0645 	EXP 	Sound test_sound reached end of file
3646.4685 	EXP 	New trial (rep=0, index=21): <Trial 21 (21 in rep 0) data={'sounds': 'sounds/39b_manchar.wav', 'syll': 'CVC', 'stress_unstress': 'Unstressed', 'suffix': 'Mismatch', 'present_past': 'present', 'corrAns': 'num_1', 'trigger_item': 0.0, 'trigger_senonset': 0.2, 'trigger_verbsonset': 0.81, 'trigger_1_F0': 0.91203755787037, 'trigger_suffix': 1.140584317129629, 'trigger_2_F0': 1.2139708912037, 'ID_item': 101, 'ID_senonset': 20, 'ID_verbonset': 21, 'ID_1_F0': 22, 'ID_suffix': 23, 'ID_2_F0': 24, 'ms_senonset': 0, 'ms_verbonset': 0.61, 'ms_1_F0': 0.71203755787037, 'ms_suffix': 0.940584317129629, 'ms_2_F0': 1.0139708912037, 'file_name': '39b_manchar.wav', 'item_id': 39, 'cond': 'b', 'thisN': 21, 'thisTrialN': 21, 'thisRepN': 0}>
3646.4732 	EXP 	Sound test_sound reached end of file
3646.4799 	EXP 	Sound test_sound started
3646.4752 	DATA 	Keypress: left
3646.4836 	EXP 	polygon_2: autoDraw = False
3646.4836 	EXP 	text_3: autoDraw = False
3646.4836 	EXP 	polygon_2: autoDraw = True
3648.7068 	EXP 	Sound test_sound reached end of file
3648.7142 	EXP 	Sound test_sound reached end of file
3649.4543 	EXP 	New trial (rep=0, index=22): <Trial 22 (22 in rep 0) data={'sounds': 'sounds/33b_culpar.wav', 'syll': 'CVC', 'stress_unstress': 'Unstressed', 'suffix': 'Mismatch', 'present_past': 'present', 'corrAns': 'num_1', 'trigger_item': 0.0, 'trigger_senonset': 0.2, 'trigger_verbsonset': 0.8606178431336959, 'trigger_1_F0': 0.869103678029107, 'trigger_suffix': 1.109891641372144, 'trigger_2_F0': 1.131540467434179, 'ID_item': 101, 'ID_senonset': 20, 'ID_verbonset': 21, 'ID_1_F0': 22, 'ID_suffix': 23, 'ID_2_F0': 24, 'ms_senonset': 0, 'ms_verbonset': 0.660617843133696, 'ms_1_F0': 0.669103678029107, 'ms_suffix': 0.909891641372144, 'ms_2_F0': 0.931540467434179, 'file_name': '33b_culpar.wav', 'item_id': 33, 'cond': 'b', 'thisN': 22, 'thisTrialN': 22, 'thisRepN': 0}>
3649.4620 	EXP 	Sound test_sound reached end of file
3649.4640 	EXP 	Sound test_sound started
3649.4645 	DATA 	Keypress: right
3649.4722 	EXP 	polygon_2: autoDraw = False
3649.4722 	EXP 	text_3: autoDraw = False
3649.4722 	EXP 	polygon_2: autoDraw = True
3651.6186 	EXP 	Sound test_sound reached end of file
3651.6315 	EXP 	Sound test_sound reached end of file
3652.0879 	EXP 	New trial (rep=0, index=23): <Trial 23 (23 in rep 0) data={'sounds': 'sounds/36c_bordar.wav', 'syll': 'CVC', 'stress_unstress': 'Unstressed', 'suffix': 'Match', 'present_past': 'past', 'corrAns': 'num_2', 'trigger_item': 0.0, 'trigger_senonset': 0.2, 'trigger_verbsonset': 1.0, 'trigger_1_F0': 1.078468243634259, 'trigger_suffix': 1.3288624855324, 'trigger_2_F0': 1.3414992042824, 'ID_item': 101, 'ID_senonset': 30, 'ID_verbonset': 31, 'ID_1_F0': 32, 'ID_suffix': 33, 'ID_2_F0': 34, 'ms_senonset': 0, 'ms_verbonset': 0.8, 'ms_1_F0': 0.878468243634259, 'ms_suffix': 1.1288624855324, 'ms_2_F0': 1.1414992042824, 'file_name': '36c_bordar.wav', 'item_id': 36, 'cond': 'c', 'thisN': 23, 'thisTrialN': 23, 'thisRepN': 0}>
3652.0948 	EXP 	Sound test_sound reached end of file
3652.0973 	EXP 	Sound test_sound started
3652.0982 	DATA 	Keypress: left
3652.1077 	EXP 	polygon_2: autoDraw = False
3652.1077 	EXP 	text_3: autoDraw = False
3652.1077 	EXP 	polygon_2: autoDraw = True
3654.3480 	EXP 	Sound test_sound reached end of file
3654.3645 	EXP 	Sound test_sound reached end of file
3660.3711 	EXP 	New trial (rep=0, index=24): <Trial 24 (24 in rep 0) data={'sounds': 'sounds/40c_gastar.wav', 'syll': 'CVC', 'stress_unstress': 'Unstressed', 'suffix': 'Match', 'present_past': 'past', 'corrAns': 'num_2', 'trigger_item': 0.0, 'trigger_senonset': 0.2, 'trigger_verbsonset': 0.8300000000000001, 'trigger_1_F0': 0.8400000000000001, 'trigger_suffix': 1.163436328125, 'trigger_2_F0': 1.183149609375, 'ID_item': 101, 'ID_senonset': 30, 'ID_verbonset': 31, 'ID_1_F0': 32, 'ID_suffix': 33, 'ID_2_F0': 34, 'ms_senonset': 0, 'ms_verbonset': 0.63, 'ms_1_F0': 0.64, 'ms_suffix': 0.963436328125, 'ms_2_F0': 0.983149609375, 'file_name': '40c_gastar.wav', 'item_id': 40, 'cond': 'c', 'thisN': 24, 'thisTrialN': 24, 'thisRepN': 0}>
3660.3774 	EXP 	Sound test_sound reached end of file
3660.3811 	EXP 	Sound test_sound started
3660.3797 	DATA 	Keypress: right
3660.3887 	EXP 	polygon_2: autoDraw = False
3660.3887 	EXP 	text_3: autoDraw = False
3660.3887 	EXP 	polygon_2: autoDraw = True
3662.4813 	EXP 	Sound test_sound reached end of file
3662.4978 	EXP 	Sound test_sound reached end of file
3667.8049 	EXP 	New trial (rep=0, index=25): <Trial 25 (25 in rep 0) data={'sounds': 'sounds/26a_bajar.wav', 'syll': 'CVC', 'stress_unstress': 'Stressed', 'suffix': 'Match', 'present_past': 'present', 'corrAns': 'num_1', 'trigger_item': 0.0, 'trigger_senonset': 0.2, 'trigger_verbsonset': 0.77, 'trigger_1_F0': 0.8999999999999999, 'trigger_suffix': 1.03, 'trigger_2_F0': 1.171181705729166, 'ID_item': 101, 'ID_senonset': 10, 'ID_verbonset': 11, 'ID_1_F0': 12, 'ID_suffix': 13, 'ID_2_F0': 14, 'ms_senonset': 0, 'ms_verbonset': 0.57, 'ms_1_F0': 0.7, 'ms_suffix': 0.83, 'ms_2_F0': 0.971181705729166, 'file_name': '26a_bajar.wav', 'item_id': 26, 'cond': 'a', 'thisN': 25, 'thisTrialN': 25, 'thisRepN': 0}>
3667.8132 	EXP 	Sound test_sound reached end of file
3667.8143 	EXP 	Sound test_sound started
3667.8159 	DATA 	Keypress: right
3667.8258 	EXP 	polygon_2: autoDraw = False
3667.8258 	EXP 	text_3: autoDraw = False
3667.8258 	EXP 	polygon_2: autoDraw = True
3669.8666 	EXP 	Sound test_sound reached end of file
3669.8813 	EXP 	Sound test_sound reached end of file
3672.0885 	EXP 	New trial (rep=0, index=26): <Trial 26 (26 in rep 0) data={'sounds': 'sounds/15b_partir.wav', 'syll': 'CVC', 'stress_unstress': 'Unstressed', 'suffix': 'Mismatch', 'present_past': 'present', 'corrAns': 'num_1', 'trigger_item': 0.0, 'trigger_senonset': 0.2, 'trigger_verbsonset': 0.826865400752314, 'trigger_1_F0': 0.842973894883327, 'trigger_suffix': 1.1042888772729471, 'trigger_2_F0': 1.120815958498066, 'ID_item': 101, 'ID_senonset': 20, 'ID_verbonset': 21, 'ID_1_F0': 22, 'ID_suffix': 23, 'ID_2_F0': 24, 'ms_senonset': 0, 'ms_verbonset': 0.626865400752314, 'ms_1_F0': 0.642973894883327, 'ms_suffix': 0.904288877272947, 'ms_2_F0': 0.920815958498066, 'file_name': '15b_partir.wav', 'item_id': 15, 'cond': 'b', 'thisN': 26, 'thisTrialN': 26, 'thisRepN': 0}>
3672.0951 	EXP 	Sound test_sound reached end of file
3672.0981 	EXP 	Sound test_sound started
3672.0982 	DATA 	Keypress: right
3672.1067 	EXP 	polygon_2: autoDraw = False
3672.1067 	EXP 	text_3: autoDraw = False
3672.1067 	EXP 	polygon_2: autoDraw = True
3674.1412 	EXP 	Sound test_sound reached end of file
3674.1483 	EXP 	Sound test_sound reached end of file
3677.5556 	EXP 	New trial (rep=0, index=27): <Trial 27 (27 in rep 0) data={'sounds': 'sounds/27c_tirar.wav', 'syll': 'CVC', 'stress_unstress': 'Unstressed', 'suffix': 'Match', 'present_past': 'past', 'corrAns': 'num_2', 'trigger_item': 0.0, 'trigger_senonset': 0.2, 'trigger_verbsonset': 0.8119442057291659, 'trigger_1_F0': 0.8307495153356481, 'trigger_suffix': 0.9885306495949072, 'trigger_2_F0': 0.998621303530092, 'ID_item': 101, 'ID_senonset': 30, 'ID_verbonset': 31, 'ID_1_F0': 32, 'ID_suffix': 33, 'ID_2_F0': 34, 'ms_senonset': 0, 'ms_verbonset': 0.611944205729166, 'ms_1_F0': 0.630749515335648, 'ms_suffix': 0.788530649594907, 'ms_2_F0': 0.798621303530092, 'file_name': '27c_tirar.wav', 'item_id': 27, 'cond': 'c', 'thisN': 27, 'thisTrialN': 27, 'thisRepN': 0}>
3677.5647 	EXP 	Sound test_sound reached end of file
3677.5652 	EXP 	Sound test_sound started
3677.5665 	DATA 	Keypress: left
3677.5758 	EXP 	polygon_2: autoDraw = False
3677.5758 	EXP 	text_3: autoDraw = False
3677.5758 	EXP 	polygon_2: autoDraw = True
3679.5484 	EXP 	Sound test_sound reached end of file
3679.5649 	EXP 	Sound test_sound reached end of file
3685.2879 	EXP 	New trial (rep=0, index=28): <Trial 28 (28 in rep 0) data={'sounds': 'sounds/11a_pegar.wav', 'syll': 'CVC', 'stress_unstress': 'Stressed', 'suffix': 'Match', 'present_past': 'present', 'corrAns': 'num_1', 'trigger_item': 0.0, 'trigger_senonset': 0.2, 'trigger_verbsonset': 0.8182808977343741, 'trigger_1_F0': 0.831294515585661, 'trigger_suffix': 0.98, 'trigger_2_F0': 1.012063288108519, 'ID_item': 101, 'ID_senonset': 10, 'ID_verbonset': 11, 'ID_1_F0': 12, 'ID_suffix': 13, 'ID_2_F0': 14, 'ms_senonset': 0, 'ms_verbonset': 0.618280897734374, 'ms_1_F0': 0.631294515585661, 'ms_suffix': 0.78, 'ms_2_F0': 0.812063288108519, 'file_name': '11a_pegar.wav', 'item_id': 11, 'cond': 'a', 'thisN': 28, 'thisTrialN': 28, 'thisRepN': 0}>
3685.2951 	EXP 	Sound test_sound reached end of file
3685.2978 	EXP 	Sound test_sound started
3685.2982 	DATA 	Keypress: left
3685.3071 	EXP 	polygon_2: autoDraw = False
3685.3071 	EXP 	text_3: autoDraw = False
3685.3071 	EXP 	polygon_2: autoDraw = True
3687.2177 	EXP 	Sound test_sound reached end of file
3687.2315 	EXP 	Sound test_sound reached end of file
3689.2189 	DATA 	Keypress: right
3689.2382 	EXP 	New trial (rep=0, index=29): <Trial 29 (29 in rep 0) data={'sounds': 'sounds/25b_ganar.wav', 'syll': 'CVC', 'stress_unstress': 'Unstressed', 'suffix': 'Mismatch', 'present_past': 'present', 'corrAns': 'num_1', 'trigger_item': 0.0, 'trigger_senonset': 0.2, 'trigger_verbsonset': 1.152097938368055, 'trigger_1_F0': 1.15990068760488, 'trigger_suffix': 1.28904165650454, 'trigger_2_F0': 1.37272500435153, 'ID_item': 101, 'ID_senonset': 20, 'ID_verbonset': 21, 'ID_1_F0': 22, 'ID_suffix': 23, 'ID_2_F0': 24, 'ms_senonset': 0, 'ms_verbonset': 0.952097938368055, 'ms_1_F0': 0.95990068760488, 'ms_suffix': 1.08904165650454, 'ms_2_F0': 1.17272500435153, 'file_name': '25b_ganar.wav', 'item_id': 25, 'cond': 'b', 'thisN': 29, 'thisTrialN': 29, 'thisRepN': 0}>
3689.2450 	EXP 	Sound test_sound reached end of file
3689.2480 	EXP 	Sound test_sound started
3689.2571 	EXP 	polygon_2: autoDraw = False
3689.2571 	EXP 	text_3: autoDraw = False
3689.2571 	EXP 	polygon_2: autoDraw = True
3691.5820 	EXP 	Sound test_sound reached end of file
3691.5986 	EXP 	Sound test_sound reached end of file
3692.7241 	DATA 	Keypress: right
3692.7313 	EXP 	polygon_2: autoDraw = False
3692.7313 	EXP 	text_3: autoDraw = True
3702.2362 	DATA 	Keypress: space
3702.2516 	EXP 	New trial (rep=0, index=30): <Trial 30 (30 in rep 0) data={'sounds': 'sounds/08d_filtrar.wav', 'syll': 'CVC', 'stress_unstress': 'Stressed', 'suffix': 'Mismatch', 'present_past': 'past', 'corrAns': 'num_2', 'trigger_item': 0.0, 'trigger_senonset': 0.2, 'trigger_verbsonset': 0.7526856695589441, 'trigger_1_F0': 0.87808115762362, 'trigger_suffix': 1.118901843962886, 'trigger_2_F0': 1.172598812485867, 'ID_item': 101, 'ID_senonset': 40, 'ID_verbonset': 41, 'ID_1_F0': 42, 'ID_suffix': 43, 'ID_2_F0': 44, 'ms_senonset': 0, 'ms_verbonset': 0.552685669558944, 'ms_1_F0': 0.67808115762362, 'ms_suffix': 0.918901843962886, 'ms_2_F0': 0.972598812485867, 'file_name': '08d_filtrar.wav', 'item_id': 8, 'cond': 'd', 'thisN': 30, 'thisTrialN': 30, 'thisRepN': 0}>
3702.2569 	EXP 	Sound test_sound reached end of file
3702.2654 	EXP 	Sound test_sound started
3702.2673 	EXP 	text_3: autoDraw = False
3702.2673 	EXP 	polygon_2: autoDraw = True
3704.0142 	EXP 	Sound test_sound reached end of file
3704.0191 	EXP 	Sound test_sound reached end of file
3705.4221 	EXP 	New trial (rep=0, index=31): <Trial 31 (31 in rep 0) data={'sounds': 'sounds/35b_secar.wav', 'syll': 'CVC', 'stress_unstress': 'Unstressed', 'suffix': 'Mismatch', 'present_past': 'present', 'corrAns': 'num_1', 'trigger_item': 0.0, 'trigger_senonset': 0.2, 'trigger_verbsonset': 0.8990044921875, 'trigger_1_F0': 1.025708658854166, 'trigger_suffix': 1.179689416956018, 'trigger_2_F0': 1.20652606336805, 'ID_item': 101, 'ID_senonset': 20, 'ID_verbonset': 21, 'ID_1_F0': 22, 'ID_suffix': 23, 'ID_2_F0': 24, 'ms_senonset': 0, 'ms_verbonset': 0.6990044921875, 'ms_1_F0': 0.825708658854166, 'ms_suffix': 0.979689416956018, 'ms_2_F0': 1.00652606336805, 'file_name': '35b_secar.wav', 'item_id': 35, 'cond': 'b', 'thisN': 31, 'thisTrialN': 31, 'thisRepN': 0}>
3705.4292 	EXP 	Sound test_sound reached end of file
3705.4321 	EXP 	Sound test_sound started
3705.4311 	DATA 	Keypress: left
3705.4409 	EXP 	polygon_2: autoDraw = False
3705.4409 	EXP 	text_3: autoDraw = False
3705.4409 	EXP 	polygon_2: autoDraw = True
3707.5551 	EXP 	Sound test_sound reached end of file
3707.5653 	EXP 	Sound test_sound reached end of file
3710.0717 	EXP 	New trial (rep=0, index=32): <Trial 32 (32 in rep 0) data={'sounds': 'sounds/13c_montar.wav', 'syll': 'CVC', 'stress_unstress': 'Unstressed', 'suffix': 'Match', 'present_past': 'past', 'corrAns': 'num_2', 'trigger_item': 0.0, 'trigger_senonset': 0.2, 'trigger_verbsonset': 0.8800000000000001, 'trigger_1_F0': 0.98, 'trigger_suffix': 1.24543012152777, 'trigger_2_F0': 1.2594709201388798, 'ID_item': 101, 'ID_senonset': 30, 'ID_verbonset': 31, 'ID_1_F0': 32, 'ID_suffix': 33, 'ID_2_F0': 34, 'ms_senonset': 0, 'ms_verbonset': 0.68, 'ms_1_F0': 0.78, 'ms_suffix': 1.04543012152777, 'ms_2_F0': 1.05947092013888, 'file_name': '13c_montar.wav', 'item_id': 13, 'cond': 'c', 'thisN': 32, 'thisTrialN': 32, 'thisRepN': 0}>
3710.0784 	EXP 	Sound test_sound reached end of file
3710.0819 	EXP 	Sound test_sound started
3710.0808 	DATA 	Keypress: left
3710.0894 	EXP 	polygon_2: autoDraw = False
3710.0894 	EXP 	text_3: autoDraw = False
3710.0894 	EXP 	polygon_2: autoDraw = True
3712.3649 	EXP 	Sound test_sound reached end of file
3712.3702 	EXP 	Sound test_sound reached end of file
3713.4360 	DATA 	Keypress: right
3713.4555 	EXP 	New trial (rep=0, index=33): <Trial 33 (33 in rep 0) data={'sounds': 'sounds/32d_pulsar.wav', 'syll': 'CVC', 'stress_unstress': 'Stressed', 'suffix': 'Mismatch', 'present_past': 'past', 'corrAns': 'num_2', 'trigger_item': 0.0, 'trigger_senonset': 0.2, 'trigger_verbsonset': 0.796440212673611, 'trigger_1_F0': 0.8294641710069439, 'trigger_suffix': 0.99, 'trigger_2_F0': 1.097783832465277, 'ID_item': 101, 'ID_senonset': 40, 'ID_verbonset': 41, 'ID_1_F0': 42, 'ID_suffix': 43, 'ID_2_F0': 44, 'ms_senonset': 0, 'ms_verbonset': 0.596440212673611, 'ms_1_F0': 0.629464171006944, 'ms_suffix': 0.79, 'ms_2_F0': 0.897783832465277, 'file_name': '32d_pulsar.wav', 'item_id': 32, 'cond': 'd', 'thisN': 33, 'thisTrialN': 33, 'thisRepN': 0}>
3713.4636 	EXP 	Sound test_sound reached end of file
3713.4655 	EXP 	Sound test_sound started
3713.4749 	EXP 	polygon_2: autoDraw = False
3713.4749 	EXP 	text_3: autoDraw = False
3713.4749 	EXP 	polygon_2: autoDraw = True
3715.2639 	EXP 	Sound test_sound reached end of file
3715.2694 	EXP 	Sound test_sound reached end of file
3716.6558 	EXP 	New trial (rep=0, index=34): <Trial 34 (34 in rep 0) data={'sounds': 'sounds/04c_plantar.wav', 'syll': 'CVC', 'stress_unstress': 'Unstressed', 'suffix': 'Match', 'present_past': 'past', 'corrAns': 'num_2', 'trigger_item': 0.0, 'trigger_senonset': 0.2, 'trigger_verbsonset': 0.862877574458911, 'trigger_1_F0': 0.9343518689653568, 'trigger_suffix': 1.20493812332404, 'trigger_2_F0': 1.21897569287037, 'ID_item': 101, 'ID_senonset': 30, 'ID_verbonset': 31, 'ID_1_F0': 32, 'ID_suffix': 33, 'ID_2_F0': 34, 'ms_senonset': 0, 'ms_verbonset': 0.662877574458911, 'ms_1_F0': 0.734351868965357, 'ms_suffix': 1.00493812332404, 'ms_2_F0': 1.01897569287037, 'file_name': '04c_plantar.wav', 'item_id': 4, 'cond': 'c', 'thisN': 34, 'thisTrialN': 34, 'thisRepN': 0}>
3716.6637 	EXP 	Sound test_sound reached end of file
3716.6656 	EXP 	Sound test_sound started
3716.6660 	DATA 	Keypress: right
3716.6750 	EXP 	polygon_2: autoDraw = False
3716.6750 	EXP 	text_3: autoDraw = False
3716.6750 	EXP 	polygon_2: autoDraw = True
3718.6927 	EXP 	Sound test_sound reached end of file
3718.7005 	EXP 	Sound test_sound reached end of file
3718.9894 	EXP 	New trial (rep=0, index=35): <Trial 35 (35 in rep 0) data={'sounds': 'sounds/09c_cargar.wav', 'syll': 'CVC', 'stress_unstress': 'Unstressed', 'suffix': 'Match', 'present_past': 'past', 'corrAns': 'num_2', 'trigger_item': 0.0, 'trigger_senonset': 0.2, 'trigger_verbsonset': 0.81286744068287, 'trigger_1_F0': 0.8382251229745361, 'trigger_suffix': 1.032634020543981, 'trigger_2_F0': 1.090594437210648, 'ID_item': 101, 'ID_senonset': 30, 'ID_verbonset': 31, 'ID_1_F0': 32, 'ID_suffix': 33, 'ID_2_F0': 34, 'ms_senonset': 0, 'ms_verbonset': 0.61286744068287, 'ms_1_F0': 0.638225122974536, 'ms_suffix': 0.832634020543981, 'ms_2_F0': 0.890594437210648, 'file_name': '09c_cargar.wav', 'item_id': 9, 'cond': 'c', 'thisN': 35, 'thisTrialN': 35, 'thisRepN': 0}>
3718.9955 	EXP 	Sound test_sound reached end of file
3718.9990 	EXP 	Sound test_sound started
3718.9983 	DATA 	Keypress: left
3719.0060 	EXP 	polygon_2: autoDraw = False
3719.0060 	EXP 	text_3: autoDraw = False
3719.0060 	EXP 	polygon_2: autoDraw = True
3720.9138 	EXP 	Sound test_sound reached end of file
3720.9190 	EXP 	Sound test_sound reached end of file
3726.4890 	EXP 	New trial (rep=0, index=36): <Trial 36 (36 in rep 0) data={'sounds': 'sounds/30a_fundar.wav', 'syll': 'CVC', 'stress_unstress': 'Stressed', 'suffix': 'Match', 'present_past': 'present', 'corrAns': 'num_1', 'trigger_item': 0.0, 'trigger_senonset': 0.2, 'trigger_verbsonset': 0.77, 'trigger_1_F0': 0.91, 'trigger_suffix': 1.112685546875, 'trigger_2_F0': 1.12, 'ID_item': 101, 'ID_senonset': 10, 'ID_verbonset': 11, 'ID_1_F0': 12, 'ID_suffix': 13, 'ID_2_F0': 14, 'ms_senonset': 0, 'ms_verbonset': 0.57, 'ms_1_F0': 0.71, 'ms_suffix': 0.912685546875, 'ms_2_F0': 0.92, 'file_name': '30a_fundar.wav', 'item_id': 30, 'cond': 'a', 'thisN': 36, 'thisTrialN': 36, 'thisRepN': 0}>
3726.4971 	EXP 	Sound test_sound reached end of file
3726.4989 	EXP 	Sound test_sound started
3726.4996 	DATA 	Keypress: left
3726.5097 	EXP 	polygon_2: autoDraw = False
3726.5097 	EXP 	text_3: autoDraw = False
3726.5097 	EXP 	polygon_2: autoDraw = True
3728.6377 	EXP 	Sound test_sound reached end of file
3728.6493 	EXP 	Sound test_sound reached end of file
3731.0187 	DATA 	Keypress: right
3731.0374 	EXP 	New trial (rep=0, index=37): <Trial 37 (37 in rep 0) data={'sounds': 'sounds/24d_mirar.wav', 'syll': 'CVC', 'stress_unstress': 'Stressed', 'suffix': 'Mismatch', 'present_past': 'past', 'corrAns': 'num_2', 'trigger_item': 0.0, 'trigger_senonset': 0.2, 'trigger_verbsonset': 0.71, 'trigger_1_F0': 0.8119545789930551, 'trigger_suffix': 0.9389863642939812, 'trigger_2_F0': 0.9746780743634248, 'ID_item': 101, 'ID_senonset': 40, 'ID_verbonset': 41, 'ID_1_F0': 42, 'ID_suffix': 43, 'ID_2_F0': 44, 'ms_senonset': 0, 'ms_verbonset': 0.51, 'ms_1_F0': 0.611954578993055, 'ms_suffix': 0.738986364293981, 'ms_2_F0': 0.774678074363425, 'file_name': '24d_mirar.wav', 'item_id': 24, 'cond': 'd', 'thisN': 37, 'thisTrialN': 37, 'thisRepN': 0}>
3731.0423 	EXP 	Sound test_sound reached end of file
3731.0492 	EXP 	Sound test_sound started
3731.0534 	EXP 	polygon_2: autoDraw = False
3731.0534 	EXP 	text_3: autoDraw = False
3731.0534 	EXP 	polygon_2: autoDraw = True
3732.7332 	EXP 	Sound test_sound reached end of file
3732.7496 	EXP 	Sound test_sound reached end of file
3736.4361 	DATA 	Keypress: right
3736.4555 	EXP 	New trial (rep=0, index=38): <Trial 38 (38 in rep 0) data={'sounds': 'sounds/23a_tomar.wav', 'syll': 'CVC', 'stress_unstress': 'Stressed', 'suffix': 'Match', 'present_past': 'present', 'corrAns': 'num_1', 'trigger_item': 0.0, 'trigger_senonset': 0.2, 'trigger_verbsonset': 0.9453179615162032, 'trigger_1_F0': 0.95, 'trigger_suffix': 1.08, 'trigger_2_F0': 1.158644495081018, 'ID_item': 101, 'ID_senonset': 10, 'ID_verbonset': 11, 'ID_1_F0': 12, 'ID_suffix': 13, 'ID_2_F0': 14, 'ms_senonset': 0, 'ms_verbonset': 0.745317961516203, 'ms_1_F0': 0.75, 'ms_suffix': 0.88, 'ms_2_F0': 0.958644495081018, 'file_name': '23a_tomar.wav', 'item_id': 23, 'cond': 'a', 'thisN': 38, 'thisTrialN': 38, 'thisRepN': 0}>
3736.4614 	EXP 	Sound test_sound reached end of file
3736.4659 	EXP 	Sound test_sound started
3736.4725 	EXP 	polygon_2: autoDraw = False
3736.4725 	EXP 	text_3: autoDraw = False
3736.4725 	EXP 	polygon_2: autoDraw = True
3738.3506 	EXP 	Sound test_sound reached end of file
3738.3663 	EXP 	Sound test_sound reached end of file
3744.5400 	EXP 	New trial (rep=0, index=39): <Trial 39 (39 in rep 0) data={'sounds': 'sounds/19a_marcar.wav', 'syll': 'CVC', 'stress_unstress': 'Stressed', 'suffix': 'Match', 'present_past': 'present', 'corrAns': 'num_1', 'trigger_item': 0.0, 'trigger_senonset': 0.2, 'trigger_verbsonset': 0.8400000000000001, 'trigger_1_F0': 0.97, 'trigger_suffix': 1.245718359375, 'trigger_2_F0': 1.273519140625, 'ID_item': 101, 'ID_senonset': 10, 'ID_verbonset': 11, 'ID_1_F0': 12, 'ID_suffix': 13, 'ID_2_F0': 14, 'ms_senonset': 0, 'ms_verbonset': 0.64, 'ms_1_F0': 0.77, 'ms_suffix': 1.045718359375, 'ms_2_F0': 1.073519140625, 'file_name': '19a_marcar.wav', 'item_id': 19, 'cond': 'a', 'thisN': 39, 'thisTrialN': 39, 'thisRepN': 0}>
3744.5463 	EXP 	Sound test_sound reached end of file
3744.5497 	EXP 	Sound test_sound started
3744.5499 	DATA 	Keypress: right
3744.5572 	EXP 	polygon_2: autoDraw = False
3744.5572 	EXP 	text_3: autoDraw = False
3744.5572 	EXP 	polygon_2: autoDraw = True
3746.4368 	EXP 	Sound test_sound reached end of file
3746.4497 	EXP 	Sound test_sound reached end of file
3748.0787 	DATA 	Keypress: left
3748.0830 	EXP 	polygon_2: autoDraw = False
3748.0830 	EXP 	text_3: autoDraw = False
3748.0830 	EXP 	text_2: autoDraw = True
3752.0183 	DATA 	Keypress: space
3752.0206 	EXP 	text_2: autoDraw = False
3752.0209 	EXP 	LangExperimentstress: status = STOPPED
