16.1359 	WARNING 	User requested fullscreen with size [1536  864], but screen is actually [1920, 1080]. Using actual size
16.3533 	EXP 	Created window1 = Window(allowGUI=False, allowStencil=False, autoLog=True, backendConf=UNKNOWN, backgroundFit=<method-wrapper '__getattribute__' of attributeSetter object at 0x0000029CA6347F70>, backgroundImage=<method-wrapper '__getattribute__' of attributeSetter object at 0x0000029CA6347F10>, bitsMode=UNKNOWN, blendMode='avg', bpc=(8, 8, 8), color=array([0, 0, 0]), colorSpace='rgb', depthBits=8, fullscr=True, gamma=None, gammaErrorPolicy='raise', infoMsg=UNKNOWN, lms=UNKNOWN, monitor=<psychopy.monitors.calibTools.Monitor object at 0x0000029CAE6B4EB0>, multiSample=False, name='window1', numSamples=2, pos=[0.0, 0.0], screen=0, size=array([1920, 1080]), stencilBits=0, stereo=False, title='PsychoPy', units='height', useFBO=True, useRetina=False, viewOri=0.0, viewPos=None, viewScale=None, waitBlanking=True, winType='pyglet')
16.3533 	EXP 	window1: backgroundImage = ''
16.3533 	EXP 	window1: backgroundFit = 'none'
16.4167 	EXP 	window1: Attempting to measure frame rate of screen (0) ...
16.4167 	EXP 	window1: recordFrameIntervals = False
16.5904 	EXP 	window1: recordFrameIntervals = True
16.7744 	EXP 	Screen (0) actual frame rate measured at 59.82Hz
16.7745 	EXP 	window1: recordFrameIntervals = False
19.2870 	EXP 	LangExperimentstress: status = STARTED
19.3738 	EXP 	Created instr = TextStim(__class__=<class 'psychopy.visual.text.TextStim'>, alignHoriz=method-wrapper(...), alignText='center', alignVert=method-wrapper(...), anchorHoriz='center', anchorVert='center', antialias=True, autoDraw=False, autoLog=True, bold=False, color=array([1., 1., 1.]), colorSpace='rgb', contrast=1.0, depth=0.0, draggable=False, flipHoriz=False, flipVert=False, font='Arial', fontFiles=[], height=0.08, italic=False, languageStyle='LTR', name='instr', opacity=1, ori=0, pos=array([0., 0.]), rgb=UNKNOWN, text=str(...), units='height', win=Window(...), wrapWidth=1)
19.8863 	EXP 	Sound test_sound_2 set volume 1.000
19.8890 	EXP 	Created polygon = ShapeStim(__class__=<class 'psychopy.visual.shape.ShapeStim'>, anchor=('center', 'center'), autoDraw=False, autoLog=True, closeShape=True, color=method-wrapper(...), colorSpace='rgb', contrast=None, depth=-2.0, draggable=False, fillColor=array([-1, -1, -1]), fillColorSpace='rgb', fillRGB=array([-1, -1, -1]), interpolate=True, lineColor=array([-1., -1., -1.]), lineColorSpace='rgb', lineRGB=array([-1, -1, -1]), lineWidth=1, name='polygon', opacity=1, ori=0.0, pos=array([0., 0.]), size=array([0.15, 0.15]), units='height', vertices=ndarray(...), win=Window(...), windingRule=None)
19.9003 	EXP 	Created text_3 = TextStim(__class__=<class 'psychopy.visual.text.TextStim'>, alignHoriz=method-wrapper(...), alignText='center', alignVert=method-wrapper(...), anchorHoriz='center', anchorVert='center', antialias=True, autoDraw=False, autoLog=True, bold=False, color=array([1., 1., 1.]), colorSpace='rgb', contrast=1.0, depth=0.0, draggable=False, flipHoriz=False, flipVert=False, font='Arial', fontFiles=[], height=0.1, italic=False, languageStyle='LTR', name='text_3', opacity=1, ori=0, pos=array([0., 0.]), rgb=UNKNOWN, text=str(...), units='height', win=Window(...), wrapWidth=1)
19.9067 	EXP 	Created instr = TextStim(__class__=<class 'psychopy.visual.text.TextStim'>, alignHoriz=method-wrapper(...), alignText='center', alignVert=method-wrapper(...), anchorHoriz='center', anchorVert='center', antialias=True, autoDraw=False, autoLog=True, bold=False, color=array([1., 1., 1.]), colorSpace='rgb', contrast=1.0, depth=0.0, draggable=False, flipHoriz=False, flipVert=False, font='Arial', fontFiles=[], height=0.08, italic=False, languageStyle='LTR', name='instr', opacity=1, ori=0, pos=array([0., 0.]), rgb=UNKNOWN, text=str(...), units='height', win=Window(...), wrapWidth=1)
20.0406 	EXP 	Sound test_sound set volume 1.000
20.0423 	EXP 	Created polygon_2 = ShapeStim(__class__=<class 'psychopy.visual.shape.ShapeStim'>, anchor=('center', 'center'), autoDraw=False, autoLog=True, closeShape=True, color=method-wrapper(...), colorSpace='rgb', contrast=None, depth=-2.0, draggable=False, fillColor=array([-1, -1, -1]), fillColorSpace='rgb', fillRGB=array([-1, -1, -1]), interpolate=True, lineColor=array([-1., -1., -1.]), lineColorSpace='rgb', lineRGB=array([-1, -1, -1]), lineWidth=1, name='polygon_2', opacity=1, ori=0.0, pos=array([0., 0.]), size=array([0.15, 0.15]), units='height', vertices=ndarray(...), win=Window(...), windingRule=None)
20.0463 	EXP 	Created text_3 = TextStim(__class__=<class 'psychopy.visual.text.TextStim'>, alignHoriz=method-wrapper(...), alignText='center', alignVert=method-wrapper(...), anchorHoriz='center', anchorVert='center', antialias=True, autoDraw=False, autoLog=True, bold=False, color=array([1., 1., 1.]), colorSpace='rgb', contrast=1.0, depth=0.0, draggable=False, flipHoriz=False, flipVert=False, font='Arial', fontFiles=[], height=0.1, italic=False, languageStyle='LTR', name='text_3', opacity=1, ori=0, pos=array([0., 0.]), rgb=UNKNOWN, text=str(...), units='height', win=Window(...), wrapWidth=1)
20.0547 	EXP 	Created text_2 = TextStim(__class__=<class 'psychopy.visual.text.TextStim'>, alignHoriz=method-wrapper(...), alignText='center', alignVert=method-wrapper(...), anchorHoriz='center', anchorVert='center', antialias=True, autoDraw=False, autoLog=True, bold=False, color=array([1., 1., 1.]), colorSpace='rgb', contrast=1.0, depth=0.0, draggable=False, flipHoriz=False, flipVert=False, font='Arial', fontFiles=[], height=0.1, italic=False, languageStyle='LTR', name='text_2', opacity=1, ori=0, pos=array([0., 0.]), rgb=UNKNOWN, text=str(...), units='height', win=Window(...), wrapWidth=1)
0.0180 	EXP 	instr: autoDraw = True
4307.7444 	EXP 	Imported selected_practice.csv as conditions, 4 conditions, 27 params
4307.7451 	EXP 	New trial (rep=0, index=0): <Trial 0 (0 in rep 0) data={'sounds': 'sounds/p2b_cortar.wav', 'syll': 'CVC', 'stress_unstress': 'Unstressed', 'suffix': 'Mismatch', 'present_past': 'present', 'corrAns': 'num_1', 'trigger_item': 0.0, 'trigger_senonset': 0.205513, 'trigger_verbsonset': 0.8629519999999999, 'trigger_1_F0': 0.984841, 'trigger_suffix': 1.219715, 'trigger_2_F0': 1.27, 'ID_item': 101, 'ID_senonset': 20, 'ID_verbonset': 21, 'ID_1_F0': 22, 'ID_suffix': 23, 'ID_2_F0': 24, 'ms_senonset': 0.005513, 'ms_verbonset': 0.662952, 'ms_1_F0': 0.784841, 'ms_suffix': 1.019715, 'ms_2_F0': 1.07, 'file_name': 'p2b_cortar.wav', 'sentence': 'p2', 'cond': 'b', 'combo': 'p2b', 'thisN': 0, 'thisTrialN': 0, 'thisRepN': 0}>
4307.7499 	EXP 	Sound test_sound_2 reached end of file
4307.7664 	EXP 	Sound test_sound_2 started
4307.7520 	DATA 	Keypress: space
4307.7613 	EXP 	instr: autoDraw = False
4307.7613 	EXP 	polygon: autoDraw = True
4309.9999 	EXP 	Sound test_sound_2 reached end of file
4310.0051 	EXP 	Sound test_sound_2 reached end of file
4311.8902 	EXP 	New trial (rep=0, index=1): <Trial 1 (1 in rep 0) data={'sounds': 'sounds/p1a_saltar.wav', 'syll': 'CVC', 'stress_unstress': 'Stressed', 'suffix': 'Match', 'present_past': 'present', 'corrAns': 'num_1', 'trigger_item': 0.0, 'trigger_senonset': 0.205513, 'trigger_verbsonset': 0.8629519999999999, 'trigger_1_F0': 0.984841, 'trigger_suffix': 1.219715, 'trigger_2_F0': 1.27, 'ID_item': 101, 'ID_senonset': 10, 'ID_verbonset': 11, 'ID_1_F0': 12, 'ID_suffix': 13, 'ID_2_F0': 14, 'ms_senonset': 0.005513, 'ms_verbonset': 0.662952, 'ms_1_F0': 0.784841, 'ms_suffix': 1.019715, 'ms_2_F0': 1.07, 'file_name': 'p1a_saltar.wav', 'sentence': 'p1', 'cond': 'a', 'combo': 'p1a', 'thisN': 1, 'thisTrialN': 1, 'thisRepN': 0}>
4311.8956 	EXP 	Sound test_sound_2 reached end of file
4311.8999 	EXP 	Sound test_sound_2 started
4311.8986 	DATA 	Keypress: right
4311.9066 	EXP 	polygon: autoDraw = False
4311.9066 	EXP 	text_3: autoDraw = False
4311.9066 	EXP 	polygon: autoDraw = True
4314.1233 	EXP 	Sound test_sound_2 reached end of file
4314.1349 	EXP 	Sound test_sound_2 reached end of file
4315.4229 	EXP 	New trial (rep=0, index=2): <Trial 2 (2 in rep 0) data={'sounds': 'sounds/p4d_cortar.wav', 'syll': 'CVC', 'stress_unstress': 'Stressed', 'suffix': 'Mismatch', 'present_past': 'past', 'corrAns': 'num_2', 'trigger_item': 0.0, 'trigger_senonset': 0.205513, 'trigger_verbsonset': 0.8629519999999999, 'trigger_1_F0': 0.984841, 'trigger_suffix': 1.219715, 'trigger_2_F0': 1.27, 'ID_item': 101, 'ID_senonset': 40, 'ID_verbonset': 41, 'ID_1_F0': 42, 'ID_suffix': 43, 'ID_2_F0': 44, 'ms_senonset': 0.005513, 'ms_verbonset': 0.662952, 'ms_1_F0': 0.784841, 'ms_suffix': 1.019715, 'ms_2_F0': 1.07, 'file_name': 'p4d_cortar.wav', 'sentence': 'p4', 'cond': 'd', 'combo': 'p4d', 'thisN': 2, 'thisTrialN': 2, 'thisRepN': 0}>
4315.4296 	EXP 	Sound test_sound_2 reached end of file
4315.4336 	EXP 	Sound test_sound_2 started
4315.4324 	DATA 	Keypress: right
4315.4425 	EXP 	polygon: autoDraw = False
4315.4425 	EXP 	text_3: autoDraw = False
4315.4425 	EXP 	polygon: autoDraw = True
4317.9297 	EXP 	Sound test_sound_2 reached end of file
4317.9356 	EXP 	Sound test_sound_2 reached end of file
4319.5064 	EXP 	New trial (rep=0, index=3): <Trial 3 (3 in rep 0) data={'sounds': 'sounds/p3c_saltar.wav', 'syll': 'CVC', 'stress_unstress': 'Unstressed', 'suffix': 'Match', 'present_past': 'past', 'corrAns': 'num_2', 'trigger_item': 0.0, 'trigger_senonset': 0.205513, 'trigger_verbsonset': 0.8629519999999999, 'trigger_1_F0': 0.984841, 'trigger_suffix': 1.219715, 'trigger_2_F0': 1.27, 'ID_item': 101, 'ID_senonset': 30, 'ID_verbonset': 31, 'ID_1_F0': 32, 'ID_suffix': 33, 'ID_2_F0': 34, 'ms_senonset': 0.005513, 'ms_verbonset': 0.662952, 'ms_1_F0': 0.784841, 'ms_suffix': 1.019715, 'ms_2_F0': 1.07, 'file_name': 'p3c_saltar.wav', 'sentence': 'p3', 'cond': 'c', 'combo': 'p3c', 'thisN': 3, 'thisTrialN': 3, 'thisRepN': 0}>
4319.5105 	EXP 	Sound test_sound_2 reached end of file
4319.5168 	EXP 	Sound test_sound_2 started
4319.5121 	DATA 	Keypress: left
4319.5204 	EXP 	polygon: autoDraw = False
4319.5204 	EXP 	text_3: autoDraw = False
4319.5204 	EXP 	polygon: autoDraw = True
4321.5799 	EXP 	Sound test_sound_2 reached end of file
4321.5855 	EXP 	Sound test_sound_2 reached end of file
4322.9546 	DATA 	Keypress: left
4322.9837 	EXP 	polygon: autoDraw = False
4322.9837 	EXP 	text_3: autoDraw = False
4322.9837 	EXP 	instr: autoDraw = True
4401.5212 	EXP 	Imported selected_trials.csv as conditions, 40 conditions, 26 params
4401.5220 	EXP 	New trial (rep=0, index=0): <Trial 0 (0 in rep 0) data={'sounds': 'sounds/35b_secar.wav', 'syll': 'CVC', 'stress_unstress': 'Unstressed', 'suffix': 'Mismatch', 'present_past': 'present', 'corrAns': 'num_1', 'trigger_item': 0.0, 'trigger_senonset': 0.2, 'trigger_verbsonset': 0.8990044921875, 'trigger_1_F0': 1.025708658854166, 'trigger_suffix': 1.179689416956018, 'trigger_2_F0': 1.20652606336805, 'ID_item': 101, 'ID_senonset': 20, 'ID_verbonset': 21, 'ID_1_F0': 22, 'ID_suffix': 23, 'ID_2_F0': 24, 'ms_senonset': 0, 'ms_verbonset': 0.6990044921875, 'ms_1_F0': 0.825708658854166, 'ms_suffix': 0.979689416956018, 'ms_2_F0': 1.00652606336805, 'file_name': '35b_secar.wav', 'item_id': 35, 'cond': 'b', 'thisN': 0, 'thisTrialN': 0, 'thisRepN': 0}>
4401.5243 	EXP 	Sound test_sound reached end of file
4401.5355 	EXP 	Sound test_sound started
4401.5261 	DATA 	Keypress: space
4401.5342 	EXP 	instr: autoDraw = False
4401.5342 	EXP 	polygon_2: autoDraw = True
4403.6528 	EXP 	Sound test_sound reached end of file
4403.6693 	EXP 	Sound test_sound reached end of file
4405.0258 	EXP 	New trial (rep=0, index=1): <Trial 1 (1 in rep 0) data={'sounds': 'sounds/23a_tomar.wav', 'syll': 'CVC', 'stress_unstress': 'Stressed', 'suffix': 'Match', 'present_past': 'present', 'corrAns': 'num_1', 'trigger_item': 0.0, 'trigger_senonset': 0.2, 'trigger_verbsonset': 0.9453179615162032, 'trigger_1_F0': 0.95, 'trigger_suffix': 1.08, 'trigger_2_F0': 1.158644495081018, 'ID_item': 101, 'ID_senonset': 10, 'ID_verbonset': 11, 'ID_1_F0': 12, 'ID_suffix': 13, 'ID_2_F0': 14, 'ms_senonset': 0, 'ms_verbonset': 0.745317961516203, 'ms_1_F0': 0.75, 'ms_suffix': 0.88, 'ms_2_F0': 0.958644495081018, 'file_name': '23a_tomar.wav', 'item_id': 23, 'cond': 'a', 'thisN': 1, 'thisTrialN': 1, 'thisRepN': 0}>
4405.0308 	EXP 	Sound test_sound reached end of file
4405.0354 	EXP 	Sound test_sound started
4405.0339 	DATA 	Keypress: left
4405.0428 	EXP 	polygon_2: autoDraw = False
4405.0428 	EXP 	text_3: autoDraw = False
4405.0428 	EXP 	polygon_2: autoDraw = True
4406.9191 	EXP 	Sound test_sound reached end of file
4406.9360 	EXP 	Sound test_sound reached end of file
4407.8262 	EXP 	New trial (rep=0, index=2): <Trial 2 (2 in rep 0) data={'sounds': 'sounds/24d_mirar.wav', 'syll': 'CVC', 'stress_unstress': 'Stressed', 'suffix': 'Mismatch', 'present_past': 'past', 'corrAns': 'num_2', 'trigger_item': 0.0, 'trigger_senonset': 0.2, 'trigger_verbsonset': 0.71, 'trigger_1_F0': 0.8119545789930551, 'trigger_suffix': 0.9389863642939812, 'trigger_2_F0': 0.9746780743634248, 'ID_item': 101, 'ID_senonset': 40, 'ID_verbonset': 41, 'ID_1_F0': 42, 'ID_suffix': 43, 'ID_2_F0': 44, 'ms_senonset': 0, 'ms_verbonset': 0.51, 'ms_1_F0': 0.611954578993055, 'ms_suffix': 0.738986364293981, 'ms_2_F0': 0.774678074363425, 'file_name': '24d_mirar.wav', 'item_id': 24, 'cond': 'd', 'thisN': 2, 'thisTrialN': 2, 'thisRepN': 0}>
4407.8313 	EXP 	Sound test_sound reached end of file
4407.8356 	EXP 	Sound test_sound started
4407.8346 	DATA 	Keypress: right
4407.8430 	EXP 	polygon_2: autoDraw = False
4407.8430 	EXP 	text_3: autoDraw = False
4407.8430 	EXP 	polygon_2: autoDraw = True
4409.5194 	EXP 	Sound test_sound reached end of file
4409.5360 	EXP 	Sound test_sound reached end of file
4412.8417 	EXP 	New trial (rep=0, index=3): <Trial 3 (3 in rep 0) data={'sounds': 'sounds/40c_gastar.wav', 'syll': 'CVC', 'stress_unstress': 'Unstressed', 'suffix': 'Match', 'present_past': 'past', 'corrAns': 'num_2', 'trigger_item': 0.0, 'trigger_senonset': 0.2, 'trigger_verbsonset': 0.8300000000000001, 'trigger_1_F0': 0.8400000000000001, 'trigger_suffix': 1.163436328125, 'trigger_2_F0': 1.183149609375, 'ID_item': 101, 'ID_senonset': 30, 'ID_verbonset': 31, 'ID_1_F0': 32, 'ID_suffix': 33, 'ID_2_F0': 34, 'ms_senonset': 0, 'ms_verbonset': 0.63, 'ms_1_F0': 0.64, 'ms_suffix': 0.963436328125, 'ms_2_F0': 0.983149609375, 'file_name': '40c_gastar.wav', 'item_id': 40, 'cond': 'c', 'thisN': 3, 'thisTrialN': 3, 'thisRepN': 0}>
4412.8465 	EXP 	Sound test_sound reached end of file
4412.8524 	EXP 	Sound test_sound started
4412.8491 	DATA 	Keypress: left
4412.8572 	EXP 	polygon_2: autoDraw = False
4412.8572 	EXP 	text_3: autoDraw = False
4412.8572 	EXP 	polygon_2: autoDraw = True
4414.9476 	EXP 	Sound test_sound reached end of file
4414.9542 	EXP 	Sound test_sound reached end of file
4416.7268 	EXP 	New trial (rep=0, index=4): <Trial 4 (4 in rep 0) data={'sounds': 'sounds/08d_filtrar.wav', 'syll': 'CVC', 'stress_unstress': 'Stressed', 'suffix': 'Mismatch', 'present_past': 'past', 'corrAns': 'num_2', 'trigger_item': 0.0, 'trigger_senonset': 0.2, 'trigger_verbsonset': 0.7526856695589441, 'trigger_1_F0': 0.87808115762362, 'trigger_suffix': 1.118901843962886, 'trigger_2_F0': 1.172598812485867, 'ID_item': 101, 'ID_senonset': 40, 'ID_verbonset': 41, 'ID_1_F0': 42, 'ID_suffix': 43, 'ID_2_F0': 44, 'ms_senonset': 0, 'ms_verbonset': 0.552685669558944, 'ms_1_F0': 0.67808115762362, 'ms_suffix': 0.918901843962886, 'ms_2_F0': 0.972598812485867, 'file_name': '08d_filtrar.wav', 'item_id': 8, 'cond': 'd', 'thisN': 4, 'thisTrialN': 4, 'thisRepN': 0}>
4416.7315 	EXP 	Sound test_sound reached end of file
4416.7362 	EXP 	Sound test_sound started
4416.7350 	DATA 	Keypress: left
4416.7428 	EXP 	polygon_2: autoDraw = False
4416.7428 	EXP 	text_3: autoDraw = False
4416.7428 	EXP 	polygon_2: autoDraw = True
4418.4796 	EXP 	Sound test_sound reached end of file
4418.4871 	EXP 	Sound test_sound reached end of file
4422.3931 	EXP 	New trial (rep=0, index=5): <Trial 5 (5 in rep 0) data={'sounds': 'sounds/07c_tumbar.wav', 'syll': 'CVC', 'stress_unstress': 'Unstressed', 'suffix': 'Match', 'present_past': 'past', 'corrAns': 'num_2', 'trigger_item': 0.0, 'trigger_senonset': 0.2, 'trigger_verbsonset': 0.9084024930273432, 'trigger_1_F0': 0.9247360728973012, 'trigger_suffix': 1.143289673625005, 'trigger_2_F0': 1.154847989033482, 'ID_item': 101, 'ID_senonset': 30, 'ID_verbonset': 31, 'ID_1_F0': 32, 'ID_suffix': 33, 'ID_2_F0': 34, 'ms_senonset': 0, 'ms_verbonset': 0.708402493027343, 'ms_1_F0': 0.724736072897301, 'ms_suffix': 0.943289673625005, 'ms_2_F0': 0.954847989033482, 'file_name': '07c_tumbar.wav', 'item_id': 7, 'cond': 'c', 'thisN': 5, 'thisTrialN': 5, 'thisRepN': 0}>
4422.3976 	EXP 	Sound test_sound reached end of file
4422.4029 	EXP 	Sound test_sound started
4422.4003 	DATA 	Keypress: right
4422.4077 	EXP 	polygon_2: autoDraw = False
4422.4077 	EXP 	text_3: autoDraw = False
4422.4077 	EXP 	polygon_2: autoDraw = True
4424.3364 	EXP 	Sound test_sound reached end of file
4424.3534 	EXP 	Sound test_sound reached end of file
4426.4898 	DATA 	Keypress: left
4426.5093 	EXP 	New trial (rep=0, index=6): <Trial 6 (6 in rep 0) data={'sounds': 'sounds/33b_culpar.wav', 'syll': 'CVC', 'stress_unstress': 'Unstressed', 'suffix': 'Mismatch', 'present_past': 'present', 'corrAns': 'num_1', 'trigger_item': 0.0, 'trigger_senonset': 0.2, 'trigger_verbsonset': 0.8606178431336959, 'trigger_1_F0': 0.869103678029107, 'trigger_suffix': 1.109891641372144, 'trigger_2_F0': 1.131540467434179, 'ID_item': 101, 'ID_senonset': 20, 'ID_verbonset': 21, 'ID_1_F0': 22, 'ID_suffix': 23, 'ID_2_F0': 24, 'ms_senonset': 0, 'ms_verbonset': 0.660617843133696, 'ms_1_F0': 0.669103678029107, 'ms_suffix': 0.909891641372144, 'ms_2_F0': 0.931540467434179, 'file_name': '33b_culpar.wav', 'item_id': 33, 'cond': 'b', 'thisN': 6, 'thisTrialN': 6, 'thisRepN': 0}>
4426.5147 	EXP 	Sound test_sound reached end of file
4426.5194 	EXP 	Sound test_sound started
4426.5258 	EXP 	polygon_2: autoDraw = False
4426.5258 	EXP 	text_3: autoDraw = False
4426.5258 	EXP 	polygon_2: autoDraw = True
4428.6763 	EXP 	Sound test_sound reached end of file
4428.6864 	EXP 	Sound test_sound reached end of file
4429.4932 	EXP 	New trial (rep=0, index=7): <Trial 7 (7 in rep 0) data={'sounds': 'sounds/19a_marcar.wav', 'syll': 'CVC', 'stress_unstress': 'Stressed', 'suffix': 'Match', 'present_past': 'present', 'corrAns': 'num_1', 'trigger_item': 0.0, 'trigger_senonset': 0.2, 'trigger_verbsonset': 0.8400000000000001, 'trigger_1_F0': 0.97, 'trigger_suffix': 1.245718359375, 'trigger_2_F0': 1.273519140625, 'ID_item': 101, 'ID_senonset': 10, 'ID_verbonset': 11, 'ID_1_F0': 12, 'ID_suffix': 13, 'ID_2_F0': 14, 'ms_senonset': 0, 'ms_verbonset': 0.64, 'ms_1_F0': 0.77, 'ms_suffix': 1.045718359375, 'ms_2_F0': 1.073519140625, 'file_name': '19a_marcar.wav', 'item_id': 19, 'cond': 'a', 'thisN': 7, 'thisTrialN': 7, 'thisRepN': 0}>
4429.4977 	EXP 	Sound test_sound reached end of file
4429.5027 	EXP 	Sound test_sound started
4429.5013 	DATA 	Keypress: right
4429.5076 	EXP 	polygon_2: autoDraw = False
4429.5076 	EXP 	text_3: autoDraw = False
4429.5076 	EXP 	polygon_2: autoDraw = True
4431.3860 	EXP 	Sound test_sound reached end of file
4431.4027 	EXP 	Sound test_sound reached end of file
4433.2431 	EXP 	New trial (rep=0, index=8): <Trial 8 (8 in rep 0) data={'sounds': 'sounds/20c_cubrir.wav', 'syll': 'CVC', 'stress_unstress': 'Unstressed', 'suffix': 'Match', 'present_past': 'past', 'corrAns': 'num_2', 'trigger_item': 0.0, 'trigger_senonset': 0.2, 'trigger_verbsonset': 0.980138641742621, 'trigger_1_F0': 1.01, 'trigger_suffix': 1.192436112212021, 'trigger_2_F0': 1.28412143493692, 'ID_item': 101, 'ID_senonset': 30, 'ID_verbonset': 31, 'ID_1_F0': 32, 'ID_suffix': 33, 'ID_2_F0': 34, 'ms_senonset': 0, 'ms_verbonset': 0.780138641742621, 'ms_1_F0': 0.81, 'ms_suffix': 0.992436112212021, 'ms_2_F0': 1.08412143493692, 'file_name': '20c_cubrir.wav', 'item_id': 20, 'cond': 'c', 'thisN': 8, 'thisTrialN': 8, 'thisRepN': 0}>
4433.2480 	EXP 	Sound test_sound reached end of file
4433.2528 	EXP 	Sound test_sound started
4433.2504 	DATA 	Keypress: right
4433.2575 	EXP 	polygon_2: autoDraw = False
4433.2575 	EXP 	text_3: autoDraw = False
4433.2575 	EXP 	polygon_2: autoDraw = True
4435.3720 	EXP 	Sound test_sound reached end of file
4435.3873 	EXP 	Sound test_sound reached end of file
4436.6744 	DATA 	Keypress: left
4436.6932 	EXP 	New trial (rep=0, index=9): <Trial 9 (9 in rep 0) data={'sounds': 'sounds/39b_manchar.wav', 'syll': 'CVC', 'stress_unstress': 'Unstressed', 'suffix': 'Mismatch', 'present_past': 'present', 'corrAns': 'num_1', 'trigger_item': 0.0, 'trigger_senonset': 0.2, 'trigger_verbsonset': 0.81, 'trigger_1_F0': 0.91203755787037, 'trigger_suffix': 1.140584317129629, 'trigger_2_F0': 1.2139708912037, 'ID_item': 101, 'ID_senonset': 20, 'ID_verbonset': 21, 'ID_1_F0': 22, 'ID_suffix': 23, 'ID_2_F0': 24, 'ms_senonset': 0, 'ms_verbonset': 0.61, 'ms_1_F0': 0.71203755787037, 'ms_suffix': 0.940584317129629, 'ms_2_F0': 1.0139708912037, 'file_name': '39b_manchar.wav', 'item_id': 39, 'cond': 'b', 'thisN': 9, 'thisTrialN': 9, 'thisRepN': 0}>
4436.6985 	EXP 	Sound test_sound reached end of file
4436.7030 	EXP 	Sound test_sound started
4436.7088 	EXP 	polygon_2: autoDraw = False
4436.7088 	EXP 	text_3: autoDraw = False
4436.7088 	EXP 	polygon_2: autoDraw = True
4438.9368 	EXP 	Sound test_sound reached end of file
4438.9540 	EXP 	Sound test_sound reached end of file
4439.4300 	DATA 	Keypress: right
4439.4364 	EXP 	polygon_2: autoDraw = False
4439.4364 	EXP 	text_3: autoDraw = True
4451.0068 	EXP 	New trial (rep=0, index=10): <Trial 10 (10 in rep 0) data={'sounds': 'sounds/38b_pagar.wav', 'syll': 'CVC', 'stress_unstress': 'Unstressed', 'suffix': 'Mismatch', 'present_past': 'present', 'corrAns': 'num_1', 'trigger_item': 0.0, 'trigger_senonset': 0.2, 'trigger_verbsonset': 1.166737304687499, 'trigger_1_F0': 1.185271158854166, 'trigger_suffix': 1.29521061197916, 'trigger_2_F0': 1.4055712890624898, 'ID_item': 101, 'ID_senonset': 20, 'ID_verbonset': 21, 'ID_1_F0': 22, 'ID_suffix': 23, 'ID_2_F0': 24, 'ms_senonset': 0, 'ms_verbonset': 0.966737304687499, 'ms_1_F0': 0.985271158854166, 'ms_suffix': 1.09521061197916, 'ms_2_F0': 1.20557128906249, 'file_name': '38b_pagar.wav', 'item_id': 38, 'cond': 'b', 'thisN': 10, 'thisTrialN': 10, 'thisRepN': 0}>
4451.0122 	EXP 	Sound test_sound reached end of file
4451.0205 	EXP 	Sound test_sound started
4451.0152 	DATA 	Keypress: space
4451.0234 	EXP 	text_3: autoDraw = False
4451.0234 	EXP 	polygon_2: autoDraw = True
4453.2437 	EXP 	Sound test_sound reached end of file
4453.2534 	EXP 	Sound test_sound reached end of file
4453.6579 	DATA 	Keypress: right
4453.6774 	EXP 	New trial (rep=0, index=11): <Trial 11 (11 in rep 0) data={'sounds': 'sounds/37b_pasar.wav', 'syll': 'CVC', 'stress_unstress': 'Unstressed', 'suffix': 'Mismatch', 'present_past': 'present', 'corrAns': 'num_1', 'trigger_item': 0.0, 'trigger_senonset': 0.2, 'trigger_verbsonset': 1.033132486979166, 'trigger_1_F0': 1.052087565104166, 'trigger_suffix': 1.159499674479166, 'trigger_2_F0': 1.27702115885416, 'ID_item': 101, 'ID_senonset': 20, 'ID_verbonset': 21, 'ID_1_F0': 22, 'ID_suffix': 23, 'ID_2_F0': 24, 'ms_senonset': 0, 'ms_verbonset': 0.833132486979166, 'ms_1_F0': 0.852087565104166, 'ms_suffix': 0.959499674479166, 'ms_2_F0': 1.07702115885416, 'file_name': '37b_pasar.wav', 'item_id': 37, 'cond': 'b', 'thisN': 11, 'thisTrialN': 11, 'thisRepN': 0}>
4453.6824 	EXP 	Sound test_sound reached end of file
4453.6870 	EXP 	Sound test_sound started
4453.6933 	EXP 	polygon_2: autoDraw = False
4453.6933 	EXP 	text_3: autoDraw = False
4453.6933 	EXP 	polygon_2: autoDraw = True
4455.7757 	EXP 	Sound test_sound reached end of file
4455.7867 	EXP 	Sound test_sound reached end of file
4456.1273 	EXP 	New trial (rep=0, index=12): <Trial 12 (12 in rep 0) data={'sounds': 'sounds/25b_ganar.wav', 'syll': 'CVC', 'stress_unstress': 'Unstressed', 'suffix': 'Mismatch', 'present_past': 'present', 'corrAns': 'num_1', 'trigger_item': 0.0, 'trigger_senonset': 0.2, 'trigger_verbsonset': 1.152097938368055, 'trigger_1_F0': 1.15990068760488, 'trigger_suffix': 1.28904165650454, 'trigger_2_F0': 1.37272500435153, 'ID_item': 101, 'ID_senonset': 20, 'ID_verbonset': 21, 'ID_1_F0': 22, 'ID_suffix': 23, 'ID_2_F0': 24, 'ms_senonset': 0, 'ms_verbonset': 0.952097938368055, 'ms_1_F0': 0.95990068760488, 'ms_suffix': 1.08904165650454, 'ms_2_F0': 1.17272500435153, 'file_name': '25b_ganar.wav', 'item_id': 25, 'cond': 'b', 'thisN': 12, 'thisTrialN': 12, 'thisRepN': 0}>
4456.1330 	EXP 	Sound test_sound reached end of file
4456.1367 	EXP 	Sound test_sound started
4456.1363 	DATA 	Keypress: right
4456.1446 	EXP 	polygon_2: autoDraw = False
4456.1446 	EXP 	text_3: autoDraw = False
4456.1446 	EXP 	polygon_2: autoDraw = True
4458.4552 	EXP 	Sound test_sound reached end of file
4458.4707 	EXP 	Sound test_sound reached end of file
4459.3430 	EXP 	New trial (rep=0, index=13): <Trial 13 (13 in rep 0) data={'sounds': 'sounds/09c_cargar.wav', 'syll': 'CVC', 'stress_unstress': 'Unstressed', 'suffix': 'Match', 'present_past': 'past', 'corrAns': 'num_2', 'trigger_item': 0.0, 'trigger_senonset': 0.2, 'trigger_verbsonset': 0.81286744068287, 'trigger_1_F0': 0.8382251229745361, 'trigger_suffix': 1.032634020543981, 'trigger_2_F0': 1.090594437210648, 'ID_item': 101, 'ID_senonset': 30, 'ID_verbonset': 31, 'ID_1_F0': 32, 'ID_suffix': 33, 'ID_2_F0': 34, 'ms_senonset': 0, 'ms_verbonset': 0.61286744068287, 'ms_1_F0': 0.638225122974536, 'ms_suffix': 0.832634020543981, 'ms_2_F0': 0.890594437210648, 'file_name': '09c_cargar.wav', 'item_id': 9, 'cond': 'c', 'thisN': 13, 'thisTrialN': 13, 'thisRepN': 0}>
4459.3480 	EXP 	Sound test_sound reached end of file
4459.3535 	EXP 	Sound test_sound started
4459.3517 	DATA 	Keypress: right
4459.3593 	EXP 	polygon_2: autoDraw = False
4459.3593 	EXP 	text_3: autoDraw = False
4459.3593 	EXP 	polygon_2: autoDraw = True
4461.2727 	EXP 	Sound test_sound reached end of file
4461.2864 	EXP 	Sound test_sound reached end of file
4461.7780 	EXP 	New trial (rep=0, index=14): <Trial 14 (14 in rep 0) data={'sounds': 'sounds/14b_borrar.wav', 'syll': 'CVC', 'stress_unstress': 'Unstressed', 'suffix': 'Mismatch', 'present_past': 'present', 'corrAns': 'num_1', 'trigger_item': 0.0, 'trigger_senonset': 0.2, 'trigger_verbsonset': 0.72, 'trigger_1_F0': 0.770187630208333, 'trigger_suffix': 0.851961241319444, 'trigger_2_F0': 0.964399956597222, 'ID_item': 101, 'ID_senonset': 20, 'ID_verbonset': 21, 'ID_1_F0': 22, 'ID_suffix': 23, 'ID_2_F0': 24, 'ms_senonset': 0, 'ms_verbonset': 0.52, 'ms_1_F0': 0.570187630208333, 'ms_suffix': 0.651961241319444, 'ms_2_F0': 0.764399956597222, 'file_name': '14b_borrar.wav', 'item_id': 14, 'cond': 'b', 'thisN': 14, 'thisTrialN': 14, 'thisRepN': 0}>
4461.7832 	EXP 	Sound test_sound reached end of file
4461.7874 	EXP 	Sound test_sound started
4461.7858 	DATA 	Keypress: left
4461.7934 	EXP 	polygon_2: autoDraw = False
4461.7934 	EXP 	text_3: autoDraw = False
4461.7934 	EXP 	polygon_2: autoDraw = True
4463.7258 	EXP 	Sound test_sound reached end of file
4463.7368 	EXP 	Sound test_sound reached end of file
4464.5937 	EXP 	New trial (rep=0, index=15): <Trial 15 (15 in rep 0) data={'sounds': 'sounds/34c_formar.wav', 'syll': 'CVC', 'stress_unstress': 'Unstressed', 'suffix': 'Match', 'present_past': 'past', 'corrAns': 'num_2', 'trigger_item': 0.0, 'trigger_senonset': 0.2, 'trigger_verbsonset': 0.876373676215277, 'trigger_1_F0': 0.992687651909722, 'trigger_suffix': 1.14, 'trigger_2_F0': 1.26319767795138, 'ID_item': 101, 'ID_senonset': 30, 'ID_verbonset': 31, 'ID_1_F0': 32, 'ID_suffix': 33, 'ID_2_F0': 34, 'ms_senonset': 0, 'ms_verbonset': 0.676373676215277, 'ms_1_F0': 0.792687651909722, 'ms_suffix': 0.94, 'ms_2_F0': 1.06319767795138, 'file_name': '34c_formar.wav', 'item_id': 34, 'cond': 'c', 'thisN': 15, 'thisTrialN': 15, 'thisRepN': 0}>
4464.5993 	EXP 	Sound test_sound reached end of file
4464.6036 	EXP 	Sound test_sound started
4464.6030 	DATA 	Keypress: right
4464.6099 	EXP 	polygon_2: autoDraw = False
4464.6099 	EXP 	text_3: autoDraw = False
4464.6099 	EXP 	polygon_2: autoDraw = True
4466.8238 	EXP 	Sound test_sound reached end of file
4466.8377 	EXP 	Sound test_sound reached end of file
4468.2276 	EXP 	New trial (rep=0, index=16): <Trial 16 (16 in rep 0) data={'sounds': 'sounds/03b_limpiar.wav', 'syll': 'CVC', 'stress_unstress': 'Unstressed', 'suffix': 'Mismatch', 'present_past': 'present', 'corrAns': 'num_1', 'trigger_item': 0.0, 'trigger_senonset': 0.2, 'trigger_verbsonset': 0.8500000000000001, 'trigger_1_F0': 0.932367621527777, 'trigger_suffix': 1.26878515625, 'trigger_2_F0': 1.35808463541666, 'ID_item': 101, 'ID_senonset': 20, 'ID_verbonset': 21, 'ID_1_F0': 22, 'ID_suffix': 23, 'ID_2_F0': 24, 'ms_senonset': 0, 'ms_verbonset': 0.65, 'ms_1_F0': 0.732367621527777, 'ms_suffix': 1.06878515625, 'ms_2_F0': 1.15808463541666, 'file_name': '03b_limpiar.wav', 'item_id': 3, 'cond': 'b', 'thisN': 16, 'thisTrialN': 16, 'thisRepN': 0}>
4468.2334 	EXP 	Sound test_sound reached end of file
4468.2369 	EXP 	Sound test_sound started
4468.2367 	DATA 	Keypress: left
4468.2454 	EXP 	polygon_2: autoDraw = False
4468.2454 	EXP 	text_3: autoDraw = False
4468.2454 	EXP 	polygon_2: autoDraw = True
4470.3579 	EXP 	Sound test_sound reached end of file
4470.3708 	EXP 	Sound test_sound reached end of file
4472.4770 	EXP 	New trial (rep=0, index=17): <Trial 17 (17 in rep 0) data={'sounds': 'sounds/17d_tragar.wav', 'syll': 'CVC', 'stress_unstress': 'Stressed', 'suffix': 'Mismatch', 'present_past': 'past', 'corrAns': 'num_2', 'trigger_item': 0.0, 'trigger_senonset': 0.2, 'trigger_verbsonset': 1.070609360532407, 'trigger_1_F0': 1.117973654513888, 'trigger_suffix': 1.30915316840277, 'trigger_2_F0': 1.35458539534397, 'ID_item': 101, 'ID_senonset': 40, 'ID_verbonset': 41, 'ID_1_F0': 42, 'ID_suffix': 43, 'ID_2_F0': 44, 'ms_senonset': 0, 'ms_verbonset': 0.870609360532407, 'ms_1_F0': 0.917973654513888, 'ms_suffix': 1.10915316840277, 'ms_2_F0': 1.15458539534397, 'file_name': '17d_tragar.wav', 'item_id': 17, 'cond': 'd', 'thisN': 17, 'thisTrialN': 17, 'thisRepN': 0}>
4472.4819 	EXP 	Sound test_sound reached end of file
4472.4872 	EXP 	Sound test_sound started
4472.4836 	DATA 	Keypress: right
4472.4918 	EXP 	polygon_2: autoDraw = False
4472.4918 	EXP 	text_3: autoDraw = False
4472.4918 	EXP 	polygon_2: autoDraw = True
4474.7691 	EXP 	Sound test_sound reached end of file
4474.7744 	EXP 	Sound test_sound reached end of file
4476.8782 	EXP 	New trial (rep=0, index=18): <Trial 18 (18 in rep 0) data={'sounds': 'sounds/13c_montar.wav', 'syll': 'CVC', 'stress_unstress': 'Unstressed', 'suffix': 'Match', 'present_past': 'past', 'corrAns': 'num_2', 'trigger_item': 0.0, 'trigger_senonset': 0.2, 'trigger_verbsonset': 0.8800000000000001, 'trigger_1_F0': 0.98, 'trigger_suffix': 1.24543012152777, 'trigger_2_F0': 1.2594709201388798, 'ID_item': 101, 'ID_senonset': 30, 'ID_verbonset': 31, 'ID_1_F0': 32, 'ID_suffix': 33, 'ID_2_F0': 34, 'ms_senonset': 0, 'ms_verbonset': 0.68, 'ms_1_F0': 0.78, 'ms_suffix': 1.04543012152777, 'ms_2_F0': 1.05947092013888, 'file_name': '13c_montar.wav', 'item_id': 13, 'cond': 'c', 'thisN': 18, 'thisTrialN': 18, 'thisRepN': 0}>
4476.8838 	EXP 	Sound test_sound reached end of file
4476.8873 	EXP 	Sound test_sound started
4476.8863 	DATA 	Keypress: left
4476.8942 	EXP 	polygon_2: autoDraw = False
4476.8942 	EXP 	text_3: autoDraw = False
4476.8942 	EXP 	polygon_2: autoDraw = True
4479.1744 	EXP 	Sound test_sound reached end of file
4479.1872 	EXP 	Sound test_sound reached end of file
4479.9944 	EXP 	New trial (rep=0, index=19): <Trial 19 (19 in rep 0) data={'sounds': 'sounds/12a_matar.wav', 'syll': 'CVC', 'stress_unstress': 'Stressed', 'suffix': 'Match', 'present_past': 'present', 'corrAns': 'num_1', 'trigger_item': 0.0, 'trigger_senonset': 0.2, 'trigger_verbsonset': 0.8400000000000001, 'trigger_1_F0': 0.96, 'trigger_suffix': 1.17307472511574, 'trigger_2_F0': 1.186647497106481, 'ID_item': 101, 'ID_senonset': 10, 'ID_verbonset': 11, 'ID_1_F0': 12, 'ID_suffix': 13, 'ID_2_F0': 14, 'ms_senonset': 0, 'ms_verbonset': 0.64, 'ms_1_F0': 0.76, 'ms_suffix': 0.97307472511574, 'ms_2_F0': 0.986647497106481, 'file_name': '12a_matar.wav', 'item_id': 12, 'cond': 'a', 'thisN': 19, 'thisTrialN': 19, 'thisRepN': 0}>
4480.0000 	EXP 	Sound test_sound reached end of file
4480.0040 	EXP 	Sound test_sound started
4480.0027 	DATA 	Keypress: left
4480.0120 	EXP 	polygon_2: autoDraw = False
4480.0120 	EXP 	text_3: autoDraw = False
4480.0120 	EXP 	polygon_2: autoDraw = True
4482.1798 	EXP 	Sound test_sound reached end of file
4482.1878 	EXP 	Sound test_sound reached end of file
4483.0633 	DATA 	Keypress: right
4483.0709 	EXP 	polygon_2: autoDraw = False
4483.0709 	EXP 	text_3: autoDraw = True
4500.3907 	EXP 	New trial (rep=0, index=20): <Trial 20 (20 in rep 0) data={'sounds': 'sounds/21a_mezclar.wav', 'syll': 'CVC', 'stress_unstress': 'Stressed', 'suffix': 'Match', 'present_past': 'present', 'corrAns': 'num_1', 'trigger_item': 0.0, 'trigger_senonset': 0.2, 'trigger_verbsonset': 0.78, 'trigger_1_F0': 0.9121902777777772, 'trigger_suffix': 1.20214212962962, 'trigger_2_F0': 1.27, 'ID_item': 101, 'ID_senonset': 10, 'ID_verbonset': 11, 'ID_1_F0': 12, 'ID_suffix': 13, 'ID_2_F0': 14, 'ms_senonset': 0, 'ms_verbonset': 0.58, 'ms_1_F0': 0.712190277777777, 'ms_suffix': 1.00214212962962, 'ms_2_F0': 1.07, 'file_name': '21a_mezclar.wav', 'item_id': 21, 'cond': 'a', 'thisN': 20, 'thisTrialN': 20, 'thisRepN': 0}>
4500.3959 	EXP 	Sound test_sound reached end of file
4500.4044 	EXP 	Sound test_sound started
4500.3985 	DATA 	Keypress: space
4500.4066 	EXP 	text_3: autoDraw = False
4500.4066 	EXP 	polygon_2: autoDraw = True
4502.4076 	EXP 	Sound test_sound reached end of file
4502.4213 	EXP 	Sound test_sound reached end of file
4503.3952 	EXP 	New trial (rep=0, index=21): <Trial 21 (21 in rep 0) data={'sounds': 'sounds/11a_pegar.wav', 'syll': 'CVC', 'stress_unstress': 'Stressed', 'suffix': 'Match', 'present_past': 'present', 'corrAns': 'num_1', 'trigger_item': 0.0, 'trigger_senonset': 0.2, 'trigger_verbsonset': 0.8182808977343741, 'trigger_1_F0': 0.831294515585661, 'trigger_suffix': 0.98, 'trigger_2_F0': 1.012063288108519, 'ID_item': 101, 'ID_senonset': 10, 'ID_verbonset': 11, 'ID_1_F0': 12, 'ID_suffix': 13, 'ID_2_F0': 14, 'ms_senonset': 0, 'ms_verbonset': 0.618280897734374, 'ms_1_F0': 0.631294515585661, 'ms_suffix': 0.78, 'ms_2_F0': 0.812063288108519, 'file_name': '11a_pegar.wav', 'item_id': 11, 'cond': 'a', 'thisN': 21, 'thisTrialN': 21, 'thisRepN': 0}>
4503.4000 	EXP 	Sound test_sound reached end of file
4503.4046 	EXP 	Sound test_sound started
4503.4014 	DATA 	Keypress: right
4503.4109 	EXP 	polygon_2: autoDraw = False
4503.4109 	EXP 	text_3: autoDraw = False
4503.4109 	EXP 	polygon_2: autoDraw = True
4505.3252 	EXP 	Sound test_sound reached end of file
4505.3383 	EXP 	Sound test_sound reached end of file
4506.4941 	EXP 	New trial (rep=0, index=22): <Trial 22 (22 in rep 0) data={'sounds': 'sounds/18b_cumplir.wav', 'syll': 'CVC', 'stress_unstress': 'Unstressed', 'suffix': 'Mismatch', 'present_past': 'present', 'corrAns': 'num_1', 'trigger_item': 0.0, 'trigger_senonset': 0.2, 'trigger_verbsonset': 1.2408027271412, 'trigger_1_F0': 1.25568597366898, 'trigger_suffix': 1.46256310040509, 'trigger_2_F0': 1.54144430700231, 'ID_item': 101, 'ID_senonset': 20, 'ID_verbonset': 21, 'ID_1_F0': 22, 'ID_suffix': 23, 'ID_2_F0': 24, 'ms_senonset': 0, 'ms_verbonset': 1.0408027271412, 'ms_1_F0': 1.05568597366898, 'ms_suffix': 1.26256310040509, 'ms_2_F0': 1.34144430700231, 'file_name': '18b_cumplir.wav', 'item_id': 18, 'cond': 'b', 'thisN': 22, 'thisTrialN': 22, 'thisRepN': 0}>
4506.4984 	EXP 	Sound test_sound reached end of file
4506.5046 	EXP 	Sound test_sound started
4506.5002 	DATA 	Keypress: right
4506.5087 	EXP 	polygon_2: autoDraw = False
4506.5087 	EXP 	text_3: autoDraw = False
4506.5087 	EXP 	polygon_2: autoDraw = True
4508.6728 	EXP 	Sound test_sound reached end of file
4508.6782 	EXP 	Sound test_sound reached end of file
4511.9453 	EXP 	New trial (rep=0, index=23): <Trial 23 (23 in rep 0) data={'sounds': 'sounds/04c_plantar.wav', 'syll': 'CVC', 'stress_unstress': 'Unstressed', 'suffix': 'Match', 'present_past': 'past', 'corrAns': 'num_2', 'trigger_item': 0.0, 'trigger_senonset': 0.2, 'trigger_verbsonset': 0.862877574458911, 'trigger_1_F0': 0.9343518689653568, 'trigger_suffix': 1.20493812332404, 'trigger_2_F0': 1.21897569287037, 'ID_item': 101, 'ID_senonset': 30, 'ID_verbonset': 31, 'ID_1_F0': 32, 'ID_suffix': 33, 'ID_2_F0': 34, 'ms_senonset': 0, 'ms_verbonset': 0.662877574458911, 'ms_1_F0': 0.734351868965357, 'ms_suffix': 1.00493812332404, 'ms_2_F0': 1.01897569287037, 'file_name': '04c_plantar.wav', 'item_id': 4, 'cond': 'c', 'thisN': 23, 'thisTrialN': 23, 'thisRepN': 0}>
4511.9504 	EXP 	Sound test_sound reached end of file
4511.9548 	EXP 	Sound test_sound started
4511.9517 	DATA 	Keypress: right
4511.9605 	EXP 	polygon_2: autoDraw = False
4511.9605 	EXP 	text_3: autoDraw = False
4511.9605 	EXP 	polygon_2: autoDraw = True
4513.9799 	EXP 	Sound test_sound reached end of file
4513.9883 	EXP 	Sound test_sound reached end of file
4514.3623 	EXP 	New trial (rep=0, index=24): <Trial 24 (24 in rep 0) data={'sounds': 'sounds/16a_llevar.wav', 'syll': 'CVC', 'stress_unstress': 'Stressed', 'suffix': 'Match', 'present_past': 'present', 'corrAns': 'num_1', 'trigger_item': 0.0, 'trigger_senonset': 0.2, 'trigger_verbsonset': 0.929084516317274, 'trigger_1_F0': 0.964936524692279, 'trigger_suffix': 1.08, 'trigger_2_F0': 1.131864014418682, 'ID_item': 101, 'ID_senonset': 10, 'ID_verbonset': 11, 'ID_1_F0': 12, 'ID_suffix': 13, 'ID_2_F0': 14, 'ms_senonset': 0, 'ms_verbonset': 0.729084516317274, 'ms_1_F0': 0.764936524692279, 'ms_suffix': 0.88, 'ms_2_F0': 0.931864014418682, 'file_name': '16a_llevar.wav', 'item_id': 16, 'cond': 'a', 'thisN': 24, 'thisTrialN': 24, 'thisRepN': 0}>
4514.3670 	EXP 	Sound test_sound reached end of file
4514.3715 	EXP 	Sound test_sound started
4514.3684 	DATA 	Keypress: left
4514.3790 	EXP 	polygon_2: autoDraw = False
4514.3790 	EXP 	text_3: autoDraw = False
4514.3790 	EXP 	polygon_2: autoDraw = True
4516.2590 	EXP 	Sound test_sound reached end of file
4516.2714 	EXP 	Sound test_sound reached end of file
4516.6616 	EXP 	New trial (rep=0, index=25): <Trial 25 (25 in rep 0) data={'sounds': 'sounds/15b_partir.wav', 'syll': 'CVC', 'stress_unstress': 'Unstressed', 'suffix': 'Mismatch', 'present_past': 'present', 'corrAns': 'num_1', 'trigger_item': 0.0, 'trigger_senonset': 0.2, 'trigger_verbsonset': 0.826865400752314, 'trigger_1_F0': 0.842973894883327, 'trigger_suffix': 1.1042888772729471, 'trigger_2_F0': 1.120815958498066, 'ID_item': 101, 'ID_senonset': 20, 'ID_verbonset': 21, 'ID_1_F0': 22, 'ID_suffix': 23, 'ID_2_F0': 24, 'ms_senonset': 0, 'ms_verbonset': 0.626865400752314, 'ms_1_F0': 0.642973894883327, 'ms_suffix': 0.904288877272947, 'ms_2_F0': 0.920815958498066, 'file_name': '15b_partir.wav', 'item_id': 15, 'cond': 'b', 'thisN': 25, 'thisTrialN': 25, 'thisRepN': 0}>
4516.6665 	EXP 	Sound test_sound reached end of file
4516.6714 	EXP 	Sound test_sound started
4516.6690 	DATA 	Keypress: right
4516.6772 	EXP 	polygon_2: autoDraw = False
4516.6772 	EXP 	text_3: autoDraw = False
4516.6772 	EXP 	polygon_2: autoDraw = True
4518.7190 	EXP 	Sound test_sound reached end of file
4518.7248 	EXP 	Sound test_sound reached end of file
4525.9618 	EXP 	New trial (rep=0, index=26): <Trial 26 (26 in rep 0) data={'sounds': 'sounds/28d_parar.wav', 'syll': 'CVC', 'stress_unstress': 'Stressed', 'suffix': 'Mismatch', 'present_past': 'past', 'corrAns': 'num_2', 'trigger_item': 0.0, 'trigger_senonset': 0.2, 'trigger_verbsonset': 0.8458860026041659, 'trigger_1_F0': 0.862313736979166, 'trigger_suffix': 1.018194683159722, 'trigger_2_F0': 1.032797113715277, 'ID_item': 101, 'ID_senonset': 40, 'ID_verbonset': 41, 'ID_1_F0': 42, 'ID_suffix': 43, 'ID_2_F0': 44, 'ms_senonset': 0, 'ms_verbonset': 0.645886002604166, 'ms_1_F0': 0.662313736979166, 'ms_suffix': 0.818194683159722, 'ms_2_F0': 0.832797113715277, 'file_name': '28d_parar.wav', 'item_id': 28, 'cond': 'd', 'thisN': 26, 'thisTrialN': 26, 'thisRepN': 0}>
4525.9667 	EXP 	Sound test_sound reached end of file
4525.9715 	EXP 	Sound test_sound started
4525.9696 	DATA 	Keypress: left
4525.9779 	EXP 	polygon_2: autoDraw = False
4525.9779 	EXP 	text_3: autoDraw = False
4525.9779 	EXP 	polygon_2: autoDraw = True
4527.8730 	EXP 	Sound test_sound reached end of file
4527.8785 	EXP 	Sound test_sound reached end of file
4529.4785 	EXP 	New trial (rep=0, index=27): <Trial 27 (27 in rep 0) data={'sounds': 'sounds/26a_bajar.wav', 'syll': 'CVC', 'stress_unstress': 'Stressed', 'suffix': 'Match', 'present_past': 'present', 'corrAns': 'num_1', 'trigger_item': 0.0, 'trigger_senonset': 0.2, 'trigger_verbsonset': 0.77, 'trigger_1_F0': 0.8999999999999999, 'trigger_suffix': 1.03, 'trigger_2_F0': 1.171181705729166, 'ID_item': 101, 'ID_senonset': 10, 'ID_verbonset': 11, 'ID_1_F0': 12, 'ID_suffix': 13, 'ID_2_F0': 14, 'ms_senonset': 0, 'ms_verbonset': 0.57, 'ms_1_F0': 0.7, 'ms_suffix': 0.83, 'ms_2_F0': 0.971181705729166, 'file_name': '26a_bajar.wav', 'item_id': 26, 'cond': 'a', 'thisN': 27, 'thisTrialN': 27, 'thisRepN': 0}>
4529.4832 	EXP 	Sound test_sound reached end of file
4529.4885 	EXP 	Sound test_sound started
4529.4852 	DATA 	Keypress: left
4529.4927 	EXP 	polygon_2: autoDraw = False
4529.4927 	EXP 	text_3: autoDraw = False
4529.4927 	EXP 	polygon_2: autoDraw = True
4531.5446 	EXP 	Sound test_sound reached end of file
4531.5555 	EXP 	Sound test_sound reached end of file
4532.0286 	EXP 	New trial (rep=0, index=28): <Trial 28 (28 in rep 0) data={'sounds': 'sounds/06d_soplar.wav', 'syll': 'CVC', 'stress_unstress': 'Stressed', 'suffix': 'Mismatch', 'present_past': 'past', 'corrAns': 'num_2', 'trigger_item': 0.0, 'trigger_senonset': 0.2, 'trigger_verbsonset': 0.761291666666666, 'trigger_1_F0': 0.8899999999999999, 'trigger_suffix': 1.102139687590422, 'trigger_2_F0': 1.166665581687644, 'ID_item': 101, 'ID_senonset': 40, 'ID_verbonset': 41, 'ID_1_F0': 42, 'ID_suffix': 43, 'ID_2_F0': 44, 'ms_senonset': 0, 'ms_verbonset': 0.561291666666666, 'ms_1_F0': 0.69, 'ms_suffix': 0.902139687590422, 'ms_2_F0': 0.966665581687644, 'file_name': '06d_soplar.wav', 'item_id': 6, 'cond': 'd', 'thisN': 28, 'thisTrialN': 28, 'thisRepN': 0}>
4532.0338 	EXP 	Sound test_sound reached end of file
4532.0383 	EXP 	Sound test_sound started
4532.0371 	DATA 	Keypress: right
4532.0460 	EXP 	polygon_2: autoDraw = False
4532.0460 	EXP 	text_3: autoDraw = False
4532.0460 	EXP 	polygon_2: autoDraw = True
4533.9065 	EXP 	Sound test_sound reached end of file
4533.9219 	EXP 	Sound test_sound reached end of file
4535.5455 	EXP 	New trial (rep=0, index=29): <Trial 29 (29 in rep 0) data={'sounds': 'sounds/05a_fumar.wav', 'syll': 'CVC', 'stress_unstress': 'Stressed', 'suffix': 'Match', 'present_past': 'present', 'corrAns': 'num_1', 'trigger_item': 0.0, 'trigger_senonset': 0.2, 'trigger_verbsonset': 1.15, 'trigger_1_F0': 1.36712555700231, 'trigger_suffix': 1.48, 'trigger_2_F0': 1.56308830295138, 'ID_item': 101, 'ID_senonset': 10, 'ID_verbonset': 11, 'ID_1_F0': 12, 'ID_suffix': 13, 'ID_2_F0': 14, 'ms_senonset': 0, 'ms_verbonset': 0.95, 'ms_1_F0': 1.16712555700231, 'ms_suffix': 1.28, 'ms_2_F0': 1.36308830295138, 'file_name': '05a_fumar.wav', 'item_id': 5, 'cond': 'a', 'thisN': 29, 'thisTrialN': 29, 'thisRepN': 0}>
4535.5507 	EXP 	Sound test_sound reached end of file
4535.5553 	EXP 	Sound test_sound started
4535.5533 	DATA 	Keypress: left
4535.5602 	EXP 	polygon_2: autoDraw = False
4535.5602 	EXP 	text_3: autoDraw = False
4535.5602 	EXP 	polygon_2: autoDraw = True
4537.9016 	EXP 	Sound test_sound reached end of file
4537.9075 	EXP 	Sound test_sound reached end of file
4538.4311 	DATA 	Keypress: right
4538.4385 	EXP 	polygon_2: autoDraw = False
4538.4385 	EXP 	text_3: autoDraw = True
4550.4081 	EXP 	New trial (rep=0, index=30): <Trial 30 (30 in rep 0) data={'sounds': 'sounds/29a_pesar.wav', 'syll': 'CVC', 'stress_unstress': 'Stressed', 'suffix': 'Match', 'present_past': 'present', 'corrAns': 'num_1', 'trigger_item': 0.0, 'trigger_senonset': 0.2, 'trigger_verbsonset': 0.91328417532552, 'trigger_1_F0': 0.925531286730473, 'trigger_suffix': 1.03, 'trigger_2_F0': 1.150619522602117, 'ID_item': 101, 'ID_senonset': 10, 'ID_verbonset': 11, 'ID_1_F0': 12, 'ID_suffix': 13, 'ID_2_F0': 14, 'ms_senonset': 0, 'ms_verbonset': 0.71328417532552, 'ms_1_F0': 0.725531286730473, 'ms_suffix': 0.83, 'ms_2_F0': 0.950619522602117, 'file_name': '29a_pesar.wav', 'item_id': 29, 'cond': 'a', 'thisN': 30, 'thisTrialN': 30, 'thisRepN': 0}>
4550.4128 	EXP 	Sound test_sound reached end of file
4550.4221 	EXP 	Sound test_sound started
4550.4148 	DATA 	Keypress: space
4550.4246 	EXP 	text_3: autoDraw = False
4550.4246 	EXP 	polygon_2: autoDraw = True
4552.3112 	EXP 	Sound test_sound reached end of file
4552.3221 	EXP 	Sound test_sound reached end of file
4552.6798 	EXP 	New trial (rep=0, index=31): <Trial 31 (31 in rep 0) data={'sounds': 'sounds/22d_dejar.wav', 'syll': 'CVC', 'stress_unstress': 'Stressed', 'suffix': 'Mismatch', 'present_past': 'past', 'corrAns': 'num_2', 'trigger_item': 0.0, 'trigger_senonset': 0.2, 'trigger_verbsonset': 0.8500000000000001, 'trigger_1_F0': 1.02, 'trigger_suffix': 1.152543366608796, 'trigger_2_F0': 1.28794346788194, 'ID_item': 101, 'ID_senonset': 40, 'ID_verbonset': 41, 'ID_1_F0': 42, 'ID_suffix': 43, 'ID_2_F0': 44, 'ms_senonset': 0, 'ms_verbonset': 0.65, 'ms_1_F0': 0.82, 'ms_suffix': 0.952543366608796, 'ms_2_F0': 1.08794346788194, 'file_name': '22d_dejar.wav', 'item_id': 22, 'cond': 'd', 'thisN': 31, 'thisTrialN': 31, 'thisRepN': 0}>
4552.6847 	EXP 	Sound test_sound reached end of file
4552.6892 	EXP 	Sound test_sound started
4552.6880 	DATA 	Keypress: right
4552.6958 	EXP 	polygon_2: autoDraw = False
4552.6958 	EXP 	text_3: autoDraw = False
4552.6958 	EXP 	polygon_2: autoDraw = True
4554.7132 	EXP 	Sound test_sound reached end of file
4554.7227 	EXP 	Sound test_sound reached end of file
4554.9949 	EXP 	New trial (rep=0, index=32): <Trial 32 (32 in rep 0) data={'sounds': 'sounds/30a_fundar.wav', 'syll': 'CVC', 'stress_unstress': 'Stressed', 'suffix': 'Match', 'present_past': 'present', 'corrAns': 'num_1', 'trigger_item': 0.0, 'trigger_senonset': 0.2, 'trigger_verbsonset': 0.77, 'trigger_1_F0': 0.91, 'trigger_suffix': 1.112685546875, 'trigger_2_F0': 1.12, 'ID_item': 101, 'ID_senonset': 10, 'ID_verbonset': 11, 'ID_1_F0': 12, 'ID_suffix': 13, 'ID_2_F0': 14, 'ms_senonset': 0, 'ms_verbonset': 0.57, 'ms_1_F0': 0.71, 'ms_suffix': 0.912685546875, 'ms_2_F0': 0.92, 'file_name': '30a_fundar.wav', 'item_id': 30, 'cond': 'a', 'thisN': 32, 'thisTrialN': 32, 'thisRepN': 0}>
4555.0005 	EXP 	Sound test_sound reached end of file
4555.0055 	EXP 	Sound test_sound started
4555.0042 	DATA 	Keypress: left
4555.0112 	EXP 	polygon_2: autoDraw = False
4555.0112 	EXP 	text_3: autoDraw = False
4555.0112 	EXP 	polygon_2: autoDraw = True
4557.1354 	EXP 	Sound test_sound reached end of file
4557.1413 	EXP 	Sound test_sound reached end of file
4557.5459 	EXP 	New trial (rep=0, index=33): <Trial 33 (33 in rep 0) data={'sounds': 'sounds/36c_bordar.wav', 'syll': 'CVC', 'stress_unstress': 'Unstressed', 'suffix': 'Match', 'present_past': 'past', 'corrAns': 'num_2', 'trigger_item': 0.0, 'trigger_senonset': 0.2, 'trigger_verbsonset': 1.0, 'trigger_1_F0': 1.078468243634259, 'trigger_suffix': 1.3288624855324, 'trigger_2_F0': 1.3414992042824, 'ID_item': 101, 'ID_senonset': 30, 'ID_verbonset': 31, 'ID_1_F0': 32, 'ID_suffix': 33, 'ID_2_F0': 34, 'ms_senonset': 0, 'ms_verbonset': 0.8, 'ms_1_F0': 0.878468243634259, 'ms_suffix': 1.1288624855324, 'ms_2_F0': 1.1414992042824, 'file_name': '36c_bordar.wav', 'item_id': 36, 'cond': 'c', 'thisN': 33, 'thisTrialN': 33, 'thisRepN': 0}>
4557.5513 	EXP 	Sound test_sound reached end of file
4557.5556 	EXP 	Sound test_sound started
4557.5537 	DATA 	Keypress: right
4557.5620 	EXP 	polygon_2: autoDraw = False
4557.5620 	EXP 	text_3: autoDraw = False
4557.5620 	EXP 	polygon_2: autoDraw = True
4559.8063 	EXP 	Sound test_sound reached end of file
4559.8228 	EXP 	Sound test_sound reached end of file
4560.1124 	EXP 	New trial (rep=0, index=34): <Trial 34 (34 in rep 0) data={'sounds': 'sounds/02c_buscar.wav', 'syll': 'CVC', 'stress_unstress': 'Unstressed', 'suffix': 'Match', 'present_past': 'past', 'corrAns': 'num_2', 'trigger_item': 0.0, 'trigger_senonset': 0.2, 'trigger_verbsonset': 0.8700000000000001, 'trigger_1_F0': 1.07, 'trigger_suffix': 1.26, 'trigger_2_F0': 1.40703946035879, 'ID_item': 101, 'ID_senonset': 30, 'ID_verbonset': 31, 'ID_1_F0': 32, 'ID_suffix': 33, 'ID_2_F0': 34, 'ms_senonset': 0, 'ms_verbonset': 0.67, 'ms_1_F0': 0.87, 'ms_suffix': 1.06, 'ms_2_F0': 1.20703946035879, 'file_name': '02c_buscar.wav', 'item_id': 2, 'cond': 'c', 'thisN': 34, 'thisTrialN': 34, 'thisRepN': 0}>
4560.1173 	EXP 	Sound test_sound reached end of file
4560.1225 	EXP 	Sound test_sound started
4560.1211 	DATA 	Keypress: left
4560.1289 	EXP 	polygon_2: autoDraw = False
4560.1289 	EXP 	text_3: autoDraw = False
4560.1289 	EXP 	polygon_2: autoDraw = True
4562.2356 	EXP 	Sound test_sound reached end of file
4562.2413 	EXP 	Sound test_sound reached end of file
4562.5628 	EXP 	New trial (rep=0, index=35): <Trial 35 (35 in rep 0) data={'sounds': 'sounds/27c_tirar.wav', 'syll': 'CVC', 'stress_unstress': 'Unstressed', 'suffix': 'Match', 'present_past': 'past', 'corrAns': 'num_2', 'trigger_item': 0.0, 'trigger_senonset': 0.2, 'trigger_verbsonset': 0.8119442057291659, 'trigger_1_F0': 0.8307495153356481, 'trigger_suffix': 0.9885306495949072, 'trigger_2_F0': 0.998621303530092, 'ID_item': 101, 'ID_senonset': 30, 'ID_verbonset': 31, 'ID_1_F0': 32, 'ID_suffix': 33, 'ID_2_F0': 34, 'ms_senonset': 0, 'ms_verbonset': 0.611944205729166, 'ms_1_F0': 0.630749515335648, 'ms_suffix': 0.788530649594907, 'ms_2_F0': 0.798621303530092, 'file_name': '27c_tirar.wav', 'item_id': 27, 'cond': 'c', 'thisN': 35, 'thisTrialN': 35, 'thisRepN': 0}>
4562.5682 	EXP 	Sound test_sound reached end of file
4562.5724 	EXP 	Sound test_sound started
4562.5705 	DATA 	Keypress: left
4562.5793 	EXP 	polygon_2: autoDraw = False
4562.5793 	EXP 	text_3: autoDraw = False
4562.5793 	EXP 	polygon_2: autoDraw = True
4564.5562 	EXP 	Sound test_sound reached end of file
4564.5731 	EXP 	Sound test_sound reached end of file
4564.9793 	EXP 	New trial (rep=0, index=36): <Trial 36 (36 in rep 0) data={'sounds': 'sounds/10d_vender.wav', 'syll': 'CVC', 'stress_unstress': 'Stressed', 'suffix': 'Mismatch', 'present_past': 'past', 'corrAns': 'num_2', 'trigger_item': 0.0, 'trigger_senonset': 0.2, 'trigger_verbsonset': 0.832830209056713, 'trigger_1_F0': 0.8775468199411529, 'trigger_suffix': 1.109501330306288, 'trigger_2_F0': 1.158928471023364, 'ID_item': 101, 'ID_senonset': 40, 'ID_verbonset': 41, 'ID_1_F0': 42, 'ID_suffix': 43, 'ID_2_F0': 44, 'ms_senonset': 0, 'ms_verbonset': 0.632830209056713, 'ms_1_F0': 0.677546819941153, 'ms_suffix': 0.909501330306288, 'ms_2_F0': 0.958928471023364, 'file_name': '10d_vender.wav', 'item_id': 10, 'cond': 'd', 'thisN': 36, 'thisTrialN': 36, 'thisRepN': 0}>
4564.9840 	EXP 	Sound test_sound reached end of file
4564.9893 	EXP 	Sound test_sound started
4564.9876 	DATA 	Keypress: left
4564.9950 	EXP 	polygon_2: autoDraw = False
4564.9950 	EXP 	text_3: autoDraw = False
4564.9950 	EXP 	polygon_2: autoDraw = True
4566.8815 	EXP 	Sound test_sound reached end of file
4566.8895 	EXP 	Sound test_sound reached end of file
4568.0445 	EXP 	New trial (rep=0, index=37): <Trial 37 (37 in rep 0) data={'sounds': 'sounds/32d_pulsar.wav', 'syll': 'CVC', 'stress_unstress': 'Stressed', 'suffix': 'Mismatch', 'present_past': 'past', 'corrAns': 'num_2', 'trigger_item': 0.0, 'trigger_senonset': 0.2, 'trigger_verbsonset': 0.796440212673611, 'trigger_1_F0': 0.8294641710069439, 'trigger_suffix': 0.99, 'trigger_2_F0': 1.097783832465277, 'ID_item': 101, 'ID_senonset': 40, 'ID_verbonset': 41, 'ID_1_F0': 42, 'ID_suffix': 43, 'ID_2_F0': 44, 'ms_senonset': 0, 'ms_verbonset': 0.596440212673611, 'ms_1_F0': 0.629464171006944, 'ms_suffix': 0.79, 'ms_2_F0': 0.897783832465277, 'file_name': '32d_pulsar.wav', 'item_id': 32, 'cond': 'd', 'thisN': 37, 'thisTrialN': 37, 'thisRepN': 0}>
4568.0494 	EXP 	Sound test_sound reached end of file
4568.0557 	EXP 	Sound test_sound started
4568.0507 	DATA 	Keypress: left
4568.0598 	EXP 	polygon_2: autoDraw = False
4568.0598 	EXP 	text_3: autoDraw = False
4568.0598 	EXP 	polygon_2: autoDraw = True
4569.8513 	EXP 	Sound test_sound reached end of file
4569.8573 	EXP 	Sound test_sound reached end of file
4571.5129 	EXP 	New trial (rep=0, index=38): <Trial 38 (38 in rep 0) data={'sounds': 'sounds/31d_tocar.wav', 'syll': 'CVC', 'stress_unstress': 'Stressed', 'suffix': 'Mismatch', 'present_past': 'past', 'corrAns': 'num_2', 'trigger_item': 0.0, 'trigger_senonset': 0.2, 'trigger_verbsonset': 0.8493931756807, 'trigger_1_F0': 0.8650112062639721, 'trigger_suffix': 1.006860547391531, 'trigger_2_F0': 1.049162047334928, 'ID_item': 101, 'ID_senonset': 40, 'ID_verbonset': 41, 'ID_1_F0': 42, 'ID_suffix': 43, 'ID_2_F0': 44, 'ms_senonset': 0, 'ms_verbonset': 0.6493931756807, 'ms_1_F0': 0.665011206263972, 'ms_suffix': 0.806860547391531, 'ms_2_F0': 0.849162047334928, 'file_name': '31d_tocar.wav', 'item_id': 31, 'cond': 'd', 'thisN': 38, 'thisTrialN': 38, 'thisRepN': 0}>
4571.5175 	EXP 	Sound test_sound reached end of file
4571.5227 	EXP 	Sound test_sound started
4571.5213 	DATA 	Keypress: left
4571.5283 	EXP 	polygon_2: autoDraw = False
4571.5283 	EXP 	text_3: autoDraw = False
4571.5283 	EXP 	polygon_2: autoDraw = True
4573.4074 	EXP 	Sound test_sound reached end of file
4573.4227 	EXP 	Sound test_sound reached end of file
4573.8964 	EXP 	New trial (rep=0, index=39): <Trial 39 (39 in rep 0) data={'sounds': 'sounds/01d_salvar.wav', 'syll': 'CVC', 'stress_unstress': 'Stressed', 'suffix': 'Mismatch', 'present_past': 'past', 'corrAns': 'num_2', 'trigger_item': 0.0, 'trigger_senonset': 0.2, 'trigger_verbsonset': 0.8500000000000001, 'trigger_1_F0': 0.996069502314814, 'trigger_suffix': 1.23, 'trigger_2_F0': 1.29, 'ID_item': 101, 'ID_senonset': 40, 'ID_verbonset': 41, 'ID_1_F0': 42, 'ID_suffix': 43, 'ID_2_F0': 44, 'ms_senonset': 0, 'ms_verbonset': 0.65, 'ms_1_F0': 0.796069502314814, 'ms_suffix': 1.03, 'ms_2_F0': 1.09, 'file_name': '01d_salvar.wav', 'item_id': 1, 'cond': 'd', 'thisN': 39, 'thisTrialN': 39, 'thisRepN': 0}>
4573.9013 	EXP 	Sound test_sound reached end of file
4573.9064 	EXP 	Sound test_sound started
4573.9041 	DATA 	Keypress: left
4573.9124 	EXP 	polygon_2: autoDraw = False
4573.9124 	EXP 	text_3: autoDraw = False
4573.9124 	EXP 	polygon_2: autoDraw = True
4575.9436 	EXP 	Sound test_sound reached end of file
4575.9562 	EXP 	Sound test_sound reached end of file
4576.6682 	DATA 	Keypress: left
4576.6729 	EXP 	polygon_2: autoDraw = False
4576.6729 	EXP 	text_3: autoDraw = False
4576.6729 	EXP 	text_2: autoDraw = True
4585.8725 	DATA 	Keypress: space
4585.8728 	DATA 	Keypress: v
4585.8759 	EXP 	text_2: autoDraw = False
4585.8762 	EXP 	LangExperimentstress: status = STOPPED
