34.7966 	WARNING 	User requested fullscreen with size [1536  864], but screen is actually [1920, 1080]. Using actual size
35.0312 	EXP 	Created window1 = Window(allowGUI=False, allowStencil=False, autoLog=True, backendConf=UNKNOWN, backgroundFit=<method-wrapper '__getattribute__' of attributeSetter object at 0x000001B856C23F40>, backgroundImage=<method-wrapper '__getattribute__' of attributeSetter object at 0x000001B856C23EE0>, bitsMode=UNKNOWN, blendMode='avg', bpc=(8, 8, 8), color=array([0, 0, 0]), colorSpace='rgb', depthBits=8, fullscr=True, gamma=None, gammaErrorPolicy='raise', infoMsg=UNKNOWN, lms=UNKNOWN, monitor=<psychopy.monitors.calibTools.Monitor object at 0x000001B85F7E0E80>, multiSample=False, name='window1', numSamples=2, pos=[0.0, 0.0], screen=0, size=array([1920, 1080]), stencilBits=0, stereo=False, title='PsychoPy', units='height', useFBO=True, useRetina=False, viewOri=0.0, viewPos=None, viewScale=None, waitBlanking=True, winType='pyglet')
35.0312 	EXP 	window1: backgroundImage = ''
35.0313 	EXP 	window1: backgroundFit = 'none'
35.1133 	EXP 	window1: Attempting to measure frame rate of screen (0) ...
35.1133 	EXP 	window1: recordFrameIntervals = False
35.2838 	EXP 	window1: recordFrameIntervals = True
35.4675 	EXP 	Screen (0) actual frame rate measured at 60.07Hz
35.4675 	EXP 	window1: recordFrameIntervals = False
38.1010 	EXP 	LangExperimentstress: status = STARTED
38.1967 	EXP 	Created instr = TextStim(__class__=<class 'psychopy.visual.text.TextStim'>, alignHoriz=method-wrapper(...), alignText='center', alignVert=method-wrapper(...), anchorHoriz='center', anchorVert='center', antialias=True, autoDraw=False, autoLog=True, bold=False, color=array([1., 1., 1.]), colorSpace='rgb', contrast=1.0, depth=0.0, draggable=False, flipHoriz=False, flipVert=False, font='Arial', fontFiles=[], height=0.08, italic=False, languageStyle='LTR', name='instr', opacity=1, ori=0, pos=array([0., 0.]), rgb=UNKNOWN, text=str(...), units='height', win=Window(...), wrapWidth=1)
38.5470 	EXP 	Sound test_sound_2 set volume 1.000
38.5514 	EXP 	Created polygon = ShapeStim(__class__=<class 'psychopy.visual.shape.ShapeStim'>, anchor=('center', 'center'), autoDraw=False, autoLog=True, closeShape=True, color=method-wrapper(...), colorSpace='rgb', contrast=None, depth=-2.0, draggable=False, fillColor=array([-1, -1, -1]), fillColorSpace='rgb', fillRGB=array([-1, -1, -1]), interpolate=True, lineColor=array([-1., -1., -1.]), lineColorSpace='rgb', lineRGB=array([-1, -1, -1]), lineWidth=1, name='polygon', opacity=1, ori=0.0, pos=array([0., 0.]), size=array([0.15, 0.15]), units='height', vertices=ndarray(...), win=Window(...), windingRule=None)
38.5687 	EXP 	Created text_3 = TextStim(__class__=<class 'psychopy.visual.text.TextStim'>, alignHoriz=method-wrapper(...), alignText='center', alignVert=method-wrapper(...), anchorHoriz='center', anchorVert='center', antialias=True, autoDraw=False, autoLog=True, bold=False, color=array([1., 1., 1.]), colorSpace='rgb', contrast=1.0, depth=0.0, draggable=False, flipHoriz=False, flipVert=False, font='Arial', fontFiles=[], height=0.1, italic=False, languageStyle='LTR', name='text_3', opacity=1, ori=0, pos=array([0., 0.]), rgb=UNKNOWN, text=str(...), units='height', win=Window(...), wrapWidth=1)
38.5765 	EXP 	Created instr = TextStim(__class__=<class 'psychopy.visual.text.TextStim'>, alignHoriz=method-wrapper(...), alignText='center', alignVert=method-wrapper(...), anchorHoriz='center', anchorVert='center', antialias=True, autoDraw=False, autoLog=True, bold=False, color=array([1., 1., 1.]), colorSpace='rgb', contrast=1.0, depth=0.0, draggable=False, flipHoriz=False, flipVert=False, font='Arial', fontFiles=[], height=0.08, italic=False, languageStyle='LTR', name='instr', opacity=1, ori=0, pos=array([0., 0.]), rgb=UNKNOWN, text=str(...), units='height', win=Window(...), wrapWidth=1)
38.7224 	EXP 	Sound test_sound set volume 1.000
38.7239 	EXP 	Created polygon_2 = ShapeStim(__class__=<class 'psychopy.visual.shape.ShapeStim'>, anchor=('center', 'center'), autoDraw=False, autoLog=True, closeShape=True, color=method-wrapper(...), colorSpace='rgb', contrast=None, depth=-2.0, draggable=False, fillColor=array([-1, -1, -1]), fillColorSpace='rgb', fillRGB=array([-1, -1, -1]), interpolate=True, lineColor=array([-1., -1., -1.]), lineColorSpace='rgb', lineRGB=array([-1, -1, -1]), lineWidth=1, name='polygon_2', opacity=1, ori=0.0, pos=array([0., 0.]), size=array([0.15, 0.15]), units='height', vertices=ndarray(...), win=Window(...), windingRule=None)
38.7286 	EXP 	Created text_3 = TextStim(__class__=<class 'psychopy.visual.text.TextStim'>, alignHoriz=method-wrapper(...), alignText='center', alignVert=method-wrapper(...), anchorHoriz='center', anchorVert='center', antialias=True, autoDraw=False, autoLog=True, bold=False, color=array([1., 1., 1.]), colorSpace='rgb', contrast=1.0, depth=0.0, draggable=False, flipHoriz=False, flipVert=False, font='Arial', fontFiles=[], height=0.1, italic=False, languageStyle='LTR', name='text_3', opacity=1, ori=0, pos=array([0., 0.]), rgb=UNKNOWN, text=str(...), units='height', win=Window(...), wrapWidth=1)
38.7379 	EXP 	Created text_2 = TextStim(__class__=<class 'psychopy.visual.text.TextStim'>, alignHoriz=method-wrapper(...), alignText='center', alignVert=method-wrapper(...), anchorHoriz='center', anchorVert='center', antialias=True, autoDraw=False, autoLog=True, bold=False, color=array([1., 1., 1.]), colorSpace='rgb', contrast=1.0, depth=0.0, draggable=False, flipHoriz=False, flipVert=False, font='Arial', fontFiles=[], height=0.1, italic=False, languageStyle='LTR', name='text_2', opacity=1, ori=0, pos=array([0., 0.]), rgb=UNKNOWN, text=str(...), units='height', win=Window(...), wrapWidth=1)
0.0123 	EXP 	instr: autoDraw = True
3418.8719 	EXP 	Imported selected_practice.csv as conditions, 4 conditions, 27 params
3418.8728 	EXP 	New trial (rep=0, index=0): <Trial 0 (0 in rep 0) data={'sounds': 'sounds/p3c_saltar.wav', 'syll': 'CVC', 'stress_unstress': 'Unstressed', 'suffix': 'Match', 'present_past': 'past', 'corrAns': 'num_2', 'trigger_item': 0.0, 'trigger_senonset': 0.205513, 'trigger_verbsonset': 0.8629519999999999, 'trigger_1_F0': 0.984841, 'trigger_suffix': 1.219715, 'trigger_2_F0': 1.27, 'ID_item': 101, 'ID_senonset': 30, 'ID_verbonset': 31, 'ID_1_F0': 32, 'ID_suffix': 33, 'ID_2_F0': 34, 'ms_senonset': 0.005513, 'ms_verbonset': 0.662952, 'ms_1_F0': 0.784841, 'ms_suffix': 1.019715, 'ms_2_F0': 1.07, 'file_name': 'p3c_saltar.wav', 'sentence': 'p3', 'cond': 'c', 'combo': 'p3c', 'thisN': 0, 'thisTrialN': 0, 'thisRepN': 0}>
3418.8783 	EXP 	Sound test_sound_2 reached end of file
3418.8946 	EXP 	Sound test_sound_2 started
3418.8799 	DATA 	Keypress: space
3418.8891 	EXP 	instr: autoDraw = False
3418.8891 	EXP 	polygon: autoDraw = True
3420.9536 	EXP 	Sound test_sound_2 reached end of file
3420.9612 	EXP 	Sound test_sound_2 reached end of file
3424.6318 	EXP 	New trial (rep=0, index=1): <Trial 1 (1 in rep 0) data={'sounds': 'sounds/p4d_cortar.wav', 'syll': 'CVC', 'stress_unstress': 'Stressed', 'suffix': 'Mismatch', 'present_past': 'past', 'corrAns': 'num_2', 'trigger_item': 0.0, 'trigger_senonset': 0.205513, 'trigger_verbsonset': 0.8629519999999999, 'trigger_1_F0': 0.984841, 'trigger_suffix': 1.219715, 'trigger_2_F0': 1.27, 'ID_item': 101, 'ID_senonset': 40, 'ID_verbonset': 41, 'ID_1_F0': 42, 'ID_suffix': 43, 'ID_2_F0': 44, 'ms_senonset': 0.005513, 'ms_verbonset': 0.662952, 'ms_1_F0': 0.784841, 'ms_suffix': 1.019715, 'ms_2_F0': 1.07, 'file_name': 'p4d_cortar.wav', 'sentence': 'p4', 'cond': 'd', 'combo': 'p4d', 'thisN': 1, 'thisTrialN': 1, 'thisRepN': 0}>
3424.6339 	EXP 	Sound test_sound_2 reached end of file
3424.6439 	EXP 	Sound test_sound_2 started
3424.6359 	DATA 	Keypress: left
3424.6445 	EXP 	polygon: autoDraw = False
3424.6445 	EXP 	text_3: autoDraw = False
3424.6445 	EXP 	polygon: autoDraw = True
3427.1337 	EXP 	Sound test_sound_2 reached end of file
3427.1448 	EXP 	Sound test_sound_2 reached end of file
3429.2183 	EXP 	New trial (rep=0, index=2): <Trial 2 (2 in rep 0) data={'sounds': 'sounds/p2b_cortar.wav', 'syll': 'CVC', 'stress_unstress': 'Unstressed', 'suffix': 'Mismatch', 'present_past': 'present', 'corrAns': 'num_1', 'trigger_item': 0.0, 'trigger_senonset': 0.205513, 'trigger_verbsonset': 0.8629519999999999, 'trigger_1_F0': 0.984841, 'trigger_suffix': 1.219715, 'trigger_2_F0': 1.27, 'ID_item': 101, 'ID_senonset': 20, 'ID_verbonset': 21, 'ID_1_F0': 22, 'ID_suffix': 23, 'ID_2_F0': 24, 'ms_senonset': 0.005513, 'ms_verbonset': 0.662952, 'ms_1_F0': 0.784841, 'ms_suffix': 1.019715, 'ms_2_F0': 1.07, 'file_name': 'p2b_cortar.wav', 'sentence': 'p2', 'cond': 'b', 'combo': 'p2b', 'thisN': 2, 'thisTrialN': 2, 'thisRepN': 0}>
3429.2231 	EXP 	Sound test_sound_2 reached end of file
3429.2278 	EXP 	Sound test_sound_2 started
3429.2264 	DATA 	Keypress: right
3429.2326 	EXP 	polygon: autoDraw = False
3429.2326 	EXP 	text_3: autoDraw = False
3429.2326 	EXP 	polygon: autoDraw = True
3431.4707 	EXP 	Sound test_sound_2 reached end of file
3431.4779 	EXP 	Sound test_sound_2 reached end of file
3433.3850 	EXP 	New trial (rep=0, index=3): <Trial 3 (3 in rep 0) data={'sounds': 'sounds/p1a_saltar.wav', 'syll': 'CVC', 'stress_unstress': 'Stressed', 'suffix': 'Match', 'present_past': 'present', 'corrAns': 'num_1', 'trigger_item': 0.0, 'trigger_senonset': 0.205513, 'trigger_verbsonset': 0.8629519999999999, 'trigger_1_F0': 0.984841, 'trigger_suffix': 1.219715, 'trigger_2_F0': 1.27, 'ID_item': 101, 'ID_senonset': 10, 'ID_verbonset': 11, 'ID_1_F0': 12, 'ID_suffix': 13, 'ID_2_F0': 14, 'ms_senonset': 0.005513, 'ms_verbonset': 0.662952, 'ms_1_F0': 0.784841, 'ms_suffix': 1.019715, 'ms_2_F0': 1.07, 'file_name': 'p1a_saltar.wav', 'sentence': 'p1', 'cond': 'a', 'combo': 'p1a', 'thisN': 3, 'thisTrialN': 3, 'thisRepN': 0}>
3433.3902 	EXP 	Sound test_sound_2 reached end of file
3433.3948 	EXP 	Sound test_sound_2 started
3433.3939 	DATA 	Keypress: right
3433.4027 	EXP 	polygon: autoDraw = False
3433.4027 	EXP 	text_3: autoDraw = False
3433.4027 	EXP 	polygon: autoDraw = True
3435.6171 	EXP 	Sound test_sound_2 reached end of file
3435.6281 	EXP 	Sound test_sound_2 reached end of file
3436.1703 	DATA 	Keypress: left
3436.1775 	EXP 	polygon: autoDraw = False
3436.1775 	EXP 	text_3: autoDraw = False
3436.1775 	EXP 	instr: autoDraw = True
3444.3712 	EXP 	Imported selected_trials.csv as conditions, 40 conditions, 26 params
3444.3718 	EXP 	New trial (rep=0, index=0): <Trial 0 (0 in rep 0) data={'sounds': 'sounds/26a_bajar.wav', 'syll': 'CVC', 'stress_unstress': 'Stressed', 'suffix': 'Match', 'present_past': 'present', 'corrAns': 'num_1', 'trigger_item': 0.0, 'trigger_senonset': 0.2, 'trigger_verbsonset': 0.77, 'trigger_1_F0': 0.8999999999999999, 'trigger_suffix': 1.03, 'trigger_2_F0': 1.171181705729166, 'ID_item': 101, 'ID_senonset': 10, 'ID_verbonset': 11, 'ID_1_F0': 12, 'ID_suffix': 13, 'ID_2_F0': 14, 'ms_senonset': 0, 'ms_verbonset': 0.57, 'ms_1_F0': 0.7, 'ms_suffix': 0.83, 'ms_2_F0': 0.971181705729166, 'file_name': '26a_bajar.wav', 'item_id': 26, 'cond': 'a', 'thisN': 0, 'thisTrialN': 0, 'thisRepN': 0}>
3444.3749 	EXP 	Sound test_sound reached end of file
3444.3772 	EXP 	Sound test_sound started
3444.3769 	DATA 	Keypress: space
3444.3848 	EXP 	instr: autoDraw = False
3444.3848 	EXP 	polygon_2: autoDraw = True
3446.4281 	EXP 	Sound test_sound reached end of file
3446.4448 	EXP 	Sound test_sound reached end of file
3447.8847 	EXP 	New trial (rep=0, index=1): <Trial 1 (1 in rep 0) data={'sounds': 'sounds/17d_tragar.wav', 'syll': 'CVC', 'stress_unstress': 'Stressed', 'suffix': 'Mismatch', 'present_past': 'past', 'corrAns': 'num_2', 'trigger_item': 0.0, 'trigger_senonset': 0.2, 'trigger_verbsonset': 1.070609360532407, 'trigger_1_F0': 1.117973654513888, 'trigger_suffix': 1.30915316840277, 'trigger_2_F0': 1.35458539534397, 'ID_item': 101, 'ID_senonset': 40, 'ID_verbonset': 41, 'ID_1_F0': 42, 'ID_suffix': 43, 'ID_2_F0': 44, 'ms_senonset': 0, 'ms_verbonset': 0.870609360532407, 'ms_1_F0': 0.917973654513888, 'ms_suffix': 1.10915316840277, 'ms_2_F0': 1.15458539534397, 'file_name': '17d_tragar.wav', 'item_id': 17, 'cond': 'd', 'thisN': 1, 'thisTrialN': 1, 'thisRepN': 0}>
3447.8905 	EXP 	Sound test_sound reached end of file
3447.8944 	EXP 	Sound test_sound started
3447.8940 	DATA 	Keypress: left
3447.9005 	EXP 	polygon_2: autoDraw = False
3447.9005 	EXP 	text_3: autoDraw = False
3447.9005 	EXP 	polygon_2: autoDraw = True
3450.1817 	EXP 	Sound test_sound reached end of file
3450.1944 	EXP 	Sound test_sound reached end of file
3451.7486 	DATA 	Keypress: right
3451.7669 	EXP 	New trial (rep=0, index=2): <Trial 2 (2 in rep 0) data={'sounds': 'sounds/14b_borrar.wav', 'syll': 'CVC', 'stress_unstress': 'Unstressed', 'suffix': 'Mismatch', 'present_past': 'present', 'corrAns': 'num_1', 'trigger_item': 0.0, 'trigger_senonset': 0.2, 'trigger_verbsonset': 0.72, 'trigger_1_F0': 0.770187630208333, 'trigger_suffix': 0.851961241319444, 'trigger_2_F0': 0.964399956597222, 'ID_item': 101, 'ID_senonset': 20, 'ID_verbonset': 21, 'ID_1_F0': 22, 'ID_suffix': 23, 'ID_2_F0': 24, 'ms_senonset': 0, 'ms_verbonset': 0.52, 'ms_1_F0': 0.570187630208333, 'ms_suffix': 0.651961241319444, 'ms_2_F0': 0.764399956597222, 'file_name': '14b_borrar.wav', 'item_id': 14, 'cond': 'b', 'thisN': 2, 'thisTrialN': 2, 'thisRepN': 0}>
3451.7712 	EXP 	Sound test_sound reached end of file
3451.7774 	EXP 	Sound test_sound started
3451.7813 	EXP 	polygon_2: autoDraw = False
3451.7813 	EXP 	text_3: autoDraw = False
3451.7813 	EXP 	polygon_2: autoDraw = True
3453.7113 	EXP 	Sound test_sound reached end of file
3453.7282 	EXP 	Sound test_sound reached end of file
3454.5005 	EXP 	New trial (rep=0, index=3): <Trial 3 (3 in rep 0) data={'sounds': 'sounds/08d_filtrar.wav', 'syll': 'CVC', 'stress_unstress': 'Stressed', 'suffix': 'Mismatch', 'present_past': 'past', 'corrAns': 'num_2', 'trigger_item': 0.0, 'trigger_senonset': 0.2, 'trigger_verbsonset': 0.7526856695589441, 'trigger_1_F0': 0.87808115762362, 'trigger_suffix': 1.118901843962886, 'trigger_2_F0': 1.172598812485867, 'ID_item': 101, 'ID_senonset': 40, 'ID_verbonset': 41, 'ID_1_F0': 42, 'ID_suffix': 43, 'ID_2_F0': 44, 'ms_senonset': 0, 'ms_verbonset': 0.552685669558944, 'ms_1_F0': 0.67808115762362, 'ms_suffix': 0.918901843962886, 'ms_2_F0': 0.972598812485867, 'file_name': '08d_filtrar.wav', 'item_id': 8, 'cond': 'd', 'thisN': 3, 'thisTrialN': 3, 'thisRepN': 0}>
3454.5038 	EXP 	Sound test_sound reached end of file
3454.5110 	EXP 	Sound test_sound started
3454.5066 	DATA 	Keypress: right
3454.5149 	EXP 	polygon_2: autoDraw = False
3454.5149 	EXP 	text_3: autoDraw = False
3454.5149 	EXP 	polygon_2: autoDraw = True
3456.2528 	EXP 	Sound test_sound reached end of file
3456.2611 	EXP 	Sound test_sound reached end of file
3458.2185 	EXP 	New trial (rep=0, index=4): <Trial 4 (4 in rep 0) data={'sounds': 'sounds/34c_formar.wav', 'syll': 'CVC', 'stress_unstress': 'Unstressed', 'suffix': 'Match', 'present_past': 'past', 'corrAns': 'num_2', 'trigger_item': 0.0, 'trigger_senonset': 0.2, 'trigger_verbsonset': 0.876373676215277, 'trigger_1_F0': 0.992687651909722, 'trigger_suffix': 1.14, 'trigger_2_F0': 1.26319767795138, 'ID_item': 101, 'ID_senonset': 30, 'ID_verbonset': 31, 'ID_1_F0': 32, 'ID_suffix': 33, 'ID_2_F0': 34, 'ms_senonset': 0, 'ms_verbonset': 0.676373676215277, 'ms_1_F0': 0.792687651909722, 'ms_suffix': 0.94, 'ms_2_F0': 1.06319767795138, 'file_name': '34c_formar.wav', 'item_id': 34, 'cond': 'c', 'thisN': 4, 'thisTrialN': 4, 'thisRepN': 0}>
3458.2238 	EXP 	Sound test_sound reached end of file
3458.2279 	EXP 	Sound test_sound started
3458.2267 	DATA 	Keypress: left
3458.2358 	EXP 	polygon_2: autoDraw = False
3458.2358 	EXP 	text_3: autoDraw = False
3458.2358 	EXP 	polygon_2: autoDraw = True
3460.4471 	EXP 	Sound test_sound reached end of file
3460.4610 	EXP 	Sound test_sound reached end of file
3463.1170 	EXP 	New trial (rep=0, index=5): <Trial 5 (5 in rep 0) data={'sounds': 'sounds/30a_fundar.wav', 'syll': 'CVC', 'stress_unstress': 'Stressed', 'suffix': 'Match', 'present_past': 'present', 'corrAns': 'num_1', 'trigger_item': 0.0, 'trigger_senonset': 0.2, 'trigger_verbsonset': 0.77, 'trigger_1_F0': 0.91, 'trigger_suffix': 1.112685546875, 'trigger_2_F0': 1.12, 'ID_item': 101, 'ID_senonset': 10, 'ID_verbonset': 11, 'ID_1_F0': 12, 'ID_suffix': 13, 'ID_2_F0': 14, 'ms_senonset': 0, 'ms_verbonset': 0.57, 'ms_1_F0': 0.71, 'ms_suffix': 0.912685546875, 'ms_2_F0': 0.92, 'file_name': '30a_fundar.wav', 'item_id': 30, 'cond': 'a', 'thisN': 5, 'thisTrialN': 5, 'thisRepN': 0}>
3463.1216 	EXP 	Sound test_sound reached end of file
3463.1276 	EXP 	Sound test_sound started
3463.1240 	DATA 	Keypress: left
3463.1321 	EXP 	polygon_2: autoDraw = False
3463.1321 	EXP 	text_3: autoDraw = False
3463.1321 	EXP 	polygon_2: autoDraw = True
3465.2615 	EXP 	Sound test_sound reached end of file
3465.2785 	EXP 	Sound test_sound reached end of file
3468.7512 	EXP 	New trial (rep=0, index=6): <Trial 6 (6 in rep 0) data={'sounds': 'sounds/29a_pesar.wav', 'syll': 'CVC', 'stress_unstress': 'Stressed', 'suffix': 'Match', 'present_past': 'present', 'corrAns': 'num_1', 'trigger_item': 0.0, 'trigger_senonset': 0.2, 'trigger_verbsonset': 0.91328417532552, 'trigger_1_F0': 0.925531286730473, 'trigger_suffix': 1.03, 'trigger_2_F0': 1.150619522602117, 'ID_item': 101, 'ID_senonset': 10, 'ID_verbonset': 11, 'ID_1_F0': 12, 'ID_suffix': 13, 'ID_2_F0': 14, 'ms_senonset': 0, 'ms_verbonset': 0.71328417532552, 'ms_1_F0': 0.725531286730473, 'ms_suffix': 0.83, 'ms_2_F0': 0.950619522602117, 'file_name': '29a_pesar.wav', 'item_id': 29, 'cond': 'a', 'thisN': 6, 'thisTrialN': 6, 'thisRepN': 0}>
3468.7557 	EXP 	Sound test_sound reached end of file
3468.7610 	EXP 	Sound test_sound started
3468.7580 	DATA 	Keypress: right
3468.7655 	EXP 	polygon_2: autoDraw = False
3468.7655 	EXP 	text_3: autoDraw = False
3468.7655 	EXP 	polygon_2: autoDraw = True
3470.6534 	EXP 	Sound test_sound reached end of file
3470.6615 	EXP 	Sound test_sound reached end of file
3471.0014 	EXP 	New trial (rep=0, index=7): <Trial 7 (7 in rep 0) data={'sounds': 'sounds/31d_tocar.wav', 'syll': 'CVC', 'stress_unstress': 'Stressed', 'suffix': 'Mismatch', 'present_past': 'past', 'corrAns': 'num_2', 'trigger_item': 0.0, 'trigger_senonset': 0.2, 'trigger_verbsonset': 0.8493931756807, 'trigger_1_F0': 0.8650112062639721, 'trigger_suffix': 1.006860547391531, 'trigger_2_F0': 1.049162047334928, 'ID_item': 101, 'ID_senonset': 40, 'ID_verbonset': 41, 'ID_1_F0': 42, 'ID_suffix': 43, 'ID_2_F0': 44, 'ms_senonset': 0, 'ms_verbonset': 0.6493931756807, 'ms_1_F0': 0.665011206263972, 'ms_suffix': 0.806860547391531, 'ms_2_F0': 0.849162047334928, 'file_name': '31d_tocar.wav', 'item_id': 31, 'cond': 'd', 'thisN': 7, 'thisTrialN': 7, 'thisRepN': 0}>
3471.0058 	EXP 	Sound test_sound reached end of file
3471.0114 	EXP 	Sound test_sound started
3471.0095 	DATA 	Keypress: left
3471.0183 	EXP 	polygon_2: autoDraw = False
3471.0183 	EXP 	text_3: autoDraw = False
3471.0183 	EXP 	polygon_2: autoDraw = True
3472.8901 	EXP 	Sound test_sound reached end of file
3472.8959 	EXP 	Sound test_sound reached end of file
3473.3847 	EXP 	New trial (rep=0, index=8): <Trial 8 (8 in rep 0) data={'sounds': 'sounds/16a_llevar.wav', 'syll': 'CVC', 'stress_unstress': 'Stressed', 'suffix': 'Match', 'present_past': 'present', 'corrAns': 'num_1', 'trigger_item': 0.0, 'trigger_senonset': 0.2, 'trigger_verbsonset': 0.929084516317274, 'trigger_1_F0': 0.964936524692279, 'trigger_suffix': 1.08, 'trigger_2_F0': 1.131864014418682, 'ID_item': 101, 'ID_senonset': 10, 'ID_verbonset': 11, 'ID_1_F0': 12, 'ID_suffix': 13, 'ID_2_F0': 14, 'ms_senonset': 0, 'ms_verbonset': 0.729084516317274, 'ms_1_F0': 0.764936524692279, 'ms_suffix': 0.88, 'ms_2_F0': 0.931864014418682, 'file_name': '16a_llevar.wav', 'item_id': 16, 'cond': 'a', 'thisN': 8, 'thisTrialN': 8, 'thisRepN': 0}>
3473.3891 	EXP 	Sound test_sound reached end of file
3473.3948 	EXP 	Sound test_sound started
3473.3933 	DATA 	Keypress: left
3473.3998 	EXP 	polygon_2: autoDraw = False
3473.3998 	EXP 	text_3: autoDraw = False
3473.3998 	EXP 	polygon_2: autoDraw = True
3475.2829 	EXP 	Sound test_sound reached end of file
3475.2950 	EXP 	Sound test_sound reached end of file
3478.0190 	EXP 	New trial (rep=0, index=9): <Trial 9 (9 in rep 0) data={'sounds': 'sounds/25b_ganar.wav', 'syll': 'CVC', 'stress_unstress': 'Unstressed', 'suffix': 'Mismatch', 'present_past': 'present', 'corrAns': 'num_1', 'trigger_item': 0.0, 'trigger_senonset': 0.2, 'trigger_verbsonset': 1.152097938368055, 'trigger_1_F0': 1.15990068760488, 'trigger_suffix': 1.28904165650454, 'trigger_2_F0': 1.37272500435153, 'ID_item': 101, 'ID_senonset': 20, 'ID_verbonset': 21, 'ID_1_F0': 22, 'ID_suffix': 23, 'ID_2_F0': 24, 'ms_senonset': 0, 'ms_verbonset': 0.952097938368055, 'ms_1_F0': 0.95990068760488, 'ms_suffix': 1.08904165650454, 'ms_2_F0': 1.17272500435153, 'file_name': '25b_ganar.wav', 'item_id': 25, 'cond': 'b', 'thisN': 9, 'thisTrialN': 9, 'thisRepN': 0}>
3478.0244 	EXP 	Sound test_sound reached end of file
3478.0279 	EXP 	Sound test_sound started
3478.0268 	DATA 	Keypress: right
3478.0348 	EXP 	polygon_2: autoDraw = False
3478.0348 	EXP 	text_3: autoDraw = False
3478.0348 	EXP 	polygon_2: autoDraw = True
3480.3490 	EXP 	Sound test_sound reached end of file
3480.3615 	EXP 	Sound test_sound reached end of file
3481.4035 	DATA 	Keypress: right
3481.4107 	EXP 	polygon_2: autoDraw = False
3481.4107 	EXP 	text_3: autoDraw = True
3494.3135 	EXP 	New trial (rep=0, index=10): <Trial 10 (10 in rep 0) data={'sounds': 'sounds/23a_tomar.wav', 'syll': 'CVC', 'stress_unstress': 'Stressed', 'suffix': 'Match', 'present_past': 'present', 'corrAns': 'num_1', 'trigger_item': 0.0, 'trigger_senonset': 0.2, 'trigger_verbsonset': 0.9453179615162032, 'trigger_1_F0': 0.95, 'trigger_suffix': 1.08, 'trigger_2_F0': 1.158644495081018, 'ID_item': 101, 'ID_senonset': 10, 'ID_verbonset': 11, 'ID_1_F0': 12, 'ID_suffix': 13, 'ID_2_F0': 14, 'ms_senonset': 0, 'ms_verbonset': 0.745317961516203, 'ms_1_F0': 0.75, 'ms_suffix': 0.88, 'ms_2_F0': 0.958644495081018, 'file_name': '23a_tomar.wav', 'item_id': 23, 'cond': 'a', 'thisN': 10, 'thisTrialN': 10, 'thisRepN': 0}>
3494.3181 	EXP 	Sound test_sound reached end of file
3494.3275 	EXP 	Sound test_sound started
3494.3205 	DATA 	Keypress: space
3494.3297 	EXP 	text_3: autoDraw = False
3494.3297 	EXP 	polygon_2: autoDraw = True
3496.2114 	EXP 	Sound test_sound reached end of file
3496.2283 	EXP 	Sound test_sound reached end of file
3496.7847 	EXP 	New trial (rep=0, index=11): <Trial 11 (11 in rep 0) data={'sounds': 'sounds/05a_fumar.wav', 'syll': 'CVC', 'stress_unstress': 'Stressed', 'suffix': 'Match', 'present_past': 'present', 'corrAns': 'num_1', 'trigger_item': 0.0, 'trigger_senonset': 0.2, 'trigger_verbsonset': 1.15, 'trigger_1_F0': 1.36712555700231, 'trigger_suffix': 1.48, 'trigger_2_F0': 1.56308830295138, 'ID_item': 101, 'ID_senonset': 10, 'ID_verbonset': 11, 'ID_1_F0': 12, 'ID_suffix': 13, 'ID_2_F0': 14, 'ms_senonset': 0, 'ms_verbonset': 0.95, 'ms_1_F0': 1.16712555700231, 'ms_suffix': 1.28, 'ms_2_F0': 1.36308830295138, 'file_name': '05a_fumar.wav', 'item_id': 5, 'cond': 'a', 'thisN': 11, 'thisTrialN': 11, 'thisRepN': 0}>
3496.7906 	EXP 	Sound test_sound reached end of file
3496.7945 	EXP 	Sound test_sound started
3496.7938 	DATA 	Keypress: left
3496.8008 	EXP 	polygon_2: autoDraw = False
3496.8008 	EXP 	text_3: autoDraw = False
3496.8008 	EXP 	polygon_2: autoDraw = True
3499.1472 	EXP 	Sound test_sound reached end of file
3499.1612 	EXP 	Sound test_sound reached end of file
3499.8325 	EXP 	New trial (rep=0, index=12): <Trial 12 (12 in rep 0) data={'sounds': 'sounds/36c_bordar.wav', 'syll': 'CVC', 'stress_unstress': 'Unstressed', 'suffix': 'Match', 'present_past': 'past', 'corrAns': 'num_2', 'trigger_item': 0.0, 'trigger_senonset': 0.2, 'trigger_verbsonset': 1.0, 'trigger_1_F0': 1.078468243634259, 'trigger_suffix': 1.3288624855324, 'trigger_2_F0': 1.3414992042824, 'ID_item': 101, 'ID_senonset': 30, 'ID_verbonset': 31, 'ID_1_F0': 32, 'ID_suffix': 33, 'ID_2_F0': 34, 'ms_senonset': 0, 'ms_verbonset': 0.8, 'ms_1_F0': 0.878468243634259, 'ms_suffix': 1.1288624855324, 'ms_2_F0': 1.1414992042824, 'file_name': '36c_bordar.wav', 'item_id': 36, 'cond': 'c', 'thisN': 12, 'thisTrialN': 12, 'thisRepN': 0}>
3499.8372 	EXP 	Sound test_sound reached end of file
3499.8445 	EXP 	Sound test_sound started
3499.8385 	DATA 	Keypress: left
3499.8472 	EXP 	polygon_2: autoDraw = False
3499.8472 	EXP 	text_3: autoDraw = False
3499.8472 	EXP 	polygon_2: autoDraw = True
3502.0981 	EXP 	Sound test_sound reached end of file
3502.1113 	EXP 	Sound test_sound reached end of file
3505.6518 	EXP 	New trial (rep=0, index=13): <Trial 13 (13 in rep 0) data={'sounds': 'sounds/27c_tirar.wav', 'syll': 'CVC', 'stress_unstress': 'Unstressed', 'suffix': 'Match', 'present_past': 'past', 'corrAns': 'num_2', 'trigger_item': 0.0, 'trigger_senonset': 0.2, 'trigger_verbsonset': 0.8119442057291659, 'trigger_1_F0': 0.8307495153356481, 'trigger_suffix': 0.9885306495949072, 'trigger_2_F0': 0.998621303530092, 'ID_item': 101, 'ID_senonset': 30, 'ID_verbonset': 31, 'ID_1_F0': 32, 'ID_suffix': 33, 'ID_2_F0': 34, 'ms_senonset': 0, 'ms_verbonset': 0.611944205729166, 'ms_1_F0': 0.630749515335648, 'ms_suffix': 0.788530649594907, 'ms_2_F0': 0.798621303530092, 'file_name': '27c_tirar.wav', 'item_id': 27, 'cond': 'c', 'thisN': 13, 'thisTrialN': 13, 'thisRepN': 0}>
3505.6566 	EXP 	Sound test_sound reached end of file
3505.6612 	EXP 	Sound test_sound started
3505.6601 	DATA 	Keypress: left
3505.6691 	EXP 	polygon_2: autoDraw = False
3505.6691 	EXP 	text_3: autoDraw = False
3505.6691 	EXP 	polygon_2: autoDraw = True
3507.6471 	EXP 	Sound test_sound reached end of file
3507.6611 	EXP 	Sound test_sound reached end of file
3508.5842 	EXP 	New trial (rep=0, index=14): <Trial 14 (14 in rep 0) data={'sounds': 'sounds/09c_cargar.wav', 'syll': 'CVC', 'stress_unstress': 'Unstressed', 'suffix': 'Match', 'present_past': 'past', 'corrAns': 'num_2', 'trigger_item': 0.0, 'trigger_senonset': 0.2, 'trigger_verbsonset': 0.81286744068287, 'trigger_1_F0': 0.8382251229745361, 'trigger_suffix': 1.032634020543981, 'trigger_2_F0': 1.090594437210648, 'ID_item': 101, 'ID_senonset': 30, 'ID_verbonset': 31, 'ID_1_F0': 32, 'ID_suffix': 33, 'ID_2_F0': 34, 'ms_senonset': 0, 'ms_verbonset': 0.61286744068287, 'ms_1_F0': 0.638225122974536, 'ms_suffix': 0.832634020543981, 'ms_2_F0': 0.890594437210648, 'file_name': '09c_cargar.wav', 'item_id': 9, 'cond': 'c', 'thisN': 14, 'thisTrialN': 14, 'thisRepN': 0}>
3508.5880 	EXP 	Sound test_sound reached end of file
3508.5944 	EXP 	Sound test_sound started
3508.5894 	DATA 	Keypress: left
3508.5987 	EXP 	polygon_2: autoDraw = False
3508.5987 	EXP 	text_3: autoDraw = False
3508.5987 	EXP 	polygon_2: autoDraw = True
3510.5046 	EXP 	Sound test_sound reached end of file
3510.5127 	EXP 	Sound test_sound reached end of file
3511.0687 	EXP 	New trial (rep=0, index=15): <Trial 15 (15 in rep 0) data={'sounds': 'sounds/13c_montar.wav', 'syll': 'CVC', 'stress_unstress': 'Unstressed', 'suffix': 'Match', 'present_past': 'past', 'corrAns': 'num_2', 'trigger_item': 0.0, 'trigger_senonset': 0.2, 'trigger_verbsonset': 0.8800000000000001, 'trigger_1_F0': 0.98, 'trigger_suffix': 1.24543012152777, 'trigger_2_F0': 1.2594709201388798, 'ID_item': 101, 'ID_senonset': 30, 'ID_verbonset': 31, 'ID_1_F0': 32, 'ID_suffix': 33, 'ID_2_F0': 34, 'ms_senonset': 0, 'ms_verbonset': 0.68, 'ms_1_F0': 0.78, 'ms_suffix': 1.04543012152777, 'ms_2_F0': 1.05947092013888, 'file_name': '13c_montar.wav', 'item_id': 13, 'cond': 'c', 'thisN': 15, 'thisTrialN': 15, 'thisRepN': 0}>
3511.0732 	EXP 	Sound test_sound reached end of file
3511.0777 	EXP 	Sound test_sound started
3511.0770 	DATA 	Keypress: right
3511.0830 	EXP 	polygon_2: autoDraw = False
3511.0830 	EXP 	text_3: autoDraw = False
3511.0830 	EXP 	polygon_2: autoDraw = True
3513.3562 	EXP 	Sound test_sound reached end of file
3513.3620 	EXP 	Sound test_sound reached end of file
3513.8018 	EXP 	New trial (rep=0, index=16): <Trial 16 (16 in rep 0) data={'sounds': 'sounds/10d_vender.wav', 'syll': 'CVC', 'stress_unstress': 'Stressed', 'suffix': 'Mismatch', 'present_past': 'past', 'corrAns': 'num_2', 'trigger_item': 0.0, 'trigger_senonset': 0.2, 'trigger_verbsonset': 0.832830209056713, 'trigger_1_F0': 0.8775468199411529, 'trigger_suffix': 1.109501330306288, 'trigger_2_F0': 1.158928471023364, 'ID_item': 101, 'ID_senonset': 40, 'ID_verbonset': 41, 'ID_1_F0': 42, 'ID_suffix': 43, 'ID_2_F0': 44, 'ms_senonset': 0, 'ms_verbonset': 0.632830209056713, 'ms_1_F0': 0.677546819941153, 'ms_suffix': 0.909501330306288, 'ms_2_F0': 0.958928471023364, 'file_name': '10d_vender.wav', 'item_id': 10, 'cond': 'd', 'thisN': 16, 'thisTrialN': 16, 'thisRepN': 0}>
3513.8063 	EXP 	Sound test_sound reached end of file
3513.8115 	EXP 	Sound test_sound started
3513.8083 	DATA 	Keypress: left
3513.8182 	EXP 	polygon_2: autoDraw = False
3513.8182 	EXP 	text_3: autoDraw = False
3513.8182 	EXP 	polygon_2: autoDraw = True
3515.7072 	EXP 	Sound test_sound reached end of file
3515.7130 	EXP 	Sound test_sound reached end of file
3516.6020 	EXP 	New trial (rep=0, index=17): <Trial 17 (17 in rep 0) data={'sounds': 'sounds/33b_culpar.wav', 'syll': 'CVC', 'stress_unstress': 'Unstressed', 'suffix': 'Mismatch', 'present_past': 'present', 'corrAns': 'num_1', 'trigger_item': 0.0, 'trigger_senonset': 0.2, 'trigger_verbsonset': 0.8606178431336959, 'trigger_1_F0': 0.869103678029107, 'trigger_suffix': 1.109891641372144, 'trigger_2_F0': 1.131540467434179, 'ID_item': 101, 'ID_senonset': 20, 'ID_verbonset': 21, 'ID_1_F0': 22, 'ID_suffix': 23, 'ID_2_F0': 24, 'ms_senonset': 0, 'ms_verbonset': 0.660617843133696, 'ms_1_F0': 0.669103678029107, 'ms_suffix': 0.909891641372144, 'ms_2_F0': 0.931540467434179, 'file_name': '33b_culpar.wav', 'item_id': 33, 'cond': 'b', 'thisN': 17, 'thisTrialN': 17, 'thisRepN': 0}>
3516.6069 	EXP 	Sound test_sound reached end of file
3516.6115 	EXP 	Sound test_sound started
3516.6096 	DATA 	Keypress: left
3516.6183 	EXP 	polygon_2: autoDraw = False
3516.6183 	EXP 	text_3: autoDraw = False
3516.6183 	EXP 	polygon_2: autoDraw = True
3518.7699 	EXP 	Sound test_sound reached end of file
3518.7780 	EXP 	Sound test_sound reached end of file
3520.0679 	EXP 	New trial (rep=0, index=18): <Trial 18 (18 in rep 0) data={'sounds': 'sounds/07c_tumbar.wav', 'syll': 'CVC', 'stress_unstress': 'Unstressed', 'suffix': 'Match', 'present_past': 'past', 'corrAns': 'num_2', 'trigger_item': 0.0, 'trigger_senonset': 0.2, 'trigger_verbsonset': 0.9084024930273432, 'trigger_1_F0': 0.9247360728973012, 'trigger_suffix': 1.143289673625005, 'trigger_2_F0': 1.154847989033482, 'ID_item': 101, 'ID_senonset': 30, 'ID_verbonset': 31, 'ID_1_F0': 32, 'ID_suffix': 33, 'ID_2_F0': 34, 'ms_senonset': 0, 'ms_verbonset': 0.708402493027343, 'ms_1_F0': 0.724736072897301, 'ms_suffix': 0.943289673625005, 'ms_2_F0': 0.954847989033482, 'file_name': '07c_tumbar.wav', 'item_id': 7, 'cond': 'c', 'thisN': 18, 'thisTrialN': 18, 'thisRepN': 0}>
3520.0722 	EXP 	Sound test_sound reached end of file
3520.0776 	EXP 	Sound test_sound started
3520.0742 	DATA 	Keypress: right
3520.0825 	EXP 	polygon_2: autoDraw = False
3520.0825 	EXP 	text_3: autoDraw = False
3520.0825 	EXP 	polygon_2: autoDraw = True
3522.0108 	EXP 	Sound test_sound reached end of file
3522.0278 	EXP 	Sound test_sound reached end of file
3523.4644 	EXP 	New trial (rep=0, index=19): <Trial 19 (19 in rep 0) data={'sounds': 'sounds/19a_marcar.wav', 'syll': 'CVC', 'stress_unstress': 'Stressed', 'suffix': 'Match', 'present_past': 'present', 'corrAns': 'num_1', 'trigger_item': 0.0, 'trigger_senonset': 0.2, 'trigger_verbsonset': 0.8400000000000001, 'trigger_1_F0': 0.97, 'trigger_suffix': 1.245718359375, 'trigger_2_F0': 1.273519140625, 'ID_item': 101, 'ID_senonset': 10, 'ID_verbonset': 11, 'ID_1_F0': 12, 'ID_suffix': 13, 'ID_2_F0': 14, 'ms_senonset': 0, 'ms_verbonset': 0.64, 'ms_1_F0': 0.77, 'ms_suffix': 1.045718359375, 'ms_2_F0': 1.073519140625, 'file_name': '19a_marcar.wav', 'item_id': 19, 'cond': 'a', 'thisN': 19, 'thisTrialN': 19, 'thisRepN': 0}>
3523.4671 	EXP 	Sound test_sound reached end of file
3523.4770 	EXP 	Sound test_sound started
3523.4695 	DATA 	Keypress: left
3523.4787 	EXP 	polygon_2: autoDraw = False
3523.4787 	EXP 	text_3: autoDraw = False
3523.4787 	EXP 	polygon_2: autoDraw = True
3525.3482 	EXP 	Sound test_sound reached end of file
3525.3609 	EXP 	Sound test_sound reached end of file
3525.8699 	DATA 	Keypress: right
3525.8776 	EXP 	polygon_2: autoDraw = False
3525.8776 	EXP 	text_3: autoDraw = True
3528.0639 	EXP 	New trial (rep=0, index=20): <Trial 20 (20 in rep 0) data={'sounds': 'sounds/22d_dejar.wav', 'syll': 'CVC', 'stress_unstress': 'Stressed', 'suffix': 'Mismatch', 'present_past': 'past', 'corrAns': 'num_2', 'trigger_item': 0.0, 'trigger_senonset': 0.2, 'trigger_verbsonset': 0.8500000000000001, 'trigger_1_F0': 1.02, 'trigger_suffix': 1.152543366608796, 'trigger_2_F0': 1.28794346788194, 'ID_item': 101, 'ID_senonset': 40, 'ID_verbonset': 41, 'ID_1_F0': 42, 'ID_suffix': 43, 'ID_2_F0': 44, 'ms_senonset': 0, 'ms_verbonset': 0.65, 'ms_1_F0': 0.82, 'ms_suffix': 0.952543366608796, 'ms_2_F0': 1.08794346788194, 'file_name': '22d_dejar.wav', 'item_id': 22, 'cond': 'd', 'thisN': 20, 'thisTrialN': 20, 'thisRepN': 0}>
3528.0682 	EXP 	Sound test_sound reached end of file
3528.0778 	EXP 	Sound test_sound started
3528.0699 	DATA 	Keypress: space
3528.0797 	EXP 	text_3: autoDraw = False
3528.0797 	EXP 	polygon_2: autoDraw = True
3530.0872 	EXP 	Sound test_sound reached end of file
3530.0948 	EXP 	Sound test_sound reached end of file
3531.4655 	EXP 	New trial (rep=0, index=21): <Trial 21 (21 in rep 0) data={'sounds': 'sounds/32d_pulsar.wav', 'syll': 'CVC', 'stress_unstress': 'Stressed', 'suffix': 'Mismatch', 'present_past': 'past', 'corrAns': 'num_2', 'trigger_item': 0.0, 'trigger_senonset': 0.2, 'trigger_verbsonset': 0.796440212673611, 'trigger_1_F0': 0.8294641710069439, 'trigger_suffix': 0.99, 'trigger_2_F0': 1.097783832465277, 'ID_item': 101, 'ID_senonset': 40, 'ID_verbonset': 41, 'ID_1_F0': 42, 'ID_suffix': 43, 'ID_2_F0': 44, 'ms_senonset': 0, 'ms_verbonset': 0.596440212673611, 'ms_1_F0': 0.629464171006944, 'ms_suffix': 0.79, 'ms_2_F0': 0.897783832465277, 'file_name': '32d_pulsar.wav', 'item_id': 32, 'cond': 'd', 'thisN': 21, 'thisTrialN': 21, 'thisRepN': 0}>
3531.4690 	EXP 	Sound test_sound reached end of file
3531.4772 	EXP 	Sound test_sound started
3531.4712 	DATA 	Keypress: left
3531.4800 	EXP 	polygon_2: autoDraw = False
3531.4800 	EXP 	text_3: autoDraw = False
3531.4800 	EXP 	polygon_2: autoDraw = True
3533.2746 	EXP 	Sound test_sound reached end of file
3533.2807 	EXP 	Sound test_sound reached end of file
3534.5846 	EXP 	New trial (rep=0, index=22): <Trial 22 (22 in rep 0) data={'sounds': 'sounds/35b_secar.wav', 'syll': 'CVC', 'stress_unstress': 'Unstressed', 'suffix': 'Mismatch', 'present_past': 'present', 'corrAns': 'num_1', 'trigger_item': 0.0, 'trigger_senonset': 0.2, 'trigger_verbsonset': 0.8990044921875, 'trigger_1_F0': 1.025708658854166, 'trigger_suffix': 1.179689416956018, 'trigger_2_F0': 1.20652606336805, 'ID_item': 101, 'ID_senonset': 20, 'ID_verbonset': 21, 'ID_1_F0': 22, 'ID_suffix': 23, 'ID_2_F0': 24, 'ms_senonset': 0, 'ms_verbonset': 0.6990044921875, 'ms_1_F0': 0.825708658854166, 'ms_suffix': 0.979689416956018, 'ms_2_F0': 1.00652606336805, 'file_name': '35b_secar.wav', 'item_id': 35, 'cond': 'b', 'thisN': 22, 'thisTrialN': 22, 'thisRepN': 0}>
3534.5887 	EXP 	Sound test_sound reached end of file
3534.5947 	EXP 	Sound test_sound started
3534.5899 	DATA 	Keypress: left
3534.5994 	EXP 	polygon_2: autoDraw = False
3534.5994 	EXP 	text_3: autoDraw = False
3534.5994 	EXP 	polygon_2: autoDraw = True
3536.7159 	EXP 	Sound test_sound reached end of file
3536.7273 	EXP 	Sound test_sound reached end of file
3537.3345 	EXP 	New trial (rep=0, index=23): <Trial 23 (23 in rep 0) data={'sounds': 'sounds/39b_manchar.wav', 'syll': 'CVC', 'stress_unstress': 'Unstressed', 'suffix': 'Mismatch', 'present_past': 'present', 'corrAns': 'num_1', 'trigger_item': 0.0, 'trigger_senonset': 0.2, 'trigger_verbsonset': 0.81, 'trigger_1_F0': 0.91203755787037, 'trigger_suffix': 1.140584317129629, 'trigger_2_F0': 1.2139708912037, 'ID_item': 101, 'ID_senonset': 20, 'ID_verbonset': 21, 'ID_1_F0': 22, 'ID_suffix': 23, 'ID_2_F0': 24, 'ms_senonset': 0, 'ms_verbonset': 0.61, 'ms_1_F0': 0.71203755787037, 'ms_suffix': 0.940584317129629, 'ms_2_F0': 1.0139708912037, 'file_name': '39b_manchar.wav', 'item_id': 39, 'cond': 'b', 'thisN': 23, 'thisTrialN': 23, 'thisRepN': 0}>
3537.3401 	EXP 	Sound test_sound reached end of file
3537.3445 	EXP 	Sound test_sound started
3537.3437 	DATA 	Keypress: right
3537.3525 	EXP 	polygon_2: autoDraw = False
3537.3525 	EXP 	text_3: autoDraw = False
3537.3525 	EXP 	polygon_2: autoDraw = True
3539.3315 	DATA 	Keypress: right
3539.3660 	EXP 	Sound test_sound paused
3539.3704 	EXP 	New trial (rep=0, index=24): <Trial 24 (24 in rep 0) data={'sounds': 'sounds/38b_pagar.wav', 'syll': 'CVC', 'stress_unstress': 'Unstressed', 'suffix': 'Mismatch', 'present_past': 'present', 'corrAns': 'num_1', 'trigger_item': 0.0, 'trigger_senonset': 0.2, 'trigger_verbsonset': 1.166737304687499, 'trigger_1_F0': 1.185271158854166, 'trigger_suffix': 1.29521061197916, 'trigger_2_F0': 1.4055712890624898, 'ID_item': 101, 'ID_senonset': 20, 'ID_verbonset': 21, 'ID_1_F0': 22, 'ID_suffix': 23, 'ID_2_F0': 24, 'ms_senonset': 0, 'ms_verbonset': 0.966737304687499, 'ms_1_F0': 0.985271158854166, 'ms_suffix': 1.09521061197916, 'ms_2_F0': 1.20557128906249, 'file_name': '38b_pagar.wav', 'item_id': 38, 'cond': 'b', 'thisN': 24, 'thisTrialN': 24, 'thisRepN': 0}>
3539.3755 	EXP 	Sound test_sound reached end of file
3539.3776 	EXP 	Sound test_sound started
3539.3872 	EXP 	polygon_2: autoDraw = False
3539.3872 	EXP 	text_3: autoDraw = False
3539.3872 	EXP 	polygon_2: autoDraw = True
3541.6115 	EXP 	Sound test_sound reached end of file
3541.6284 	EXP 	Sound test_sound reached end of file
3542.0985 	DATA 	Keypress: right
3542.1179 	EXP 	New trial (rep=0, index=25): <Trial 25 (25 in rep 0) data={'sounds': 'sounds/01d_salvar.wav', 'syll': 'CVC', 'stress_unstress': 'Stressed', 'suffix': 'Mismatch', 'present_past': 'past', 'corrAns': 'num_2', 'trigger_item': 0.0, 'trigger_senonset': 0.2, 'trigger_verbsonset': 0.8500000000000001, 'trigger_1_F0': 0.996069502314814, 'trigger_suffix': 1.23, 'trigger_2_F0': 1.29, 'ID_item': 101, 'ID_senonset': 40, 'ID_verbonset': 41, 'ID_1_F0': 42, 'ID_suffix': 43, 'ID_2_F0': 44, 'ms_senonset': 0, 'ms_verbonset': 0.65, 'ms_1_F0': 0.796069502314814, 'ms_suffix': 1.03, 'ms_2_F0': 1.09, 'file_name': '01d_salvar.wav', 'item_id': 1, 'cond': 'd', 'thisN': 25, 'thisTrialN': 25, 'thisRepN': 0}>
3542.1231 	EXP 	Sound test_sound reached end of file
3542.1279 	EXP 	Sound test_sound started
3542.1330 	EXP 	polygon_2: autoDraw = False
3542.1330 	EXP 	text_3: autoDraw = False
3542.1330 	EXP 	polygon_2: autoDraw = True
3544.1672 	EXP 	Sound test_sound reached end of file
3544.1774 	EXP 	Sound test_sound reached end of file
3544.6177 	EXP 	New trial (rep=0, index=26): <Trial 26 (26 in rep 0) data={'sounds': 'sounds/24d_mirar.wav', 'syll': 'CVC', 'stress_unstress': 'Stressed', 'suffix': 'Mismatch', 'present_past': 'past', 'corrAns': 'num_2', 'trigger_item': 0.0, 'trigger_senonset': 0.2, 'trigger_verbsonset': 0.71, 'trigger_1_F0': 0.8119545789930551, 'trigger_suffix': 0.9389863642939812, 'trigger_2_F0': 0.9746780743634248, 'ID_item': 101, 'ID_senonset': 40, 'ID_verbonset': 41, 'ID_1_F0': 42, 'ID_suffix': 43, 'ID_2_F0': 44, 'ms_senonset': 0, 'ms_verbonset': 0.51, 'ms_1_F0': 0.611954578993055, 'ms_suffix': 0.738986364293981, 'ms_2_F0': 0.774678074363425, 'file_name': '24d_mirar.wav', 'item_id': 24, 'cond': 'd', 'thisN': 26, 'thisTrialN': 26, 'thisRepN': 0}>
3544.6215 	EXP 	Sound test_sound reached end of file
3544.6277 	EXP 	Sound test_sound started
3544.6227 	DATA 	Keypress: left
3544.6316 	EXP 	polygon_2: autoDraw = False
3544.6316 	EXP 	text_3: autoDraw = False
3544.6316 	EXP 	polygon_2: autoDraw = True
3546.3118 	EXP 	Sound test_sound reached end of file
3546.3282 	EXP 	Sound test_sound reached end of file
3549.2344 	EXP 	New trial (rep=0, index=27): <Trial 27 (27 in rep 0) data={'sounds': 'sounds/21a_mezclar.wav', 'syll': 'CVC', 'stress_unstress': 'Stressed', 'suffix': 'Match', 'present_past': 'present', 'corrAns': 'num_1', 'trigger_item': 0.0, 'trigger_senonset': 0.2, 'trigger_verbsonset': 0.78, 'trigger_1_F0': 0.9121902777777772, 'trigger_suffix': 1.20214212962962, 'trigger_2_F0': 1.27, 'ID_item': 101, 'ID_senonset': 10, 'ID_verbonset': 11, 'ID_1_F0': 12, 'ID_suffix': 13, 'ID_2_F0': 14, 'ms_senonset': 0, 'ms_verbonset': 0.58, 'ms_1_F0': 0.712190277777777, 'ms_suffix': 1.00214212962962, 'ms_2_F0': 1.07, 'file_name': '21a_mezclar.wav', 'item_id': 21, 'cond': 'a', 'thisN': 27, 'thisTrialN': 27, 'thisRepN': 0}>
3549.2387 	EXP 	Sound test_sound reached end of file
3549.2442 	EXP 	Sound test_sound started
3549.2412 	DATA 	Keypress: left
3549.2501 	EXP 	polygon_2: autoDraw = False
3549.2501 	EXP 	text_3: autoDraw = False
3549.2501 	EXP 	polygon_2: autoDraw = True
3551.2507 	EXP 	Sound test_sound reached end of file
3551.2610 	EXP 	Sound test_sound reached end of file
3553.7181 	EXP 	New trial (rep=0, index=28): <Trial 28 (28 in rep 0) data={'sounds': 'sounds/18b_cumplir.wav', 'syll': 'CVC', 'stress_unstress': 'Unstressed', 'suffix': 'Mismatch', 'present_past': 'present', 'corrAns': 'num_1', 'trigger_item': 0.0, 'trigger_senonset': 0.2, 'trigger_verbsonset': 1.2408027271412, 'trigger_1_F0': 1.25568597366898, 'trigger_suffix': 1.46256310040509, 'trigger_2_F0': 1.54144430700231, 'ID_item': 101, 'ID_senonset': 20, 'ID_verbonset': 21, 'ID_1_F0': 22, 'ID_suffix': 23, 'ID_2_F0': 24, 'ms_senonset': 0, 'ms_verbonset': 1.0408027271412, 'ms_1_F0': 1.05568597366898, 'ms_suffix': 1.26256310040509, 'ms_2_F0': 1.34144430700231, 'file_name': '18b_cumplir.wav', 'item_id': 18, 'cond': 'b', 'thisN': 28, 'thisTrialN': 28, 'thisRepN': 0}>
3553.7230 	EXP 	Sound test_sound reached end of file
3553.7281 	EXP 	Sound test_sound started
3553.7256 	DATA 	Keypress: left
3553.7345 	EXP 	polygon_2: autoDraw = False
3553.7345 	EXP 	text_3: autoDraw = False
3553.7345 	EXP 	polygon_2: autoDraw = True
3555.8953 	EXP 	Sound test_sound reached end of file
3555.9007 	EXP 	Sound test_sound reached end of file
3560.1179 	EXP 	New trial (rep=0, index=29): <Trial 29 (29 in rep 0) data={'sounds': 'sounds/11a_pegar.wav', 'syll': 'CVC', 'stress_unstress': 'Stressed', 'suffix': 'Match', 'present_past': 'present', 'corrAns': 'num_1', 'trigger_item': 0.0, 'trigger_senonset': 0.2, 'trigger_verbsonset': 0.8182808977343741, 'trigger_1_F0': 0.831294515585661, 'trigger_suffix': 0.98, 'trigger_2_F0': 1.012063288108519, 'ID_item': 101, 'ID_senonset': 10, 'ID_verbonset': 11, 'ID_1_F0': 12, 'ID_suffix': 13, 'ID_2_F0': 14, 'ms_senonset': 0, 'ms_verbonset': 0.618280897734374, 'ms_1_F0': 0.631294515585661, 'ms_suffix': 0.78, 'ms_2_F0': 0.812063288108519, 'file_name': '11a_pegar.wav', 'item_id': 11, 'cond': 'a', 'thisN': 29, 'thisTrialN': 29, 'thisRepN': 0}>
3560.1220 	EXP 	Sound test_sound reached end of file
3560.1280 	EXP 	Sound test_sound started
3560.1245 	DATA 	Keypress: right
3560.1316 	EXP 	polygon_2: autoDraw = False
3560.1316 	EXP 	text_3: autoDraw = False
3560.1316 	EXP 	polygon_2: autoDraw = True
3562.0486 	EXP 	Sound test_sound reached end of file
3562.0609 	EXP 	Sound test_sound reached end of file
3563.4881 	DATA 	Keypress: left
3563.4944 	EXP 	polygon_2: autoDraw = False
3563.4944 	EXP 	text_3: autoDraw = True
3575.1802 	EXP 	New trial (rep=0, index=30): <Trial 30 (30 in rep 0) data={'sounds': 'sounds/03b_limpiar.wav', 'syll': 'CVC', 'stress_unstress': 'Unstressed', 'suffix': 'Mismatch', 'present_past': 'present', 'corrAns': 'num_1', 'trigger_item': 0.0, 'trigger_senonset': 0.2, 'trigger_verbsonset': 0.8500000000000001, 'trigger_1_F0': 0.932367621527777, 'trigger_suffix': 1.26878515625, 'trigger_2_F0': 1.35808463541666, 'ID_item': 101, 'ID_senonset': 20, 'ID_verbonset': 21, 'ID_1_F0': 22, 'ID_suffix': 23, 'ID_2_F0': 24, 'ms_senonset': 0, 'ms_verbonset': 0.65, 'ms_1_F0': 0.732367621527777, 'ms_suffix': 1.06878515625, 'ms_2_F0': 1.15808463541666, 'file_name': '03b_limpiar.wav', 'item_id': 3, 'cond': 'b', 'thisN': 30, 'thisTrialN': 30, 'thisRepN': 0}>
3575.1847 	EXP 	Sound test_sound reached end of file
3575.1942 	EXP 	Sound test_sound started
3575.1880 	DATA 	Keypress: space
3575.1958 	EXP 	text_3: autoDraw = False
3575.1958 	EXP 	polygon_2: autoDraw = True
3577.3121 	EXP 	Sound test_sound reached end of file
3577.3290 	EXP 	Sound test_sound reached end of file
3577.9347 	EXP 	New trial (rep=0, index=31): <Trial 31 (31 in rep 0) data={'sounds': 'sounds/40c_gastar.wav', 'syll': 'CVC', 'stress_unstress': 'Unstressed', 'suffix': 'Match', 'present_past': 'past', 'corrAns': 'num_2', 'trigger_item': 0.0, 'trigger_senonset': 0.2, 'trigger_verbsonset': 0.8300000000000001, 'trigger_1_F0': 0.8400000000000001, 'trigger_suffix': 1.163436328125, 'trigger_2_F0': 1.183149609375, 'ID_item': 101, 'ID_senonset': 30, 'ID_verbonset': 31, 'ID_1_F0': 32, 'ID_suffix': 33, 'ID_2_F0': 34, 'ms_senonset': 0, 'ms_verbonset': 0.63, 'ms_1_F0': 0.64, 'ms_suffix': 0.963436328125, 'ms_2_F0': 0.983149609375, 'file_name': '40c_gastar.wav', 'item_id': 40, 'cond': 'c', 'thisN': 31, 'thisTrialN': 31, 'thisRepN': 0}>
3577.9392 	EXP 	Sound test_sound reached end of file
3577.9445 	EXP 	Sound test_sound started
3577.9420 	DATA 	Keypress: right
3577.9510 	EXP 	polygon_2: autoDraw = False
3577.9510 	EXP 	text_3: autoDraw = False
3577.9510 	EXP 	polygon_2: autoDraw = True
3580.0421 	EXP 	Sound test_sound reached end of file
3580.0478 	EXP 	Sound test_sound reached end of file
3580.6335 	EXP 	New trial (rep=0, index=32): <Trial 32 (32 in rep 0) data={'sounds': 'sounds/15b_partir.wav', 'syll': 'CVC', 'stress_unstress': 'Unstressed', 'suffix': 'Mismatch', 'present_past': 'present', 'corrAns': 'num_1', 'trigger_item': 0.0, 'trigger_senonset': 0.2, 'trigger_verbsonset': 0.826865400752314, 'trigger_1_F0': 0.842973894883327, 'trigger_suffix': 1.1042888772729471, 'trigger_2_F0': 1.120815958498066, 'ID_item': 101, 'ID_senonset': 20, 'ID_verbonset': 21, 'ID_1_F0': 22, 'ID_suffix': 23, 'ID_2_F0': 24, 'ms_senonset': 0, 'ms_verbonset': 0.626865400752314, 'ms_1_F0': 0.642973894883327, 'ms_suffix': 0.904288877272947, 'ms_2_F0': 0.920815958498066, 'file_name': '15b_partir.wav', 'item_id': 15, 'cond': 'b', 'thisN': 32, 'thisTrialN': 32, 'thisRepN': 0}>
3580.6376 	EXP 	Sound test_sound reached end of file
3580.6442 	EXP 	Sound test_sound started
3580.6399 	DATA 	Keypress: left
3580.6479 	EXP 	polygon_2: autoDraw = False
3580.6479 	EXP 	text_3: autoDraw = False
3580.6479 	EXP 	polygon_2: autoDraw = True
3582.6932 	EXP 	Sound test_sound reached end of file
3582.6982 	EXP 	Sound test_sound reached end of file
3583.1512 	EXP 	New trial (rep=0, index=33): <Trial 33 (33 in rep 0) data={'sounds': 'sounds/12a_matar.wav', 'syll': 'CVC', 'stress_unstress': 'Stressed', 'suffix': 'Match', 'present_past': 'present', 'corrAns': 'num_1', 'trigger_item': 0.0, 'trigger_senonset': 0.2, 'trigger_verbsonset': 0.8400000000000001, 'trigger_1_F0': 0.96, 'trigger_suffix': 1.17307472511574, 'trigger_2_F0': 1.186647497106481, 'ID_item': 101, 'ID_senonset': 10, 'ID_verbonset': 11, 'ID_1_F0': 12, 'ID_suffix': 13, 'ID_2_F0': 14, 'ms_senonset': 0, 'ms_verbonset': 0.64, 'ms_1_F0': 0.76, 'ms_suffix': 0.97307472511574, 'ms_2_F0': 0.986647497106481, 'file_name': '12a_matar.wav', 'item_id': 12, 'cond': 'a', 'thisN': 33, 'thisTrialN': 33, 'thisRepN': 0}>
3583.1558 	EXP 	Sound test_sound reached end of file
3583.1609 	EXP 	Sound test_sound started
3583.1591 	DATA 	Keypress: left
3583.1659 	EXP 	polygon_2: autoDraw = False
3583.1659 	EXP 	text_3: autoDraw = False
3583.1659 	EXP 	polygon_2: autoDraw = True
3585.3334 	EXP 	Sound test_sound reached end of file
3585.3444 	EXP 	Sound test_sound reached end of file
3585.4176 	EXP 	New trial (rep=0, index=34): <Trial 34 (34 in rep 0) data={'sounds': 'sounds/06d_soplar.wav', 'syll': 'CVC', 'stress_unstress': 'Stressed', 'suffix': 'Mismatch', 'present_past': 'past', 'corrAns': 'num_2', 'trigger_item': 0.0, 'trigger_senonset': 0.2, 'trigger_verbsonset': 0.761291666666666, 'trigger_1_F0': 0.8899999999999999, 'trigger_suffix': 1.102139687590422, 'trigger_2_F0': 1.166665581687644, 'ID_item': 101, 'ID_senonset': 40, 'ID_verbonset': 41, 'ID_1_F0': 42, 'ID_suffix': 43, 'ID_2_F0': 44, 'ms_senonset': 0, 'ms_verbonset': 0.561291666666666, 'ms_1_F0': 0.69, 'ms_suffix': 0.902139687590422, 'ms_2_F0': 0.966665581687644, 'file_name': '06d_soplar.wav', 'item_id': 6, 'cond': 'd', 'thisN': 34, 'thisTrialN': 34, 'thisRepN': 0}>
3585.4219 	EXP 	Sound test_sound reached end of file
3585.4276 	EXP 	Sound test_sound started
3585.4240 	DATA 	Keypress: left
3585.4321 	EXP 	polygon_2: autoDraw = False
3585.4321 	EXP 	text_3: autoDraw = False
3585.4321 	EXP 	polygon_2: autoDraw = True
3587.2900 	EXP 	Sound test_sound reached end of file
3587.2958 	EXP 	Sound test_sound reached end of file
3589.6843 	EXP 	New trial (rep=0, index=35): <Trial 35 (35 in rep 0) data={'sounds': 'sounds/04c_plantar.wav', 'syll': 'CVC', 'stress_unstress': 'Unstressed', 'suffix': 'Match', 'present_past': 'past', 'corrAns': 'num_2', 'trigger_item': 0.0, 'trigger_senonset': 0.2, 'trigger_verbsonset': 0.862877574458911, 'trigger_1_F0': 0.9343518689653568, 'trigger_suffix': 1.20493812332404, 'trigger_2_F0': 1.21897569287037, 'ID_item': 101, 'ID_senonset': 30, 'ID_verbonset': 31, 'ID_1_F0': 32, 'ID_suffix': 33, 'ID_2_F0': 34, 'ms_senonset': 0, 'ms_verbonset': 0.662877574458911, 'ms_1_F0': 0.734351868965357, 'ms_suffix': 1.00493812332404, 'ms_2_F0': 1.01897569287037, 'file_name': '04c_plantar.wav', 'item_id': 4, 'cond': 'c', 'thisN': 35, 'thisTrialN': 35, 'thisRepN': 0}>
3589.6888 	EXP 	Sound test_sound reached end of file
3589.6945 	EXP 	Sound test_sound started
3589.6925 	DATA 	Keypress: left
3589.6997 	EXP 	polygon_2: autoDraw = False
3589.6997 	EXP 	text_3: autoDraw = False
3589.6997 	EXP 	polygon_2: autoDraw = True
3591.7237 	EXP 	Sound test_sound reached end of file
3591.7309 	EXP 	Sound test_sound reached end of file
3592.6525 	EXP 	New trial (rep=0, index=36): <Trial 36 (36 in rep 0) data={'sounds': 'sounds/37b_pasar.wav', 'syll': 'CVC', 'stress_unstress': 'Unstressed', 'suffix': 'Mismatch', 'present_past': 'present', 'corrAns': 'num_1', 'trigger_item': 0.0, 'trigger_senonset': 0.2, 'trigger_verbsonset': 1.033132486979166, 'trigger_1_F0': 1.052087565104166, 'trigger_suffix': 1.159499674479166, 'trigger_2_F0': 1.27702115885416, 'ID_item': 101, 'ID_senonset': 20, 'ID_verbonset': 21, 'ID_1_F0': 22, 'ID_suffix': 23, 'ID_2_F0': 24, 'ms_senonset': 0, 'ms_verbonset': 0.833132486979166, 'ms_1_F0': 0.852087565104166, 'ms_suffix': 0.959499674479166, 'ms_2_F0': 1.07702115885416, 'file_name': '37b_pasar.wav', 'item_id': 37, 'cond': 'b', 'thisN': 36, 'thisTrialN': 36, 'thisRepN': 0}>
3592.6574 	EXP 	Sound test_sound reached end of file
3592.6616 	EXP 	Sound test_sound started
3592.6601 	DATA 	Keypress: right
3592.6679 	EXP 	polygon_2: autoDraw = False
3592.6679 	EXP 	text_3: autoDraw = False
3592.6679 	EXP 	polygon_2: autoDraw = True
3594.7618 	EXP 	Sound test_sound reached end of file
3594.7775 	EXP 	Sound test_sound reached end of file
3595.0515 	EXP 	New trial (rep=0, index=37): <Trial 37 (37 in rep 0) data={'sounds': 'sounds/02c_buscar.wav', 'syll': 'CVC', 'stress_unstress': 'Unstressed', 'suffix': 'Match', 'present_past': 'past', 'corrAns': 'num_2', 'trigger_item': 0.0, 'trigger_senonset': 0.2, 'trigger_verbsonset': 0.8700000000000001, 'trigger_1_F0': 1.07, 'trigger_suffix': 1.26, 'trigger_2_F0': 1.40703946035879, 'ID_item': 101, 'ID_senonset': 30, 'ID_verbonset': 31, 'ID_1_F0': 32, 'ID_suffix': 33, 'ID_2_F0': 34, 'ms_senonset': 0, 'ms_verbonset': 0.67, 'ms_1_F0': 0.87, 'ms_suffix': 1.06, 'ms_2_F0': 1.20703946035879, 'file_name': '02c_buscar.wav', 'item_id': 2, 'cond': 'c', 'thisN': 37, 'thisTrialN': 37, 'thisRepN': 0}>
3595.0560 	EXP 	Sound test_sound reached end of file
3595.0611 	EXP 	Sound test_sound started
3595.0592 	DATA 	Keypress: right
3595.0673 	EXP 	polygon_2: autoDraw = False
3595.0673 	EXP 	text_3: autoDraw = False
3595.0673 	EXP 	polygon_2: autoDraw = True
3597.1695 	EXP 	Sound test_sound reached end of file
3597.1780 	EXP 	Sound test_sound reached end of file
3600.2498 	EXP 	New trial (rep=0, index=38): <Trial 38 (38 in rep 0) data={'sounds': 'sounds/28d_parar.wav', 'syll': 'CVC', 'stress_unstress': 'Stressed', 'suffix': 'Mismatch', 'present_past': 'past', 'corrAns': 'num_2', 'trigger_item': 0.0, 'trigger_senonset': 0.2, 'trigger_verbsonset': 0.8458860026041659, 'trigger_1_F0': 0.862313736979166, 'trigger_suffix': 1.018194683159722, 'trigger_2_F0': 1.032797113715277, 'ID_item': 101, 'ID_senonset': 40, 'ID_verbonset': 41, 'ID_1_F0': 42, 'ID_suffix': 43, 'ID_2_F0': 44, 'ms_senonset': 0, 'ms_verbonset': 0.645886002604166, 'ms_1_F0': 0.662313736979166, 'ms_suffix': 0.818194683159722, 'ms_2_F0': 0.832797113715277, 'file_name': '28d_parar.wav', 'item_id': 28, 'cond': 'd', 'thisN': 38, 'thisTrialN': 38, 'thisRepN': 0}>
3600.2535 	EXP 	Sound test_sound reached end of file
3600.2608 	EXP 	Sound test_sound started
3600.2560 	DATA 	Keypress: left
3600.2645 	EXP 	polygon_2: autoDraw = False
3600.2645 	EXP 	text_3: autoDraw = False
3600.2645 	EXP 	polygon_2: autoDraw = True
3602.1555 	EXP 	Sound test_sound reached end of file
3602.1623 	EXP 	Sound test_sound reached end of file
3603.2837 	EXP 	New trial (rep=0, index=39): <Trial 39 (39 in rep 0) data={'sounds': 'sounds/20c_cubrir.wav', 'syll': 'CVC', 'stress_unstress': 'Unstressed', 'suffix': 'Match', 'present_past': 'past', 'corrAns': 'num_2', 'trigger_item': 0.0, 'trigger_senonset': 0.2, 'trigger_verbsonset': 0.980138641742621, 'trigger_1_F0': 1.01, 'trigger_suffix': 1.192436112212021, 'trigger_2_F0': 1.28412143493692, 'ID_item': 101, 'ID_senonset': 30, 'ID_verbonset': 31, 'ID_1_F0': 32, 'ID_suffix': 33, 'ID_2_F0': 34, 'ms_senonset': 0, 'ms_verbonset': 0.780138641742621, 'ms_1_F0': 0.81, 'ms_suffix': 0.992436112212021, 'ms_2_F0': 1.08412143493692, 'file_name': '20c_cubrir.wav', 'item_id': 20, 'cond': 'c', 'thisN': 39, 'thisTrialN': 39, 'thisRepN': 0}>
3603.2880 	EXP 	Sound test_sound reached end of file
3603.2946 	EXP 	Sound test_sound started
3603.2899 	DATA 	Keypress: right
3603.2973 	EXP 	polygon_2: autoDraw = False
3603.2973 	EXP 	text_3: autoDraw = False
3603.2973 	EXP 	polygon_2: autoDraw = True
3605.4151 	EXP 	Sound test_sound reached end of file
3605.4278 	EXP 	Sound test_sound reached end of file
3606.8531 	DATA 	Keypress: left
3606.8605 	EXP 	polygon_2: autoDraw = False
3606.8605 	EXP 	text_3: autoDraw = False
3606.8605 	EXP 	text_2: autoDraw = True
3612.9317 	DATA 	Keypress: space
3613.0395 	EXP 	text_2: autoDraw = False
3613.0397 	EXP 	LangExperimentstress: status = STOPPED
