30.0077 	WARNING 	User requested fullscreen with size [1536  864], but screen is actually [1920, 1080]. Using actual size
30.2771 	EXP 	Created window1 = Window(allowGUI=False, allowStencil=False, autoLog=True, backendConf=UNKNOWN, backgroundFit=<method-wrapper '__getattribute__' of attributeSetter object at 0x0000026759E53F40>, backgroundImage=<method-wrapper '__getattribute__' of attributeSetter object at 0x0000026759E53EE0>, bitsMode=UNKNOWN, blendMode='avg', bpc=(8, 8, 8), color=array([0, 0, 0]), colorSpace='rgb', depthBits=8, fullscr=True, gamma=None, gammaErrorPolicy='raise', infoMsg=UNKNOWN, lms=UNKNOWN, monitor=<psychopy.monitors.calibTools.Monitor object at 0x0000026762130E80>, multiSample=False, name='window1', numSamples=2, pos=[0.0, 0.0], screen=0, size=array([1920, 1080]), stencilBits=0, stereo=False, title='PsychoPy', units='height', useFBO=True, useRetina=False, viewOri=0.0, viewPos=None, viewScale=None, waitBlanking=True, winType='pyglet')
30.2772 	EXP 	window1: backgroundImage = ''
30.2772 	EXP 	window1: backgroundFit = 'none'
30.4551 	EXP 	window1: Attempting to measure frame rate of screen (0) ...
30.4551 	EXP 	window1: recordFrameIntervals = False
30.6248 	EXP 	window1: recordFrameIntervals = True
30.8087 	EXP 	Screen (0) actual frame rate measured at 60.04Hz
30.8088 	EXP 	window1: recordFrameIntervals = False
33.4036 	EXP 	LangExperimentstress: status = STARTED
33.4922 	EXP 	Created instr = TextStim(__class__=<class 'psychopy.visual.text.TextStim'>, alignHoriz=method-wrapper(...), alignText='center', alignVert=method-wrapper(...), anchorHoriz='center', anchorVert='center', antialias=True, autoDraw=False, autoLog=True, bold=False, color=array([1., 1., 1.]), colorSpace='rgb', contrast=1.0, depth=0.0, draggable=False, flipHoriz=False, flipVert=False, font='Arial', fontFiles=[], height=0.08, italic=False, languageStyle='LTR', name='instr', opacity=1, ori=0, pos=array([0., 0.]), rgb=UNKNOWN, text=str(...), units='height', win=Window(...), wrapWidth=1)
33.8810 	EXP 	Sound test_sound_2 set volume 1.000
33.8833 	EXP 	Created polygon = ShapeStim(__class__=<class 'psychopy.visual.shape.ShapeStim'>, anchor=('center', 'center'), autoDraw=False, autoLog=True, closeShape=True, color=method-wrapper(...), colorSpace='rgb', contrast=None, depth=-2.0, draggable=False, fillColor=array([-1, -1, -1]), fillColorSpace='rgb', fillRGB=array([-1, -1, -1]), interpolate=True, lineColor=array([-1., -1., -1.]), lineColorSpace='rgb', lineRGB=array([-1, -1, -1]), lineWidth=1, name='polygon', opacity=1, ori=0.0, pos=array([0., 0.]), size=array([0.15, 0.15]), units='height', vertices=ndarray(...), win=Window(...), windingRule=None)
33.8953 	EXP 	Created text_3 = TextStim(__class__=<class 'psychopy.visual.text.TextStim'>, alignHoriz=method-wrapper(...), alignText='center', alignVert=method-wrapper(...), anchorHoriz='center', anchorVert='center', antialias=True, autoDraw=False, autoLog=True, bold=False, color=array([1., 1., 1.]), colorSpace='rgb', contrast=1.0, depth=0.0, draggable=False, flipHoriz=False, flipVert=False, font='Arial', fontFiles=[], height=0.1, italic=False, languageStyle='LTR', name='text_3', opacity=1, ori=0, pos=array([0., 0.]), rgb=UNKNOWN, text=str(...), units='height', win=Window(...), wrapWidth=1)
33.9013 	EXP 	Created instr = TextStim(__class__=<class 'psychopy.visual.text.TextStim'>, alignHoriz=method-wrapper(...), alignText='center', alignVert=method-wrapper(...), anchorHoriz='center', anchorVert='center', antialias=True, autoDraw=False, autoLog=True, bold=False, color=array([1., 1., 1.]), colorSpace='rgb', contrast=1.0, depth=0.0, draggable=False, flipHoriz=False, flipVert=False, font='Arial', fontFiles=[], height=0.08, italic=False, languageStyle='LTR', name='instr', opacity=1, ori=0, pos=array([0., 0.]), rgb=UNKNOWN, text=str(...), units='height', win=Window(...), wrapWidth=1)
34.0535 	EXP 	Sound test_sound set volume 1.000
34.0552 	EXP 	Created polygon_2 = ShapeStim(__class__=<class 'psychopy.visual.shape.ShapeStim'>, anchor=('center', 'center'), autoDraw=False, autoLog=True, closeShape=True, color=method-wrapper(...), colorSpace='rgb', contrast=None, depth=-2.0, draggable=False, fillColor=array([-1, -1, -1]), fillColorSpace='rgb', fillRGB=array([-1, -1, -1]), interpolate=True, lineColor=array([-1., -1., -1.]), lineColorSpace='rgb', lineRGB=array([-1, -1, -1]), lineWidth=1, name='polygon_2', opacity=1, ori=0.0, pos=array([0., 0.]), size=array([0.15, 0.15]), units='height', vertices=ndarray(...), win=Window(...), windingRule=None)
34.0608 	EXP 	Created text_3 = TextStim(__class__=<class 'psychopy.visual.text.TextStim'>, alignHoriz=method-wrapper(...), alignText='center', alignVert=method-wrapper(...), anchorHoriz='center', anchorVert='center', antialias=True, autoDraw=False, autoLog=True, bold=False, color=array([1., 1., 1.]), colorSpace='rgb', contrast=1.0, depth=0.0, draggable=False, flipHoriz=False, flipVert=False, font='Arial', fontFiles=[], height=0.1, italic=False, languageStyle='LTR', name='text_3', opacity=1, ori=0, pos=array([0., 0.]), rgb=UNKNOWN, text=str(...), units='height', win=Window(...), wrapWidth=1)
34.0745 	EXP 	Created text_2 = TextStim(__class__=<class 'psychopy.visual.text.TextStim'>, alignHoriz=method-wrapper(...), alignText='center', alignVert=method-wrapper(...), anchorHoriz='center', anchorVert='center', antialias=True, autoDraw=False, autoLog=True, bold=False, color=array([1., 1., 1.]), colorSpace='rgb', contrast=1.0, depth=0.0, draggable=False, flipHoriz=False, flipVert=False, font='Arial', fontFiles=[], height=0.1, italic=False, languageStyle='LTR', name='text_2', opacity=1, ori=0, pos=array([0., 0.]), rgb=UNKNOWN, text=str(...), units='height', win=Window(...), wrapWidth=1)
0.0168 	EXP 	instr: autoDraw = True
3476.4184 	DATA 	Keypress: return
3476.4633 	DATA 	Keypress: num_decimal
3476.5635 	DATA 	Keypress: num_0
3523.3800 	DATA 	Keypress: num_decimal
3523.3802 	DATA 	Keypress: return
8243.9935 	EXP 	Imported selected_practice.csv as conditions, 4 conditions, 27 params
8243.9940 	EXP 	New trial (rep=0, index=0): <Trial 0 (0 in rep 0) data={'sounds': 'sounds/p2b_cortar.wav', 'syll': 'CVC', 'stress_unstress': 'Unstressed', 'suffix': 'Mismatch', 'present_past': 'present', 'corrAns': 'num_1', 'trigger_item': 0.0, 'trigger_senonset': 0.205513, 'trigger_verbsonset': 0.8629519999999999, 'trigger_1_F0': 0.984841, 'trigger_suffix': 1.219715, 'trigger_2_F0': 1.27, 'ID_item': 101, 'ID_senonset': 20, 'ID_verbonset': 21, 'ID_1_F0': 22, 'ID_suffix': 23, 'ID_2_F0': 24, 'ms_senonset': 0.005513, 'ms_verbonset': 0.662952, 'ms_1_F0': 0.784841, 'ms_suffix': 1.019715, 'ms_2_F0': 1.07, 'file_name': 'p2b_cortar.wav', 'sentence': 'p2', 'cond': 'b', 'combo': 'p2b', 'thisN': 0, 'thisTrialN': 0, 'thisRepN': 0}>
8243.9986 	EXP 	Sound test_sound_2 reached end of file
8244.0139 	EXP 	Sound test_sound_2 started
8244.0007 	DATA 	Keypress: space
8244.0084 	EXP 	instr: autoDraw = False
8244.0084 	EXP 	polygon: autoDraw = True
8246.2516 	EXP 	Sound test_sound_2 reached end of file
8246.2644 	EXP 	Sound test_sound_2 reached end of file
8250.2180 	DATA 	Keypress: right
8250.2370 	EXP 	New trial (rep=0, index=1): <Trial 1 (1 in rep 0) data={'sounds': 'sounds/p3c_saltar.wav', 'syll': 'CVC', 'stress_unstress': 'Unstressed', 'suffix': 'Match', 'present_past': 'past', 'corrAns': 'num_2', 'trigger_item': 0.0, 'trigger_senonset': 0.205513, 'trigger_verbsonset': 0.8629519999999999, 'trigger_1_F0': 0.984841, 'trigger_suffix': 1.219715, 'trigger_2_F0': 1.27, 'ID_item': 101, 'ID_senonset': 30, 'ID_verbonset': 31, 'ID_1_F0': 32, 'ID_suffix': 33, 'ID_2_F0': 34, 'ms_senonset': 0.005513, 'ms_verbonset': 0.662952, 'ms_1_F0': 0.784841, 'ms_suffix': 1.019715, 'ms_2_F0': 1.07, 'file_name': 'p3c_saltar.wav', 'sentence': 'p3', 'cond': 'c', 'combo': 'p3c', 'thisN': 1, 'thisTrialN': 1, 'thisRepN': 0}>
8250.2435 	EXP 	Sound test_sound_2 reached end of file
8250.2479 	EXP 	Sound test_sound_2 started
8250.2545 	EXP 	polygon: autoDraw = False
8250.2545 	EXP 	text_3: autoDraw = False
8250.2545 	EXP 	polygon: autoDraw = True
8252.3198 	EXP 	Sound test_sound_2 reached end of file
8252.3312 	EXP 	Sound test_sound_2 reached end of file
8256.7528 	EXP 	New trial (rep=0, index=2): <Trial 2 (2 in rep 0) data={'sounds': 'sounds/p1a_saltar.wav', 'syll': 'CVC', 'stress_unstress': 'Stressed', 'suffix': 'Match', 'present_past': 'present', 'corrAns': 'num_1', 'trigger_item': 0.0, 'trigger_senonset': 0.205513, 'trigger_verbsonset': 0.8629519999999999, 'trigger_1_F0': 0.984841, 'trigger_suffix': 1.219715, 'trigger_2_F0': 1.27, 'ID_item': 101, 'ID_senonset': 10, 'ID_verbonset': 11, 'ID_1_F0': 12, 'ID_suffix': 13, 'ID_2_F0': 14, 'ms_senonset': 0.005513, 'ms_verbonset': 0.662952, 'ms_1_F0': 0.784841, 'ms_suffix': 1.019715, 'ms_2_F0': 1.07, 'file_name': 'p1a_saltar.wav', 'sentence': 'p1', 'cond': 'a', 'combo': 'p1a', 'thisN': 2, 'thisTrialN': 2, 'thisRepN': 0}>
8256.7587 	EXP 	Sound test_sound_2 reached end of file
8256.7642 	EXP 	Sound test_sound_2 started
8256.7624 	DATA 	Keypress: left
8256.7698 	EXP 	polygon: autoDraw = False
8256.7698 	EXP 	text_3: autoDraw = False
8256.7698 	EXP 	polygon: autoDraw = True
8258.9837 	EXP 	Sound test_sound_2 reached end of file
8258.9981 	EXP 	Sound test_sound_2 reached end of file
8265.3855 	DATA 	Keypress: left
8265.4045 	EXP 	New trial (rep=0, index=3): <Trial 3 (3 in rep 0) data={'sounds': 'sounds/p4d_cortar.wav', 'syll': 'CVC', 'stress_unstress': 'Stressed', 'suffix': 'Mismatch', 'present_past': 'past', 'corrAns': 'num_2', 'trigger_item': 0.0, 'trigger_senonset': 0.205513, 'trigger_verbsonset': 0.8629519999999999, 'trigger_1_F0': 0.984841, 'trigger_suffix': 1.219715, 'trigger_2_F0': 1.27, 'ID_item': 101, 'ID_senonset': 40, 'ID_verbonset': 41, 'ID_1_F0': 42, 'ID_suffix': 43, 'ID_2_F0': 44, 'ms_senonset': 0.005513, 'ms_verbonset': 0.662952, 'ms_1_F0': 0.784841, 'ms_suffix': 1.019715, 'ms_2_F0': 1.07, 'file_name': 'p4d_cortar.wav', 'sentence': 'p4', 'cond': 'd', 'combo': 'p4d', 'thisN': 3, 'thisTrialN': 3, 'thisRepN': 0}>
8265.4128 	EXP 	Sound test_sound_2 reached end of file
8265.4145 	EXP 	Sound test_sound_2 started
8265.4232 	EXP 	polygon: autoDraw = False
8265.4232 	EXP 	text_3: autoDraw = False
8265.4232 	EXP 	polygon: autoDraw = True
8267.9099 	EXP 	Sound test_sound_2 reached end of file
8267.9156 	EXP 	Sound test_sound_2 reached end of file
8272.1856 	DATA 	Keypress: right
8272.2148 	EXP 	polygon: autoDraw = False
8272.2148 	EXP 	text_3: autoDraw = False
8272.2148 	EXP 	instr: autoDraw = True
8344.1672 	EXP 	Imported selected_trials.csv as conditions, 40 conditions, 26 params
8344.1678 	EXP 	New trial (rep=0, index=0): <Trial 0 (0 in rep 0) data={'sounds': 'sounds/01d_salvar.wav', 'syll': 'CVC', 'stress_unstress': 'Stressed', 'suffix': 'Mismatch', 'present_past': 'past', 'corrAns': 'num_2', 'trigger_item': 0.0, 'trigger_senonset': 0.2, 'trigger_verbsonset': 0.8500000000000001, 'trigger_1_F0': 0.996069502314814, 'trigger_suffix': 1.23, 'trigger_2_F0': 1.29, 'ID_item': 101, 'ID_senonset': 40, 'ID_verbonset': 41, 'ID_1_F0': 42, 'ID_suffix': 43, 'ID_2_F0': 44, 'ms_senonset': 0, 'ms_verbonset': 0.65, 'ms_1_F0': 0.796069502314814, 'ms_suffix': 1.03, 'ms_2_F0': 1.09, 'file_name': '01d_salvar.wav', 'item_id': 1, 'cond': 'd', 'thisN': 0, 'thisTrialN': 0, 'thisRepN': 0}>
8344.1722 	EXP 	Sound test_sound reached end of file
8344.1831 	EXP 	Sound test_sound started
8344.1744 	DATA 	Keypress: space
8344.1817 	EXP 	instr: autoDraw = False
8344.1817 	EXP 	polygon_2: autoDraw = True
8346.2168 	EXP 	Sound test_sound reached end of file
8346.2334 	EXP 	Sound test_sound reached end of file
8349.1558 	EXP 	New trial (rep=0, index=1): <Trial 1 (1 in rep 0) data={'sounds': 'sounds/19a_marcar.wav', 'syll': 'CVC', 'stress_unstress': 'Stressed', 'suffix': 'Match', 'present_past': 'present', 'corrAns': 'num_1', 'trigger_item': 0.0, 'trigger_senonset': 0.2, 'trigger_verbsonset': 0.8400000000000001, 'trigger_1_F0': 0.97, 'trigger_suffix': 1.245718359375, 'trigger_2_F0': 1.273519140625, 'ID_item': 101, 'ID_senonset': 10, 'ID_verbonset': 11, 'ID_1_F0': 12, 'ID_suffix': 13, 'ID_2_F0': 14, 'ms_senonset': 0, 'ms_verbonset': 0.64, 'ms_1_F0': 0.77, 'ms_suffix': 1.045718359375, 'ms_2_F0': 1.073519140625, 'file_name': '19a_marcar.wav', 'item_id': 19, 'cond': 'a', 'thisN': 1, 'thisTrialN': 1, 'thisRepN': 0}>
8349.1606 	EXP 	Sound test_sound reached end of file
8349.1668 	EXP 	Sound test_sound started
8349.1641 	DATA 	Keypress: right
8349.1702 	EXP 	polygon_2: autoDraw = False
8349.1702 	EXP 	text_3: autoDraw = False
8349.1702 	EXP 	polygon_2: autoDraw = True
8351.0508 	EXP 	Sound test_sound reached end of file
8351.0670 	EXP 	Sound test_sound reached end of file
8353.3698 	DATA 	Keypress: left
8353.3897 	EXP 	New trial (rep=0, index=2): <Trial 2 (2 in rep 0) data={'sounds': 'sounds/32d_pulsar.wav', 'syll': 'CVC', 'stress_unstress': 'Stressed', 'suffix': 'Mismatch', 'present_past': 'past', 'corrAns': 'num_2', 'trigger_item': 0.0, 'trigger_senonset': 0.2, 'trigger_verbsonset': 0.796440212673611, 'trigger_1_F0': 0.8294641710069439, 'trigger_suffix': 0.99, 'trigger_2_F0': 1.097783832465277, 'ID_item': 101, 'ID_senonset': 40, 'ID_verbonset': 41, 'ID_1_F0': 42, 'ID_suffix': 43, 'ID_2_F0': 44, 'ms_senonset': 0, 'ms_verbonset': 0.596440212673611, 'ms_1_F0': 0.629464171006944, 'ms_suffix': 0.79, 'ms_2_F0': 0.897783832465277, 'file_name': '32d_pulsar.wav', 'item_id': 32, 'cond': 'd', 'thisN': 2, 'thisTrialN': 2, 'thisRepN': 0}>
8353.3989 	EXP 	Sound test_sound reached end of file
8353.3998 	EXP 	Sound test_sound started
8353.4098 	EXP 	polygon_2: autoDraw = False
8353.4098 	EXP 	text_3: autoDraw = False
8353.4098 	EXP 	polygon_2: autoDraw = True
8355.2017 	EXP 	Sound test_sound reached end of file
8355.2067 	EXP 	Sound test_sound reached end of file
8358.5731 	EXP 	New trial (rep=0, index=3): <Trial 3 (3 in rep 0) data={'sounds': 'sounds/15b_partir.wav', 'syll': 'CVC', 'stress_unstress': 'Unstressed', 'suffix': 'Mismatch', 'present_past': 'present', 'corrAns': 'num_1', 'trigger_item': 0.0, 'trigger_senonset': 0.2, 'trigger_verbsonset': 0.826865400752314, 'trigger_1_F0': 0.842973894883327, 'trigger_suffix': 1.1042888772729471, 'trigger_2_F0': 1.120815958498066, 'ID_item': 101, 'ID_senonset': 20, 'ID_verbonset': 21, 'ID_1_F0': 22, 'ID_suffix': 23, 'ID_2_F0': 24, 'ms_senonset': 0, 'ms_verbonset': 0.626865400752314, 'ms_1_F0': 0.642973894883327, 'ms_suffix': 0.904288877272947, 'ms_2_F0': 0.920815958498066, 'file_name': '15b_partir.wav', 'item_id': 15, 'cond': 'b', 'thisN': 3, 'thisTrialN': 3, 'thisRepN': 0}>
8358.5798 	EXP 	Sound test_sound reached end of file
8358.5835 	EXP 	Sound test_sound started
8358.5821 	DATA 	Keypress: right
8358.5910 	EXP 	polygon_2: autoDraw = False
8358.5910 	EXP 	text_3: autoDraw = False
8358.5910 	EXP 	polygon_2: autoDraw = True
8360.6288 	EXP 	Sound test_sound reached end of file
8360.6349 	EXP 	Sound test_sound reached end of file
8363.8730 	EXP 	New trial (rep=0, index=4): <Trial 4 (4 in rep 0) data={'sounds': 'sounds/25b_ganar.wav', 'syll': 'CVC', 'stress_unstress': 'Unstressed', 'suffix': 'Mismatch', 'present_past': 'present', 'corrAns': 'num_1', 'trigger_item': 0.0, 'trigger_senonset': 0.2, 'trigger_verbsonset': 1.152097938368055, 'trigger_1_F0': 1.15990068760488, 'trigger_suffix': 1.28904165650454, 'trigger_2_F0': 1.37272500435153, 'ID_item': 101, 'ID_senonset': 20, 'ID_verbonset': 21, 'ID_1_F0': 22, 'ID_suffix': 23, 'ID_2_F0': 24, 'ms_senonset': 0, 'ms_verbonset': 0.952097938368055, 'ms_1_F0': 0.95990068760488, 'ms_suffix': 1.08904165650454, 'ms_2_F0': 1.17272500435153, 'file_name': '25b_ganar.wav', 'item_id': 25, 'cond': 'b', 'thisN': 4, 'thisTrialN': 4, 'thisRepN': 0}>
8363.8799 	EXP 	Sound test_sound reached end of file
8363.8833 	EXP 	Sound test_sound started
8363.8824 	DATA 	Keypress: right
8363.8914 	EXP 	polygon_2: autoDraw = False
8363.8914 	EXP 	text_3: autoDraw = False
8363.8914 	EXP 	polygon_2: autoDraw = True
8366.2051 	EXP 	Sound test_sound reached end of file
8366.2172 	EXP 	Sound test_sound reached end of file
8366.8735 	EXP 	New trial (rep=0, index=5): <Trial 5 (5 in rep 0) data={'sounds': 'sounds/20c_cubrir.wav', 'syll': 'CVC', 'stress_unstress': 'Unstressed', 'suffix': 'Match', 'present_past': 'past', 'corrAns': 'num_2', 'trigger_item': 0.0, 'trigger_senonset': 0.2, 'trigger_verbsonset': 0.980138641742621, 'trigger_1_F0': 1.01, 'trigger_suffix': 1.192436112212021, 'trigger_2_F0': 1.28412143493692, 'ID_item': 101, 'ID_senonset': 30, 'ID_verbonset': 31, 'ID_1_F0': 32, 'ID_suffix': 33, 'ID_2_F0': 34, 'ms_senonset': 0, 'ms_verbonset': 0.780138641742621, 'ms_1_F0': 0.81, 'ms_suffix': 0.992436112212021, 'ms_2_F0': 1.08412143493692, 'file_name': '20c_cubrir.wav', 'item_id': 20, 'cond': 'c', 'thisN': 5, 'thisTrialN': 5, 'thisRepN': 0}>
8366.8803 	EXP 	Sound test_sound reached end of file
8366.8836 	EXP 	Sound test_sound started
8366.8828 	DATA 	Keypress: left
8366.8914 	EXP 	polygon_2: autoDraw = False
8366.8914 	EXP 	text_3: autoDraw = False
8366.8914 	EXP 	polygon_2: autoDraw = True
8369.0021 	EXP 	Sound test_sound reached end of file
8369.0075 	EXP 	Sound test_sound reached end of file
8371.9540 	DATA 	Keypress: right
8371.9736 	EXP 	New trial (rep=0, index=6): <Trial 6 (6 in rep 0) data={'sounds': 'sounds/30a_fundar.wav', 'syll': 'CVC', 'stress_unstress': 'Stressed', 'suffix': 'Match', 'present_past': 'present', 'corrAns': 'num_1', 'trigger_item': 0.0, 'trigger_senonset': 0.2, 'trigger_verbsonset': 0.77, 'trigger_1_F0': 0.91, 'trigger_suffix': 1.112685546875, 'trigger_2_F0': 1.12, 'ID_item': 101, 'ID_senonset': 10, 'ID_verbonset': 11, 'ID_1_F0': 12, 'ID_suffix': 13, 'ID_2_F0': 14, 'ms_senonset': 0, 'ms_verbonset': 0.57, 'ms_1_F0': 0.71, 'ms_suffix': 0.912685546875, 'ms_2_F0': 0.92, 'file_name': '30a_fundar.wav', 'item_id': 30, 'cond': 'a', 'thisN': 6, 'thisTrialN': 6, 'thisRepN': 0}>
8371.9822 	EXP 	Sound test_sound reached end of file
8371.9835 	EXP 	Sound test_sound started
8371.9936 	EXP 	polygon_2: autoDraw = False
8371.9936 	EXP 	text_3: autoDraw = False
8371.9936 	EXP 	polygon_2: autoDraw = True
8374.1175 	EXP 	Sound test_sound reached end of file
8374.1337 	EXP 	Sound test_sound reached end of file
8376.6410 	EXP 	New trial (rep=0, index=7): <Trial 7 (7 in rep 0) data={'sounds': 'sounds/23a_tomar.wav', 'syll': 'CVC', 'stress_unstress': 'Stressed', 'suffix': 'Match', 'present_past': 'present', 'corrAns': 'num_1', 'trigger_item': 0.0, 'trigger_senonset': 0.2, 'trigger_verbsonset': 0.9453179615162032, 'trigger_1_F0': 0.95, 'trigger_suffix': 1.08, 'trigger_2_F0': 1.158644495081018, 'ID_item': 101, 'ID_senonset': 10, 'ID_verbonset': 11, 'ID_1_F0': 12, 'ID_suffix': 13, 'ID_2_F0': 14, 'ms_senonset': 0, 'ms_verbonset': 0.745317961516203, 'ms_1_F0': 0.75, 'ms_suffix': 0.88, 'ms_2_F0': 0.958644495081018, 'file_name': '23a_tomar.wav', 'item_id': 23, 'cond': 'a', 'thisN': 7, 'thisTrialN': 7, 'thisRepN': 0}>
8376.6471 	EXP 	Sound test_sound reached end of file
8376.6503 	EXP 	Sound test_sound started
8376.6496 	DATA 	Keypress: right
8376.6578 	EXP 	polygon_2: autoDraw = False
8376.6578 	EXP 	text_3: autoDraw = False
8376.6578 	EXP 	polygon_2: autoDraw = True
8378.5368 	EXP 	Sound test_sound reached end of file
8378.5507 	EXP 	Sound test_sound reached end of file
8382.2574 	EXP 	New trial (rep=0, index=8): <Trial 8 (8 in rep 0) data={'sounds': 'sounds/08d_filtrar.wav', 'syll': 'CVC', 'stress_unstress': 'Stressed', 'suffix': 'Mismatch', 'present_past': 'past', 'corrAns': 'num_2', 'trigger_item': 0.0, 'trigger_senonset': 0.2, 'trigger_verbsonset': 0.7526856695589441, 'trigger_1_F0': 0.87808115762362, 'trigger_suffix': 1.118901843962886, 'trigger_2_F0': 1.172598812485867, 'ID_item': 101, 'ID_senonset': 40, 'ID_verbonset': 41, 'ID_1_F0': 42, 'ID_suffix': 43, 'ID_2_F0': 44, 'ms_senonset': 0, 'ms_verbonset': 0.552685669558944, 'ms_1_F0': 0.67808115762362, 'ms_suffix': 0.918901843962886, 'ms_2_F0': 0.972598812485867, 'file_name': '08d_filtrar.wav', 'item_id': 8, 'cond': 'd', 'thisN': 8, 'thisTrialN': 8, 'thisRepN': 0}>
8382.2638 	EXP 	Sound test_sound reached end of file
8382.2672 	EXP 	Sound test_sound started
8382.2661 	DATA 	Keypress: left
8382.2754 	EXP 	polygon_2: autoDraw = False
8382.2754 	EXP 	text_3: autoDraw = False
8382.2754 	EXP 	polygon_2: autoDraw = True
8384.0202 	EXP 	Sound test_sound reached end of file
8384.0340 	EXP 	Sound test_sound reached end of file
8388.2245 	EXP 	New trial (rep=0, index=9): <Trial 9 (9 in rep 0) data={'sounds': 'sounds/14b_borrar.wav', 'syll': 'CVC', 'stress_unstress': 'Unstressed', 'suffix': 'Mismatch', 'present_past': 'present', 'corrAns': 'num_1', 'trigger_item': 0.0, 'trigger_senonset': 0.2, 'trigger_verbsonset': 0.72, 'trigger_1_F0': 0.770187630208333, 'trigger_suffix': 0.851961241319444, 'trigger_2_F0': 0.964399956597222, 'ID_item': 101, 'ID_senonset': 20, 'ID_verbonset': 21, 'ID_1_F0': 22, 'ID_suffix': 23, 'ID_2_F0': 24, 'ms_senonset': 0, 'ms_verbonset': 0.52, 'ms_1_F0': 0.570187630208333, 'ms_suffix': 0.651961241319444, 'ms_2_F0': 0.764399956597222, 'file_name': '14b_borrar.wav', 'item_id': 14, 'cond': 'b', 'thisN': 9, 'thisTrialN': 9, 'thisRepN': 0}>
8388.2315 	EXP 	Sound test_sound reached end of file
8388.2336 	EXP 	Sound test_sound started
8388.2344 	DATA 	Keypress: left
8388.2422 	EXP 	polygon_2: autoDraw = False
8388.2422 	EXP 	text_3: autoDraw = False
8388.2422 	EXP 	polygon_2: autoDraw = True
8390.1684 	EXP 	Sound test_sound reached end of file
8390.1846 	EXP 	Sound test_sound reached end of file
8392.8558 	DATA 	Keypress: right
8392.8672 	EXP 	polygon_2: autoDraw = False
8392.8672 	EXP 	text_3: autoDraw = True
8416.9540 	EXP 	New trial (rep=0, index=10): <Trial 10 (10 in rep 0) data={'sounds': 'sounds/31d_tocar.wav', 'syll': 'CVC', 'stress_unstress': 'Stressed', 'suffix': 'Mismatch', 'present_past': 'past', 'corrAns': 'num_2', 'trigger_item': 0.0, 'trigger_senonset': 0.2, 'trigger_verbsonset': 0.8493931756807, 'trigger_1_F0': 0.8650112062639721, 'trigger_suffix': 1.006860547391531, 'trigger_2_F0': 1.049162047334928, 'ID_item': 101, 'ID_senonset': 40, 'ID_verbonset': 41, 'ID_1_F0': 42, 'ID_suffix': 43, 'ID_2_F0': 44, 'ms_senonset': 0, 'ms_verbonset': 0.6493931756807, 'ms_1_F0': 0.665011206263972, 'ms_suffix': 0.806860547391531, 'ms_2_F0': 0.849162047334928, 'file_name': '31d_tocar.wav', 'item_id': 31, 'cond': 'd', 'thisN': 10, 'thisTrialN': 10, 'thisRepN': 0}>
8416.9600 	EXP 	Sound test_sound reached end of file
8416.9678 	EXP 	Sound test_sound started
8416.9611 	DATA 	Keypress: space
8416.9700 	EXP 	text_3: autoDraw = False
8416.9700 	EXP 	polygon_2: autoDraw = True
8418.8515 	EXP 	Sound test_sound reached end of file
8418.8683 	EXP 	Sound test_sound reached end of file
8421.4589 	EXP 	New trial (rep=0, index=11): <Trial 11 (11 in rep 0) data={'sounds': 'sounds/10d_vender.wav', 'syll': 'CVC', 'stress_unstress': 'Stressed', 'suffix': 'Mismatch', 'present_past': 'past', 'corrAns': 'num_2', 'trigger_item': 0.0, 'trigger_senonset': 0.2, 'trigger_verbsonset': 0.832830209056713, 'trigger_1_F0': 0.8775468199411529, 'trigger_suffix': 1.109501330306288, 'trigger_2_F0': 1.158928471023364, 'ID_item': 101, 'ID_senonset': 40, 'ID_verbonset': 41, 'ID_1_F0': 42, 'ID_suffix': 43, 'ID_2_F0': 44, 'ms_senonset': 0, 'ms_verbonset': 0.632830209056713, 'ms_1_F0': 0.677546819941153, 'ms_suffix': 0.909501330306288, 'ms_2_F0': 0.958928471023364, 'file_name': '10d_vender.wav', 'item_id': 10, 'cond': 'd', 'thisN': 11, 'thisTrialN': 11, 'thisRepN': 0}>
8421.4669 	EXP 	Sound test_sound reached end of file
8421.4687 	EXP 	Sound test_sound started
8421.4691 	DATA 	Keypress: left
8421.4795 	EXP 	polygon_2: autoDraw = False
8421.4795 	EXP 	text_3: autoDraw = False
8421.4795 	EXP 	polygon_2: autoDraw = True
8423.3615 	EXP 	Sound test_sound reached end of file
8423.3687 	EXP 	Sound test_sound reached end of file
8427.0085 	EXP 	New trial (rep=0, index=12): <Trial 12 (12 in rep 0) data={'sounds': 'sounds/33b_culpar.wav', 'syll': 'CVC', 'stress_unstress': 'Unstressed', 'suffix': 'Mismatch', 'present_past': 'present', 'corrAns': 'num_1', 'trigger_item': 0.0, 'trigger_senonset': 0.2, 'trigger_verbsonset': 0.8606178431336959, 'trigger_1_F0': 0.869103678029107, 'trigger_suffix': 1.109891641372144, 'trigger_2_F0': 1.131540467434179, 'ID_item': 101, 'ID_senonset': 20, 'ID_verbonset': 21, 'ID_1_F0': 22, 'ID_suffix': 23, 'ID_2_F0': 24, 'ms_senonset': 0, 'ms_verbonset': 0.660617843133696, 'ms_1_F0': 0.669103678029107, 'ms_suffix': 0.909891641372144, 'ms_2_F0': 0.931540467434179, 'file_name': '33b_culpar.wav', 'item_id': 33, 'cond': 'b', 'thisN': 12, 'thisTrialN': 12, 'thisRepN': 0}>
8427.0159 	EXP 	Sound test_sound reached end of file
8427.0184 	EXP 	Sound test_sound started
8427.0189 	DATA 	Keypress: left
8427.0270 	EXP 	polygon_2: autoDraw = False
8427.0270 	EXP 	text_3: autoDraw = False
8427.0270 	EXP 	polygon_2: autoDraw = True
8429.1766 	EXP 	Sound test_sound reached end of file
8429.1851 	EXP 	Sound test_sound reached end of file
8436.6573 	EXP 	New trial (rep=0, index=13): <Trial 13 (13 in rep 0) data={'sounds': 'sounds/09c_cargar.wav', 'syll': 'CVC', 'stress_unstress': 'Unstressed', 'suffix': 'Match', 'present_past': 'past', 'corrAns': 'num_2', 'trigger_item': 0.0, 'trigger_senonset': 0.2, 'trigger_verbsonset': 0.81286744068287, 'trigger_1_F0': 0.8382251229745361, 'trigger_suffix': 1.032634020543981, 'trigger_2_F0': 1.090594437210648, 'ID_item': 101, 'ID_senonset': 30, 'ID_verbonset': 31, 'ID_1_F0': 32, 'ID_suffix': 33, 'ID_2_F0': 34, 'ms_senonset': 0, 'ms_verbonset': 0.61286744068287, 'ms_1_F0': 0.638225122974536, 'ms_suffix': 0.832634020543981, 'ms_2_F0': 0.890594437210648, 'file_name': '09c_cargar.wav', 'item_id': 9, 'cond': 'c', 'thisN': 13, 'thisTrialN': 13, 'thisRepN': 0}>
8436.6631 	EXP 	Sound test_sound reached end of file
8436.6685 	EXP 	Sound test_sound started
8436.6654 	DATA 	Keypress: right
8436.6728 	EXP 	polygon_2: autoDraw = False
8436.6728 	EXP 	text_3: autoDraw = False
8436.6728 	EXP 	polygon_2: autoDraw = True
8438.5919 	EXP 	Sound test_sound reached end of file
8438.6019 	EXP 	Sound test_sound reached end of file
8449.2763 	EXP 	New trial (rep=0, index=14): <Trial 14 (14 in rep 0) data={'sounds': 'sounds/03b_limpiar.wav', 'syll': 'CVC', 'stress_unstress': 'Unstressed', 'suffix': 'Mismatch', 'present_past': 'present', 'corrAns': 'num_1', 'trigger_item': 0.0, 'trigger_senonset': 0.2, 'trigger_verbsonset': 0.8500000000000001, 'trigger_1_F0': 0.932367621527777, 'trigger_suffix': 1.26878515625, 'trigger_2_F0': 1.35808463541666, 'ID_item': 101, 'ID_senonset': 20, 'ID_verbonset': 21, 'ID_1_F0': 22, 'ID_suffix': 23, 'ID_2_F0': 24, 'ms_senonset': 0, 'ms_verbonset': 0.65, 'ms_1_F0': 0.732367621527777, 'ms_suffix': 1.06878515625, 'ms_2_F0': 1.15808463541666, 'file_name': '03b_limpiar.wav', 'item_id': 3, 'cond': 'b', 'thisN': 14, 'thisTrialN': 14, 'thisRepN': 0}>
8449.2834 	EXP 	Sound test_sound reached end of file
8449.2856 	EXP 	Sound test_sound started
8449.2857 	DATA 	Keypress: left
8449.2957 	EXP 	polygon_2: autoDraw = False
8449.2957 	EXP 	text_3: autoDraw = False
8449.2957 	EXP 	polygon_2: autoDraw = True
8451.4192 	EXP 	Sound test_sound reached end of file
8451.4360 	EXP 	Sound test_sound reached end of file
8455.5754 	EXP 	New trial (rep=0, index=15): <Trial 15 (15 in rep 0) data={'sounds': 'sounds/02c_buscar.wav', 'syll': 'CVC', 'stress_unstress': 'Unstressed', 'suffix': 'Match', 'present_past': 'past', 'corrAns': 'num_2', 'trigger_item': 0.0, 'trigger_senonset': 0.2, 'trigger_verbsonset': 0.8700000000000001, 'trigger_1_F0': 1.07, 'trigger_suffix': 1.26, 'trigger_2_F0': 1.40703946035879, 'ID_item': 101, 'ID_senonset': 30, 'ID_verbonset': 31, 'ID_1_F0': 32, 'ID_suffix': 33, 'ID_2_F0': 34, 'ms_senonset': 0, 'ms_verbonset': 0.67, 'ms_1_F0': 0.87, 'ms_suffix': 1.06, 'ms_2_F0': 1.20703946035879, 'file_name': '02c_buscar.wav', 'item_id': 2, 'cond': 'c', 'thisN': 15, 'thisTrialN': 15, 'thisRepN': 0}>
8455.5812 	EXP 	Sound test_sound reached end of file
8455.5857 	EXP 	Sound test_sound started
8455.5844 	DATA 	Keypress: left
8455.5924 	EXP 	polygon_2: autoDraw = False
8455.5924 	EXP 	text_3: autoDraw = False
8455.5924 	EXP 	polygon_2: autoDraw = True
8457.6963 	EXP 	Sound test_sound reached end of file
8457.7037 	EXP 	Sound test_sound reached end of file
8459.9061 	DATA 	Keypress: left
8459.9257 	EXP 	New trial (rep=0, index=16): <Trial 16 (16 in rep 0) data={'sounds': 'sounds/17d_tragar.wav', 'syll': 'CVC', 'stress_unstress': 'Stressed', 'suffix': 'Mismatch', 'present_past': 'past', 'corrAns': 'num_2', 'trigger_item': 0.0, 'trigger_senonset': 0.2, 'trigger_verbsonset': 1.070609360532407, 'trigger_1_F0': 1.117973654513888, 'trigger_suffix': 1.30915316840277, 'trigger_2_F0': 1.35458539534397, 'ID_item': 101, 'ID_senonset': 40, 'ID_verbonset': 41, 'ID_1_F0': 42, 'ID_suffix': 43, 'ID_2_F0': 44, 'ms_senonset': 0, 'ms_verbonset': 0.870609360532407, 'ms_1_F0': 0.917973654513888, 'ms_suffix': 1.10915316840277, 'ms_2_F0': 1.15458539534397, 'file_name': '17d_tragar.wav', 'item_id': 17, 'cond': 'd', 'thisN': 16, 'thisTrialN': 16, 'thisRepN': 0}>
8459.9340 	EXP 	Sound test_sound reached end of file
8459.9358 	EXP 	Sound test_sound started
8459.9453 	EXP 	polygon_2: autoDraw = False
8459.9453 	EXP 	text_3: autoDraw = False
8459.9453 	EXP 	polygon_2: autoDraw = True
8462.2192 	EXP 	Sound test_sound reached end of file
8462.2360 	EXP 	Sound test_sound reached end of file
8465.7596 	EXP 	New trial (rep=0, index=17): <Trial 17 (17 in rep 0) data={'sounds': 'sounds/06d_soplar.wav', 'syll': 'CVC', 'stress_unstress': 'Stressed', 'suffix': 'Mismatch', 'present_past': 'past', 'corrAns': 'num_2', 'trigger_item': 0.0, 'trigger_senonset': 0.2, 'trigger_verbsonset': 0.761291666666666, 'trigger_1_F0': 0.8899999999999999, 'trigger_suffix': 1.102139687590422, 'trigger_2_F0': 1.166665581687644, 'ID_item': 101, 'ID_senonset': 40, 'ID_verbonset': 41, 'ID_1_F0': 42, 'ID_suffix': 43, 'ID_2_F0': 44, 'ms_senonset': 0, 'ms_verbonset': 0.561291666666666, 'ms_1_F0': 0.69, 'ms_suffix': 0.902139687590422, 'ms_2_F0': 0.966665581687644, 'file_name': '06d_soplar.wav', 'item_id': 6, 'cond': 'd', 'thisN': 17, 'thisTrialN': 17, 'thisRepN': 0}>
8465.7677 	EXP 	Sound test_sound reached end of file
8465.7696 	EXP 	Sound test_sound started
8465.7705 	DATA 	Keypress: left
8465.7786 	EXP 	polygon_2: autoDraw = False
8465.7786 	EXP 	text_3: autoDraw = False
8465.7786 	EXP 	polygon_2: autoDraw = True
8467.6368 	EXP 	Sound test_sound reached end of file
8467.6526 	EXP 	Sound test_sound reached end of file
8475.1231 	DATA 	Keypress: right
8475.1423 	EXP 	New trial (rep=0, index=18): <Trial 18 (18 in rep 0) data={'sounds': 'sounds/22d_dejar.wav', 'syll': 'CVC', 'stress_unstress': 'Stressed', 'suffix': 'Mismatch', 'present_past': 'past', 'corrAns': 'num_2', 'trigger_item': 0.0, 'trigger_senonset': 0.2, 'trigger_verbsonset': 0.8500000000000001, 'trigger_1_F0': 1.02, 'trigger_suffix': 1.152543366608796, 'trigger_2_F0': 1.28794346788194, 'ID_item': 101, 'ID_senonset': 40, 'ID_verbonset': 41, 'ID_1_F0': 42, 'ID_suffix': 43, 'ID_2_F0': 44, 'ms_senonset': 0, 'ms_verbonset': 0.65, 'ms_1_F0': 0.82, 'ms_suffix': 0.952543366608796, 'ms_2_F0': 1.08794346788194, 'file_name': '22d_dejar.wav', 'item_id': 22, 'cond': 'd', 'thisN': 18, 'thisTrialN': 18, 'thisRepN': 0}>
8475.1492 	EXP 	Sound test_sound reached end of file
8475.1522 	EXP 	Sound test_sound started
8475.1601 	EXP 	polygon_2: autoDraw = False
8475.1601 	EXP 	text_3: autoDraw = False
8475.1601 	EXP 	polygon_2: autoDraw = True
8477.1735 	EXP 	Sound test_sound reached end of file
8477.1861 	EXP 	Sound test_sound reached end of file
8478.6604 	EXP 	New trial (rep=0, index=19): <Trial 19 (19 in rep 0) data={'sounds': 'sounds/05a_fumar.wav', 'syll': 'CVC', 'stress_unstress': 'Stressed', 'suffix': 'Match', 'present_past': 'present', 'corrAns': 'num_1', 'trigger_item': 0.0, 'trigger_senonset': 0.2, 'trigger_verbsonset': 1.15, 'trigger_1_F0': 1.36712555700231, 'trigger_suffix': 1.48, 'trigger_2_F0': 1.56308830295138, 'ID_item': 101, 'ID_senonset': 10, 'ID_verbonset': 11, 'ID_1_F0': 12, 'ID_suffix': 13, 'ID_2_F0': 14, 'ms_senonset': 0, 'ms_verbonset': 0.95, 'ms_1_F0': 1.16712555700231, 'ms_suffix': 1.28, 'ms_2_F0': 1.36308830295138, 'file_name': '05a_fumar.wav', 'item_id': 5, 'cond': 'a', 'thisN': 19, 'thisTrialN': 19, 'thisRepN': 0}>
8478.6688 	EXP 	Sound test_sound reached end of file
8478.6703 	EXP 	Sound test_sound started
8478.6711 	DATA 	Keypress: left
8478.6788 	EXP 	polygon_2: autoDraw = False
8478.6788 	EXP 	text_3: autoDraw = False
8478.6788 	EXP 	polygon_2: autoDraw = True
8481.0223 	EXP 	Sound test_sound reached end of file
8481.0362 	EXP 	Sound test_sound reached end of file
8485.8785 	DATA 	Keypress: right
8485.8862 	EXP 	polygon_2: autoDraw = False
8485.8862 	EXP 	text_3: autoDraw = True
8496.0918 	DATA 	Keypress: space
8496.1046 	EXP 	New trial (rep=0, index=20): <Trial 20 (20 in rep 0) data={'sounds': 'sounds/29a_pesar.wav', 'syll': 'CVC', 'stress_unstress': 'Stressed', 'suffix': 'Match', 'present_past': 'present', 'corrAns': 'num_1', 'trigger_item': 0.0, 'trigger_senonset': 0.2, 'trigger_verbsonset': 0.91328417532552, 'trigger_1_F0': 0.925531286730473, 'trigger_suffix': 1.03, 'trigger_2_F0': 1.150619522602117, 'ID_item': 101, 'ID_senonset': 10, 'ID_verbonset': 11, 'ID_1_F0': 12, 'ID_suffix': 13, 'ID_2_F0': 14, 'ms_senonset': 0, 'ms_verbonset': 0.71328417532552, 'ms_1_F0': 0.725531286730473, 'ms_suffix': 0.83, 'ms_2_F0': 0.950619522602117, 'file_name': '29a_pesar.wav', 'item_id': 29, 'cond': 'a', 'thisN': 20, 'thisTrialN': 20, 'thisRepN': 0}>
8496.1104 	EXP 	Sound test_sound reached end of file
8496.1192 	EXP 	Sound test_sound started
8496.1226 	EXP 	text_3: autoDraw = False
8496.1226 	EXP 	polygon_2: autoDraw = True
8498.0096 	EXP 	Sound test_sound reached end of file
8498.0195 	EXP 	Sound test_sound reached end of file
8502.0257 	EXP 	New trial (rep=0, index=21): <Trial 21 (21 in rep 0) data={'sounds': 'sounds/13c_montar.wav', 'syll': 'CVC', 'stress_unstress': 'Unstressed', 'suffix': 'Match', 'present_past': 'past', 'corrAns': 'num_2', 'trigger_item': 0.0, 'trigger_senonset': 0.2, 'trigger_verbsonset': 0.8800000000000001, 'trigger_1_F0': 0.98, 'trigger_suffix': 1.24543012152777, 'trigger_2_F0': 1.2594709201388798, 'ID_item': 101, 'ID_senonset': 30, 'ID_verbonset': 31, 'ID_1_F0': 32, 'ID_suffix': 33, 'ID_2_F0': 34, 'ms_senonset': 0, 'ms_verbonset': 0.68, 'ms_1_F0': 0.78, 'ms_suffix': 1.04543012152777, 'ms_2_F0': 1.05947092013888, 'file_name': '13c_montar.wav', 'item_id': 13, 'cond': 'c', 'thisN': 21, 'thisTrialN': 21, 'thisRepN': 0}>
8502.0323 	EXP 	Sound test_sound reached end of file
8502.0366 	EXP 	Sound test_sound started
8502.0357 	DATA 	Keypress: left
8502.0445 	EXP 	polygon_2: autoDraw = False
8502.0445 	EXP 	text_3: autoDraw = False
8502.0445 	EXP 	polygon_2: autoDraw = True
8504.3127 	EXP 	Sound test_sound reached end of file
8504.3200 	EXP 	Sound test_sound reached end of file
8510.5773 	EXP 	New trial (rep=0, index=22): <Trial 22 (22 in rep 0) data={'sounds': 'sounds/35b_secar.wav', 'syll': 'CVC', 'stress_unstress': 'Unstressed', 'suffix': 'Mismatch', 'present_past': 'present', 'corrAns': 'num_1', 'trigger_item': 0.0, 'trigger_senonset': 0.2, 'trigger_verbsonset': 0.8990044921875, 'trigger_1_F0': 1.025708658854166, 'trigger_suffix': 1.179689416956018, 'trigger_2_F0': 1.20652606336805, 'ID_item': 101, 'ID_senonset': 20, 'ID_verbonset': 21, 'ID_1_F0': 22, 'ID_suffix': 23, 'ID_2_F0': 24, 'ms_senonset': 0, 'ms_verbonset': 0.6990044921875, 'ms_1_F0': 0.825708658854166, 'ms_suffix': 0.979689416956018, 'ms_2_F0': 1.00652606336805, 'file_name': '35b_secar.wav', 'item_id': 35, 'cond': 'b', 'thisN': 22, 'thisTrialN': 22, 'thisRepN': 0}>
8510.5838 	EXP 	Sound test_sound reached end of file
8510.5869 	EXP 	Sound test_sound started
8510.5869 	DATA 	Keypress: right
8510.5957 	EXP 	polygon_2: autoDraw = False
8510.5957 	EXP 	text_3: autoDraw = False
8510.5957 	EXP 	polygon_2: autoDraw = True
8512.6024 	EXP 	Sound test_sound paused
8512.6070 	EXP 	New trial (rep=0, index=23): <Trial 23 (23 in rep 0) data={'sounds': 'sounds/36c_bordar.wav', 'syll': 'CVC', 'stress_unstress': 'Unstressed', 'suffix': 'Match', 'present_past': 'past', 'corrAns': 'num_2', 'trigger_item': 0.0, 'trigger_senonset': 0.2, 'trigger_verbsonset': 1.0, 'trigger_1_F0': 1.078468243634259, 'trigger_suffix': 1.3288624855324, 'trigger_2_F0': 1.3414992042824, 'ID_item': 101, 'ID_senonset': 30, 'ID_verbonset': 31, 'ID_1_F0': 32, 'ID_suffix': 33, 'ID_2_F0': 34, 'ms_senonset': 0, 'ms_verbonset': 0.8, 'ms_1_F0': 0.878468243634259, 'ms_suffix': 1.1288624855324, 'ms_2_F0': 1.1414992042824, 'file_name': '36c_bordar.wav', 'item_id': 36, 'cond': 'c', 'thisN': 23, 'thisTrialN': 23, 'thisRepN': 0}>
8512.6137 	EXP 	Sound test_sound reached end of file
8512.6200 	EXP 	Sound test_sound started
8512.6175 	DATA 	Keypress: right
8512.6250 	EXP 	polygon_2: autoDraw = False
8512.6250 	EXP 	text_3: autoDraw = False
8512.6250 	EXP 	polygon_2: autoDraw = True
8514.8708 	EXP 	Sound test_sound reached end of file
8514.8885 	EXP 	Sound test_sound reached end of file
8520.6088 	EXP 	New trial (rep=0, index=24): <Trial 24 (24 in rep 0) data={'sounds': 'sounds/26a_bajar.wav', 'syll': 'CVC', 'stress_unstress': 'Stressed', 'suffix': 'Match', 'present_past': 'present', 'corrAns': 'num_1', 'trigger_item': 0.0, 'trigger_senonset': 0.2, 'trigger_verbsonset': 0.77, 'trigger_1_F0': 0.8999999999999999, 'trigger_suffix': 1.03, 'trigger_2_F0': 1.171181705729166, 'ID_item': 101, 'ID_senonset': 10, 'ID_verbonset': 11, 'ID_1_F0': 12, 'ID_suffix': 13, 'ID_2_F0': 14, 'ms_senonset': 0, 'ms_verbonset': 0.57, 'ms_1_F0': 0.7, 'ms_suffix': 0.83, 'ms_2_F0': 0.971181705729166, 'file_name': '26a_bajar.wav', 'item_id': 26, 'cond': 'a', 'thisN': 24, 'thisTrialN': 24, 'thisRepN': 0}>
8520.6150 	EXP 	Sound test_sound reached end of file
8520.6201 	EXP 	Sound test_sound started
8520.6187 	DATA 	Keypress: left
8520.6255 	EXP 	polygon_2: autoDraw = False
8520.6255 	EXP 	text_3: autoDraw = False
8520.6255 	EXP 	polygon_2: autoDraw = True
8522.6740 	EXP 	Sound test_sound reached end of file
8522.6865 	EXP 	Sound test_sound reached end of file
8528.5262 	EXP 	New trial (rep=0, index=25): <Trial 25 (25 in rep 0) data={'sounds': 'sounds/04c_plantar.wav', 'syll': 'CVC', 'stress_unstress': 'Unstressed', 'suffix': 'Match', 'present_past': 'past', 'corrAns': 'num_2', 'trigger_item': 0.0, 'trigger_senonset': 0.2, 'trigger_verbsonset': 0.862877574458911, 'trigger_1_F0': 0.9343518689653568, 'trigger_suffix': 1.20493812332404, 'trigger_2_F0': 1.21897569287037, 'ID_item': 101, 'ID_senonset': 30, 'ID_verbonset': 31, 'ID_1_F0': 32, 'ID_suffix': 33, 'ID_2_F0': 34, 'ms_senonset': 0, 'ms_verbonset': 0.662877574458911, 'ms_1_F0': 0.734351868965357, 'ms_suffix': 1.00493812332404, 'ms_2_F0': 1.01897569287037, 'file_name': '04c_plantar.wav', 'item_id': 4, 'cond': 'c', 'thisN': 25, 'thisTrialN': 25, 'thisRepN': 0}>
8528.5323 	EXP 	Sound test_sound reached end of file
8528.5371 	EXP 	Sound test_sound started
8528.5352 	DATA 	Keypress: right
8528.5427 	EXP 	polygon_2: autoDraw = False
8528.5427 	EXP 	text_3: autoDraw = False
8528.5427 	EXP 	polygon_2: autoDraw = True
8530.5597 	EXP 	Sound test_sound reached end of file
8530.5705 	EXP 	Sound test_sound reached end of file
8533.5607 	EXP 	New trial (rep=0, index=26): <Trial 26 (26 in rep 0) data={'sounds': 'sounds/16a_llevar.wav', 'syll': 'CVC', 'stress_unstress': 'Stressed', 'suffix': 'Match', 'present_past': 'present', 'corrAns': 'num_1', 'trigger_item': 0.0, 'trigger_senonset': 0.2, 'trigger_verbsonset': 0.929084516317274, 'trigger_1_F0': 0.964936524692279, 'trigger_suffix': 1.08, 'trigger_2_F0': 1.131864014418682, 'ID_item': 101, 'ID_senonset': 10, 'ID_verbonset': 11, 'ID_1_F0': 12, 'ID_suffix': 13, 'ID_2_F0': 14, 'ms_senonset': 0, 'ms_verbonset': 0.729084516317274, 'ms_1_F0': 0.764936524692279, 'ms_suffix': 0.88, 'ms_2_F0': 0.931864014418682, 'file_name': '16a_llevar.wav', 'item_id': 16, 'cond': 'a', 'thisN': 26, 'thisTrialN': 26, 'thisRepN': 0}>
8533.5671 	EXP 	Sound test_sound reached end of file
8533.5708 	EXP 	Sound test_sound started
8533.5696 	DATA 	Keypress: left
8533.5776 	EXP 	polygon_2: autoDraw = False
8533.5776 	EXP 	text_3: autoDraw = False
8533.5776 	EXP 	polygon_2: autoDraw = True
8535.4591 	EXP 	Sound test_sound reached end of file
8535.4704 	EXP 	Sound test_sound reached end of file
8540.5270 	EXP 	New trial (rep=0, index=27): <Trial 27 (27 in rep 0) data={'sounds': 'sounds/07c_tumbar.wav', 'syll': 'CVC', 'stress_unstress': 'Unstressed', 'suffix': 'Match', 'present_past': 'past', 'corrAns': 'num_2', 'trigger_item': 0.0, 'trigger_senonset': 0.2, 'trigger_verbsonset': 0.9084024930273432, 'trigger_1_F0': 0.9247360728973012, 'trigger_suffix': 1.143289673625005, 'trigger_2_F0': 1.154847989033482, 'ID_item': 101, 'ID_senonset': 30, 'ID_verbonset': 31, 'ID_1_F0': 32, 'ID_suffix': 33, 'ID_2_F0': 34, 'ms_senonset': 0, 'ms_verbonset': 0.708402493027343, 'ms_1_F0': 0.724736072897301, 'ms_suffix': 0.943289673625005, 'ms_2_F0': 0.954847989033482, 'file_name': '07c_tumbar.wav', 'item_id': 7, 'cond': 'c', 'thisN': 27, 'thisTrialN': 27, 'thisRepN': 0}>
8540.5329 	EXP 	Sound test_sound reached end of file
8540.5373 	EXP 	Sound test_sound started
8540.5351 	DATA 	Keypress: right
8540.5438 	EXP 	polygon_2: autoDraw = False
8540.5438 	EXP 	text_3: autoDraw = False
8540.5438 	EXP 	polygon_2: autoDraw = True
8542.4738 	EXP 	Sound test_sound reached end of file
8542.4874 	EXP 	Sound test_sound reached end of file
8547.7771 	EXP 	New trial (rep=0, index=28): <Trial 28 (28 in rep 0) data={'sounds': 'sounds/12a_matar.wav', 'syll': 'CVC', 'stress_unstress': 'Stressed', 'suffix': 'Match', 'present_past': 'present', 'corrAns': 'num_1', 'trigger_item': 0.0, 'trigger_senonset': 0.2, 'trigger_verbsonset': 0.8400000000000001, 'trigger_1_F0': 0.96, 'trigger_suffix': 1.17307472511574, 'trigger_2_F0': 1.186647497106481, 'ID_item': 101, 'ID_senonset': 10, 'ID_verbonset': 11, 'ID_1_F0': 12, 'ID_suffix': 13, 'ID_2_F0': 14, 'ms_senonset': 0, 'ms_verbonset': 0.64, 'ms_1_F0': 0.76, 'ms_suffix': 0.97307472511574, 'ms_2_F0': 0.986647497106481, 'file_name': '12a_matar.wav', 'item_id': 12, 'cond': 'a', 'thisN': 28, 'thisTrialN': 28, 'thisRepN': 0}>
8547.7837 	EXP 	Sound test_sound reached end of file
8547.7877 	EXP 	Sound test_sound started
8547.7866 	DATA 	Keypress: right
8547.7952 	EXP 	polygon_2: autoDraw = False
8547.7952 	EXP 	text_3: autoDraw = False
8547.7952 	EXP 	polygon_2: autoDraw = True
8549.9723 	EXP 	Sound test_sound reached end of file
8549.9880 	EXP 	Sound test_sound reached end of file
8551.7774 	EXP 	New trial (rep=0, index=29): <Trial 29 (29 in rep 0) data={'sounds': 'sounds/24d_mirar.wav', 'syll': 'CVC', 'stress_unstress': 'Stressed', 'suffix': 'Mismatch', 'present_past': 'past', 'corrAns': 'num_2', 'trigger_item': 0.0, 'trigger_senonset': 0.2, 'trigger_verbsonset': 0.71, 'trigger_1_F0': 0.8119545789930551, 'trigger_suffix': 0.9389863642939812, 'trigger_2_F0': 0.9746780743634248, 'ID_item': 101, 'ID_senonset': 40, 'ID_verbonset': 41, 'ID_1_F0': 42, 'ID_suffix': 43, 'ID_2_F0': 44, 'ms_senonset': 0, 'ms_verbonset': 0.51, 'ms_1_F0': 0.611954578993055, 'ms_suffix': 0.738986364293981, 'ms_2_F0': 0.774678074363425, 'file_name': '24d_mirar.wav', 'item_id': 24, 'cond': 'd', 'thisN': 29, 'thisTrialN': 29, 'thisRepN': 0}>
8551.7845 	EXP 	Sound test_sound reached end of file
8551.7878 	EXP 	Sound test_sound started
8551.7874 	DATA 	Keypress: left
8551.7963 	EXP 	polygon_2: autoDraw = False
8551.7963 	EXP 	text_3: autoDraw = False
8551.7963 	EXP 	polygon_2: autoDraw = True
8553.4740 	EXP 	Sound test_sound reached end of file
8553.4878 	EXP 	Sound test_sound reached end of file
8558.5471 	DATA 	Keypress: left
8558.5541 	EXP 	polygon_2: autoDraw = False
8558.5541 	EXP 	text_3: autoDraw = True
8564.5907 	EXP 	New trial (rep=0, index=30): <Trial 30 (30 in rep 0) data={'sounds': 'sounds/27c_tirar.wav', 'syll': 'CVC', 'stress_unstress': 'Unstressed', 'suffix': 'Match', 'present_past': 'past', 'corrAns': 'num_2', 'trigger_item': 0.0, 'trigger_senonset': 0.2, 'trigger_verbsonset': 0.8119442057291659, 'trigger_1_F0': 0.8307495153356481, 'trigger_suffix': 0.9885306495949072, 'trigger_2_F0': 0.998621303530092, 'ID_item': 101, 'ID_senonset': 30, 'ID_verbonset': 31, 'ID_1_F0': 32, 'ID_suffix': 33, 'ID_2_F0': 34, 'ms_senonset': 0, 'ms_verbonset': 0.611944205729166, 'ms_1_F0': 0.630749515335648, 'ms_suffix': 0.788530649594907, 'ms_2_F0': 0.798621303530092, 'file_name': '27c_tirar.wav', 'item_id': 27, 'cond': 'c', 'thisN': 30, 'thisTrialN': 30, 'thisRepN': 0}>
8564.5974 	EXP 	Sound test_sound reached end of file
8564.6045 	EXP 	Sound test_sound started
8564.5992 	DATA 	Keypress: space
8564.6090 	EXP 	text_3: autoDraw = False
8564.6090 	EXP 	polygon_2: autoDraw = True
8566.5891 	EXP 	Sound test_sound reached end of file
8566.6050 	EXP 	Sound test_sound reached end of file
8570.4102 	EXP 	New trial (rep=0, index=31): <Trial 31 (31 in rep 0) data={'sounds': 'sounds/38b_pagar.wav', 'syll': 'CVC', 'stress_unstress': 'Unstressed', 'suffix': 'Mismatch', 'present_past': 'present', 'corrAns': 'num_1', 'trigger_item': 0.0, 'trigger_senonset': 0.2, 'trigger_verbsonset': 1.166737304687499, 'trigger_1_F0': 1.185271158854166, 'trigger_suffix': 1.29521061197916, 'trigger_2_F0': 1.4055712890624898, 'ID_item': 101, 'ID_senonset': 20, 'ID_verbonset': 21, 'ID_1_F0': 22, 'ID_suffix': 23, 'ID_2_F0': 24, 'ms_senonset': 0, 'ms_verbonset': 0.966737304687499, 'ms_1_F0': 0.985271158854166, 'ms_suffix': 1.09521061197916, 'ms_2_F0': 1.20557128906249, 'file_name': '38b_pagar.wav', 'item_id': 38, 'cond': 'b', 'thisN': 31, 'thisTrialN': 31, 'thisRepN': 0}>
8570.4160 	EXP 	Sound test_sound reached end of file
8570.4212 	EXP 	Sound test_sound started
8570.4182 	DATA 	Keypress: right
8570.4258 	EXP 	polygon_2: autoDraw = False
8570.4258 	EXP 	text_3: autoDraw = False
8570.4258 	EXP 	polygon_2: autoDraw = True
8572.6554 	EXP 	Sound test_sound reached end of file
8572.6715 	EXP 	Sound test_sound reached end of file
8574.3449 	EXP 	New trial (rep=0, index=32): <Trial 32 (32 in rep 0) data={'sounds': 'sounds/28d_parar.wav', 'syll': 'CVC', 'stress_unstress': 'Stressed', 'suffix': 'Mismatch', 'present_past': 'past', 'corrAns': 'num_2', 'trigger_item': 0.0, 'trigger_senonset': 0.2, 'trigger_verbsonset': 0.8458860026041659, 'trigger_1_F0': 0.862313736979166, 'trigger_suffix': 1.018194683159722, 'trigger_2_F0': 1.032797113715277, 'ID_item': 101, 'ID_senonset': 40, 'ID_verbonset': 41, 'ID_1_F0': 42, 'ID_suffix': 43, 'ID_2_F0': 44, 'ms_senonset': 0, 'ms_verbonset': 0.645886002604166, 'ms_1_F0': 0.662313736979166, 'ms_suffix': 0.818194683159722, 'ms_2_F0': 0.832797113715277, 'file_name': '28d_parar.wav', 'item_id': 28, 'cond': 'd', 'thisN': 32, 'thisTrialN': 32, 'thisRepN': 0}>
8574.3515 	EXP 	Sound test_sound reached end of file
8574.3547 	EXP 	Sound test_sound started
8574.3546 	DATA 	Keypress: right
8574.3637 	EXP 	polygon_2: autoDraw = False
8574.3637 	EXP 	text_3: autoDraw = False
8574.3637 	EXP 	polygon_2: autoDraw = True
8576.2517 	EXP 	Sound test_sound reached end of file
8576.2574 	EXP 	Sound test_sound reached end of file
8580.9955 	EXP 	New trial (rep=0, index=33): <Trial 33 (33 in rep 0) data={'sounds': 'sounds/39b_manchar.wav', 'syll': 'CVC', 'stress_unstress': 'Unstressed', 'suffix': 'Mismatch', 'present_past': 'present', 'corrAns': 'num_1', 'trigger_item': 0.0, 'trigger_senonset': 0.2, 'trigger_verbsonset': 0.81, 'trigger_1_F0': 0.91203755787037, 'trigger_suffix': 1.140584317129629, 'trigger_2_F0': 1.2139708912037, 'ID_item': 101, 'ID_senonset': 20, 'ID_verbonset': 21, 'ID_1_F0': 22, 'ID_suffix': 23, 'ID_2_F0': 24, 'ms_senonset': 0, 'ms_verbonset': 0.61, 'ms_1_F0': 0.71203755787037, 'ms_suffix': 0.940584317129629, 'ms_2_F0': 1.0139708912037, 'file_name': '39b_manchar.wav', 'item_id': 39, 'cond': 'b', 'thisN': 33, 'thisTrialN': 33, 'thisRepN': 0}>
8581.0045 	EXP 	Sound test_sound reached end of file
8581.0050 	EXP 	Sound test_sound started
8581.0070 	DATA 	Keypress: left
8581.0157 	EXP 	polygon_2: autoDraw = False
8581.0157 	EXP 	text_3: autoDraw = False
8581.0157 	EXP 	polygon_2: autoDraw = True
8583.2431 	EXP 	Sound test_sound reached end of file
8583.2551 	EXP 	Sound test_sound reached end of file
8587.6950 	EXP 	New trial (rep=0, index=34): <Trial 34 (34 in rep 0) data={'sounds': 'sounds/34c_formar.wav', 'syll': 'CVC', 'stress_unstress': 'Unstressed', 'suffix': 'Match', 'present_past': 'past', 'corrAns': 'num_2', 'trigger_item': 0.0, 'trigger_senonset': 0.2, 'trigger_verbsonset': 0.876373676215277, 'trigger_1_F0': 0.992687651909722, 'trigger_suffix': 1.14, 'trigger_2_F0': 1.26319767795138, 'ID_item': 101, 'ID_senonset': 30, 'ID_verbonset': 31, 'ID_1_F0': 32, 'ID_suffix': 33, 'ID_2_F0': 34, 'ms_senonset': 0, 'ms_verbonset': 0.676373676215277, 'ms_1_F0': 0.792687651909722, 'ms_suffix': 0.94, 'ms_2_F0': 1.06319767795138, 'file_name': '34c_formar.wav', 'item_id': 34, 'cond': 'c', 'thisN': 34, 'thisTrialN': 34, 'thisRepN': 0}>
8587.7030 	EXP 	Sound test_sound reached end of file
8587.7050 	EXP 	Sound test_sound started
8587.7055 	DATA 	Keypress: left
8587.7150 	EXP 	polygon_2: autoDraw = False
8587.7150 	EXP 	text_3: autoDraw = False
8587.7150 	EXP 	polygon_2: autoDraw = True
8589.9238 	EXP 	Sound test_sound reached end of file
8589.9390 	EXP 	Sound test_sound reached end of file
8593.3280 	EXP 	New trial (rep=0, index=35): <Trial 35 (35 in rep 0) data={'sounds': 'sounds/21a_mezclar.wav', 'syll': 'CVC', 'stress_unstress': 'Stressed', 'suffix': 'Match', 'present_past': 'present', 'corrAns': 'num_1', 'trigger_item': 0.0, 'trigger_senonset': 0.2, 'trigger_verbsonset': 0.78, 'trigger_1_F0': 0.9121902777777772, 'trigger_suffix': 1.20214212962962, 'trigger_2_F0': 1.27, 'ID_item': 101, 'ID_senonset': 10, 'ID_verbonset': 11, 'ID_1_F0': 12, 'ID_suffix': 13, 'ID_2_F0': 14, 'ms_senonset': 0, 'ms_verbonset': 0.58, 'ms_1_F0': 0.712190277777777, 'ms_suffix': 1.00214212962962, 'ms_2_F0': 1.07, 'file_name': '21a_mezclar.wav', 'item_id': 21, 'cond': 'a', 'thisN': 35, 'thisTrialN': 35, 'thisRepN': 0}>
8593.3341 	EXP 	Sound test_sound reached end of file
8593.3386 	EXP 	Sound test_sound started
8593.3374 	DATA 	Keypress: right
8593.3458 	EXP 	polygon_2: autoDraw = False
8593.3458 	EXP 	text_3: autoDraw = False
8593.3458 	EXP 	polygon_2: autoDraw = True
8595.3388 	EXP 	Sound test_sound reached end of file
8595.3557 	EXP 	Sound test_sound reached end of file
8599.2614 	EXP 	New trial (rep=0, index=36): <Trial 36 (36 in rep 0) data={'sounds': 'sounds/37b_pasar.wav', 'syll': 'CVC', 'stress_unstress': 'Unstressed', 'suffix': 'Mismatch', 'present_past': 'present', 'corrAns': 'num_1', 'trigger_item': 0.0, 'trigger_senonset': 0.2, 'trigger_verbsonset': 1.033132486979166, 'trigger_1_F0': 1.052087565104166, 'trigger_suffix': 1.159499674479166, 'trigger_2_F0': 1.27702115885416, 'ID_item': 101, 'ID_senonset': 20, 'ID_verbonset': 21, 'ID_1_F0': 22, 'ID_suffix': 23, 'ID_2_F0': 24, 'ms_senonset': 0, 'ms_verbonset': 0.833132486979166, 'ms_1_F0': 0.852087565104166, 'ms_suffix': 0.959499674479166, 'ms_2_F0': 1.07702115885416, 'file_name': '37b_pasar.wav', 'item_id': 37, 'cond': 'b', 'thisN': 36, 'thisTrialN': 36, 'thisRepN': 0}>
8599.2681 	EXP 	Sound test_sound reached end of file
8599.2718 	EXP 	Sound test_sound started
8599.2706 	DATA 	Keypress: left
8599.2795 	EXP 	polygon_2: autoDraw = False
8599.2795 	EXP 	text_3: autoDraw = False
8599.2795 	EXP 	polygon_2: autoDraw = True
8601.3682 	EXP 	Sound test_sound reached end of file
8601.3743 	EXP 	Sound test_sound reached end of file
8604.8294 	EXP 	New trial (rep=0, index=37): <Trial 37 (37 in rep 0) data={'sounds': 'sounds/40c_gastar.wav', 'syll': 'CVC', 'stress_unstress': 'Unstressed', 'suffix': 'Match', 'present_past': 'past', 'corrAns': 'num_2', 'trigger_item': 0.0, 'trigger_senonset': 0.2, 'trigger_verbsonset': 0.8300000000000001, 'trigger_1_F0': 0.8400000000000001, 'trigger_suffix': 1.163436328125, 'trigger_2_F0': 1.183149609375, 'ID_item': 101, 'ID_senonset': 30, 'ID_verbonset': 31, 'ID_1_F0': 32, 'ID_suffix': 33, 'ID_2_F0': 34, 'ms_senonset': 0, 'ms_verbonset': 0.63, 'ms_1_F0': 0.64, 'ms_suffix': 0.963436328125, 'ms_2_F0': 0.983149609375, 'file_name': '40c_gastar.wav', 'item_id': 40, 'cond': 'c', 'thisN': 37, 'thisTrialN': 37, 'thisRepN': 0}>
8604.8379 	EXP 	Sound test_sound reached end of file
8604.8389 	EXP 	Sound test_sound started
8604.8410 	DATA 	Keypress: left
8604.8489 	EXP 	polygon_2: autoDraw = False
8604.8489 	EXP 	text_3: autoDraw = False
8604.8489 	EXP 	polygon_2: autoDraw = True
8606.9390 	EXP 	Sound test_sound reached end of file
8606.9561 	EXP 	Sound test_sound reached end of file
8609.6942 	EXP 	New trial (rep=0, index=38): <Trial 38 (38 in rep 0) data={'sounds': 'sounds/18b_cumplir.wav', 'syll': 'CVC', 'stress_unstress': 'Unstressed', 'suffix': 'Mismatch', 'present_past': 'present', 'corrAns': 'num_1', 'trigger_item': 0.0, 'trigger_senonset': 0.2, 'trigger_verbsonset': 1.2408027271412, 'trigger_1_F0': 1.25568597366898, 'trigger_suffix': 1.46256310040509, 'trigger_2_F0': 1.54144430700231, 'ID_item': 101, 'ID_senonset': 20, 'ID_verbonset': 21, 'ID_1_F0': 22, 'ID_suffix': 23, 'ID_2_F0': 24, 'ms_senonset': 0, 'ms_verbonset': 1.0408027271412, 'ms_1_F0': 1.05568597366898, 'ms_suffix': 1.26256310040509, 'ms_2_F0': 1.34144430700231, 'file_name': '18b_cumplir.wav', 'item_id': 18, 'cond': 'b', 'thisN': 38, 'thisTrialN': 38, 'thisRepN': 0}>
8609.6990 	EXP 	Sound test_sound reached end of file
8609.7052 	EXP 	Sound test_sound started
8609.7010 	DATA 	Keypress: right
8609.7092 	EXP 	polygon_2: autoDraw = False
8609.7092 	EXP 	text_3: autoDraw = False
8609.7092 	EXP 	polygon_2: autoDraw = True
8611.8738 	EXP 	Sound test_sound reached end of file
8611.8790 	EXP 	Sound test_sound reached end of file
8618.3617 	EXP 	New trial (rep=0, index=39): <Trial 39 (39 in rep 0) data={'sounds': 'sounds/11a_pegar.wav', 'syll': 'CVC', 'stress_unstress': 'Stressed', 'suffix': 'Match', 'present_past': 'present', 'corrAns': 'num_1', 'trigger_item': 0.0, 'trigger_senonset': 0.2, 'trigger_verbsonset': 0.8182808977343741, 'trigger_1_F0': 0.831294515585661, 'trigger_suffix': 0.98, 'trigger_2_F0': 1.012063288108519, 'ID_item': 101, 'ID_senonset': 10, 'ID_verbonset': 11, 'ID_1_F0': 12, 'ID_suffix': 13, 'ID_2_F0': 14, 'ms_senonset': 0, 'ms_verbonset': 0.618280897734374, 'ms_1_F0': 0.631294515585661, 'ms_suffix': 0.78, 'ms_2_F0': 0.812063288108519, 'file_name': '11a_pegar.wav', 'item_id': 11, 'cond': 'a', 'thisN': 39, 'thisTrialN': 39, 'thisRepN': 0}>
8618.3671 	EXP 	Sound test_sound reached end of file
8618.3726 	EXP 	Sound test_sound started
8618.3706 	DATA 	Keypress: left
8618.3778 	EXP 	polygon_2: autoDraw = False
8618.3778 	EXP 	text_3: autoDraw = False
8618.3778 	EXP 	polygon_2: autoDraw = True
8620.2952 	EXP 	Sound test_sound reached end of file
8620.3057 	EXP 	Sound test_sound reached end of file
8625.2590 	DATA 	Keypress: right
8625.2890 	EXP 	polygon_2: autoDraw = False
8625.2890 	EXP 	text_3: autoDraw = False
8625.2890 	EXP 	text_2: autoDraw = True
8628.9873 	DATA 	Keypress: space
8628.9901 	EXP 	text_2: autoDraw = False
8628.9903 	EXP 	LangExperimentstress: status = STOPPED
