13.8414 	WARNING 	User requested fullscreen with size [1536  864], but screen is actually [1920, 1080]. Using actual size
14.0559 	EXP 	Created window1 = Window(allowGUI=False, allowStencil=False, autoLog=True, backendConf=UNKNOWN, backgroundFit=<method-wrapper '__getattribute__' of attributeSetter object at 0x000002C5FBD87FA0>, backgroundImage=<method-wrapper '__getattribute__' of attributeSetter object at 0x000002C5FBD87F40>, bitsMode=UNKNOWN, blendMode='avg', bpc=(8, 8, 8), color=array([0, 0, 0]), colorSpace='rgb', depthBits=8, fullscr=True, gamma=None, gammaErrorPolicy='raise', infoMsg=UNKNOWN, lms=UNKNOWN, monitor=<psychopy.monitors.calibTools.Monitor object at 0x000002C5840F4EE0>, multiSample=False, name='window1', numSamples=2, pos=[0.0, 0.0], screen=0, size=array([1920, 1080]), stencilBits=0, stereo=False, title='PsychoPy', units='height', useFBO=True, useRetina=False, viewOri=0.0, viewPos=None, viewScale=None, waitBlanking=True, winType='pyglet')
14.0560 	EXP 	window1: backgroundImage = ''
14.0560 	EXP 	window1: backgroundFit = 'none'
14.1059 	EXP 	window1: Attempting to measure frame rate of screen (0) ...
14.1059 	EXP 	window1: recordFrameIntervals = False
14.2713 	EXP 	window1: recordFrameIntervals = True
14.4559 	EXP 	Screen (0) actual frame rate measured at 60.02Hz
14.4559 	EXP 	window1: recordFrameIntervals = False
16.8799 	EXP 	LangExperimentstress: status = STARTED
16.9609 	EXP 	Created instr = TextStim(__class__=<class 'psychopy.visual.text.TextStim'>, alignHoriz=method-wrapper(...), alignText='center', alignVert=method-wrapper(...), anchorHoriz='center', anchorVert='center', antialias=True, autoDraw=False, autoLog=True, bold=False, color=array([1., 1., 1.]), colorSpace='rgb', contrast=1.0, depth=0.0, draggable=False, flipHoriz=False, flipVert=False, font='Arial', fontFiles=[], height=0.08, italic=False, languageStyle='LTR', name='instr', opacity=1, ori=0, pos=array([0., 0.]), rgb=UNKNOWN, text=str(...), units='height', win=Window(...), wrapWidth=1)
17.4535 	EXP 	Sound test_sound_2 set volume 1.000
17.4563 	EXP 	Created polygon = ShapeStim(__class__=<class 'psychopy.visual.shape.ShapeStim'>, anchor=('center', 'center'), autoDraw=False, autoLog=True, closeShape=True, color=method-wrapper(...), colorSpace='rgb', contrast=None, depth=-2.0, draggable=False, fillColor=array([-1, -1, -1]), fillColorSpace='rgb', fillRGB=array([-1, -1, -1]), interpolate=True, lineColor=array([-1., -1., -1.]), lineColorSpace='rgb', lineRGB=array([-1, -1, -1]), lineWidth=1, name='polygon', opacity=1, ori=0.0, pos=array([0., 0.]), size=array([0.15, 0.15]), units='height', vertices=ndarray(...), win=Window(...), windingRule=None)
17.4684 	EXP 	Created text_3 = TextStim(__class__=<class 'psychopy.visual.text.TextStim'>, alignHoriz=method-wrapper(...), alignText='center', alignVert=method-wrapper(...), anchorHoriz='center', anchorVert='center', antialias=True, autoDraw=False, autoLog=True, bold=False, color=array([1., 1., 1.]), colorSpace='rgb', contrast=1.0, depth=0.0, draggable=False, flipHoriz=False, flipVert=False, font='Arial', fontFiles=[], height=0.1, italic=False, languageStyle='LTR', name='text_3', opacity=1, ori=0, pos=array([0., 0.]), rgb=UNKNOWN, text=str(...), units='height', win=Window(...), wrapWidth=1)
17.4741 	EXP 	Created instr = TextStim(__class__=<class 'psychopy.visual.text.TextStim'>, alignHoriz=method-wrapper(...), alignText='center', alignVert=method-wrapper(...), anchorHoriz='center', anchorVert='center', antialias=True, autoDraw=False, autoLog=True, bold=False, color=array([1., 1., 1.]), colorSpace='rgb', contrast=1.0, depth=0.0, draggable=False, flipHoriz=False, flipVert=False, font='Arial', fontFiles=[], height=0.08, italic=False, languageStyle='LTR', name='instr', opacity=1, ori=0, pos=array([0., 0.]), rgb=UNKNOWN, text=str(...), units='height', win=Window(...), wrapWidth=1)
17.6179 	EXP 	Sound test_sound set volume 1.000
17.6201 	EXP 	Created polygon_2 = ShapeStim(__class__=<class 'psychopy.visual.shape.ShapeStim'>, anchor=('center', 'center'), autoDraw=False, autoLog=True, closeShape=True, color=method-wrapper(...), colorSpace='rgb', contrast=None, depth=-2.0, draggable=False, fillColor=array([-1, -1, -1]), fillColorSpace='rgb', fillRGB=array([-1, -1, -1]), interpolate=True, lineColor=array([-1., -1., -1.]), lineColorSpace='rgb', lineRGB=array([-1, -1, -1]), lineWidth=1, name='polygon_2', opacity=1, ori=0.0, pos=array([0., 0.]), size=array([0.15, 0.15]), units='height', vertices=ndarray(...), win=Window(...), windingRule=None)
17.6247 	EXP 	Created text_3 = TextStim(__class__=<class 'psychopy.visual.text.TextStim'>, alignHoriz=method-wrapper(...), alignText='center', alignVert=method-wrapper(...), anchorHoriz='center', anchorVert='center', antialias=True, autoDraw=False, autoLog=True, bold=False, color=array([1., 1., 1.]), colorSpace='rgb', contrast=1.0, depth=0.0, draggable=False, flipHoriz=False, flipVert=False, font='Arial', fontFiles=[], height=0.1, italic=False, languageStyle='LTR', name='text_3', opacity=1, ori=0, pos=array([0., 0.]), rgb=UNKNOWN, text=str(...), units='height', win=Window(...), wrapWidth=1)
17.6330 	EXP 	Created text_2 = TextStim(__class__=<class 'psychopy.visual.text.TextStim'>, alignHoriz=method-wrapper(...), alignText='center', alignVert=method-wrapper(...), anchorHoriz='center', anchorVert='center', antialias=True, autoDraw=False, autoLog=True, bold=False, color=array([1., 1., 1.]), colorSpace='rgb', contrast=1.0, depth=0.0, draggable=False, flipHoriz=False, flipVert=False, font='Arial', fontFiles=[], height=0.1, italic=False, languageStyle='LTR', name='text_2', opacity=1, ori=0, pos=array([0., 0.]), rgb=UNKNOWN, text=str(...), units='height', win=Window(...), wrapWidth=1)
0.0214 	EXP 	instr: autoDraw = True
4906.2190 	EXP 	Imported selected_practice.csv as conditions, 4 conditions, 27 params
4906.2195 	EXP 	New trial (rep=0, index=0): <Trial 0 (0 in rep 0) data={'sounds': 'sounds/p3c_saltar.wav', 'syll': 'CVC', 'stress_unstress': 'Unstressed', 'suffix': 'Match', 'present_past': 'past', 'corrAns': 'num_2', 'trigger_item': 0.0, 'trigger_senonset': 0.205513, 'trigger_verbsonset': 0.8629519999999999, 'trigger_1_F0': 0.984841, 'trigger_suffix': 1.219715, 'trigger_2_F0': 1.27, 'ID_item': 101, 'ID_senonset': 30, 'ID_verbonset': 31, 'ID_1_F0': 32, 'ID_suffix': 33, 'ID_2_F0': 34, 'ms_senonset': 0.005513, 'ms_verbonset': 0.662952, 'ms_1_F0': 0.784841, 'ms_suffix': 1.019715, 'ms_2_F0': 1.07, 'file_name': 'p3c_saltar.wav', 'sentence': 'p3', 'cond': 'c', 'combo': 'p3c', 'thisN': 0, 'thisTrialN': 0, 'thisRepN': 0}>
4906.2223 	EXP 	Sound test_sound_2 reached end of file
4906.2296 	EXP 	Sound test_sound_2 started
4906.2241 	DATA 	Keypress: space
4906.2330 	EXP 	instr: autoDraw = False
4906.2330 	EXP 	polygon: autoDraw = True
4908.2993 	EXP 	Sound test_sound_2 reached end of file
4908.3130 	EXP 	Sound test_sound_2 reached end of file
4912.9867 	EXP 	New trial (rep=0, index=1): <Trial 1 (1 in rep 0) data={'sounds': 'sounds/p1a_saltar.wav', 'syll': 'CVC', 'stress_unstress': 'Stressed', 'suffix': 'Match', 'present_past': 'present', 'corrAns': 'num_1', 'trigger_item': 0.0, 'trigger_senonset': 0.205513, 'trigger_verbsonset': 0.8629519999999999, 'trigger_1_F0': 0.984841, 'trigger_suffix': 1.219715, 'trigger_2_F0': 1.27, 'ID_item': 101, 'ID_senonset': 10, 'ID_verbonset': 11, 'ID_1_F0': 12, 'ID_suffix': 13, 'ID_2_F0': 14, 'ms_senonset': 0.005513, 'ms_verbonset': 0.662952, 'ms_1_F0': 0.784841, 'ms_suffix': 1.019715, 'ms_2_F0': 1.07, 'file_name': 'p1a_saltar.wav', 'sentence': 'p1', 'cond': 'a', 'combo': 'p1a', 'thisN': 1, 'thisTrialN': 1, 'thisRepN': 0}>
4912.9925 	EXP 	Sound test_sound_2 reached end of file
4912.9961 	EXP 	Sound test_sound_2 started
4912.9948 	DATA 	Keypress: right
4913.0032 	EXP 	polygon: autoDraw = False
4913.0032 	EXP 	text_3: autoDraw = False
4913.0032 	EXP 	polygon: autoDraw = True
4915.2209 	EXP 	Sound test_sound_2 reached end of file
4915.2303 	EXP 	Sound test_sound_2 reached end of file
4915.9533 	EXP 	New trial (rep=0, index=2): <Trial 2 (2 in rep 0) data={'sounds': 'sounds/p4d_cortar.wav', 'syll': 'CVC', 'stress_unstress': 'Stressed', 'suffix': 'Mismatch', 'present_past': 'past', 'corrAns': 'num_2', 'trigger_item': 0.0, 'trigger_senonset': 0.205513, 'trigger_verbsonset': 0.8629519999999999, 'trigger_1_F0': 0.984841, 'trigger_suffix': 1.219715, 'trigger_2_F0': 1.27, 'ID_item': 101, 'ID_senonset': 40, 'ID_verbonset': 41, 'ID_1_F0': 42, 'ID_suffix': 43, 'ID_2_F0': 44, 'ms_senonset': 0.005513, 'ms_verbonset': 0.662952, 'ms_1_F0': 0.784841, 'ms_suffix': 1.019715, 'ms_2_F0': 1.07, 'file_name': 'p4d_cortar.wav', 'sentence': 'p4', 'cond': 'd', 'combo': 'p4d', 'thisN': 2, 'thisTrialN': 2, 'thisRepN': 0}>
4915.9597 	EXP 	Sound test_sound_2 reached end of file
4915.9628 	EXP 	Sound test_sound_2 started
4915.9629 	DATA 	Keypress: left
4915.9701 	EXP 	polygon: autoDraw = False
4915.9701 	EXP 	text_3: autoDraw = False
4915.9701 	EXP 	polygon: autoDraw = True
4918.4578 	EXP 	Sound test_sound_2 reached end of file
4918.4631 	EXP 	Sound test_sound_2 reached end of file
4919.0507 	DATA 	Keypress: right
4919.0695 	EXP 	New trial (rep=0, index=3): <Trial 3 (3 in rep 0) data={'sounds': 'sounds/p2b_cortar.wav', 'syll': 'CVC', 'stress_unstress': 'Unstressed', 'suffix': 'Mismatch', 'present_past': 'present', 'corrAns': 'num_1', 'trigger_item': 0.0, 'trigger_senonset': 0.205513, 'trigger_verbsonset': 0.8629519999999999, 'trigger_1_F0': 0.984841, 'trigger_suffix': 1.219715, 'trigger_2_F0': 1.27, 'ID_item': 101, 'ID_senonset': 20, 'ID_verbonset': 21, 'ID_1_F0': 22, 'ID_suffix': 23, 'ID_2_F0': 24, 'ms_senonset': 0.005513, 'ms_verbonset': 0.662952, 'ms_1_F0': 0.784841, 'ms_suffix': 1.019715, 'ms_2_F0': 1.07, 'file_name': 'p2b_cortar.wav', 'sentence': 'p2', 'cond': 'b', 'combo': 'p2b', 'thisN': 3, 'thisTrialN': 3, 'thisRepN': 0}>
4919.0743 	EXP 	Sound test_sound_2 reached end of file
4919.0793 	EXP 	Sound test_sound_2 started
4919.0852 	EXP 	polygon: autoDraw = False
4919.0852 	EXP 	text_3: autoDraw = False
4919.0852 	EXP 	polygon: autoDraw = True
4921.3247 	EXP 	Sound test_sound_2 reached end of file
4921.3312 	EXP 	Sound test_sound_2 reached end of file
4921.5057 	DATA 	Keypress: left
4921.5124 	EXP 	polygon: autoDraw = False
4921.5124 	EXP 	text_3: autoDraw = False
4921.5124 	EXP 	instr: autoDraw = True
4986.3341 	EXP 	Imported selected_trials.csv as conditions, 40 conditions, 26 params
4986.3347 	EXP 	New trial (rep=0, index=0): <Trial 0 (0 in rep 0) data={'sounds': 'sounds/09c_cargar.wav', 'syll': 'CVC', 'stress_unstress': 'Unstressed', 'suffix': 'Match', 'present_past': 'past', 'corrAns': 'num_2', 'trigger_item': 0.0, 'trigger_senonset': 0.2, 'trigger_verbsonset': 0.81286744068287, 'trigger_1_F0': 0.8382251229745361, 'trigger_suffix': 1.032634020543981, 'trigger_2_F0': 1.090594437210648, 'ID_item': 101, 'ID_senonset': 30, 'ID_verbonset': 31, 'ID_1_F0': 32, 'ID_suffix': 33, 'ID_2_F0': 34, 'ms_senonset': 0, 'ms_verbonset': 0.61286744068287, 'ms_1_F0': 0.638225122974536, 'ms_suffix': 0.832634020543981, 'ms_2_F0': 0.890594437210648, 'file_name': '09c_cargar.wav', 'item_id': 9, 'cond': 'c', 'thisN': 0, 'thisTrialN': 0, 'thisRepN': 0}>
4986.3380 	EXP 	Sound test_sound reached end of file
4986.3476 	EXP 	Sound test_sound started
4986.3396 	DATA 	Keypress: space
4986.3479 	EXP 	instr: autoDraw = False
4986.3479 	EXP 	polygon_2: autoDraw = True
4988.2601 	EXP 	Sound test_sound reached end of file
4988.2657 	EXP 	Sound test_sound reached end of file
4988.9848 	DATA 	Keypress: right
4989.0050 	EXP 	New trial (rep=0, index=1): <Trial 1 (1 in rep 0) data={'sounds': 'sounds/16a_llevar.wav', 'syll': 'CVC', 'stress_unstress': 'Stressed', 'suffix': 'Match', 'present_past': 'present', 'corrAns': 'num_1', 'trigger_item': 0.0, 'trigger_senonset': 0.2, 'trigger_verbsonset': 0.929084516317274, 'trigger_1_F0': 0.964936524692279, 'trigger_suffix': 1.08, 'trigger_2_F0': 1.131864014418682, 'ID_item': 101, 'ID_senonset': 10, 'ID_verbonset': 11, 'ID_1_F0': 12, 'ID_suffix': 13, 'ID_2_F0': 14, 'ms_senonset': 0, 'ms_verbonset': 0.729084516317274, 'ms_1_F0': 0.764936524692279, 'ms_suffix': 0.88, 'ms_2_F0': 0.931864014418682, 'file_name': '16a_llevar.wav', 'item_id': 16, 'cond': 'a', 'thisN': 1, 'thisTrialN': 1, 'thisRepN': 0}>
4989.0100 	EXP 	Sound test_sound reached end of file
4989.0146 	EXP 	Sound test_sound started
4989.0216 	EXP 	polygon_2: autoDraw = False
4989.0216 	EXP 	text_3: autoDraw = False
4989.0216 	EXP 	polygon_2: autoDraw = True
4990.9057 	EXP 	Sound test_sound reached end of file
4990.9149 	EXP 	Sound test_sound reached end of file
4991.6384 	EXP 	New trial (rep=0, index=2): <Trial 2 (2 in rep 0) data={'sounds': 'sounds/33b_culpar.wav', 'syll': 'CVC', 'stress_unstress': 'Unstressed', 'suffix': 'Mismatch', 'present_past': 'present', 'corrAns': 'num_1', 'trigger_item': 0.0, 'trigger_senonset': 0.2, 'trigger_verbsonset': 0.8606178431336959, 'trigger_1_F0': 0.869103678029107, 'trigger_suffix': 1.109891641372144, 'trigger_2_F0': 1.131540467434179, 'ID_item': 101, 'ID_senonset': 20, 'ID_verbonset': 21, 'ID_1_F0': 22, 'ID_suffix': 23, 'ID_2_F0': 24, 'ms_senonset': 0, 'ms_verbonset': 0.660617843133696, 'ms_1_F0': 0.669103678029107, 'ms_suffix': 0.909891641372144, 'ms_2_F0': 0.931540467434179, 'file_name': '33b_culpar.wav', 'item_id': 33, 'cond': 'b', 'thisN': 2, 'thisTrialN': 2, 'thisRepN': 0}>
4991.6437 	EXP 	Sound test_sound reached end of file
4991.6477 	EXP 	Sound test_sound started
4991.6467 	DATA 	Keypress: left
4991.6547 	EXP 	polygon_2: autoDraw = False
4991.6547 	EXP 	text_3: autoDraw = False
4991.6547 	EXP 	polygon_2: autoDraw = True
4993.8035 	EXP 	Sound test_sound reached end of file
4993.8146 	EXP 	Sound test_sound reached end of file
4994.0721 	EXP 	New trial (rep=0, index=3): <Trial 3 (3 in rep 0) data={'sounds': 'sounds/08d_filtrar.wav', 'syll': 'CVC', 'stress_unstress': 'Stressed', 'suffix': 'Mismatch', 'present_past': 'past', 'corrAns': 'num_2', 'trigger_item': 0.0, 'trigger_senonset': 0.2, 'trigger_verbsonset': 0.7526856695589441, 'trigger_1_F0': 0.87808115762362, 'trigger_suffix': 1.118901843962886, 'trigger_2_F0': 1.172598812485867, 'ID_item': 101, 'ID_senonset': 40, 'ID_verbonset': 41, 'ID_1_F0': 42, 'ID_suffix': 43, 'ID_2_F0': 44, 'ms_senonset': 0, 'ms_verbonset': 0.552685669558944, 'ms_1_F0': 0.67808115762362, 'ms_suffix': 0.918901843962886, 'ms_2_F0': 0.972598812485867, 'file_name': '08d_filtrar.wav', 'item_id': 8, 'cond': 'd', 'thisN': 3, 'thisTrialN': 3, 'thisRepN': 0}>
4994.0766 	EXP 	Sound test_sound reached end of file
4994.0815 	EXP 	Sound test_sound started
4994.0784 	DATA 	Keypress: left
4994.0877 	EXP 	polygon_2: autoDraw = False
4994.0877 	EXP 	text_3: autoDraw = False
4994.0877 	EXP 	polygon_2: autoDraw = True
4995.8266 	EXP 	Sound test_sound reached end of file
4995.8329 	EXP 	Sound test_sound reached end of file
4997.3722 	EXP 	New trial (rep=0, index=4): <Trial 4 (4 in rep 0) data={'sounds': 'sounds/11a_pegar.wav', 'syll': 'CVC', 'stress_unstress': 'Stressed', 'suffix': 'Match', 'present_past': 'present', 'corrAns': 'num_1', 'trigger_item': 0.0, 'trigger_senonset': 0.2, 'trigger_verbsonset': 0.8182808977343741, 'trigger_1_F0': 0.831294515585661, 'trigger_suffix': 0.98, 'trigger_2_F0': 1.012063288108519, 'ID_item': 101, 'ID_senonset': 10, 'ID_verbonset': 11, 'ID_1_F0': 12, 'ID_suffix': 13, 'ID_2_F0': 14, 'ms_senonset': 0, 'ms_verbonset': 0.618280897734374, 'ms_1_F0': 0.631294515585661, 'ms_suffix': 0.78, 'ms_2_F0': 0.812063288108519, 'file_name': '11a_pegar.wav', 'item_id': 11, 'cond': 'a', 'thisN': 4, 'thisTrialN': 4, 'thisRepN': 0}>
4997.3770 	EXP 	Sound test_sound reached end of file
4997.3819 	EXP 	Sound test_sound started
4997.3799 	DATA 	Keypress: right
4997.3879 	EXP 	polygon_2: autoDraw = False
4997.3879 	EXP 	text_3: autoDraw = False
4997.3879 	EXP 	polygon_2: autoDraw = True
4999.3019 	EXP 	Sound test_sound reached end of file
4999.3146 	EXP 	Sound test_sound reached end of file
5001.3864 	EXP 	New trial (rep=0, index=5): <Trial 5 (5 in rep 0) data={'sounds': 'sounds/35b_secar.wav', 'syll': 'CVC', 'stress_unstress': 'Unstressed', 'suffix': 'Mismatch', 'present_past': 'present', 'corrAns': 'num_1', 'trigger_item': 0.0, 'trigger_senonset': 0.2, 'trigger_verbsonset': 0.8990044921875, 'trigger_1_F0': 1.025708658854166, 'trigger_suffix': 1.179689416956018, 'trigger_2_F0': 1.20652606336805, 'ID_item': 101, 'ID_senonset': 20, 'ID_verbonset': 21, 'ID_1_F0': 22, 'ID_suffix': 23, 'ID_2_F0': 24, 'ms_senonset': 0, 'ms_verbonset': 0.6990044921875, 'ms_1_F0': 0.825708658854166, 'ms_suffix': 0.979689416956018, 'ms_2_F0': 1.00652606336805, 'file_name': '35b_secar.wav', 'item_id': 35, 'cond': 'b', 'thisN': 5, 'thisTrialN': 5, 'thisRepN': 0}>
5001.3910 	EXP 	Sound test_sound reached end of file
5001.3979 	EXP 	Sound test_sound started
5001.3934 	DATA 	Keypress: left
5001.4013 	EXP 	polygon_2: autoDraw = False
5001.4013 	EXP 	text_3: autoDraw = False
5001.4013 	EXP 	polygon_2: autoDraw = True
5003.5199 	EXP 	Sound test_sound reached end of file
5003.5316 	EXP 	Sound test_sound reached end of file
5004.1050 	EXP 	New trial (rep=0, index=6): <Trial 6 (6 in rep 0) data={'sounds': 'sounds/25b_ganar.wav', 'syll': 'CVC', 'stress_unstress': 'Unstressed', 'suffix': 'Mismatch', 'present_past': 'present', 'corrAns': 'num_1', 'trigger_item': 0.0, 'trigger_senonset': 0.2, 'trigger_verbsonset': 1.152097938368055, 'trigger_1_F0': 1.15990068760488, 'trigger_suffix': 1.28904165650454, 'trigger_2_F0': 1.37272500435153, 'ID_item': 101, 'ID_senonset': 20, 'ID_verbonset': 21, 'ID_1_F0': 22, 'ID_suffix': 23, 'ID_2_F0': 24, 'ms_senonset': 0, 'ms_verbonset': 0.952097938368055, 'ms_1_F0': 0.95990068760488, 'ms_suffix': 1.08904165650454, 'ms_2_F0': 1.17272500435153, 'file_name': '25b_ganar.wav', 'item_id': 25, 'cond': 'b', 'thisN': 6, 'thisTrialN': 6, 'thisRepN': 0}>
5004.1098 	EXP 	Sound test_sound reached end of file
5004.1147 	EXP 	Sound test_sound started
5004.1136 	DATA 	Keypress: left
5004.1202 	EXP 	polygon_2: autoDraw = False
5004.1202 	EXP 	text_3: autoDraw = False
5004.1202 	EXP 	polygon_2: autoDraw = True
5006.4425 	EXP 	Sound test_sound reached end of file
5006.4501 	EXP 	Sound test_sound reached end of file
5007.2219 	EXP 	New trial (rep=0, index=7): <Trial 7 (7 in rep 0) data={'sounds': 'sounds/36c_bordar.wav', 'syll': 'CVC', 'stress_unstress': 'Unstressed', 'suffix': 'Match', 'present_past': 'past', 'corrAns': 'num_2', 'trigger_item': 0.0, 'trigger_senonset': 0.2, 'trigger_verbsonset': 1.0, 'trigger_1_F0': 1.078468243634259, 'trigger_suffix': 1.3288624855324, 'trigger_2_F0': 1.3414992042824, 'ID_item': 101, 'ID_senonset': 30, 'ID_verbonset': 31, 'ID_1_F0': 32, 'ID_suffix': 33, 'ID_2_F0': 34, 'ms_senonset': 0, 'ms_verbonset': 0.8, 'ms_1_F0': 0.878468243634259, 'ms_suffix': 1.1288624855324, 'ms_2_F0': 1.1414992042824, 'file_name': '36c_bordar.wav', 'item_id': 36, 'cond': 'c', 'thisN': 7, 'thisTrialN': 7, 'thisRepN': 0}>
5007.2264 	EXP 	Sound test_sound reached end of file
5007.2316 	EXP 	Sound test_sound started
5007.2287 	DATA 	Keypress: left
5007.2364 	EXP 	polygon_2: autoDraw = False
5007.2364 	EXP 	text_3: autoDraw = False
5007.2364 	EXP 	polygon_2: autoDraw = True
5009.4823 	EXP 	Sound test_sound reached end of file
5009.4986 	EXP 	Sound test_sound reached end of file
5009.5547 	EXP 	New trial (rep=0, index=8): <Trial 8 (8 in rep 0) data={'sounds': 'sounds/18b_cumplir.wav', 'syll': 'CVC', 'stress_unstress': 'Unstressed', 'suffix': 'Mismatch', 'present_past': 'present', 'corrAns': 'num_1', 'trigger_item': 0.0, 'trigger_senonset': 0.2, 'trigger_verbsonset': 1.2408027271412, 'trigger_1_F0': 1.25568597366898, 'trigger_suffix': 1.46256310040509, 'trigger_2_F0': 1.54144430700231, 'ID_item': 101, 'ID_senonset': 20, 'ID_verbonset': 21, 'ID_1_F0': 22, 'ID_suffix': 23, 'ID_2_F0': 24, 'ms_senonset': 0, 'ms_verbonset': 1.0408027271412, 'ms_1_F0': 1.05568597366898, 'ms_suffix': 1.26256310040509, 'ms_2_F0': 1.34144430700231, 'file_name': '18b_cumplir.wav', 'item_id': 18, 'cond': 'b', 'thisN': 8, 'thisTrialN': 8, 'thisRepN': 0}>
5009.5590 	EXP 	Sound test_sound reached end of file
5009.5649 	EXP 	Sound test_sound started
5009.5607 	DATA 	Keypress: right
5009.5693 	EXP 	polygon_2: autoDraw = False
5009.5693 	EXP 	text_3: autoDraw = False
5009.5693 	EXP 	polygon_2: autoDraw = True
5011.7282 	EXP 	Sound test_sound reached end of file
5011.7335 	EXP 	Sound test_sound reached end of file
5013.0214 	EXP 	New trial (rep=0, index=9): <Trial 9 (9 in rep 0) data={'sounds': 'sounds/27c_tirar.wav', 'syll': 'CVC', 'stress_unstress': 'Unstressed', 'suffix': 'Match', 'present_past': 'past', 'corrAns': 'num_2', 'trigger_item': 0.0, 'trigger_senonset': 0.2, 'trigger_verbsonset': 0.8119442057291659, 'trigger_1_F0': 0.8307495153356481, 'trigger_suffix': 0.9885306495949072, 'trigger_2_F0': 0.998621303530092, 'ID_item': 101, 'ID_senonset': 30, 'ID_verbonset': 31, 'ID_1_F0': 32, 'ID_suffix': 33, 'ID_2_F0': 34, 'ms_senonset': 0, 'ms_verbonset': 0.611944205729166, 'ms_1_F0': 0.630749515335648, 'ms_suffix': 0.788530649594907, 'ms_2_F0': 0.798621303530092, 'file_name': '27c_tirar.wav', 'item_id': 27, 'cond': 'c', 'thisN': 9, 'thisTrialN': 9, 'thisRepN': 0}>
5013.0262 	EXP 	Sound test_sound reached end of file
5013.0314 	EXP 	Sound test_sound started
5013.0286 	DATA 	Keypress: left
5013.0369 	EXP 	polygon_2: autoDraw = False
5013.0369 	EXP 	text_3: autoDraw = False
5013.0369 	EXP 	polygon_2: autoDraw = True
5015.0154 	EXP 	Sound test_sound reached end of file
5015.0320 	EXP 	Sound test_sound reached end of file
5019.2254 	DATA 	Keypress: right
5019.2313 	EXP 	polygon_2: autoDraw = False
5019.2313 	EXP 	text_3: autoDraw = True
5036.6024 	DATA 	Keypress: space
5036.6178 	EXP 	New trial (rep=0, index=10): <Trial 10 (10 in rep 0) data={'sounds': 'sounds/14b_borrar.wav', 'syll': 'CVC', 'stress_unstress': 'Unstressed', 'suffix': 'Mismatch', 'present_past': 'present', 'corrAns': 'num_1', 'trigger_item': 0.0, 'trigger_senonset': 0.2, 'trigger_verbsonset': 0.72, 'trigger_1_F0': 0.770187630208333, 'trigger_suffix': 0.851961241319444, 'trigger_2_F0': 0.964399956597222, 'ID_item': 101, 'ID_senonset': 20, 'ID_verbonset': 21, 'ID_1_F0': 22, 'ID_suffix': 23, 'ID_2_F0': 24, 'ms_senonset': 0, 'ms_verbonset': 0.52, 'ms_1_F0': 0.570187630208333, 'ms_suffix': 0.651961241319444, 'ms_2_F0': 0.764399956597222, 'file_name': '14b_borrar.wav', 'item_id': 14, 'cond': 'b', 'thisN': 10, 'thisTrialN': 10, 'thisRepN': 0}>
5036.6219 	EXP 	Sound test_sound reached end of file
5036.6320 	EXP 	Sound test_sound started
5036.6342 	EXP 	text_3: autoDraw = False
5036.6342 	EXP 	polygon_2: autoDraw = True
5038.5656 	EXP 	Sound test_sound reached end of file
5038.5821 	EXP 	Sound test_sound reached end of file
5039.5858 	DATA 	Keypress: left
5039.6050 	EXP 	New trial (rep=0, index=11): <Trial 11 (11 in rep 0) data={'sounds': 'sounds/21a_mezclar.wav', 'syll': 'CVC', 'stress_unstress': 'Stressed', 'suffix': 'Match', 'present_past': 'present', 'corrAns': 'num_1', 'trigger_item': 0.0, 'trigger_senonset': 0.2, 'trigger_verbsonset': 0.78, 'trigger_1_F0': 0.9121902777777772, 'trigger_suffix': 1.20214212962962, 'trigger_2_F0': 1.27, 'ID_item': 101, 'ID_senonset': 10, 'ID_verbonset': 11, 'ID_1_F0': 12, 'ID_suffix': 13, 'ID_2_F0': 14, 'ms_senonset': 0, 'ms_verbonset': 0.58, 'ms_1_F0': 0.712190277777777, 'ms_suffix': 1.00214212962962, 'ms_2_F0': 1.07, 'file_name': '21a_mezclar.wav', 'item_id': 21, 'cond': 'a', 'thisN': 11, 'thisTrialN': 11, 'thisRepN': 0}>
5039.6092 	EXP 	Sound test_sound reached end of file
5039.6155 	EXP 	Sound test_sound started
5039.6190 	EXP 	polygon_2: autoDraw = False
5039.6190 	EXP 	text_3: autoDraw = False
5039.6190 	EXP 	polygon_2: autoDraw = True
5041.6164 	EXP 	Sound test_sound reached end of file
5041.6324 	EXP 	Sound test_sound reached end of file
5042.0050 	EXP 	New trial (rep=0, index=12): <Trial 12 (12 in rep 0) data={'sounds': 'sounds/07c_tumbar.wav', 'syll': 'CVC', 'stress_unstress': 'Unstressed', 'suffix': 'Match', 'present_past': 'past', 'corrAns': 'num_2', 'trigger_item': 0.0, 'trigger_senonset': 0.2, 'trigger_verbsonset': 0.9084024930273432, 'trigger_1_F0': 0.9247360728973012, 'trigger_suffix': 1.143289673625005, 'trigger_2_F0': 1.154847989033482, 'ID_item': 101, 'ID_senonset': 30, 'ID_verbonset': 31, 'ID_1_F0': 32, 'ID_suffix': 33, 'ID_2_F0': 34, 'ms_senonset': 0, 'ms_verbonset': 0.708402493027343, 'ms_1_F0': 0.724736072897301, 'ms_suffix': 0.943289673625005, 'ms_2_F0': 0.954847989033482, 'file_name': '07c_tumbar.wav', 'item_id': 7, 'cond': 'c', 'thisN': 12, 'thisTrialN': 12, 'thisRepN': 0}>
5042.0092 	EXP 	Sound test_sound reached end of file
5042.0154 	EXP 	Sound test_sound started
5042.0145 	DATA 	Keypress: left
5042.0208 	EXP 	polygon_2: autoDraw = False
5042.0208 	EXP 	text_3: autoDraw = False
5042.0208 	EXP 	polygon_2: autoDraw = True
5043.9412 	EXP 	Sound test_sound reached end of file
5043.9494 	EXP 	Sound test_sound reached end of file
5044.7835 	DATA 	Keypress: right
5044.8030 	EXP 	New trial (rep=0, index=13): <Trial 13 (13 in rep 0) data={'sounds': 'sounds/06d_soplar.wav', 'syll': 'CVC', 'stress_unstress': 'Stressed', 'suffix': 'Mismatch', 'present_past': 'past', 'corrAns': 'num_2', 'trigger_item': 0.0, 'trigger_senonset': 0.2, 'trigger_verbsonset': 0.761291666666666, 'trigger_1_F0': 0.8899999999999999, 'trigger_suffix': 1.102139687590422, 'trigger_2_F0': 1.166665581687644, 'ID_item': 101, 'ID_senonset': 40, 'ID_verbonset': 41, 'ID_1_F0': 42, 'ID_suffix': 43, 'ID_2_F0': 44, 'ms_senonset': 0, 'ms_verbonset': 0.561291666666666, 'ms_1_F0': 0.69, 'ms_suffix': 0.902139687590422, 'ms_2_F0': 0.966665581687644, 'file_name': '06d_soplar.wav', 'item_id': 6, 'cond': 'd', 'thisN': 13, 'thisTrialN': 13, 'thisRepN': 0}>
5044.8060 	EXP 	Sound test_sound reached end of file
5044.8154 	EXP 	Sound test_sound started
5044.8177 	EXP 	polygon_2: autoDraw = False
5044.8177 	EXP 	text_3: autoDraw = False
5044.8177 	EXP 	polygon_2: autoDraw = True
5046.6727 	EXP 	Sound test_sound reached end of file
5046.6822 	EXP 	Sound test_sound reached end of file
5047.2390 	EXP 	New trial (rep=0, index=14): <Trial 14 (14 in rep 0) data={'sounds': 'sounds/01d_salvar.wav', 'syll': 'CVC', 'stress_unstress': 'Stressed', 'suffix': 'Mismatch', 'present_past': 'past', 'corrAns': 'num_2', 'trigger_item': 0.0, 'trigger_senonset': 0.2, 'trigger_verbsonset': 0.8500000000000001, 'trigger_1_F0': 0.996069502314814, 'trigger_suffix': 1.23, 'trigger_2_F0': 1.29, 'ID_item': 101, 'ID_senonset': 40, 'ID_verbonset': 41, 'ID_1_F0': 42, 'ID_suffix': 43, 'ID_2_F0': 44, 'ms_senonset': 0, 'ms_verbonset': 0.65, 'ms_1_F0': 0.796069502314814, 'ms_suffix': 1.03, 'ms_2_F0': 1.09, 'file_name': '01d_salvar.wav', 'item_id': 1, 'cond': 'd', 'thisN': 14, 'thisTrialN': 14, 'thisRepN': 0}>
5047.2433 	EXP 	Sound test_sound reached end of file
5047.2500 	EXP 	Sound test_sound started
5047.2467 	DATA 	Keypress: right
5047.2545 	EXP 	polygon_2: autoDraw = False
5047.2545 	EXP 	text_3: autoDraw = False
5047.2545 	EXP 	polygon_2: autoDraw = True
5049.2927 	EXP 	Sound test_sound reached end of file
5049.2987 	EXP 	Sound test_sound reached end of file
5049.7394 	EXP 	New trial (rep=0, index=15): <Trial 15 (15 in rep 0) data={'sounds': 'sounds/20c_cubrir.wav', 'syll': 'CVC', 'stress_unstress': 'Unstressed', 'suffix': 'Match', 'present_past': 'past', 'corrAns': 'num_2', 'trigger_item': 0.0, 'trigger_senonset': 0.2, 'trigger_verbsonset': 0.980138641742621, 'trigger_1_F0': 1.01, 'trigger_suffix': 1.192436112212021, 'trigger_2_F0': 1.28412143493692, 'ID_item': 101, 'ID_senonset': 30, 'ID_verbonset': 31, 'ID_1_F0': 32, 'ID_suffix': 33, 'ID_2_F0': 34, 'ms_senonset': 0, 'ms_verbonset': 0.780138641742621, 'ms_1_F0': 0.81, 'ms_suffix': 0.992436112212021, 'ms_2_F0': 1.08412143493692, 'file_name': '20c_cubrir.wav', 'item_id': 20, 'cond': 'c', 'thisN': 15, 'thisTrialN': 15, 'thisRepN': 0}>
5049.7445 	EXP 	Sound test_sound reached end of file
5049.7493 	EXP 	Sound test_sound started
5049.7470 	DATA 	Keypress: right
5049.7548 	EXP 	polygon_2: autoDraw = False
5049.7548 	EXP 	text_3: autoDraw = False
5049.7548 	EXP 	polygon_2: autoDraw = True
5051.8686 	EXP 	Sound test_sound reached end of file
5051.8831 	EXP 	Sound test_sound reached end of file
5052.3220 	EXP 	New trial (rep=0, index=16): <Trial 16 (16 in rep 0) data={'sounds': 'sounds/34c_formar.wav', 'syll': 'CVC', 'stress_unstress': 'Unstressed', 'suffix': 'Match', 'present_past': 'past', 'corrAns': 'num_2', 'trigger_item': 0.0, 'trigger_senonset': 0.2, 'trigger_verbsonset': 0.876373676215277, 'trigger_1_F0': 0.992687651909722, 'trigger_suffix': 1.14, 'trigger_2_F0': 1.26319767795138, 'ID_item': 101, 'ID_senonset': 30, 'ID_verbonset': 31, 'ID_1_F0': 32, 'ID_suffix': 33, 'ID_2_F0': 34, 'ms_senonset': 0, 'ms_verbonset': 0.676373676215277, 'ms_1_F0': 0.792687651909722, 'ms_suffix': 0.94, 'ms_2_F0': 1.06319767795138, 'file_name': '34c_formar.wav', 'item_id': 34, 'cond': 'c', 'thisN': 16, 'thisTrialN': 16, 'thisRepN': 0}>
5052.3270 	EXP 	Sound test_sound reached end of file
5052.3322 	EXP 	Sound test_sound started
5052.3296 	DATA 	Keypress: left
5052.3365 	EXP 	polygon_2: autoDraw = False
5052.3365 	EXP 	text_3: autoDraw = False
5052.3365 	EXP 	polygon_2: autoDraw = True
5054.5507 	EXP 	Sound test_sound reached end of file
5054.5664 	EXP 	Sound test_sound reached end of file
5055.7730 	EXP 	New trial (rep=0, index=17): <Trial 17 (17 in rep 0) data={'sounds': 'sounds/13c_montar.wav', 'syll': 'CVC', 'stress_unstress': 'Unstressed', 'suffix': 'Match', 'present_past': 'past', 'corrAns': 'num_2', 'trigger_item': 0.0, 'trigger_senonset': 0.2, 'trigger_verbsonset': 0.8800000000000001, 'trigger_1_F0': 0.98, 'trigger_suffix': 1.24543012152777, 'trigger_2_F0': 1.2594709201388798, 'ID_item': 101, 'ID_senonset': 30, 'ID_verbonset': 31, 'ID_1_F0': 32, 'ID_suffix': 33, 'ID_2_F0': 34, 'ms_senonset': 0, 'ms_verbonset': 0.68, 'ms_1_F0': 0.78, 'ms_suffix': 1.04543012152777, 'ms_2_F0': 1.05947092013888, 'file_name': '13c_montar.wav', 'item_id': 13, 'cond': 'c', 'thisN': 17, 'thisTrialN': 17, 'thisRepN': 0}>
5055.7782 	EXP 	Sound test_sound reached end of file
5055.7833 	EXP 	Sound test_sound started
5055.7811 	DATA 	Keypress: left
5055.7883 	EXP 	polygon_2: autoDraw = False
5055.7883 	EXP 	text_3: autoDraw = False
5055.7883 	EXP 	polygon_2: autoDraw = True
5058.0592 	EXP 	Sound test_sound reached end of file
5058.0668 	EXP 	Sound test_sound reached end of file
5058.5728 	EXP 	New trial (rep=0, index=18): <Trial 18 (18 in rep 0) data={'sounds': 'sounds/22d_dejar.wav', 'syll': 'CVC', 'stress_unstress': 'Stressed', 'suffix': 'Mismatch', 'present_past': 'past', 'corrAns': 'num_2', 'trigger_item': 0.0, 'trigger_senonset': 0.2, 'trigger_verbsonset': 0.8500000000000001, 'trigger_1_F0': 1.02, 'trigger_suffix': 1.152543366608796, 'trigger_2_F0': 1.28794346788194, 'ID_item': 101, 'ID_senonset': 40, 'ID_verbonset': 41, 'ID_1_F0': 42, 'ID_suffix': 43, 'ID_2_F0': 44, 'ms_senonset': 0, 'ms_verbonset': 0.65, 'ms_1_F0': 0.82, 'ms_suffix': 0.952543366608796, 'ms_2_F0': 1.08794346788194, 'file_name': '22d_dejar.wav', 'item_id': 22, 'cond': 'd', 'thisN': 18, 'thisTrialN': 18, 'thisRepN': 0}>
5058.5775 	EXP 	Sound test_sound reached end of file
5058.5824 	EXP 	Sound test_sound started
5058.5800 	DATA 	Keypress: right
5058.5874 	EXP 	polygon_2: autoDraw = False
5058.5874 	EXP 	text_3: autoDraw = False
5058.5874 	EXP 	polygon_2: autoDraw = True
5060.6004 	EXP 	Sound test_sound reached end of file
5060.6166 	EXP 	Sound test_sound reached end of file
5062.4236 	EXP 	New trial (rep=0, index=19): <Trial 19 (19 in rep 0) data={'sounds': 'sounds/28d_parar.wav', 'syll': 'CVC', 'stress_unstress': 'Stressed', 'suffix': 'Mismatch', 'present_past': 'past', 'corrAns': 'num_2', 'trigger_item': 0.0, 'trigger_senonset': 0.2, 'trigger_verbsonset': 0.8458860026041659, 'trigger_1_F0': 0.862313736979166, 'trigger_suffix': 1.018194683159722, 'trigger_2_F0': 1.032797113715277, 'ID_item': 101, 'ID_senonset': 40, 'ID_verbonset': 41, 'ID_1_F0': 42, 'ID_suffix': 43, 'ID_2_F0': 44, 'ms_senonset': 0, 'ms_verbonset': 0.645886002604166, 'ms_1_F0': 0.662313736979166, 'ms_suffix': 0.818194683159722, 'ms_2_F0': 0.832797113715277, 'file_name': '28d_parar.wav', 'item_id': 28, 'cond': 'd', 'thisN': 19, 'thisTrialN': 19, 'thisRepN': 0}>
5062.4279 	EXP 	Sound test_sound reached end of file
5062.4331 	EXP 	Sound test_sound started
5062.4314 	DATA 	Keypress: left
5062.4386 	EXP 	polygon_2: autoDraw = False
5062.4386 	EXP 	text_3: autoDraw = False
5062.4386 	EXP 	polygon_2: autoDraw = True
5064.3289 	EXP 	Sound test_sound reached end of file
5064.3345 	EXP 	Sound test_sound reached end of file
5065.7366 	DATA 	Keypress: right
5065.7661 	EXP 	polygon_2: autoDraw = False
5065.7661 	EXP 	text_3: autoDraw = True
5072.0695 	EXP 	New trial (rep=0, index=20): <Trial 20 (20 in rep 0) data={'sounds': 'sounds/17d_tragar.wav', 'syll': 'CVC', 'stress_unstress': 'Stressed', 'suffix': 'Mismatch', 'present_past': 'past', 'corrAns': 'num_2', 'trigger_item': 0.0, 'trigger_senonset': 0.2, 'trigger_verbsonset': 1.070609360532407, 'trigger_1_F0': 1.117973654513888, 'trigger_suffix': 1.30915316840277, 'trigger_2_F0': 1.35458539534397, 'ID_item': 101, 'ID_senonset': 40, 'ID_verbonset': 41, 'ID_1_F0': 42, 'ID_suffix': 43, 'ID_2_F0': 44, 'ms_senonset': 0, 'ms_verbonset': 0.870609360532407, 'ms_1_F0': 0.917973654513888, 'ms_suffix': 1.10915316840277, 'ms_2_F0': 1.15458539534397, 'file_name': '17d_tragar.wav', 'item_id': 17, 'cond': 'd', 'thisN': 20, 'thisTrialN': 20, 'thisRepN': 0}>
5072.0736 	EXP 	Sound test_sound reached end of file
5072.0834 	EXP 	Sound test_sound started
5072.0769 	DATA 	Keypress: space
5072.0854 	EXP 	text_3: autoDraw = False
5072.0854 	EXP 	polygon_2: autoDraw = True
5074.3652 	EXP 	Sound test_sound reached end of file
5074.3702 	EXP 	Sound test_sound reached end of file
5074.7064 	EXP 	New trial (rep=0, index=21): <Trial 21 (21 in rep 0) data={'sounds': 'sounds/03b_limpiar.wav', 'syll': 'CVC', 'stress_unstress': 'Unstressed', 'suffix': 'Mismatch', 'present_past': 'present', 'corrAns': 'num_1', 'trigger_item': 0.0, 'trigger_senonset': 0.2, 'trigger_verbsonset': 0.8500000000000001, 'trigger_1_F0': 0.932367621527777, 'trigger_suffix': 1.26878515625, 'trigger_2_F0': 1.35808463541666, 'ID_item': 101, 'ID_senonset': 20, 'ID_verbonset': 21, 'ID_1_F0': 22, 'ID_suffix': 23, 'ID_2_F0': 24, 'ms_senonset': 0, 'ms_verbonset': 0.65, 'ms_1_F0': 0.732367621527777, 'ms_suffix': 1.06878515625, 'ms_2_F0': 1.15808463541666, 'file_name': '03b_limpiar.wav', 'item_id': 3, 'cond': 'b', 'thisN': 21, 'thisTrialN': 21, 'thisRepN': 0}>
5074.7109 	EXP 	Sound test_sound reached end of file
5074.7163 	EXP 	Sound test_sound started
5074.7131 	DATA 	Keypress: right
5074.7220 	EXP 	polygon_2: autoDraw = False
5074.7220 	EXP 	text_3: autoDraw = False
5074.7220 	EXP 	polygon_2: autoDraw = True
5076.8296 	EXP 	Sound test_sound paused
5076.8336 	EXP 	New trial (rep=0, index=22): <Trial 22 (22 in rep 0) data={'sounds': 'sounds/05a_fumar.wav', 'syll': 'CVC', 'stress_unstress': 'Stressed', 'suffix': 'Match', 'present_past': 'present', 'corrAns': 'num_1', 'trigger_item': 0.0, 'trigger_senonset': 0.2, 'trigger_verbsonset': 1.15, 'trigger_1_F0': 1.36712555700231, 'trigger_suffix': 1.48, 'trigger_2_F0': 1.56308830295138, 'ID_item': 101, 'ID_senonset': 10, 'ID_verbonset': 11, 'ID_1_F0': 12, 'ID_suffix': 13, 'ID_2_F0': 14, 'ms_senonset': 0, 'ms_verbonset': 0.95, 'ms_1_F0': 1.16712555700231, 'ms_suffix': 1.28, 'ms_2_F0': 1.36308830295138, 'file_name': '05a_fumar.wav', 'item_id': 5, 'cond': 'a', 'thisN': 22, 'thisTrialN': 22, 'thisRepN': 0}>
5076.8378 	EXP 	Sound test_sound reached end of file
5076.8496 	EXP 	Sound test_sound started
5076.8393 	DATA 	Keypress: left
5076.8481 	EXP 	polygon_2: autoDraw = False
5076.8481 	EXP 	text_3: autoDraw = False
5076.8481 	EXP 	polygon_2: autoDraw = True
5079.1891 	EXP 	Sound test_sound reached end of file
5079.2002 	EXP 	Sound test_sound reached end of file
5079.8388 	EXP 	New trial (rep=0, index=23): <Trial 23 (23 in rep 0) data={'sounds': 'sounds/15b_partir.wav', 'syll': 'CVC', 'stress_unstress': 'Unstressed', 'suffix': 'Mismatch', 'present_past': 'present', 'corrAns': 'num_1', 'trigger_item': 0.0, 'trigger_senonset': 0.2, 'trigger_verbsonset': 0.826865400752314, 'trigger_1_F0': 0.842973894883327, 'trigger_suffix': 1.1042888772729471, 'trigger_2_F0': 1.120815958498066, 'ID_item': 101, 'ID_senonset': 20, 'ID_verbonset': 21, 'ID_1_F0': 22, 'ID_suffix': 23, 'ID_2_F0': 24, 'ms_senonset': 0, 'ms_verbonset': 0.626865400752314, 'ms_1_F0': 0.642973894883327, 'ms_suffix': 0.904288877272947, 'ms_2_F0': 0.920815958498066, 'file_name': '15b_partir.wav', 'item_id': 15, 'cond': 'b', 'thisN': 23, 'thisTrialN': 23, 'thisRepN': 0}>
5079.8430 	EXP 	Sound test_sound reached end of file
5079.8494 	EXP 	Sound test_sound started
5079.8452 	DATA 	Keypress: left
5079.8527 	EXP 	polygon_2: autoDraw = False
5079.8527 	EXP 	text_3: autoDraw = False
5079.8527 	EXP 	polygon_2: autoDraw = True
5081.8984 	EXP 	Sound test_sound reached end of file
5081.9036 	EXP 	Sound test_sound reached end of file
5083.8065 	EXP 	New trial (rep=0, index=24): <Trial 24 (24 in rep 0) data={'sounds': 'sounds/38b_pagar.wav', 'syll': 'CVC', 'stress_unstress': 'Unstressed', 'suffix': 'Mismatch', 'present_past': 'present', 'corrAns': 'num_1', 'trigger_item': 0.0, 'trigger_senonset': 0.2, 'trigger_verbsonset': 1.166737304687499, 'trigger_1_F0': 1.185271158854166, 'trigger_suffix': 1.29521061197916, 'trigger_2_F0': 1.4055712890624898, 'ID_item': 101, 'ID_senonset': 20, 'ID_verbonset': 21, 'ID_1_F0': 22, 'ID_suffix': 23, 'ID_2_F0': 24, 'ms_senonset': 0, 'ms_verbonset': 0.966737304687499, 'ms_1_F0': 0.985271158854166, 'ms_suffix': 1.09521061197916, 'ms_2_F0': 1.20557128906249, 'file_name': '38b_pagar.wav', 'item_id': 38, 'cond': 'b', 'thisN': 24, 'thisTrialN': 24, 'thisRepN': 0}>
5083.8113 	EXP 	Sound test_sound reached end of file
5083.8166 	EXP 	Sound test_sound started
5083.8150 	DATA 	Keypress: left
5083.8223 	EXP 	polygon_2: autoDraw = False
5083.8223 	EXP 	text_3: autoDraw = False
5083.8223 	EXP 	polygon_2: autoDraw = True
5086.0506 	EXP 	Sound test_sound reached end of file
5086.0671 	EXP 	Sound test_sound reached end of file
5088.6050 	EXP 	New trial (rep=0, index=25): <Trial 25 (25 in rep 0) data={'sounds': 'sounds/04c_plantar.wav', 'syll': 'CVC', 'stress_unstress': 'Unstressed', 'suffix': 'Match', 'present_past': 'past', 'corrAns': 'num_2', 'trigger_item': 0.0, 'trigger_senonset': 0.2, 'trigger_verbsonset': 0.862877574458911, 'trigger_1_F0': 0.9343518689653568, 'trigger_suffix': 1.20493812332404, 'trigger_2_F0': 1.21897569287037, 'ID_item': 101, 'ID_senonset': 30, 'ID_verbonset': 31, 'ID_1_F0': 32, 'ID_suffix': 33, 'ID_2_F0': 34, 'ms_senonset': 0, 'ms_verbonset': 0.662877574458911, 'ms_1_F0': 0.734351868965357, 'ms_suffix': 1.00493812332404, 'ms_2_F0': 1.01897569287037, 'file_name': '04c_plantar.wav', 'item_id': 4, 'cond': 'c', 'thisN': 25, 'thisTrialN': 25, 'thisRepN': 0}>
5088.6089 	EXP 	Sound test_sound reached end of file
5088.6167 	EXP 	Sound test_sound started
5088.6105 	DATA 	Keypress: left
5088.6191 	EXP 	polygon_2: autoDraw = False
5088.6191 	EXP 	text_3: autoDraw = False
5088.6191 	EXP 	polygon_2: autoDraw = True
5090.6387 	EXP 	Sound test_sound reached end of file
5090.6498 	EXP 	Sound test_sound reached end of file
5090.9041 	DATA 	Keypress: right
5090.9233 	EXP 	New trial (rep=0, index=26): <Trial 26 (26 in rep 0) data={'sounds': 'sounds/29a_pesar.wav', 'syll': 'CVC', 'stress_unstress': 'Stressed', 'suffix': 'Match', 'present_past': 'present', 'corrAns': 'num_1', 'trigger_item': 0.0, 'trigger_senonset': 0.2, 'trigger_verbsonset': 0.91328417532552, 'trigger_1_F0': 0.925531286730473, 'trigger_suffix': 1.03, 'trigger_2_F0': 1.150619522602117, 'ID_item': 101, 'ID_senonset': 10, 'ID_verbonset': 11, 'ID_1_F0': 12, 'ID_suffix': 13, 'ID_2_F0': 14, 'ms_senonset': 0, 'ms_verbonset': 0.71328417532552, 'ms_1_F0': 0.725531286730473, 'ms_suffix': 0.83, 'ms_2_F0': 0.950619522602117, 'file_name': '29a_pesar.wav', 'item_id': 29, 'cond': 'a', 'thisN': 26, 'thisTrialN': 26, 'thisRepN': 0}>
5090.9278 	EXP 	Sound test_sound reached end of file
5090.9334 	EXP 	Sound test_sound started
5090.9387 	EXP 	polygon_2: autoDraw = False
5090.9387 	EXP 	text_3: autoDraw = False
5090.9387 	EXP 	polygon_2: autoDraw = True
5092.8270 	EXP 	Sound test_sound reached end of file
5092.8350 	EXP 	Sound test_sound reached end of file
5093.7557 	EXP 	New trial (rep=0, index=27): <Trial 27 (27 in rep 0) data={'sounds': 'sounds/24d_mirar.wav', 'syll': 'CVC', 'stress_unstress': 'Stressed', 'suffix': 'Mismatch', 'present_past': 'past', 'corrAns': 'num_2', 'trigger_item': 0.0, 'trigger_senonset': 0.2, 'trigger_verbsonset': 0.71, 'trigger_1_F0': 0.8119545789930551, 'trigger_suffix': 0.9389863642939812, 'trigger_2_F0': 0.9746780743634248, 'ID_item': 101, 'ID_senonset': 40, 'ID_verbonset': 41, 'ID_1_F0': 42, 'ID_suffix': 43, 'ID_2_F0': 44, 'ms_senonset': 0, 'ms_verbonset': 0.51, 'ms_1_F0': 0.611954578993055, 'ms_suffix': 0.738986364293981, 'ms_2_F0': 0.774678074363425, 'file_name': '24d_mirar.wav', 'item_id': 24, 'cond': 'd', 'thisN': 27, 'thisTrialN': 27, 'thisRepN': 0}>
5093.7595 	EXP 	Sound test_sound reached end of file
5093.7667 	EXP 	Sound test_sound started
5093.7616 	DATA 	Keypress: left
5093.7707 	EXP 	polygon_2: autoDraw = False
5093.7707 	EXP 	text_3: autoDraw = False
5093.7707 	EXP 	polygon_2: autoDraw = True
5095.4412 	EXP 	Sound test_sound reached end of file
5095.4505 	EXP 	Sound test_sound reached end of file
5096.1732 	EXP 	New trial (rep=0, index=28): <Trial 28 (28 in rep 0) data={'sounds': 'sounds/26a_bajar.wav', 'syll': 'CVC', 'stress_unstress': 'Stressed', 'suffix': 'Match', 'present_past': 'present', 'corrAns': 'num_1', 'trigger_item': 0.0, 'trigger_senonset': 0.2, 'trigger_verbsonset': 0.77, 'trigger_1_F0': 0.8999999999999999, 'trigger_suffix': 1.03, 'trigger_2_F0': 1.171181705729166, 'ID_item': 101, 'ID_senonset': 10, 'ID_verbonset': 11, 'ID_1_F0': 12, 'ID_suffix': 13, 'ID_2_F0': 14, 'ms_senonset': 0, 'ms_verbonset': 0.57, 'ms_1_F0': 0.7, 'ms_suffix': 0.83, 'ms_2_F0': 0.971181705729166, 'file_name': '26a_bajar.wav', 'item_id': 26, 'cond': 'a', 'thisN': 28, 'thisTrialN': 28, 'thisRepN': 0}>
5096.1768 	EXP 	Sound test_sound reached end of file
5096.1832 	EXP 	Sound test_sound started
5096.1789 	DATA 	Keypress: right
5096.1869 	EXP 	polygon_2: autoDraw = False
5096.1869 	EXP 	text_3: autoDraw = False
5096.1869 	EXP 	polygon_2: autoDraw = True
5098.2335 	EXP 	Sound test_sound reached end of file
5098.2503 	EXP 	Sound test_sound reached end of file
5099.4909 	EXP 	New trial (rep=0, index=29): <Trial 29 (29 in rep 0) data={'sounds': 'sounds/40c_gastar.wav', 'syll': 'CVC', 'stress_unstress': 'Unstressed', 'suffix': 'Match', 'present_past': 'past', 'corrAns': 'num_2', 'trigger_item': 0.0, 'trigger_senonset': 0.2, 'trigger_verbsonset': 0.8300000000000001, 'trigger_1_F0': 0.8400000000000001, 'trigger_suffix': 1.163436328125, 'trigger_2_F0': 1.183149609375, 'ID_item': 101, 'ID_senonset': 30, 'ID_verbonset': 31, 'ID_1_F0': 32, 'ID_suffix': 33, 'ID_2_F0': 34, 'ms_senonset': 0, 'ms_verbonset': 0.63, 'ms_1_F0': 0.64, 'ms_suffix': 0.963436328125, 'ms_2_F0': 0.983149609375, 'file_name': '40c_gastar.wav', 'item_id': 40, 'cond': 'c', 'thisN': 29, 'thisTrialN': 29, 'thisRepN': 0}>
5099.4960 	EXP 	Sound test_sound reached end of file
5099.5003 	EXP 	Sound test_sound started
5099.4993 	DATA 	Keypress: right
5099.5056 	EXP 	polygon_2: autoDraw = False
5099.5056 	EXP 	text_3: autoDraw = False
5099.5056 	EXP 	polygon_2: autoDraw = True
5101.5939 	EXP 	Sound test_sound reached end of file
5101.6015 	EXP 	Sound test_sound reached end of file
5102.5375 	DATA 	Keypress: left
5102.5670 	EXP 	polygon_2: autoDraw = False
5102.5670 	EXP 	text_3: autoDraw = True
5108.7865 	EXP 	New trial (rep=0, index=30): <Trial 30 (30 in rep 0) data={'sounds': 'sounds/39b_manchar.wav', 'syll': 'CVC', 'stress_unstress': 'Unstressed', 'suffix': 'Mismatch', 'present_past': 'present', 'corrAns': 'num_1', 'trigger_item': 0.0, 'trigger_senonset': 0.2, 'trigger_verbsonset': 0.81, 'trigger_1_F0': 0.91203755787037, 'trigger_suffix': 1.140584317129629, 'trigger_2_F0': 1.2139708912037, 'ID_item': 101, 'ID_senonset': 20, 'ID_verbonset': 21, 'ID_1_F0': 22, 'ID_suffix': 23, 'ID_2_F0': 24, 'ms_senonset': 0, 'ms_verbonset': 0.61, 'ms_1_F0': 0.71203755787037, 'ms_suffix': 0.940584317129629, 'ms_2_F0': 1.0139708912037, 'file_name': '39b_manchar.wav', 'item_id': 39, 'cond': 'b', 'thisN': 30, 'thisTrialN': 30, 'thisRepN': 0}>
5108.7915 	EXP 	Sound test_sound reached end of file
5108.8004 	EXP 	Sound test_sound started
5108.7939 	DATA 	Keypress: space
5108.8034 	EXP 	text_3: autoDraw = False
5108.8034 	EXP 	polygon_2: autoDraw = True
5111.0339 	EXP 	Sound test_sound reached end of file
5111.0508 	EXP 	Sound test_sound reached end of file
5111.2741 	EXP 	New trial (rep=0, index=31): <Trial 31 (31 in rep 0) data={'sounds': 'sounds/19a_marcar.wav', 'syll': 'CVC', 'stress_unstress': 'Stressed', 'suffix': 'Match', 'present_past': 'present', 'corrAns': 'num_1', 'trigger_item': 0.0, 'trigger_senonset': 0.2, 'trigger_verbsonset': 0.8400000000000001, 'trigger_1_F0': 0.97, 'trigger_suffix': 1.245718359375, 'trigger_2_F0': 1.273519140625, 'ID_item': 101, 'ID_senonset': 10, 'ID_verbonset': 11, 'ID_1_F0': 12, 'ID_suffix': 13, 'ID_2_F0': 14, 'ms_senonset': 0, 'ms_verbonset': 0.64, 'ms_1_F0': 0.77, 'ms_suffix': 1.045718359375, 'ms_2_F0': 1.073519140625, 'file_name': '19a_marcar.wav', 'item_id': 19, 'cond': 'a', 'thisN': 31, 'thisTrialN': 31, 'thisRepN': 0}>
5111.2782 	EXP 	Sound test_sound reached end of file
5111.2838 	EXP 	Sound test_sound started
5111.2809 	DATA 	Keypress: left
5111.2901 	EXP 	polygon_2: autoDraw = False
5111.2901 	EXP 	text_3: autoDraw = False
5111.2901 	EXP 	polygon_2: autoDraw = True
5113.1617 	EXP 	Sound test_sound reached end of file
5113.1678 	EXP 	Sound test_sound reached end of file
5113.6578 	EXP 	New trial (rep=0, index=32): <Trial 32 (32 in rep 0) data={'sounds': 'sounds/30a_fundar.wav', 'syll': 'CVC', 'stress_unstress': 'Stressed', 'suffix': 'Match', 'present_past': 'present', 'corrAns': 'num_1', 'trigger_item': 0.0, 'trigger_senonset': 0.2, 'trigger_verbsonset': 0.77, 'trigger_1_F0': 0.91, 'trigger_suffix': 1.112685546875, 'trigger_2_F0': 1.12, 'ID_item': 101, 'ID_senonset': 10, 'ID_verbonset': 11, 'ID_1_F0': 12, 'ID_suffix': 13, 'ID_2_F0': 14, 'ms_senonset': 0, 'ms_verbonset': 0.57, 'ms_1_F0': 0.71, 'ms_suffix': 0.912685546875, 'ms_2_F0': 0.92, 'file_name': '30a_fundar.wav', 'item_id': 30, 'cond': 'a', 'thisN': 32, 'thisTrialN': 32, 'thisRepN': 0}>
5113.6629 	EXP 	Sound test_sound reached end of file
5113.6673 	EXP 	Sound test_sound started
5113.6658 	DATA 	Keypress: right
5113.6744 	EXP 	polygon_2: autoDraw = False
5113.6744 	EXP 	text_3: autoDraw = False
5113.6744 	EXP 	polygon_2: autoDraw = True
5115.8025 	EXP 	Sound test_sound reached end of file
5115.8183 	EXP 	Sound test_sound reached end of file
5116.2243 	EXP 	New trial (rep=0, index=33): <Trial 33 (33 in rep 0) data={'sounds': 'sounds/10d_vender.wav', 'syll': 'CVC', 'stress_unstress': 'Stressed', 'suffix': 'Mismatch', 'present_past': 'past', 'corrAns': 'num_2', 'trigger_item': 0.0, 'trigger_senonset': 0.2, 'trigger_verbsonset': 0.832830209056713, 'trigger_1_F0': 0.8775468199411529, 'trigger_suffix': 1.109501330306288, 'trigger_2_F0': 1.158928471023364, 'ID_item': 101, 'ID_senonset': 40, 'ID_verbonset': 41, 'ID_1_F0': 42, 'ID_suffix': 43, 'ID_2_F0': 44, 'ms_senonset': 0, 'ms_verbonset': 0.632830209056713, 'ms_1_F0': 0.677546819941153, 'ms_suffix': 0.909501330306288, 'ms_2_F0': 0.958928471023364, 'file_name': '10d_vender.wav', 'item_id': 10, 'cond': 'd', 'thisN': 33, 'thisTrialN': 33, 'thisRepN': 0}>
5116.2290 	EXP 	Sound test_sound reached end of file
5116.2340 	EXP 	Sound test_sound started
5116.2319 	DATA 	Keypress: left
5116.2401 	EXP 	polygon_2: autoDraw = False
5116.2401 	EXP 	text_3: autoDraw = False
5116.2401 	EXP 	polygon_2: autoDraw = True
5118.1207 	EXP 	Sound test_sound reached end of file
5118.1342 	EXP 	Sound test_sound reached end of file
5119.3399 	EXP 	New trial (rep=0, index=34): <Trial 34 (34 in rep 0) data={'sounds': 'sounds/12a_matar.wav', 'syll': 'CVC', 'stress_unstress': 'Stressed', 'suffix': 'Match', 'present_past': 'present', 'corrAns': 'num_1', 'trigger_item': 0.0, 'trigger_senonset': 0.2, 'trigger_verbsonset': 0.8400000000000001, 'trigger_1_F0': 0.96, 'trigger_suffix': 1.17307472511574, 'trigger_2_F0': 1.186647497106481, 'ID_item': 101, 'ID_senonset': 10, 'ID_verbonset': 11, 'ID_1_F0': 12, 'ID_suffix': 13, 'ID_2_F0': 14, 'ms_senonset': 0, 'ms_verbonset': 0.64, 'ms_1_F0': 0.76, 'ms_suffix': 0.97307472511574, 'ms_2_F0': 0.986647497106481, 'file_name': '12a_matar.wav', 'item_id': 12, 'cond': 'a', 'thisN': 34, 'thisTrialN': 34, 'thisRepN': 0}>
5119.3453 	EXP 	Sound test_sound reached end of file
5119.3507 	EXP 	Sound test_sound started
5119.3481 	DATA 	Keypress: left
5119.3570 	EXP 	polygon_2: autoDraw = False
5119.3570 	EXP 	text_3: autoDraw = False
5119.3570 	EXP 	polygon_2: autoDraw = True
5121.5268 	EXP 	Sound test_sound reached end of file
5121.5345 	EXP 	Sound test_sound reached end of file
5122.2901 	EXP 	New trial (rep=0, index=35): <Trial 35 (35 in rep 0) data={'sounds': 'sounds/23a_tomar.wav', 'syll': 'CVC', 'stress_unstress': 'Stressed', 'suffix': 'Match', 'present_past': 'present', 'corrAns': 'num_1', 'trigger_item': 0.0, 'trigger_senonset': 0.2, 'trigger_verbsonset': 0.9453179615162032, 'trigger_1_F0': 0.95, 'trigger_suffix': 1.08, 'trigger_2_F0': 1.158644495081018, 'ID_item': 101, 'ID_senonset': 10, 'ID_verbonset': 11, 'ID_1_F0': 12, 'ID_suffix': 13, 'ID_2_F0': 14, 'ms_senonset': 0, 'ms_verbonset': 0.745317961516203, 'ms_1_F0': 0.75, 'ms_suffix': 0.88, 'ms_2_F0': 0.958644495081018, 'file_name': '23a_tomar.wav', 'item_id': 23, 'cond': 'a', 'thisN': 35, 'thisTrialN': 35, 'thisRepN': 0}>
5122.2935 	EXP 	Sound test_sound reached end of file
5122.3008 	EXP 	Sound test_sound started
5122.2956 	DATA 	Keypress: left
5122.3033 	EXP 	polygon_2: autoDraw = False
5122.3033 	EXP 	text_3: autoDraw = False
5122.3033 	EXP 	polygon_2: autoDraw = True
5124.1849 	EXP 	Sound test_sound reached end of file
5124.2010 	EXP 	Sound test_sound reached end of file
5125.6084 	EXP 	New trial (rep=0, index=36): <Trial 36 (36 in rep 0) data={'sounds': 'sounds/02c_buscar.wav', 'syll': 'CVC', 'stress_unstress': 'Unstressed', 'suffix': 'Match', 'present_past': 'past', 'corrAns': 'num_2', 'trigger_item': 0.0, 'trigger_senonset': 0.2, 'trigger_verbsonset': 0.8700000000000001, 'trigger_1_F0': 1.07, 'trigger_suffix': 1.26, 'trigger_2_F0': 1.40703946035879, 'ID_item': 101, 'ID_senonset': 30, 'ID_verbonset': 31, 'ID_1_F0': 32, 'ID_suffix': 33, 'ID_2_F0': 34, 'ms_senonset': 0, 'ms_verbonset': 0.67, 'ms_1_F0': 0.87, 'ms_suffix': 1.06, 'ms_2_F0': 1.20703946035879, 'file_name': '02c_buscar.wav', 'item_id': 2, 'cond': 'c', 'thisN': 36, 'thisTrialN': 36, 'thisRepN': 0}>
5125.6142 	EXP 	Sound test_sound reached end of file
5125.6179 	EXP 	Sound test_sound started
5125.6178 	DATA 	Keypress: left
5125.6261 	EXP 	polygon_2: autoDraw = False
5125.6261 	EXP 	text_3: autoDraw = False
5125.6261 	EXP 	polygon_2: autoDraw = True
5127.7347 	EXP 	Sound test_sound reached end of file
5127.7516 	EXP 	Sound test_sound reached end of file
5128.1069 	EXP 	New trial (rep=0, index=37): <Trial 37 (37 in rep 0) data={'sounds': 'sounds/32d_pulsar.wav', 'syll': 'CVC', 'stress_unstress': 'Stressed', 'suffix': 'Mismatch', 'present_past': 'past', 'corrAns': 'num_2', 'trigger_item': 0.0, 'trigger_senonset': 0.2, 'trigger_verbsonset': 0.796440212673611, 'trigger_1_F0': 0.8294641710069439, 'trigger_suffix': 0.99, 'trigger_2_F0': 1.097783832465277, 'ID_item': 101, 'ID_senonset': 40, 'ID_verbonset': 41, 'ID_1_F0': 42, 'ID_suffix': 43, 'ID_2_F0': 44, 'ms_senonset': 0, 'ms_verbonset': 0.596440212673611, 'ms_1_F0': 0.629464171006944, 'ms_suffix': 0.79, 'ms_2_F0': 0.897783832465277, 'file_name': '32d_pulsar.wav', 'item_id': 32, 'cond': 'd', 'thisN': 37, 'thisTrialN': 37, 'thisRepN': 0}>
5128.1118 	EXP 	Sound test_sound reached end of file
5128.1174 	EXP 	Sound test_sound started
5128.1150 	DATA 	Keypress: right
5128.1231 	EXP 	polygon_2: autoDraw = False
5128.1231 	EXP 	text_3: autoDraw = False
5128.1231 	EXP 	polygon_2: autoDraw = True
5129.9189 	EXP 	Sound test_sound reached end of file
5129.9243 	EXP 	Sound test_sound reached end of file
5130.2915 	EXP 	New trial (rep=0, index=38): <Trial 38 (38 in rep 0) data={'sounds': 'sounds/31d_tocar.wav', 'syll': 'CVC', 'stress_unstress': 'Stressed', 'suffix': 'Mismatch', 'present_past': 'past', 'corrAns': 'num_2', 'trigger_item': 0.0, 'trigger_senonset': 0.2, 'trigger_verbsonset': 0.8493931756807, 'trigger_1_F0': 0.8650112062639721, 'trigger_suffix': 1.006860547391531, 'trigger_2_F0': 1.049162047334928, 'ID_item': 101, 'ID_senonset': 40, 'ID_verbonset': 41, 'ID_1_F0': 42, 'ID_suffix': 43, 'ID_2_F0': 44, 'ms_senonset': 0, 'ms_verbonset': 0.6493931756807, 'ms_1_F0': 0.665011206263972, 'ms_suffix': 0.806860547391531, 'ms_2_F0': 0.849162047334928, 'file_name': '31d_tocar.wav', 'item_id': 31, 'cond': 'd', 'thisN': 38, 'thisTrialN': 38, 'thisRepN': 0}>
5130.2962 	EXP 	Sound test_sound reached end of file
5130.3009 	EXP 	Sound test_sound started
5130.2999 	DATA 	Keypress: left
5130.3060 	EXP 	polygon_2: autoDraw = False
5130.3060 	EXP 	text_3: autoDraw = False
5130.3060 	EXP 	polygon_2: autoDraw = True
5132.1847 	EXP 	Sound test_sound reached end of file
5132.2013 	EXP 	Sound test_sound reached end of file
5133.4407 	EXP 	New trial (rep=0, index=39): <Trial 39 (39 in rep 0) data={'sounds': 'sounds/37b_pasar.wav', 'syll': 'CVC', 'stress_unstress': 'Unstressed', 'suffix': 'Mismatch', 'present_past': 'present', 'corrAns': 'num_1', 'trigger_item': 0.0, 'trigger_senonset': 0.2, 'trigger_verbsonset': 1.033132486979166, 'trigger_1_F0': 1.052087565104166, 'trigger_suffix': 1.159499674479166, 'trigger_2_F0': 1.27702115885416, 'ID_item': 101, 'ID_senonset': 20, 'ID_verbonset': 21, 'ID_1_F0': 22, 'ID_suffix': 23, 'ID_2_F0': 24, 'ms_senonset': 0, 'ms_verbonset': 0.833132486979166, 'ms_1_F0': 0.852087565104166, 'ms_suffix': 0.959499674479166, 'ms_2_F0': 1.07702115885416, 'file_name': '37b_pasar.wav', 'item_id': 37, 'cond': 'b', 'thisN': 39, 'thisTrialN': 39, 'thisRepN': 0}>
5133.4451 	EXP 	Sound test_sound reached end of file
5133.4508 	EXP 	Sound test_sound started
5133.4481 	DATA 	Keypress: right
5133.4549 	EXP 	polygon_2: autoDraw = False
5133.4549 	EXP 	text_3: autoDraw = False
5133.4549 	EXP 	polygon_2: autoDraw = True
5135.5427 	EXP 	Sound test_sound reached end of file
5135.5512 	EXP 	Sound test_sound reached end of file
5137.4880 	DATA 	Keypress: right
5137.5179 	EXP 	polygon_2: autoDraw = False
5137.5179 	EXP 	text_3: autoDraw = False
5137.5179 	EXP 	text_2: autoDraw = True
5155.1785 	DATA 	Keypress: space
5155.1817 	EXP 	text_2: autoDraw = False
5155.1820 	EXP 	LangExperimentstress: status = STOPPED
