10.5204 	WARNING 	User requested fullscreen with size [1536  864], but screen is actually [1920, 1080]. Using actual size
10.7306 	EXP 	Created window1 = Window(allowGUI=False, allowStencil=False, autoLog=True, backendConf=UNKNOWN, backgroundFit=<method-wrapper '__getattribute__' of attributeSetter object at 0x000001D5ADD33F10>, backgroundImage=<method-wrapper '__getattribute__' of attributeSetter object at 0x000001D5ADD33EB0>, bitsMode=UNKNOWN, blendMode='avg', bpc=(8, 8, 8), color=array([0, 0, 0]), colorSpace='rgb', depthBits=8, fullscr=True, gamma=None, gammaErrorPolicy='raise', infoMsg=UNKNOWN, lms=UNKNOWN, monitor=<psychopy.monitors.calibTools.Monitor object at 0x000001D5B6014E50>, multiSample=False, name='window1', numSamples=2, pos=[0.0, 0.0], screen=0, size=array([1920, 1080]), stencilBits=0, stereo=False, title='PsychoPy', units='height', useFBO=True, useRetina=False, viewOri=0.0, viewPos=None, viewScale=None, waitBlanking=True, winType='pyglet')
10.7306 	EXP 	window1: backgroundImage = ''
10.7306 	EXP 	window1: backgroundFit = 'none'
10.7804 	EXP 	window1: Attempting to measure frame rate of screen (0) ...
10.7804 	EXP 	window1: recordFrameIntervals = False
10.9437 	EXP 	window1: recordFrameIntervals = True
11.1275 	EXP 	Screen (0) actual frame rate measured at 59.83Hz
11.1275 	EXP 	window1: recordFrameIntervals = False
13.6404 	EXP 	LangExperimentstress: status = STARTED
13.7213 	EXP 	Created instr = TextStim(__class__=<class 'psychopy.visual.text.TextStim'>, alignHoriz=method-wrapper(...), alignText='center', alignVert=method-wrapper(...), anchorHoriz='center', anchorVert='center', antialias=True, autoDraw=False, autoLog=True, bold=False, color=array([1., 1., 1.]), colorSpace='rgb', contrast=1.0, depth=0.0, draggable=False, flipHoriz=False, flipVert=False, font='Arial', fontFiles=[], height=0.08, italic=False, languageStyle='LTR', name='instr', opacity=1, ori=0, pos=array([0., 0.]), rgb=UNKNOWN, text=str(...), units='height', win=Window(...), wrapWidth=1)
14.2262 	EXP 	Sound test_sound_2 set volume 1.000
14.2296 	EXP 	Created polygon = ShapeStim(__class__=<class 'psychopy.visual.shape.ShapeStim'>, anchor=('center', 'center'), autoDraw=False, autoLog=True, closeShape=True, color=method-wrapper(...), colorSpace='rgb', contrast=None, depth=-2.0, draggable=False, fillColor=array([-1, -1, -1]), fillColorSpace='rgb', fillRGB=array([-1, -1, -1]), interpolate=True, lineColor=array([-1., -1., -1.]), lineColorSpace='rgb', lineRGB=array([-1, -1, -1]), lineWidth=1, name='polygon', opacity=1, ori=0.0, pos=array([0., 0.]), size=array([0.15, 0.15]), units='height', vertices=ndarray(...), win=Window(...), windingRule=None)
14.2411 	EXP 	Created text_3 = TextStim(__class__=<class 'psychopy.visual.text.TextStim'>, alignHoriz=method-wrapper(...), alignText='center', alignVert=method-wrapper(...), anchorHoriz='center', anchorVert='center', antialias=True, autoDraw=False, autoLog=True, bold=False, color=array([1., 1., 1.]), colorSpace='rgb', contrast=1.0, depth=0.0, draggable=False, flipHoriz=False, flipVert=False, font='Arial', fontFiles=[], height=0.1, italic=False, languageStyle='LTR', name='text_3', opacity=1, ori=0, pos=array([0., 0.]), rgb=UNKNOWN, text=str(...), units='height', win=Window(...), wrapWidth=1)
14.2467 	EXP 	Created instr = TextStim(__class__=<class 'psychopy.visual.text.TextStim'>, alignHoriz=method-wrapper(...), alignText='center', alignVert=method-wrapper(...), anchorHoriz='center', anchorVert='center', antialias=True, autoDraw=False, autoLog=True, bold=False, color=array([1., 1., 1.]), colorSpace='rgb', contrast=1.0, depth=0.0, draggable=False, flipHoriz=False, flipVert=False, font='Arial', fontFiles=[], height=0.08, italic=False, languageStyle='LTR', name='instr', opacity=1, ori=0, pos=array([0., 0.]), rgb=UNKNOWN, text=str(...), units='height', win=Window(...), wrapWidth=1)
14.3808 	EXP 	Sound test_sound set volume 1.000
14.3822 	EXP 	Created polygon_2 = ShapeStim(__class__=<class 'psychopy.visual.shape.ShapeStim'>, anchor=('center', 'center'), autoDraw=False, autoLog=True, closeShape=True, color=method-wrapper(...), colorSpace='rgb', contrast=None, depth=-2.0, draggable=False, fillColor=array([-1, -1, -1]), fillColorSpace='rgb', fillRGB=array([-1, -1, -1]), interpolate=True, lineColor=array([-1., -1., -1.]), lineColorSpace='rgb', lineRGB=array([-1, -1, -1]), lineWidth=1, name='polygon_2', opacity=1, ori=0.0, pos=array([0., 0.]), size=array([0.15, 0.15]), units='height', vertices=ndarray(...), win=Window(...), windingRule=None)
14.3857 	EXP 	Created text_3 = TextStim(__class__=<class 'psychopy.visual.text.TextStim'>, alignHoriz=method-wrapper(...), alignText='center', alignVert=method-wrapper(...), anchorHoriz='center', anchorVert='center', antialias=True, autoDraw=False, autoLog=True, bold=False, color=array([1., 1., 1.]), colorSpace='rgb', contrast=1.0, depth=0.0, draggable=False, flipHoriz=False, flipVert=False, font='Arial', fontFiles=[], height=0.1, italic=False, languageStyle='LTR', name='text_3', opacity=1, ori=0, pos=array([0., 0.]), rgb=UNKNOWN, text=str(...), units='height', win=Window(...), wrapWidth=1)
14.3940 	EXP 	Created text_2 = TextStim(__class__=<class 'psychopy.visual.text.TextStim'>, alignHoriz=method-wrapper(...), alignText='center', alignVert=method-wrapper(...), anchorHoriz='center', anchorVert='center', antialias=True, autoDraw=False, autoLog=True, bold=False, color=array([1., 1., 1.]), colorSpace='rgb', contrast=1.0, depth=0.0, draggable=False, flipHoriz=False, flipVert=False, font='Arial', fontFiles=[], height=0.1, italic=False, languageStyle='LTR', name='text_2', opacity=1, ori=0, pos=array([0., 0.]), rgb=UNKNOWN, text=str(...), units='height', win=Window(...), wrapWidth=1)
0.0153 	EXP 	instr: autoDraw = True
1083.7854 	EXP 	Imported selected_practice.csv as conditions, 4 conditions, 27 params
1083.7858 	EXP 	New trial (rep=0, index=0): <Trial 0 (0 in rep 0) data={'sounds': 'sounds/p1a_saltar.wav', 'syll': 'CVC', 'stress_unstress': 'Stressed', 'suffix': 'Match', 'present_past': 'present', 'corrAns': 'num_1', 'trigger_item': 0.0, 'trigger_senonset': 0.205513, 'trigger_verbsonset': 0.8629519999999999, 'trigger_1_F0': 0.984841, 'trigger_suffix': 1.219715, 'trigger_2_F0': 1.27, 'ID_item': 101, 'ID_senonset': 10, 'ID_verbonset': 11, 'ID_1_F0': 12, 'ID_suffix': 13, 'ID_2_F0': 14, 'ms_senonset': 0.005513, 'ms_verbonset': 0.662952, 'ms_1_F0': 0.784841, 'ms_suffix': 1.019715, 'ms_2_F0': 1.07, 'file_name': 'p1a_saltar.wav', 'sentence': 'p1', 'cond': 'a', 'combo': 'p1a', 'thisN': 0, 'thisTrialN': 0, 'thisRepN': 0}>
1083.7909 	EXP 	Sound test_sound_2 reached end of file
1083.7997 	EXP 	Sound test_sound_2 started
1083.7923 	DATA 	Keypress: space
1083.8011 	EXP 	instr: autoDraw = False
1083.8011 	EXP 	polygon: autoDraw = True
1086.0169 	EXP 	Sound test_sound_2 reached end of file
1086.0338 	EXP 	Sound test_sound_2 reached end of file
1091.4898 	EXP 	New trial (rep=0, index=1): <Trial 1 (1 in rep 0) data={'sounds': 'sounds/p3c_saltar.wav', 'syll': 'CVC', 'stress_unstress': 'Unstressed', 'suffix': 'Match', 'present_past': 'past', 'corrAns': 'num_2', 'trigger_item': 0.0, 'trigger_senonset': 0.205513, 'trigger_verbsonset': 0.8629519999999999, 'trigger_1_F0': 0.984841, 'trigger_suffix': 1.219715, 'trigger_2_F0': 1.27, 'ID_item': 101, 'ID_senonset': 30, 'ID_verbonset': 31, 'ID_1_F0': 32, 'ID_suffix': 33, 'ID_2_F0': 34, 'ms_senonset': 0.005513, 'ms_verbonset': 0.662952, 'ms_1_F0': 0.784841, 'ms_suffix': 1.019715, 'ms_2_F0': 1.07, 'file_name': 'p3c_saltar.wav', 'sentence': 'p3', 'cond': 'c', 'combo': 'p3c', 'thisN': 1, 'thisTrialN': 1, 'thisRepN': 0}>
1091.4964 	EXP 	Sound test_sound_2 reached end of file
1091.4998 	EXP 	Sound test_sound_2 started
1091.4998 	DATA 	Keypress: right
1091.5086 	EXP 	polygon: autoDraw = False
1091.5086 	EXP 	text_3: autoDraw = False
1091.5086 	EXP 	polygon: autoDraw = True
1093.5712 	EXP 	Sound test_sound_2 reached end of file
1093.5832 	EXP 	Sound test_sound_2 reached end of file
1096.7562 	EXP 	New trial (rep=0, index=2): <Trial 2 (2 in rep 0) data={'sounds': 'sounds/p2b_cortar.wav', 'syll': 'CVC', 'stress_unstress': 'Unstressed', 'suffix': 'Mismatch', 'present_past': 'present', 'corrAns': 'num_1', 'trigger_item': 0.0, 'trigger_senonset': 0.205513, 'trigger_verbsonset': 0.8629519999999999, 'trigger_1_F0': 0.984841, 'trigger_suffix': 1.219715, 'trigger_2_F0': 1.27, 'ID_item': 101, 'ID_senonset': 20, 'ID_verbonset': 21, 'ID_1_F0': 22, 'ID_suffix': 23, 'ID_2_F0': 24, 'ms_senonset': 0.005513, 'ms_verbonset': 0.662952, 'ms_1_F0': 0.784841, 'ms_suffix': 1.019715, 'ms_2_F0': 1.07, 'file_name': 'p2b_cortar.wav', 'sentence': 'p2', 'cond': 'b', 'combo': 'p2b', 'thisN': 2, 'thisTrialN': 2, 'thisRepN': 0}>
1096.7654 	EXP 	Sound test_sound_2 reached end of file
1096.7669 	EXP 	Sound test_sound_2 started
1096.7679 	DATA 	Keypress: right
1096.7759 	EXP 	polygon: autoDraw = False
1096.7759 	EXP 	text_3: autoDraw = False
1096.7759 	EXP 	polygon: autoDraw = True
1099.0170 	EXP 	Sound test_sound_2 reached end of file
1099.0336 	EXP 	Sound test_sound_2 reached end of file
1100.3907 	EXP 	New trial (rep=0, index=3): <Trial 3 (3 in rep 0) data={'sounds': 'sounds/p4d_cortar.wav', 'syll': 'CVC', 'stress_unstress': 'Stressed', 'suffix': 'Mismatch', 'present_past': 'past', 'corrAns': 'num_2', 'trigger_item': 0.0, 'trigger_senonset': 0.205513, 'trigger_verbsonset': 0.8629519999999999, 'trigger_1_F0': 0.984841, 'trigger_suffix': 1.219715, 'trigger_2_F0': 1.27, 'ID_item': 101, 'ID_senonset': 40, 'ID_verbonset': 41, 'ID_1_F0': 42, 'ID_suffix': 43, 'ID_2_F0': 44, 'ms_senonset': 0.005513, 'ms_verbonset': 0.662952, 'ms_1_F0': 0.784841, 'ms_suffix': 1.019715, 'ms_2_F0': 1.07, 'file_name': 'p4d_cortar.wav', 'sentence': 'p4', 'cond': 'd', 'combo': 'p4d', 'thisN': 3, 'thisTrialN': 3, 'thisRepN': 0}>
1100.3981 	EXP 	Sound test_sound_2 reached end of file
1100.4002 	EXP 	Sound test_sound_2 started
1100.4006 	DATA 	Keypress: left
1100.4099 	EXP 	polygon: autoDraw = False
1100.4099 	EXP 	text_3: autoDraw = False
1100.4099 	EXP 	polygon: autoDraw = True
1102.8998 	EXP 	Sound test_sound_2 reached end of file
1102.9055 	EXP 	Sound test_sound_2 reached end of file
1106.8269 	DATA 	Keypress: left
1106.8330 	EXP 	polygon: autoDraw = False
1106.8330 	EXP 	text_3: autoDraw = False
1106.8330 	EXP 	instr: autoDraw = True
1213.7384 	EXP 	Imported selected_trials.csv as conditions, 40 conditions, 26 params
1213.7392 	EXP 	New trial (rep=0, index=0): <Trial 0 (0 in rep 0) data={'sounds': 'sounds/30a_fundar.wav', 'syll': 'CVC', 'stress_unstress': 'Stressed', 'suffix': 'Match', 'present_past': 'present', 'corrAns': 'num_1', 'trigger_item': 0.0, 'trigger_senonset': 0.2, 'trigger_verbsonset': 0.77, 'trigger_1_F0': 0.91, 'trigger_suffix': 1.112685546875, 'trigger_2_F0': 1.12, 'ID_item': 101, 'ID_senonset': 10, 'ID_verbonset': 11, 'ID_1_F0': 12, 'ID_suffix': 13, 'ID_2_F0': 14, 'ms_senonset': 0, 'ms_verbonset': 0.57, 'ms_1_F0': 0.71, 'ms_suffix': 0.912685546875, 'ms_2_F0': 0.92, 'file_name': '30a_fundar.wav', 'item_id': 30, 'cond': 'a', 'thisN': 0, 'thisTrialN': 0, 'thisRepN': 0}>
1213.7443 	EXP 	Sound test_sound reached end of file
1213.7496 	EXP 	Sound test_sound started
1213.7470 	DATA 	Keypress: space
1213.7538 	EXP 	instr: autoDraw = False
1213.7538 	EXP 	polygon_2: autoDraw = True
1215.8855 	EXP 	Sound test_sound reached end of file
1215.9000 	EXP 	Sound test_sound reached end of file
1217.6230 	EXP 	New trial (rep=0, index=1): <Trial 1 (1 in rep 0) data={'sounds': 'sounds/01d_salvar.wav', 'syll': 'CVC', 'stress_unstress': 'Stressed', 'suffix': 'Mismatch', 'present_past': 'past', 'corrAns': 'num_2', 'trigger_item': 0.0, 'trigger_senonset': 0.2, 'trigger_verbsonset': 0.8500000000000001, 'trigger_1_F0': 0.996069502314814, 'trigger_suffix': 1.23, 'trigger_2_F0': 1.29, 'ID_item': 101, 'ID_senonset': 40, 'ID_verbonset': 41, 'ID_1_F0': 42, 'ID_suffix': 43, 'ID_2_F0': 44, 'ms_senonset': 0, 'ms_verbonset': 0.65, 'ms_1_F0': 0.796069502314814, 'ms_suffix': 1.03, 'ms_2_F0': 1.09, 'file_name': '01d_salvar.wav', 'item_id': 1, 'cond': 'd', 'thisN': 1, 'thisTrialN': 1, 'thisRepN': 0}>
1217.6295 	EXP 	Sound test_sound reached end of file
1217.6329 	EXP 	Sound test_sound started
1217.6320 	DATA 	Keypress: left
1217.6394 	EXP 	polygon_2: autoDraw = False
1217.6394 	EXP 	text_3: autoDraw = False
1217.6394 	EXP 	polygon_2: autoDraw = True
1219.6737 	EXP 	Sound test_sound reached end of file
1219.6835 	EXP 	Sound test_sound reached end of file
1221.1232 	EXP 	New trial (rep=0, index=2): <Trial 2 (2 in rep 0) data={'sounds': 'sounds/02c_buscar.wav', 'syll': 'CVC', 'stress_unstress': 'Unstressed', 'suffix': 'Match', 'present_past': 'past', 'corrAns': 'num_2', 'trigger_item': 0.0, 'trigger_senonset': 0.2, 'trigger_verbsonset': 0.8700000000000001, 'trigger_1_F0': 1.07, 'trigger_suffix': 1.26, 'trigger_2_F0': 1.40703946035879, 'ID_item': 101, 'ID_senonset': 30, 'ID_verbonset': 31, 'ID_1_F0': 32, 'ID_suffix': 33, 'ID_2_F0': 34, 'ms_senonset': 0, 'ms_verbonset': 0.67, 'ms_1_F0': 0.87, 'ms_suffix': 1.06, 'ms_2_F0': 1.20703946035879, 'file_name': '02c_buscar.wav', 'item_id': 2, 'cond': 'c', 'thisN': 2, 'thisTrialN': 2, 'thisRepN': 0}>
1221.1292 	EXP 	Sound test_sound reached end of file
1221.1335 	EXP 	Sound test_sound started
1221.1320 	DATA 	Keypress: left
1221.1407 	EXP 	polygon_2: autoDraw = False
1221.1407 	EXP 	text_3: autoDraw = False
1221.1407 	EXP 	polygon_2: autoDraw = True
1223.2501 	EXP 	Sound test_sound reached end of file
1223.2666 	EXP 	Sound test_sound reached end of file
1226.4202 	DATA 	Keypress: left
1226.4400 	EXP 	New trial (rep=0, index=3): <Trial 3 (3 in rep 0) data={'sounds': 'sounds/35b_secar.wav', 'syll': 'CVC', 'stress_unstress': 'Unstressed', 'suffix': 'Mismatch', 'present_past': 'present', 'corrAns': 'num_1', 'trigger_item': 0.0, 'trigger_senonset': 0.2, 'trigger_verbsonset': 0.8990044921875, 'trigger_1_F0': 1.025708658854166, 'trigger_suffix': 1.179689416956018, 'trigger_2_F0': 1.20652606336805, 'ID_item': 101, 'ID_senonset': 20, 'ID_verbonset': 21, 'ID_1_F0': 22, 'ID_suffix': 23, 'ID_2_F0': 24, 'ms_senonset': 0, 'ms_verbonset': 0.6990044921875, 'ms_1_F0': 0.825708658854166, 'ms_suffix': 0.979689416956018, 'ms_2_F0': 1.00652606336805, 'file_name': '35b_secar.wav', 'item_id': 35, 'cond': 'b', 'thisN': 3, 'thisTrialN': 3, 'thisRepN': 0}>
1226.4465 	EXP 	Sound test_sound reached end of file
1226.4499 	EXP 	Sound test_sound started
1226.4575 	EXP 	polygon_2: autoDraw = False
1226.4575 	EXP 	text_3: autoDraw = False
1226.4575 	EXP 	polygon_2: autoDraw = True
1228.5726 	EXP 	Sound test_sound reached end of file
1228.5832 	EXP 	Sound test_sound reached end of file
1232.1568 	EXP 	New trial (rep=0, index=4): <Trial 4 (4 in rep 0) data={'sounds': 'sounds/07c_tumbar.wav', 'syll': 'CVC', 'stress_unstress': 'Unstressed', 'suffix': 'Match', 'present_past': 'past', 'corrAns': 'num_2', 'trigger_item': 0.0, 'trigger_senonset': 0.2, 'trigger_verbsonset': 0.9084024930273432, 'trigger_1_F0': 0.9247360728973012, 'trigger_suffix': 1.143289673625005, 'trigger_2_F0': 1.154847989033482, 'ID_item': 101, 'ID_senonset': 30, 'ID_verbonset': 31, 'ID_1_F0': 32, 'ID_suffix': 33, 'ID_2_F0': 34, 'ms_senonset': 0, 'ms_verbonset': 0.708402493027343, 'ms_1_F0': 0.724736072897301, 'ms_suffix': 0.943289673625005, 'ms_2_F0': 0.954847989033482, 'file_name': '07c_tumbar.wav', 'item_id': 7, 'cond': 'c', 'thisN': 4, 'thisTrialN': 4, 'thisRepN': 0}>
1232.1631 	EXP 	Sound test_sound reached end of file
1232.1664 	EXP 	Sound test_sound started
1232.1660 	DATA 	Keypress: left
1232.1745 	EXP 	polygon_2: autoDraw = False
1232.1745 	EXP 	text_3: autoDraw = False
1232.1745 	EXP 	polygon_2: autoDraw = True
1234.1039 	EXP 	Sound test_sound reached end of file
1234.1166 	EXP 	Sound test_sound reached end of file
1243.1567 	EXP 	New trial (rep=0, index=5): <Trial 5 (5 in rep 0) data={'sounds': 'sounds/27c_tirar.wav', 'syll': 'CVC', 'stress_unstress': 'Unstressed', 'suffix': 'Match', 'present_past': 'past', 'corrAns': 'num_2', 'trigger_item': 0.0, 'trigger_senonset': 0.2, 'trigger_verbsonset': 0.8119442057291659, 'trigger_1_F0': 0.8307495153356481, 'trigger_suffix': 0.9885306495949072, 'trigger_2_F0': 0.998621303530092, 'ID_item': 101, 'ID_senonset': 30, 'ID_verbonset': 31, 'ID_1_F0': 32, 'ID_suffix': 33, 'ID_2_F0': 34, 'ms_senonset': 0, 'ms_verbonset': 0.611944205729166, 'ms_1_F0': 0.630749515335648, 'ms_suffix': 0.788530649594907, 'ms_2_F0': 0.798621303530092, 'file_name': '27c_tirar.wav', 'item_id': 27, 'cond': 'c', 'thisN': 5, 'thisTrialN': 5, 'thisRepN': 0}>
1243.1636 	EXP 	Sound test_sound reached end of file
1243.1671 	EXP 	Sound test_sound started
1243.1673 	DATA 	Keypress: left
1243.1746 	EXP 	polygon_2: autoDraw = False
1243.1746 	EXP 	text_3: autoDraw = False
1243.1746 	EXP 	polygon_2: autoDraw = True
1245.1532 	EXP 	Sound test_sound reached end of file
1245.1667 	EXP 	Sound test_sound reached end of file
1254.7727 	EXP 	New trial (rep=0, index=6): <Trial 6 (6 in rep 0) data={'sounds': 'sounds/06d_soplar.wav', 'syll': 'CVC', 'stress_unstress': 'Stressed', 'suffix': 'Mismatch', 'present_past': 'past', 'corrAns': 'num_2', 'trigger_item': 0.0, 'trigger_senonset': 0.2, 'trigger_verbsonset': 0.761291666666666, 'trigger_1_F0': 0.8899999999999999, 'trigger_suffix': 1.102139687590422, 'trigger_2_F0': 1.166665581687644, 'ID_item': 101, 'ID_senonset': 40, 'ID_verbonset': 41, 'ID_1_F0': 42, 'ID_suffix': 43, 'ID_2_F0': 44, 'ms_senonset': 0, 'ms_verbonset': 0.561291666666666, 'ms_1_F0': 0.69, 'ms_suffix': 0.902139687590422, 'ms_2_F0': 0.966665581687644, 'file_name': '06d_soplar.wav', 'item_id': 6, 'cond': 'd', 'thisN': 6, 'thisTrialN': 6, 'thisRepN': 0}>
1254.7795 	EXP 	Sound test_sound reached end of file
1254.7832 	EXP 	Sound test_sound started
1254.7819 	DATA 	Keypress: left
1254.7917 	EXP 	polygon_2: autoDraw = False
1254.7917 	EXP 	text_3: autoDraw = False
1254.7917 	EXP 	polygon_2: autoDraw = True
1256.6504 	EXP 	Sound test_sound reached end of file
1256.6667 	EXP 	Sound test_sound reached end of file
1261.4715 	EXP 	New trial (rep=0, index=7): <Trial 7 (7 in rep 0) data={'sounds': 'sounds/23a_tomar.wav', 'syll': 'CVC', 'stress_unstress': 'Stressed', 'suffix': 'Match', 'present_past': 'present', 'corrAns': 'num_1', 'trigger_item': 0.0, 'trigger_senonset': 0.2, 'trigger_verbsonset': 0.9453179615162032, 'trigger_1_F0': 0.95, 'trigger_suffix': 1.08, 'trigger_2_F0': 1.158644495081018, 'ID_item': 101, 'ID_senonset': 10, 'ID_verbonset': 11, 'ID_1_F0': 12, 'ID_suffix': 13, 'ID_2_F0': 14, 'ms_senonset': 0, 'ms_verbonset': 0.745317961516203, 'ms_1_F0': 0.75, 'ms_suffix': 0.88, 'ms_2_F0': 0.958644495081018, 'file_name': '23a_tomar.wav', 'item_id': 23, 'cond': 'a', 'thisN': 7, 'thisTrialN': 7, 'thisRepN': 0}>
1261.4773 	EXP 	Sound test_sound reached end of file
1261.4827 	EXP 	Sound test_sound started
1261.4800 	DATA 	Keypress: right
1261.4865 	EXP 	polygon_2: autoDraw = False
1261.4865 	EXP 	text_3: autoDraw = False
1261.4865 	EXP 	polygon_2: autoDraw = True
1263.3675 	EXP 	Sound test_sound reached end of file
1263.3834 	EXP 	Sound test_sound reached end of file
1267.0246 	EXP 	New trial (rep=0, index=8): <Trial 8 (8 in rep 0) data={'sounds': 'sounds/04c_plantar.wav', 'syll': 'CVC', 'stress_unstress': 'Unstressed', 'suffix': 'Match', 'present_past': 'past', 'corrAns': 'num_2', 'trigger_item': 0.0, 'trigger_senonset': 0.2, 'trigger_verbsonset': 0.862877574458911, 'trigger_1_F0': 0.9343518689653568, 'trigger_suffix': 1.20493812332404, 'trigger_2_F0': 1.21897569287037, 'ID_item': 101, 'ID_senonset': 30, 'ID_verbonset': 31, 'ID_1_F0': 32, 'ID_suffix': 33, 'ID_2_F0': 34, 'ms_senonset': 0, 'ms_verbonset': 0.662877574458911, 'ms_1_F0': 0.734351868965357, 'ms_suffix': 1.00493812332404, 'ms_2_F0': 1.01897569287037, 'file_name': '04c_plantar.wav', 'item_id': 4, 'cond': 'c', 'thisN': 8, 'thisTrialN': 8, 'thisRepN': 0}>
1267.0324 	EXP 	Sound test_sound reached end of file
1267.0336 	EXP 	Sound test_sound started
1267.0354 	DATA 	Keypress: left
1267.0438 	EXP 	polygon_2: autoDraw = False
1267.0438 	EXP 	text_3: autoDraw = False
1267.0438 	EXP 	polygon_2: autoDraw = True
1269.0632 	EXP 	Sound test_sound reached end of file
1269.0677 	EXP 	Sound test_sound reached end of file
1275.6882 	EXP 	New trial (rep=0, index=9): <Trial 9 (9 in rep 0) data={'sounds': 'sounds/09c_cargar.wav', 'syll': 'CVC', 'stress_unstress': 'Unstressed', 'suffix': 'Match', 'present_past': 'past', 'corrAns': 'num_2', 'trigger_item': 0.0, 'trigger_senonset': 0.2, 'trigger_verbsonset': 0.81286744068287, 'trigger_1_F0': 0.8382251229745361, 'trigger_suffix': 1.032634020543981, 'trigger_2_F0': 1.090594437210648, 'ID_item': 101, 'ID_senonset': 30, 'ID_verbonset': 31, 'ID_1_F0': 32, 'ID_suffix': 33, 'ID_2_F0': 34, 'ms_senonset': 0, 'ms_verbonset': 0.61286744068287, 'ms_1_F0': 0.638225122974536, 'ms_suffix': 0.832634020543981, 'ms_2_F0': 0.890594437210648, 'file_name': '09c_cargar.wav', 'item_id': 9, 'cond': 'c', 'thisN': 9, 'thisTrialN': 9, 'thisRepN': 0}>
1275.6921 	EXP 	Sound test_sound reached end of file
1275.7002 	EXP 	Sound test_sound started
1275.6933 	DATA 	Keypress: right
1275.7019 	EXP 	polygon_2: autoDraw = False
1275.7019 	EXP 	text_3: autoDraw = False
1275.7019 	EXP 	polygon_2: autoDraw = True
1277.6112 	EXP 	Sound test_sound reached end of file
1277.6176 	EXP 	Sound test_sound reached end of file
1280.8117 	DATA 	Keypress: left
1280.8167 	EXP 	polygon_2: autoDraw = False
1280.8167 	EXP 	text_3: autoDraw = True
1284.9530 	EXP 	New trial (rep=0, index=10): <Trial 10 (10 in rep 0) data={'sounds': 'sounds/40c_gastar.wav', 'syll': 'CVC', 'stress_unstress': 'Unstressed', 'suffix': 'Match', 'present_past': 'past', 'corrAns': 'num_2', 'trigger_item': 0.0, 'trigger_senonset': 0.2, 'trigger_verbsonset': 0.8300000000000001, 'trigger_1_F0': 0.8400000000000001, 'trigger_suffix': 1.163436328125, 'trigger_2_F0': 1.183149609375, 'ID_item': 101, 'ID_senonset': 30, 'ID_verbonset': 31, 'ID_1_F0': 32, 'ID_suffix': 33, 'ID_2_F0': 34, 'ms_senonset': 0, 'ms_verbonset': 0.63, 'ms_1_F0': 0.64, 'ms_suffix': 0.963436328125, 'ms_2_F0': 0.983149609375, 'file_name': '40c_gastar.wav', 'item_id': 40, 'cond': 'c', 'thisN': 10, 'thisTrialN': 10, 'thisRepN': 0}>
1284.9611 	EXP 	Sound test_sound reached end of file
1284.9666 	EXP 	Sound test_sound started
1284.9647 	DATA 	Keypress: space
1284.9712 	EXP 	text_3: autoDraw = False
1284.9712 	EXP 	polygon_2: autoDraw = True
1287.0566 	EXP 	Sound test_sound reached end of file
1287.0671 	EXP 	Sound test_sound reached end of file
1290.1740 	EXP 	New trial (rep=0, index=11): <Trial 11 (11 in rep 0) data={'sounds': 'sounds/32d_pulsar.wav', 'syll': 'CVC', 'stress_unstress': 'Stressed', 'suffix': 'Mismatch', 'present_past': 'past', 'corrAns': 'num_2', 'trigger_item': 0.0, 'trigger_senonset': 0.2, 'trigger_verbsonset': 0.796440212673611, 'trigger_1_F0': 0.8294641710069439, 'trigger_suffix': 0.99, 'trigger_2_F0': 1.097783832465277, 'ID_item': 101, 'ID_senonset': 40, 'ID_verbonset': 41, 'ID_1_F0': 42, 'ID_suffix': 43, 'ID_2_F0': 44, 'ms_senonset': 0, 'ms_verbonset': 0.596440212673611, 'ms_1_F0': 0.629464171006944, 'ms_suffix': 0.79, 'ms_2_F0': 0.897783832465277, 'file_name': '32d_pulsar.wav', 'item_id': 32, 'cond': 'd', 'thisN': 11, 'thisTrialN': 11, 'thisRepN': 0}>
1290.1812 	EXP 	Sound test_sound reached end of file
1290.1834 	EXP 	Sound test_sound started
1290.1847 	DATA 	Keypress: right
1290.1940 	EXP 	polygon_2: autoDraw = False
1290.1940 	EXP 	text_3: autoDraw = False
1290.1940 	EXP 	polygon_2: autoDraw = True
1291.9813 	EXP 	Sound test_sound reached end of file
1291.9869 	EXP 	Sound test_sound reached end of file
1295.6238 	EXP 	New trial (rep=0, index=12): <Trial 12 (12 in rep 0) data={'sounds': 'sounds/11a_pegar.wav', 'syll': 'CVC', 'stress_unstress': 'Stressed', 'suffix': 'Match', 'present_past': 'present', 'corrAns': 'num_1', 'trigger_item': 0.0, 'trigger_senonset': 0.2, 'trigger_verbsonset': 0.8182808977343741, 'trigger_1_F0': 0.831294515585661, 'trigger_suffix': 0.98, 'trigger_2_F0': 1.012063288108519, 'ID_item': 101, 'ID_senonset': 10, 'ID_verbonset': 11, 'ID_1_F0': 12, 'ID_suffix': 13, 'ID_2_F0': 14, 'ms_senonset': 0, 'ms_verbonset': 0.618280897734374, 'ms_1_F0': 0.631294515585661, 'ms_suffix': 0.78, 'ms_2_F0': 0.812063288108519, 'file_name': '11a_pegar.wav', 'item_id': 11, 'cond': 'a', 'thisN': 12, 'thisTrialN': 12, 'thisRepN': 0}>
1295.6310 	EXP 	Sound test_sound reached end of file
1295.6332 	EXP 	Sound test_sound started
1295.6338 	DATA 	Keypress: left
1295.6430 	EXP 	polygon_2: autoDraw = False
1295.6430 	EXP 	text_3: autoDraw = False
1295.6430 	EXP 	polygon_2: autoDraw = True
1297.5550 	EXP 	Sound test_sound reached end of file
1297.5668 	EXP 	Sound test_sound reached end of file
1301.3563 	EXP 	New trial (rep=0, index=13): <Trial 13 (13 in rep 0) data={'sounds': 'sounds/31d_tocar.wav', 'syll': 'CVC', 'stress_unstress': 'Stressed', 'suffix': 'Mismatch', 'present_past': 'past', 'corrAns': 'num_2', 'trigger_item': 0.0, 'trigger_senonset': 0.2, 'trigger_verbsonset': 0.8493931756807, 'trigger_1_F0': 0.8650112062639721, 'trigger_suffix': 1.006860547391531, 'trigger_2_F0': 1.049162047334928, 'ID_item': 101, 'ID_senonset': 40, 'ID_verbonset': 41, 'ID_1_F0': 42, 'ID_suffix': 43, 'ID_2_F0': 44, 'ms_senonset': 0, 'ms_verbonset': 0.6493931756807, 'ms_1_F0': 0.665011206263972, 'ms_suffix': 0.806860547391531, 'ms_2_F0': 0.849162047334928, 'file_name': '31d_tocar.wav', 'item_id': 31, 'cond': 'd', 'thisN': 13, 'thisTrialN': 13, 'thisRepN': 0}>
1301.3623 	EXP 	Sound test_sound reached end of file
1301.3664 	EXP 	Sound test_sound started
1301.3655 	DATA 	Keypress: left
1301.3743 	EXP 	polygon_2: autoDraw = False
1301.3743 	EXP 	text_3: autoDraw = False
1301.3743 	EXP 	polygon_2: autoDraw = True
1303.2504 	EXP 	Sound test_sound reached end of file
1303.2669 	EXP 	Sound test_sound reached end of file
1304.6066 	EXP 	New trial (rep=0, index=14): <Trial 14 (14 in rep 0) data={'sounds': 'sounds/38b_pagar.wav', 'syll': 'CVC', 'stress_unstress': 'Unstressed', 'suffix': 'Mismatch', 'present_past': 'present', 'corrAns': 'num_1', 'trigger_item': 0.0, 'trigger_senonset': 0.2, 'trigger_verbsonset': 1.166737304687499, 'trigger_1_F0': 1.185271158854166, 'trigger_suffix': 1.29521061197916, 'trigger_2_F0': 1.4055712890624898, 'ID_item': 101, 'ID_senonset': 20, 'ID_verbonset': 21, 'ID_1_F0': 22, 'ID_suffix': 23, 'ID_2_F0': 24, 'ms_senonset': 0, 'ms_verbonset': 0.966737304687499, 'ms_1_F0': 0.985271158854166, 'ms_suffix': 1.09521061197916, 'ms_2_F0': 1.20557128906249, 'file_name': '38b_pagar.wav', 'item_id': 38, 'cond': 'b', 'thisN': 14, 'thisTrialN': 14, 'thisRepN': 0}>
1304.6152 	EXP 	Sound test_sound reached end of file
1304.6164 	EXP 	Sound test_sound started
1304.6180 	DATA 	Keypress: left
1304.6264 	EXP 	polygon_2: autoDraw = False
1304.6264 	EXP 	text_3: autoDraw = False
1304.6264 	EXP 	polygon_2: autoDraw = True
1306.8533 	EXP 	Sound test_sound reached end of file
1306.8665 	EXP 	Sound test_sound reached end of file
1316.2734 	EXP 	New trial (rep=0, index=15): <Trial 15 (15 in rep 0) data={'sounds': 'sounds/08d_filtrar.wav', 'syll': 'CVC', 'stress_unstress': 'Stressed', 'suffix': 'Mismatch', 'present_past': 'past', 'corrAns': 'num_2', 'trigger_item': 0.0, 'trigger_senonset': 0.2, 'trigger_verbsonset': 0.7526856695589441, 'trigger_1_F0': 0.87808115762362, 'trigger_suffix': 1.118901843962886, 'trigger_2_F0': 1.172598812485867, 'ID_item': 101, 'ID_senonset': 40, 'ID_verbonset': 41, 'ID_1_F0': 42, 'ID_suffix': 43, 'ID_2_F0': 44, 'ms_senonset': 0, 'ms_verbonset': 0.552685669558944, 'ms_1_F0': 0.67808115762362, 'ms_suffix': 0.918901843962886, 'ms_2_F0': 0.972598812485867, 'file_name': '08d_filtrar.wav', 'item_id': 8, 'cond': 'd', 'thisN': 15, 'thisTrialN': 15, 'thisRepN': 0}>
1316.2811 	EXP 	Sound test_sound reached end of file
1316.2832 	EXP 	Sound test_sound started
1316.2835 	DATA 	Keypress: right
1316.2926 	EXP 	polygon_2: autoDraw = False
1316.2926 	EXP 	text_3: autoDraw = False
1316.2926 	EXP 	polygon_2: autoDraw = True
1318.0304 	EXP 	Sound test_sound reached end of file
1318.0358 	EXP 	Sound test_sound reached end of file
1321.7395 	EXP 	New trial (rep=0, index=16): <Trial 16 (16 in rep 0) data={'sounds': 'sounds/13c_montar.wav', 'syll': 'CVC', 'stress_unstress': 'Unstressed', 'suffix': 'Match', 'present_past': 'past', 'corrAns': 'num_2', 'trigger_item': 0.0, 'trigger_senonset': 0.2, 'trigger_verbsonset': 0.8800000000000001, 'trigger_1_F0': 0.98, 'trigger_suffix': 1.24543012152777, 'trigger_2_F0': 1.2594709201388798, 'ID_item': 101, 'ID_senonset': 30, 'ID_verbonset': 31, 'ID_1_F0': 32, 'ID_suffix': 33, 'ID_2_F0': 34, 'ms_senonset': 0, 'ms_verbonset': 0.68, 'ms_1_F0': 0.78, 'ms_suffix': 1.04543012152777, 'ms_2_F0': 1.05947092013888, 'file_name': '13c_montar.wav', 'item_id': 13, 'cond': 'c', 'thisN': 16, 'thisTrialN': 16, 'thisRepN': 0}>
1321.7452 	EXP 	Sound test_sound reached end of file
1321.7500 	EXP 	Sound test_sound started
1321.7477 	DATA 	Keypress: right
1321.7555 	EXP 	polygon_2: autoDraw = False
1321.7555 	EXP 	text_3: autoDraw = False
1321.7555 	EXP 	polygon_2: autoDraw = True
1324.0328 	EXP 	Sound test_sound reached end of file
1324.0381 	EXP 	Sound test_sound reached end of file
1326.1567 	EXP 	New trial (rep=0, index=17): <Trial 17 (17 in rep 0) data={'sounds': 'sounds/36c_bordar.wav', 'syll': 'CVC', 'stress_unstress': 'Unstressed', 'suffix': 'Match', 'present_past': 'past', 'corrAns': 'num_2', 'trigger_item': 0.0, 'trigger_senonset': 0.2, 'trigger_verbsonset': 1.0, 'trigger_1_F0': 1.078468243634259, 'trigger_suffix': 1.3288624855324, 'trigger_2_F0': 1.3414992042824, 'ID_item': 101, 'ID_senonset': 30, 'ID_verbonset': 31, 'ID_1_F0': 32, 'ID_suffix': 33, 'ID_2_F0': 34, 'ms_senonset': 0, 'ms_verbonset': 0.8, 'ms_1_F0': 0.878468243634259, 'ms_suffix': 1.1288624855324, 'ms_2_F0': 1.1414992042824, 'file_name': '36c_bordar.wav', 'item_id': 36, 'cond': 'c', 'thisN': 17, 'thisTrialN': 17, 'thisRepN': 0}>
1326.1659 	EXP 	Sound test_sound reached end of file
1326.1664 	EXP 	Sound test_sound started
1326.1688 	DATA 	Keypress: right
1326.1768 	EXP 	polygon_2: autoDraw = False
1326.1768 	EXP 	text_3: autoDraw = False
1326.1768 	EXP 	polygon_2: autoDraw = True
1328.4246 	EXP 	Sound test_sound reached end of file
1328.4335 	EXP 	Sound test_sound reached end of file
1332.7406 	EXP 	New trial (rep=0, index=18): <Trial 18 (18 in rep 0) data={'sounds': 'sounds/05a_fumar.wav', 'syll': 'CVC', 'stress_unstress': 'Stressed', 'suffix': 'Match', 'present_past': 'present', 'corrAns': 'num_1', 'trigger_item': 0.0, 'trigger_senonset': 0.2, 'trigger_verbsonset': 1.15, 'trigger_1_F0': 1.36712555700231, 'trigger_suffix': 1.48, 'trigger_2_F0': 1.56308830295138, 'ID_item': 101, 'ID_senonset': 10, 'ID_verbonset': 11, 'ID_1_F0': 12, 'ID_suffix': 13, 'ID_2_F0': 14, 'ms_senonset': 0, 'ms_verbonset': 0.95, 'ms_1_F0': 1.16712555700231, 'ms_suffix': 1.28, 'ms_2_F0': 1.36308830295138, 'file_name': '05a_fumar.wav', 'item_id': 5, 'cond': 'a', 'thisN': 18, 'thisTrialN': 18, 'thisRepN': 0}>
1332.7504 	EXP 	Sound test_sound reached end of file
1332.7670 	EXP 	Sound test_sound started
1332.7531 	DATA 	Keypress: right
1332.7613 	EXP 	polygon_2: autoDraw = False
1332.7613 	EXP 	text_3: autoDraw = False
1332.7613 	EXP 	polygon_2: autoDraw = True
1335.1059 	EXP 	Sound test_sound reached end of file
1335.1166 	EXP 	Sound test_sound reached end of file
1339.6886 	EXP 	New trial (rep=0, index=19): <Trial 19 (19 in rep 0) data={'sounds': 'sounds/25b_ganar.wav', 'syll': 'CVC', 'stress_unstress': 'Unstressed', 'suffix': 'Mismatch', 'present_past': 'present', 'corrAns': 'num_1', 'trigger_item': 0.0, 'trigger_senonset': 0.2, 'trigger_verbsonset': 1.152097938368055, 'trigger_1_F0': 1.15990068760488, 'trigger_suffix': 1.28904165650454, 'trigger_2_F0': 1.37272500435153, 'ID_item': 101, 'ID_senonset': 20, 'ID_verbonset': 21, 'ID_1_F0': 22, 'ID_suffix': 23, 'ID_2_F0': 24, 'ms_senonset': 0, 'ms_verbonset': 0.952097938368055, 'ms_1_F0': 0.95990068760488, 'ms_suffix': 1.08904165650454, 'ms_2_F0': 1.17272500435153, 'file_name': '25b_ganar.wav', 'item_id': 25, 'cond': 'b', 'thisN': 19, 'thisTrialN': 19, 'thisRepN': 0}>
1339.6936 	EXP 	Sound test_sound reached end of file
1339.6997 	EXP 	Sound test_sound started
1339.6962 	DATA 	Keypress: left
1339.7043 	EXP 	polygon_2: autoDraw = False
1339.7043 	EXP 	text_3: autoDraw = False
1339.7043 	EXP 	polygon_2: autoDraw = True
1342.0168 	EXP 	Sound test_sound reached end of file
1342.0333 	EXP 	Sound test_sound reached end of file
1343.2921 	DATA 	Keypress: left
1343.2994 	EXP 	polygon_2: autoDraw = False
1343.2994 	EXP 	text_3: autoDraw = True
1352.4191 	EXP 	New trial (rep=0, index=20): <Trial 20 (20 in rep 0) data={'sounds': 'sounds/16a_llevar.wav', 'syll': 'CVC', 'stress_unstress': 'Stressed', 'suffix': 'Match', 'present_past': 'present', 'corrAns': 'num_1', 'trigger_item': 0.0, 'trigger_senonset': 0.2, 'trigger_verbsonset': 0.929084516317274, 'trigger_1_F0': 0.964936524692279, 'trigger_suffix': 1.08, 'trigger_2_F0': 1.131864014418682, 'ID_item': 101, 'ID_senonset': 10, 'ID_verbonset': 11, 'ID_1_F0': 12, 'ID_suffix': 13, 'ID_2_F0': 14, 'ms_senonset': 0, 'ms_verbonset': 0.729084516317274, 'ms_1_F0': 0.764936524692279, 'ms_suffix': 0.88, 'ms_2_F0': 0.931864014418682, 'file_name': '16a_llevar.wav', 'item_id': 16, 'cond': 'a', 'thisN': 20, 'thisTrialN': 20, 'thisRepN': 0}>
1352.4262 	EXP 	Sound test_sound reached end of file
1352.4329 	EXP 	Sound test_sound started
1352.4287 	DATA 	Keypress: space
1352.4369 	EXP 	text_3: autoDraw = False
1352.4369 	EXP 	polygon_2: autoDraw = True
1354.3210 	EXP 	Sound test_sound reached end of file
1354.3335 	EXP 	Sound test_sound reached end of file
1356.7083 	EXP 	New trial (rep=0, index=21): <Trial 21 (21 in rep 0) data={'sounds': 'sounds/15b_partir.wav', 'syll': 'CVC', 'stress_unstress': 'Unstressed', 'suffix': 'Mismatch', 'present_past': 'present', 'corrAns': 'num_1', 'trigger_item': 0.0, 'trigger_senonset': 0.2, 'trigger_verbsonset': 0.826865400752314, 'trigger_1_F0': 0.842973894883327, 'trigger_suffix': 1.1042888772729471, 'trigger_2_F0': 1.120815958498066, 'ID_item': 101, 'ID_senonset': 20, 'ID_verbonset': 21, 'ID_1_F0': 22, 'ID_suffix': 23, 'ID_2_F0': 24, 'ms_senonset': 0, 'ms_verbonset': 0.626865400752314, 'ms_1_F0': 0.642973894883327, 'ms_suffix': 0.904288877272947, 'ms_2_F0': 0.920815958498066, 'file_name': '15b_partir.wav', 'item_id': 15, 'cond': 'b', 'thisN': 21, 'thisTrialN': 21, 'thisRepN': 0}>
1356.7165 	EXP 	Sound test_sound reached end of file
1356.7174 	EXP 	Sound test_sound started
1356.7182 	DATA 	Keypress: left
1356.7291 	EXP 	polygon_2: autoDraw = False
1356.7291 	EXP 	text_3: autoDraw = False
1356.7291 	EXP 	polygon_2: autoDraw = True
1358.7696 	EXP 	Sound test_sound reached end of file
1358.7833 	EXP 	Sound test_sound reached end of file
1361.6213 	DATA 	Keypress: right
1361.6399 	EXP 	New trial (rep=0, index=22): <Trial 22 (22 in rep 0) data={'sounds': 'sounds/17d_tragar.wav', 'syll': 'CVC', 'stress_unstress': 'Stressed', 'suffix': 'Mismatch', 'present_past': 'past', 'corrAns': 'num_2', 'trigger_item': 0.0, 'trigger_senonset': 0.2, 'trigger_verbsonset': 1.070609360532407, 'trigger_1_F0': 1.117973654513888, 'trigger_suffix': 1.30915316840277, 'trigger_2_F0': 1.35458539534397, 'ID_item': 101, 'ID_senonset': 40, 'ID_verbonset': 41, 'ID_1_F0': 42, 'ID_suffix': 43, 'ID_2_F0': 44, 'ms_senonset': 0, 'ms_verbonset': 0.870609360532407, 'ms_1_F0': 0.917973654513888, 'ms_suffix': 1.10915316840277, 'ms_2_F0': 1.15458539534397, 'file_name': '17d_tragar.wav', 'item_id': 17, 'cond': 'd', 'thisN': 22, 'thisTrialN': 22, 'thisRepN': 0}>
1361.6596 	EXP 	Sound test_sound reached end of file
1361.6666 	EXP 	Sound test_sound started
1361.6703 	EXP 	polygon_2: autoDraw = False
1361.6703 	EXP 	text_3: autoDraw = False
1361.6703 	EXP 	polygon_2: autoDraw = True
1363.9481 	EXP 	Sound test_sound reached end of file
1363.9541 	EXP 	Sound test_sound reached end of file
1370.9049 	EXP 	New trial (rep=0, index=23): <Trial 23 (23 in rep 0) data={'sounds': 'sounds/37b_pasar.wav', 'syll': 'CVC', 'stress_unstress': 'Unstressed', 'suffix': 'Mismatch', 'present_past': 'present', 'corrAns': 'num_1', 'trigger_item': 0.0, 'trigger_senonset': 0.2, 'trigger_verbsonset': 1.033132486979166, 'trigger_1_F0': 1.052087565104166, 'trigger_suffix': 1.159499674479166, 'trigger_2_F0': 1.27702115885416, 'ID_item': 101, 'ID_senonset': 20, 'ID_verbonset': 21, 'ID_1_F0': 22, 'ID_suffix': 23, 'ID_2_F0': 24, 'ms_senonset': 0, 'ms_verbonset': 0.833132486979166, 'ms_1_F0': 0.852087565104166, 'ms_suffix': 0.959499674479166, 'ms_2_F0': 1.07702115885416, 'file_name': '37b_pasar.wav', 'item_id': 37, 'cond': 'b', 'thisN': 23, 'thisTrialN': 23, 'thisRepN': 0}>
1370.9103 	EXP 	Sound test_sound reached end of file
1370.9163 	EXP 	Sound test_sound started
1370.9136 	DATA 	Keypress: right
1370.9213 	EXP 	polygon_2: autoDraw = False
1370.9213 	EXP 	text_3: autoDraw = False
1370.9213 	EXP 	polygon_2: autoDraw = True
1373.0065 	EXP 	Sound test_sound reached end of file
1373.0165 	EXP 	Sound test_sound reached end of file
1374.5412 	EXP 	New trial (rep=0, index=24): <Trial 24 (24 in rep 0) data={'sounds': 'sounds/18b_cumplir.wav', 'syll': 'CVC', 'stress_unstress': 'Unstressed', 'suffix': 'Mismatch', 'present_past': 'present', 'corrAns': 'num_1', 'trigger_item': 0.0, 'trigger_senonset': 0.2, 'trigger_verbsonset': 1.2408027271412, 'trigger_1_F0': 1.25568597366898, 'trigger_suffix': 1.46256310040509, 'trigger_2_F0': 1.54144430700231, 'ID_item': 101, 'ID_senonset': 20, 'ID_verbonset': 21, 'ID_1_F0': 22, 'ID_suffix': 23, 'ID_2_F0': 24, 'ms_senonset': 0, 'ms_verbonset': 1.0408027271412, 'ms_1_F0': 1.05568597366898, 'ms_suffix': 1.26256310040509, 'ms_2_F0': 1.34144430700231, 'file_name': '18b_cumplir.wav', 'item_id': 18, 'cond': 'b', 'thisN': 24, 'thisTrialN': 24, 'thisRepN': 0}>
1374.5479 	EXP 	Sound test_sound reached end of file
1374.5509 	EXP 	Sound test_sound started
1374.5510 	DATA 	Keypress: left
1374.5602 	EXP 	polygon_2: autoDraw = False
1374.5602 	EXP 	text_3: autoDraw = False
1374.5602 	EXP 	polygon_2: autoDraw = True
1376.7245 	EXP 	Sound test_sound reached end of file
1376.7327 	EXP 	Sound test_sound reached end of file
1384.4235 	EXP 	New trial (rep=0, index=25): <Trial 25 (25 in rep 0) data={'sounds': 'sounds/26a_bajar.wav', 'syll': 'CVC', 'stress_unstress': 'Stressed', 'suffix': 'Match', 'present_past': 'present', 'corrAns': 'num_1', 'trigger_item': 0.0, 'trigger_senonset': 0.2, 'trigger_verbsonset': 0.77, 'trigger_1_F0': 0.8999999999999999, 'trigger_suffix': 1.03, 'trigger_2_F0': 1.171181705729166, 'ID_item': 101, 'ID_senonset': 10, 'ID_verbonset': 11, 'ID_1_F0': 12, 'ID_suffix': 13, 'ID_2_F0': 14, 'ms_senonset': 0, 'ms_verbonset': 0.57, 'ms_1_F0': 0.7, 'ms_suffix': 0.83, 'ms_2_F0': 0.971181705729166, 'file_name': '26a_bajar.wav', 'item_id': 26, 'cond': 'a', 'thisN': 25, 'thisTrialN': 25, 'thisRepN': 0}>
1384.4304 	EXP 	Sound test_sound reached end of file
1384.4332 	EXP 	Sound test_sound started
1384.4333 	DATA 	Keypress: right
1384.4427 	EXP 	polygon_2: autoDraw = False
1384.4427 	EXP 	text_3: autoDraw = False
1384.4427 	EXP 	polygon_2: autoDraw = True
1386.4842 	EXP 	Sound test_sound reached end of file
1386.5002 	EXP 	Sound test_sound reached end of file
1387.1394 	EXP 	New trial (rep=0, index=26): <Trial 26 (26 in rep 0) data={'sounds': 'sounds/12a_matar.wav', 'syll': 'CVC', 'stress_unstress': 'Stressed', 'suffix': 'Match', 'present_past': 'present', 'corrAns': 'num_1', 'trigger_item': 0.0, 'trigger_senonset': 0.2, 'trigger_verbsonset': 0.8400000000000001, 'trigger_1_F0': 0.96, 'trigger_suffix': 1.17307472511574, 'trigger_2_F0': 1.186647497106481, 'ID_item': 101, 'ID_senonset': 10, 'ID_verbonset': 11, 'ID_1_F0': 12, 'ID_suffix': 13, 'ID_2_F0': 14, 'ms_senonset': 0, 'ms_verbonset': 0.64, 'ms_1_F0': 0.76, 'ms_suffix': 0.97307472511574, 'ms_2_F0': 0.986647497106481, 'file_name': '12a_matar.wav', 'item_id': 12, 'cond': 'a', 'thisN': 26, 'thisTrialN': 26, 'thisRepN': 0}>
1387.1453 	EXP 	Sound test_sound reached end of file
1387.1502 	EXP 	Sound test_sound started
1387.1468 	DATA 	Keypress: left
1387.1562 	EXP 	polygon_2: autoDraw = False
1387.1562 	EXP 	text_3: autoDraw = False
1387.1562 	EXP 	polygon_2: autoDraw = True
1389.3300 	EXP 	Sound test_sound reached end of file
1389.3366 	EXP 	Sound test_sound reached end of file
1394.6401 	EXP 	New trial (rep=0, index=27): <Trial 27 (27 in rep 0) data={'sounds': 'sounds/20c_cubrir.wav', 'syll': 'CVC', 'stress_unstress': 'Unstressed', 'suffix': 'Match', 'present_past': 'past', 'corrAns': 'num_2', 'trigger_item': 0.0, 'trigger_senonset': 0.2, 'trigger_verbsonset': 0.980138641742621, 'trigger_1_F0': 1.01, 'trigger_suffix': 1.192436112212021, 'trigger_2_F0': 1.28412143493692, 'ID_item': 101, 'ID_senonset': 30, 'ID_verbonset': 31, 'ID_1_F0': 32, 'ID_suffix': 33, 'ID_2_F0': 34, 'ms_senonset': 0, 'ms_verbonset': 0.780138641742621, 'ms_1_F0': 0.81, 'ms_suffix': 0.992436112212021, 'ms_2_F0': 1.08412143493692, 'file_name': '20c_cubrir.wav', 'item_id': 20, 'cond': 'c', 'thisN': 27, 'thisTrialN': 27, 'thisRepN': 0}>
1394.6466 	EXP 	Sound test_sound reached end of file
1394.6498 	EXP 	Sound test_sound started
1394.6495 	DATA 	Keypress: left
1394.6568 	EXP 	polygon_2: autoDraw = False
1394.6568 	EXP 	text_3: autoDraw = False
1394.6568 	EXP 	polygon_2: autoDraw = True
1396.7725 	EXP 	Sound test_sound reached end of file
1396.7832 	EXP 	Sound test_sound reached end of file
1402.3078 	EXP 	New trial (rep=0, index=28): <Trial 28 (28 in rep 0) data={'sounds': 'sounds/14b_borrar.wav', 'syll': 'CVC', 'stress_unstress': 'Unstressed', 'suffix': 'Mismatch', 'present_past': 'present', 'corrAns': 'num_1', 'trigger_item': 0.0, 'trigger_senonset': 0.2, 'trigger_verbsonset': 0.72, 'trigger_1_F0': 0.770187630208333, 'trigger_suffix': 0.851961241319444, 'trigger_2_F0': 0.964399956597222, 'ID_item': 101, 'ID_senonset': 20, 'ID_verbonset': 21, 'ID_1_F0': 22, 'ID_suffix': 23, 'ID_2_F0': 24, 'ms_senonset': 0, 'ms_verbonset': 0.52, 'ms_1_F0': 0.570187630208333, 'ms_suffix': 0.651961241319444, 'ms_2_F0': 0.764399956597222, 'file_name': '14b_borrar.wav', 'item_id': 14, 'cond': 'b', 'thisN': 28, 'thisTrialN': 28, 'thisRepN': 0}>
1402.3147 	EXP 	Sound test_sound reached end of file
1402.3168 	EXP 	Sound test_sound started
1402.3172 	DATA 	Keypress: right
1402.3263 	EXP 	polygon_2: autoDraw = False
1402.3263 	EXP 	text_3: autoDraw = False
1402.3263 	EXP 	polygon_2: autoDraw = True
1404.2558 	EXP 	Sound test_sound reached end of file
1404.2664 	EXP 	Sound test_sound reached end of file
1414.2201 	DATA 	Keypress: right
1414.2402 	EXP 	New trial (rep=0, index=29): <Trial 29 (29 in rep 0) data={'sounds': 'sounds/39b_manchar.wav', 'syll': 'CVC', 'stress_unstress': 'Unstressed', 'suffix': 'Mismatch', 'present_past': 'present', 'corrAns': 'num_1', 'trigger_item': 0.0, 'trigger_senonset': 0.2, 'trigger_verbsonset': 0.81, 'trigger_1_F0': 0.91203755787037, 'trigger_suffix': 1.140584317129629, 'trigger_2_F0': 1.2139708912037, 'ID_item': 101, 'ID_senonset': 20, 'ID_verbonset': 21, 'ID_1_F0': 22, 'ID_suffix': 23, 'ID_2_F0': 24, 'ms_senonset': 0, 'ms_verbonset': 0.61, 'ms_1_F0': 0.71203755787037, 'ms_suffix': 0.940584317129629, 'ms_2_F0': 1.0139708912037, 'file_name': '39b_manchar.wav', 'item_id': 39, 'cond': 'b', 'thisN': 29, 'thisTrialN': 29, 'thisRepN': 0}>
1414.2479 	EXP 	Sound test_sound reached end of file
1414.2497 	EXP 	Sound test_sound started
1414.2595 	EXP 	polygon_2: autoDraw = False
1414.2595 	EXP 	text_3: autoDraw = False
1414.2595 	EXP 	polygon_2: autoDraw = True
1416.4838 	EXP 	Sound test_sound reached end of file
1416.5005 	EXP 	Sound test_sound reached end of file
1422.5927 	DATA 	Keypress: left
1422.6001 	EXP 	polygon_2: autoDraw = False
1422.6001 	EXP 	text_3: autoDraw = True
1427.1697 	EXP 	New trial (rep=0, index=30): <Trial 30 (30 in rep 0) data={'sounds': 'sounds/03b_limpiar.wav', 'syll': 'CVC', 'stress_unstress': 'Unstressed', 'suffix': 'Mismatch', 'present_past': 'present', 'corrAns': 'num_1', 'trigger_item': 0.0, 'trigger_senonset': 0.2, 'trigger_verbsonset': 0.8500000000000001, 'trigger_1_F0': 0.932367621527777, 'trigger_suffix': 1.26878515625, 'trigger_2_F0': 1.35808463541666, 'ID_item': 101, 'ID_senonset': 20, 'ID_verbonset': 21, 'ID_1_F0': 22, 'ID_suffix': 23, 'ID_2_F0': 24, 'ms_senonset': 0, 'ms_verbonset': 0.65, 'ms_1_F0': 0.732367621527777, 'ms_suffix': 1.06878515625, 'ms_2_F0': 1.15808463541666, 'file_name': '03b_limpiar.wav', 'item_id': 3, 'cond': 'b', 'thisN': 30, 'thisTrialN': 30, 'thisRepN': 0}>
1427.1763 	EXP 	Sound test_sound reached end of file
1427.1835 	EXP 	Sound test_sound started
1427.1791 	DATA 	Keypress: space
1427.1867 	EXP 	text_3: autoDraw = False
1427.1867 	EXP 	polygon_2: autoDraw = True
1429.3078 	EXP 	Sound test_sound reached end of file
1429.3169 	EXP 	Sound test_sound reached end of file
1430.5731 	EXP 	New trial (rep=0, index=31): <Trial 31 (31 in rep 0) data={'sounds': 'sounds/21a_mezclar.wav', 'syll': 'CVC', 'stress_unstress': 'Stressed', 'suffix': 'Match', 'present_past': 'present', 'corrAns': 'num_1', 'trigger_item': 0.0, 'trigger_senonset': 0.2, 'trigger_verbsonset': 0.78, 'trigger_1_F0': 0.9121902777777772, 'trigger_suffix': 1.20214212962962, 'trigger_2_F0': 1.27, 'ID_item': 101, 'ID_senonset': 10, 'ID_verbonset': 11, 'ID_1_F0': 12, 'ID_suffix': 13, 'ID_2_F0': 14, 'ms_senonset': 0, 'ms_verbonset': 0.58, 'ms_1_F0': 0.712190277777777, 'ms_suffix': 1.00214212962962, 'ms_2_F0': 1.07, 'file_name': '21a_mezclar.wav', 'item_id': 21, 'cond': 'a', 'thisN': 31, 'thisTrialN': 31, 'thisRepN': 0}>
1430.5799 	EXP 	Sound test_sound reached end of file
1430.5830 	EXP 	Sound test_sound started
1430.5823 	DATA 	Keypress: right
1430.5901 	EXP 	polygon_2: autoDraw = False
1430.5901 	EXP 	text_3: autoDraw = False
1430.5901 	EXP 	polygon_2: autoDraw = True
1432.5870 	EXP 	Sound test_sound reached end of file
1432.6004 	EXP 	Sound test_sound reached end of file
1433.5566 	EXP 	New trial (rep=0, index=32): <Trial 32 (32 in rep 0) data={'sounds': 'sounds/33b_culpar.wav', 'syll': 'CVC', 'stress_unstress': 'Unstressed', 'suffix': 'Mismatch', 'present_past': 'present', 'corrAns': 'num_1', 'trigger_item': 0.0, 'trigger_senonset': 0.2, 'trigger_verbsonset': 0.8606178431336959, 'trigger_1_F0': 0.869103678029107, 'trigger_suffix': 1.109891641372144, 'trigger_2_F0': 1.131540467434179, 'ID_item': 101, 'ID_senonset': 20, 'ID_verbonset': 21, 'ID_1_F0': 22, 'ID_suffix': 23, 'ID_2_F0': 24, 'ms_senonset': 0, 'ms_verbonset': 0.660617843133696, 'ms_1_F0': 0.669103678029107, 'ms_suffix': 0.909891641372144, 'ms_2_F0': 0.931540467434179, 'file_name': '33b_culpar.wav', 'item_id': 33, 'cond': 'b', 'thisN': 32, 'thisTrialN': 32, 'thisRepN': 0}>
1433.5649 	EXP 	Sound test_sound reached end of file
1433.5666 	EXP 	Sound test_sound started
1433.5682 	DATA 	Keypress: left
1433.5765 	EXP 	polygon_2: autoDraw = False
1433.5765 	EXP 	text_3: autoDraw = False
1433.5765 	EXP 	polygon_2: autoDraw = True
1435.7263 	EXP 	Sound test_sound reached end of file
1435.7340 	EXP 	Sound test_sound reached end of file
1438.7734 	EXP 	New trial (rep=0, index=33): <Trial 33 (33 in rep 0) data={'sounds': 'sounds/28d_parar.wav', 'syll': 'CVC', 'stress_unstress': 'Stressed', 'suffix': 'Mismatch', 'present_past': 'past', 'corrAns': 'num_2', 'trigger_item': 0.0, 'trigger_senonset': 0.2, 'trigger_verbsonset': 0.8458860026041659, 'trigger_1_F0': 0.862313736979166, 'trigger_suffix': 1.018194683159722, 'trigger_2_F0': 1.032797113715277, 'ID_item': 101, 'ID_senonset': 40, 'ID_verbonset': 41, 'ID_1_F0': 42, 'ID_suffix': 43, 'ID_2_F0': 44, 'ms_senonset': 0, 'ms_verbonset': 0.645886002604166, 'ms_1_F0': 0.662313736979166, 'ms_suffix': 0.818194683159722, 'ms_2_F0': 0.832797113715277, 'file_name': '28d_parar.wav', 'item_id': 28, 'cond': 'd', 'thisN': 33, 'thisTrialN': 33, 'thisRepN': 0}>
1438.7789 	EXP 	Sound test_sound reached end of file
1438.7834 	EXP 	Sound test_sound started
1438.7803 	DATA 	Keypress: right
1438.7905 	EXP 	polygon_2: autoDraw = False
1438.7905 	EXP 	text_3: autoDraw = False
1438.7905 	EXP 	polygon_2: autoDraw = True
1440.6823 	EXP 	Sound test_sound reached end of file
1440.6875 	EXP 	Sound test_sound reached end of file
1442.6906 	EXP 	New trial (rep=0, index=34): <Trial 34 (34 in rep 0) data={'sounds': 'sounds/34c_formar.wav', 'syll': 'CVC', 'stress_unstress': 'Unstressed', 'suffix': 'Match', 'present_past': 'past', 'corrAns': 'num_2', 'trigger_item': 0.0, 'trigger_senonset': 0.2, 'trigger_verbsonset': 0.876373676215277, 'trigger_1_F0': 0.992687651909722, 'trigger_suffix': 1.14, 'trigger_2_F0': 1.26319767795138, 'ID_item': 101, 'ID_senonset': 30, 'ID_verbonset': 31, 'ID_1_F0': 32, 'ID_suffix': 33, 'ID_2_F0': 34, 'ms_senonset': 0, 'ms_verbonset': 0.676373676215277, 'ms_1_F0': 0.792687651909722, 'ms_suffix': 0.94, 'ms_2_F0': 1.06319767795138, 'file_name': '34c_formar.wav', 'item_id': 34, 'cond': 'c', 'thisN': 34, 'thisTrialN': 34, 'thisRepN': 0}>
1442.6981 	EXP 	Sound test_sound reached end of file
1442.7000 	EXP 	Sound test_sound started
1442.7008 	DATA 	Keypress: right
1442.7087 	EXP 	polygon_2: autoDraw = False
1442.7087 	EXP 	text_3: autoDraw = False
1442.7087 	EXP 	polygon_2: autoDraw = True
1444.9237 	EXP 	Sound test_sound reached end of file
1444.9334 	EXP 	Sound test_sound reached end of file
1447.5025 	EXP 	New trial (rep=0, index=35): <Trial 35 (35 in rep 0) data={'sounds': 'sounds/29a_pesar.wav', 'syll': 'CVC', 'stress_unstress': 'Stressed', 'suffix': 'Match', 'present_past': 'present', 'corrAns': 'num_1', 'trigger_item': 0.0, 'trigger_senonset': 0.2, 'trigger_verbsonset': 0.91328417532552, 'trigger_1_F0': 0.925531286730473, 'trigger_suffix': 1.03, 'trigger_2_F0': 1.150619522602117, 'ID_item': 101, 'ID_senonset': 10, 'ID_verbonset': 11, 'ID_1_F0': 12, 'ID_suffix': 13, 'ID_2_F0': 14, 'ms_senonset': 0, 'ms_verbonset': 0.71328417532552, 'ms_1_F0': 0.725531286730473, 'ms_suffix': 0.83, 'ms_2_F0': 0.950619522602117, 'file_name': '29a_pesar.wav', 'item_id': 29, 'cond': 'a', 'thisN': 35, 'thisTrialN': 35, 'thisRepN': 0}>
1447.5054 	EXP 	Sound test_sound reached end of file
1447.5159 	EXP 	Sound test_sound started
1447.5067 	DATA 	Keypress: right
1447.5168 	EXP 	polygon_2: autoDraw = False
1447.5168 	EXP 	text_3: autoDraw = False
1447.5168 	EXP 	polygon_2: autoDraw = True
1449.4097 	EXP 	Sound test_sound reached end of file
1449.4171 	EXP 	Sound test_sound reached end of file
1457.2240 	EXP 	New trial (rep=0, index=36): <Trial 36 (36 in rep 0) data={'sounds': 'sounds/19a_marcar.wav', 'syll': 'CVC', 'stress_unstress': 'Stressed', 'suffix': 'Match', 'present_past': 'present', 'corrAns': 'num_1', 'trigger_item': 0.0, 'trigger_senonset': 0.2, 'trigger_verbsonset': 0.8400000000000001, 'trigger_1_F0': 0.97, 'trigger_suffix': 1.245718359375, 'trigger_2_F0': 1.273519140625, 'ID_item': 101, 'ID_senonset': 10, 'ID_verbonset': 11, 'ID_1_F0': 12, 'ID_suffix': 13, 'ID_2_F0': 14, 'ms_senonset': 0, 'ms_verbonset': 0.64, 'ms_1_F0': 0.77, 'ms_suffix': 1.045718359375, 'ms_2_F0': 1.073519140625, 'file_name': '19a_marcar.wav', 'item_id': 19, 'cond': 'a', 'thisN': 36, 'thisTrialN': 36, 'thisRepN': 0}>
1457.2327 	EXP 	Sound test_sound reached end of file
1457.2330 	EXP 	Sound test_sound started
1457.2356 	DATA 	Keypress: left
1457.2440 	EXP 	polygon_2: autoDraw = False
1457.2440 	EXP 	text_3: autoDraw = False
1457.2440 	EXP 	polygon_2: autoDraw = True
1459.1174 	EXP 	Sound test_sound reached end of file
1459.1335 	EXP 	Sound test_sound reached end of file
1466.5237 	EXP 	New trial (rep=0, index=37): <Trial 37 (37 in rep 0) data={'sounds': 'sounds/22d_dejar.wav', 'syll': 'CVC', 'stress_unstress': 'Stressed', 'suffix': 'Mismatch', 'present_past': 'past', 'corrAns': 'num_2', 'trigger_item': 0.0, 'trigger_senonset': 0.2, 'trigger_verbsonset': 0.8500000000000001, 'trigger_1_F0': 1.02, 'trigger_suffix': 1.152543366608796, 'trigger_2_F0': 1.28794346788194, 'ID_item': 101, 'ID_senonset': 40, 'ID_verbonset': 41, 'ID_1_F0': 42, 'ID_suffix': 43, 'ID_2_F0': 44, 'ms_senonset': 0, 'ms_verbonset': 0.65, 'ms_1_F0': 0.82, 'ms_suffix': 0.952543366608796, 'ms_2_F0': 1.08794346788194, 'file_name': '22d_dejar.wav', 'item_id': 22, 'cond': 'd', 'thisN': 37, 'thisTrialN': 37, 'thisRepN': 0}>
1466.5304 	EXP 	Sound test_sound reached end of file
1466.5335 	EXP 	Sound test_sound started
1466.5328 	DATA 	Keypress: left
1466.5419 	EXP 	polygon_2: autoDraw = False
1466.5419 	EXP 	text_3: autoDraw = False
1466.5419 	EXP 	polygon_2: autoDraw = True
1468.5534 	EXP 	Sound test_sound reached end of file
1468.5669 	EXP 	Sound test_sound reached end of file
1477.2229 	EXP 	New trial (rep=0, index=38): <Trial 38 (38 in rep 0) data={'sounds': 'sounds/10d_vender.wav', 'syll': 'CVC', 'stress_unstress': 'Stressed', 'suffix': 'Mismatch', 'present_past': 'past', 'corrAns': 'num_2', 'trigger_item': 0.0, 'trigger_senonset': 0.2, 'trigger_verbsonset': 0.832830209056713, 'trigger_1_F0': 0.8775468199411529, 'trigger_suffix': 1.109501330306288, 'trigger_2_F0': 1.158928471023364, 'ID_item': 101, 'ID_senonset': 40, 'ID_verbonset': 41, 'ID_1_F0': 42, 'ID_suffix': 43, 'ID_2_F0': 44, 'ms_senonset': 0, 'ms_verbonset': 0.632830209056713, 'ms_1_F0': 0.677546819941153, 'ms_suffix': 0.909501330306288, 'ms_2_F0': 0.958928471023364, 'file_name': '10d_vender.wav', 'item_id': 10, 'cond': 'd', 'thisN': 38, 'thisTrialN': 38, 'thisRepN': 0}>
1477.2301 	EXP 	Sound test_sound reached end of file
1477.2331 	EXP 	Sound test_sound started
1477.2328 	DATA 	Keypress: right
1477.2421 	EXP 	polygon_2: autoDraw = False
1477.2421 	EXP 	text_3: autoDraw = False
1477.2421 	EXP 	polygon_2: autoDraw = True
1479.1220 	EXP 	Sound test_sound reached end of file
1479.1337 	EXP 	Sound test_sound reached end of file
1482.0076 	EXP 	New trial (rep=0, index=39): <Trial 39 (39 in rep 0) data={'sounds': 'sounds/24d_mirar.wav', 'syll': 'CVC', 'stress_unstress': 'Stressed', 'suffix': 'Mismatch', 'present_past': 'past', 'corrAns': 'num_2', 'trigger_item': 0.0, 'trigger_senonset': 0.2, 'trigger_verbsonset': 0.71, 'trigger_1_F0': 0.8119545789930551, 'trigger_suffix': 0.9389863642939812, 'trigger_2_F0': 0.9746780743634248, 'ID_item': 101, 'ID_senonset': 40, 'ID_verbonset': 41, 'ID_1_F0': 42, 'ID_suffix': 43, 'ID_2_F0': 44, 'ms_senonset': 0, 'ms_verbonset': 0.51, 'ms_1_F0': 0.611954578993055, 'ms_suffix': 0.738986364293981, 'ms_2_F0': 0.774678074363425, 'file_name': '24d_mirar.wav', 'item_id': 24, 'cond': 'd', 'thisN': 39, 'thisTrialN': 39, 'thisRepN': 0}>
1482.0147 	EXP 	Sound test_sound reached end of file
1482.0167 	EXP 	Sound test_sound started
1482.0177 	DATA 	Keypress: right
1482.0260 	EXP 	polygon_2: autoDraw = False
1482.0260 	EXP 	text_3: autoDraw = False
1482.0260 	EXP 	polygon_2: autoDraw = True
1483.7047 	EXP 	Sound test_sound reached end of file
1483.7165 	EXP 	Sound test_sound reached end of file
1488.7594 	DATA 	Keypress: right
1488.7660 	EXP 	polygon_2: autoDraw = False
1488.7660 	EXP 	text_3: autoDraw = False
1488.7660 	EXP 	text_2: autoDraw = True
1495.2830 	DATA 	Keypress: space
1495.2860 	EXP 	text_2: autoDraw = False
1495.2862 	EXP 	LangExperimentstress: status = STOPPED
