16.4609 	WARNING 	User requested fullscreen with size [1536  864], but screen is actually [1920, 1080]. Using actual size
16.7519 	EXP 	Created window1 = Window(allowGUI=False, allowStencil=False, autoLog=True, backendConf=UNKNOWN, backgroundFit=<method-wrapper '__getattribute__' of attributeSetter object at 0x0000018068AC3F10>, backgroundImage=<method-wrapper '__getattribute__' of attributeSetter object at 0x0000018068AC3EB0>, bitsMode=UNKNOWN, blendMode='avg', bpc=(8, 8, 8), color=array([0, 0, 0]), colorSpace='rgb', depthBits=8, fullscr=True, gamma=None, gammaErrorPolicy='raise', infoMsg=UNKNOWN, lms=UNKNOWN, monitor=<psychopy.monitors.calibTools.Monitor object at 0x0000018070DA0E50>, multiSample=False, name='window1', numSamples=2, pos=[0.0, 0.0], screen=0, size=array([1920, 1080]), stencilBits=0, stereo=False, title='PsychoPy', units='height', useFBO=True, useRetina=False, viewOri=0.0, viewPos=None, viewScale=None, waitBlanking=True, winType='pyglet')
16.7520 	EXP 	window1: backgroundImage = ''
16.7520 	EXP 	window1: backgroundFit = 'none'
16.8319 	EXP 	window1: Attempting to measure frame rate of screen (0) ...
16.8319 	EXP 	window1: recordFrameIntervals = False
17.0005 	EXP 	window1: recordFrameIntervals = True
17.1844 	EXP 	Screen (0) actual frame rate measured at 59.92Hz
17.1845 	EXP 	window1: recordFrameIntervals = False
19.6478 	EXP 	LangExperimentstress: status = STARTED
19.7463 	EXP 	Created instr = TextStim(__class__=<class 'psychopy.visual.text.TextStim'>, alignHoriz=method-wrapper(...), alignText='center', alignVert=method-wrapper(...), anchorHoriz='center', anchorVert='center', antialias=True, autoDraw=False, autoLog=True, bold=False, color=array([1., 1., 1.]), colorSpace='rgb', contrast=1.0, depth=0.0, draggable=False, flipHoriz=False, flipVert=False, font='Arial', fontFiles=[], height=0.08, italic=False, languageStyle='LTR', name='instr', opacity=1, ori=0, pos=array([0., 0.]), rgb=UNKNOWN, text=str(...), units='height', win=Window(...), wrapWidth=1)
20.6662 	EXP 	Sound test_sound_2 set volume 1.000
20.6719 	EXP 	Created polygon = ShapeStim(__class__=<class 'psychopy.visual.shape.ShapeStim'>, anchor=('center', 'center'), autoDraw=False, autoLog=True, closeShape=True, color=method-wrapper(...), colorSpace='rgb', contrast=None, depth=-2.0, draggable=False, fillColor=array([-1, -1, -1]), fillColorSpace='rgb', fillRGB=array([-1, -1, -1]), interpolate=True, lineColor=array([-1., -1., -1.]), lineColorSpace='rgb', lineRGB=array([-1, -1, -1]), lineWidth=1, name='polygon', opacity=1, ori=0.0, pos=array([0., 0.]), size=array([0.15, 0.15]), units='height', vertices=ndarray(...), win=Window(...), windingRule=None)
20.6854 	EXP 	Created text_3 = TextStim(__class__=<class 'psychopy.visual.text.TextStim'>, alignHoriz=method-wrapper(...), alignText='center', alignVert=method-wrapper(...), anchorHoriz='center', anchorVert='center', antialias=True, autoDraw=False, autoLog=True, bold=False, color=array([1., 1., 1.]), colorSpace='rgb', contrast=1.0, depth=0.0, draggable=False, flipHoriz=False, flipVert=False, font='Arial', fontFiles=[], height=0.1, italic=False, languageStyle='LTR', name='text_3', opacity=1, ori=0, pos=array([0., 0.]), rgb=UNKNOWN, text=str(...), units='height', win=Window(...), wrapWidth=1)
20.6945 	EXP 	Created instr = TextStim(__class__=<class 'psychopy.visual.text.TextStim'>, alignHoriz=method-wrapper(...), alignText='center', alignVert=method-wrapper(...), anchorHoriz='center', anchorVert='center', antialias=True, autoDraw=False, autoLog=True, bold=False, color=array([1., 1., 1.]), colorSpace='rgb', contrast=1.0, depth=0.0, draggable=False, flipHoriz=False, flipVert=False, font='Arial', fontFiles=[], height=0.08, italic=False, languageStyle='LTR', name='instr', opacity=1, ori=0, pos=array([0., 0.]), rgb=UNKNOWN, text=str(...), units='height', win=Window(...), wrapWidth=1)
20.8291 	EXP 	Sound test_sound set volume 1.000
20.8314 	EXP 	Created polygon_2 = ShapeStim(__class__=<class 'psychopy.visual.shape.ShapeStim'>, anchor=('center', 'center'), autoDraw=False, autoLog=True, closeShape=True, color=method-wrapper(...), colorSpace='rgb', contrast=None, depth=-2.0, draggable=False, fillColor=array([-1, -1, -1]), fillColorSpace='rgb', fillRGB=array([-1, -1, -1]), interpolate=True, lineColor=array([-1., -1., -1.]), lineColorSpace='rgb', lineRGB=array([-1, -1, -1]), lineWidth=1, name='polygon_2', opacity=1, ori=0.0, pos=array([0., 0.]), size=array([0.15, 0.15]), units='height', vertices=ndarray(...), win=Window(...), windingRule=None)
20.8367 	EXP 	Created text_3 = TextStim(__class__=<class 'psychopy.visual.text.TextStim'>, alignHoriz=method-wrapper(...), alignText='center', alignVert=method-wrapper(...), anchorHoriz='center', anchorVert='center', antialias=True, autoDraw=False, autoLog=True, bold=False, color=array([1., 1., 1.]), colorSpace='rgb', contrast=1.0, depth=0.0, draggable=False, flipHoriz=False, flipVert=False, font='Arial', fontFiles=[], height=0.1, italic=False, languageStyle='LTR', name='text_3', opacity=1, ori=0, pos=array([0., 0.]), rgb=UNKNOWN, text=str(...), units='height', win=Window(...), wrapWidth=1)
20.8465 	EXP 	Created text_2 = TextStim(__class__=<class 'psychopy.visual.text.TextStim'>, alignHoriz=method-wrapper(...), alignText='center', alignVert=method-wrapper(...), anchorHoriz='center', anchorVert='center', antialias=True, autoDraw=False, autoLog=True, bold=False, color=array([1., 1., 1.]), colorSpace='rgb', contrast=1.0, depth=0.0, draggable=False, flipHoriz=False, flipVert=False, font='Arial', fontFiles=[], height=0.1, italic=False, languageStyle='LTR', name='text_2', opacity=1, ori=0, pos=array([0., 0.]), rgb=UNKNOWN, text=str(...), units='height', win=Window(...), wrapWidth=1)
0.0198 	EXP 	instr: autoDraw = True
2426.8826 	EXP 	Imported selected_practice.csv as conditions, 4 conditions, 27 params
2426.8848 	EXP 	New trial (rep=0, index=0): <Trial 0 (0 in rep 0) data={'sounds': 'sounds/p3c_saltar.wav', 'syll': 'CVC', 'stress_unstress': 'Unstressed', 'suffix': 'Match', 'present_past': 'past', 'corrAns': 'num_2', 'trigger_item': 0.0, 'trigger_senonset': 0.205513, 'trigger_verbsonset': 0.8629519999999999, 'trigger_1_F0': 0.984841, 'trigger_suffix': 1.219715, 'trigger_2_F0': 1.27, 'ID_item': 101, 'ID_senonset': 30, 'ID_verbonset': 31, 'ID_1_F0': 32, 'ID_suffix': 33, 'ID_2_F0': 34, 'ms_senonset': 0.005513, 'ms_verbonset': 0.662952, 'ms_1_F0': 0.784841, 'ms_suffix': 1.019715, 'ms_2_F0': 1.07, 'file_name': 'p3c_saltar.wav', 'sentence': 'p3', 'cond': 'c', 'combo': 'p3c', 'thisN': 0, 'thisTrialN': 0, 'thisRepN': 0}>
2426.8903 	EXP 	Sound test_sound_2 reached end of file
2426.9048 	EXP 	Sound test_sound_2 started
2426.8925 	DATA 	Keypress: space
2426.9019 	EXP 	instr: autoDraw = False
2426.9019 	EXP 	polygon: autoDraw = True
2428.9630 	EXP 	Sound test_sound_2 reached end of file
2428.9717 	EXP 	Sound test_sound_2 reached end of file
2436.2452 	EXP 	New trial (rep=0, index=1): <Trial 1 (1 in rep 0) data={'sounds': 'sounds/p1a_saltar.wav', 'syll': 'CVC', 'stress_unstress': 'Stressed', 'suffix': 'Match', 'present_past': 'present', 'corrAns': 'num_1', 'trigger_item': 0.0, 'trigger_senonset': 0.205513, 'trigger_verbsonset': 0.8629519999999999, 'trigger_1_F0': 0.984841, 'trigger_suffix': 1.219715, 'trigger_2_F0': 1.27, 'ID_item': 101, 'ID_senonset': 10, 'ID_verbonset': 11, 'ID_1_F0': 12, 'ID_suffix': 13, 'ID_2_F0': 14, 'ms_senonset': 0.005513, 'ms_verbonset': 0.662952, 'ms_1_F0': 0.784841, 'ms_suffix': 1.019715, 'ms_2_F0': 1.07, 'file_name': 'p1a_saltar.wav', 'sentence': 'p1', 'cond': 'a', 'combo': 'p1a', 'thisN': 1, 'thisTrialN': 1, 'thisRepN': 0}>
2436.2529 	EXP 	Sound test_sound_2 reached end of file
2436.2547 	EXP 	Sound test_sound_2 started
2436.2555 	DATA 	Keypress: right
2436.2631 	EXP 	polygon: autoDraw = False
2436.2631 	EXP 	text_3: autoDraw = False
2436.2631 	EXP 	polygon: autoDraw = True
2438.4882 	EXP 	Sound test_sound_2 reached end of file
2438.5051 	EXP 	Sound test_sound_2 reached end of file
2439.8951 	EXP 	New trial (rep=0, index=2): <Trial 2 (2 in rep 0) data={'sounds': 'sounds/p2b_cortar.wav', 'syll': 'CVC', 'stress_unstress': 'Unstressed', 'suffix': 'Mismatch', 'present_past': 'present', 'corrAns': 'num_1', 'trigger_item': 0.0, 'trigger_senonset': 0.205513, 'trigger_verbsonset': 0.8629519999999999, 'trigger_1_F0': 0.984841, 'trigger_suffix': 1.219715, 'trigger_2_F0': 1.27, 'ID_item': 101, 'ID_senonset': 20, 'ID_verbonset': 21, 'ID_1_F0': 22, 'ID_suffix': 23, 'ID_2_F0': 24, 'ms_senonset': 0.005513, 'ms_verbonset': 0.662952, 'ms_1_F0': 0.784841, 'ms_suffix': 1.019715, 'ms_2_F0': 1.07, 'file_name': 'p2b_cortar.wav', 'sentence': 'p2', 'cond': 'b', 'combo': 'p2b', 'thisN': 2, 'thisTrialN': 2, 'thisRepN': 0}>
2439.9035 	EXP 	Sound test_sound_2 reached end of file
2439.9047 	EXP 	Sound test_sound_2 started
2439.9058 	DATA 	Keypress: left
2439.9135 	EXP 	polygon: autoDraw = False
2439.9135 	EXP 	text_3: autoDraw = False
2439.9135 	EXP 	polygon: autoDraw = True
2442.1565 	EXP 	Sound test_sound_2 reached end of file
2442.1714 	EXP 	Sound test_sound_2 reached end of file
2442.6630 	EXP 	New trial (rep=0, index=3): <Trial 3 (3 in rep 0) data={'sounds': 'sounds/p4d_cortar.wav', 'syll': 'CVC', 'stress_unstress': 'Stressed', 'suffix': 'Mismatch', 'present_past': 'past', 'corrAns': 'num_2', 'trigger_item': 0.0, 'trigger_senonset': 0.205513, 'trigger_verbsonset': 0.8629519999999999, 'trigger_1_F0': 0.984841, 'trigger_suffix': 1.219715, 'trigger_2_F0': 1.27, 'ID_item': 101, 'ID_senonset': 40, 'ID_verbonset': 41, 'ID_1_F0': 42, 'ID_suffix': 43, 'ID_2_F0': 44, 'ms_senonset': 0.005513, 'ms_verbonset': 0.662952, 'ms_1_F0': 0.784841, 'ms_suffix': 1.019715, 'ms_2_F0': 1.07, 'file_name': 'p4d_cortar.wav', 'sentence': 'p4', 'cond': 'd', 'combo': 'p4d', 'thisN': 3, 'thisTrialN': 3, 'thisRepN': 0}>
2442.6711 	EXP 	Sound test_sound_2 reached end of file
2442.6728 	EXP 	Sound test_sound_2 started
2442.6733 	DATA 	Keypress: left
2442.6818 	EXP 	polygon: autoDraw = False
2442.6818 	EXP 	text_3: autoDraw = False
2442.6818 	EXP 	polygon: autoDraw = True
2445.1711 	EXP 	Sound test_sound_2 reached end of file
2445.1768 	EXP 	Sound test_sound_2 reached end of file
2446.9253 	DATA 	Keypress: right
2446.9547 	EXP 	polygon: autoDraw = False
2446.9547 	EXP 	text_3: autoDraw = False
2446.9547 	EXP 	instr: autoDraw = True
2525.3237 	EXP 	Imported selected_trials.csv as conditions, 40 conditions, 26 params
2525.3244 	EXP 	New trial (rep=0, index=0): <Trial 0 (0 in rep 0) data={'sounds': 'sounds/13c_montar.wav', 'syll': 'CVC', 'stress_unstress': 'Unstressed', 'suffix': 'Match', 'present_past': 'past', 'corrAns': 'num_2', 'trigger_item': 0.0, 'trigger_senonset': 0.2, 'trigger_verbsonset': 0.8800000000000001, 'trigger_1_F0': 0.98, 'trigger_suffix': 1.24543012152777, 'trigger_2_F0': 1.2594709201388798, 'ID_item': 101, 'ID_senonset': 30, 'ID_verbonset': 31, 'ID_1_F0': 32, 'ID_suffix': 33, 'ID_2_F0': 34, 'ms_senonset': 0, 'ms_verbonset': 0.68, 'ms_1_F0': 0.78, 'ms_suffix': 1.04543012152777, 'ms_2_F0': 1.05947092013888, 'file_name': '13c_montar.wav', 'item_id': 13, 'cond': 'c', 'thisN': 0, 'thisTrialN': 0, 'thisRepN': 0}>
2525.3293 	EXP 	Sound test_sound reached end of file
2525.3381 	EXP 	Sound test_sound started
2525.3311 	DATA 	Keypress: space
2525.3397 	EXP 	instr: autoDraw = False
2525.3397 	EXP 	polygon_2: autoDraw = True
2527.6132 	EXP 	Sound test_sound reached end of file
2527.6219 	EXP 	Sound test_sound reached end of file
2528.4288 	EXP 	New trial (rep=0, index=1): <Trial 1 (1 in rep 0) data={'sounds': 'sounds/19a_marcar.wav', 'syll': 'CVC', 'stress_unstress': 'Stressed', 'suffix': 'Match', 'present_past': 'present', 'corrAns': 'num_1', 'trigger_item': 0.0, 'trigger_senonset': 0.2, 'trigger_verbsonset': 0.8400000000000001, 'trigger_1_F0': 0.97, 'trigger_suffix': 1.245718359375, 'trigger_2_F0': 1.273519140625, 'ID_item': 101, 'ID_senonset': 10, 'ID_verbonset': 11, 'ID_1_F0': 12, 'ID_suffix': 13, 'ID_2_F0': 14, 'ms_senonset': 0, 'ms_verbonset': 0.64, 'ms_1_F0': 0.77, 'ms_suffix': 1.045718359375, 'ms_2_F0': 1.073519140625, 'file_name': '19a_marcar.wav', 'item_id': 19, 'cond': 'a', 'thisN': 1, 'thisTrialN': 1, 'thisRepN': 0}>
2528.4374 	EXP 	Sound test_sound reached end of file
2528.4387 	EXP 	Sound test_sound started
2528.4398 	DATA 	Keypress: right
2528.4476 	EXP 	polygon_2: autoDraw = False
2528.4476 	EXP 	text_3: autoDraw = False
2528.4476 	EXP 	polygon_2: autoDraw = True
2530.3231 	EXP 	Sound test_sound reached end of file
2530.3384 	EXP 	Sound test_sound reached end of file
2531.3120 	EXP 	New trial (rep=0, index=2): <Trial 2 (2 in rep 0) data={'sounds': 'sounds/07c_tumbar.wav', 'syll': 'CVC', 'stress_unstress': 'Unstressed', 'suffix': 'Match', 'present_past': 'past', 'corrAns': 'num_2', 'trigger_item': 0.0, 'trigger_senonset': 0.2, 'trigger_verbsonset': 0.9084024930273432, 'trigger_1_F0': 0.9247360728973012, 'trigger_suffix': 1.143289673625005, 'trigger_2_F0': 1.154847989033482, 'ID_item': 101, 'ID_senonset': 30, 'ID_verbonset': 31, 'ID_1_F0': 32, 'ID_suffix': 33, 'ID_2_F0': 34, 'ms_senonset': 0, 'ms_verbonset': 0.708402493027343, 'ms_1_F0': 0.724736072897301, 'ms_suffix': 0.943289673625005, 'ms_2_F0': 0.954847989033482, 'file_name': '07c_tumbar.wav', 'item_id': 7, 'cond': 'c', 'thisN': 2, 'thisTrialN': 2, 'thisRepN': 0}>
2531.3197 	EXP 	Sound test_sound reached end of file
2531.3215 	EXP 	Sound test_sound started
2531.3226 	DATA 	Keypress: left
2531.3314 	EXP 	polygon_2: autoDraw = False
2531.3314 	EXP 	text_3: autoDraw = False
2531.3314 	EXP 	polygon_2: autoDraw = True
2533.2555 	EXP 	Sound test_sound reached end of file
2533.2719 	EXP 	Sound test_sound reached end of file
2537.5952 	EXP 	New trial (rep=0, index=3): <Trial 3 (3 in rep 0) data={'sounds': 'sounds/37b_pasar.wav', 'syll': 'CVC', 'stress_unstress': 'Unstressed', 'suffix': 'Mismatch', 'present_past': 'present', 'corrAns': 'num_1', 'trigger_item': 0.0, 'trigger_senonset': 0.2, 'trigger_verbsonset': 1.033132486979166, 'trigger_1_F0': 1.052087565104166, 'trigger_suffix': 1.159499674479166, 'trigger_2_F0': 1.27702115885416, 'ID_item': 101, 'ID_senonset': 20, 'ID_verbonset': 21, 'ID_1_F0': 22, 'ID_suffix': 23, 'ID_2_F0': 24, 'ms_senonset': 0, 'ms_verbonset': 0.833132486979166, 'ms_1_F0': 0.852087565104166, 'ms_suffix': 0.959499674479166, 'ms_2_F0': 1.07702115885416, 'file_name': '37b_pasar.wav', 'item_id': 37, 'cond': 'b', 'thisN': 3, 'thisTrialN': 3, 'thisRepN': 0}>
2537.6034 	EXP 	Sound test_sound reached end of file
2537.6046 	EXP 	Sound test_sound started
2537.6059 	DATA 	Keypress: right
2537.6147 	EXP 	polygon_2: autoDraw = False
2537.6147 	EXP 	text_3: autoDraw = False
2537.6147 	EXP 	polygon_2: autoDraw = True
2539.7067 	EXP 	Sound test_sound reached end of file
2539.7217 	EXP 	Sound test_sound reached end of file
2540.3789 	EXP 	New trial (rep=0, index=4): <Trial 4 (4 in rep 0) data={'sounds': 'sounds/33b_culpar.wav', 'syll': 'CVC', 'stress_unstress': 'Unstressed', 'suffix': 'Mismatch', 'present_past': 'present', 'corrAns': 'num_1', 'trigger_item': 0.0, 'trigger_senonset': 0.2, 'trigger_verbsonset': 0.8606178431336959, 'trigger_1_F0': 0.869103678029107, 'trigger_suffix': 1.109891641372144, 'trigger_2_F0': 1.131540467434179, 'ID_item': 101, 'ID_senonset': 20, 'ID_verbonset': 21, 'ID_1_F0': 22, 'ID_suffix': 23, 'ID_2_F0': 24, 'ms_senonset': 0, 'ms_verbonset': 0.660617843133696, 'ms_1_F0': 0.669103678029107, 'ms_suffix': 0.909891641372144, 'ms_2_F0': 0.931540467434179, 'file_name': '33b_culpar.wav', 'item_id': 33, 'cond': 'b', 'thisN': 4, 'thisTrialN': 4, 'thisRepN': 0}>
2540.3869 	EXP 	Sound test_sound reached end of file
2540.3885 	EXP 	Sound test_sound started
2540.3892 	DATA 	Keypress: left
2540.3982 	EXP 	polygon_2: autoDraw = False
2540.3982 	EXP 	text_3: autoDraw = False
2540.3982 	EXP 	polygon_2: autoDraw = True
2542.5454 	EXP 	Sound test_sound reached end of file
2542.5544 	EXP 	Sound test_sound reached end of file
2543.3445 	EXP 	New trial (rep=0, index=5): <Trial 5 (5 in rep 0) data={'sounds': 'sounds/27c_tirar.wav', 'syll': 'CVC', 'stress_unstress': 'Unstressed', 'suffix': 'Match', 'present_past': 'past', 'corrAns': 'num_2', 'trigger_item': 0.0, 'trigger_senonset': 0.2, 'trigger_verbsonset': 0.8119442057291659, 'trigger_1_F0': 0.8307495153356481, 'trigger_suffix': 0.9885306495949072, 'trigger_2_F0': 0.998621303530092, 'ID_item': 101, 'ID_senonset': 30, 'ID_verbonset': 31, 'ID_1_F0': 32, 'ID_suffix': 33, 'ID_2_F0': 34, 'ms_senonset': 0, 'ms_verbonset': 0.611944205729166, 'ms_1_F0': 0.630749515335648, 'ms_suffix': 0.788530649594907, 'ms_2_F0': 0.798621303530092, 'file_name': '27c_tirar.wav', 'item_id': 27, 'cond': 'c', 'thisN': 5, 'thisTrialN': 5, 'thisRepN': 0}>
2543.3507 	EXP 	Sound test_sound reached end of file
2543.3545 	EXP 	Sound test_sound started
2543.3539 	DATA 	Keypress: left
2543.3621 	EXP 	polygon_2: autoDraw = False
2543.3621 	EXP 	text_3: autoDraw = False
2543.3621 	EXP 	polygon_2: autoDraw = True
2545.3328 	EXP 	Sound test_sound reached end of file
2545.3391 	EXP 	Sound test_sound reached end of file
2546.0112 	EXP 	New trial (rep=0, index=6): <Trial 6 (6 in rep 0) data={'sounds': 'sounds/17d_tragar.wav', 'syll': 'CVC', 'stress_unstress': 'Stressed', 'suffix': 'Mismatch', 'present_past': 'past', 'corrAns': 'num_2', 'trigger_item': 0.0, 'trigger_senonset': 0.2, 'trigger_verbsonset': 1.070609360532407, 'trigger_1_F0': 1.117973654513888, 'trigger_suffix': 1.30915316840277, 'trigger_2_F0': 1.35458539534397, 'ID_item': 101, 'ID_senonset': 40, 'ID_verbonset': 41, 'ID_1_F0': 42, 'ID_suffix': 43, 'ID_2_F0': 44, 'ms_senonset': 0, 'ms_verbonset': 0.870609360532407, 'ms_1_F0': 0.917973654513888, 'ms_suffix': 1.10915316840277, 'ms_2_F0': 1.15458539534397, 'file_name': '17d_tragar.wav', 'item_id': 17, 'cond': 'd', 'thisN': 6, 'thisTrialN': 6, 'thisRepN': 0}>
2546.0178 	EXP 	Sound test_sound reached end of file
2546.0214 	EXP 	Sound test_sound started
2546.0208 	DATA 	Keypress: right
2546.0295 	EXP 	polygon_2: autoDraw = False
2546.0295 	EXP 	text_3: autoDraw = False
2546.0295 	EXP 	polygon_2: autoDraw = True
2548.3078 	EXP 	Sound test_sound reached end of file
2548.3217 	EXP 	Sound test_sound reached end of file
2549.0447 	EXP 	New trial (rep=0, index=7): <Trial 7 (7 in rep 0) data={'sounds': 'sounds/02c_buscar.wav', 'syll': 'CVC', 'stress_unstress': 'Unstressed', 'suffix': 'Match', 'present_past': 'past', 'corrAns': 'num_2', 'trigger_item': 0.0, 'trigger_senonset': 0.2, 'trigger_verbsonset': 0.8700000000000001, 'trigger_1_F0': 1.07, 'trigger_suffix': 1.26, 'trigger_2_F0': 1.40703946035879, 'ID_item': 101, 'ID_senonset': 30, 'ID_verbonset': 31, 'ID_1_F0': 32, 'ID_suffix': 33, 'ID_2_F0': 34, 'ms_senonset': 0, 'ms_verbonset': 0.67, 'ms_1_F0': 0.87, 'ms_suffix': 1.06, 'ms_2_F0': 1.20703946035879, 'file_name': '02c_buscar.wav', 'item_id': 2, 'cond': 'c', 'thisN': 7, 'thisTrialN': 7, 'thisRepN': 0}>
2549.0513 	EXP 	Sound test_sound reached end of file
2549.0551 	EXP 	Sound test_sound started
2549.0540 	DATA 	Keypress: right
2549.0609 	EXP 	polygon_2: autoDraw = False
2549.0609 	EXP 	text_3: autoDraw = False
2549.0609 	EXP 	polygon_2: autoDraw = True
2551.1665 	EXP 	Sound test_sound reached end of file
2551.1724 	EXP 	Sound test_sound reached end of file
2552.6296 	EXP 	New trial (rep=0, index=8): <Trial 8 (8 in rep 0) data={'sounds': 'sounds/12a_matar.wav', 'syll': 'CVC', 'stress_unstress': 'Stressed', 'suffix': 'Match', 'present_past': 'present', 'corrAns': 'num_1', 'trigger_item': 0.0, 'trigger_senonset': 0.2, 'trigger_verbsonset': 0.8400000000000001, 'trigger_1_F0': 0.96, 'trigger_suffix': 1.17307472511574, 'trigger_2_F0': 1.186647497106481, 'ID_item': 101, 'ID_senonset': 10, 'ID_verbonset': 11, 'ID_1_F0': 12, 'ID_suffix': 13, 'ID_2_F0': 14, 'ms_senonset': 0, 'ms_verbonset': 0.64, 'ms_1_F0': 0.76, 'ms_suffix': 0.97307472511574, 'ms_2_F0': 0.986647497106481, 'file_name': '12a_matar.wav', 'item_id': 12, 'cond': 'a', 'thisN': 8, 'thisTrialN': 8, 'thisRepN': 0}>
2552.6377 	EXP 	Sound test_sound reached end of file
2552.6389 	EXP 	Sound test_sound started
2552.6400 	DATA 	Keypress: right
2552.6500 	EXP 	polygon_2: autoDraw = False
2552.6500 	EXP 	text_3: autoDraw = False
2552.6500 	EXP 	polygon_2: autoDraw = True
2554.8188 	EXP 	Sound test_sound reached end of file
2554.8246 	EXP 	Sound test_sound reached end of file
2555.2120 	EXP 	New trial (rep=0, index=9): <Trial 9 (9 in rep 0) data={'sounds': 'sounds/34c_formar.wav', 'syll': 'CVC', 'stress_unstress': 'Unstressed', 'suffix': 'Match', 'present_past': 'past', 'corrAns': 'num_2', 'trigger_item': 0.0, 'trigger_senonset': 0.2, 'trigger_verbsonset': 0.876373676215277, 'trigger_1_F0': 0.992687651909722, 'trigger_suffix': 1.14, 'trigger_2_F0': 1.26319767795138, 'ID_item': 101, 'ID_senonset': 30, 'ID_verbonset': 31, 'ID_1_F0': 32, 'ID_suffix': 33, 'ID_2_F0': 34, 'ms_senonset': 0, 'ms_verbonset': 0.676373676215277, 'ms_1_F0': 0.792687651909722, 'ms_suffix': 0.94, 'ms_2_F0': 1.06319767795138, 'file_name': '34c_formar.wav', 'item_id': 34, 'cond': 'c', 'thisN': 9, 'thisTrialN': 9, 'thisRepN': 0}>
2555.2186 	EXP 	Sound test_sound reached end of file
2555.2215 	EXP 	Sound test_sound started
2555.2225 	DATA 	Keypress: left
2555.2315 	EXP 	polygon_2: autoDraw = False
2555.2315 	EXP 	text_3: autoDraw = False
2555.2315 	EXP 	polygon_2: autoDraw = True
2557.4425 	EXP 	Sound test_sound reached end of file
2557.4556 	EXP 	Sound test_sound reached end of file
2557.8751 	DATA 	Keypress: right
2557.9048 	EXP 	polygon_2: autoDraw = False
2557.9048 	EXP 	text_3: autoDraw = True
2569.2079 	EXP 	New trial (rep=0, index=10): <Trial 10 (10 in rep 0) data={'sounds': 'sounds/20c_cubrir.wav', 'syll': 'CVC', 'stress_unstress': 'Unstressed', 'suffix': 'Match', 'present_past': 'past', 'corrAns': 'num_2', 'trigger_item': 0.0, 'trigger_senonset': 0.2, 'trigger_verbsonset': 0.980138641742621, 'trigger_1_F0': 1.01, 'trigger_suffix': 1.192436112212021, 'trigger_2_F0': 1.28412143493692, 'ID_item': 101, 'ID_senonset': 30, 'ID_verbonset': 31, 'ID_1_F0': 32, 'ID_suffix': 33, 'ID_2_F0': 34, 'ms_senonset': 0, 'ms_verbonset': 0.780138641742621, 'ms_1_F0': 0.81, 'ms_suffix': 0.992436112212021, 'ms_2_F0': 1.08412143493692, 'file_name': '20c_cubrir.wav', 'item_id': 20, 'cond': 'c', 'thisN': 10, 'thisTrialN': 10, 'thisRepN': 0}>
2569.2145 	EXP 	Sound test_sound reached end of file
2569.2217 	EXP 	Sound test_sound started
2569.2175 	DATA 	Keypress: space
2569.2252 	EXP 	text_3: autoDraw = False
2569.2252 	EXP 	polygon_2: autoDraw = True
2571.3402 	EXP 	Sound test_sound reached end of file
2571.3552 	EXP 	Sound test_sound reached end of file
2571.5956 	EXP 	New trial (rep=0, index=11): <Trial 11 (11 in rep 0) data={'sounds': 'sounds/26a_bajar.wav', 'syll': 'CVC', 'stress_unstress': 'Stressed', 'suffix': 'Match', 'present_past': 'present', 'corrAns': 'num_1', 'trigger_item': 0.0, 'trigger_senonset': 0.2, 'trigger_verbsonset': 0.77, 'trigger_1_F0': 0.8999999999999999, 'trigger_suffix': 1.03, 'trigger_2_F0': 1.171181705729166, 'ID_item': 101, 'ID_senonset': 10, 'ID_verbonset': 11, 'ID_1_F0': 12, 'ID_suffix': 13, 'ID_2_F0': 14, 'ms_senonset': 0, 'ms_verbonset': 0.57, 'ms_1_F0': 0.7, 'ms_suffix': 0.83, 'ms_2_F0': 0.971181705729166, 'file_name': '26a_bajar.wav', 'item_id': 26, 'cond': 'a', 'thisN': 11, 'thisTrialN': 11, 'thisRepN': 0}>
2571.6039 	EXP 	Sound test_sound reached end of file
2571.6049 	EXP 	Sound test_sound started
2571.6068 	DATA 	Keypress: right
2571.6155 	EXP 	polygon_2: autoDraw = False
2571.6155 	EXP 	text_3: autoDraw = False
2571.6155 	EXP 	polygon_2: autoDraw = True
2573.6655 	EXP 	Sound test_sound reached end of file
2573.6727 	EXP 	Sound test_sound reached end of file
2574.0919 	DATA 	Keypress: left
2574.1116 	EXP 	New trial (rep=0, index=12): <Trial 12 (12 in rep 0) data={'sounds': 'sounds/08d_filtrar.wav', 'syll': 'CVC', 'stress_unstress': 'Stressed', 'suffix': 'Mismatch', 'present_past': 'past', 'corrAns': 'num_2', 'trigger_item': 0.0, 'trigger_senonset': 0.2, 'trigger_verbsonset': 0.7526856695589441, 'trigger_1_F0': 0.87808115762362, 'trigger_suffix': 1.118901843962886, 'trigger_2_F0': 1.172598812485867, 'ID_item': 101, 'ID_senonset': 40, 'ID_verbonset': 41, 'ID_1_F0': 42, 'ID_suffix': 43, 'ID_2_F0': 44, 'ms_senonset': 0, 'ms_verbonset': 0.552685669558944, 'ms_1_F0': 0.67808115762362, 'ms_suffix': 0.918901843962886, 'ms_2_F0': 0.972598812485867, 'file_name': '08d_filtrar.wav', 'item_id': 8, 'cond': 'd', 'thisN': 12, 'thisTrialN': 12, 'thisRepN': 0}>
2574.1180 	EXP 	Sound test_sound reached end of file
2574.1212 	EXP 	Sound test_sound started
2574.1298 	EXP 	polygon_2: autoDraw = False
2574.1298 	EXP 	text_3: autoDraw = False
2574.1298 	EXP 	polygon_2: autoDraw = True
2575.8683 	EXP 	Sound test_sound reached end of file
2575.8737 	EXP 	Sound test_sound reached end of file
2576.5440 	EXP 	New trial (rep=0, index=13): <Trial 13 (13 in rep 0) data={'sounds': 'sounds/22d_dejar.wav', 'syll': 'CVC', 'stress_unstress': 'Stressed', 'suffix': 'Mismatch', 'present_past': 'past', 'corrAns': 'num_2', 'trigger_item': 0.0, 'trigger_senonset': 0.2, 'trigger_verbsonset': 0.8500000000000001, 'trigger_1_F0': 1.02, 'trigger_suffix': 1.152543366608796, 'trigger_2_F0': 1.28794346788194, 'ID_item': 101, 'ID_senonset': 40, 'ID_verbonset': 41, 'ID_1_F0': 42, 'ID_suffix': 43, 'ID_2_F0': 44, 'ms_senonset': 0, 'ms_verbonset': 0.65, 'ms_1_F0': 0.82, 'ms_suffix': 0.952543366608796, 'ms_2_F0': 1.08794346788194, 'file_name': '22d_dejar.wav', 'item_id': 22, 'cond': 'd', 'thisN': 13, 'thisTrialN': 13, 'thisRepN': 0}>
2576.5501 	EXP 	Sound test_sound reached end of file
2576.5546 	EXP 	Sound test_sound started
2576.5516 	DATA 	Keypress: right
2576.5600 	EXP 	polygon_2: autoDraw = False
2576.5600 	EXP 	text_3: autoDraw = False
2576.5600 	EXP 	polygon_2: autoDraw = True
2578.5719 	EXP 	Sound test_sound reached end of file
2578.5882 	EXP 	Sound test_sound reached end of file
2579.3408 	EXP 	New trial (rep=0, index=14): <Trial 14 (14 in rep 0) data={'sounds': 'sounds/35b_secar.wav', 'syll': 'CVC', 'stress_unstress': 'Unstressed', 'suffix': 'Mismatch', 'present_past': 'present', 'corrAns': 'num_1', 'trigger_item': 0.0, 'trigger_senonset': 0.2, 'trigger_verbsonset': 0.8990044921875, 'trigger_1_F0': 1.025708658854166, 'trigger_suffix': 1.179689416956018, 'trigger_2_F0': 1.20652606336805, 'ID_item': 101, 'ID_senonset': 20, 'ID_verbonset': 21, 'ID_1_F0': 22, 'ID_suffix': 23, 'ID_2_F0': 24, 'ms_senonset': 0, 'ms_verbonset': 0.6990044921875, 'ms_1_F0': 0.825708658854166, 'ms_suffix': 0.979689416956018, 'ms_2_F0': 1.00652606336805, 'file_name': '35b_secar.wav', 'item_id': 35, 'cond': 'b', 'thisN': 14, 'thisTrialN': 14, 'thisRepN': 0}>
2579.3441 	EXP 	Sound test_sound reached end of file
2579.3536 	EXP 	Sound test_sound started
2579.3470 	DATA 	Keypress: right
2579.3545 	EXP 	polygon_2: autoDraw = False
2579.3545 	EXP 	text_3: autoDraw = False
2579.3545 	EXP 	polygon_2: autoDraw = True
2581.4727 	EXP 	Sound test_sound reached end of file
2581.4883 	EXP 	Sound test_sound reached end of file
2582.0622 	EXP 	New trial (rep=0, index=15): <Trial 15 (15 in rep 0) data={'sounds': 'sounds/21a_mezclar.wav', 'syll': 'CVC', 'stress_unstress': 'Stressed', 'suffix': 'Match', 'present_past': 'present', 'corrAns': 'num_1', 'trigger_item': 0.0, 'trigger_senonset': 0.2, 'trigger_verbsonset': 0.78, 'trigger_1_F0': 0.9121902777777772, 'trigger_suffix': 1.20214212962962, 'trigger_2_F0': 1.27, 'ID_item': 101, 'ID_senonset': 10, 'ID_verbonset': 11, 'ID_1_F0': 12, 'ID_suffix': 13, 'ID_2_F0': 14, 'ms_senonset': 0, 'ms_verbonset': 0.58, 'ms_1_F0': 0.712190277777777, 'ms_suffix': 1.00214212962962, 'ms_2_F0': 1.07, 'file_name': '21a_mezclar.wav', 'item_id': 21, 'cond': 'a', 'thisN': 15, 'thisTrialN': 15, 'thisRepN': 0}>
2582.0692 	EXP 	Sound test_sound reached end of file
2582.0716 	EXP 	Sound test_sound started
2582.0725 	DATA 	Keypress: left
2582.0812 	EXP 	polygon_2: autoDraw = False
2582.0812 	EXP 	text_3: autoDraw = False
2582.0812 	EXP 	polygon_2: autoDraw = True
2584.0760 	EXP 	Sound test_sound reached end of file
2584.0878 	EXP 	Sound test_sound reached end of file
2584.7951 	EXP 	New trial (rep=0, index=16): <Trial 16 (16 in rep 0) data={'sounds': 'sounds/36c_bordar.wav', 'syll': 'CVC', 'stress_unstress': 'Unstressed', 'suffix': 'Match', 'present_past': 'past', 'corrAns': 'num_2', 'trigger_item': 0.0, 'trigger_senonset': 0.2, 'trigger_verbsonset': 1.0, 'trigger_1_F0': 1.078468243634259, 'trigger_suffix': 1.3288624855324, 'trigger_2_F0': 1.3414992042824, 'ID_item': 101, 'ID_senonset': 30, 'ID_verbonset': 31, 'ID_1_F0': 32, 'ID_suffix': 33, 'ID_2_F0': 34, 'ms_senonset': 0, 'ms_verbonset': 0.8, 'ms_1_F0': 0.878468243634259, 'ms_suffix': 1.1288624855324, 'ms_2_F0': 1.1414992042824, 'file_name': '36c_bordar.wav', 'item_id': 36, 'cond': 'c', 'thisN': 16, 'thisTrialN': 16, 'thisRepN': 0}>
2584.8024 	EXP 	Sound test_sound reached end of file
2584.8045 	EXP 	Sound test_sound started
2584.8053 	DATA 	Keypress: left
2584.8153 	EXP 	polygon_2: autoDraw = False
2584.8153 	EXP 	text_3: autoDraw = False
2584.8153 	EXP 	polygon_2: autoDraw = True
2587.0661 	EXP 	Sound test_sound reached end of file
2587.0722 	EXP 	Sound test_sound reached end of file
2587.3786 	EXP 	New trial (rep=0, index=17): <Trial 17 (17 in rep 0) data={'sounds': 'sounds/40c_gastar.wav', 'syll': 'CVC', 'stress_unstress': 'Unstressed', 'suffix': 'Match', 'present_past': 'past', 'corrAns': 'num_2', 'trigger_item': 0.0, 'trigger_senonset': 0.2, 'trigger_verbsonset': 0.8300000000000001, 'trigger_1_F0': 0.8400000000000001, 'trigger_suffix': 1.163436328125, 'trigger_2_F0': 1.183149609375, 'ID_item': 101, 'ID_senonset': 30, 'ID_verbonset': 31, 'ID_1_F0': 32, 'ID_suffix': 33, 'ID_2_F0': 34, 'ms_senonset': 0, 'ms_verbonset': 0.63, 'ms_1_F0': 0.64, 'ms_suffix': 0.963436328125, 'ms_2_F0': 0.983149609375, 'file_name': '40c_gastar.wav', 'item_id': 40, 'cond': 'c', 'thisN': 17, 'thisTrialN': 17, 'thisRepN': 0}>
2587.3870 	EXP 	Sound test_sound reached end of file
2587.3881 	EXP 	Sound test_sound started
2587.3898 	DATA 	Keypress: right
2587.3974 	EXP 	polygon_2: autoDraw = False
2587.3974 	EXP 	text_3: autoDraw = False
2587.3974 	EXP 	polygon_2: autoDraw = True
2589.4881 	EXP 	Sound test_sound reached end of file
2589.5048 	EXP 	Sound test_sound reached end of file
2590.0958 	EXP 	New trial (rep=0, index=18): <Trial 18 (18 in rep 0) data={'sounds': 'sounds/23a_tomar.wav', 'syll': 'CVC', 'stress_unstress': 'Stressed', 'suffix': 'Match', 'present_past': 'present', 'corrAns': 'num_1', 'trigger_item': 0.0, 'trigger_senonset': 0.2, 'trigger_verbsonset': 0.9453179615162032, 'trigger_1_F0': 0.95, 'trigger_suffix': 1.08, 'trigger_2_F0': 1.158644495081018, 'ID_item': 101, 'ID_senonset': 10, 'ID_verbonset': 11, 'ID_1_F0': 12, 'ID_suffix': 13, 'ID_2_F0': 14, 'ms_senonset': 0, 'ms_verbonset': 0.745317961516203, 'ms_1_F0': 0.75, 'ms_suffix': 0.88, 'ms_2_F0': 0.958644495081018, 'file_name': '23a_tomar.wav', 'item_id': 23, 'cond': 'a', 'thisN': 18, 'thisTrialN': 18, 'thisRepN': 0}>
2590.1034 	EXP 	Sound test_sound reached end of file
2590.1053 	EXP 	Sound test_sound started
2590.1057 	DATA 	Keypress: right
2590.1136 	EXP 	polygon_2: autoDraw = False
2590.1136 	EXP 	text_3: autoDraw = False
2590.1136 	EXP 	polygon_2: autoDraw = True
2591.9951 	EXP 	Sound test_sound reached end of file
2592.0052 	EXP 	Sound test_sound reached end of file
2592.3274 	EXP 	New trial (rep=0, index=19): <Trial 19 (19 in rep 0) data={'sounds': 'sounds/06d_soplar.wav', 'syll': 'CVC', 'stress_unstress': 'Stressed', 'suffix': 'Mismatch', 'present_past': 'past', 'corrAns': 'num_2', 'trigger_item': 0.0, 'trigger_senonset': 0.2, 'trigger_verbsonset': 0.761291666666666, 'trigger_1_F0': 0.8899999999999999, 'trigger_suffix': 1.102139687590422, 'trigger_2_F0': 1.166665581687644, 'ID_item': 101, 'ID_senonset': 40, 'ID_verbonset': 41, 'ID_1_F0': 42, 'ID_suffix': 43, 'ID_2_F0': 44, 'ms_senonset': 0, 'ms_verbonset': 0.561291666666666, 'ms_1_F0': 0.69, 'ms_suffix': 0.902139687590422, 'ms_2_F0': 0.966665581687644, 'file_name': '06d_soplar.wav', 'item_id': 6, 'cond': 'd', 'thisN': 19, 'thisTrialN': 19, 'thisRepN': 0}>
2592.3323 	EXP 	Sound test_sound reached end of file
2592.3381 	EXP 	Sound test_sound started
2592.3336 	DATA 	Keypress: left
2592.3441 	EXP 	polygon_2: autoDraw = False
2592.3441 	EXP 	text_3: autoDraw = False
2592.3441 	EXP 	polygon_2: autoDraw = True
2594.1947 	EXP 	Sound test_sound reached end of file
2594.2049 	EXP 	Sound test_sound reached end of file
2594.6137 	DATA 	Keypress: right
2594.6216 	EXP 	polygon_2: autoDraw = False
2594.6216 	EXP 	text_3: autoDraw = True
2605.1246 	EXP 	New trial (rep=0, index=20): <Trial 20 (20 in rep 0) data={'sounds': 'sounds/01d_salvar.wav', 'syll': 'CVC', 'stress_unstress': 'Stressed', 'suffix': 'Mismatch', 'present_past': 'past', 'corrAns': 'num_2', 'trigger_item': 0.0, 'trigger_senonset': 0.2, 'trigger_verbsonset': 0.8500000000000001, 'trigger_1_F0': 0.996069502314814, 'trigger_suffix': 1.23, 'trigger_2_F0': 1.29, 'ID_item': 101, 'ID_senonset': 40, 'ID_verbonset': 41, 'ID_1_F0': 42, 'ID_suffix': 43, 'ID_2_F0': 44, 'ms_senonset': 0, 'ms_verbonset': 0.65, 'ms_1_F0': 0.796069502314814, 'ms_suffix': 1.03, 'ms_2_F0': 1.09, 'file_name': '01d_salvar.wav', 'item_id': 1, 'cond': 'd', 'thisN': 20, 'thisTrialN': 20, 'thisRepN': 0}>
2605.1272 	EXP 	Sound test_sound reached end of file
2605.1383 	EXP 	Sound test_sound started
2605.1294 	DATA 	Keypress: space
2605.1386 	EXP 	text_3: autoDraw = False
2605.1386 	EXP 	polygon_2: autoDraw = True
2607.1720 	EXP 	Sound test_sound reached end of file
2607.1887 	EXP 	Sound test_sound reached end of file
2607.2783 	EXP 	New trial (rep=0, index=21): <Trial 21 (21 in rep 0) data={'sounds': 'sounds/18b_cumplir.wav', 'syll': 'CVC', 'stress_unstress': 'Unstressed', 'suffix': 'Mismatch', 'present_past': 'present', 'corrAns': 'num_1', 'trigger_item': 0.0, 'trigger_senonset': 0.2, 'trigger_verbsonset': 1.2408027271412, 'trigger_1_F0': 1.25568597366898, 'trigger_suffix': 1.46256310040509, 'trigger_2_F0': 1.54144430700231, 'ID_item': 101, 'ID_senonset': 20, 'ID_verbonset': 21, 'ID_1_F0': 22, 'ID_suffix': 23, 'ID_2_F0': 24, 'ms_senonset': 0, 'ms_verbonset': 1.0408027271412, 'ms_1_F0': 1.05568597366898, 'ms_suffix': 1.26256310040509, 'ms_2_F0': 1.34144430700231, 'file_name': '18b_cumplir.wav', 'item_id': 18, 'cond': 'b', 'thisN': 21, 'thisTrialN': 21, 'thisRepN': 0}>
2607.2841 	EXP 	Sound test_sound reached end of file
2607.2880 	EXP 	Sound test_sound started
2607.2866 	DATA 	Keypress: right
2607.2945 	EXP 	polygon_2: autoDraw = False
2607.2945 	EXP 	text_3: autoDraw = False
2607.2945 	EXP 	polygon_2: autoDraw = True
2609.4603 	EXP 	Sound test_sound reached end of file
2609.4716 	EXP 	Sound test_sound reached end of file
2613.1076 	DATA 	Keypress: left
2613.1282 	EXP 	New trial (rep=0, index=22): <Trial 22 (22 in rep 0) data={'sounds': 'sounds/03b_limpiar.wav', 'syll': 'CVC', 'stress_unstress': 'Unstressed', 'suffix': 'Mismatch', 'present_past': 'present', 'corrAns': 'num_1', 'trigger_item': 0.0, 'trigger_senonset': 0.2, 'trigger_verbsonset': 0.8500000000000001, 'trigger_1_F0': 0.932367621527777, 'trigger_suffix': 1.26878515625, 'trigger_2_F0': 1.35808463541666, 'ID_item': 101, 'ID_senonset': 20, 'ID_verbonset': 21, 'ID_1_F0': 22, 'ID_suffix': 23, 'ID_2_F0': 24, 'ms_senonset': 0, 'ms_verbonset': 0.65, 'ms_1_F0': 0.732367621527777, 'ms_suffix': 1.06878515625, 'ms_2_F0': 1.15808463541666, 'file_name': '03b_limpiar.wav', 'item_id': 3, 'cond': 'b', 'thisN': 22, 'thisTrialN': 22, 'thisRepN': 0}>
2613.1352 	EXP 	Sound test_sound reached end of file
2613.1378 	EXP 	Sound test_sound started
2613.1468 	EXP 	polygon_2: autoDraw = False
2613.1468 	EXP 	text_3: autoDraw = False
2613.1468 	EXP 	polygon_2: autoDraw = True
2615.2680 	EXP 	Sound test_sound reached end of file
2615.2738 	EXP 	Sound test_sound reached end of file
2616.3277 	EXP 	New trial (rep=0, index=23): <Trial 23 (23 in rep 0) data={'sounds': 'sounds/25b_ganar.wav', 'syll': 'CVC', 'stress_unstress': 'Unstressed', 'suffix': 'Mismatch', 'present_past': 'present', 'corrAns': 'num_1', 'trigger_item': 0.0, 'trigger_senonset': 0.2, 'trigger_verbsonset': 1.152097938368055, 'trigger_1_F0': 1.15990068760488, 'trigger_suffix': 1.28904165650454, 'trigger_2_F0': 1.37272500435153, 'ID_item': 101, 'ID_senonset': 20, 'ID_verbonset': 21, 'ID_1_F0': 22, 'ID_suffix': 23, 'ID_2_F0': 24, 'ms_senonset': 0, 'ms_verbonset': 0.952097938368055, 'ms_1_F0': 0.95990068760488, 'ms_suffix': 1.08904165650454, 'ms_2_F0': 1.17272500435153, 'file_name': '25b_ganar.wav', 'item_id': 25, 'cond': 'b', 'thisN': 23, 'thisTrialN': 23, 'thisRepN': 0}>
2616.3345 	EXP 	Sound test_sound reached end of file
2616.3379 	EXP 	Sound test_sound started
2616.3381 	DATA 	Keypress: right
2616.3458 	EXP 	polygon_2: autoDraw = False
2616.3458 	EXP 	text_3: autoDraw = False
2616.3458 	EXP 	polygon_2: autoDraw = True
2618.6640 	EXP 	Sound test_sound reached end of file
2618.6717 	EXP 	Sound test_sound reached end of file
2618.9425 	DATA 	Keypress: left
2618.9617 	EXP 	New trial (rep=0, index=24): <Trial 24 (24 in rep 0) data={'sounds': 'sounds/14b_borrar.wav', 'syll': 'CVC', 'stress_unstress': 'Unstressed', 'suffix': 'Mismatch', 'present_past': 'present', 'corrAns': 'num_1', 'trigger_item': 0.0, 'trigger_senonset': 0.2, 'trigger_verbsonset': 0.72, 'trigger_1_F0': 0.770187630208333, 'trigger_suffix': 0.851961241319444, 'trigger_2_F0': 0.964399956597222, 'ID_item': 101, 'ID_senonset': 20, 'ID_verbonset': 21, 'ID_1_F0': 22, 'ID_suffix': 23, 'ID_2_F0': 24, 'ms_senonset': 0, 'ms_verbonset': 0.52, 'ms_1_F0': 0.570187630208333, 'ms_suffix': 0.651961241319444, 'ms_2_F0': 0.764399956597222, 'file_name': '14b_borrar.wav', 'item_id': 14, 'cond': 'b', 'thisN': 24, 'thisTrialN': 24, 'thisRepN': 0}>
2618.9700 	EXP 	Sound test_sound reached end of file
2618.9713 	EXP 	Sound test_sound started
2618.9816 	EXP 	polygon_2: autoDraw = False
2618.9816 	EXP 	text_3: autoDraw = False
2618.9816 	EXP 	polygon_2: autoDraw = True
2620.9060 	EXP 	Sound test_sound reached end of file
2620.9222 	EXP 	Sound test_sound reached end of file
2621.7455 	EXP 	New trial (rep=0, index=25): <Trial 25 (25 in rep 0) data={'sounds': 'sounds/11a_pegar.wav', 'syll': 'CVC', 'stress_unstress': 'Stressed', 'suffix': 'Match', 'present_past': 'present', 'corrAns': 'num_1', 'trigger_item': 0.0, 'trigger_senonset': 0.2, 'trigger_verbsonset': 0.8182808977343741, 'trigger_1_F0': 0.831294515585661, 'trigger_suffix': 0.98, 'trigger_2_F0': 1.012063288108519, 'ID_item': 101, 'ID_senonset': 10, 'ID_verbonset': 11, 'ID_1_F0': 12, 'ID_suffix': 13, 'ID_2_F0': 14, 'ms_senonset': 0, 'ms_verbonset': 0.618280897734374, 'ms_1_F0': 0.631294515585661, 'ms_suffix': 0.78, 'ms_2_F0': 0.812063288108519, 'file_name': '11a_pegar.wav', 'item_id': 11, 'cond': 'a', 'thisN': 25, 'thisTrialN': 25, 'thisRepN': 0}>
2621.7531 	EXP 	Sound test_sound reached end of file
2621.7547 	EXP 	Sound test_sound started
2621.7559 	DATA 	Keypress: left
2621.7653 	EXP 	polygon_2: autoDraw = False
2621.7653 	EXP 	text_3: autoDraw = False
2621.7653 	EXP 	polygon_2: autoDraw = True
2623.6887 	EXP 	Sound test_sound reached end of file
2623.7051 	EXP 	Sound test_sound reached end of file
2624.3447 	EXP 	New trial (rep=0, index=26): <Trial 26 (26 in rep 0) data={'sounds': 'sounds/30a_fundar.wav', 'syll': 'CVC', 'stress_unstress': 'Stressed', 'suffix': 'Match', 'present_past': 'present', 'corrAns': 'num_1', 'trigger_item': 0.0, 'trigger_senonset': 0.2, 'trigger_verbsonset': 0.77, 'trigger_1_F0': 0.91, 'trigger_suffix': 1.112685546875, 'trigger_2_F0': 1.12, 'ID_item': 101, 'ID_senonset': 10, 'ID_verbonset': 11, 'ID_1_F0': 12, 'ID_suffix': 13, 'ID_2_F0': 14, 'ms_senonset': 0, 'ms_verbonset': 0.57, 'ms_1_F0': 0.71, 'ms_suffix': 0.912685546875, 'ms_2_F0': 0.92, 'file_name': '30a_fundar.wav', 'item_id': 30, 'cond': 'a', 'thisN': 26, 'thisTrialN': 26, 'thisRepN': 0}>
2624.3510 	EXP 	Sound test_sound reached end of file
2624.3547 	EXP 	Sound test_sound started
2624.3537 	DATA 	Keypress: left
2624.3609 	EXP 	polygon_2: autoDraw = False
2624.3609 	EXP 	text_3: autoDraw = False
2624.3609 	EXP 	polygon_2: autoDraw = True
2626.4883 	EXP 	Sound test_sound reached end of file
2626.5050 	EXP 	Sound test_sound reached end of file
2627.3398 	DATA 	Keypress: left
2627.3617 	EXP 	New trial (rep=0, index=27): <Trial 27 (27 in rep 0) data={'sounds': 'sounds/10d_vender.wav', 'syll': 'CVC', 'stress_unstress': 'Stressed', 'suffix': 'Mismatch', 'present_past': 'past', 'corrAns': 'num_2', 'trigger_item': 0.0, 'trigger_senonset': 0.2, 'trigger_verbsonset': 0.832830209056713, 'trigger_1_F0': 0.8775468199411529, 'trigger_suffix': 1.109501330306288, 'trigger_2_F0': 1.158928471023364, 'ID_item': 101, 'ID_senonset': 40, 'ID_verbonset': 41, 'ID_1_F0': 42, 'ID_suffix': 43, 'ID_2_F0': 44, 'ms_senonset': 0, 'ms_verbonset': 0.632830209056713, 'ms_1_F0': 0.677546819941153, 'ms_suffix': 0.909501330306288, 'ms_2_F0': 0.958928471023364, 'file_name': '10d_vender.wav', 'item_id': 10, 'cond': 'd', 'thisN': 27, 'thisTrialN': 27, 'thisRepN': 0}>
2627.3681 	EXP 	Sound test_sound reached end of file
2627.3713 	EXP 	Sound test_sound started
2627.3794 	EXP 	polygon_2: autoDraw = False
2627.3794 	EXP 	text_3: autoDraw = False
2627.3794 	EXP 	polygon_2: autoDraw = True
2629.2606 	EXP 	Sound test_sound reached end of file
2629.2714 	EXP 	Sound test_sound reached end of file
2629.6287 	EXP 	New trial (rep=0, index=28): <Trial 28 (28 in rep 0) data={'sounds': 'sounds/05a_fumar.wav', 'syll': 'CVC', 'stress_unstress': 'Stressed', 'suffix': 'Match', 'present_past': 'present', 'corrAns': 'num_1', 'trigger_item': 0.0, 'trigger_senonset': 0.2, 'trigger_verbsonset': 1.15, 'trigger_1_F0': 1.36712555700231, 'trigger_suffix': 1.48, 'trigger_2_F0': 1.56308830295138, 'ID_item': 101, 'ID_senonset': 10, 'ID_verbonset': 11, 'ID_1_F0': 12, 'ID_suffix': 13, 'ID_2_F0': 14, 'ms_senonset': 0, 'ms_verbonset': 0.95, 'ms_1_F0': 1.16712555700231, 'ms_suffix': 1.28, 'ms_2_F0': 1.36308830295138, 'file_name': '05a_fumar.wav', 'item_id': 5, 'cond': 'a', 'thisN': 28, 'thisTrialN': 28, 'thisRepN': 0}>
2629.6362 	EXP 	Sound test_sound reached end of file
2629.6381 	EXP 	Sound test_sound started
2629.6410 	DATA 	Keypress: right
2629.6492 	EXP 	polygon_2: autoDraw = False
2629.6492 	EXP 	text_3: autoDraw = False
2629.6492 	EXP 	polygon_2: autoDraw = True
2631.9928 	EXP 	Sound test_sound reached end of file
2632.0049 	EXP 	Sound test_sound reached end of file
2632.3784 	EXP 	New trial (rep=0, index=29): <Trial 29 (29 in rep 0) data={'sounds': 'sounds/15b_partir.wav', 'syll': 'CVC', 'stress_unstress': 'Unstressed', 'suffix': 'Mismatch', 'present_past': 'present', 'corrAns': 'num_1', 'trigger_item': 0.0, 'trigger_senonset': 0.2, 'trigger_verbsonset': 0.826865400752314, 'trigger_1_F0': 0.842973894883327, 'trigger_suffix': 1.1042888772729471, 'trigger_2_F0': 1.120815958498066, 'ID_item': 101, 'ID_senonset': 20, 'ID_verbonset': 21, 'ID_1_F0': 22, 'ID_suffix': 23, 'ID_2_F0': 24, 'ms_senonset': 0, 'ms_verbonset': 0.626865400752314, 'ms_1_F0': 0.642973894883327, 'ms_suffix': 0.904288877272947, 'ms_2_F0': 0.920815958498066, 'file_name': '15b_partir.wav', 'item_id': 15, 'cond': 'b', 'thisN': 29, 'thisTrialN': 29, 'thisRepN': 0}>
2632.3839 	EXP 	Sound test_sound reached end of file
2632.3883 	EXP 	Sound test_sound started
2632.3863 	DATA 	Keypress: left
2632.3943 	EXP 	polygon_2: autoDraw = False
2632.3943 	EXP 	text_3: autoDraw = False
2632.3943 	EXP 	polygon_2: autoDraw = True
2634.4384 	EXP 	Sound test_sound reached end of file
2634.4557 	EXP 	Sound test_sound reached end of file
2635.6136 	DATA 	Keypress: right
2635.6212 	EXP 	polygon_2: autoDraw = False
2635.6212 	EXP 	text_3: autoDraw = True
2646.3410 	EXP 	New trial (rep=0, index=30): <Trial 30 (30 in rep 0) data={'sounds': 'sounds/29a_pesar.wav', 'syll': 'CVC', 'stress_unstress': 'Stressed', 'suffix': 'Match', 'present_past': 'present', 'corrAns': 'num_1', 'trigger_item': 0.0, 'trigger_senonset': 0.2, 'trigger_verbsonset': 0.91328417532552, 'trigger_1_F0': 0.925531286730473, 'trigger_suffix': 1.03, 'trigger_2_F0': 1.150619522602117, 'ID_item': 101, 'ID_senonset': 10, 'ID_verbonset': 11, 'ID_1_F0': 12, 'ID_suffix': 13, 'ID_2_F0': 14, 'ms_senonset': 0, 'ms_verbonset': 0.71328417532552, 'ms_1_F0': 0.725531286730473, 'ms_suffix': 0.83, 'ms_2_F0': 0.950619522602117, 'file_name': '29a_pesar.wav', 'item_id': 29, 'cond': 'a', 'thisN': 30, 'thisTrialN': 30, 'thisRepN': 0}>
2646.3487 	EXP 	Sound test_sound reached end of file
2646.3549 	EXP 	Sound test_sound started
2646.3516 	DATA 	Keypress: space
2646.3603 	EXP 	text_3: autoDraw = False
2646.3603 	EXP 	polygon_2: autoDraw = True
2648.2484 	EXP 	Sound test_sound reached end of file
2648.2552 	EXP 	Sound test_sound reached end of file
2648.7118 	EXP 	New trial (rep=0, index=31): <Trial 31 (31 in rep 0) data={'sounds': 'sounds/28d_parar.wav', 'syll': 'CVC', 'stress_unstress': 'Stressed', 'suffix': 'Mismatch', 'present_past': 'past', 'corrAns': 'num_2', 'trigger_item': 0.0, 'trigger_senonset': 0.2, 'trigger_verbsonset': 0.8458860026041659, 'trigger_1_F0': 0.862313736979166, 'trigger_suffix': 1.018194683159722, 'trigger_2_F0': 1.032797113715277, 'ID_item': 101, 'ID_senonset': 40, 'ID_verbonset': 41, 'ID_1_F0': 42, 'ID_suffix': 43, 'ID_2_F0': 44, 'ms_senonset': 0, 'ms_verbonset': 0.645886002604166, 'ms_1_F0': 0.662313736979166, 'ms_suffix': 0.818194683159722, 'ms_2_F0': 0.832797113715277, 'file_name': '28d_parar.wav', 'item_id': 28, 'cond': 'd', 'thisN': 31, 'thisTrialN': 31, 'thisRepN': 0}>
2648.7202 	EXP 	Sound test_sound reached end of file
2648.7213 	EXP 	Sound test_sound started
2648.7230 	DATA 	Keypress: left
2648.7321 	EXP 	polygon_2: autoDraw = False
2648.7321 	EXP 	text_3: autoDraw = False
2648.7321 	EXP 	polygon_2: autoDraw = True
2650.6205 	EXP 	Sound test_sound reached end of file
2650.6258 	EXP 	Sound test_sound reached end of file
2650.9448 	EXP 	New trial (rep=0, index=32): <Trial 32 (32 in rep 0) data={'sounds': 'sounds/32d_pulsar.wav', 'syll': 'CVC', 'stress_unstress': 'Stressed', 'suffix': 'Mismatch', 'present_past': 'past', 'corrAns': 'num_2', 'trigger_item': 0.0, 'trigger_senonset': 0.2, 'trigger_verbsonset': 0.796440212673611, 'trigger_1_F0': 0.8294641710069439, 'trigger_suffix': 0.99, 'trigger_2_F0': 1.097783832465277, 'ID_item': 101, 'ID_senonset': 40, 'ID_verbonset': 41, 'ID_1_F0': 42, 'ID_suffix': 43, 'ID_2_F0': 44, 'ms_senonset': 0, 'ms_verbonset': 0.596440212673611, 'ms_1_F0': 0.629464171006944, 'ms_suffix': 0.79, 'ms_2_F0': 0.897783832465277, 'file_name': '32d_pulsar.wav', 'item_id': 32, 'cond': 'd', 'thisN': 32, 'thisTrialN': 32, 'thisRepN': 0}>
2650.9522 	EXP 	Sound test_sound reached end of file
2650.9548 	EXP 	Sound test_sound started
2650.9554 	DATA 	Keypress: right
2650.9640 	EXP 	polygon_2: autoDraw = False
2650.9640 	EXP 	text_3: autoDraw = False
2650.9640 	EXP 	polygon_2: autoDraw = True
2652.7511 	EXP 	Sound test_sound reached end of file
2652.7557 	EXP 	Sound test_sound reached end of file
2653.3790 	EXP 	New trial (rep=0, index=33): <Trial 33 (33 in rep 0) data={'sounds': 'sounds/09c_cargar.wav', 'syll': 'CVC', 'stress_unstress': 'Unstressed', 'suffix': 'Match', 'present_past': 'past', 'corrAns': 'num_2', 'trigger_item': 0.0, 'trigger_senonset': 0.2, 'trigger_verbsonset': 0.81286744068287, 'trigger_1_F0': 0.8382251229745361, 'trigger_suffix': 1.032634020543981, 'trigger_2_F0': 1.090594437210648, 'ID_item': 101, 'ID_senonset': 30, 'ID_verbonset': 31, 'ID_1_F0': 32, 'ID_suffix': 33, 'ID_2_F0': 34, 'ms_senonset': 0, 'ms_verbonset': 0.61286744068287, 'ms_1_F0': 0.638225122974536, 'ms_suffix': 0.832634020543981, 'ms_2_F0': 0.890594437210648, 'file_name': '09c_cargar.wav', 'item_id': 9, 'cond': 'c', 'thisN': 33, 'thisTrialN': 33, 'thisRepN': 0}>
2653.3874 	EXP 	Sound test_sound reached end of file
2653.3882 	EXP 	Sound test_sound started
2653.3901 	DATA 	Keypress: right
2653.3983 	EXP 	polygon_2: autoDraw = False
2653.3983 	EXP 	text_3: autoDraw = False
2653.3983 	EXP 	polygon_2: autoDraw = True
2655.3110 	EXP 	Sound test_sound reached end of file
2655.3217 	EXP 	Sound test_sound reached end of file
2656.3113 	EXP 	New trial (rep=0, index=34): <Trial 34 (34 in rep 0) data={'sounds': 'sounds/16a_llevar.wav', 'syll': 'CVC', 'stress_unstress': 'Stressed', 'suffix': 'Match', 'present_past': 'present', 'corrAns': 'num_1', 'trigger_item': 0.0, 'trigger_senonset': 0.2, 'trigger_verbsonset': 0.929084516317274, 'trigger_1_F0': 0.964936524692279, 'trigger_suffix': 1.08, 'trigger_2_F0': 1.131864014418682, 'ID_item': 101, 'ID_senonset': 10, 'ID_verbonset': 11, 'ID_1_F0': 12, 'ID_suffix': 13, 'ID_2_F0': 14, 'ms_senonset': 0, 'ms_verbonset': 0.729084516317274, 'ms_1_F0': 0.764936524692279, 'ms_suffix': 0.88, 'ms_2_F0': 0.931864014418682, 'file_name': '16a_llevar.wav', 'item_id': 16, 'cond': 'a', 'thisN': 34, 'thisTrialN': 34, 'thisRepN': 0}>
2656.3185 	EXP 	Sound test_sound reached end of file
2656.3212 	EXP 	Sound test_sound started
2656.3212 	DATA 	Keypress: right
2656.3308 	EXP 	polygon_2: autoDraw = False
2656.3308 	EXP 	text_3: autoDraw = False
2656.3308 	EXP 	polygon_2: autoDraw = True
2658.2093 	EXP 	Sound test_sound reached end of file
2658.2210 	EXP 	Sound test_sound reached end of file
2658.5623 	EXP 	New trial (rep=0, index=35): <Trial 35 (35 in rep 0) data={'sounds': 'sounds/39b_manchar.wav', 'syll': 'CVC', 'stress_unstress': 'Unstressed', 'suffix': 'Mismatch', 'present_past': 'present', 'corrAns': 'num_1', 'trigger_item': 0.0, 'trigger_senonset': 0.2, 'trigger_verbsonset': 0.81, 'trigger_1_F0': 0.91203755787037, 'trigger_suffix': 1.140584317129629, 'trigger_2_F0': 1.2139708912037, 'ID_item': 101, 'ID_senonset': 20, 'ID_verbonset': 21, 'ID_1_F0': 22, 'ID_suffix': 23, 'ID_2_F0': 24, 'ms_senonset': 0, 'ms_verbonset': 0.61, 'ms_1_F0': 0.71203755787037, 'ms_suffix': 0.940584317129629, 'ms_2_F0': 1.0139708912037, 'file_name': '39b_manchar.wav', 'item_id': 39, 'cond': 'b', 'thisN': 35, 'thisTrialN': 35, 'thisRepN': 0}>
2658.5694 	EXP 	Sound test_sound reached end of file
2658.5714 	EXP 	Sound test_sound started
2658.5714 	DATA 	Keypress: left
2658.5813 	EXP 	polygon_2: autoDraw = False
2658.5813 	EXP 	text_3: autoDraw = False
2658.5813 	EXP 	polygon_2: autoDraw = True
2660.8052 	EXP 	Sound test_sound reached end of file
2660.8214 	EXP 	Sound test_sound reached end of file
2661.3120 	EXP 	New trial (rep=0, index=36): <Trial 36 (36 in rep 0) data={'sounds': 'sounds/38b_pagar.wav', 'syll': 'CVC', 'stress_unstress': 'Unstressed', 'suffix': 'Mismatch', 'present_past': 'present', 'corrAns': 'num_1', 'trigger_item': 0.0, 'trigger_senonset': 0.2, 'trigger_verbsonset': 1.166737304687499, 'trigger_1_F0': 1.185271158854166, 'trigger_suffix': 1.29521061197916, 'trigger_2_F0': 1.4055712890624898, 'ID_item': 101, 'ID_senonset': 20, 'ID_verbonset': 21, 'ID_1_F0': 22, 'ID_suffix': 23, 'ID_2_F0': 24, 'ms_senonset': 0, 'ms_verbonset': 0.966737304687499, 'ms_1_F0': 0.985271158854166, 'ms_suffix': 1.09521061197916, 'ms_2_F0': 1.20557128906249, 'file_name': '38b_pagar.wav', 'item_id': 38, 'cond': 'b', 'thisN': 36, 'thisTrialN': 36, 'thisRepN': 0}>
2661.3203 	EXP 	Sound test_sound reached end of file
2661.3213 	EXP 	Sound test_sound started
2661.3233 	DATA 	Keypress: left
2661.3309 	EXP 	polygon_2: autoDraw = False
2661.3309 	EXP 	text_3: autoDraw = False
2661.3309 	EXP 	polygon_2: autoDraw = True
2663.5550 	EXP 	Sound test_sound reached end of file
2663.5715 	EXP 	Sound test_sound reached end of file
2664.1287 	EXP 	New trial (rep=0, index=37): <Trial 37 (37 in rep 0) data={'sounds': 'sounds/31d_tocar.wav', 'syll': 'CVC', 'stress_unstress': 'Stressed', 'suffix': 'Mismatch', 'present_past': 'past', 'corrAns': 'num_2', 'trigger_item': 0.0, 'trigger_senonset': 0.2, 'trigger_verbsonset': 0.8493931756807, 'trigger_1_F0': 0.8650112062639721, 'trigger_suffix': 1.006860547391531, 'trigger_2_F0': 1.049162047334928, 'ID_item': 101, 'ID_senonset': 40, 'ID_verbonset': 41, 'ID_1_F0': 42, 'ID_suffix': 43, 'ID_2_F0': 44, 'ms_senonset': 0, 'ms_verbonset': 0.6493931756807, 'ms_1_F0': 0.665011206263972, 'ms_suffix': 0.806860547391531, 'ms_2_F0': 0.849162047334928, 'file_name': '31d_tocar.wav', 'item_id': 31, 'cond': 'd', 'thisN': 37, 'thisTrialN': 37, 'thisRepN': 0}>
2664.1363 	EXP 	Sound test_sound reached end of file
2664.1381 	EXP 	Sound test_sound started
2664.1388 	DATA 	Keypress: left
2664.1489 	EXP 	polygon_2: autoDraw = False
2664.1489 	EXP 	text_3: autoDraw = False
2664.1489 	EXP 	polygon_2: autoDraw = True
2666.0247 	EXP 	Sound test_sound reached end of file
2666.0382 	EXP 	Sound test_sound reached end of file
2666.2618 	EXP 	New trial (rep=0, index=38): <Trial 38 (38 in rep 0) data={'sounds': 'sounds/24d_mirar.wav', 'syll': 'CVC', 'stress_unstress': 'Stressed', 'suffix': 'Mismatch', 'present_past': 'past', 'corrAns': 'num_2', 'trigger_item': 0.0, 'trigger_senonset': 0.2, 'trigger_verbsonset': 0.71, 'trigger_1_F0': 0.8119545789930551, 'trigger_suffix': 0.9389863642939812, 'trigger_2_F0': 0.9746780743634248, 'ID_item': 101, 'ID_senonset': 40, 'ID_verbonset': 41, 'ID_1_F0': 42, 'ID_suffix': 43, 'ID_2_F0': 44, 'ms_senonset': 0, 'ms_verbonset': 0.51, 'ms_1_F0': 0.611954578993055, 'ms_suffix': 0.738986364293981, 'ms_2_F0': 0.774678074363425, 'file_name': '24d_mirar.wav', 'item_id': 24, 'cond': 'd', 'thisN': 38, 'thisTrialN': 38, 'thisRepN': 0}>
2666.2690 	EXP 	Sound test_sound reached end of file
2666.2711 	EXP 	Sound test_sound started
2666.2733 	DATA 	Keypress: right
2666.2815 	EXP 	polygon_2: autoDraw = False
2666.2815 	EXP 	text_3: autoDraw = False
2666.2815 	EXP 	polygon_2: autoDraw = True
2667.9551 	EXP 	Sound test_sound reached end of file
2667.9718 	EXP 	Sound test_sound reached end of file
2668.6603 	EXP 	New trial (rep=0, index=39): <Trial 39 (39 in rep 0) data={'sounds': 'sounds/04c_plantar.wav', 'syll': 'CVC', 'stress_unstress': 'Unstressed', 'suffix': 'Match', 'present_past': 'past', 'corrAns': 'num_2', 'trigger_item': 0.0, 'trigger_senonset': 0.2, 'trigger_verbsonset': 0.862877574458911, 'trigger_1_F0': 0.9343518689653568, 'trigger_suffix': 1.20493812332404, 'trigger_2_F0': 1.21897569287037, 'ID_item': 101, 'ID_senonset': 30, 'ID_verbonset': 31, 'ID_1_F0': 32, 'ID_suffix': 33, 'ID_2_F0': 34, 'ms_senonset': 0, 'ms_verbonset': 0.662877574458911, 'ms_1_F0': 0.734351868965357, 'ms_suffix': 1.00493812332404, 'ms_2_F0': 1.01897569287037, 'file_name': '04c_plantar.wav', 'item_id': 4, 'cond': 'c', 'thisN': 39, 'thisTrialN': 39, 'thisRepN': 0}>
2668.6657 	EXP 	Sound test_sound reached end of file
2668.6715 	EXP 	Sound test_sound started
2668.6698 	DATA 	Keypress: right
2668.6755 	EXP 	polygon_2: autoDraw = False
2668.6755 	EXP 	text_3: autoDraw = False
2668.6755 	EXP 	polygon_2: autoDraw = True
2670.6992 	EXP 	Sound test_sound reached end of file
2670.7063 	EXP 	Sound test_sound reached end of file
2671.1335 	DATA 	Keypress: right
2671.1380 	EXP 	polygon_2: autoDraw = False
2671.1380 	EXP 	text_3: autoDraw = False
2671.1380 	EXP 	text_2: autoDraw = True
2731.9406 	DATA 	Keypress: space
2731.9434 	EXP 	text_2: autoDraw = False
2731.9437 	EXP 	LangExperimentstress: status = STOPPED
