7.7888 	WARNING 	User requested fullscreen with size [1536  864], but screen is actually [1920, 1080]. Using actual size
7.9983 	EXP 	Created window1 = Window(allowGUI=False, allowStencil=False, autoLog=True, backendConf=UNKNOWN, backgroundFit=<method-wrapper '__getattribute__' of attributeSetter object at 0x000001C4DB2EBF70>, backgroundImage=<method-wrapper '__getattribute__' of attributeSetter object at 0x000001C4DB2EBF10>, bitsMode=UNKNOWN, blendMode='avg', bpc=(8, 8, 8), color=array([0, 0, 0]), colorSpace='rgb', depthBits=8, fullscr=True, gamma=None, gammaErrorPolicy='raise', infoMsg=UNKNOWN, lms=UNKNOWN, monitor=<psychopy.monitors.calibTools.Monitor object at 0x000001C4E35D0EB0>, multiSample=False, name='window1', numSamples=2, pos=[0.0, 0.0], screen=0, size=array([1920, 1080]), stencilBits=0, stereo=False, title='PsychoPy', units='height', useFBO=True, useRetina=False, viewOri=0.0, viewPos=None, viewScale=None, waitBlanking=True, winType='pyglet')
7.9983 	EXP 	window1: backgroundImage = ''
7.9983 	EXP 	window1: backgroundFit = 'none'
8.0458 	EXP 	window1: Attempting to measure frame rate of screen (0) ...
8.0458 	EXP 	window1: recordFrameIntervals = False
8.2106 	EXP 	window1: recordFrameIntervals = True
8.3939 	EXP 	Screen (0) actual frame rate measured at 60.01Hz
8.3940 	EXP 	window1: recordFrameIntervals = False
10.8252 	EXP 	LangExperimentstress: status = STARTED
10.9200 	EXP 	Created instr = TextStim(__class__=<class 'psychopy.visual.text.TextStim'>, alignHoriz=method-wrapper(...), alignText='center', alignVert=method-wrapper(...), anchorHoriz='center', anchorVert='center', antialias=True, autoDraw=False, autoLog=True, bold=False, color=array([1., 1., 1.]), colorSpace='rgb', contrast=1.0, depth=0.0, draggable=False, flipHoriz=False, flipVert=False, font='Arial', fontFiles=[], height=0.08, italic=False, languageStyle='LTR', name='instr', opacity=1, ori=0, pos=array([0., 0.]), rgb=UNKNOWN, text=str(...), units='height', win=Window(...), wrapWidth=1)
11.6520 	EXP 	Sound test_sound_2 set volume 1.000
11.6560 	EXP 	Created polygon = ShapeStim(__class__=<class 'psychopy.visual.shape.ShapeStim'>, anchor=('center', 'center'), autoDraw=False, autoLog=True, closeShape=True, color=method-wrapper(...), colorSpace='rgb', contrast=None, depth=-2.0, draggable=False, fillColor=array([-1, -1, -1]), fillColorSpace='rgb', fillRGB=array([-1, -1, -1]), interpolate=True, lineColor=array([-1., -1., -1.]), lineColorSpace='rgb', lineRGB=array([-1, -1, -1]), lineWidth=1, name='polygon', opacity=1, ori=0.0, pos=array([0., 0.]), size=array([0.15, 0.15]), units='height', vertices=ndarray(...), win=Window(...), windingRule=None)
11.6676 	EXP 	Created text_3 = TextStim(__class__=<class 'psychopy.visual.text.TextStim'>, alignHoriz=method-wrapper(...), alignText='center', alignVert=method-wrapper(...), anchorHoriz='center', anchorVert='center', antialias=True, autoDraw=False, autoLog=True, bold=False, color=array([1., 1., 1.]), colorSpace='rgb', contrast=1.0, depth=0.0, draggable=False, flipHoriz=False, flipVert=False, font='Arial', fontFiles=[], height=0.1, italic=False, languageStyle='LTR', name='text_3', opacity=1, ori=0, pos=array([0., 0.]), rgb=UNKNOWN, text=str(...), units='height', win=Window(...), wrapWidth=1)
11.6735 	EXP 	Created instr = TextStim(__class__=<class 'psychopy.visual.text.TextStim'>, alignHoriz=method-wrapper(...), alignText='center', alignVert=method-wrapper(...), anchorHoriz='center', anchorVert='center', antialias=True, autoDraw=False, autoLog=True, bold=False, color=array([1., 1., 1.]), colorSpace='rgb', contrast=1.0, depth=0.0, draggable=False, flipHoriz=False, flipVert=False, font='Arial', fontFiles=[], height=0.08, italic=False, languageStyle='LTR', name='instr', opacity=1, ori=0, pos=array([0., 0.]), rgb=UNKNOWN, text=str(...), units='height', win=Window(...), wrapWidth=1)
11.8071 	EXP 	Sound test_sound set volume 1.000
11.8086 	EXP 	Created polygon_2 = ShapeStim(__class__=<class 'psychopy.visual.shape.ShapeStim'>, anchor=('center', 'center'), autoDraw=False, autoLog=True, closeShape=True, color=method-wrapper(...), colorSpace='rgb', contrast=None, depth=-2.0, draggable=False, fillColor=array([-1, -1, -1]), fillColorSpace='rgb', fillRGB=array([-1, -1, -1]), interpolate=True, lineColor=array([-1., -1., -1.]), lineColorSpace='rgb', lineRGB=array([-1, -1, -1]), lineWidth=1, name='polygon_2', opacity=1, ori=0.0, pos=array([0., 0.]), size=array([0.15, 0.15]), units='height', vertices=ndarray(...), win=Window(...), windingRule=None)
11.8119 	EXP 	Created text_3 = TextStim(__class__=<class 'psychopy.visual.text.TextStim'>, alignHoriz=method-wrapper(...), alignText='center', alignVert=method-wrapper(...), anchorHoriz='center', anchorVert='center', antialias=True, autoDraw=False, autoLog=True, bold=False, color=array([1., 1., 1.]), colorSpace='rgb', contrast=1.0, depth=0.0, draggable=False, flipHoriz=False, flipVert=False, font='Arial', fontFiles=[], height=0.1, italic=False, languageStyle='LTR', name='text_3', opacity=1, ori=0, pos=array([0., 0.]), rgb=UNKNOWN, text=str(...), units='height', win=Window(...), wrapWidth=1)
11.8191 	EXP 	Created text_2 = TextStim(__class__=<class 'psychopy.visual.text.TextStim'>, alignHoriz=method-wrapper(...), alignText='center', alignVert=method-wrapper(...), anchorHoriz='center', anchorVert='center', antialias=True, autoDraw=False, autoLog=True, bold=False, color=array([1., 1., 1.]), colorSpace='rgb', contrast=1.0, depth=0.0, draggable=False, flipHoriz=False, flipVert=False, font='Arial', fontFiles=[], height=0.1, italic=False, languageStyle='LTR', name='text_2', opacity=1, ori=0, pos=array([0., 0.]), rgb=UNKNOWN, text=str(...), units='height', win=Window(...), wrapWidth=1)
0.0081 	EXP 	instr: autoDraw = True
2970.1127 	DATA 	Keypress: space
2970.1473 	EXP 	Imported selected_practice.csv as conditions, 4 conditions, 27 params
2970.1478 	EXP 	New trial (rep=0, index=0): <Trial 0 (0 in rep 0) data={'sounds': 'sounds/p3c_saltar.wav', 'syll': 'CVC', 'stress_unstress': 'Unstressed', 'suffix': 'Match', 'present_past': 'past', 'corrAns': 'num_2', 'trigger_item': 0.0, 'trigger_senonset': 0.205513, 'trigger_verbsonset': 0.8629519999999999, 'trigger_1_F0': 0.984841, 'trigger_suffix': 1.219715, 'trigger_2_F0': 1.27, 'ID_item': 101, 'ID_senonset': 30, 'ID_verbonset': 31, 'ID_1_F0': 32, 'ID_suffix': 33, 'ID_2_F0': 34, 'ms_senonset': 0.005513, 'ms_verbonset': 0.662952, 'ms_1_F0': 0.784841, 'ms_suffix': 1.019715, 'ms_2_F0': 1.07, 'file_name': 'p3c_saltar.wav', 'sentence': 'p3', 'cond': 'c', 'combo': 'p3c', 'thisN': 0, 'thisTrialN': 0, 'thisRepN': 0}>
2970.1507 	EXP 	Sound test_sound_2 reached end of file
2970.1585 	EXP 	Sound test_sound_2 started
2970.1636 	EXP 	instr: autoDraw = False
2970.1636 	EXP 	polygon: autoDraw = True
2972.2211 	EXP 	Sound test_sound_2 reached end of file
2972.2268 	EXP 	Sound test_sound_2 reached end of file
2975.0164 	EXP 	New trial (rep=0, index=1): <Trial 1 (1 in rep 0) data={'sounds': 'sounds/p4d_cortar.wav', 'syll': 'CVC', 'stress_unstress': 'Stressed', 'suffix': 'Mismatch', 'present_past': 'past', 'corrAns': 'num_2', 'trigger_item': 0.0, 'trigger_senonset': 0.205513, 'trigger_verbsonset': 0.8629519999999999, 'trigger_1_F0': 0.984841, 'trigger_suffix': 1.219715, 'trigger_2_F0': 1.27, 'ID_item': 101, 'ID_senonset': 40, 'ID_verbonset': 41, 'ID_1_F0': 42, 'ID_suffix': 43, 'ID_2_F0': 44, 'ms_senonset': 0.005513, 'ms_verbonset': 0.662952, 'ms_1_F0': 0.784841, 'ms_suffix': 1.019715, 'ms_2_F0': 1.07, 'file_name': 'p4d_cortar.wav', 'sentence': 'p4', 'cond': 'd', 'combo': 'p4d', 'thisN': 1, 'thisTrialN': 1, 'thisRepN': 0}>
2975.0221 	EXP 	Sound test_sound_2 reached end of file
2975.0254 	EXP 	Sound test_sound_2 started
2975.0249 	DATA 	Keypress: left
2975.0340 	EXP 	polygon: autoDraw = False
2975.0340 	EXP 	text_3: autoDraw = False
2975.0340 	EXP 	polygon: autoDraw = True
2977.5226 	EXP 	Sound test_sound_2 reached end of file
2977.5287 	EXP 	Sound test_sound_2 reached end of file
2979.4147 	EXP 	New trial (rep=0, index=2): <Trial 2 (2 in rep 0) data={'sounds': 'sounds/p1a_saltar.wav', 'syll': 'CVC', 'stress_unstress': 'Stressed', 'suffix': 'Match', 'present_past': 'present', 'corrAns': 'num_1', 'trigger_item': 0.0, 'trigger_senonset': 0.205513, 'trigger_verbsonset': 0.8629519999999999, 'trigger_1_F0': 0.984841, 'trigger_suffix': 1.219715, 'trigger_2_F0': 1.27, 'ID_item': 101, 'ID_senonset': 10, 'ID_verbonset': 11, 'ID_1_F0': 12, 'ID_suffix': 13, 'ID_2_F0': 14, 'ms_senonset': 0.005513, 'ms_verbonset': 0.662952, 'ms_1_F0': 0.784841, 'ms_suffix': 1.019715, 'ms_2_F0': 1.07, 'file_name': 'p1a_saltar.wav', 'sentence': 'p1', 'cond': 'a', 'combo': 'p1a', 'thisN': 2, 'thisTrialN': 2, 'thisRepN': 0}>
2979.4194 	EXP 	Sound test_sound_2 reached end of file
2979.4252 	EXP 	Sound test_sound_2 started
2979.4216 	DATA 	Keypress: right
2979.4294 	EXP 	polygon: autoDraw = False
2979.4294 	EXP 	text_3: autoDraw = False
2979.4294 	EXP 	polygon: autoDraw = True
2981.6448 	EXP 	Sound test_sound_2 reached end of file
2981.6588 	EXP 	Sound test_sound_2 reached end of file
2987.3472 	EXP 	New trial (rep=0, index=3): <Trial 3 (3 in rep 0) data={'sounds': 'sounds/p2b_cortar.wav', 'syll': 'CVC', 'stress_unstress': 'Unstressed', 'suffix': 'Mismatch', 'present_past': 'present', 'corrAns': 'num_1', 'trigger_item': 0.0, 'trigger_senonset': 0.205513, 'trigger_verbsonset': 0.8629519999999999, 'trigger_1_F0': 0.984841, 'trigger_suffix': 1.219715, 'trigger_2_F0': 1.27, 'ID_item': 101, 'ID_senonset': 20, 'ID_verbonset': 21, 'ID_1_F0': 22, 'ID_suffix': 23, 'ID_2_F0': 24, 'ms_senonset': 0.005513, 'ms_verbonset': 0.662952, 'ms_1_F0': 0.784841, 'ms_suffix': 1.019715, 'ms_2_F0': 1.07, 'file_name': 'p2b_cortar.wav', 'sentence': 'p2', 'cond': 'b', 'combo': 'p2b', 'thisN': 3, 'thisTrialN': 3, 'thisRepN': 0}>
2987.3515 	EXP 	Sound test_sound_2 reached end of file
2987.3582 	EXP 	Sound test_sound_2 started
2987.3543 	DATA 	Keypress: right
2987.3619 	EXP 	polygon: autoDraw = False
2987.3619 	EXP 	text_3: autoDraw = False
2987.3619 	EXP 	polygon: autoDraw = True
2989.5985 	EXP 	Sound test_sound_2 reached end of file
2989.6103 	EXP 	Sound test_sound_2 reached end of file
2993.1116 	DATA 	Keypress: right
2993.1420 	EXP 	polygon: autoDraw = False
2993.1420 	EXP 	text_3: autoDraw = False
2993.1420 	EXP 	instr: autoDraw = True
3037.7157 	EXP 	Imported selected_trials.csv as conditions, 40 conditions, 26 params
3037.7165 	EXP 	New trial (rep=0, index=0): <Trial 0 (0 in rep 0) data={'sounds': 'sounds/01d_salvar.wav', 'syll': 'CVC', 'stress_unstress': 'Stressed', 'suffix': 'Mismatch', 'present_past': 'past', 'corrAns': 'num_2', 'trigger_item': 0.0, 'trigger_senonset': 0.2, 'trigger_verbsonset': 0.8500000000000001, 'trigger_1_F0': 0.996069502314814, 'trigger_suffix': 1.23, 'trigger_2_F0': 1.29, 'ID_item': 101, 'ID_senonset': 40, 'ID_verbonset': 41, 'ID_1_F0': 42, 'ID_suffix': 43, 'ID_2_F0': 44, 'ms_senonset': 0, 'ms_verbonset': 0.65, 'ms_1_F0': 0.796069502314814, 'ms_suffix': 1.03, 'ms_2_F0': 1.09, 'file_name': '01d_salvar.wav', 'item_id': 1, 'cond': 'd', 'thisN': 0, 'thisTrialN': 0, 'thisRepN': 0}>
3037.7197 	EXP 	Sound test_sound reached end of file
3037.7251 	EXP 	Sound test_sound started
3037.7221 	DATA 	Keypress: space
3037.7306 	EXP 	instr: autoDraw = False
3037.7306 	EXP 	polygon_2: autoDraw = True
3039.7646 	EXP 	Sound test_sound reached end of file
3039.7752 	EXP 	Sound test_sound reached end of file
3042.6494 	EXP 	New trial (rep=0, index=1): <Trial 1 (1 in rep 0) data={'sounds': 'sounds/17d_tragar.wav', 'syll': 'CVC', 'stress_unstress': 'Stressed', 'suffix': 'Mismatch', 'present_past': 'past', 'corrAns': 'num_2', 'trigger_item': 0.0, 'trigger_senonset': 0.2, 'trigger_verbsonset': 1.070609360532407, 'trigger_1_F0': 1.117973654513888, 'trigger_suffix': 1.30915316840277, 'trigger_2_F0': 1.35458539534397, 'ID_item': 101, 'ID_senonset': 40, 'ID_verbonset': 41, 'ID_1_F0': 42, 'ID_suffix': 43, 'ID_2_F0': 44, 'ms_senonset': 0, 'ms_verbonset': 0.870609360532407, 'ms_1_F0': 0.917973654513888, 'ms_suffix': 1.10915316840277, 'ms_2_F0': 1.15458539534397, 'file_name': '17d_tragar.wav', 'item_id': 17, 'cond': 'd', 'thisN': 1, 'thisTrialN': 1, 'thisRepN': 0}>
3042.6557 	EXP 	Sound test_sound reached end of file
3042.6589 	EXP 	Sound test_sound started
3042.6579 	DATA 	Keypress: left
3042.6684 	EXP 	polygon_2: autoDraw = False
3042.6684 	EXP 	text_3: autoDraw = False
3042.6684 	EXP 	polygon_2: autoDraw = True
3044.9491 	EXP 	Sound test_sound reached end of file
3044.9588 	EXP 	Sound test_sound reached end of file
3048.9130 	DATA 	Keypress: left
3048.9296 	EXP 	New trial (rep=0, index=2): <Trial 2 (2 in rep 0) data={'sounds': 'sounds/26a_bajar.wav', 'syll': 'CVC', 'stress_unstress': 'Stressed', 'suffix': 'Match', 'present_past': 'present', 'corrAns': 'num_1', 'trigger_item': 0.0, 'trigger_senonset': 0.2, 'trigger_verbsonset': 0.77, 'trigger_1_F0': 0.8999999999999999, 'trigger_suffix': 1.03, 'trigger_2_F0': 1.171181705729166, 'ID_item': 101, 'ID_senonset': 10, 'ID_verbonset': 11, 'ID_1_F0': 12, 'ID_suffix': 13, 'ID_2_F0': 14, 'ms_senonset': 0, 'ms_verbonset': 0.57, 'ms_1_F0': 0.7, 'ms_suffix': 0.83, 'ms_2_F0': 0.971181705729166, 'file_name': '26a_bajar.wav', 'item_id': 26, 'cond': 'a', 'thisN': 2, 'thisTrialN': 2, 'thisRepN': 0}>
3048.9335 	EXP 	Sound test_sound reached end of file
3048.9418 	EXP 	Sound test_sound started
3048.9440 	EXP 	polygon_2: autoDraw = False
3048.9440 	EXP 	text_3: autoDraw = False
3048.9440 	EXP 	polygon_2: autoDraw = True
3050.9860 	EXP 	Sound test_sound reached end of file
3050.9935 	EXP 	Sound test_sound reached end of file
3053.2650 	EXP 	New trial (rep=0, index=3): <Trial 3 (3 in rep 0) data={'sounds': 'sounds/06d_soplar.wav', 'syll': 'CVC', 'stress_unstress': 'Stressed', 'suffix': 'Mismatch', 'present_past': 'past', 'corrAns': 'num_2', 'trigger_item': 0.0, 'trigger_senonset': 0.2, 'trigger_verbsonset': 0.761291666666666, 'trigger_1_F0': 0.8899999999999999, 'trigger_suffix': 1.102139687590422, 'trigger_2_F0': 1.166665581687644, 'ID_item': 101, 'ID_senonset': 40, 'ID_verbonset': 41, 'ID_1_F0': 42, 'ID_suffix': 43, 'ID_2_F0': 44, 'ms_senonset': 0, 'ms_verbonset': 0.561291666666666, 'ms_1_F0': 0.69, 'ms_suffix': 0.902139687590422, 'ms_2_F0': 0.966665581687644, 'file_name': '06d_soplar.wav', 'item_id': 6, 'cond': 'd', 'thisN': 3, 'thisTrialN': 3, 'thisRepN': 0}>
3053.2692 	EXP 	Sound test_sound reached end of file
3053.2750 	EXP 	Sound test_sound started
3053.2708 	DATA 	Keypress: left
3053.2795 	EXP 	polygon_2: autoDraw = False
3053.2795 	EXP 	text_3: autoDraw = False
3053.2795 	EXP 	polygon_2: autoDraw = True
3055.1385 	EXP 	Sound test_sound reached end of file
3055.1446 	EXP 	Sound test_sound reached end of file
3056.4826 	EXP 	New trial (rep=0, index=4): <Trial 4 (4 in rep 0) data={'sounds': 'sounds/30a_fundar.wav', 'syll': 'CVC', 'stress_unstress': 'Stressed', 'suffix': 'Match', 'present_past': 'present', 'corrAns': 'num_1', 'trigger_item': 0.0, 'trigger_senonset': 0.2, 'trigger_verbsonset': 0.77, 'trigger_1_F0': 0.91, 'trigger_suffix': 1.112685546875, 'trigger_2_F0': 1.12, 'ID_item': 101, 'ID_senonset': 10, 'ID_verbonset': 11, 'ID_1_F0': 12, 'ID_suffix': 13, 'ID_2_F0': 14, 'ms_senonset': 0, 'ms_verbonset': 0.57, 'ms_1_F0': 0.71, 'ms_suffix': 0.912685546875, 'ms_2_F0': 0.92, 'file_name': '30a_fundar.wav', 'item_id': 30, 'cond': 'a', 'thisN': 4, 'thisTrialN': 4, 'thisRepN': 0}>
3056.4873 	EXP 	Sound test_sound reached end of file
3056.4921 	EXP 	Sound test_sound started
3056.4893 	DATA 	Keypress: right
3056.4973 	EXP 	polygon_2: autoDraw = False
3056.4973 	EXP 	text_3: autoDraw = False
3056.4973 	EXP 	polygon_2: autoDraw = True
3058.6265 	EXP 	Sound test_sound reached end of file
3058.6425 	EXP 	Sound test_sound reached end of file
3066.6494 	EXP 	New trial (rep=0, index=5): <Trial 5 (5 in rep 0) data={'sounds': 'sounds/36c_bordar.wav', 'syll': 'CVC', 'stress_unstress': 'Unstressed', 'suffix': 'Match', 'present_past': 'past', 'corrAns': 'num_2', 'trigger_item': 0.0, 'trigger_senonset': 0.2, 'trigger_verbsonset': 1.0, 'trigger_1_F0': 1.078468243634259, 'trigger_suffix': 1.3288624855324, 'trigger_2_F0': 1.3414992042824, 'ID_item': 101, 'ID_senonset': 30, 'ID_verbonset': 31, 'ID_1_F0': 32, 'ID_suffix': 33, 'ID_2_F0': 34, 'ms_senonset': 0, 'ms_verbonset': 0.8, 'ms_1_F0': 0.878468243634259, 'ms_suffix': 1.1288624855324, 'ms_2_F0': 1.1414992042824, 'file_name': '36c_bordar.wav', 'item_id': 36, 'cond': 'c', 'thisN': 5, 'thisTrialN': 5, 'thisRepN': 0}>
3066.6548 	EXP 	Sound test_sound reached end of file
3066.6587 	EXP 	Sound test_sound started
3066.6575 	DATA 	Keypress: right
3066.6670 	EXP 	polygon_2: autoDraw = False
3066.6670 	EXP 	text_3: autoDraw = False
3066.6670 	EXP 	polygon_2: autoDraw = True
3068.9161 	EXP 	Sound test_sound reached end of file
3068.9256 	EXP 	Sound test_sound reached end of file
3070.1656 	EXP 	New trial (rep=0, index=6): <Trial 6 (6 in rep 0) data={'sounds': 'sounds/21a_mezclar.wav', 'syll': 'CVC', 'stress_unstress': 'Stressed', 'suffix': 'Match', 'present_past': 'present', 'corrAns': 'num_1', 'trigger_item': 0.0, 'trigger_senonset': 0.2, 'trigger_verbsonset': 0.78, 'trigger_1_F0': 0.9121902777777772, 'trigger_suffix': 1.20214212962962, 'trigger_2_F0': 1.27, 'ID_item': 101, 'ID_senonset': 10, 'ID_verbonset': 11, 'ID_1_F0': 12, 'ID_suffix': 13, 'ID_2_F0': 14, 'ms_senonset': 0, 'ms_verbonset': 0.58, 'ms_1_F0': 0.712190277777777, 'ms_suffix': 1.00214212962962, 'ms_2_F0': 1.07, 'file_name': '21a_mezclar.wav', 'item_id': 21, 'cond': 'a', 'thisN': 6, 'thisTrialN': 6, 'thisRepN': 0}>
3070.1706 	EXP 	Sound test_sound reached end of file
3070.1752 	EXP 	Sound test_sound started
3070.1729 	DATA 	Keypress: right
3070.1813 	EXP 	polygon_2: autoDraw = False
3070.1813 	EXP 	text_3: autoDraw = False
3070.1813 	EXP 	polygon_2: autoDraw = True
3072.1788 	EXP 	Sound test_sound reached end of file
3072.1918 	EXP 	Sound test_sound reached end of file
3073.2480 	EXP 	New trial (rep=0, index=7): <Trial 7 (7 in rep 0) data={'sounds': 'sounds/07c_tumbar.wav', 'syll': 'CVC', 'stress_unstress': 'Unstressed', 'suffix': 'Match', 'present_past': 'past', 'corrAns': 'num_2', 'trigger_item': 0.0, 'trigger_senonset': 0.2, 'trigger_verbsonset': 0.9084024930273432, 'trigger_1_F0': 0.9247360728973012, 'trigger_suffix': 1.143289673625005, 'trigger_2_F0': 1.154847989033482, 'ID_item': 101, 'ID_senonset': 30, 'ID_verbonset': 31, 'ID_1_F0': 32, 'ID_suffix': 33, 'ID_2_F0': 34, 'ms_senonset': 0, 'ms_verbonset': 0.708402493027343, 'ms_1_F0': 0.724736072897301, 'ms_suffix': 0.943289673625005, 'ms_2_F0': 0.954847989033482, 'file_name': '07c_tumbar.wav', 'item_id': 7, 'cond': 'c', 'thisN': 7, 'thisTrialN': 7, 'thisRepN': 0}>
3073.2499 	EXP 	Sound test_sound reached end of file
3073.2597 	EXP 	Sound test_sound started
3073.2516 	DATA 	Keypress: left
3073.2604 	EXP 	polygon_2: autoDraw = False
3073.2604 	EXP 	text_3: autoDraw = False
3073.2604 	EXP 	polygon_2: autoDraw = True
3075.1857 	EXP 	Sound test_sound reached end of file
3075.1931 	EXP 	Sound test_sound reached end of file
3076.2322 	EXP 	New trial (rep=0, index=8): <Trial 8 (8 in rep 0) data={'sounds': 'sounds/37b_pasar.wav', 'syll': 'CVC', 'stress_unstress': 'Unstressed', 'suffix': 'Mismatch', 'present_past': 'present', 'corrAns': 'num_1', 'trigger_item': 0.0, 'trigger_senonset': 0.2, 'trigger_verbsonset': 1.033132486979166, 'trigger_1_F0': 1.052087565104166, 'trigger_suffix': 1.159499674479166, 'trigger_2_F0': 1.27702115885416, 'ID_item': 101, 'ID_senonset': 20, 'ID_verbonset': 21, 'ID_1_F0': 22, 'ID_suffix': 23, 'ID_2_F0': 24, 'ms_senonset': 0, 'ms_verbonset': 0.833132486979166, 'ms_1_F0': 0.852087565104166, 'ms_suffix': 0.959499674479166, 'ms_2_F0': 1.07702115885416, 'file_name': '37b_pasar.wav', 'item_id': 37, 'cond': 'b', 'thisN': 8, 'thisTrialN': 8, 'thisRepN': 0}>
3076.2370 	EXP 	Sound test_sound reached end of file
3076.2418 	EXP 	Sound test_sound started
3076.2384 	DATA 	Keypress: right
3076.2469 	EXP 	polygon_2: autoDraw = False
3076.2469 	EXP 	text_3: autoDraw = False
3076.2469 	EXP 	polygon_2: autoDraw = True
3078.3376 	EXP 	Sound test_sound reached end of file
3078.3432 	EXP 	Sound test_sound reached end of file
3081.7651 	EXP 	New trial (rep=0, index=9): <Trial 9 (9 in rep 0) data={'sounds': 'sounds/22d_dejar.wav', 'syll': 'CVC', 'stress_unstress': 'Stressed', 'suffix': 'Mismatch', 'present_past': 'past', 'corrAns': 'num_2', 'trigger_item': 0.0, 'trigger_senonset': 0.2, 'trigger_verbsonset': 0.8500000000000001, 'trigger_1_F0': 1.02, 'trigger_suffix': 1.152543366608796, 'trigger_2_F0': 1.28794346788194, 'ID_item': 101, 'ID_senonset': 40, 'ID_verbonset': 41, 'ID_1_F0': 42, 'ID_suffix': 43, 'ID_2_F0': 44, 'ms_senonset': 0, 'ms_verbonset': 0.65, 'ms_1_F0': 0.82, 'ms_suffix': 0.952543366608796, 'ms_2_F0': 1.08794346788194, 'file_name': '22d_dejar.wav', 'item_id': 22, 'cond': 'd', 'thisN': 9, 'thisTrialN': 9, 'thisRepN': 0}>
3081.7700 	EXP 	Sound test_sound reached end of file
3081.7752 	EXP 	Sound test_sound started
3081.7726 	DATA 	Keypress: left
3081.7811 	EXP 	polygon_2: autoDraw = False
3081.7811 	EXP 	text_3: autoDraw = False
3081.7811 	EXP 	polygon_2: autoDraw = True
3083.7950 	EXP 	Sound test_sound reached end of file
3083.8083 	EXP 	Sound test_sound reached end of file
3085.2199 	DATA 	Keypress: right
3085.2252 	EXP 	polygon_2: autoDraw = False
3085.2252 	EXP 	text_3: autoDraw = True
3087.5456 	DATA 	Keypress: space
3087.5613 	EXP 	New trial (rep=0, index=10): <Trial 10 (10 in rep 0) data={'sounds': 'sounds/32d_pulsar.wav', 'syll': 'CVC', 'stress_unstress': 'Stressed', 'suffix': 'Mismatch', 'present_past': 'past', 'corrAns': 'num_2', 'trigger_item': 0.0, 'trigger_senonset': 0.2, 'trigger_verbsonset': 0.796440212673611, 'trigger_1_F0': 0.8294641710069439, 'trigger_suffix': 0.99, 'trigger_2_F0': 1.097783832465277, 'ID_item': 101, 'ID_senonset': 40, 'ID_verbonset': 41, 'ID_1_F0': 42, 'ID_suffix': 43, 'ID_2_F0': 44, 'ms_senonset': 0, 'ms_verbonset': 0.596440212673611, 'ms_1_F0': 0.629464171006944, 'ms_suffix': 0.79, 'ms_2_F0': 0.897783832465277, 'file_name': '32d_pulsar.wav', 'item_id': 32, 'cond': 'd', 'thisN': 10, 'thisTrialN': 10, 'thisRepN': 0}>
3087.5655 	EXP 	Sound test_sound reached end of file
3087.5755 	EXP 	Sound test_sound started
3087.5775 	EXP 	text_3: autoDraw = False
3087.5775 	EXP 	polygon_2: autoDraw = True
3089.3724 	EXP 	Sound test_sound reached end of file
3089.3782 	EXP 	Sound test_sound reached end of file
3090.8482 	EXP 	New trial (rep=0, index=11): <Trial 11 (11 in rep 0) data={'sounds': 'sounds/03b_limpiar.wav', 'syll': 'CVC', 'stress_unstress': 'Unstressed', 'suffix': 'Mismatch', 'present_past': 'present', 'corrAns': 'num_1', 'trigger_item': 0.0, 'trigger_senonset': 0.2, 'trigger_verbsonset': 0.8500000000000001, 'trigger_1_F0': 0.932367621527777, 'trigger_suffix': 1.26878515625, 'trigger_2_F0': 1.35808463541666, 'ID_item': 101, 'ID_senonset': 20, 'ID_verbonset': 21, 'ID_1_F0': 22, 'ID_suffix': 23, 'ID_2_F0': 24, 'ms_senonset': 0, 'ms_verbonset': 0.65, 'ms_1_F0': 0.732367621527777, 'ms_suffix': 1.06878515625, 'ms_2_F0': 1.15808463541666, 'file_name': '03b_limpiar.wav', 'item_id': 3, 'cond': 'b', 'thisN': 11, 'thisTrialN': 11, 'thisRepN': 0}>
3090.8533 	EXP 	Sound test_sound reached end of file
3090.8585 	EXP 	Sound test_sound started
3090.8552 	DATA 	Keypress: right
3090.8651 	EXP 	polygon_2: autoDraw = False
3090.8651 	EXP 	text_3: autoDraw = False
3090.8651 	EXP 	polygon_2: autoDraw = True
3092.9793 	EXP 	Sound test_sound reached end of file
3092.9923 	EXP 	Sound test_sound reached end of file
3094.3822 	EXP 	New trial (rep=0, index=12): <Trial 12 (12 in rep 0) data={'sounds': 'sounds/18b_cumplir.wav', 'syll': 'CVC', 'stress_unstress': 'Unstressed', 'suffix': 'Mismatch', 'present_past': 'present', 'corrAns': 'num_1', 'trigger_item': 0.0, 'trigger_senonset': 0.2, 'trigger_verbsonset': 1.2408027271412, 'trigger_1_F0': 1.25568597366898, 'trigger_suffix': 1.46256310040509, 'trigger_2_F0': 1.54144430700231, 'ID_item': 101, 'ID_senonset': 20, 'ID_verbonset': 21, 'ID_1_F0': 22, 'ID_suffix': 23, 'ID_2_F0': 24, 'ms_senonset': 0, 'ms_verbonset': 1.0408027271412, 'ms_1_F0': 1.05568597366898, 'ms_suffix': 1.26256310040509, 'ms_2_F0': 1.34144430700231, 'file_name': '18b_cumplir.wav', 'item_id': 18, 'cond': 'b', 'thisN': 12, 'thisTrialN': 12, 'thisRepN': 0}>
3094.3874 	EXP 	Sound test_sound reached end of file
3094.3919 	EXP 	Sound test_sound started
3094.3890 	DATA 	Keypress: left
3094.3973 	EXP 	polygon_2: autoDraw = False
3094.3973 	EXP 	text_3: autoDraw = False
3094.3973 	EXP 	polygon_2: autoDraw = True
3096.5648 	EXP 	Sound test_sound reached end of file
3096.5755 	EXP 	Sound test_sound reached end of file
3098.4485 	EXP 	New trial (rep=0, index=13): <Trial 13 (13 in rep 0) data={'sounds': 'sounds/11a_pegar.wav', 'syll': 'CVC', 'stress_unstress': 'Stressed', 'suffix': 'Match', 'present_past': 'present', 'corrAns': 'num_1', 'trigger_item': 0.0, 'trigger_senonset': 0.2, 'trigger_verbsonset': 0.8182808977343741, 'trigger_1_F0': 0.831294515585661, 'trigger_suffix': 0.98, 'trigger_2_F0': 1.012063288108519, 'ID_item': 101, 'ID_senonset': 10, 'ID_verbonset': 11, 'ID_1_F0': 12, 'ID_suffix': 13, 'ID_2_F0': 14, 'ms_senonset': 0, 'ms_verbonset': 0.618280897734374, 'ms_1_F0': 0.631294515585661, 'ms_suffix': 0.78, 'ms_2_F0': 0.812063288108519, 'file_name': '11a_pegar.wav', 'item_id': 11, 'cond': 'a', 'thisN': 13, 'thisTrialN': 13, 'thisRepN': 0}>
3098.4535 	EXP 	Sound test_sound reached end of file
3098.4586 	EXP 	Sound test_sound started
3098.4567 	DATA 	Keypress: right
3098.4646 	EXP 	polygon_2: autoDraw = False
3098.4646 	EXP 	text_3: autoDraw = False
3098.4646 	EXP 	polygon_2: autoDraw = True
3100.3764 	EXP 	Sound test_sound reached end of file
3100.3921 	EXP 	Sound test_sound reached end of file
3103.2656 	EXP 	New trial (rep=0, index=14): <Trial 14 (14 in rep 0) data={'sounds': 'sounds/29a_pesar.wav', 'syll': 'CVC', 'stress_unstress': 'Stressed', 'suffix': 'Match', 'present_past': 'present', 'corrAns': 'num_1', 'trigger_item': 0.0, 'trigger_senonset': 0.2, 'trigger_verbsonset': 0.91328417532552, 'trigger_1_F0': 0.925531286730473, 'trigger_suffix': 1.03, 'trigger_2_F0': 1.150619522602117, 'ID_item': 101, 'ID_senonset': 10, 'ID_verbonset': 11, 'ID_1_F0': 12, 'ID_suffix': 13, 'ID_2_F0': 14, 'ms_senonset': 0, 'ms_verbonset': 0.71328417532552, 'ms_1_F0': 0.725531286730473, 'ms_suffix': 0.83, 'ms_2_F0': 0.950619522602117, 'file_name': '29a_pesar.wav', 'item_id': 29, 'cond': 'a', 'thisN': 14, 'thisTrialN': 14, 'thisRepN': 0}>
3103.2700 	EXP 	Sound test_sound reached end of file
3103.2756 	EXP 	Sound test_sound started
3103.2727 	DATA 	Keypress: left
3103.2798 	EXP 	polygon_2: autoDraw = False
3103.2798 	EXP 	text_3: autoDraw = False
3103.2798 	EXP 	polygon_2: autoDraw = True
3105.1710 	EXP 	Sound test_sound reached end of file
3105.1770 	EXP 	Sound test_sound reached end of file
3107.6493 	EXP 	New trial (rep=0, index=15): <Trial 15 (15 in rep 0) data={'sounds': 'sounds/39b_manchar.wav', 'syll': 'CVC', 'stress_unstress': 'Unstressed', 'suffix': 'Mismatch', 'present_past': 'present', 'corrAns': 'num_1', 'trigger_item': 0.0, 'trigger_senonset': 0.2, 'trigger_verbsonset': 0.81, 'trigger_1_F0': 0.91203755787037, 'trigger_suffix': 1.140584317129629, 'trigger_2_F0': 1.2139708912037, 'ID_item': 101, 'ID_senonset': 20, 'ID_verbonset': 21, 'ID_1_F0': 22, 'ID_suffix': 23, 'ID_2_F0': 24, 'ms_senonset': 0, 'ms_verbonset': 0.61, 'ms_1_F0': 0.71203755787037, 'ms_suffix': 0.940584317129629, 'ms_2_F0': 1.0139708912037, 'file_name': '39b_manchar.wav', 'item_id': 39, 'cond': 'b', 'thisN': 15, 'thisTrialN': 15, 'thisRepN': 0}>
3107.6550 	EXP 	Sound test_sound reached end of file
3107.6589 	EXP 	Sound test_sound started
3107.6578 	DATA 	Keypress: left
3107.6661 	EXP 	polygon_2: autoDraw = False
3107.6661 	EXP 	text_3: autoDraw = False
3107.6661 	EXP 	polygon_2: autoDraw = True
3109.8946 	EXP 	Sound test_sound reached end of file
3109.9094 	EXP 	Sound test_sound reached end of file
3113.4162 	EXP 	New trial (rep=0, index=16): <Trial 16 (16 in rep 0) data={'sounds': 'sounds/34c_formar.wav', 'syll': 'CVC', 'stress_unstress': 'Unstressed', 'suffix': 'Match', 'present_past': 'past', 'corrAns': 'num_2', 'trigger_item': 0.0, 'trigger_senonset': 0.2, 'trigger_verbsonset': 0.876373676215277, 'trigger_1_F0': 0.992687651909722, 'trigger_suffix': 1.14, 'trigger_2_F0': 1.26319767795138, 'ID_item': 101, 'ID_senonset': 30, 'ID_verbonset': 31, 'ID_1_F0': 32, 'ID_suffix': 33, 'ID_2_F0': 34, 'ms_senonset': 0, 'ms_verbonset': 0.676373676215277, 'ms_1_F0': 0.792687651909722, 'ms_suffix': 0.94, 'ms_2_F0': 1.06319767795138, 'file_name': '34c_formar.wav', 'item_id': 34, 'cond': 'c', 'thisN': 16, 'thisTrialN': 16, 'thisRepN': 0}>
3113.4210 	EXP 	Sound test_sound reached end of file
3113.4252 	EXP 	Sound test_sound started
3113.4240 	DATA 	Keypress: left
3113.4308 	EXP 	polygon_2: autoDraw = False
3113.4308 	EXP 	text_3: autoDraw = False
3113.4308 	EXP 	polygon_2: autoDraw = True
3115.6451 	EXP 	Sound test_sound reached end of file
3115.6586 	EXP 	Sound test_sound reached end of file
3116.4498 	EXP 	New trial (rep=0, index=17): <Trial 17 (17 in rep 0) data={'sounds': 'sounds/28d_parar.wav', 'syll': 'CVC', 'stress_unstress': 'Stressed', 'suffix': 'Mismatch', 'present_past': 'past', 'corrAns': 'num_2', 'trigger_item': 0.0, 'trigger_senonset': 0.2, 'trigger_verbsonset': 0.8458860026041659, 'trigger_1_F0': 0.862313736979166, 'trigger_suffix': 1.018194683159722, 'trigger_2_F0': 1.032797113715277, 'ID_item': 101, 'ID_senonset': 40, 'ID_verbonset': 41, 'ID_1_F0': 42, 'ID_suffix': 43, 'ID_2_F0': 44, 'ms_senonset': 0, 'ms_verbonset': 0.645886002604166, 'ms_1_F0': 0.662313736979166, 'ms_suffix': 0.818194683159722, 'ms_2_F0': 0.832797113715277, 'file_name': '28d_parar.wav', 'item_id': 28, 'cond': 'd', 'thisN': 17, 'thisTrialN': 17, 'thisRepN': 0}>
3116.4548 	EXP 	Sound test_sound reached end of file
3116.4591 	EXP 	Sound test_sound started
3116.4579 	DATA 	Keypress: right
3116.4651 	EXP 	polygon_2: autoDraw = False
3116.4651 	EXP 	text_3: autoDraw = False
3116.4651 	EXP 	polygon_2: autoDraw = True
3118.3656 	EXP 	Sound test_sound reached end of file
3118.3749 	EXP 	Sound test_sound reached end of file
3119.4824 	EXP 	New trial (rep=0, index=18): <Trial 18 (18 in rep 0) data={'sounds': 'sounds/05a_fumar.wav', 'syll': 'CVC', 'stress_unstress': 'Stressed', 'suffix': 'Match', 'present_past': 'present', 'corrAns': 'num_1', 'trigger_item': 0.0, 'trigger_senonset': 0.2, 'trigger_verbsonset': 1.15, 'trigger_1_F0': 1.36712555700231, 'trigger_suffix': 1.48, 'trigger_2_F0': 1.56308830295138, 'ID_item': 101, 'ID_senonset': 10, 'ID_verbonset': 11, 'ID_1_F0': 12, 'ID_suffix': 13, 'ID_2_F0': 14, 'ms_senonset': 0, 'ms_verbonset': 0.95, 'ms_1_F0': 1.16712555700231, 'ms_suffix': 1.28, 'ms_2_F0': 1.36308830295138, 'file_name': '05a_fumar.wav', 'item_id': 5, 'cond': 'a', 'thisN': 18, 'thisTrialN': 18, 'thisRepN': 0}>
3119.4873 	EXP 	Sound test_sound reached end of file
3119.4929 	EXP 	Sound test_sound started
3119.4885 	DATA 	Keypress: right
3119.4970 	EXP 	polygon_2: autoDraw = False
3119.4970 	EXP 	text_3: autoDraw = False
3119.4970 	EXP 	polygon_2: autoDraw = True
3121.8431 	EXP 	Sound test_sound reached end of file
3121.8483 	EXP 	Sound test_sound reached end of file
3122.2819 	EXP 	New trial (rep=0, index=19): <Trial 19 (19 in rep 0) data={'sounds': 'sounds/40c_gastar.wav', 'syll': 'CVC', 'stress_unstress': 'Unstressed', 'suffix': 'Match', 'present_past': 'past', 'corrAns': 'num_2', 'trigger_item': 0.0, 'trigger_senonset': 0.2, 'trigger_verbsonset': 0.8300000000000001, 'trigger_1_F0': 0.8400000000000001, 'trigger_suffix': 1.163436328125, 'trigger_2_F0': 1.183149609375, 'ID_item': 101, 'ID_senonset': 30, 'ID_verbonset': 31, 'ID_1_F0': 32, 'ID_suffix': 33, 'ID_2_F0': 34, 'ms_senonset': 0, 'ms_verbonset': 0.63, 'ms_1_F0': 0.64, 'ms_suffix': 0.963436328125, 'ms_2_F0': 0.983149609375, 'file_name': '40c_gastar.wav', 'item_id': 40, 'cond': 'c', 'thisN': 19, 'thisTrialN': 19, 'thisRepN': 0}>
3122.2870 	EXP 	Sound test_sound reached end of file
3122.2918 	EXP 	Sound test_sound started
3122.2904 	DATA 	Keypress: left
3122.2978 	EXP 	polygon_2: autoDraw = False
3122.2978 	EXP 	text_3: autoDraw = False
3122.2978 	EXP 	polygon_2: autoDraw = True
3124.3887 	EXP 	Sound test_sound reached end of file
3124.3946 	EXP 	Sound test_sound reached end of file
3128.4503 	DATA 	Keypress: right
3128.4583 	EXP 	polygon_2: autoDraw = False
3128.4583 	EXP 	text_3: autoDraw = True
3129.8946 	EXP 	New trial (rep=0, index=20): <Trial 20 (20 in rep 0) data={'sounds': 'sounds/14b_borrar.wav', 'syll': 'CVC', 'stress_unstress': 'Unstressed', 'suffix': 'Mismatch', 'present_past': 'present', 'corrAns': 'num_1', 'trigger_item': 0.0, 'trigger_senonset': 0.2, 'trigger_verbsonset': 0.72, 'trigger_1_F0': 0.770187630208333, 'trigger_suffix': 0.851961241319444, 'trigger_2_F0': 0.964399956597222, 'ID_item': 101, 'ID_senonset': 20, 'ID_verbonset': 21, 'ID_1_F0': 22, 'ID_suffix': 23, 'ID_2_F0': 24, 'ms_senonset': 0, 'ms_verbonset': 0.52, 'ms_1_F0': 0.570187630208333, 'ms_suffix': 0.651961241319444, 'ms_2_F0': 0.764399956597222, 'file_name': '14b_borrar.wav', 'item_id': 14, 'cond': 'b', 'thisN': 20, 'thisTrialN': 20, 'thisRepN': 0}>
3129.8992 	EXP 	Sound test_sound reached end of file
3129.9084 	EXP 	Sound test_sound started
3129.9018 	DATA 	Keypress: space
3129.9104 	EXP 	text_3: autoDraw = False
3129.9104 	EXP 	polygon_2: autoDraw = True
3131.8421 	EXP 	Sound test_sound reached end of file
3131.8590 	EXP 	Sound test_sound reached end of file
3133.8334 	EXP 	New trial (rep=0, index=21): <Trial 21 (21 in rep 0) data={'sounds': 'sounds/27c_tirar.wav', 'syll': 'CVC', 'stress_unstress': 'Unstressed', 'suffix': 'Match', 'present_past': 'past', 'corrAns': 'num_2', 'trigger_item': 0.0, 'trigger_senonset': 0.2, 'trigger_verbsonset': 0.8119442057291659, 'trigger_1_F0': 0.8307495153356481, 'trigger_suffix': 0.9885306495949072, 'trigger_2_F0': 0.998621303530092, 'ID_item': 101, 'ID_senonset': 30, 'ID_verbonset': 31, 'ID_1_F0': 32, 'ID_suffix': 33, 'ID_2_F0': 34, 'ms_senonset': 0, 'ms_verbonset': 0.611944205729166, 'ms_1_F0': 0.630749515335648, 'ms_suffix': 0.788530649594907, 'ms_2_F0': 0.798621303530092, 'file_name': '27c_tirar.wav', 'item_id': 27, 'cond': 'c', 'thisN': 21, 'thisTrialN': 21, 'thisRepN': 0}>
3133.8386 	EXP 	Sound test_sound reached end of file
3133.8426 	EXP 	Sound test_sound started
3133.8413 	DATA 	Keypress: left
3133.8491 	EXP 	polygon_2: autoDraw = False
3133.8491 	EXP 	text_3: autoDraw = False
3133.8491 	EXP 	polygon_2: autoDraw = True
3135.8255 	EXP 	Sound test_sound reached end of file
3135.8425 	EXP 	Sound test_sound reached end of file
3136.4154 	EXP 	New trial (rep=0, index=22): <Trial 22 (22 in rep 0) data={'sounds': 'sounds/10d_vender.wav', 'syll': 'CVC', 'stress_unstress': 'Stressed', 'suffix': 'Mismatch', 'present_past': 'past', 'corrAns': 'num_2', 'trigger_item': 0.0, 'trigger_senonset': 0.2, 'trigger_verbsonset': 0.832830209056713, 'trigger_1_F0': 0.8775468199411529, 'trigger_suffix': 1.109501330306288, 'trigger_2_F0': 1.158928471023364, 'ID_item': 101, 'ID_senonset': 40, 'ID_verbonset': 41, 'ID_1_F0': 42, 'ID_suffix': 43, 'ID_2_F0': 44, 'ms_senonset': 0, 'ms_verbonset': 0.632830209056713, 'ms_1_F0': 0.677546819941153, 'ms_suffix': 0.909501330306288, 'ms_2_F0': 0.958928471023364, 'file_name': '10d_vender.wav', 'item_id': 10, 'cond': 'd', 'thisN': 22, 'thisTrialN': 22, 'thisRepN': 0}>
3136.4205 	EXP 	Sound test_sound reached end of file
3136.4252 	EXP 	Sound test_sound started
3136.4220 	DATA 	Keypress: right
3136.4305 	EXP 	polygon_2: autoDraw = False
3136.4305 	EXP 	text_3: autoDraw = False
3136.4305 	EXP 	polygon_2: autoDraw = True
3138.3131 	EXP 	Sound test_sound reached end of file
3138.3254 	EXP 	Sound test_sound reached end of file
3140.0658 	EXP 	New trial (rep=0, index=23): <Trial 23 (23 in rep 0) data={'sounds': 'sounds/31d_tocar.wav', 'syll': 'CVC', 'stress_unstress': 'Stressed', 'suffix': 'Mismatch', 'present_past': 'past', 'corrAns': 'num_2', 'trigger_item': 0.0, 'trigger_senonset': 0.2, 'trigger_verbsonset': 0.8493931756807, 'trigger_1_F0': 0.8650112062639721, 'trigger_suffix': 1.006860547391531, 'trigger_2_F0': 1.049162047334928, 'ID_item': 101, 'ID_senonset': 40, 'ID_verbonset': 41, 'ID_1_F0': 42, 'ID_suffix': 43, 'ID_2_F0': 44, 'ms_senonset': 0, 'ms_verbonset': 0.6493931756807, 'ms_1_F0': 0.665011206263972, 'ms_suffix': 0.806860547391531, 'ms_2_F0': 0.849162047334928, 'file_name': '31d_tocar.wav', 'item_id': 31, 'cond': 'd', 'thisN': 23, 'thisTrialN': 23, 'thisRepN': 0}>
3140.0709 	EXP 	Sound test_sound reached end of file
3140.0750 	EXP 	Sound test_sound started
3140.0734 	DATA 	Keypress: right
3140.0822 	EXP 	polygon_2: autoDraw = False
3140.0822 	EXP 	text_3: autoDraw = False
3140.0822 	EXP 	polygon_2: autoDraw = True
3141.9592 	EXP 	Sound test_sound reached end of file
3141.9753 	EXP 	Sound test_sound reached end of file
3142.3628 	DATA 	Keypress: right
3142.3820 	EXP 	New trial (rep=0, index=24): <Trial 24 (24 in rep 0) data={'sounds': 'sounds/35b_secar.wav', 'syll': 'CVC', 'stress_unstress': 'Unstressed', 'suffix': 'Mismatch', 'present_past': 'present', 'corrAns': 'num_1', 'trigger_item': 0.0, 'trigger_senonset': 0.2, 'trigger_verbsonset': 0.8990044921875, 'trigger_1_F0': 1.025708658854166, 'trigger_suffix': 1.179689416956018, 'trigger_2_F0': 1.20652606336805, 'ID_item': 101, 'ID_senonset': 20, 'ID_verbonset': 21, 'ID_1_F0': 22, 'ID_suffix': 23, 'ID_2_F0': 24, 'ms_senonset': 0, 'ms_verbonset': 0.6990044921875, 'ms_1_F0': 0.825708658854166, 'ms_suffix': 0.979689416956018, 'ms_2_F0': 1.00652606336805, 'file_name': '35b_secar.wav', 'item_id': 35, 'cond': 'b', 'thisN': 24, 'thisTrialN': 24, 'thisRepN': 0}>
3142.3869 	EXP 	Sound test_sound reached end of file
3142.3920 	EXP 	Sound test_sound started
3142.3972 	EXP 	polygon_2: autoDraw = False
3142.3972 	EXP 	text_3: autoDraw = False
3142.3972 	EXP 	polygon_2: autoDraw = True
3144.5142 	EXP 	Sound test_sound reached end of file
3144.5256 	EXP 	Sound test_sound reached end of file
3146.3152 	EXP 	New trial (rep=0, index=25): <Trial 25 (25 in rep 0) data={'sounds': 'sounds/23a_tomar.wav', 'syll': 'CVC', 'stress_unstress': 'Stressed', 'suffix': 'Match', 'present_past': 'present', 'corrAns': 'num_1', 'trigger_item': 0.0, 'trigger_senonset': 0.2, 'trigger_verbsonset': 0.9453179615162032, 'trigger_1_F0': 0.95, 'trigger_suffix': 1.08, 'trigger_2_F0': 1.158644495081018, 'ID_item': 101, 'ID_senonset': 10, 'ID_verbonset': 11, 'ID_1_F0': 12, 'ID_suffix': 13, 'ID_2_F0': 14, 'ms_senonset': 0, 'ms_verbonset': 0.745317961516203, 'ms_1_F0': 0.75, 'ms_suffix': 0.88, 'ms_2_F0': 0.958644495081018, 'file_name': '23a_tomar.wav', 'item_id': 23, 'cond': 'a', 'thisN': 25, 'thisTrialN': 25, 'thisRepN': 0}>
3146.3200 	EXP 	Sound test_sound reached end of file
3146.3251 	EXP 	Sound test_sound started
3146.3224 	DATA 	Keypress: left
3146.3302 	EXP 	polygon_2: autoDraw = False
3146.3302 	EXP 	text_3: autoDraw = False
3146.3302 	EXP 	polygon_2: autoDraw = True
3148.2092 	EXP 	Sound test_sound reached end of file
3148.2256 	EXP 	Sound test_sound reached end of file
3149.0989 	EXP 	New trial (rep=0, index=26): <Trial 26 (26 in rep 0) data={'sounds': 'sounds/16a_llevar.wav', 'syll': 'CVC', 'stress_unstress': 'Stressed', 'suffix': 'Match', 'present_past': 'present', 'corrAns': 'num_1', 'trigger_item': 0.0, 'trigger_senonset': 0.2, 'trigger_verbsonset': 0.929084516317274, 'trigger_1_F0': 0.964936524692279, 'trigger_suffix': 1.08, 'trigger_2_F0': 1.131864014418682, 'ID_item': 101, 'ID_senonset': 10, 'ID_verbonset': 11, 'ID_1_F0': 12, 'ID_suffix': 13, 'ID_2_F0': 14, 'ms_senonset': 0, 'ms_verbonset': 0.729084516317274, 'ms_1_F0': 0.764936524692279, 'ms_suffix': 0.88, 'ms_2_F0': 0.931864014418682, 'file_name': '16a_llevar.wav', 'item_id': 16, 'cond': 'a', 'thisN': 26, 'thisTrialN': 26, 'thisRepN': 0}>
3149.1043 	EXP 	Sound test_sound reached end of file
3149.1088 	EXP 	Sound test_sound started
3149.1076 	DATA 	Keypress: left
3149.1150 	EXP 	polygon_2: autoDraw = False
3149.1150 	EXP 	text_3: autoDraw = False
3149.1150 	EXP 	polygon_2: autoDraw = True
3150.9906 	EXP 	Sound test_sound reached end of file
3150.9958 	EXP 	Sound test_sound reached end of file
3151.9494 	EXP 	New trial (rep=0, index=27): <Trial 27 (27 in rep 0) data={'sounds': 'sounds/33b_culpar.wav', 'syll': 'CVC', 'stress_unstress': 'Unstressed', 'suffix': 'Mismatch', 'present_past': 'present', 'corrAns': 'num_1', 'trigger_item': 0.0, 'trigger_senonset': 0.2, 'trigger_verbsonset': 0.8606178431336959, 'trigger_1_F0': 0.869103678029107, 'trigger_suffix': 1.109891641372144, 'trigger_2_F0': 1.131540467434179, 'ID_item': 101, 'ID_senonset': 20, 'ID_verbonset': 21, 'ID_1_F0': 22, 'ID_suffix': 23, 'ID_2_F0': 24, 'ms_senonset': 0, 'ms_verbonset': 0.660617843133696, 'ms_1_F0': 0.669103678029107, 'ms_suffix': 0.909891641372144, 'ms_2_F0': 0.931540467434179, 'file_name': '33b_culpar.wav', 'item_id': 33, 'cond': 'b', 'thisN': 27, 'thisTrialN': 27, 'thisRepN': 0}>
3151.9547 	EXP 	Sound test_sound reached end of file
3151.9585 	EXP 	Sound test_sound started
3151.9572 	DATA 	Keypress: left
3151.9662 	EXP 	polygon_2: autoDraw = False
3151.9662 	EXP 	text_3: autoDraw = False
3151.9662 	EXP 	polygon_2: autoDraw = True
3154.1177 	EXP 	Sound test_sound reached end of file
3154.1257 	EXP 	Sound test_sound reached end of file
3157.0488 	EXP 	New trial (rep=0, index=28): <Trial 28 (28 in rep 0) data={'sounds': 'sounds/13c_montar.wav', 'syll': 'CVC', 'stress_unstress': 'Unstressed', 'suffix': 'Match', 'present_past': 'past', 'corrAns': 'num_2', 'trigger_item': 0.0, 'trigger_senonset': 0.2, 'trigger_verbsonset': 0.8800000000000001, 'trigger_1_F0': 0.98, 'trigger_suffix': 1.24543012152777, 'trigger_2_F0': 1.2594709201388798, 'ID_item': 101, 'ID_senonset': 30, 'ID_verbonset': 31, 'ID_1_F0': 32, 'ID_suffix': 33, 'ID_2_F0': 34, 'ms_senonset': 0, 'ms_verbonset': 0.68, 'ms_1_F0': 0.78, 'ms_suffix': 1.04543012152777, 'ms_2_F0': 1.05947092013888, 'file_name': '13c_montar.wav', 'item_id': 13, 'cond': 'c', 'thisN': 28, 'thisTrialN': 28, 'thisRepN': 0}>
3157.0541 	EXP 	Sound test_sound reached end of file
3157.0589 	EXP 	Sound test_sound started
3157.0564 	DATA 	Keypress: right
3157.0642 	EXP 	polygon_2: autoDraw = False
3157.0642 	EXP 	text_3: autoDraw = False
3157.0642 	EXP 	polygon_2: autoDraw = True
3159.3460 	EXP 	Sound test_sound reached end of file
3159.3585 	EXP 	Sound test_sound reached end of file
3160.4831 	EXP 	New trial (rep=0, index=29): <Trial 29 (29 in rep 0) data={'sounds': 'sounds/19a_marcar.wav', 'syll': 'CVC', 'stress_unstress': 'Stressed', 'suffix': 'Match', 'present_past': 'present', 'corrAns': 'num_1', 'trigger_item': 0.0, 'trigger_senonset': 0.2, 'trigger_verbsonset': 0.8400000000000001, 'trigger_1_F0': 0.97, 'trigger_suffix': 1.245718359375, 'trigger_2_F0': 1.273519140625, 'ID_item': 101, 'ID_senonset': 10, 'ID_verbonset': 11, 'ID_1_F0': 12, 'ID_suffix': 13, 'ID_2_F0': 14, 'ms_senonset': 0, 'ms_verbonset': 0.64, 'ms_1_F0': 0.77, 'ms_suffix': 1.045718359375, 'ms_2_F0': 1.073519140625, 'file_name': '19a_marcar.wav', 'item_id': 19, 'cond': 'a', 'thisN': 29, 'thisTrialN': 29, 'thisRepN': 0}>
3160.4876 	EXP 	Sound test_sound reached end of file
3160.4928 	EXP 	Sound test_sound started
3160.4906 	DATA 	Keypress: right
3160.4980 	EXP 	polygon_2: autoDraw = False
3160.4980 	EXP 	text_3: autoDraw = False
3160.4980 	EXP 	polygon_2: autoDraw = True
3162.3757 	EXP 	Sound test_sound reached end of file
3162.3927 	EXP 	Sound test_sound reached end of file
3163.3507 	DATA 	Keypress: left
3163.3581 	EXP 	polygon_2: autoDraw = False
3163.3581 	EXP 	text_3: autoDraw = True
3164.3784 	EXP 	New trial (rep=0, index=30): <Trial 30 (30 in rep 0) data={'sounds': 'sounds/24d_mirar.wav', 'syll': 'CVC', 'stress_unstress': 'Stressed', 'suffix': 'Mismatch', 'present_past': 'past', 'corrAns': 'num_2', 'trigger_item': 0.0, 'trigger_senonset': 0.2, 'trigger_verbsonset': 0.71, 'trigger_1_F0': 0.8119545789930551, 'trigger_suffix': 0.9389863642939812, 'trigger_2_F0': 0.9746780743634248, 'ID_item': 101, 'ID_senonset': 40, 'ID_verbonset': 41, 'ID_1_F0': 42, 'ID_suffix': 43, 'ID_2_F0': 44, 'ms_senonset': 0, 'ms_verbonset': 0.51, 'ms_1_F0': 0.611954578993055, 'ms_suffix': 0.738986364293981, 'ms_2_F0': 0.774678074363425, 'file_name': '24d_mirar.wav', 'item_id': 24, 'cond': 'd', 'thisN': 30, 'thisTrialN': 30, 'thisRepN': 0}>
3164.3833 	EXP 	Sound test_sound reached end of file
3164.3920 	EXP 	Sound test_sound started
3164.3855 	DATA 	Keypress: space
3164.3946 	EXP 	text_3: autoDraw = False
3164.3946 	EXP 	polygon_2: autoDraw = True
3166.0659 	EXP 	Sound test_sound reached end of file
3166.0751 	EXP 	Sound test_sound reached end of file
3167.0988 	EXP 	New trial (rep=0, index=31): <Trial 31 (31 in rep 0) data={'sounds': 'sounds/02c_buscar.wav', 'syll': 'CVC', 'stress_unstress': 'Unstressed', 'suffix': 'Match', 'present_past': 'past', 'corrAns': 'num_2', 'trigger_item': 0.0, 'trigger_senonset': 0.2, 'trigger_verbsonset': 0.8700000000000001, 'trigger_1_F0': 1.07, 'trigger_suffix': 1.26, 'trigger_2_F0': 1.40703946035879, 'ID_item': 101, 'ID_senonset': 30, 'ID_verbonset': 31, 'ID_1_F0': 32, 'ID_suffix': 33, 'ID_2_F0': 34, 'ms_senonset': 0, 'ms_verbonset': 0.67, 'ms_1_F0': 0.87, 'ms_suffix': 1.06, 'ms_2_F0': 1.20703946035879, 'file_name': '02c_buscar.wav', 'item_id': 2, 'cond': 'c', 'thisN': 31, 'thisTrialN': 31, 'thisRepN': 0}>
3167.1040 	EXP 	Sound test_sound reached end of file
3167.1085 	EXP 	Sound test_sound started
3167.1055 	DATA 	Keypress: right
3167.1153 	EXP 	polygon_2: autoDraw = False
3167.1153 	EXP 	text_3: autoDraw = False
3167.1153 	EXP 	polygon_2: autoDraw = True
3169.2168 	EXP 	Sound test_sound reached end of file
3169.2252 	EXP 	Sound test_sound reached end of file
3169.6956 	DATA 	Keypress: right
3169.7154 	EXP 	New trial (rep=0, index=32): <Trial 32 (32 in rep 0) data={'sounds': 'sounds/09c_cargar.wav', 'syll': 'CVC', 'stress_unstress': 'Unstressed', 'suffix': 'Match', 'present_past': 'past', 'corrAns': 'num_2', 'trigger_item': 0.0, 'trigger_senonset': 0.2, 'trigger_verbsonset': 0.81286744068287, 'trigger_1_F0': 0.8382251229745361, 'trigger_suffix': 1.032634020543981, 'trigger_2_F0': 1.090594437210648, 'ID_item': 101, 'ID_senonset': 30, 'ID_verbonset': 31, 'ID_1_F0': 32, 'ID_suffix': 33, 'ID_2_F0': 34, 'ms_senonset': 0, 'ms_verbonset': 0.61286744068287, 'ms_1_F0': 0.638225122974536, 'ms_suffix': 0.832634020543981, 'ms_2_F0': 0.890594437210648, 'file_name': '09c_cargar.wav', 'item_id': 9, 'cond': 'c', 'thisN': 32, 'thisTrialN': 32, 'thisRepN': 0}>
3169.7198 	EXP 	Sound test_sound reached end of file
3169.7251 	EXP 	Sound test_sound started
3169.7297 	EXP 	polygon_2: autoDraw = False
3169.7297 	EXP 	text_3: autoDraw = False
3169.7297 	EXP 	polygon_2: autoDraw = True
3171.6431 	EXP 	Sound test_sound reached end of file
3171.6483 	EXP 	Sound test_sound reached end of file
3172.0493 	EXP 	New trial (rep=0, index=33): <Trial 33 (33 in rep 0) data={'sounds': 'sounds/25b_ganar.wav', 'syll': 'CVC', 'stress_unstress': 'Unstressed', 'suffix': 'Mismatch', 'present_past': 'present', 'corrAns': 'num_1', 'trigger_item': 0.0, 'trigger_senonset': 0.2, 'trigger_verbsonset': 1.152097938368055, 'trigger_1_F0': 1.15990068760488, 'trigger_suffix': 1.28904165650454, 'trigger_2_F0': 1.37272500435153, 'ID_item': 101, 'ID_senonset': 20, 'ID_verbonset': 21, 'ID_1_F0': 22, 'ID_suffix': 23, 'ID_2_F0': 24, 'ms_senonset': 0, 'ms_verbonset': 0.952097938368055, 'ms_1_F0': 0.95990068760488, 'ms_suffix': 1.08904165650454, 'ms_2_F0': 1.17272500435153, 'file_name': '25b_ganar.wav', 'item_id': 25, 'cond': 'b', 'thisN': 33, 'thisTrialN': 33, 'thisRepN': 0}>
3172.0553 	EXP 	Sound test_sound reached end of file
3172.0586 	EXP 	Sound test_sound started
3172.0595 	DATA 	Keypress: left
3172.0659 	EXP 	polygon_2: autoDraw = False
3172.0659 	EXP 	text_3: autoDraw = False
3172.0659 	EXP 	polygon_2: autoDraw = True
3174.3870 	EXP 	Sound test_sound reached end of file
3174.3930 	EXP 	Sound test_sound reached end of file
3176.0496 	EXP 	New trial (rep=0, index=34): <Trial 34 (34 in rep 0) data={'sounds': 'sounds/20c_cubrir.wav', 'syll': 'CVC', 'stress_unstress': 'Unstressed', 'suffix': 'Match', 'present_past': 'past', 'corrAns': 'num_2', 'trigger_item': 0.0, 'trigger_senonset': 0.2, 'trigger_verbsonset': 0.980138641742621, 'trigger_1_F0': 1.01, 'trigger_suffix': 1.192436112212021, 'trigger_2_F0': 1.28412143493692, 'ID_item': 101, 'ID_senonset': 30, 'ID_verbonset': 31, 'ID_1_F0': 32, 'ID_suffix': 33, 'ID_2_F0': 34, 'ms_senonset': 0, 'ms_verbonset': 0.780138641742621, 'ms_1_F0': 0.81, 'ms_suffix': 0.992436112212021, 'ms_2_F0': 1.08412143493692, 'file_name': '20c_cubrir.wav', 'item_id': 20, 'cond': 'c', 'thisN': 34, 'thisTrialN': 34, 'thisRepN': 0}>
3176.0545 	EXP 	Sound test_sound reached end of file
3176.0592 	EXP 	Sound test_sound started
3176.0574 	DATA 	Keypress: left
3176.0647 	EXP 	polygon_2: autoDraw = False
3176.0647 	EXP 	text_3: autoDraw = False
3176.0647 	EXP 	polygon_2: autoDraw = True
3178.1825 	EXP 	Sound test_sound reached end of file
3178.1921 	EXP 	Sound test_sound reached end of file
3179.4661 	EXP 	New trial (rep=0, index=35): <Trial 35 (35 in rep 0) data={'sounds': 'sounds/12a_matar.wav', 'syll': 'CVC', 'stress_unstress': 'Stressed', 'suffix': 'Match', 'present_past': 'present', 'corrAns': 'num_1', 'trigger_item': 0.0, 'trigger_senonset': 0.2, 'trigger_verbsonset': 0.8400000000000001, 'trigger_1_F0': 0.96, 'trigger_suffix': 1.17307472511574, 'trigger_2_F0': 1.186647497106481, 'ID_item': 101, 'ID_senonset': 10, 'ID_verbonset': 11, 'ID_1_F0': 12, 'ID_suffix': 13, 'ID_2_F0': 14, 'ms_senonset': 0, 'ms_verbonset': 0.64, 'ms_1_F0': 0.76, 'ms_suffix': 0.97307472511574, 'ms_2_F0': 0.986647497106481, 'file_name': '12a_matar.wav', 'item_id': 12, 'cond': 'a', 'thisN': 35, 'thisTrialN': 35, 'thisRepN': 0}>
3179.4717 	EXP 	Sound test_sound reached end of file
3179.4753 	EXP 	Sound test_sound started
3179.4744 	DATA 	Keypress: right
3179.4828 	EXP 	polygon_2: autoDraw = False
3179.4828 	EXP 	text_3: autoDraw = False
3179.4828 	EXP 	polygon_2: autoDraw = True
3179.8241 	EXP 	Sound test_sound paused
3179.8290 	EXP 	New trial (rep=0, index=36): <Trial 36 (36 in rep 0) data={'sounds': 'sounds/15b_partir.wav', 'syll': 'CVC', 'stress_unstress': 'Unstressed', 'suffix': 'Mismatch', 'present_past': 'present', 'corrAns': 'num_1', 'trigger_item': 0.0, 'trigger_senonset': 0.2, 'trigger_verbsonset': 0.826865400752314, 'trigger_1_F0': 0.842973894883327, 'trigger_suffix': 1.1042888772729471, 'trigger_2_F0': 1.120815958498066, 'ID_item': 101, 'ID_senonset': 20, 'ID_verbonset': 21, 'ID_1_F0': 22, 'ID_suffix': 23, 'ID_2_F0': 24, 'ms_senonset': 0, 'ms_verbonset': 0.626865400752314, 'ms_1_F0': 0.642973894883327, 'ms_suffix': 0.904288877272947, 'ms_2_F0': 0.920815958498066, 'file_name': '15b_partir.wav', 'item_id': 15, 'cond': 'b', 'thisN': 36, 'thisTrialN': 36, 'thisRepN': 0}>
3179.8340 	EXP 	Sound test_sound reached end of file
3179.8419 	EXP 	Sound test_sound started
3179.8359 	DATA 	Keypress: right
3179.8453 	EXP 	polygon_2: autoDraw = False
3179.8453 	EXP 	text_3: autoDraw = False
3179.8453 	EXP 	polygon_2: autoDraw = True
3181.8911 	EXP 	Sound test_sound reached end of file
3181.8963 	EXP 	Sound test_sound reached end of file
3191.5480 	EXP 	New trial (rep=0, index=37): <Trial 37 (37 in rep 0) data={'sounds': 'sounds/38b_pagar.wav', 'syll': 'CVC', 'stress_unstress': 'Unstressed', 'suffix': 'Mismatch', 'present_past': 'present', 'corrAns': 'num_1', 'trigger_item': 0.0, 'trigger_senonset': 0.2, 'trigger_verbsonset': 1.166737304687499, 'trigger_1_F0': 1.185271158854166, 'trigger_suffix': 1.29521061197916, 'trigger_2_F0': 1.4055712890624898, 'ID_item': 101, 'ID_senonset': 20, 'ID_verbonset': 21, 'ID_1_F0': 22, 'ID_suffix': 23, 'ID_2_F0': 24, 'ms_senonset': 0, 'ms_verbonset': 0.966737304687499, 'ms_1_F0': 0.985271158854166, 'ms_suffix': 1.09521061197916, 'ms_2_F0': 1.20557128906249, 'file_name': '38b_pagar.wav', 'item_id': 38, 'cond': 'b', 'thisN': 37, 'thisTrialN': 37, 'thisRepN': 0}>
3191.5523 	EXP 	Sound test_sound reached end of file
3191.5585 	EXP 	Sound test_sound started
3191.5564 	DATA 	Keypress: left
3191.5626 	EXP 	polygon_2: autoDraw = False
3191.5626 	EXP 	text_3: autoDraw = False
3191.5626 	EXP 	polygon_2: autoDraw = True
3193.7849 	EXP 	Sound test_sound reached end of file
3193.7918 	EXP 	Sound test_sound reached end of file
3195.3488 	EXP 	New trial (rep=0, index=38): <Trial 38 (38 in rep 0) data={'sounds': 'sounds/08d_filtrar.wav', 'syll': 'CVC', 'stress_unstress': 'Stressed', 'suffix': 'Mismatch', 'present_past': 'past', 'corrAns': 'num_2', 'trigger_item': 0.0, 'trigger_senonset': 0.2, 'trigger_verbsonset': 0.7526856695589441, 'trigger_1_F0': 0.87808115762362, 'trigger_suffix': 1.118901843962886, 'trigger_2_F0': 1.172598812485867, 'ID_item': 101, 'ID_senonset': 40, 'ID_verbonset': 41, 'ID_1_F0': 42, 'ID_suffix': 43, 'ID_2_F0': 44, 'ms_senonset': 0, 'ms_verbonset': 0.552685669558944, 'ms_1_F0': 0.67808115762362, 'ms_suffix': 0.918901843962886, 'ms_2_F0': 0.972598812485867, 'file_name': '08d_filtrar.wav', 'item_id': 8, 'cond': 'd', 'thisN': 38, 'thisTrialN': 38, 'thisRepN': 0}>
3195.3537 	EXP 	Sound test_sound reached end of file
3195.3585 	EXP 	Sound test_sound started
3195.3560 	DATA 	Keypress: left
3195.3657 	EXP 	polygon_2: autoDraw = False
3195.3657 	EXP 	text_3: autoDraw = False
3195.3657 	EXP 	polygon_2: autoDraw = True
3197.1007 	EXP 	Sound test_sound reached end of file
3197.1092 	EXP 	Sound test_sound reached end of file
3198.6495 	EXP 	New trial (rep=0, index=39): <Trial 39 (39 in rep 0) data={'sounds': 'sounds/04c_plantar.wav', 'syll': 'CVC', 'stress_unstress': 'Unstressed', 'suffix': 'Match', 'present_past': 'past', 'corrAns': 'num_2', 'trigger_item': 0.0, 'trigger_senonset': 0.2, 'trigger_verbsonset': 0.862877574458911, 'trigger_1_F0': 0.9343518689653568, 'trigger_suffix': 1.20493812332404, 'trigger_2_F0': 1.21897569287037, 'ID_item': 101, 'ID_senonset': 30, 'ID_verbonset': 31, 'ID_1_F0': 32, 'ID_suffix': 33, 'ID_2_F0': 34, 'ms_senonset': 0, 'ms_verbonset': 0.662877574458911, 'ms_1_F0': 0.734351868965357, 'ms_suffix': 1.00493812332404, 'ms_2_F0': 1.01897569287037, 'file_name': '04c_plantar.wav', 'item_id': 4, 'cond': 'c', 'thisN': 39, 'thisTrialN': 39, 'thisRepN': 0}>
3198.6547 	EXP 	Sound test_sound reached end of file
3198.6590 	EXP 	Sound test_sound started
3198.6575 	DATA 	Keypress: right
3198.6653 	EXP 	polygon_2: autoDraw = False
3198.6653 	EXP 	text_3: autoDraw = False
3198.6653 	EXP 	polygon_2: autoDraw = True
3200.6915 	EXP 	Sound test_sound reached end of file
3200.6965 	EXP 	Sound test_sound reached end of file
3202.6870 	DATA 	Keypress: right
3202.6916 	EXP 	polygon_2: autoDraw = False
3202.6916 	EXP 	text_3: autoDraw = False
3202.6916 	EXP 	text_2: autoDraw = True
3207.5308 	DATA 	Keypress: space
3207.5338 	EXP 	text_2: autoDraw = False
3207.5341 	EXP 	LangExperimentstress: status = STOPPED
