12.2902 	WARNING 	User requested fullscreen with size [1536  864], but screen is actually [1920, 1080]. Using actual size
12.4988 	EXP 	Created window1 = Window(allowGUI=False, allowStencil=False, autoLog=True, backendConf=UNKNOWN, backgroundFit=<method-wrapper '__getattribute__' of attributeSetter object at 0x000002A3CA783F10>, backgroundImage=<method-wrapper '__getattribute__' of attributeSetter object at 0x000002A3CA783EB0>, bitsMode=UNKNOWN, blendMode='avg', bpc=(8, 8, 8), color=array([0, 0, 0]), colorSpace='rgb', depthBits=8, fullscr=True, gamma=None, gammaErrorPolicy='raise', infoMsg=UNKNOWN, lms=UNKNOWN, monitor=<psychopy.monitors.calibTools.Monitor object at 0x000002A3D2A60E50>, multiSample=False, name='window1', numSamples=2, pos=[0.0, 0.0], screen=0, size=array([1920, 1080]), stencilBits=0, stereo=False, title='PsychoPy', units='height', useFBO=True, useRetina=False, viewOri=0.0, viewPos=None, viewScale=None, waitBlanking=True, winType='pyglet')
12.4988 	EXP 	window1: backgroundImage = ''
12.4988 	EXP 	window1: backgroundFit = 'none'
12.5506 	EXP 	window1: Attempting to measure frame rate of screen (0) ...
12.5506 	EXP 	window1: recordFrameIntervals = False
12.7196 	EXP 	window1: recordFrameIntervals = True
12.9027 	EXP 	Screen (0) actual frame rate measured at 60.11Hz
12.9028 	EXP 	window1: recordFrameIntervals = False
15.5283 	EXP 	LangExperimentstress: status = STARTED
15.6155 	EXP 	Created instr = TextStim(__class__=<class 'psychopy.visual.text.TextStim'>, alignHoriz=method-wrapper(...), alignText='center', alignVert=method-wrapper(...), anchorHoriz='center', anchorVert='center', antialias=True, autoDraw=False, autoLog=True, bold=False, color=array([1., 1., 1.]), colorSpace='rgb', contrast=1.0, depth=0.0, draggable=False, flipHoriz=False, flipVert=False, font='Arial', fontFiles=[], height=0.08, italic=False, languageStyle='LTR', name='instr', opacity=1, ori=0, pos=array([0., 0.]), rgb=UNKNOWN, text=str(...), units='height', win=Window(...), wrapWidth=1)
16.2091 	EXP 	Sound test_sound_2 set volume 1.000
16.2128 	EXP 	Created polygon = ShapeStim(__class__=<class 'psychopy.visual.shape.ShapeStim'>, anchor=('center', 'center'), autoDraw=False, autoLog=True, closeShape=True, color=method-wrapper(...), colorSpace='rgb', contrast=None, depth=-2.0, draggable=False, fillColor=array([-1, -1, -1]), fillColorSpace='rgb', fillRGB=array([-1, -1, -1]), interpolate=True, lineColor=array([-1., -1., -1.]), lineColorSpace='rgb', lineRGB=array([-1, -1, -1]), lineWidth=1, name='polygon', opacity=1, ori=0.0, pos=array([0., 0.]), size=array([0.15, 0.15]), units='height', vertices=ndarray(...), win=Window(...), windingRule=None)
16.2258 	EXP 	Created text_3 = TextStim(__class__=<class 'psychopy.visual.text.TextStim'>, alignHoriz=method-wrapper(...), alignText='center', alignVert=method-wrapper(...), anchorHoriz='center', anchorVert='center', antialias=True, autoDraw=False, autoLog=True, bold=False, color=array([1., 1., 1.]), colorSpace='rgb', contrast=1.0, depth=0.0, draggable=False, flipHoriz=False, flipVert=False, font='Arial', fontFiles=[], height=0.1, italic=False, languageStyle='LTR', name='text_3', opacity=1, ori=0, pos=array([0., 0.]), rgb=UNKNOWN, text=str(...), units='height', win=Window(...), wrapWidth=1)
16.2314 	EXP 	Created instr = TextStim(__class__=<class 'psychopy.visual.text.TextStim'>, alignHoriz=method-wrapper(...), alignText='center', alignVert=method-wrapper(...), anchorHoriz='center', anchorVert='center', antialias=True, autoDraw=False, autoLog=True, bold=False, color=array([1., 1., 1.]), colorSpace='rgb', contrast=1.0, depth=0.0, draggable=False, flipHoriz=False, flipVert=False, font='Arial', fontFiles=[], height=0.08, italic=False, languageStyle='LTR', name='instr', opacity=1, ori=0, pos=array([0., 0.]), rgb=UNKNOWN, text=str(...), units='height', win=Window(...), wrapWidth=1)
16.3621 	EXP 	Sound test_sound set volume 1.000
16.3637 	EXP 	Created polygon_2 = ShapeStim(__class__=<class 'psychopy.visual.shape.ShapeStim'>, anchor=('center', 'center'), autoDraw=False, autoLog=True, closeShape=True, color=method-wrapper(...), colorSpace='rgb', contrast=None, depth=-2.0, draggable=False, fillColor=array([-1, -1, -1]), fillColorSpace='rgb', fillRGB=array([-1, -1, -1]), interpolate=True, lineColor=array([-1., -1., -1.]), lineColorSpace='rgb', lineRGB=array([-1, -1, -1]), lineWidth=1, name='polygon_2', opacity=1, ori=0.0, pos=array([0., 0.]), size=array([0.15, 0.15]), units='height', vertices=ndarray(...), win=Window(...), windingRule=None)
16.3675 	EXP 	Created text_3 = TextStim(__class__=<class 'psychopy.visual.text.TextStim'>, alignHoriz=method-wrapper(...), alignText='center', alignVert=method-wrapper(...), anchorHoriz='center', anchorVert='center', antialias=True, autoDraw=False, autoLog=True, bold=False, color=array([1., 1., 1.]), colorSpace='rgb', contrast=1.0, depth=0.0, draggable=False, flipHoriz=False, flipVert=False, font='Arial', fontFiles=[], height=0.1, italic=False, languageStyle='LTR', name='text_3', opacity=1, ori=0, pos=array([0., 0.]), rgb=UNKNOWN, text=str(...), units='height', win=Window(...), wrapWidth=1)
16.3763 	EXP 	Created text_2 = TextStim(__class__=<class 'psychopy.visual.text.TextStim'>, alignHoriz=method-wrapper(...), alignText='center', alignVert=method-wrapper(...), anchorHoriz='center', anchorVert='center', antialias=True, autoDraw=False, autoLog=True, bold=False, color=array([1., 1., 1.]), colorSpace='rgb', contrast=1.0, depth=0.0, draggable=False, flipHoriz=False, flipVert=False, font='Arial', fontFiles=[], height=0.1, italic=False, languageStyle='LTR', name='text_2', opacity=1, ori=0, pos=array([0., 0.]), rgb=UNKNOWN, text=str(...), units='height', win=Window(...), wrapWidth=1)
0.0087 	EXP 	instr: autoDraw = True
311.3001 	EXP 	Imported selected_practice.csv as conditions, 4 conditions, 27 params
311.3006 	EXP 	New trial (rep=0, index=0): <Trial 0 (0 in rep 0) data={'sounds': 'sounds/p2b_cortar.wav', 'syll': 'CVC', 'stress_unstress': 'Unstressed', 'suffix': 'Mismatch', 'present_past': 'present', 'corrAns': 'num_1', 'trigger_item': 0.0, 'trigger_senonset': 0.205513, 'trigger_verbsonset': 0.8629519999999999, 'trigger_1_F0': 0.984841, 'trigger_suffix': 1.219715, 'trigger_2_F0': 1.27, 'ID_item': 101, 'ID_senonset': 20, 'ID_verbonset': 21, 'ID_1_F0': 22, 'ID_suffix': 23, 'ID_2_F0': 24, 'ms_senonset': 0.005513, 'ms_verbonset': 0.662952, 'ms_1_F0': 0.784841, 'ms_suffix': 1.019715, 'ms_2_F0': 1.07, 'file_name': 'p2b_cortar.wav', 'sentence': 'p2', 'cond': 'b', 'combo': 'p2b', 'thisN': 0, 'thisTrialN': 0, 'thisRepN': 0}>
311.3042 	EXP 	Sound test_sound_2 reached end of file
311.3097 	EXP 	Sound test_sound_2 started
311.3069 	DATA 	Keypress: space
311.3144 	EXP 	instr: autoDraw = False
311.3144 	EXP 	polygon: autoDraw = True
313.5603 	EXP 	Sound test_sound_2 reached end of file
313.5762 	EXP 	Sound test_sound_2 reached end of file
315.7331 	EXP 	New trial (rep=0, index=1): <Trial 1 (1 in rep 0) data={'sounds': 'sounds/p3c_saltar.wav', 'syll': 'CVC', 'stress_unstress': 'Unstressed', 'suffix': 'Match', 'present_past': 'past', 'corrAns': 'num_2', 'trigger_item': 0.0, 'trigger_senonset': 0.205513, 'trigger_verbsonset': 0.8629519999999999, 'trigger_1_F0': 0.984841, 'trigger_suffix': 1.219715, 'trigger_2_F0': 1.27, 'ID_item': 101, 'ID_senonset': 30, 'ID_verbonset': 31, 'ID_1_F0': 32, 'ID_suffix': 33, 'ID_2_F0': 34, 'ms_senonset': 0.005513, 'ms_verbonset': 0.662952, 'ms_1_F0': 0.784841, 'ms_suffix': 1.019715, 'ms_2_F0': 1.07, 'file_name': 'p3c_saltar.wav', 'sentence': 'p3', 'cond': 'c', 'combo': 'p3c', 'thisN': 1, 'thisTrialN': 1, 'thisRepN': 0}>
315.7381 	EXP 	Sound test_sound_2 reached end of file
315.7427 	EXP 	Sound test_sound_2 started
315.7402 	DATA 	Keypress: left
315.7485 	EXP 	polygon: autoDraw = False
315.7485 	EXP 	text_3: autoDraw = False
315.7485 	EXP 	polygon: autoDraw = True
317.8105 	EXP 	Sound test_sound_2 reached end of file
317.8256 	EXP 	Sound test_sound_2 reached end of file
319.3503 	EXP 	New trial (rep=0, index=2): <Trial 2 (2 in rep 0) data={'sounds': 'sounds/p1a_saltar.wav', 'syll': 'CVC', 'stress_unstress': 'Stressed', 'suffix': 'Match', 'present_past': 'present', 'corrAns': 'num_1', 'trigger_item': 0.0, 'trigger_senonset': 0.205513, 'trigger_verbsonset': 0.8629519999999999, 'trigger_1_F0': 0.984841, 'trigger_suffix': 1.219715, 'trigger_2_F0': 1.27, 'ID_item': 101, 'ID_senonset': 10, 'ID_verbonset': 11, 'ID_1_F0': 12, 'ID_suffix': 13, 'ID_2_F0': 14, 'ms_senonset': 0.005513, 'ms_verbonset': 0.662952, 'ms_1_F0': 0.784841, 'ms_suffix': 1.019715, 'ms_2_F0': 1.07, 'file_name': 'p1a_saltar.wav', 'sentence': 'p1', 'cond': 'a', 'combo': 'p1a', 'thisN': 2, 'thisTrialN': 2, 'thisRepN': 0}>
319.3559 	EXP 	Sound test_sound_2 reached end of file
319.3595 	EXP 	Sound test_sound_2 started
319.3591 	DATA 	Keypress: right
319.3676 	EXP 	polygon: autoDraw = False
319.3676 	EXP 	text_3: autoDraw = False
319.3676 	EXP 	polygon: autoDraw = True
321.5850 	EXP 	Sound test_sound_2 reached end of file
321.5928 	EXP 	Sound test_sound_2 reached end of file
324.1793 	DATA 	Keypress: left
324.1994 	EXP 	New trial (rep=0, index=3): <Trial 3 (3 in rep 0) data={'sounds': 'sounds/p4d_cortar.wav', 'syll': 'CVC', 'stress_unstress': 'Stressed', 'suffix': 'Mismatch', 'present_past': 'past', 'corrAns': 'num_2', 'trigger_item': 0.0, 'trigger_senonset': 0.205513, 'trigger_verbsonset': 0.8629519999999999, 'trigger_1_F0': 0.984841, 'trigger_suffix': 1.219715, 'trigger_2_F0': 1.27, 'ID_item': 101, 'ID_senonset': 40, 'ID_verbonset': 41, 'ID_1_F0': 42, 'ID_suffix': 43, 'ID_2_F0': 44, 'ms_senonset': 0.005513, 'ms_verbonset': 0.662952, 'ms_1_F0': 0.784841, 'ms_suffix': 1.019715, 'ms_2_F0': 1.07, 'file_name': 'p4d_cortar.wav', 'sentence': 'p4', 'cond': 'd', 'combo': 'p4d', 'thisN': 3, 'thisTrialN': 3, 'thisRepN': 0}>
324.2054 	EXP 	Sound test_sound_2 reached end of file
324.2093 	EXP 	Sound test_sound_2 started
324.2159 	EXP 	polygon: autoDraw = False
324.2159 	EXP 	text_3: autoDraw = False
324.2159 	EXP 	polygon: autoDraw = True
326.7111 	EXP 	Sound test_sound_2 reached end of file
326.7262 	EXP 	Sound test_sound_2 reached end of file
327.4522 	DATA 	Keypress: right
327.4590 	EXP 	polygon: autoDraw = False
327.4590 	EXP 	text_3: autoDraw = False
327.4590 	EXP 	instr: autoDraw = True
378.0284 	EXP 	Imported selected_trials.csv as conditions, 40 conditions, 26 params
378.0291 	EXP 	New trial (rep=0, index=0): <Trial 0 (0 in rep 0) data={'sounds': 'sounds/07c_tumbar.wav', 'syll': 'CVC', 'stress_unstress': 'Unstressed', 'suffix': 'Match', 'present_past': 'past', 'corrAns': 'num_2', 'trigger_item': 0.0, 'trigger_senonset': 0.2, 'trigger_verbsonset': 0.9084024930273432, 'trigger_1_F0': 0.9247360728973012, 'trigger_suffix': 1.143289673625005, 'trigger_2_F0': 1.154847989033482, 'ID_item': 101, 'ID_senonset': 30, 'ID_verbonset': 31, 'ID_1_F0': 32, 'ID_suffix': 33, 'ID_2_F0': 34, 'ms_senonset': 0, 'ms_verbonset': 0.708402493027343, 'ms_1_F0': 0.724736072897301, 'ms_suffix': 0.943289673625005, 'ms_2_F0': 0.954847989033482, 'file_name': '07c_tumbar.wav', 'item_id': 7, 'cond': 'c', 'thisN': 0, 'thisTrialN': 0, 'thisRepN': 0}>
378.0315 	EXP 	Sound test_sound reached end of file
378.0425 	EXP 	Sound test_sound started
378.0335 	DATA 	Keypress: space
378.0424 	EXP 	instr: autoDraw = False
378.0424 	EXP 	polygon_2: autoDraw = True
379.9649 	EXP 	Sound test_sound reached end of file
379.9763 	EXP 	Sound test_sound reached end of file
380.4654 	EXP 	New trial (rep=0, index=1): <Trial 1 (1 in rep 0) data={'sounds': 'sounds/39b_manchar.wav', 'syll': 'CVC', 'stress_unstress': 'Unstressed', 'suffix': 'Mismatch', 'present_past': 'present', 'corrAns': 'num_1', 'trigger_item': 0.0, 'trigger_senonset': 0.2, 'trigger_verbsonset': 0.81, 'trigger_1_F0': 0.91203755787037, 'trigger_suffix': 1.140584317129629, 'trigger_2_F0': 1.2139708912037, 'ID_item': 101, 'ID_senonset': 20, 'ID_verbonset': 21, 'ID_1_F0': 22, 'ID_suffix': 23, 'ID_2_F0': 24, 'ms_senonset': 0, 'ms_verbonset': 0.61, 'ms_1_F0': 0.71203755787037, 'ms_suffix': 0.940584317129629, 'ms_2_F0': 1.0139708912037, 'file_name': '39b_manchar.wav', 'item_id': 39, 'cond': 'b', 'thisN': 1, 'thisTrialN': 1, 'thisRepN': 0}>
380.4703 	EXP 	Sound test_sound reached end of file
380.4760 	EXP 	Sound test_sound started
380.4722 	DATA 	Keypress: right
380.4818 	EXP 	polygon_2: autoDraw = False
380.4818 	EXP 	text_3: autoDraw = False
380.4818 	EXP 	polygon_2: autoDraw = True
382.7097 	EXP 	Sound test_sound reached end of file
382.7262 	EXP 	Sound test_sound reached end of file
383.5011 	EXP 	New trial (rep=0, index=2): <Trial 2 (2 in rep 0) data={'sounds': 'sounds/34c_formar.wav', 'syll': 'CVC', 'stress_unstress': 'Unstressed', 'suffix': 'Match', 'present_past': 'past', 'corrAns': 'num_2', 'trigger_item': 0.0, 'trigger_senonset': 0.2, 'trigger_verbsonset': 0.876373676215277, 'trigger_1_F0': 0.992687651909722, 'trigger_suffix': 1.14, 'trigger_2_F0': 1.26319767795138, 'ID_item': 101, 'ID_senonset': 30, 'ID_verbonset': 31, 'ID_1_F0': 32, 'ID_suffix': 33, 'ID_2_F0': 34, 'ms_senonset': 0, 'ms_verbonset': 0.676373676215277, 'ms_1_F0': 0.792687651909722, 'ms_suffix': 0.94, 'ms_2_F0': 1.06319767795138, 'file_name': '34c_formar.wav', 'item_id': 34, 'cond': 'c', 'thisN': 2, 'thisTrialN': 2, 'thisRepN': 0}>
383.5065 	EXP 	Sound test_sound reached end of file
383.5096 	EXP 	Sound test_sound started
383.5119 	DATA 	Keypress: left
383.5180 	EXP 	polygon_2: autoDraw = False
383.5180 	EXP 	text_3: autoDraw = False
383.5180 	EXP 	polygon_2: autoDraw = True
385.7371 	EXP 	Sound test_sound reached end of file
385.7443 	EXP 	Sound test_sound reached end of file
386.0509 	EXP 	New trial (rep=0, index=3): <Trial 3 (3 in rep 0) data={'sounds': 'sounds/33b_culpar.wav', 'syll': 'CVC', 'stress_unstress': 'Unstressed', 'suffix': 'Mismatch', 'present_past': 'present', 'corrAns': 'num_1', 'trigger_item': 0.0, 'trigger_senonset': 0.2, 'trigger_verbsonset': 0.8606178431336959, 'trigger_1_F0': 0.869103678029107, 'trigger_suffix': 1.109891641372144, 'trigger_2_F0': 1.131540467434179, 'ID_item': 101, 'ID_senonset': 20, 'ID_verbonset': 21, 'ID_1_F0': 22, 'ID_suffix': 23, 'ID_2_F0': 24, 'ms_senonset': 0, 'ms_verbonset': 0.660617843133696, 'ms_1_F0': 0.669103678029107, 'ms_suffix': 0.909891641372144, 'ms_2_F0': 0.931540467434179, 'file_name': '33b_culpar.wav', 'item_id': 33, 'cond': 'b', 'thisN': 3, 'thisTrialN': 3, 'thisRepN': 0}>
386.0566 	EXP 	Sound test_sound reached end of file
386.0595 	EXP 	Sound test_sound started
386.0590 	DATA 	Keypress: right
386.0677 	EXP 	polygon_2: autoDraw = False
386.0677 	EXP 	text_3: autoDraw = False
386.0677 	EXP 	polygon_2: autoDraw = True
388.2172 	EXP 	Sound test_sound reached end of file
388.2263 	EXP 	Sound test_sound reached end of file
388.5496 	EXP 	New trial (rep=0, index=4): <Trial 4 (4 in rep 0) data={'sounds': 'sounds/36c_bordar.wav', 'syll': 'CVC', 'stress_unstress': 'Unstressed', 'suffix': 'Match', 'present_past': 'past', 'corrAns': 'num_2', 'trigger_item': 0.0, 'trigger_senonset': 0.2, 'trigger_verbsonset': 1.0, 'trigger_1_F0': 1.078468243634259, 'trigger_suffix': 1.3288624855324, 'trigger_2_F0': 1.3414992042824, 'ID_item': 101, 'ID_senonset': 30, 'ID_verbonset': 31, 'ID_1_F0': 32, 'ID_suffix': 33, 'ID_2_F0': 34, 'ms_senonset': 0, 'ms_verbonset': 0.8, 'ms_1_F0': 0.878468243634259, 'ms_suffix': 1.1288624855324, 'ms_2_F0': 1.1414992042824, 'file_name': '36c_bordar.wav', 'item_id': 36, 'cond': 'c', 'thisN': 4, 'thisTrialN': 4, 'thisRepN': 0}>
388.5549 	EXP 	Sound test_sound reached end of file
388.5599 	EXP 	Sound test_sound started
388.5573 	DATA 	Keypress: left
388.5651 	EXP 	polygon_2: autoDraw = False
388.5651 	EXP 	text_3: autoDraw = False
388.5651 	EXP 	polygon_2: autoDraw = True
390.8154 	EXP 	Sound test_sound reached end of file
390.8261 	EXP 	Sound test_sound reached end of file
391.1831 	EXP 	New trial (rep=0, index=5): <Trial 5 (5 in rep 0) data={'sounds': 'sounds/30a_fundar.wav', 'syll': 'CVC', 'stress_unstress': 'Stressed', 'suffix': 'Match', 'present_past': 'present', 'corrAns': 'num_1', 'trigger_item': 0.0, 'trigger_senonset': 0.2, 'trigger_verbsonset': 0.77, 'trigger_1_F0': 0.91, 'trigger_suffix': 1.112685546875, 'trigger_2_F0': 1.12, 'ID_item': 101, 'ID_senonset': 10, 'ID_verbonset': 11, 'ID_1_F0': 12, 'ID_suffix': 13, 'ID_2_F0': 14, 'ms_senonset': 0, 'ms_verbonset': 0.57, 'ms_1_F0': 0.71, 'ms_suffix': 0.912685546875, 'ms_2_F0': 0.92, 'file_name': '30a_fundar.wav', 'item_id': 30, 'cond': 'a', 'thisN': 5, 'thisTrialN': 5, 'thisRepN': 0}>
391.1885 	EXP 	Sound test_sound reached end of file
391.1927 	EXP 	Sound test_sound started
391.1910 	DATA 	Keypress: right
391.1999 	EXP 	polygon_2: autoDraw = False
391.1999 	EXP 	text_3: autoDraw = False
391.1999 	EXP 	polygon_2: autoDraw = True
393.3271 	EXP 	Sound test_sound reached end of file
393.3430 	EXP 	Sound test_sound reached end of file
393.4828 	EXP 	New trial (rep=0, index=6): <Trial 6 (6 in rep 0) data={'sounds': 'sounds/23a_tomar.wav', 'syll': 'CVC', 'stress_unstress': 'Stressed', 'suffix': 'Match', 'present_past': 'present', 'corrAns': 'num_1', 'trigger_item': 0.0, 'trigger_senonset': 0.2, 'trigger_verbsonset': 0.9453179615162032, 'trigger_1_F0': 0.95, 'trigger_suffix': 1.08, 'trigger_2_F0': 1.158644495081018, 'ID_item': 101, 'ID_senonset': 10, 'ID_verbonset': 11, 'ID_1_F0': 12, 'ID_suffix': 13, 'ID_2_F0': 14, 'ms_senonset': 0, 'ms_verbonset': 0.745317961516203, 'ms_1_F0': 0.75, 'ms_suffix': 0.88, 'ms_2_F0': 0.958644495081018, 'file_name': '23a_tomar.wav', 'item_id': 23, 'cond': 'a', 'thisN': 6, 'thisTrialN': 6, 'thisRepN': 0}>
393.4878 	EXP 	Sound test_sound reached end of file
393.4924 	EXP 	Sound test_sound started
393.4903 	DATA 	Keypress: left
393.4992 	EXP 	polygon_2: autoDraw = False
393.4992 	EXP 	text_3: autoDraw = False
393.4992 	EXP 	polygon_2: autoDraw = True
395.3783 	EXP 	Sound test_sound reached end of file
395.3929 	EXP 	Sound test_sound reached end of file
396.1335 	EXP 	New trial (rep=0, index=7): <Trial 7 (7 in rep 0) data={'sounds': 'sounds/02c_buscar.wav', 'syll': 'CVC', 'stress_unstress': 'Unstressed', 'suffix': 'Match', 'present_past': 'past', 'corrAns': 'num_2', 'trigger_item': 0.0, 'trigger_senonset': 0.2, 'trigger_verbsonset': 0.8700000000000001, 'trigger_1_F0': 1.07, 'trigger_suffix': 1.26, 'trigger_2_F0': 1.40703946035879, 'ID_item': 101, 'ID_senonset': 30, 'ID_verbonset': 31, 'ID_1_F0': 32, 'ID_suffix': 33, 'ID_2_F0': 34, 'ms_senonset': 0, 'ms_verbonset': 0.67, 'ms_1_F0': 0.87, 'ms_suffix': 1.06, 'ms_2_F0': 1.20703946035879, 'file_name': '02c_buscar.wav', 'item_id': 2, 'cond': 'c', 'thisN': 7, 'thisTrialN': 7, 'thisRepN': 0}>
396.1388 	EXP 	Sound test_sound reached end of file
396.1428 	EXP 	Sound test_sound started
396.1419 	DATA 	Keypress: left
396.1494 	EXP 	polygon_2: autoDraw = False
396.1494 	EXP 	text_3: autoDraw = False
396.1494 	EXP 	polygon_2: autoDraw = True
398.2593 	EXP 	Sound test_sound reached end of file
398.2764 	EXP 	Sound test_sound reached end of file
398.6652 	EXP 	New trial (rep=0, index=8): <Trial 8 (8 in rep 0) data={'sounds': 'sounds/14b_borrar.wav', 'syll': 'CVC', 'stress_unstress': 'Unstressed', 'suffix': 'Mismatch', 'present_past': 'present', 'corrAns': 'num_1', 'trigger_item': 0.0, 'trigger_senonset': 0.2, 'trigger_verbsonset': 0.72, 'trigger_1_F0': 0.770187630208333, 'trigger_suffix': 0.851961241319444, 'trigger_2_F0': 0.964399956597222, 'ID_item': 101, 'ID_senonset': 20, 'ID_verbonset': 21, 'ID_1_F0': 22, 'ID_suffix': 23, 'ID_2_F0': 24, 'ms_senonset': 0, 'ms_verbonset': 0.52, 'ms_1_F0': 0.570187630208333, 'ms_suffix': 0.651961241319444, 'ms_2_F0': 0.764399956597222, 'file_name': '14b_borrar.wav', 'item_id': 14, 'cond': 'b', 'thisN': 8, 'thisTrialN': 8, 'thisRepN': 0}>
398.6690 	EXP 	Sound test_sound reached end of file
398.6762 	EXP 	Sound test_sound started
398.6709 	DATA 	Keypress: right
398.6786 	EXP 	polygon_2: autoDraw = False
398.6786 	EXP 	text_3: autoDraw = False
398.6786 	EXP 	polygon_2: autoDraw = True
400.6089 	EXP 	Sound test_sound reached end of file
400.6261 	EXP 	Sound test_sound reached end of file
401.3969 	DATA 	Keypress: left
401.4161 	EXP 	New trial (rep=0, index=9): <Trial 9 (9 in rep 0) data={'sounds': 'sounds/28d_parar.wav', 'syll': 'CVC', 'stress_unstress': 'Stressed', 'suffix': 'Mismatch', 'present_past': 'past', 'corrAns': 'num_2', 'trigger_item': 0.0, 'trigger_senonset': 0.2, 'trigger_verbsonset': 0.8458860026041659, 'trigger_1_F0': 0.862313736979166, 'trigger_suffix': 1.018194683159722, 'trigger_2_F0': 1.032797113715277, 'ID_item': 101, 'ID_senonset': 40, 'ID_verbonset': 41, 'ID_1_F0': 42, 'ID_suffix': 43, 'ID_2_F0': 44, 'ms_senonset': 0, 'ms_verbonset': 0.645886002604166, 'ms_1_F0': 0.662313736979166, 'ms_suffix': 0.818194683159722, 'ms_2_F0': 0.832797113715277, 'file_name': '28d_parar.wav', 'item_id': 28, 'cond': 'd', 'thisN': 9, 'thisTrialN': 9, 'thisRepN': 0}>
401.4210 	EXP 	Sound test_sound reached end of file
401.4258 	EXP 	Sound test_sound started
401.4323 	EXP 	polygon_2: autoDraw = False
401.4323 	EXP 	text_3: autoDraw = False
401.4323 	EXP 	polygon_2: autoDraw = True
403.3226 	EXP 	Sound test_sound reached end of file
403.3285 	EXP 	Sound test_sound reached end of file
403.5682 	DATA 	Keypress: right
403.5755 	EXP 	polygon_2: autoDraw = False
403.5755 	EXP 	text_3: autoDraw = True
412.0791 	EXP 	New trial (rep=0, index=10): <Trial 10 (10 in rep 0) data={'sounds': 'sounds/18b_cumplir.wav', 'syll': 'CVC', 'stress_unstress': 'Unstressed', 'suffix': 'Mismatch', 'present_past': 'present', 'corrAns': 'num_1', 'trigger_item': 0.0, 'trigger_senonset': 0.2, 'trigger_verbsonset': 1.2408027271412, 'trigger_1_F0': 1.25568597366898, 'trigger_suffix': 1.46256310040509, 'trigger_2_F0': 1.54144430700231, 'ID_item': 101, 'ID_senonset': 20, 'ID_verbonset': 21, 'ID_1_F0': 22, 'ID_suffix': 23, 'ID_2_F0': 24, 'ms_senonset': 0, 'ms_verbonset': 1.0408027271412, 'ms_1_F0': 1.05568597366898, 'ms_suffix': 1.26256310040509, 'ms_2_F0': 1.34144430700231, 'file_name': '18b_cumplir.wav', 'item_id': 18, 'cond': 'b', 'thisN': 10, 'thisTrialN': 10, 'thisRepN': 0}>
412.0846 	EXP 	Sound test_sound reached end of file
412.0929 	EXP 	Sound test_sound started
412.0875 	DATA 	Keypress: space
412.0947 	EXP 	text_3: autoDraw = False
412.0947 	EXP 	polygon_2: autoDraw = True
414.2519 	EXP 	Sound test_sound reached end of file
414.2595 	EXP 	Sound test_sound reached end of file
415.0299 	EXP 	New trial (rep=0, index=11): <Trial 11 (11 in rep 0) data={'sounds': 'sounds/37b_pasar.wav', 'syll': 'CVC', 'stress_unstress': 'Unstressed', 'suffix': 'Mismatch', 'present_past': 'present', 'corrAns': 'num_1', 'trigger_item': 0.0, 'trigger_senonset': 0.2, 'trigger_verbsonset': 1.033132486979166, 'trigger_1_F0': 1.052087565104166, 'trigger_suffix': 1.159499674479166, 'trigger_2_F0': 1.27702115885416, 'ID_item': 101, 'ID_senonset': 20, 'ID_verbonset': 21, 'ID_1_F0': 22, 'ID_suffix': 23, 'ID_2_F0': 24, 'ms_senonset': 0, 'ms_verbonset': 0.833132486979166, 'ms_1_F0': 0.852087565104166, 'ms_suffix': 0.959499674479166, 'ms_2_F0': 1.07702115885416, 'file_name': '37b_pasar.wav', 'item_id': 37, 'cond': 'b', 'thisN': 11, 'thisTrialN': 11, 'thisRepN': 0}>
415.0330 	EXP 	Sound test_sound reached end of file
415.0418 	EXP 	Sound test_sound started
415.0348 	DATA 	Keypress: right
415.0438 	EXP 	polygon_2: autoDraw = False
415.0438 	EXP 	text_3: autoDraw = False
415.0438 	EXP 	polygon_2: autoDraw = True
417.1268 	EXP 	Sound test_sound reached end of file
417.1430 	EXP 	Sound test_sound reached end of file
417.9662 	EXP 	New trial (rep=0, index=12): <Trial 12 (12 in rep 0) data={'sounds': 'sounds/13c_montar.wav', 'syll': 'CVC', 'stress_unstress': 'Unstressed', 'suffix': 'Match', 'present_past': 'past', 'corrAns': 'num_2', 'trigger_item': 0.0, 'trigger_senonset': 0.2, 'trigger_verbsonset': 0.8800000000000001, 'trigger_1_F0': 0.98, 'trigger_suffix': 1.24543012152777, 'trigger_2_F0': 1.2594709201388798, 'ID_item': 101, 'ID_senonset': 30, 'ID_verbonset': 31, 'ID_1_F0': 32, 'ID_suffix': 33, 'ID_2_F0': 34, 'ms_senonset': 0, 'ms_verbonset': 0.68, 'ms_1_F0': 0.78, 'ms_suffix': 1.04543012152777, 'ms_2_F0': 1.05947092013888, 'file_name': '13c_montar.wav', 'item_id': 13, 'cond': 'c', 'thisN': 12, 'thisTrialN': 12, 'thisRepN': 0}>
417.9707 	EXP 	Sound test_sound reached end of file
417.9763 	EXP 	Sound test_sound started
417.9726 	DATA 	Keypress: left
417.9820 	EXP 	polygon_2: autoDraw = False
417.9820 	EXP 	text_3: autoDraw = False
417.9820 	EXP 	polygon_2: autoDraw = True
420.2533 	EXP 	Sound test_sound reached end of file
420.2607 	EXP 	Sound test_sound reached end of file
420.3662 	EXP 	New trial (rep=0, index=13): <Trial 13 (13 in rep 0) data={'sounds': 'sounds/25b_ganar.wav', 'syll': 'CVC', 'stress_unstress': 'Unstressed', 'suffix': 'Mismatch', 'present_past': 'present', 'corrAns': 'num_1', 'trigger_item': 0.0, 'trigger_senonset': 0.2, 'trigger_verbsonset': 1.152097938368055, 'trigger_1_F0': 1.15990068760488, 'trigger_suffix': 1.28904165650454, 'trigger_2_F0': 1.37272500435153, 'ID_item': 101, 'ID_senonset': 20, 'ID_verbonset': 21, 'ID_1_F0': 22, 'ID_suffix': 23, 'ID_2_F0': 24, 'ms_senonset': 0, 'ms_verbonset': 0.952097938368055, 'ms_1_F0': 0.95990068760488, 'ms_suffix': 1.08904165650454, 'ms_2_F0': 1.17272500435153, 'file_name': '25b_ganar.wav', 'item_id': 25, 'cond': 'b', 'thisN': 13, 'thisTrialN': 13, 'thisRepN': 0}>
420.3724 	EXP 	Sound test_sound reached end of file
420.3761 	EXP 	Sound test_sound started
420.3752 	DATA 	Keypress: right
420.3842 	EXP 	polygon_2: autoDraw = False
420.3842 	EXP 	text_3: autoDraw = False
420.3842 	EXP 	polygon_2: autoDraw = True
422.6965 	EXP 	Sound test_sound reached end of file
422.7094 	EXP 	Sound test_sound reached end of file
423.0127 	DATA 	Keypress: left
423.0331 	EXP 	New trial (rep=0, index=14): <Trial 14 (14 in rep 0) data={'sounds': 'sounds/03b_limpiar.wav', 'syll': 'CVC', 'stress_unstress': 'Unstressed', 'suffix': 'Mismatch', 'present_past': 'present', 'corrAns': 'num_1', 'trigger_item': 0.0, 'trigger_senonset': 0.2, 'trigger_verbsonset': 0.8500000000000001, 'trigger_1_F0': 0.932367621527777, 'trigger_suffix': 1.26878515625, 'trigger_2_F0': 1.35808463541666, 'ID_item': 101, 'ID_senonset': 20, 'ID_verbonset': 21, 'ID_1_F0': 22, 'ID_suffix': 23, 'ID_2_F0': 24, 'ms_senonset': 0, 'ms_verbonset': 0.65, 'ms_1_F0': 0.732367621527777, 'ms_suffix': 1.06878515625, 'ms_2_F0': 1.15808463541666, 'file_name': '03b_limpiar.wav', 'item_id': 3, 'cond': 'b', 'thisN': 14, 'thisTrialN': 14, 'thisRepN': 0}>
423.0381 	EXP 	Sound test_sound reached end of file
423.0426 	EXP 	Sound test_sound started
423.0487 	EXP 	polygon_2: autoDraw = False
423.0487 	EXP 	text_3: autoDraw = False
423.0487 	EXP 	polygon_2: autoDraw = True
425.1687 	EXP 	Sound test_sound reached end of file
425.1769 	EXP 	Sound test_sound reached end of file
426.4499 	EXP 	New trial (rep=0, index=15): <Trial 15 (15 in rep 0) data={'sounds': 'sounds/31d_tocar.wav', 'syll': 'CVC', 'stress_unstress': 'Stressed', 'suffix': 'Mismatch', 'present_past': 'past', 'corrAns': 'num_2', 'trigger_item': 0.0, 'trigger_senonset': 0.2, 'trigger_verbsonset': 0.8493931756807, 'trigger_1_F0': 0.8650112062639721, 'trigger_suffix': 1.006860547391531, 'trigger_2_F0': 1.049162047334928, 'ID_item': 101, 'ID_senonset': 40, 'ID_verbonset': 41, 'ID_1_F0': 42, 'ID_suffix': 43, 'ID_2_F0': 44, 'ms_senonset': 0, 'ms_verbonset': 0.6493931756807, 'ms_1_F0': 0.665011206263972, 'ms_suffix': 0.806860547391531, 'ms_2_F0': 0.849162047334928, 'file_name': '31d_tocar.wav', 'item_id': 31, 'cond': 'd', 'thisN': 15, 'thisTrialN': 15, 'thisRepN': 0}>
426.4551 	EXP 	Sound test_sound reached end of file
426.4593 	EXP 	Sound test_sound started
426.4578 	DATA 	Keypress: left
426.4670 	EXP 	polygon_2: autoDraw = False
426.4670 	EXP 	text_3: autoDraw = False
426.4670 	EXP 	polygon_2: autoDraw = True
428.3464 	EXP 	Sound test_sound reached end of file
428.3595 	EXP 	Sound test_sound reached end of file
429.6503 	EXP 	New trial (rep=0, index=16): <Trial 16 (16 in rep 0) data={'sounds': 'sounds/24d_mirar.wav', 'syll': 'CVC', 'stress_unstress': 'Stressed', 'suffix': 'Mismatch', 'present_past': 'past', 'corrAns': 'num_2', 'trigger_item': 0.0, 'trigger_senonset': 0.2, 'trigger_verbsonset': 0.71, 'trigger_1_F0': 0.8119545789930551, 'trigger_suffix': 0.9389863642939812, 'trigger_2_F0': 0.9746780743634248, 'ID_item': 101, 'ID_senonset': 40, 'ID_verbonset': 41, 'ID_1_F0': 42, 'ID_suffix': 43, 'ID_2_F0': 44, 'ms_senonset': 0, 'ms_verbonset': 0.51, 'ms_1_F0': 0.611954578993055, 'ms_suffix': 0.738986364293981, 'ms_2_F0': 0.774678074363425, 'file_name': '24d_mirar.wav', 'item_id': 24, 'cond': 'd', 'thisN': 16, 'thisTrialN': 16, 'thisRepN': 0}>
429.6553 	EXP 	Sound test_sound reached end of file
429.6591 	EXP 	Sound test_sound started
429.6585 	DATA 	Keypress: right
429.6670 	EXP 	polygon_2: autoDraw = False
429.6670 	EXP 	text_3: autoDraw = False
429.6670 	EXP 	polygon_2: autoDraw = True
431.3449 	EXP 	Sound test_sound reached end of file
431.3599 	EXP 	Sound test_sound reached end of file
432.1819 	EXP 	New trial (rep=0, index=17): <Trial 17 (17 in rep 0) data={'sounds': 'sounds/16a_llevar.wav', 'syll': 'CVC', 'stress_unstress': 'Stressed', 'suffix': 'Match', 'present_past': 'present', 'corrAns': 'num_1', 'trigger_item': 0.0, 'trigger_senonset': 0.2, 'trigger_verbsonset': 0.929084516317274, 'trigger_1_F0': 0.964936524692279, 'trigger_suffix': 1.08, 'trigger_2_F0': 1.131864014418682, 'ID_item': 101, 'ID_senonset': 10, 'ID_verbonset': 11, 'ID_1_F0': 12, 'ID_suffix': 13, 'ID_2_F0': 14, 'ms_senonset': 0, 'ms_verbonset': 0.729084516317274, 'ms_1_F0': 0.764936524692279, 'ms_suffix': 0.88, 'ms_2_F0': 0.931864014418682, 'file_name': '16a_llevar.wav', 'item_id': 16, 'cond': 'a', 'thisN': 17, 'thisTrialN': 17, 'thisRepN': 0}>
432.1866 	EXP 	Sound test_sound reached end of file
432.1927 	EXP 	Sound test_sound started
432.1890 	DATA 	Keypress: right
432.1963 	EXP 	polygon_2: autoDraw = False
432.1963 	EXP 	text_3: autoDraw = False
432.1963 	EXP 	polygon_2: autoDraw = True
434.0800 	EXP 	Sound test_sound reached end of file
434.0929 	EXP 	Sound test_sound reached end of file
435.1961 	DATA 	Keypress: left
435.2172 	EXP 	New trial (rep=0, index=18): <Trial 18 (18 in rep 0) data={'sounds': 'sounds/17d_tragar.wav', 'syll': 'CVC', 'stress_unstress': 'Stressed', 'suffix': 'Mismatch', 'present_past': 'past', 'corrAns': 'num_2', 'trigger_item': 0.0, 'trigger_senonset': 0.2, 'trigger_verbsonset': 1.070609360532407, 'trigger_1_F0': 1.117973654513888, 'trigger_suffix': 1.30915316840277, 'trigger_2_F0': 1.35458539534397, 'ID_item': 101, 'ID_senonset': 40, 'ID_verbonset': 41, 'ID_1_F0': 42, 'ID_suffix': 43, 'ID_2_F0': 44, 'ms_senonset': 0, 'ms_verbonset': 0.870609360532407, 'ms_1_F0': 0.917973654513888, 'ms_suffix': 1.10915316840277, 'ms_2_F0': 1.15458539534397, 'file_name': '17d_tragar.wav', 'item_id': 17, 'cond': 'd', 'thisN': 18, 'thisTrialN': 18, 'thisRepN': 0}>
435.2233 	EXP 	Sound test_sound reached end of file
435.2268 	EXP 	Sound test_sound started
435.2332 	EXP 	polygon_2: autoDraw = False
435.2332 	EXP 	text_3: autoDraw = False
435.2332 	EXP 	polygon_2: autoDraw = True
437.5097 	EXP 	Sound test_sound reached end of file
437.5263 	EXP 	Sound test_sound reached end of file
437.6616 	EXP 	New trial (rep=0, index=19): <Trial 19 (19 in rep 0) data={'sounds': 'sounds/11a_pegar.wav', 'syll': 'CVC', 'stress_unstress': 'Stressed', 'suffix': 'Match', 'present_past': 'present', 'corrAns': 'num_1', 'trigger_item': 0.0, 'trigger_senonset': 0.2, 'trigger_verbsonset': 0.8182808977343741, 'trigger_1_F0': 0.831294515585661, 'trigger_suffix': 0.98, 'trigger_2_F0': 1.012063288108519, 'ID_item': 101, 'ID_senonset': 10, 'ID_verbonset': 11, 'ID_1_F0': 12, 'ID_suffix': 13, 'ID_2_F0': 14, 'ms_senonset': 0, 'ms_verbonset': 0.618280897734374, 'ms_1_F0': 0.631294515585661, 'ms_suffix': 0.78, 'ms_2_F0': 0.812063288108519, 'file_name': '11a_pegar.wav', 'item_id': 11, 'cond': 'a', 'thisN': 19, 'thisTrialN': 19, 'thisRepN': 0}>
437.6634 	EXP 	Sound test_sound reached end of file
437.6752 	EXP 	Sound test_sound started
437.6644 	DATA 	Keypress: right
437.6768 	EXP 	polygon_2: autoDraw = False
437.6768 	EXP 	text_3: autoDraw = False
437.6768 	EXP 	polygon_2: autoDraw = True
439.5880 	EXP 	Sound test_sound reached end of file
439.5938 	EXP 	Sound test_sound reached end of file
440.8688 	DATA 	Keypress: left
440.8758 	EXP 	polygon_2: autoDraw = False
440.8758 	EXP 	text_3: autoDraw = True
451.9462 	EXP 	New trial (rep=0, index=20): <Trial 20 (20 in rep 0) data={'sounds': 'sounds/10d_vender.wav', 'syll': 'CVC', 'stress_unstress': 'Stressed', 'suffix': 'Mismatch', 'present_past': 'past', 'corrAns': 'num_2', 'trigger_item': 0.0, 'trigger_senonset': 0.2, 'trigger_verbsonset': 0.832830209056713, 'trigger_1_F0': 0.8775468199411529, 'trigger_suffix': 1.109501330306288, 'trigger_2_F0': 1.158928471023364, 'ID_item': 101, 'ID_senonset': 40, 'ID_verbonset': 41, 'ID_1_F0': 42, 'ID_suffix': 43, 'ID_2_F0': 44, 'ms_senonset': 0, 'ms_verbonset': 0.632830209056713, 'ms_1_F0': 0.677546819941153, 'ms_suffix': 0.909501330306288, 'ms_2_F0': 0.958928471023364, 'file_name': '10d_vender.wav', 'item_id': 10, 'cond': 'd', 'thisN': 20, 'thisTrialN': 20, 'thisRepN': 0}>
451.9509 	EXP 	Sound test_sound reached end of file
451.9599 	EXP 	Sound test_sound started
451.9536 	DATA 	Keypress: space
451.9618 	EXP 	text_3: autoDraw = False
451.9618 	EXP 	polygon_2: autoDraw = True
453.8445 	EXP 	Sound test_sound reached end of file
453.8498 	EXP 	Sound test_sound reached end of file
453.9794 	DATA 	Keypress: right
453.9998 	EXP 	New trial (rep=0, index=21): <Trial 21 (21 in rep 0) data={'sounds': 'sounds/01d_salvar.wav', 'syll': 'CVC', 'stress_unstress': 'Stressed', 'suffix': 'Mismatch', 'present_past': 'past', 'corrAns': 'num_2', 'trigger_item': 0.0, 'trigger_senonset': 0.2, 'trigger_verbsonset': 0.8500000000000001, 'trigger_1_F0': 0.996069502314814, 'trigger_suffix': 1.23, 'trigger_2_F0': 1.29, 'ID_item': 101, 'ID_senonset': 40, 'ID_verbonset': 41, 'ID_1_F0': 42, 'ID_suffix': 43, 'ID_2_F0': 44, 'ms_senonset': 0, 'ms_verbonset': 0.65, 'ms_1_F0': 0.796069502314814, 'ms_suffix': 1.03, 'ms_2_F0': 1.09, 'file_name': '01d_salvar.wav', 'item_id': 1, 'cond': 'd', 'thisN': 21, 'thisTrialN': 21, 'thisRepN': 0}>
454.0048 	EXP 	Sound test_sound reached end of file
454.0094 	EXP 	Sound test_sound started
454.0148 	EXP 	polygon_2: autoDraw = False
454.0148 	EXP 	text_3: autoDraw = False
454.0148 	EXP 	polygon_2: autoDraw = True
456.0444 	EXP 	Sound test_sound reached end of file
456.0597 	EXP 	Sound test_sound reached end of file
456.3323 	EXP 	New trial (rep=0, index=22): <Trial 22 (22 in rep 0) data={'sounds': 'sounds/12a_matar.wav', 'syll': 'CVC', 'stress_unstress': 'Stressed', 'suffix': 'Match', 'present_past': 'present', 'corrAns': 'num_1', 'trigger_item': 0.0, 'trigger_senonset': 0.2, 'trigger_verbsonset': 0.8400000000000001, 'trigger_1_F0': 0.96, 'trigger_suffix': 1.17307472511574, 'trigger_2_F0': 1.186647497106481, 'ID_item': 101, 'ID_senonset': 10, 'ID_verbonset': 11, 'ID_1_F0': 12, 'ID_suffix': 13, 'ID_2_F0': 14, 'ms_senonset': 0, 'ms_verbonset': 0.64, 'ms_1_F0': 0.76, 'ms_suffix': 0.97307472511574, 'ms_2_F0': 0.986647497106481, 'file_name': '12a_matar.wav', 'item_id': 12, 'cond': 'a', 'thisN': 22, 'thisTrialN': 22, 'thisRepN': 0}>
456.3373 	EXP 	Sound test_sound reached end of file
456.3429 	EXP 	Sound test_sound started
456.3410 	DATA 	Keypress: right
456.3465 	EXP 	polygon_2: autoDraw = False
456.3465 	EXP 	text_3: autoDraw = False
456.3465 	EXP 	polygon_2: autoDraw = True
458.5207 	EXP 	Sound test_sound reached end of file
458.5267 	EXP 	Sound test_sound reached end of file
459.1297 	EXP 	New trial (rep=0, index=23): <Trial 23 (23 in rep 0) data={'sounds': 'sounds/09c_cargar.wav', 'syll': 'CVC', 'stress_unstress': 'Unstressed', 'suffix': 'Match', 'present_past': 'past', 'corrAns': 'num_2', 'trigger_item': 0.0, 'trigger_senonset': 0.2, 'trigger_verbsonset': 0.81286744068287, 'trigger_1_F0': 0.8382251229745361, 'trigger_suffix': 1.032634020543981, 'trigger_2_F0': 1.090594437210648, 'ID_item': 101, 'ID_senonset': 30, 'ID_verbonset': 31, 'ID_1_F0': 32, 'ID_suffix': 33, 'ID_2_F0': 34, 'ms_senonset': 0, 'ms_verbonset': 0.61286744068287, 'ms_1_F0': 0.638225122974536, 'ms_suffix': 0.832634020543981, 'ms_2_F0': 0.890594437210648, 'file_name': '09c_cargar.wav', 'item_id': 9, 'cond': 'c', 'thisN': 23, 'thisTrialN': 23, 'thisRepN': 0}>
459.1321 	EXP 	Sound test_sound reached end of file
459.1423 	EXP 	Sound test_sound started
459.1331 	DATA 	Keypress: left
459.1429 	EXP 	polygon_2: autoDraw = False
459.1429 	EXP 	text_3: autoDraw = False
459.1429 	EXP 	polygon_2: autoDraw = True
461.0523 	EXP 	Sound test_sound reached end of file
461.0596 	EXP 	Sound test_sound reached end of file
462.3666 	EXP 	New trial (rep=0, index=24): <Trial 24 (24 in rep 0) data={'sounds': 'sounds/04c_plantar.wav', 'syll': 'CVC', 'stress_unstress': 'Unstressed', 'suffix': 'Match', 'present_past': 'past', 'corrAns': 'num_2', 'trigger_item': 0.0, 'trigger_senonset': 0.2, 'trigger_verbsonset': 0.862877574458911, 'trigger_1_F0': 0.9343518689653568, 'trigger_suffix': 1.20493812332404, 'trigger_2_F0': 1.21897569287037, 'ID_item': 101, 'ID_senonset': 30, 'ID_verbonset': 31, 'ID_1_F0': 32, 'ID_suffix': 33, 'ID_2_F0': 34, 'ms_senonset': 0, 'ms_verbonset': 0.662877574458911, 'ms_1_F0': 0.734351868965357, 'ms_suffix': 1.00493812332404, 'ms_2_F0': 1.01897569287037, 'file_name': '04c_plantar.wav', 'item_id': 4, 'cond': 'c', 'thisN': 24, 'thisTrialN': 24, 'thisRepN': 0}>
462.3721 	EXP 	Sound test_sound reached end of file
462.3759 	EXP 	Sound test_sound started
462.3750 	DATA 	Keypress: right
462.3826 	EXP 	polygon_2: autoDraw = False
462.3826 	EXP 	text_3: autoDraw = False
462.3826 	EXP 	polygon_2: autoDraw = True
464.4029 	EXP 	Sound test_sound reached end of file
464.4104 	EXP 	Sound test_sound reached end of file
464.7146 	EXP 	New trial (rep=0, index=25): <Trial 25 (25 in rep 0) data={'sounds': 'sounds/40c_gastar.wav', 'syll': 'CVC', 'stress_unstress': 'Unstressed', 'suffix': 'Match', 'present_past': 'past', 'corrAns': 'num_2', 'trigger_item': 0.0, 'trigger_senonset': 0.2, 'trigger_verbsonset': 0.8300000000000001, 'trigger_1_F0': 0.8400000000000001, 'trigger_suffix': 1.163436328125, 'trigger_2_F0': 1.183149609375, 'ID_item': 101, 'ID_senonset': 30, 'ID_verbonset': 31, 'ID_1_F0': 32, 'ID_suffix': 33, 'ID_2_F0': 34, 'ms_senonset': 0, 'ms_verbonset': 0.63, 'ms_1_F0': 0.64, 'ms_suffix': 0.963436328125, 'ms_2_F0': 0.983149609375, 'file_name': '40c_gastar.wav', 'item_id': 40, 'cond': 'c', 'thisN': 25, 'thisTrialN': 25, 'thisRepN': 0}>
464.7188 	EXP 	Sound test_sound reached end of file
464.7257 	EXP 	Sound test_sound started
464.7209 	DATA 	Keypress: right
464.7285 	EXP 	polygon_2: autoDraw = False
464.7285 	EXP 	text_3: autoDraw = False
464.7285 	EXP 	polygon_2: autoDraw = True
466.8177 	EXP 	Sound test_sound reached end of file
466.8265 	EXP 	Sound test_sound reached end of file
467.0501 	EXP 	New trial (rep=0, index=26): <Trial 26 (26 in rep 0) data={'sounds': 'sounds/35b_secar.wav', 'syll': 'CVC', 'stress_unstress': 'Unstressed', 'suffix': 'Mismatch', 'present_past': 'present', 'corrAns': 'num_1', 'trigger_item': 0.0, 'trigger_senonset': 0.2, 'trigger_verbsonset': 0.8990044921875, 'trigger_1_F0': 1.025708658854166, 'trigger_suffix': 1.179689416956018, 'trigger_2_F0': 1.20652606336805, 'ID_item': 101, 'ID_senonset': 20, 'ID_verbonset': 21, 'ID_1_F0': 22, 'ID_suffix': 23, 'ID_2_F0': 24, 'ms_senonset': 0, 'ms_verbonset': 0.6990044921875, 'ms_1_F0': 0.825708658854166, 'ms_suffix': 0.979689416956018, 'ms_2_F0': 1.00652606336805, 'file_name': '35b_secar.wav', 'item_id': 35, 'cond': 'b', 'thisN': 26, 'thisTrialN': 26, 'thisRepN': 0}>
467.0561 	EXP 	Sound test_sound reached end of file
467.0591 	EXP 	Sound test_sound started
467.0597 	DATA 	Keypress: right
467.0669 	EXP 	polygon_2: autoDraw = False
467.0669 	EXP 	text_3: autoDraw = False
467.0669 	EXP 	polygon_2: autoDraw = True
469.1844 	EXP 	Sound test_sound reached end of file
469.1930 	EXP 	Sound test_sound reached end of file
470.9486 	EXP 	New trial (rep=0, index=27): <Trial 27 (27 in rep 0) data={'sounds': 'sounds/27c_tirar.wav', 'syll': 'CVC', 'stress_unstress': 'Unstressed', 'suffix': 'Match', 'present_past': 'past', 'corrAns': 'num_2', 'trigger_item': 0.0, 'trigger_senonset': 0.2, 'trigger_verbsonset': 0.8119442057291659, 'trigger_1_F0': 0.8307495153356481, 'trigger_suffix': 0.9885306495949072, 'trigger_2_F0': 0.998621303530092, 'ID_item': 101, 'ID_senonset': 30, 'ID_verbonset': 31, 'ID_1_F0': 32, 'ID_suffix': 33, 'ID_2_F0': 34, 'ms_senonset': 0, 'ms_verbonset': 0.611944205729166, 'ms_1_F0': 0.630749515335648, 'ms_suffix': 0.788530649594907, 'ms_2_F0': 0.798621303530092, 'file_name': '27c_tirar.wav', 'item_id': 27, 'cond': 'c', 'thisN': 27, 'thisTrialN': 27, 'thisRepN': 0}>
470.9535 	EXP 	Sound test_sound reached end of file
470.9592 	EXP 	Sound test_sound started
470.9561 	DATA 	Keypress: right
470.9650 	EXP 	polygon_2: autoDraw = False
470.9650 	EXP 	text_3: autoDraw = False
470.9650 	EXP 	polygon_2: autoDraw = True
472.9447 	EXP 	Sound test_sound reached end of file
472.9595 	EXP 	Sound test_sound reached end of file
473.2996 	EXP 	New trial (rep=0, index=28): <Trial 28 (28 in rep 0) data={'sounds': 'sounds/15b_partir.wav', 'syll': 'CVC', 'stress_unstress': 'Unstressed', 'suffix': 'Mismatch', 'present_past': 'present', 'corrAns': 'num_1', 'trigger_item': 0.0, 'trigger_senonset': 0.2, 'trigger_verbsonset': 0.826865400752314, 'trigger_1_F0': 0.842973894883327, 'trigger_suffix': 1.1042888772729471, 'trigger_2_F0': 1.120815958498066, 'ID_item': 101, 'ID_senonset': 20, 'ID_verbonset': 21, 'ID_1_F0': 22, 'ID_suffix': 23, 'ID_2_F0': 24, 'ms_senonset': 0, 'ms_verbonset': 0.626865400752314, 'ms_1_F0': 0.642973894883327, 'ms_suffix': 0.904288877272947, 'ms_2_F0': 0.920815958498066, 'file_name': '15b_partir.wav', 'item_id': 15, 'cond': 'b', 'thisN': 28, 'thisTrialN': 28, 'thisRepN': 0}>
473.3048 	EXP 	Sound test_sound reached end of file
473.3094 	EXP 	Sound test_sound started
473.3066 	DATA 	Keypress: right
473.3146 	EXP 	polygon_2: autoDraw = False
473.3146 	EXP 	text_3: autoDraw = False
473.3146 	EXP 	polygon_2: autoDraw = True
475.3599 	EXP 	Sound test_sound reached end of file
475.3765 	EXP 	Sound test_sound reached end of file
476.1007 	EXP 	New trial (rep=0, index=29): <Trial 29 (29 in rep 0) data={'sounds': 'sounds/19a_marcar.wav', 'syll': 'CVC', 'stress_unstress': 'Stressed', 'suffix': 'Match', 'present_past': 'present', 'corrAns': 'num_1', 'trigger_item': 0.0, 'trigger_senonset': 0.2, 'trigger_verbsonset': 0.8400000000000001, 'trigger_1_F0': 0.97, 'trigger_suffix': 1.245718359375, 'trigger_2_F0': 1.273519140625, 'ID_item': 101, 'ID_senonset': 10, 'ID_verbonset': 11, 'ID_1_F0': 12, 'ID_suffix': 13, 'ID_2_F0': 14, 'ms_senonset': 0, 'ms_verbonset': 0.64, 'ms_1_F0': 0.77, 'ms_suffix': 1.045718359375, 'ms_2_F0': 1.073519140625, 'file_name': '19a_marcar.wav', 'item_id': 19, 'cond': 'a', 'thisN': 29, 'thisTrialN': 29, 'thisRepN': 0}>
476.1058 	EXP 	Sound test_sound reached end of file
476.1101 	EXP 	Sound test_sound started
476.1082 	DATA 	Keypress: right
476.1178 	EXP 	polygon_2: autoDraw = False
476.1178 	EXP 	text_3: autoDraw = False
476.1178 	EXP 	polygon_2: autoDraw = True
477.9953 	EXP 	Sound test_sound reached end of file
478.0094 	EXP 	Sound test_sound reached end of file
479.3023 	DATA 	Keypress: left
479.3092 	EXP 	polygon_2: autoDraw = False
479.3092 	EXP 	text_3: autoDraw = True
491.2786 	EXP 	New trial (rep=0, index=30): <Trial 30 (30 in rep 0) data={'sounds': 'sounds/06d_soplar.wav', 'syll': 'CVC', 'stress_unstress': 'Stressed', 'suffix': 'Mismatch', 'present_past': 'past', 'corrAns': 'num_2', 'trigger_item': 0.0, 'trigger_senonset': 0.2, 'trigger_verbsonset': 0.761291666666666, 'trigger_1_F0': 0.8899999999999999, 'trigger_suffix': 1.102139687590422, 'trigger_2_F0': 1.166665581687644, 'ID_item': 101, 'ID_senonset': 40, 'ID_verbonset': 41, 'ID_1_F0': 42, 'ID_suffix': 43, 'ID_2_F0': 44, 'ms_senonset': 0, 'ms_verbonset': 0.561291666666666, 'ms_1_F0': 0.69, 'ms_suffix': 0.902139687590422, 'ms_2_F0': 0.966665581687644, 'file_name': '06d_soplar.wav', 'item_id': 6, 'cond': 'd', 'thisN': 30, 'thisTrialN': 30, 'thisRepN': 0}>
491.2829 	EXP 	Sound test_sound reached end of file
491.2926 	EXP 	Sound test_sound started
491.2849 	DATA 	Keypress: space
491.2943 	EXP 	text_3: autoDraw = False
491.2943 	EXP 	polygon_2: autoDraw = True
493.1472 	EXP 	Sound test_sound reached end of file
493.1596 	EXP 	Sound test_sound reached end of file
493.3957 	DATA 	Keypress: right
493.4161 	EXP 	New trial (rep=0, index=31): <Trial 31 (31 in rep 0) data={'sounds': 'sounds/05a_fumar.wav', 'syll': 'CVC', 'stress_unstress': 'Stressed', 'suffix': 'Match', 'present_past': 'present', 'corrAns': 'num_1', 'trigger_item': 0.0, 'trigger_senonset': 0.2, 'trigger_verbsonset': 1.15, 'trigger_1_F0': 1.36712555700231, 'trigger_suffix': 1.48, 'trigger_2_F0': 1.56308830295138, 'ID_item': 101, 'ID_senonset': 10, 'ID_verbonset': 11, 'ID_1_F0': 12, 'ID_suffix': 13, 'ID_2_F0': 14, 'ms_senonset': 0, 'ms_verbonset': 0.95, 'ms_1_F0': 1.16712555700231, 'ms_suffix': 1.28, 'ms_2_F0': 1.36308830295138, 'file_name': '05a_fumar.wav', 'item_id': 5, 'cond': 'a', 'thisN': 31, 'thisTrialN': 31, 'thisRepN': 0}>
493.4215 	EXP 	Sound test_sound reached end of file
493.4259 	EXP 	Sound test_sound started
493.4314 	EXP 	polygon_2: autoDraw = False
493.4314 	EXP 	text_3: autoDraw = False
493.4314 	EXP 	polygon_2: autoDraw = True
495.7726 	EXP 	Sound test_sound reached end of file
495.7783 	EXP 	Sound test_sound reached end of file
496.5500 	EXP 	New trial (rep=0, index=32): <Trial 32 (32 in rep 0) data={'sounds': 'sounds/26a_bajar.wav', 'syll': 'CVC', 'stress_unstress': 'Stressed', 'suffix': 'Match', 'present_past': 'present', 'corrAns': 'num_1', 'trigger_item': 0.0, 'trigger_senonset': 0.2, 'trigger_verbsonset': 0.77, 'trigger_1_F0': 0.8999999999999999, 'trigger_suffix': 1.03, 'trigger_2_F0': 1.171181705729166, 'ID_item': 101, 'ID_senonset': 10, 'ID_verbonset': 11, 'ID_1_F0': 12, 'ID_suffix': 13, 'ID_2_F0': 14, 'ms_senonset': 0, 'ms_verbonset': 0.57, 'ms_1_F0': 0.7, 'ms_suffix': 0.83, 'ms_2_F0': 0.971181705729166, 'file_name': '26a_bajar.wav', 'item_id': 26, 'cond': 'a', 'thisN': 32, 'thisTrialN': 32, 'thisRepN': 0}>
496.5554 	EXP 	Sound test_sound reached end of file
496.5593 	EXP 	Sound test_sound started
496.5587 	DATA 	Keypress: left
496.5672 	EXP 	polygon_2: autoDraw = False
496.5672 	EXP 	text_3: autoDraw = False
496.5672 	EXP 	polygon_2: autoDraw = True
498.6150 	EXP 	Sound test_sound reached end of file
498.6265 	EXP 	Sound test_sound reached end of file
499.1992 	EXP 	New trial (rep=0, index=33): <Trial 33 (33 in rep 0) data={'sounds': 'sounds/29a_pesar.wav', 'syll': 'CVC', 'stress_unstress': 'Stressed', 'suffix': 'Match', 'present_past': 'present', 'corrAns': 'num_1', 'trigger_item': 0.0, 'trigger_senonset': 0.2, 'trigger_verbsonset': 0.91328417532552, 'trigger_1_F0': 0.925531286730473, 'trigger_suffix': 1.03, 'trigger_2_F0': 1.150619522602117, 'ID_item': 101, 'ID_senonset': 10, 'ID_verbonset': 11, 'ID_1_F0': 12, 'ID_suffix': 13, 'ID_2_F0': 14, 'ms_senonset': 0, 'ms_verbonset': 0.71328417532552, 'ms_1_F0': 0.725531286730473, 'ms_suffix': 0.83, 'ms_2_F0': 0.950619522602117, 'file_name': '29a_pesar.wav', 'item_id': 29, 'cond': 'a', 'thisN': 33, 'thisTrialN': 33, 'thisRepN': 0}>
499.2038 	EXP 	Sound test_sound reached end of file
499.2091 	EXP 	Sound test_sound started
499.2065 	DATA 	Keypress: left
499.2155 	EXP 	polygon_2: autoDraw = False
499.2155 	EXP 	text_3: autoDraw = False
499.2155 	EXP 	polygon_2: autoDraw = True
501.1005 	EXP 	Sound test_sound reached end of file
501.1099 	EXP 	Sound test_sound reached end of file
501.7662 	EXP 	New trial (rep=0, index=34): <Trial 34 (34 in rep 0) data={'sounds': 'sounds/38b_pagar.wav', 'syll': 'CVC', 'stress_unstress': 'Unstressed', 'suffix': 'Mismatch', 'present_past': 'present', 'corrAns': 'num_1', 'trigger_item': 0.0, 'trigger_senonset': 0.2, 'trigger_verbsonset': 1.166737304687499, 'trigger_1_F0': 1.185271158854166, 'trigger_suffix': 1.29521061197916, 'trigger_2_F0': 1.4055712890624898, 'ID_item': 101, 'ID_senonset': 20, 'ID_verbonset': 21, 'ID_1_F0': 22, 'ID_suffix': 23, 'ID_2_F0': 24, 'ms_senonset': 0, 'ms_verbonset': 0.966737304687499, 'ms_1_F0': 0.985271158854166, 'ms_suffix': 1.09521061197916, 'ms_2_F0': 1.20557128906249, 'file_name': '38b_pagar.wav', 'item_id': 38, 'cond': 'b', 'thisN': 34, 'thisTrialN': 34, 'thisRepN': 0}>
501.7715 	EXP 	Sound test_sound reached end of file
501.7757 	EXP 	Sound test_sound started
501.7737 	DATA 	Keypress: left
501.7820 	EXP 	polygon_2: autoDraw = False
501.7820 	EXP 	text_3: autoDraw = False
501.7820 	EXP 	polygon_2: autoDraw = True
504.0097 	EXP 	Sound test_sound reached end of file
504.0262 	EXP 	Sound test_sound reached end of file
505.1674 	EXP 	New trial (rep=0, index=35): <Trial 35 (35 in rep 0) data={'sounds': 'sounds/08d_filtrar.wav', 'syll': 'CVC', 'stress_unstress': 'Stressed', 'suffix': 'Mismatch', 'present_past': 'past', 'corrAns': 'num_2', 'trigger_item': 0.0, 'trigger_senonset': 0.2, 'trigger_verbsonset': 0.7526856695589441, 'trigger_1_F0': 0.87808115762362, 'trigger_suffix': 1.118901843962886, 'trigger_2_F0': 1.172598812485867, 'ID_item': 101, 'ID_senonset': 40, 'ID_verbonset': 41, 'ID_1_F0': 42, 'ID_suffix': 43, 'ID_2_F0': 44, 'ms_senonset': 0, 'ms_verbonset': 0.552685669558944, 'ms_1_F0': 0.67808115762362, 'ms_suffix': 0.918901843962886, 'ms_2_F0': 0.972598812485867, 'file_name': '08d_filtrar.wav', 'item_id': 8, 'cond': 'd', 'thisN': 35, 'thisTrialN': 35, 'thisRepN': 0}>
505.1722 	EXP 	Sound test_sound reached end of file
505.1767 	EXP 	Sound test_sound started
505.1739 	DATA 	Keypress: left
505.1824 	EXP 	polygon_2: autoDraw = False
505.1824 	EXP 	text_3: autoDraw = False
505.1824 	EXP 	polygon_2: autoDraw = True
506.9207 	EXP 	Sound test_sound reached end of file
506.9270 	EXP 	Sound test_sound reached end of file
507.7667 	EXP 	New trial (rep=0, index=36): <Trial 36 (36 in rep 0) data={'sounds': 'sounds/21a_mezclar.wav', 'syll': 'CVC', 'stress_unstress': 'Stressed', 'suffix': 'Match', 'present_past': 'present', 'corrAns': 'num_1', 'trigger_item': 0.0, 'trigger_senonset': 0.2, 'trigger_verbsonset': 0.78, 'trigger_1_F0': 0.9121902777777772, 'trigger_suffix': 1.20214212962962, 'trigger_2_F0': 1.27, 'ID_item': 101, 'ID_senonset': 10, 'ID_verbonset': 11, 'ID_1_F0': 12, 'ID_suffix': 13, 'ID_2_F0': 14, 'ms_senonset': 0, 'ms_verbonset': 0.58, 'ms_1_F0': 0.712190277777777, 'ms_suffix': 1.00214212962962, 'ms_2_F0': 1.07, 'file_name': '21a_mezclar.wav', 'item_id': 21, 'cond': 'a', 'thisN': 36, 'thisTrialN': 36, 'thisRepN': 0}>
507.7719 	EXP 	Sound test_sound reached end of file
507.7764 	EXP 	Sound test_sound started
507.7750 	DATA 	Keypress: left
507.7826 	EXP 	polygon_2: autoDraw = False
507.7826 	EXP 	text_3: autoDraw = False
507.7826 	EXP 	polygon_2: autoDraw = True
509.7787 	EXP 	Sound test_sound reached end of file
509.7929 	EXP 	Sound test_sound reached end of file
510.8663 	EXP 	New trial (rep=0, index=37): <Trial 37 (37 in rep 0) data={'sounds': 'sounds/32d_pulsar.wav', 'syll': 'CVC', 'stress_unstress': 'Stressed', 'suffix': 'Mismatch', 'present_past': 'past', 'corrAns': 'num_2', 'trigger_item': 0.0, 'trigger_senonset': 0.2, 'trigger_verbsonset': 0.796440212673611, 'trigger_1_F0': 0.8294641710069439, 'trigger_suffix': 0.99, 'trigger_2_F0': 1.097783832465277, 'ID_item': 101, 'ID_senonset': 40, 'ID_verbonset': 41, 'ID_1_F0': 42, 'ID_suffix': 43, 'ID_2_F0': 44, 'ms_senonset': 0, 'ms_verbonset': 0.596440212673611, 'ms_1_F0': 0.629464171006944, 'ms_suffix': 0.79, 'ms_2_F0': 0.897783832465277, 'file_name': '32d_pulsar.wav', 'item_id': 32, 'cond': 'd', 'thisN': 37, 'thisTrialN': 37, 'thisRepN': 0}>
510.8709 	EXP 	Sound test_sound reached end of file
510.8762 	EXP 	Sound test_sound started
510.8732 	DATA 	Keypress: left
510.8817 	EXP 	polygon_2: autoDraw = False
510.8817 	EXP 	text_3: autoDraw = False
510.8817 	EXP 	polygon_2: autoDraw = True
512.6719 	EXP 	Sound test_sound reached end of file
512.6780 	EXP 	Sound test_sound reached end of file
513.1831 	EXP 	New trial (rep=0, index=38): <Trial 38 (38 in rep 0) data={'sounds': 'sounds/22d_dejar.wav', 'syll': 'CVC', 'stress_unstress': 'Stressed', 'suffix': 'Mismatch', 'present_past': 'past', 'corrAns': 'num_2', 'trigger_item': 0.0, 'trigger_senonset': 0.2, 'trigger_verbsonset': 0.8500000000000001, 'trigger_1_F0': 1.02, 'trigger_suffix': 1.152543366608796, 'trigger_2_F0': 1.28794346788194, 'ID_item': 101, 'ID_senonset': 40, 'ID_verbonset': 41, 'ID_1_F0': 42, 'ID_suffix': 43, 'ID_2_F0': 44, 'ms_senonset': 0, 'ms_verbonset': 0.65, 'ms_1_F0': 0.82, 'ms_suffix': 0.952543366608796, 'ms_2_F0': 1.08794346788194, 'file_name': '22d_dejar.wav', 'item_id': 22, 'cond': 'd', 'thisN': 38, 'thisTrialN': 38, 'thisRepN': 0}>
513.1880 	EXP 	Sound test_sound reached end of file
513.1926 	EXP 	Sound test_sound started
513.1893 	DATA 	Keypress: right
513.1977 	EXP 	polygon_2: autoDraw = False
513.1977 	EXP 	text_3: autoDraw = False
513.1977 	EXP 	polygon_2: autoDraw = True
515.2140 	EXP 	Sound test_sound reached end of file
515.2261 	EXP 	Sound test_sound reached end of file
516.4170 	EXP 	New trial (rep=0, index=39): <Trial 39 (39 in rep 0) data={'sounds': 'sounds/20c_cubrir.wav', 'syll': 'CVC', 'stress_unstress': 'Unstressed', 'suffix': 'Match', 'present_past': 'past', 'corrAns': 'num_2', 'trigger_item': 0.0, 'trigger_senonset': 0.2, 'trigger_verbsonset': 0.980138641742621, 'trigger_1_F0': 1.01, 'trigger_suffix': 1.192436112212021, 'trigger_2_F0': 1.28412143493692, 'ID_item': 101, 'ID_senonset': 30, 'ID_verbonset': 31, 'ID_1_F0': 32, 'ID_suffix': 33, 'ID_2_F0': 34, 'ms_senonset': 0, 'ms_verbonset': 0.780138641742621, 'ms_1_F0': 0.81, 'ms_suffix': 0.992436112212021, 'ms_2_F0': 1.08412143493692, 'file_name': '20c_cubrir.wav', 'item_id': 20, 'cond': 'c', 'thisN': 39, 'thisTrialN': 39, 'thisRepN': 0}>
516.4224 	EXP 	Sound test_sound reached end of file
516.4260 	EXP 	Sound test_sound started
516.4251 	DATA 	Keypress: right
516.4328 	EXP 	polygon_2: autoDraw = False
516.4328 	EXP 	text_3: autoDraw = False
516.4328 	EXP 	polygon_2: autoDraw = True
518.5440 	EXP 	Sound test_sound reached end of file
518.5491 	EXP 	Sound test_sound reached end of file
519.0540 	DATA 	Keypress: right
519.0594 	EXP 	polygon_2: autoDraw = False
519.0594 	EXP 	text_3: autoDraw = False
519.0594 	EXP 	text_2: autoDraw = True
527.3791 	DATA 	Keypress: space
527.3822 	EXP 	text_2: autoDraw = False
527.3825 	EXP 	LangExperimentstress: status = STOPPED
