16.8230 	WARNING 	User requested fullscreen with size [1536  864], but screen is actually [1920, 1080]. Using actual size
17.0432 	EXP 	Created window1 = Window(allowGUI=False, allowStencil=False, autoLog=True, backendConf=UNKNOWN, backgroundFit=<method-wrapper '__getattribute__' of attributeSetter object at 0x000001CD1D063F70>, backgroundImage=<method-wrapper '__getattribute__' of attributeSetter object at 0x000001CD1D063F10>, bitsMode=UNKNOWN, blendMode='avg', bpc=(8, 8, 8), color=array([0, 0, 0]), colorSpace='rgb', depthBits=8, fullscr=True, gamma=None, gammaErrorPolicy='raise', infoMsg=UNKNOWN, lms=UNKNOWN, monitor=<psychopy.monitors.calibTools.Monitor object at 0x000001CD26310EB0>, multiSample=False, name='window1', numSamples=2, pos=[0.0, 0.0], screen=0, size=array([1920, 1080]), stencilBits=0, stereo=False, title='PsychoPy', units='height', useFBO=True, useRetina=False, viewOri=0.0, viewPos=None, viewScale=None, waitBlanking=True, winType='pyglet')
17.0433 	EXP 	window1: backgroundImage = ''
17.0433 	EXP 	window1: backgroundFit = 'none'
17.1027 	EXP 	window1: Attempting to measure frame rate of screen (0) ...
17.1027 	EXP 	window1: recordFrameIntervals = False
17.2722 	EXP 	window1: recordFrameIntervals = True
17.4556 	EXP 	Screen (0) actual frame rate measured at 60.09Hz
17.4557 	EXP 	window1: recordFrameIntervals = False
19.9799 	EXP 	LangExperimentstress: status = STARTED
20.0735 	EXP 	Created instr = TextStim(__class__=<class 'psychopy.visual.text.TextStim'>, alignHoriz=method-wrapper(...), alignText='center', alignVert=method-wrapper(...), anchorHoriz='center', anchorVert='center', antialias=True, autoDraw=False, autoLog=True, bold=False, color=array([1., 1., 1.]), colorSpace='rgb', contrast=1.0, depth=0.0, draggable=False, flipHoriz=False, flipVert=False, font='Arial', fontFiles=[], height=0.08, italic=False, languageStyle='LTR', name='instr', opacity=1, ori=0, pos=array([0., 0.]), rgb=UNKNOWN, text=str(...), units='height', win=Window(...), wrapWidth=1)
20.6936 	EXP 	Sound test_sound_2 set volume 1.000
20.6963 	EXP 	Created polygon = ShapeStim(__class__=<class 'psychopy.visual.shape.ShapeStim'>, anchor=('center', 'center'), autoDraw=False, autoLog=True, closeShape=True, color=method-wrapper(...), colorSpace='rgb', contrast=None, depth=-2.0, draggable=False, fillColor=array([-1, -1, -1]), fillColorSpace='rgb', fillRGB=array([-1, -1, -1]), interpolate=True, lineColor=array([-1., -1., -1.]), lineColorSpace='rgb', lineRGB=array([-1, -1, -1]), lineWidth=1, name='polygon', opacity=1, ori=0.0, pos=array([0., 0.]), size=array([0.15, 0.15]), units='height', vertices=ndarray(...), win=Window(...), windingRule=None)
20.7097 	EXP 	Created text_3 = TextStim(__class__=<class 'psychopy.visual.text.TextStim'>, alignHoriz=method-wrapper(...), alignText='center', alignVert=method-wrapper(...), anchorHoriz='center', anchorVert='center', antialias=True, autoDraw=False, autoLog=True, bold=False, color=array([1., 1., 1.]), colorSpace='rgb', contrast=1.0, depth=0.0, draggable=False, flipHoriz=False, flipVert=False, font='Arial', fontFiles=[], height=0.1, italic=False, languageStyle='LTR', name='text_3', opacity=1, ori=0, pos=array([0., 0.]), rgb=UNKNOWN, text=str(...), units='height', win=Window(...), wrapWidth=1)
20.7160 	EXP 	Created instr = TextStim(__class__=<class 'psychopy.visual.text.TextStim'>, alignHoriz=method-wrapper(...), alignText='center', alignVert=method-wrapper(...), anchorHoriz='center', anchorVert='center', antialias=True, autoDraw=False, autoLog=True, bold=False, color=array([1., 1., 1.]), colorSpace='rgb', contrast=1.0, depth=0.0, draggable=False, flipHoriz=False, flipVert=False, font='Arial', fontFiles=[], height=0.08, italic=False, languageStyle='LTR', name='instr', opacity=1, ori=0, pos=array([0., 0.]), rgb=UNKNOWN, text=str(...), units='height', win=Window(...), wrapWidth=1)
20.8596 	EXP 	Sound test_sound set volume 1.000
20.8609 	EXP 	Created polygon_2 = ShapeStim(__class__=<class 'psychopy.visual.shape.ShapeStim'>, anchor=('center', 'center'), autoDraw=False, autoLog=True, closeShape=True, color=method-wrapper(...), colorSpace='rgb', contrast=None, depth=-2.0, draggable=False, fillColor=array([-1, -1, -1]), fillColorSpace='rgb', fillRGB=array([-1, -1, -1]), interpolate=True, lineColor=array([-1., -1., -1.]), lineColorSpace='rgb', lineRGB=array([-1, -1, -1]), lineWidth=1, name='polygon_2', opacity=1, ori=0.0, pos=array([0., 0.]), size=array([0.15, 0.15]), units='height', vertices=ndarray(...), win=Window(...), windingRule=None)
20.8643 	EXP 	Created text_3 = TextStim(__class__=<class 'psychopy.visual.text.TextStim'>, alignHoriz=method-wrapper(...), alignText='center', alignVert=method-wrapper(...), anchorHoriz='center', anchorVert='center', antialias=True, autoDraw=False, autoLog=True, bold=False, color=array([1., 1., 1.]), colorSpace='rgb', contrast=1.0, depth=0.0, draggable=False, flipHoriz=False, flipVert=False, font='Arial', fontFiles=[], height=0.1, italic=False, languageStyle='LTR', name='text_3', opacity=1, ori=0, pos=array([0., 0.]), rgb=UNKNOWN, text=str(...), units='height', win=Window(...), wrapWidth=1)
20.8724 	EXP 	Created text_2 = TextStim(__class__=<class 'psychopy.visual.text.TextStim'>, alignHoriz=method-wrapper(...), alignText='center', alignVert=method-wrapper(...), anchorHoriz='center', anchorVert='center', antialias=True, autoDraw=False, autoLog=True, bold=False, color=array([1., 1., 1.]), colorSpace='rgb', contrast=1.0, depth=0.0, draggable=False, flipHoriz=False, flipVert=False, font='Arial', fontFiles=[], height=0.1, italic=False, languageStyle='LTR', name='text_2', opacity=1, ori=0, pos=array([0., 0.]), rgb=UNKNOWN, text=str(...), units='height', win=Window(...), wrapWidth=1)
0.0156 	EXP 	instr: autoDraw = True
2721.8325 	EXP 	Imported selected_practice.csv as conditions, 4 conditions, 27 params
2721.8332 	EXP 	New trial (rep=0, index=0): <Trial 0 (0 in rep 0) data={'sounds': 'sounds/p3c_saltar.wav', 'syll': 'CVC', 'stress_unstress': 'Unstressed', 'suffix': 'Match', 'present_past': 'past', 'corrAns': 'num_2', 'trigger_item': 0.0, 'trigger_senonset': 0.205513, 'trigger_verbsonset': 0.8629519999999999, 'trigger_1_F0': 0.984841, 'trigger_suffix': 1.219715, 'trigger_2_F0': 1.27, 'ID_item': 101, 'ID_senonset': 30, 'ID_verbonset': 31, 'ID_1_F0': 32, 'ID_suffix': 33, 'ID_2_F0': 34, 'ms_senonset': 0.005513, 'ms_verbonset': 0.662952, 'ms_1_F0': 0.784841, 'ms_suffix': 1.019715, 'ms_2_F0': 1.07, 'file_name': 'p3c_saltar.wav', 'sentence': 'p3', 'cond': 'c', 'combo': 'p3c', 'thisN': 0, 'thisTrialN': 0, 'thisRepN': 0}>
2721.8406 	EXP 	Sound test_sound_2 reached end of file
2721.8457 	EXP 	Sound test_sound_2 started
2721.8430 	DATA 	Keypress: space
2721.8510 	EXP 	instr: autoDraw = False
2721.8510 	EXP 	polygon: autoDraw = True
2723.9107 	EXP 	Sound test_sound_2 reached end of file
2723.9162 	EXP 	Sound test_sound_2 reached end of file
2727.4689 	EXP 	New trial (rep=0, index=1): <Trial 1 (1 in rep 0) data={'sounds': 'sounds/p1a_saltar.wav', 'syll': 'CVC', 'stress_unstress': 'Stressed', 'suffix': 'Match', 'present_past': 'present', 'corrAns': 'num_1', 'trigger_item': 0.0, 'trigger_senonset': 0.205513, 'trigger_verbsonset': 0.8629519999999999, 'trigger_1_F0': 0.984841, 'trigger_suffix': 1.219715, 'trigger_2_F0': 1.27, 'ID_item': 101, 'ID_senonset': 10, 'ID_verbonset': 11, 'ID_1_F0': 12, 'ID_suffix': 13, 'ID_2_F0': 14, 'ms_senonset': 0.005513, 'ms_verbonset': 0.662952, 'ms_1_F0': 0.784841, 'ms_suffix': 1.019715, 'ms_2_F0': 1.07, 'file_name': 'p1a_saltar.wav', 'sentence': 'p1', 'cond': 'a', 'combo': 'p1a', 'thisN': 1, 'thisTrialN': 1, 'thisRepN': 0}>
2727.4774 	EXP 	Sound test_sound_2 reached end of file
2727.4789 	EXP 	Sound test_sound_2 started
2727.4803 	DATA 	Keypress: right
2727.4887 	EXP 	polygon: autoDraw = False
2727.4887 	EXP 	text_3: autoDraw = False
2727.4887 	EXP 	polygon: autoDraw = True
2729.7038 	EXP 	Sound test_sound_2 reached end of file
2729.7117 	EXP 	Sound test_sound_2 reached end of file
2732.6141 	EXP 	New trial (rep=0, index=2): <Trial 2 (2 in rep 0) data={'sounds': 'sounds/p4d_cortar.wav', 'syll': 'CVC', 'stress_unstress': 'Stressed', 'suffix': 'Mismatch', 'present_past': 'past', 'corrAns': 'num_2', 'trigger_item': 0.0, 'trigger_senonset': 0.205513, 'trigger_verbsonset': 0.8629519999999999, 'trigger_1_F0': 0.984841, 'trigger_suffix': 1.219715, 'trigger_2_F0': 1.27, 'ID_item': 101, 'ID_senonset': 40, 'ID_verbonset': 41, 'ID_1_F0': 42, 'ID_suffix': 43, 'ID_2_F0': 44, 'ms_senonset': 0.005513, 'ms_verbonset': 0.662952, 'ms_1_F0': 0.784841, 'ms_suffix': 1.019715, 'ms_2_F0': 1.07, 'file_name': 'p4d_cortar.wav', 'sentence': 'p4', 'cond': 'd', 'combo': 'p4d', 'thisN': 2, 'thisTrialN': 2, 'thisRepN': 0}>
2732.6188 	EXP 	Sound test_sound_2 reached end of file
2732.6280 	EXP 	Sound test_sound_2 started
2732.6202 	DATA 	Keypress: left
2732.6312 	EXP 	polygon: autoDraw = False
2732.6312 	EXP 	text_3: autoDraw = False
2732.6312 	EXP 	polygon: autoDraw = True
2735.1190 	EXP 	Sound test_sound_2 reached end of file
2735.1285 	EXP 	Sound test_sound_2 reached end of file
2736.3353 	EXP 	New trial (rep=0, index=3): <Trial 3 (3 in rep 0) data={'sounds': 'sounds/p2b_cortar.wav', 'syll': 'CVC', 'stress_unstress': 'Unstressed', 'suffix': 'Mismatch', 'present_past': 'present', 'corrAns': 'num_1', 'trigger_item': 0.0, 'trigger_senonset': 0.205513, 'trigger_verbsonset': 0.8629519999999999, 'trigger_1_F0': 0.984841, 'trigger_suffix': 1.219715, 'trigger_2_F0': 1.27, 'ID_item': 101, 'ID_senonset': 20, 'ID_verbonset': 21, 'ID_1_F0': 22, 'ID_suffix': 23, 'ID_2_F0': 24, 'ms_senonset': 0.005513, 'ms_verbonset': 0.662952, 'ms_1_F0': 0.784841, 'ms_suffix': 1.019715, 'ms_2_F0': 1.07, 'file_name': 'p2b_cortar.wav', 'sentence': 'p2', 'cond': 'b', 'combo': 'p2b', 'thisN': 3, 'thisTrialN': 3, 'thisRepN': 0}>
2736.3435 	EXP 	Sound test_sound_2 reached end of file
2736.3451 	EXP 	Sound test_sound_2 started
2736.3458 	DATA 	Keypress: right
2736.3546 	EXP 	polygon: autoDraw = False
2736.3546 	EXP 	text_3: autoDraw = False
2736.3546 	EXP 	polygon: autoDraw = True
2738.5866 	EXP 	Sound test_sound_2 reached end of file
2738.5955 	EXP 	Sound test_sound_2 reached end of file
2742.7657 	DATA 	Keypress: left
2742.7784 	EXP 	polygon: autoDraw = False
2742.7784 	EXP 	text_3: autoDraw = False
2742.7784 	EXP 	instr: autoDraw = True
2828.6651 	EXP 	Imported selected_trials.csv as conditions, 40 conditions, 26 params
2828.6656 	EXP 	New trial (rep=0, index=0): <Trial 0 (0 in rep 0) data={'sounds': 'sounds/11a_pegar.wav', 'syll': 'CVC', 'stress_unstress': 'Stressed', 'suffix': 'Match', 'present_past': 'present', 'corrAns': 'num_1', 'trigger_item': 0.0, 'trigger_senonset': 0.2, 'trigger_verbsonset': 0.8182808977343741, 'trigger_1_F0': 0.831294515585661, 'trigger_suffix': 0.98, 'trigger_2_F0': 1.012063288108519, 'ID_item': 101, 'ID_senonset': 10, 'ID_verbonset': 11, 'ID_1_F0': 12, 'ID_suffix': 13, 'ID_2_F0': 14, 'ms_senonset': 0, 'ms_verbonset': 0.618280897734374, 'ms_1_F0': 0.631294515585661, 'ms_suffix': 0.78, 'ms_2_F0': 0.812063288108519, 'file_name': '11a_pegar.wav', 'item_id': 11, 'cond': 'a', 'thisN': 0, 'thisTrialN': 0, 'thisRepN': 0}>
2828.6702 	EXP 	Sound test_sound reached end of file
2828.6807 	EXP 	Sound test_sound started
2828.6722 	DATA 	Keypress: space
2828.6814 	EXP 	instr: autoDraw = False
2828.6814 	EXP 	polygon_2: autoDraw = True
2830.5979 	EXP 	Sound test_sound reached end of file
2830.6142 	EXP 	Sound test_sound reached end of file
2832.8363 	EXP 	New trial (rep=0, index=1): <Trial 1 (1 in rep 0) data={'sounds': 'sounds/18b_cumplir.wav', 'syll': 'CVC', 'stress_unstress': 'Unstressed', 'suffix': 'Mismatch', 'present_past': 'present', 'corrAns': 'num_1', 'trigger_item': 0.0, 'trigger_senonset': 0.2, 'trigger_verbsonset': 1.2408027271412, 'trigger_1_F0': 1.25568597366898, 'trigger_suffix': 1.46256310040509, 'trigger_2_F0': 1.54144430700231, 'ID_item': 101, 'ID_senonset': 20, 'ID_verbonset': 21, 'ID_1_F0': 22, 'ID_suffix': 23, 'ID_2_F0': 24, 'ms_senonset': 0, 'ms_verbonset': 1.0408027271412, 'ms_1_F0': 1.05568597366898, 'ms_suffix': 1.26256310040509, 'ms_2_F0': 1.34144430700231, 'file_name': '18b_cumplir.wav', 'item_id': 18, 'cond': 'b', 'thisN': 1, 'thisTrialN': 1, 'thisRepN': 0}>
2832.8430 	EXP 	Sound test_sound reached end of file
2832.8473 	EXP 	Sound test_sound started
2832.8453 	DATA 	Keypress: left
2832.8548 	EXP 	polygon_2: autoDraw = False
2832.8548 	EXP 	text_3: autoDraw = False
2832.8548 	EXP 	polygon_2: autoDraw = True
2835.0104 	EXP 	Sound test_sound reached end of file
2835.0160 	EXP 	Sound test_sound reached end of file
2836.4041 	EXP 	New trial (rep=0, index=2): <Trial 2 (2 in rep 0) data={'sounds': 'sounds/39b_manchar.wav', 'syll': 'CVC', 'stress_unstress': 'Unstressed', 'suffix': 'Mismatch', 'present_past': 'present', 'corrAns': 'num_1', 'trigger_item': 0.0, 'trigger_senonset': 0.2, 'trigger_verbsonset': 0.81, 'trigger_1_F0': 0.91203755787037, 'trigger_suffix': 1.140584317129629, 'trigger_2_F0': 1.2139708912037, 'ID_item': 101, 'ID_senonset': 20, 'ID_verbonset': 21, 'ID_1_F0': 22, 'ID_suffix': 23, 'ID_2_F0': 24, 'ms_senonset': 0, 'ms_verbonset': 0.61, 'ms_1_F0': 0.71203755787037, 'ms_suffix': 0.940584317129629, 'ms_2_F0': 1.0139708912037, 'file_name': '39b_manchar.wav', 'item_id': 39, 'cond': 'b', 'thisN': 2, 'thisTrialN': 2, 'thisRepN': 0}>
2836.4136 	EXP 	Sound test_sound reached end of file
2836.4141 	EXP 	Sound test_sound started
2836.4159 	DATA 	Keypress: left
2836.4254 	EXP 	polygon_2: autoDraw = False
2836.4254 	EXP 	text_3: autoDraw = False
2836.4254 	EXP 	polygon_2: autoDraw = True
2838.6527 	EXP 	Sound test_sound reached end of file
2838.6645 	EXP 	Sound test_sound reached end of file
2841.4661 	DATA 	Keypress: left
2841.4861 	EXP 	New trial (rep=0, index=3): <Trial 3 (3 in rep 0) data={'sounds': 'sounds/23a_tomar.wav', 'syll': 'CVC', 'stress_unstress': 'Stressed', 'suffix': 'Match', 'present_past': 'present', 'corrAns': 'num_1', 'trigger_item': 0.0, 'trigger_senonset': 0.2, 'trigger_verbsonset': 0.9453179615162032, 'trigger_1_F0': 0.95, 'trigger_suffix': 1.08, 'trigger_2_F0': 1.158644495081018, 'ID_item': 101, 'ID_senonset': 10, 'ID_verbonset': 11, 'ID_1_F0': 12, 'ID_suffix': 13, 'ID_2_F0': 14, 'ms_senonset': 0, 'ms_verbonset': 0.745317961516203, 'ms_1_F0': 0.75, 'ms_suffix': 0.88, 'ms_2_F0': 0.958644495081018, 'file_name': '23a_tomar.wav', 'item_id': 23, 'cond': 'a', 'thisN': 3, 'thisTrialN': 3, 'thisRepN': 0}>
2841.4940 	EXP 	Sound test_sound reached end of file
2841.4973 	EXP 	Sound test_sound started
2841.5062 	EXP 	polygon_2: autoDraw = False
2841.5062 	EXP 	text_3: autoDraw = False
2841.5062 	EXP 	polygon_2: autoDraw = True
2843.3857 	EXP 	Sound test_sound reached end of file
2843.3977 	EXP 	Sound test_sound reached end of file
2846.3374 	EXP 	New trial (rep=0, index=4): <Trial 4 (4 in rep 0) data={'sounds': 'sounds/34c_formar.wav', 'syll': 'CVC', 'stress_unstress': 'Unstressed', 'suffix': 'Match', 'present_past': 'past', 'corrAns': 'num_2', 'trigger_item': 0.0, 'trigger_senonset': 0.2, 'trigger_verbsonset': 0.876373676215277, 'trigger_1_F0': 0.992687651909722, 'trigger_suffix': 1.14, 'trigger_2_F0': 1.26319767795138, 'ID_item': 101, 'ID_senonset': 30, 'ID_verbonset': 31, 'ID_1_F0': 32, 'ID_suffix': 33, 'ID_2_F0': 34, 'ms_senonset': 0, 'ms_verbonset': 0.676373676215277, 'ms_1_F0': 0.792687651909722, 'ms_suffix': 0.94, 'ms_2_F0': 1.06319767795138, 'file_name': '34c_formar.wav', 'item_id': 34, 'cond': 'c', 'thisN': 4, 'thisTrialN': 4, 'thisRepN': 0}>
2846.3449 	EXP 	Sound test_sound reached end of file
2846.3478 	EXP 	Sound test_sound started
2846.3472 	DATA 	Keypress: left
2846.3569 	EXP 	polygon_2: autoDraw = False
2846.3569 	EXP 	text_3: autoDraw = False
2846.3569 	EXP 	polygon_2: autoDraw = True
2848.5758 	EXP 	Sound test_sound reached end of file
2848.5829 	EXP 	Sound test_sound reached end of file
2849.2711 	EXP 	New trial (rep=0, index=5): <Trial 5 (5 in rep 0) data={'sounds': 'sounds/35b_secar.wav', 'syll': 'CVC', 'stress_unstress': 'Unstressed', 'suffix': 'Mismatch', 'present_past': 'present', 'corrAns': 'num_1', 'trigger_item': 0.0, 'trigger_senonset': 0.2, 'trigger_verbsonset': 0.8990044921875, 'trigger_1_F0': 1.025708658854166, 'trigger_suffix': 1.179689416956018, 'trigger_2_F0': 1.20652606336805, 'ID_item': 101, 'ID_senonset': 20, 'ID_verbonset': 21, 'ID_1_F0': 22, 'ID_suffix': 23, 'ID_2_F0': 24, 'ms_senonset': 0, 'ms_verbonset': 0.6990044921875, 'ms_1_F0': 0.825708658854166, 'ms_suffix': 0.979689416956018, 'ms_2_F0': 1.00652606336805, 'file_name': '35b_secar.wav', 'item_id': 35, 'cond': 'b', 'thisN': 5, 'thisTrialN': 5, 'thisRepN': 0}>
2849.2786 	EXP 	Sound test_sound reached end of file
2849.2809 	EXP 	Sound test_sound started
2849.2817 	DATA 	Keypress: right
2849.2903 	EXP 	polygon_2: autoDraw = False
2849.2903 	EXP 	text_3: autoDraw = False
2849.2903 	EXP 	polygon_2: autoDraw = True
2851.4021 	EXP 	Sound test_sound reached end of file
2851.4149 	EXP 	Sound test_sound reached end of file
2854.6345 	DATA 	Keypress: left
2854.6548 	EXP 	New trial (rep=0, index=6): <Trial 6 (6 in rep 0) data={'sounds': 'sounds/01d_salvar.wav', 'syll': 'CVC', 'stress_unstress': 'Stressed', 'suffix': 'Mismatch', 'present_past': 'past', 'corrAns': 'num_2', 'trigger_item': 0.0, 'trigger_senonset': 0.2, 'trigger_verbsonset': 0.8500000000000001, 'trigger_1_F0': 0.996069502314814, 'trigger_suffix': 1.23, 'trigger_2_F0': 1.29, 'ID_item': 101, 'ID_senonset': 40, 'ID_verbonset': 41, 'ID_1_F0': 42, 'ID_suffix': 43, 'ID_2_F0': 44, 'ms_senonset': 0, 'ms_verbonset': 0.65, 'ms_1_F0': 0.796069502314814, 'ms_suffix': 1.03, 'ms_2_F0': 1.09, 'file_name': '01d_salvar.wav', 'item_id': 1, 'cond': 'd', 'thisN': 6, 'thisTrialN': 6, 'thisRepN': 0}>
2854.6625 	EXP 	Sound test_sound reached end of file
2854.6644 	EXP 	Sound test_sound started
2854.6746 	EXP 	polygon_2: autoDraw = False
2854.6746 	EXP 	text_3: autoDraw = False
2854.6746 	EXP 	polygon_2: autoDraw = True
2856.7031 	EXP 	Sound test_sound reached end of file
2856.7146 	EXP 	Sound test_sound reached end of file
2857.9872 	EXP 	New trial (rep=0, index=7): <Trial 7 (7 in rep 0) data={'sounds': 'sounds/05a_fumar.wav', 'syll': 'CVC', 'stress_unstress': 'Stressed', 'suffix': 'Match', 'present_past': 'present', 'corrAns': 'num_1', 'trigger_item': 0.0, 'trigger_senonset': 0.2, 'trigger_verbsonset': 1.15, 'trigger_1_F0': 1.36712555700231, 'trigger_suffix': 1.48, 'trigger_2_F0': 1.56308830295138, 'ID_item': 101, 'ID_senonset': 10, 'ID_verbonset': 11, 'ID_1_F0': 12, 'ID_suffix': 13, 'ID_2_F0': 14, 'ms_senonset': 0, 'ms_verbonset': 0.95, 'ms_1_F0': 1.16712555700231, 'ms_suffix': 1.28, 'ms_2_F0': 1.36308830295138, 'file_name': '05a_fumar.wav', 'item_id': 5, 'cond': 'a', 'thisN': 7, 'thisTrialN': 7, 'thisRepN': 0}>
2857.9951 	EXP 	Sound test_sound reached end of file
2857.9979 	EXP 	Sound test_sound started
2857.9988 	DATA 	Keypress: right
2858.0063 	EXP 	polygon_2: autoDraw = False
2858.0063 	EXP 	text_3: autoDraw = False
2858.0063 	EXP 	polygon_2: autoDraw = True
2860.3516 	EXP 	Sound test_sound reached end of file
2860.3655 	EXP 	Sound test_sound reached end of file
2865.3554 	EXP 	New trial (rep=0, index=8): <Trial 8 (8 in rep 0) data={'sounds': 'sounds/10d_vender.wav', 'syll': 'CVC', 'stress_unstress': 'Stressed', 'suffix': 'Mismatch', 'present_past': 'past', 'corrAns': 'num_2', 'trigger_item': 0.0, 'trigger_senonset': 0.2, 'trigger_verbsonset': 0.832830209056713, 'trigger_1_F0': 0.8775468199411529, 'trigger_suffix': 1.109501330306288, 'trigger_2_F0': 1.158928471023364, 'ID_item': 101, 'ID_senonset': 40, 'ID_verbonset': 41, 'ID_1_F0': 42, 'ID_suffix': 43, 'ID_2_F0': 44, 'ms_senonset': 0, 'ms_verbonset': 0.632830209056713, 'ms_1_F0': 0.677546819941153, 'ms_suffix': 0.909501330306288, 'ms_2_F0': 0.958928471023364, 'file_name': '10d_vender.wav', 'item_id': 10, 'cond': 'd', 'thisN': 8, 'thisTrialN': 8, 'thisRepN': 0}>
2865.3637 	EXP 	Sound test_sound reached end of file
2865.3653 	EXP 	Sound test_sound started
2865.3666 	DATA 	Keypress: right
2865.3746 	EXP 	polygon_2: autoDraw = False
2865.3746 	EXP 	text_3: autoDraw = False
2865.3746 	EXP 	polygon_2: autoDraw = True
2867.2516 	EXP 	Sound test_sound reached end of file
2867.2651 	EXP 	Sound test_sound reached end of file
2868.4184 	DATA 	Keypress: right
2868.4387 	EXP 	New trial (rep=0, index=9): <Trial 9 (9 in rep 0) data={'sounds': 'sounds/20c_cubrir.wav', 'syll': 'CVC', 'stress_unstress': 'Unstressed', 'suffix': 'Match', 'present_past': 'past', 'corrAns': 'num_2', 'trigger_item': 0.0, 'trigger_senonset': 0.2, 'trigger_verbsonset': 0.980138641742621, 'trigger_1_F0': 1.01, 'trigger_suffix': 1.192436112212021, 'trigger_2_F0': 1.28412143493692, 'ID_item': 101, 'ID_senonset': 30, 'ID_verbonset': 31, 'ID_1_F0': 32, 'ID_suffix': 33, 'ID_2_F0': 34, 'ms_senonset': 0, 'ms_verbonset': 0.780138641742621, 'ms_1_F0': 0.81, 'ms_suffix': 0.992436112212021, 'ms_2_F0': 1.08412143493692, 'file_name': '20c_cubrir.wav', 'item_id': 20, 'cond': 'c', 'thisN': 9, 'thisTrialN': 9, 'thisRepN': 0}>
2868.4452 	EXP 	Sound test_sound reached end of file
2868.4483 	EXP 	Sound test_sound started
2868.4563 	EXP 	polygon_2: autoDraw = False
2868.4563 	EXP 	text_3: autoDraw = False
2868.4563 	EXP 	polygon_2: autoDraw = True
2870.5714 	EXP 	Sound test_sound reached end of file
2870.5817 	EXP 	Sound test_sound reached end of file
2874.0935 	DATA 	Keypress: right
2874.0984 	EXP 	polygon_2: autoDraw = False
2874.0984 	EXP 	text_3: autoDraw = True
2894.2018 	EXP 	New trial (rep=0, index=10): <Trial 10 (10 in rep 0) data={'sounds': 'sounds/14b_borrar.wav', 'syll': 'CVC', 'stress_unstress': 'Unstressed', 'suffix': 'Mismatch', 'present_past': 'present', 'corrAns': 'num_1', 'trigger_item': 0.0, 'trigger_senonset': 0.2, 'trigger_verbsonset': 0.72, 'trigger_1_F0': 0.770187630208333, 'trigger_suffix': 0.851961241319444, 'trigger_2_F0': 0.964399956597222, 'ID_item': 101, 'ID_senonset': 20, 'ID_verbonset': 21, 'ID_1_F0': 22, 'ID_suffix': 23, 'ID_2_F0': 24, 'ms_senonset': 0, 'ms_verbonset': 0.52, 'ms_1_F0': 0.570187630208333, 'ms_suffix': 0.651961241319444, 'ms_2_F0': 0.764399956597222, 'file_name': '14b_borrar.wav', 'item_id': 14, 'cond': 'b', 'thisN': 10, 'thisTrialN': 10, 'thisRepN': 0}>
2894.2085 	EXP 	Sound test_sound reached end of file
2894.2156 	EXP 	Sound test_sound started
2894.2107 	DATA 	Keypress: space
2894.2198 	EXP 	text_3: autoDraw = False
2894.2198 	EXP 	polygon_2: autoDraw = True
2896.1493 	EXP 	Sound test_sound reached end of file
2896.1661 	EXP 	Sound test_sound reached end of file
2898.5717 	EXP 	New trial (rep=0, index=11): <Trial 11 (11 in rep 0) data={'sounds': 'sounds/13c_montar.wav', 'syll': 'CVC', 'stress_unstress': 'Unstressed', 'suffix': 'Match', 'present_past': 'past', 'corrAns': 'num_2', 'trigger_item': 0.0, 'trigger_senonset': 0.2, 'trigger_verbsonset': 0.8800000000000001, 'trigger_1_F0': 0.98, 'trigger_suffix': 1.24543012152777, 'trigger_2_F0': 1.2594709201388798, 'ID_item': 101, 'ID_senonset': 30, 'ID_verbonset': 31, 'ID_1_F0': 32, 'ID_suffix': 33, 'ID_2_F0': 34, 'ms_senonset': 0, 'ms_verbonset': 0.68, 'ms_1_F0': 0.78, 'ms_suffix': 1.04543012152777, 'ms_2_F0': 1.05947092013888, 'file_name': '13c_montar.wav', 'item_id': 13, 'cond': 'c', 'thisN': 11, 'thisTrialN': 11, 'thisRepN': 0}>
2898.5794 	EXP 	Sound test_sound reached end of file
2898.5822 	EXP 	Sound test_sound started
2898.5822 	DATA 	Keypress: left
2898.5902 	EXP 	polygon_2: autoDraw = False
2898.5902 	EXP 	text_3: autoDraw = False
2898.5902 	EXP 	polygon_2: autoDraw = True
2900.8618 	EXP 	Sound test_sound reached end of file
2900.8674 	EXP 	Sound test_sound reached end of file
2901.4191 	DATA 	Keypress: right
2901.4380 	EXP 	New trial (rep=0, index=12): <Trial 12 (12 in rep 0) data={'sounds': 'sounds/16a_llevar.wav', 'syll': 'CVC', 'stress_unstress': 'Stressed', 'suffix': 'Match', 'present_past': 'present', 'corrAns': 'num_1', 'trigger_item': 0.0, 'trigger_senonset': 0.2, 'trigger_verbsonset': 0.929084516317274, 'trigger_1_F0': 0.964936524692279, 'trigger_suffix': 1.08, 'trigger_2_F0': 1.131864014418682, 'ID_item': 101, 'ID_senonset': 10, 'ID_verbonset': 11, 'ID_1_F0': 12, 'ID_suffix': 13, 'ID_2_F0': 14, 'ms_senonset': 0, 'ms_verbonset': 0.729084516317274, 'ms_1_F0': 0.764936524692279, 'ms_suffix': 0.88, 'ms_2_F0': 0.931864014418682, 'file_name': '16a_llevar.wav', 'item_id': 16, 'cond': 'a', 'thisN': 12, 'thisTrialN': 12, 'thisRepN': 0}>
2901.4440 	EXP 	Sound test_sound reached end of file
2901.4490 	EXP 	Sound test_sound started
2901.4544 	EXP 	polygon_2: autoDraw = False
2901.4544 	EXP 	text_3: autoDraw = False
2901.4544 	EXP 	polygon_2: autoDraw = True
2903.3382 	EXP 	Sound test_sound reached end of file
2903.3492 	EXP 	Sound test_sound reached end of file
2903.9564 	EXP 	New trial (rep=0, index=13): <Trial 13 (13 in rep 0) data={'sounds': 'sounds/06d_soplar.wav', 'syll': 'CVC', 'stress_unstress': 'Stressed', 'suffix': 'Mismatch', 'present_past': 'past', 'corrAns': 'num_2', 'trigger_item': 0.0, 'trigger_senonset': 0.2, 'trigger_verbsonset': 0.761291666666666, 'trigger_1_F0': 0.8899999999999999, 'trigger_suffix': 1.102139687590422, 'trigger_2_F0': 1.166665581687644, 'ID_item': 101, 'ID_senonset': 40, 'ID_verbonset': 41, 'ID_1_F0': 42, 'ID_suffix': 43, 'ID_2_F0': 44, 'ms_senonset': 0, 'ms_verbonset': 0.561291666666666, 'ms_1_F0': 0.69, 'ms_suffix': 0.902139687590422, 'ms_2_F0': 0.966665581687644, 'file_name': '06d_soplar.wav', 'item_id': 6, 'cond': 'd', 'thisN': 13, 'thisTrialN': 13, 'thisRepN': 0}>
2903.9638 	EXP 	Sound test_sound reached end of file
2903.9657 	EXP 	Sound test_sound started
2903.9668 	DATA 	Keypress: left
2903.9749 	EXP 	polygon_2: autoDraw = False
2903.9749 	EXP 	text_3: autoDraw = False
2903.9749 	EXP 	polygon_2: autoDraw = True
2905.8249 	EXP 	Sound test_sound reached end of file
2905.8327 	EXP 	Sound test_sound reached end of file
2907.1061 	EXP 	New trial (rep=0, index=14): <Trial 14 (14 in rep 0) data={'sounds': 'sounds/30a_fundar.wav', 'syll': 'CVC', 'stress_unstress': 'Stressed', 'suffix': 'Match', 'present_past': 'present', 'corrAns': 'num_1', 'trigger_item': 0.0, 'trigger_senonset': 0.2, 'trigger_verbsonset': 0.77, 'trigger_1_F0': 0.91, 'trigger_suffix': 1.112685546875, 'trigger_2_F0': 1.12, 'ID_item': 101, 'ID_senonset': 10, 'ID_verbonset': 11, 'ID_1_F0': 12, 'ID_suffix': 13, 'ID_2_F0': 14, 'ms_senonset': 0, 'ms_verbonset': 0.57, 'ms_1_F0': 0.71, 'ms_suffix': 0.912685546875, 'ms_2_F0': 0.92, 'file_name': '30a_fundar.wav', 'item_id': 30, 'cond': 'a', 'thisN': 14, 'thisTrialN': 14, 'thisRepN': 0}>
2907.1138 	EXP 	Sound test_sound reached end of file
2907.1157 	EXP 	Sound test_sound started
2907.1162 	DATA 	Keypress: left
2907.1256 	EXP 	polygon_2: autoDraw = False
2907.1256 	EXP 	text_3: autoDraw = False
2907.1256 	EXP 	polygon_2: autoDraw = True
2909.2548 	EXP 	Sound test_sound reached end of file
2909.2660 	EXP 	Sound test_sound reached end of file
2909.9718 	EXP 	New trial (rep=0, index=15): <Trial 15 (15 in rep 0) data={'sounds': 'sounds/19a_marcar.wav', 'syll': 'CVC', 'stress_unstress': 'Stressed', 'suffix': 'Match', 'present_past': 'present', 'corrAns': 'num_1', 'trigger_item': 0.0, 'trigger_senonset': 0.2, 'trigger_verbsonset': 0.8400000000000001, 'trigger_1_F0': 0.97, 'trigger_suffix': 1.245718359375, 'trigger_2_F0': 1.273519140625, 'ID_item': 101, 'ID_senonset': 10, 'ID_verbonset': 11, 'ID_1_F0': 12, 'ID_suffix': 13, 'ID_2_F0': 14, 'ms_senonset': 0, 'ms_verbonset': 0.64, 'ms_1_F0': 0.77, 'ms_suffix': 1.045718359375, 'ms_2_F0': 1.073519140625, 'file_name': '19a_marcar.wav', 'item_id': 19, 'cond': 'a', 'thisN': 15, 'thisTrialN': 15, 'thisRepN': 0}>
2909.9785 	EXP 	Sound test_sound reached end of file
2909.9826 	EXP 	Sound test_sound started
2909.9824 	DATA 	Keypress: left
2909.9890 	EXP 	polygon_2: autoDraw = False
2909.9890 	EXP 	text_3: autoDraw = False
2909.9890 	EXP 	polygon_2: autoDraw = True
2911.8665 	EXP 	Sound test_sound reached end of file
2911.8833 	EXP 	Sound test_sound reached end of file
2913.1064 	EXP 	New trial (rep=0, index=16): <Trial 16 (16 in rep 0) data={'sounds': 'sounds/24d_mirar.wav', 'syll': 'CVC', 'stress_unstress': 'Stressed', 'suffix': 'Mismatch', 'present_past': 'past', 'corrAns': 'num_2', 'trigger_item': 0.0, 'trigger_senonset': 0.2, 'trigger_verbsonset': 0.71, 'trigger_1_F0': 0.8119545789930551, 'trigger_suffix': 0.9389863642939812, 'trigger_2_F0': 0.9746780743634248, 'ID_item': 101, 'ID_senonset': 40, 'ID_verbonset': 41, 'ID_1_F0': 42, 'ID_suffix': 43, 'ID_2_F0': 44, 'ms_senonset': 0, 'ms_verbonset': 0.51, 'ms_1_F0': 0.611954578993055, 'ms_suffix': 0.738986364293981, 'ms_2_F0': 0.774678074363425, 'file_name': '24d_mirar.wav', 'item_id': 24, 'cond': 'd', 'thisN': 16, 'thisTrialN': 16, 'thisRepN': 0}>
2913.1131 	EXP 	Sound test_sound reached end of file
2913.1160 	EXP 	Sound test_sound started
2913.1164 	DATA 	Keypress: left
2913.1252 	EXP 	polygon_2: autoDraw = False
2913.1252 	EXP 	text_3: autoDraw = False
2913.1252 	EXP 	polygon_2: autoDraw = True
2914.8045 	EXP 	Sound test_sound reached end of file
2914.8159 	EXP 	Sound test_sound reached end of file
2918.2560 	EXP 	New trial (rep=0, index=17): <Trial 17 (17 in rep 0) data={'sounds': 'sounds/27c_tirar.wav', 'syll': 'CVC', 'stress_unstress': 'Unstressed', 'suffix': 'Match', 'present_past': 'past', 'corrAns': 'num_2', 'trigger_item': 0.0, 'trigger_senonset': 0.2, 'trigger_verbsonset': 0.8119442057291659, 'trigger_1_F0': 0.8307495153356481, 'trigger_suffix': 0.9885306495949072, 'trigger_2_F0': 0.998621303530092, 'ID_item': 101, 'ID_senonset': 30, 'ID_verbonset': 31, 'ID_1_F0': 32, 'ID_suffix': 33, 'ID_2_F0': 34, 'ms_senonset': 0, 'ms_verbonset': 0.611944205729166, 'ms_1_F0': 0.630749515335648, 'ms_suffix': 0.788530649594907, 'ms_2_F0': 0.798621303530092, 'file_name': '27c_tirar.wav', 'item_id': 27, 'cond': 'c', 'thisN': 17, 'thisTrialN': 17, 'thisRepN': 0}>
2918.2627 	EXP 	Sound test_sound reached end of file
2918.2659 	EXP 	Sound test_sound started
2918.2655 	DATA 	Keypress: right
2918.2734 	EXP 	polygon_2: autoDraw = False
2918.2734 	EXP 	text_3: autoDraw = False
2918.2734 	EXP 	polygon_2: autoDraw = True
2920.2434 	EXP 	Sound test_sound reached end of file
2920.2509 	EXP 	Sound test_sound reached end of file
2921.1552 	EXP 	New trial (rep=0, index=18): <Trial 18 (18 in rep 0) data={'sounds': 'sounds/07c_tumbar.wav', 'syll': 'CVC', 'stress_unstress': 'Unstressed', 'suffix': 'Match', 'present_past': 'past', 'corrAns': 'num_2', 'trigger_item': 0.0, 'trigger_senonset': 0.2, 'trigger_verbsonset': 0.9084024930273432, 'trigger_1_F0': 0.9247360728973012, 'trigger_suffix': 1.143289673625005, 'trigger_2_F0': 1.154847989033482, 'ID_item': 101, 'ID_senonset': 30, 'ID_verbonset': 31, 'ID_1_F0': 32, 'ID_suffix': 33, 'ID_2_F0': 34, 'ms_senonset': 0, 'ms_verbonset': 0.708402493027343, 'ms_1_F0': 0.724736072897301, 'ms_suffix': 0.943289673625005, 'ms_2_F0': 0.954847989033482, 'file_name': '07c_tumbar.wav', 'item_id': 7, 'cond': 'c', 'thisN': 18, 'thisTrialN': 18, 'thisRepN': 0}>
2921.1616 	EXP 	Sound test_sound reached end of file
2921.1661 	EXP 	Sound test_sound started
2921.1652 	DATA 	Keypress: right
2921.1722 	EXP 	polygon_2: autoDraw = False
2921.1722 	EXP 	text_3: autoDraw = False
2921.1722 	EXP 	polygon_2: autoDraw = True
2923.0997 	EXP 	Sound test_sound reached end of file
2923.1165 	EXP 	Sound test_sound reached end of file
2923.6566 	EXP 	New trial (rep=0, index=19): <Trial 19 (19 in rep 0) data={'sounds': 'sounds/12a_matar.wav', 'syll': 'CVC', 'stress_unstress': 'Stressed', 'suffix': 'Match', 'present_past': 'present', 'corrAns': 'num_1', 'trigger_item': 0.0, 'trigger_senonset': 0.2, 'trigger_verbsonset': 0.8400000000000001, 'trigger_1_F0': 0.96, 'trigger_suffix': 1.17307472511574, 'trigger_2_F0': 1.186647497106481, 'ID_item': 101, 'ID_senonset': 10, 'ID_verbonset': 11, 'ID_1_F0': 12, 'ID_suffix': 13, 'ID_2_F0': 14, 'ms_senonset': 0, 'ms_verbonset': 0.64, 'ms_1_F0': 0.76, 'ms_suffix': 0.97307472511574, 'ms_2_F0': 0.986647497106481, 'file_name': '12a_matar.wav', 'item_id': 12, 'cond': 'a', 'thisN': 19, 'thisTrialN': 19, 'thisRepN': 0}>
2923.6637 	EXP 	Sound test_sound reached end of file
2923.6661 	EXP 	Sound test_sound started
2923.6671 	DATA 	Keypress: right
2923.6753 	EXP 	polygon_2: autoDraw = False
2923.6753 	EXP 	text_3: autoDraw = False
2923.6753 	EXP 	polygon_2: autoDraw = True
2925.8391 	EXP 	Sound test_sound reached end of file
2925.8500 	EXP 	Sound test_sound reached end of file
2926.4214 	DATA 	Keypress: left
2926.4494 	EXP 	polygon_2: autoDraw = False
2926.4494 	EXP 	text_3: autoDraw = True
2951.6696 	EXP 	New trial (rep=0, index=20): <Trial 20 (20 in rep 0) data={'sounds': 'sounds/29a_pesar.wav', 'syll': 'CVC', 'stress_unstress': 'Stressed', 'suffix': 'Match', 'present_past': 'present', 'corrAns': 'num_1', 'trigger_item': 0.0, 'trigger_senonset': 0.2, 'trigger_verbsonset': 0.91328417532552, 'trigger_1_F0': 0.925531286730473, 'trigger_suffix': 1.03, 'trigger_2_F0': 1.150619522602117, 'ID_item': 101, 'ID_senonset': 10, 'ID_verbonset': 11, 'ID_1_F0': 12, 'ID_suffix': 13, 'ID_2_F0': 14, 'ms_senonset': 0, 'ms_verbonset': 0.71328417532552, 'ms_1_F0': 0.725531286730473, 'ms_suffix': 0.83, 'ms_2_F0': 0.950619522602117, 'file_name': '29a_pesar.wav', 'item_id': 29, 'cond': 'a', 'thisN': 20, 'thisTrialN': 20, 'thisRepN': 0}>
2951.6758 	EXP 	Sound test_sound reached end of file
2951.6834 	EXP 	Sound test_sound started
2951.6784 	DATA 	Keypress: space
2951.6872 	EXP 	text_3: autoDraw = False
2951.6872 	EXP 	polygon_2: autoDraw = True
2953.5790 	EXP 	Sound test_sound reached end of file
2953.5847 	EXP 	Sound test_sound reached end of file
2954.5407 	EXP 	New trial (rep=0, index=21): <Trial 21 (21 in rep 0) data={'sounds': 'sounds/09c_cargar.wav', 'syll': 'CVC', 'stress_unstress': 'Unstressed', 'suffix': 'Match', 'present_past': 'past', 'corrAns': 'num_2', 'trigger_item': 0.0, 'trigger_senonset': 0.2, 'trigger_verbsonset': 0.81286744068287, 'trigger_1_F0': 0.8382251229745361, 'trigger_suffix': 1.032634020543981, 'trigger_2_F0': 1.090594437210648, 'ID_item': 101, 'ID_senonset': 30, 'ID_verbonset': 31, 'ID_1_F0': 32, 'ID_suffix': 33, 'ID_2_F0': 34, 'ms_senonset': 0, 'ms_verbonset': 0.61286744068287, 'ms_1_F0': 0.638225122974536, 'ms_suffix': 0.832634020543981, 'ms_2_F0': 0.890594437210648, 'file_name': '09c_cargar.wav', 'item_id': 9, 'cond': 'c', 'thisN': 21, 'thisTrialN': 21, 'thisRepN': 0}>
2954.5483 	EXP 	Sound test_sound reached end of file
2954.5500 	EXP 	Sound test_sound started
2954.5511 	DATA 	Keypress: left
2954.5598 	EXP 	polygon_2: autoDraw = False
2954.5598 	EXP 	text_3: autoDraw = False
2954.5598 	EXP 	polygon_2: autoDraw = True
2956.4717 	EXP 	Sound test_sound reached end of file
2956.4839 	EXP 	Sound test_sound reached end of file
2956.8565 	EXP 	New trial (rep=0, index=22): <Trial 22 (22 in rep 0) data={'sounds': 'sounds/26a_bajar.wav', 'syll': 'CVC', 'stress_unstress': 'Stressed', 'suffix': 'Match', 'present_past': 'present', 'corrAns': 'num_1', 'trigger_item': 0.0, 'trigger_senonset': 0.2, 'trigger_verbsonset': 0.77, 'trigger_1_F0': 0.8999999999999999, 'trigger_suffix': 1.03, 'trigger_2_F0': 1.171181705729166, 'ID_item': 101, 'ID_senonset': 10, 'ID_verbonset': 11, 'ID_1_F0': 12, 'ID_suffix': 13, 'ID_2_F0': 14, 'ms_senonset': 0, 'ms_verbonset': 0.57, 'ms_1_F0': 0.7, 'ms_suffix': 0.83, 'ms_2_F0': 0.971181705729166, 'file_name': '26a_bajar.wav', 'item_id': 26, 'cond': 'a', 'thisN': 22, 'thisTrialN': 22, 'thisRepN': 0}>
2956.8641 	EXP 	Sound test_sound reached end of file
2956.8670 	EXP 	Sound test_sound started
2956.8677 	DATA 	Keypress: right
2956.8763 	EXP 	polygon_2: autoDraw = False
2956.8763 	EXP 	text_3: autoDraw = False
2956.8763 	EXP 	polygon_2: autoDraw = True
2958.9171 	EXP 	Sound test_sound reached end of file
2958.9339 	EXP 	Sound test_sound reached end of file
2960.0573 	EXP 	New trial (rep=0, index=23): <Trial 23 (23 in rep 0) data={'sounds': 'sounds/37b_pasar.wav', 'syll': 'CVC', 'stress_unstress': 'Unstressed', 'suffix': 'Mismatch', 'present_past': 'present', 'corrAns': 'num_1', 'trigger_item': 0.0, 'trigger_senonset': 0.2, 'trigger_verbsonset': 1.033132486979166, 'trigger_1_F0': 1.052087565104166, 'trigger_suffix': 1.159499674479166, 'trigger_2_F0': 1.27702115885416, 'ID_item': 101, 'ID_senonset': 20, 'ID_verbonset': 21, 'ID_1_F0': 22, 'ID_suffix': 23, 'ID_2_F0': 24, 'ms_senonset': 0, 'ms_verbonset': 0.833132486979166, 'ms_1_F0': 0.852087565104166, 'ms_suffix': 0.959499674479166, 'ms_2_F0': 1.07702115885416, 'file_name': '37b_pasar.wav', 'item_id': 37, 'cond': 'b', 'thisN': 23, 'thisTrialN': 23, 'thisRepN': 0}>
2960.0661 	EXP 	Sound test_sound reached end of file
2960.0670 	EXP 	Sound test_sound started
2960.0685 	DATA 	Keypress: left
2960.0760 	EXP 	polygon_2: autoDraw = False
2960.0760 	EXP 	text_3: autoDraw = False
2960.0760 	EXP 	polygon_2: autoDraw = True
2962.1667 	EXP 	Sound test_sound reached end of file
2962.1837 	EXP 	Sound test_sound reached end of file
2962.9558 	EXP 	New trial (rep=0, index=24): <Trial 24 (24 in rep 0) data={'sounds': 'sounds/25b_ganar.wav', 'syll': 'CVC', 'stress_unstress': 'Unstressed', 'suffix': 'Mismatch', 'present_past': 'present', 'corrAns': 'num_1', 'trigger_item': 0.0, 'trigger_senonset': 0.2, 'trigger_verbsonset': 1.152097938368055, 'trigger_1_F0': 1.15990068760488, 'trigger_suffix': 1.28904165650454, 'trigger_2_F0': 1.37272500435153, 'ID_item': 101, 'ID_senonset': 20, 'ID_verbonset': 21, 'ID_1_F0': 22, 'ID_suffix': 23, 'ID_2_F0': 24, 'ms_senonset': 0, 'ms_verbonset': 0.952097938368055, 'ms_1_F0': 0.95990068760488, 'ms_suffix': 1.08904165650454, 'ms_2_F0': 1.17272500435153, 'file_name': '25b_ganar.wav', 'item_id': 25, 'cond': 'b', 'thisN': 24, 'thisTrialN': 24, 'thisRepN': 0}>
2962.9618 	EXP 	Sound test_sound reached end of file
2962.9671 	EXP 	Sound test_sound started
2962.9638 	DATA 	Keypress: left
2962.9730 	EXP 	polygon_2: autoDraw = False
2962.9730 	EXP 	text_3: autoDraw = False
2962.9730 	EXP 	polygon_2: autoDraw = True
2965.2852 	EXP 	Sound test_sound reached end of file
2965.3010 	EXP 	Sound test_sound reached end of file
2966.5735 	EXP 	New trial (rep=0, index=25): <Trial 25 (25 in rep 0) data={'sounds': 'sounds/28d_parar.wav', 'syll': 'CVC', 'stress_unstress': 'Stressed', 'suffix': 'Mismatch', 'present_past': 'past', 'corrAns': 'num_2', 'trigger_item': 0.0, 'trigger_senonset': 0.2, 'trigger_verbsonset': 0.8458860026041659, 'trigger_1_F0': 0.862313736979166, 'trigger_suffix': 1.018194683159722, 'trigger_2_F0': 1.032797113715277, 'ID_item': 101, 'ID_senonset': 40, 'ID_verbonset': 41, 'ID_1_F0': 42, 'ID_suffix': 43, 'ID_2_F0': 44, 'ms_senonset': 0, 'ms_verbonset': 0.645886002604166, 'ms_1_F0': 0.662313736979166, 'ms_suffix': 0.818194683159722, 'ms_2_F0': 0.832797113715277, 'file_name': '28d_parar.wav', 'item_id': 28, 'cond': 'd', 'thisN': 25, 'thisTrialN': 25, 'thisRepN': 0}>
2966.5807 	EXP 	Sound test_sound reached end of file
2966.5836 	EXP 	Sound test_sound started
2966.5833 	DATA 	Keypress: left
2966.5919 	EXP 	polygon_2: autoDraw = False
2966.5919 	EXP 	text_3: autoDraw = False
2966.5919 	EXP 	polygon_2: autoDraw = True
2968.4814 	EXP 	Sound test_sound reached end of file
2968.4870 	EXP 	Sound test_sound reached end of file
2969.1402 	EXP 	New trial (rep=0, index=26): <Trial 26 (26 in rep 0) data={'sounds': 'sounds/21a_mezclar.wav', 'syll': 'CVC', 'stress_unstress': 'Stressed', 'suffix': 'Match', 'present_past': 'present', 'corrAns': 'num_1', 'trigger_item': 0.0, 'trigger_senonset': 0.2, 'trigger_verbsonset': 0.78, 'trigger_1_F0': 0.9121902777777772, 'trigger_suffix': 1.20214212962962, 'trigger_2_F0': 1.27, 'ID_item': 101, 'ID_senonset': 10, 'ID_verbonset': 11, 'ID_1_F0': 12, 'ID_suffix': 13, 'ID_2_F0': 14, 'ms_senonset': 0, 'ms_verbonset': 0.58, 'ms_1_F0': 0.712190277777777, 'ms_suffix': 1.00214212962962, 'ms_2_F0': 1.07, 'file_name': '21a_mezclar.wav', 'item_id': 21, 'cond': 'a', 'thisN': 26, 'thisTrialN': 26, 'thisRepN': 0}>
2969.1478 	EXP 	Sound test_sound reached end of file
2969.1505 	EXP 	Sound test_sound started
2969.1500 	DATA 	Keypress: right
2969.1598 	EXP 	polygon_2: autoDraw = False
2969.1598 	EXP 	text_3: autoDraw = False
2969.1598 	EXP 	polygon_2: autoDraw = True
2971.1571 	EXP 	Sound test_sound reached end of file
2971.1677 	EXP 	Sound test_sound reached end of file
2971.8244 	EXP 	New trial (rep=0, index=27): <Trial 27 (27 in rep 0) data={'sounds': 'sounds/38b_pagar.wav', 'syll': 'CVC', 'stress_unstress': 'Unstressed', 'suffix': 'Mismatch', 'present_past': 'present', 'corrAns': 'num_1', 'trigger_item': 0.0, 'trigger_senonset': 0.2, 'trigger_verbsonset': 1.166737304687499, 'trigger_1_F0': 1.185271158854166, 'trigger_suffix': 1.29521061197916, 'trigger_2_F0': 1.4055712890624898, 'ID_item': 101, 'ID_senonset': 20, 'ID_verbonset': 21, 'ID_1_F0': 22, 'ID_suffix': 23, 'ID_2_F0': 24, 'ms_senonset': 0, 'ms_verbonset': 0.966737304687499, 'ms_1_F0': 0.985271158854166, 'ms_suffix': 1.09521061197916, 'ms_2_F0': 1.20557128906249, 'file_name': '38b_pagar.wav', 'item_id': 38, 'cond': 'b', 'thisN': 27, 'thisTrialN': 27, 'thisRepN': 0}>
2971.8321 	EXP 	Sound test_sound reached end of file
2971.8340 	EXP 	Sound test_sound started
2971.8346 	DATA 	Keypress: left
2971.8443 	EXP 	polygon_2: autoDraw = False
2971.8443 	EXP 	text_3: autoDraw = False
2971.8443 	EXP 	polygon_2: autoDraw = True
2974.0679 	EXP 	Sound test_sound reached end of file
2974.0838 	EXP 	Sound test_sound reached end of file
2974.5907 	EXP 	New trial (rep=0, index=28): <Trial 28 (28 in rep 0) data={'sounds': 'sounds/32d_pulsar.wav', 'syll': 'CVC', 'stress_unstress': 'Stressed', 'suffix': 'Mismatch', 'present_past': 'past', 'corrAns': 'num_2', 'trigger_item': 0.0, 'trigger_senonset': 0.2, 'trigger_verbsonset': 0.796440212673611, 'trigger_1_F0': 0.8294641710069439, 'trigger_suffix': 0.99, 'trigger_2_F0': 1.097783832465277, 'ID_item': 101, 'ID_senonset': 40, 'ID_verbonset': 41, 'ID_1_F0': 42, 'ID_suffix': 43, 'ID_2_F0': 44, 'ms_senonset': 0, 'ms_verbonset': 0.596440212673611, 'ms_1_F0': 0.629464171006944, 'ms_suffix': 0.79, 'ms_2_F0': 0.897783832465277, 'file_name': '32d_pulsar.wav', 'item_id': 32, 'cond': 'd', 'thisN': 28, 'thisTrialN': 28, 'thisRepN': 0}>
2974.5972 	EXP 	Sound test_sound reached end of file
2974.6007 	EXP 	Sound test_sound started
2974.6010 	DATA 	Keypress: left
2974.6075 	EXP 	polygon_2: autoDraw = False
2974.6075 	EXP 	text_3: autoDraw = False
2974.6075 	EXP 	polygon_2: autoDraw = True
2976.4018 	EXP 	Sound test_sound reached end of file
2976.4070 	EXP 	Sound test_sound reached end of file
2981.2566 	EXP 	New trial (rep=0, index=29): <Trial 29 (29 in rep 0) data={'sounds': 'sounds/02c_buscar.wav', 'syll': 'CVC', 'stress_unstress': 'Unstressed', 'suffix': 'Match', 'present_past': 'past', 'corrAns': 'num_2', 'trigger_item': 0.0, 'trigger_senonset': 0.2, 'trigger_verbsonset': 0.8700000000000001, 'trigger_1_F0': 1.07, 'trigger_suffix': 1.26, 'trigger_2_F0': 1.40703946035879, 'ID_item': 101, 'ID_senonset': 30, 'ID_verbonset': 31, 'ID_1_F0': 32, 'ID_suffix': 33, 'ID_2_F0': 34, 'ms_senonset': 0, 'ms_verbonset': 0.67, 'ms_1_F0': 0.87, 'ms_suffix': 1.06, 'ms_2_F0': 1.20703946035879, 'file_name': '02c_buscar.wav', 'item_id': 2, 'cond': 'c', 'thisN': 29, 'thisTrialN': 29, 'thisRepN': 0}>
2981.2633 	EXP 	Sound test_sound reached end of file
2981.2673 	EXP 	Sound test_sound started
2981.2661 	DATA 	Keypress: right
2981.2730 	EXP 	polygon_2: autoDraw = False
2981.2730 	EXP 	text_3: autoDraw = False
2981.2730 	EXP 	polygon_2: autoDraw = True
2983.3852 	EXP 	Sound test_sound reached end of file
2983.4012 	EXP 	Sound test_sound reached end of file
2984.2281 	DATA 	Keypress: right
2984.2341 	EXP 	polygon_2: autoDraw = False
2984.2341 	EXP 	text_3: autoDraw = True
3012.1372 	EXP 	New trial (rep=0, index=30): <Trial 30 (30 in rep 0) data={'sounds': 'sounds/03b_limpiar.wav', 'syll': 'CVC', 'stress_unstress': 'Unstressed', 'suffix': 'Mismatch', 'present_past': 'present', 'corrAns': 'num_1', 'trigger_item': 0.0, 'trigger_senonset': 0.2, 'trigger_verbsonset': 0.8500000000000001, 'trigger_1_F0': 0.932367621527777, 'trigger_suffix': 1.26878515625, 'trigger_2_F0': 1.35808463541666, 'ID_item': 101, 'ID_senonset': 20, 'ID_verbonset': 21, 'ID_1_F0': 22, 'ID_suffix': 23, 'ID_2_F0': 24, 'ms_senonset': 0, 'ms_verbonset': 0.65, 'ms_1_F0': 0.732367621527777, 'ms_suffix': 1.06878515625, 'ms_2_F0': 1.15808463541666, 'file_name': '03b_limpiar.wav', 'item_id': 3, 'cond': 'b', 'thisN': 30, 'thisTrialN': 30, 'thisRepN': 0}>
3012.1420 	EXP 	Sound test_sound reached end of file
3012.1514 	EXP 	Sound test_sound started
3012.1454 	DATA 	Keypress: space
3012.1526 	EXP 	text_3: autoDraw = False
3012.1526 	EXP 	polygon_2: autoDraw = True
3014.2686 	EXP 	Sound test_sound reached end of file
3014.2851 	EXP 	Sound test_sound reached end of file
3017.3255 	EXP 	New trial (rep=0, index=31): <Trial 31 (31 in rep 0) data={'sounds': 'sounds/08d_filtrar.wav', 'syll': 'CVC', 'stress_unstress': 'Stressed', 'suffix': 'Mismatch', 'present_past': 'past', 'corrAns': 'num_2', 'trigger_item': 0.0, 'trigger_senonset': 0.2, 'trigger_verbsonset': 0.7526856695589441, 'trigger_1_F0': 0.87808115762362, 'trigger_suffix': 1.118901843962886, 'trigger_2_F0': 1.172598812485867, 'ID_item': 101, 'ID_senonset': 40, 'ID_verbonset': 41, 'ID_1_F0': 42, 'ID_suffix': 43, 'ID_2_F0': 44, 'ms_senonset': 0, 'ms_verbonset': 0.552685669558944, 'ms_1_F0': 0.67808115762362, 'ms_suffix': 0.918901843962886, 'ms_2_F0': 0.972598812485867, 'file_name': '08d_filtrar.wav', 'item_id': 8, 'cond': 'd', 'thisN': 31, 'thisTrialN': 31, 'thisRepN': 0}>
3017.3324 	EXP 	Sound test_sound reached end of file
3017.3351 	EXP 	Sound test_sound started
3017.3357 	DATA 	Keypress: left
3017.3436 	EXP 	polygon_2: autoDraw = False
3017.3436 	EXP 	text_3: autoDraw = False
3017.3436 	EXP 	polygon_2: autoDraw = True
3019.0791 	EXP 	Sound test_sound reached end of file
3019.0863 	EXP 	Sound test_sound reached end of file
3019.9722 	DATA 	Keypress: left
3019.9908 	EXP 	New trial (rep=0, index=32): <Trial 32 (32 in rep 0) data={'sounds': 'sounds/36c_bordar.wav', 'syll': 'CVC', 'stress_unstress': 'Unstressed', 'suffix': 'Match', 'present_past': 'past', 'corrAns': 'num_2', 'trigger_item': 0.0, 'trigger_senonset': 0.2, 'trigger_verbsonset': 1.0, 'trigger_1_F0': 1.078468243634259, 'trigger_suffix': 1.3288624855324, 'trigger_2_F0': 1.3414992042824, 'ID_item': 101, 'ID_senonset': 30, 'ID_verbonset': 31, 'ID_1_F0': 32, 'ID_suffix': 33, 'ID_2_F0': 34, 'ms_senonset': 0, 'ms_verbonset': 0.8, 'ms_1_F0': 0.878468243634259, 'ms_suffix': 1.1288624855324, 'ms_2_F0': 1.1414992042824, 'file_name': '36c_bordar.wav', 'item_id': 36, 'cond': 'c', 'thisN': 32, 'thisTrialN': 32, 'thisRepN': 0}>
3019.9980 	EXP 	Sound test_sound reached end of file
3020.0014 	EXP 	Sound test_sound started
3020.0106 	EXP 	polygon_2: autoDraw = False
3020.0106 	EXP 	text_3: autoDraw = False
3020.0106 	EXP 	polygon_2: autoDraw = True
3022.2540 	EXP 	Sound test_sound reached end of file
3022.2692 	EXP 	Sound test_sound reached end of file
3022.5713 	DATA 	Keypress: right
3022.5920 	EXP 	New trial (rep=0, index=33): <Trial 33 (33 in rep 0) data={'sounds': 'sounds/22d_dejar.wav', 'syll': 'CVC', 'stress_unstress': 'Stressed', 'suffix': 'Mismatch', 'present_past': 'past', 'corrAns': 'num_2', 'trigger_item': 0.0, 'trigger_senonset': 0.2, 'trigger_verbsonset': 0.8500000000000001, 'trigger_1_F0': 1.02, 'trigger_suffix': 1.152543366608796, 'trigger_2_F0': 1.28794346788194, 'ID_item': 101, 'ID_senonset': 40, 'ID_verbonset': 41, 'ID_1_F0': 42, 'ID_suffix': 43, 'ID_2_F0': 44, 'ms_senonset': 0, 'ms_verbonset': 0.65, 'ms_1_F0': 0.82, 'ms_suffix': 0.952543366608796, 'ms_2_F0': 1.08794346788194, 'file_name': '22d_dejar.wav', 'item_id': 22, 'cond': 'd', 'thisN': 33, 'thisTrialN': 33, 'thisRepN': 0}>
3022.5984 	EXP 	Sound test_sound reached end of file
3022.6017 	EXP 	Sound test_sound started
3022.6087 	EXP 	polygon_2: autoDraw = False
3022.6087 	EXP 	text_3: autoDraw = False
3022.6087 	EXP 	polygon_2: autoDraw = True
3024.6226 	EXP 	Sound test_sound reached end of file
3024.6351 	EXP 	Sound test_sound reached end of file
3025.1420 	EXP 	New trial (rep=0, index=34): <Trial 34 (34 in rep 0) data={'sounds': 'sounds/31d_tocar.wav', 'syll': 'CVC', 'stress_unstress': 'Stressed', 'suffix': 'Mismatch', 'present_past': 'past', 'corrAns': 'num_2', 'trigger_item': 0.0, 'trigger_senonset': 0.2, 'trigger_verbsonset': 0.8493931756807, 'trigger_1_F0': 0.8650112062639721, 'trigger_suffix': 1.006860547391531, 'trigger_2_F0': 1.049162047334928, 'ID_item': 101, 'ID_senonset': 40, 'ID_verbonset': 41, 'ID_1_F0': 42, 'ID_suffix': 43, 'ID_2_F0': 44, 'ms_senonset': 0, 'ms_verbonset': 0.6493931756807, 'ms_1_F0': 0.665011206263972, 'ms_suffix': 0.806860547391531, 'ms_2_F0': 0.849162047334928, 'file_name': '31d_tocar.wav', 'item_id': 31, 'cond': 'd', 'thisN': 34, 'thisTrialN': 34, 'thisRepN': 0}>
3025.1484 	EXP 	Sound test_sound reached end of file
3025.1519 	EXP 	Sound test_sound started
3025.1509 	DATA 	Keypress: right
3025.1610 	EXP 	polygon_2: autoDraw = False
3025.1610 	EXP 	text_3: autoDraw = False
3025.1610 	EXP 	polygon_2: autoDraw = True
3027.0356 	EXP 	Sound test_sound reached end of file
3027.0521 	EXP 	Sound test_sound reached end of file
3029.9721 	DATA 	Keypress: right
3029.9906 	EXP 	New trial (rep=0, index=35): <Trial 35 (35 in rep 0) data={'sounds': 'sounds/15b_partir.wav', 'syll': 'CVC', 'stress_unstress': 'Unstressed', 'suffix': 'Mismatch', 'present_past': 'present', 'corrAns': 'num_1', 'trigger_item': 0.0, 'trigger_senonset': 0.2, 'trigger_verbsonset': 0.826865400752314, 'trigger_1_F0': 0.842973894883327, 'trigger_suffix': 1.1042888772729471, 'trigger_2_F0': 1.120815958498066, 'ID_item': 101, 'ID_senonset': 20, 'ID_verbonset': 21, 'ID_1_F0': 22, 'ID_suffix': 23, 'ID_2_F0': 24, 'ms_senonset': 0, 'ms_verbonset': 0.626865400752314, 'ms_1_F0': 0.642973894883327, 'ms_suffix': 0.904288877272947, 'ms_2_F0': 0.920815958498066, 'file_name': '15b_partir.wav', 'item_id': 15, 'cond': 'b', 'thisN': 35, 'thisTrialN': 35, 'thisRepN': 0}>
3029.9972 	EXP 	Sound test_sound reached end of file
3030.0017 	EXP 	Sound test_sound started
3030.0076 	EXP 	polygon_2: autoDraw = False
3030.0076 	EXP 	text_3: autoDraw = False
3030.0076 	EXP 	polygon_2: autoDraw = True
3032.0491 	EXP 	Sound test_sound reached end of file
3032.0549 	EXP 	Sound test_sound reached end of file
3032.7727 	DATA 	Keypress: left
3032.7922 	EXP 	New trial (rep=0, index=36): <Trial 36 (36 in rep 0) data={'sounds': 'sounds/17d_tragar.wav', 'syll': 'CVC', 'stress_unstress': 'Stressed', 'suffix': 'Mismatch', 'present_past': 'past', 'corrAns': 'num_2', 'trigger_item': 0.0, 'trigger_senonset': 0.2, 'trigger_verbsonset': 1.070609360532407, 'trigger_1_F0': 1.117973654513888, 'trigger_suffix': 1.30915316840277, 'trigger_2_F0': 1.35458539534397, 'ID_item': 101, 'ID_senonset': 40, 'ID_verbonset': 41, 'ID_1_F0': 42, 'ID_suffix': 43, 'ID_2_F0': 44, 'ms_senonset': 0, 'ms_verbonset': 0.870609360532407, 'ms_1_F0': 0.917973654513888, 'ms_suffix': 1.10915316840277, 'ms_2_F0': 1.15458539534397, 'file_name': '17d_tragar.wav', 'item_id': 17, 'cond': 'd', 'thisN': 36, 'thisTrialN': 36, 'thisRepN': 0}>
3032.8001 	EXP 	Sound test_sound reached end of file
3032.8017 	EXP 	Sound test_sound started
3032.8114 	EXP 	polygon_2: autoDraw = False
3032.8114 	EXP 	text_3: autoDraw = False
3032.8114 	EXP 	polygon_2: autoDraw = True
3035.0882 	EXP 	Sound test_sound reached end of file
3035.1021 	EXP 	Sound test_sound reached end of file
3036.3260 	EXP 	New trial (rep=0, index=37): <Trial 37 (37 in rep 0) data={'sounds': 'sounds/40c_gastar.wav', 'syll': 'CVC', 'stress_unstress': 'Unstressed', 'suffix': 'Match', 'present_past': 'past', 'corrAns': 'num_2', 'trigger_item': 0.0, 'trigger_senonset': 0.2, 'trigger_verbsonset': 0.8300000000000001, 'trigger_1_F0': 0.8400000000000001, 'trigger_suffix': 1.163436328125, 'trigger_2_F0': 1.183149609375, 'ID_item': 101, 'ID_senonset': 30, 'ID_verbonset': 31, 'ID_1_F0': 32, 'ID_suffix': 33, 'ID_2_F0': 34, 'ms_senonset': 0, 'ms_verbonset': 0.63, 'ms_1_F0': 0.64, 'ms_suffix': 0.963436328125, 'ms_2_F0': 0.983149609375, 'file_name': '40c_gastar.wav', 'item_id': 40, 'cond': 'c', 'thisN': 37, 'thisTrialN': 37, 'thisRepN': 0}>
3036.3326 	EXP 	Sound test_sound reached end of file
3036.3356 	EXP 	Sound test_sound started
3036.3352 	DATA 	Keypress: right
3036.3447 	EXP 	polygon_2: autoDraw = False
3036.3447 	EXP 	text_3: autoDraw = False
3036.3447 	EXP 	polygon_2: autoDraw = True
3038.4261 	EXP 	Sound test_sound reached end of file
3038.4359 	EXP 	Sound test_sound reached end of file
3038.9090 	EXP 	New trial (rep=0, index=38): <Trial 38 (38 in rep 0) data={'sounds': 'sounds/33b_culpar.wav', 'syll': 'CVC', 'stress_unstress': 'Unstressed', 'suffix': 'Mismatch', 'present_past': 'present', 'corrAns': 'num_1', 'trigger_item': 0.0, 'trigger_senonset': 0.2, 'trigger_verbsonset': 0.8606178431336959, 'trigger_1_F0': 0.869103678029107, 'trigger_suffix': 1.109891641372144, 'trigger_2_F0': 1.131540467434179, 'ID_item': 101, 'ID_senonset': 20, 'ID_verbonset': 21, 'ID_1_F0': 22, 'ID_suffix': 23, 'ID_2_F0': 24, 'ms_senonset': 0, 'ms_verbonset': 0.660617843133696, 'ms_1_F0': 0.669103678029107, 'ms_suffix': 0.909891641372144, 'ms_2_F0': 0.931540467434179, 'file_name': '33b_culpar.wav', 'item_id': 33, 'cond': 'b', 'thisN': 38, 'thisTrialN': 38, 'thisRepN': 0}>
3038.9173 	EXP 	Sound test_sound reached end of file
3038.9190 	EXP 	Sound test_sound started
3038.9201 	DATA 	Keypress: right
3038.9285 	EXP 	polygon_2: autoDraw = False
3038.9285 	EXP 	text_3: autoDraw = False
3038.9285 	EXP 	polygon_2: autoDraw = True
3041.0758 	EXP 	Sound test_sound reached end of file
3041.0860 	EXP 	Sound test_sound reached end of file
3042.3394 	DATA 	Keypress: left
3042.3577 	EXP 	New trial (rep=0, index=39): <Trial 39 (39 in rep 0) data={'sounds': 'sounds/04c_plantar.wav', 'syll': 'CVC', 'stress_unstress': 'Unstressed', 'suffix': 'Match', 'present_past': 'past', 'corrAns': 'num_2', 'trigger_item': 0.0, 'trigger_senonset': 0.2, 'trigger_verbsonset': 0.862877574458911, 'trigger_1_F0': 0.9343518689653568, 'trigger_suffix': 1.20493812332404, 'trigger_2_F0': 1.21897569287037, 'ID_item': 101, 'ID_senonset': 30, 'ID_verbonset': 31, 'ID_1_F0': 32, 'ID_suffix': 33, 'ID_2_F0': 34, 'ms_senonset': 0, 'ms_verbonset': 0.662877574458911, 'ms_1_F0': 0.734351868965357, 'ms_suffix': 1.00493812332404, 'ms_2_F0': 1.01897569287037, 'file_name': '04c_plantar.wav', 'item_id': 4, 'cond': 'c', 'thisN': 39, 'thisTrialN': 39, 'thisRepN': 0}>
3042.3643 	EXP 	Sound test_sound reached end of file
3042.3686 	EXP 	Sound test_sound started
3042.3760 	EXP 	polygon_2: autoDraw = False
3042.3760 	EXP 	text_3: autoDraw = False
3042.3760 	EXP 	polygon_2: autoDraw = True
3044.3905 	EXP 	Sound test_sound reached end of file
3044.4022 	EXP 	Sound test_sound reached end of file
3045.4135 	DATA 	Keypress: right
3045.4187 	EXP 	polygon_2: autoDraw = False
3045.4187 	EXP 	text_3: autoDraw = False
3045.4187 	EXP 	text_2: autoDraw = True
3053.7401 	DATA 	Keypress: space
3053.7428 	EXP 	text_2: autoDraw = False
3053.7430 	EXP 	LangExperimentstress: status = STOPPED
