9.0889 	WARNING 	User requested fullscreen with size [1536  864], but screen is actually [1920, 1080]. Using actual size
9.3349 	EXP 	Created window1 = Window(allowGUI=False, allowStencil=False, autoLog=True, backendConf=UNKNOWN, backgroundFit=<method-wrapper '__getattribute__' of attributeSetter object at 0x0000026121C33F40>, backgroundImage=<method-wrapper '__getattribute__' of attributeSetter object at 0x0000026121C33EE0>, bitsMode=UNKNOWN, blendMode='avg', bpc=(8, 8, 8), color=array([0, 0, 0]), colorSpace='rgb', depthBits=8, fullscr=True, gamma=None, gammaErrorPolicy='raise', infoMsg=UNKNOWN, lms=UNKNOWN, monitor=<psychopy.monitors.calibTools.Monitor object at 0x000002612A8B0E80>, multiSample=False, name='window1', numSamples=2, pos=[0.0, 0.0], screen=0, size=array([1920, 1080]), stencilBits=0, stereo=False, title='PsychoPy', units='height', useFBO=True, useRetina=False, viewOri=0.0, viewPos=None, viewScale=None, waitBlanking=True, winType='pyglet')
9.3350 	EXP 	window1: backgroundImage = ''
9.3350 	EXP 	window1: backgroundFit = 'none'
9.4047 	EXP 	window1: Attempting to measure frame rate of screen (0) ...
9.4048 	EXP 	window1: recordFrameIntervals = False
9.5731 	EXP 	window1: recordFrameIntervals = True
9.7569 	EXP 	Screen (0) actual frame rate measured at 60.01Hz
9.7570 	EXP 	window1: recordFrameIntervals = False
12.3717 	EXP 	LangExperimentstress: status = STARTED
12.4587 	EXP 	Created instr = TextStim(__class__=<class 'psychopy.visual.text.TextStim'>, alignHoriz=method-wrapper(...), alignText='center', alignVert=method-wrapper(...), anchorHoriz='center', anchorVert='center', antialias=True, autoDraw=False, autoLog=True, bold=False, color=array([1., 1., 1.]), colorSpace='rgb', contrast=1.0, depth=0.0, draggable=False, flipHoriz=False, flipVert=False, font='Arial', fontFiles=[], height=0.08, italic=False, languageStyle='LTR', name='instr', opacity=1, ori=0, pos=array([0., 0.]), rgb=UNKNOWN, text=str(...), units='height', win=Window(...), wrapWidth=1)
12.8153 	EXP 	Sound test_sound_2 set volume 1.000
12.8192 	EXP 	Created polygon = ShapeStim(__class__=<class 'psychopy.visual.shape.ShapeStim'>, anchor=('center', 'center'), autoDraw=False, autoLog=True, closeShape=True, color=method-wrapper(...), colorSpace='rgb', contrast=None, depth=-2.0, draggable=False, fillColor=array([-1, -1, -1]), fillColorSpace='rgb', fillRGB=array([-1, -1, -1]), interpolate=True, lineColor=array([-1., -1., -1.]), lineColorSpace='rgb', lineRGB=array([-1, -1, -1]), lineWidth=1, name='polygon', opacity=1, ori=0.0, pos=array([0., 0.]), size=array([0.15, 0.15]), units='height', vertices=ndarray(...), win=Window(...), windingRule=None)
12.8326 	EXP 	Created text_3 = TextStim(__class__=<class 'psychopy.visual.text.TextStim'>, alignHoriz=method-wrapper(...), alignText='center', alignVert=method-wrapper(...), anchorHoriz='center', anchorVert='center', antialias=True, autoDraw=False, autoLog=True, bold=False, color=array([1., 1., 1.]), colorSpace='rgb', contrast=1.0, depth=0.0, draggable=False, flipHoriz=False, flipVert=False, font='Arial', fontFiles=[], height=0.1, italic=False, languageStyle='LTR', name='text_3', opacity=1, ori=0, pos=array([0., 0.]), rgb=UNKNOWN, text=str(...), units='height', win=Window(...), wrapWidth=1)
12.8425 	EXP 	Created instr = TextStim(__class__=<class 'psychopy.visual.text.TextStim'>, alignHoriz=method-wrapper(...), alignText='center', alignVert=method-wrapper(...), anchorHoriz='center', anchorVert='center', antialias=True, autoDraw=False, autoLog=True, bold=False, color=array([1., 1., 1.]), colorSpace='rgb', contrast=1.0, depth=0.0, draggable=False, flipHoriz=False, flipVert=False, font='Arial', fontFiles=[], height=0.08, italic=False, languageStyle='LTR', name='instr', opacity=1, ori=0, pos=array([0., 0.]), rgb=UNKNOWN, text=str(...), units='height', win=Window(...), wrapWidth=1)
12.9841 	EXP 	Sound test_sound set volume 1.000
12.9855 	EXP 	Created polygon_2 = ShapeStim(__class__=<class 'psychopy.visual.shape.ShapeStim'>, anchor=('center', 'center'), autoDraw=False, autoLog=True, closeShape=True, color=method-wrapper(...), colorSpace='rgb', contrast=None, depth=-2.0, draggable=False, fillColor=array([-1, -1, -1]), fillColorSpace='rgb', fillRGB=array([-1, -1, -1]), interpolate=True, lineColor=array([-1., -1., -1.]), lineColorSpace='rgb', lineRGB=array([-1, -1, -1]), lineWidth=1, name='polygon_2', opacity=1, ori=0.0, pos=array([0., 0.]), size=array([0.15, 0.15]), units='height', vertices=ndarray(...), win=Window(...), windingRule=None)
12.9890 	EXP 	Created text_3 = TextStim(__class__=<class 'psychopy.visual.text.TextStim'>, alignHoriz=method-wrapper(...), alignText='center', alignVert=method-wrapper(...), anchorHoriz='center', anchorVert='center', antialias=True, autoDraw=False, autoLog=True, bold=False, color=array([1., 1., 1.]), colorSpace='rgb', contrast=1.0, depth=0.0, draggable=False, flipHoriz=False, flipVert=False, font='Arial', fontFiles=[], height=0.1, italic=False, languageStyle='LTR', name='text_3', opacity=1, ori=0, pos=array([0., 0.]), rgb=UNKNOWN, text=str(...), units='height', win=Window(...), wrapWidth=1)
12.9970 	EXP 	Created text_2 = TextStim(__class__=<class 'psychopy.visual.text.TextStim'>, alignHoriz=method-wrapper(...), alignText='center', alignVert=method-wrapper(...), anchorHoriz='center', anchorVert='center', antialias=True, autoDraw=False, autoLog=True, bold=False, color=array([1., 1., 1.]), colorSpace='rgb', contrast=1.0, depth=0.0, draggable=False, flipHoriz=False, flipVert=False, font='Arial', fontFiles=[], height=0.1, italic=False, languageStyle='LTR', name='text_2', opacity=1, ori=0, pos=array([0., 0.]), rgb=UNKNOWN, text=str(...), units='height', win=Window(...), wrapWidth=1)
0.0089 	EXP 	instr: autoDraw = True
2843.0636 	EXP 	Imported selected_practice.csv as conditions, 4 conditions, 27 params
2843.0642 	EXP 	New trial (rep=0, index=0): <Trial 0 (0 in rep 0) data={'sounds': 'sounds/p4d_cortar.wav', 'syll': 'CVC', 'stress_unstress': 'Stressed', 'suffix': 'Mismatch', 'present_past': 'past', 'corrAns': 'num_2', 'trigger_item': 0.0, 'trigger_senonset': 0.205513, 'trigger_verbsonset': 0.8629519999999999, 'trigger_1_F0': 0.984841, 'trigger_suffix': 1.219715, 'trigger_2_F0': 1.27, 'ID_item': 101, 'ID_senonset': 40, 'ID_verbonset': 41, 'ID_1_F0': 42, 'ID_suffix': 43, 'ID_2_F0': 44, 'ms_senonset': 0.005513, 'ms_verbonset': 0.662952, 'ms_1_F0': 0.784841, 'ms_suffix': 1.019715, 'ms_2_F0': 1.07, 'file_name': 'p4d_cortar.wav', 'sentence': 'p4', 'cond': 'd', 'combo': 'p4d', 'thisN': 0, 'thisTrialN': 0, 'thisRepN': 0}>
2843.0698 	EXP 	Sound test_sound_2 reached end of file
2843.0745 	EXP 	Sound test_sound_2 started
2843.0729 	DATA 	Keypress: space
2843.0807 	EXP 	instr: autoDraw = False
2843.0807 	EXP 	polygon: autoDraw = True
2845.5754 	EXP 	Sound test_sound_2 reached end of file
2845.5915 	EXP 	Sound test_sound_2 reached end of file
2847.3983 	EXP 	New trial (rep=0, index=1): <Trial 1 (1 in rep 0) data={'sounds': 'sounds/p3c_saltar.wav', 'syll': 'CVC', 'stress_unstress': 'Unstressed', 'suffix': 'Match', 'present_past': 'past', 'corrAns': 'num_2', 'trigger_item': 0.0, 'trigger_senonset': 0.205513, 'trigger_verbsonset': 0.8629519999999999, 'trigger_1_F0': 0.984841, 'trigger_suffix': 1.219715, 'trigger_2_F0': 1.27, 'ID_item': 101, 'ID_senonset': 30, 'ID_verbonset': 31, 'ID_1_F0': 32, 'ID_suffix': 33, 'ID_2_F0': 34, 'ms_senonset': 0.005513, 'ms_verbonset': 0.662952, 'ms_1_F0': 0.784841, 'ms_suffix': 1.019715, 'ms_2_F0': 1.07, 'file_name': 'p3c_saltar.wav', 'sentence': 'p3', 'cond': 'c', 'combo': 'p3c', 'thisN': 1, 'thisTrialN': 1, 'thisRepN': 0}>
2847.4048 	EXP 	Sound test_sound_2 reached end of file
2847.4078 	EXP 	Sound test_sound_2 started
2847.4086 	DATA 	Keypress: right
2847.4167 	EXP 	polygon: autoDraw = False
2847.4167 	EXP 	text_3: autoDraw = False
2847.4167 	EXP 	polygon: autoDraw = True
2849.4753 	EXP 	Sound test_sound_2 reached end of file
2849.4804 	EXP 	Sound test_sound_2 reached end of file
2850.6601 	DATA 	Keypress: right
2850.6799 	EXP 	New trial (rep=0, index=2): <Trial 2 (2 in rep 0) data={'sounds': 'sounds/p1a_saltar.wav', 'syll': 'CVC', 'stress_unstress': 'Stressed', 'suffix': 'Match', 'present_past': 'present', 'corrAns': 'num_1', 'trigger_item': 0.0, 'trigger_senonset': 0.205513, 'trigger_verbsonset': 0.8629519999999999, 'trigger_1_F0': 0.984841, 'trigger_suffix': 1.219715, 'trigger_2_F0': 1.27, 'ID_item': 101, 'ID_senonset': 10, 'ID_verbonset': 11, 'ID_1_F0': 12, 'ID_suffix': 13, 'ID_2_F0': 14, 'ms_senonset': 0.005513, 'ms_verbonset': 0.662952, 'ms_1_F0': 0.784841, 'ms_suffix': 1.019715, 'ms_2_F0': 1.07, 'file_name': 'p1a_saltar.wav', 'sentence': 'p1', 'cond': 'a', 'combo': 'p1a', 'thisN': 2, 'thisTrialN': 2, 'thisRepN': 0}>
2850.6854 	EXP 	Sound test_sound_2 reached end of file
2850.6910 	EXP 	Sound test_sound_2 started
2850.6950 	EXP 	polygon: autoDraw = False
2850.6950 	EXP 	text_3: autoDraw = False
2850.6950 	EXP 	polygon: autoDraw = True
2852.9087 	EXP 	Sound test_sound_2 reached end of file
2852.9250 	EXP 	Sound test_sound_2 reached end of file
2854.2815 	EXP 	New trial (rep=0, index=3): <Trial 3 (3 in rep 0) data={'sounds': 'sounds/p2b_cortar.wav', 'syll': 'CVC', 'stress_unstress': 'Unstressed', 'suffix': 'Mismatch', 'present_past': 'present', 'corrAns': 'num_1', 'trigger_item': 0.0, 'trigger_senonset': 0.205513, 'trigger_verbsonset': 0.8629519999999999, 'trigger_1_F0': 0.984841, 'trigger_suffix': 1.219715, 'trigger_2_F0': 1.27, 'ID_item': 101, 'ID_senonset': 20, 'ID_verbonset': 21, 'ID_1_F0': 22, 'ID_suffix': 23, 'ID_2_F0': 24, 'ms_senonset': 0.005513, 'ms_verbonset': 0.662952, 'ms_1_F0': 0.784841, 'ms_suffix': 1.019715, 'ms_2_F0': 1.07, 'file_name': 'p2b_cortar.wav', 'sentence': 'p2', 'cond': 'b', 'combo': 'p2b', 'thisN': 3, 'thisTrialN': 3, 'thisRepN': 0}>
2854.2862 	EXP 	Sound test_sound_2 reached end of file
2854.2916 	EXP 	Sound test_sound_2 started
2854.2876 	DATA 	Keypress: left
2854.2975 	EXP 	polygon: autoDraw = False
2854.2975 	EXP 	text_3: autoDraw = False
2854.2975 	EXP 	polygon: autoDraw = True
2856.5323 	EXP 	Sound test_sound_2 reached end of file
2856.5410 	EXP 	Sound test_sound_2 reached end of file
2857.5659 	DATA 	Keypress: left
2857.5743 	EXP 	polygon: autoDraw = False
2857.5743 	EXP 	text_3: autoDraw = False
2857.5743 	EXP 	instr: autoDraw = True
2863.8739 	EXP 	Imported selected_trials.csv as conditions, 40 conditions, 26 params
2863.8745 	EXP 	New trial (rep=0, index=0): <Trial 0 (0 in rep 0) data={'sounds': 'sounds/36c_bordar.wav', 'syll': 'CVC', 'stress_unstress': 'Unstressed', 'suffix': 'Match', 'present_past': 'past', 'corrAns': 'num_2', 'trigger_item': 0.0, 'trigger_senonset': 0.2, 'trigger_verbsonset': 1.0, 'trigger_1_F0': 1.078468243634259, 'trigger_suffix': 1.3288624855324, 'trigger_2_F0': 1.3414992042824, 'ID_item': 101, 'ID_senonset': 30, 'ID_verbonset': 31, 'ID_1_F0': 32, 'ID_suffix': 33, 'ID_2_F0': 34, 'ms_senonset': 0, 'ms_verbonset': 0.8, 'ms_1_F0': 0.878468243634259, 'ms_suffix': 1.1288624855324, 'ms_2_F0': 1.1414992042824, 'file_name': '36c_bordar.wav', 'item_id': 36, 'cond': 'c', 'thisN': 0, 'thisTrialN': 0, 'thisRepN': 0}>
2863.8784 	EXP 	Sound test_sound reached end of file
2863.8912 	EXP 	Sound test_sound started
2863.8807 	DATA 	Keypress: space
2863.8884 	EXP 	instr: autoDraw = False
2863.8884 	EXP 	polygon_2: autoDraw = True
2866.1420 	EXP 	Sound test_sound reached end of file
2866.1583 	EXP 	Sound test_sound reached end of file
2867.4641 	EXP 	New trial (rep=0, index=1): <Trial 1 (1 in rep 0) data={'sounds': 'sounds/16a_llevar.wav', 'syll': 'CVC', 'stress_unstress': 'Stressed', 'suffix': 'Match', 'present_past': 'present', 'corrAns': 'num_1', 'trigger_item': 0.0, 'trigger_senonset': 0.2, 'trigger_verbsonset': 0.929084516317274, 'trigger_1_F0': 0.964936524692279, 'trigger_suffix': 1.08, 'trigger_2_F0': 1.131864014418682, 'ID_item': 101, 'ID_senonset': 10, 'ID_verbonset': 11, 'ID_1_F0': 12, 'ID_suffix': 13, 'ID_2_F0': 14, 'ms_senonset': 0, 'ms_verbonset': 0.729084516317274, 'ms_1_F0': 0.764936524692279, 'ms_suffix': 0.88, 'ms_2_F0': 0.931864014418682, 'file_name': '16a_llevar.wav', 'item_id': 16, 'cond': 'a', 'thisN': 1, 'thisTrialN': 1, 'thisRepN': 0}>
2867.4701 	EXP 	Sound test_sound reached end of file
2867.4744 	EXP 	Sound test_sound started
2867.4721 	DATA 	Keypress: right
2867.4808 	EXP 	polygon_2: autoDraw = False
2867.4808 	EXP 	text_3: autoDraw = False
2867.4808 	EXP 	polygon_2: autoDraw = True
2869.3638 	EXP 	Sound test_sound reached end of file
2869.3745 	EXP 	Sound test_sound reached end of file
2870.8144 	EXP 	New trial (rep=0, index=2): <Trial 2 (2 in rep 0) data={'sounds': 'sounds/23a_tomar.wav', 'syll': 'CVC', 'stress_unstress': 'Stressed', 'suffix': 'Match', 'present_past': 'present', 'corrAns': 'num_1', 'trigger_item': 0.0, 'trigger_senonset': 0.2, 'trigger_verbsonset': 0.9453179615162032, 'trigger_1_F0': 0.95, 'trigger_suffix': 1.08, 'trigger_2_F0': 1.158644495081018, 'ID_item': 101, 'ID_senonset': 10, 'ID_verbonset': 11, 'ID_1_F0': 12, 'ID_suffix': 13, 'ID_2_F0': 14, 'ms_senonset': 0, 'ms_verbonset': 0.745317961516203, 'ms_1_F0': 0.75, 'ms_suffix': 0.88, 'ms_2_F0': 0.958644495081018, 'file_name': '23a_tomar.wav', 'item_id': 23, 'cond': 'a', 'thisN': 2, 'thisTrialN': 2, 'thisRepN': 0}>
2870.8202 	EXP 	Sound test_sound reached end of file
2870.8244 	EXP 	Sound test_sound started
2870.8233 	DATA 	Keypress: left
2870.8311 	EXP 	polygon_2: autoDraw = False
2870.8311 	EXP 	text_3: autoDraw = False
2870.8311 	EXP 	polygon_2: autoDraw = True
2872.7117 	EXP 	Sound test_sound reached end of file
2872.7248 	EXP 	Sound test_sound reached end of file
2874.0817 	EXP 	New trial (rep=0, index=3): <Trial 3 (3 in rep 0) data={'sounds': 'sounds/40c_gastar.wav', 'syll': 'CVC', 'stress_unstress': 'Unstressed', 'suffix': 'Match', 'present_past': 'past', 'corrAns': 'num_2', 'trigger_item': 0.0, 'trigger_senonset': 0.2, 'trigger_verbsonset': 0.8300000000000001, 'trigger_1_F0': 0.8400000000000001, 'trigger_suffix': 1.163436328125, 'trigger_2_F0': 1.183149609375, 'ID_item': 101, 'ID_senonset': 30, 'ID_verbonset': 31, 'ID_1_F0': 32, 'ID_suffix': 33, 'ID_2_F0': 34, 'ms_senonset': 0, 'ms_verbonset': 0.63, 'ms_1_F0': 0.64, 'ms_suffix': 0.963436328125, 'ms_2_F0': 0.983149609375, 'file_name': '40c_gastar.wav', 'item_id': 40, 'cond': 'c', 'thisN': 3, 'thisTrialN': 3, 'thisRepN': 0}>
2874.0904 	EXP 	Sound test_sound reached end of file
2874.0912 	EXP 	Sound test_sound started
2874.0929 	DATA 	Keypress: left
2874.1032 	EXP 	polygon_2: autoDraw = False
2874.1032 	EXP 	text_3: autoDraw = False
2874.1032 	EXP 	polygon_2: autoDraw = True
2876.1920 	EXP 	Sound test_sound reached end of file
2876.2081 	EXP 	Sound test_sound reached end of file
2877.2817 	EXP 	New trial (rep=0, index=4): <Trial 4 (4 in rep 0) data={'sounds': 'sounds/03b_limpiar.wav', 'syll': 'CVC', 'stress_unstress': 'Unstressed', 'suffix': 'Mismatch', 'present_past': 'present', 'corrAns': 'num_1', 'trigger_item': 0.0, 'trigger_senonset': 0.2, 'trigger_verbsonset': 0.8500000000000001, 'trigger_1_F0': 0.932367621527777, 'trigger_suffix': 1.26878515625, 'trigger_2_F0': 1.35808463541666, 'ID_item': 101, 'ID_senonset': 20, 'ID_verbonset': 21, 'ID_1_F0': 22, 'ID_suffix': 23, 'ID_2_F0': 24, 'ms_senonset': 0, 'ms_verbonset': 0.65, 'ms_1_F0': 0.732367621527777, 'ms_suffix': 1.06878515625, 'ms_2_F0': 1.15808463541666, 'file_name': '03b_limpiar.wav', 'item_id': 3, 'cond': 'b', 'thisN': 4, 'thisTrialN': 4, 'thisRepN': 0}>
2877.2879 	EXP 	Sound test_sound reached end of file
2877.2919 	EXP 	Sound test_sound started
2877.2914 	DATA 	Keypress: right
2877.2991 	EXP 	polygon_2: autoDraw = False
2877.2991 	EXP 	text_3: autoDraw = False
2877.2991 	EXP 	polygon_2: autoDraw = True
2879.4126 	EXP 	Sound test_sound reached end of file
2879.4250 	EXP 	Sound test_sound reached end of file
2881.3150 	EXP 	New trial (rep=0, index=5): <Trial 5 (5 in rep 0) data={'sounds': 'sounds/37b_pasar.wav', 'syll': 'CVC', 'stress_unstress': 'Unstressed', 'suffix': 'Mismatch', 'present_past': 'present', 'corrAns': 'num_1', 'trigger_item': 0.0, 'trigger_senonset': 0.2, 'trigger_verbsonset': 1.033132486979166, 'trigger_1_F0': 1.052087565104166, 'trigger_suffix': 1.159499674479166, 'trigger_2_F0': 1.27702115885416, 'ID_item': 101, 'ID_senonset': 20, 'ID_verbonset': 21, 'ID_1_F0': 22, 'ID_suffix': 23, 'ID_2_F0': 24, 'ms_senonset': 0, 'ms_verbonset': 0.833132486979166, 'ms_1_F0': 0.852087565104166, 'ms_suffix': 0.959499674479166, 'ms_2_F0': 1.07702115885416, 'file_name': '37b_pasar.wav', 'item_id': 37, 'cond': 'b', 'thisN': 5, 'thisTrialN': 5, 'thisRepN': 0}>
2881.3222 	EXP 	Sound test_sound reached end of file
2881.3245 	EXP 	Sound test_sound started
2881.3254 	DATA 	Keypress: left
2881.3335 	EXP 	polygon_2: autoDraw = False
2881.3335 	EXP 	text_3: autoDraw = False
2881.3335 	EXP 	polygon_2: autoDraw = True
2883.4214 	EXP 	Sound test_sound reached end of file
2883.4270 	EXP 	Sound test_sound reached end of file
2885.1809 	EXP 	New trial (rep=0, index=6): <Trial 6 (6 in rep 0) data={'sounds': 'sounds/30a_fundar.wav', 'syll': 'CVC', 'stress_unstress': 'Stressed', 'suffix': 'Match', 'present_past': 'present', 'corrAns': 'num_1', 'trigger_item': 0.0, 'trigger_senonset': 0.2, 'trigger_verbsonset': 0.77, 'trigger_1_F0': 0.91, 'trigger_suffix': 1.112685546875, 'trigger_2_F0': 1.12, 'ID_item': 101, 'ID_senonset': 10, 'ID_verbonset': 11, 'ID_1_F0': 12, 'ID_suffix': 13, 'ID_2_F0': 14, 'ms_senonset': 0, 'ms_verbonset': 0.57, 'ms_1_F0': 0.71, 'ms_suffix': 0.912685546875, 'ms_2_F0': 0.92, 'file_name': '30a_fundar.wav', 'item_id': 30, 'cond': 'a', 'thisN': 6, 'thisTrialN': 6, 'thisRepN': 0}>
2885.1881 	EXP 	Sound test_sound reached end of file
2885.1914 	EXP 	Sound test_sound started
2885.1904 	DATA 	Keypress: left
2885.1994 	EXP 	polygon_2: autoDraw = False
2885.1994 	EXP 	text_3: autoDraw = False
2885.1994 	EXP 	polygon_2: autoDraw = True
2887.3209 	EXP 	Sound test_sound reached end of file
2887.3265 	EXP 	Sound test_sound reached end of file
2888.8141 	EXP 	New trial (rep=0, index=7): <Trial 7 (7 in rep 0) data={'sounds': 'sounds/20c_cubrir.wav', 'syll': 'CVC', 'stress_unstress': 'Unstressed', 'suffix': 'Match', 'present_past': 'past', 'corrAns': 'num_2', 'trigger_item': 0.0, 'trigger_senonset': 0.2, 'trigger_verbsonset': 0.980138641742621, 'trigger_1_F0': 1.01, 'trigger_suffix': 1.192436112212021, 'trigger_2_F0': 1.28412143493692, 'ID_item': 101, 'ID_senonset': 30, 'ID_verbonset': 31, 'ID_1_F0': 32, 'ID_suffix': 33, 'ID_2_F0': 34, 'ms_senonset': 0, 'ms_verbonset': 0.780138641742621, 'ms_1_F0': 0.81, 'ms_suffix': 0.992436112212021, 'ms_2_F0': 1.08412143493692, 'file_name': '20c_cubrir.wav', 'item_id': 20, 'cond': 'c', 'thisN': 7, 'thisTrialN': 7, 'thisRepN': 0}>
2888.8206 	EXP 	Sound test_sound reached end of file
2888.8244 	EXP 	Sound test_sound started
2888.8240 	DATA 	Keypress: right
2888.8314 	EXP 	polygon_2: autoDraw = False
2888.8314 	EXP 	text_3: autoDraw = False
2888.8314 	EXP 	polygon_2: autoDraw = True
2890.9485 	EXP 	Sound test_sound reached end of file
2890.9583 	EXP 	Sound test_sound reached end of file
2892.7980 	EXP 	New trial (rep=0, index=8): <Trial 8 (8 in rep 0) data={'sounds': 'sounds/10d_vender.wav', 'syll': 'CVC', 'stress_unstress': 'Stressed', 'suffix': 'Mismatch', 'present_past': 'past', 'corrAns': 'num_2', 'trigger_item': 0.0, 'trigger_senonset': 0.2, 'trigger_verbsonset': 0.832830209056713, 'trigger_1_F0': 0.8775468199411529, 'trigger_suffix': 1.109501330306288, 'trigger_2_F0': 1.158928471023364, 'ID_item': 101, 'ID_senonset': 40, 'ID_verbonset': 41, 'ID_1_F0': 42, 'ID_suffix': 43, 'ID_2_F0': 44, 'ms_senonset': 0, 'ms_verbonset': 0.632830209056713, 'ms_1_F0': 0.677546819941153, 'ms_suffix': 0.909501330306288, 'ms_2_F0': 0.958928471023364, 'file_name': '10d_vender.wav', 'item_id': 10, 'cond': 'd', 'thisN': 8, 'thisTrialN': 8, 'thisRepN': 0}>
2892.8024 	EXP 	Sound test_sound reached end of file
2892.8084 	EXP 	Sound test_sound started
2892.8040 	DATA 	Keypress: right
2892.8151 	EXP 	polygon_2: autoDraw = False
2892.8151 	EXP 	text_3: autoDraw = False
2892.8151 	EXP 	polygon_2: autoDraw = True
2894.6970 	EXP 	Sound test_sound reached end of file
2894.7081 	EXP 	Sound test_sound reached end of file
2895.9816 	EXP 	New trial (rep=0, index=9): <Trial 9 (9 in rep 0) data={'sounds': 'sounds/12a_matar.wav', 'syll': 'CVC', 'stress_unstress': 'Stressed', 'suffix': 'Match', 'present_past': 'present', 'corrAns': 'num_1', 'trigger_item': 0.0, 'trigger_senonset': 0.2, 'trigger_verbsonset': 0.8400000000000001, 'trigger_1_F0': 0.96, 'trigger_suffix': 1.17307472511574, 'trigger_2_F0': 1.186647497106481, 'ID_item': 101, 'ID_senonset': 10, 'ID_verbonset': 11, 'ID_1_F0': 12, 'ID_suffix': 13, 'ID_2_F0': 14, 'ms_senonset': 0, 'ms_verbonset': 0.64, 'ms_1_F0': 0.76, 'ms_suffix': 0.97307472511574, 'ms_2_F0': 0.986647497106481, 'file_name': '12a_matar.wav', 'item_id': 12, 'cond': 'a', 'thisN': 9, 'thisTrialN': 9, 'thisRepN': 0}>
2895.9896 	EXP 	Sound test_sound reached end of file
2895.9913 	EXP 	Sound test_sound started
2895.9922 	DATA 	Keypress: left
2896.0006 	EXP 	polygon_2: autoDraw = False
2896.0006 	EXP 	text_3: autoDraw = False
2896.0006 	EXP 	polygon_2: autoDraw = True
2898.1748 	EXP 	Sound test_sound reached end of file
2898.1800 	EXP 	Sound test_sound reached end of file
2899.2522 	DATA 	Keypress: left
2899.2577 	EXP 	polygon_2: autoDraw = False
2899.2577 	EXP 	text_3: autoDraw = True
2908.3770 	EXP 	New trial (rep=0, index=10): <Trial 10 (10 in rep 0) data={'sounds': 'sounds/39b_manchar.wav', 'syll': 'CVC', 'stress_unstress': 'Unstressed', 'suffix': 'Mismatch', 'present_past': 'present', 'corrAns': 'num_1', 'trigger_item': 0.0, 'trigger_senonset': 0.2, 'trigger_verbsonset': 0.81, 'trigger_1_F0': 0.91203755787037, 'trigger_suffix': 1.140584317129629, 'trigger_2_F0': 1.2139708912037, 'ID_item': 101, 'ID_senonset': 20, 'ID_verbonset': 21, 'ID_1_F0': 22, 'ID_suffix': 23, 'ID_2_F0': 24, 'ms_senonset': 0, 'ms_verbonset': 0.61, 'ms_1_F0': 0.71203755787037, 'ms_suffix': 0.940584317129629, 'ms_2_F0': 1.0139708912037, 'file_name': '39b_manchar.wav', 'item_id': 39, 'cond': 'b', 'thisN': 10, 'thisTrialN': 10, 'thisRepN': 0}>
2908.3827 	EXP 	Sound test_sound reached end of file
2908.3912 	EXP 	Sound test_sound started
2908.3853 	DATA 	Keypress: space
2908.3926 	EXP 	text_3: autoDraw = False
2908.3926 	EXP 	polygon_2: autoDraw = True
2910.6257 	EXP 	Sound test_sound reached end of file
2910.6422 	EXP 	Sound test_sound reached end of file
2911.2465 	EXP 	New trial (rep=0, index=11): <Trial 11 (11 in rep 0) data={'sounds': 'sounds/35b_secar.wav', 'syll': 'CVC', 'stress_unstress': 'Unstressed', 'suffix': 'Mismatch', 'present_past': 'present', 'corrAns': 'num_1', 'trigger_item': 0.0, 'trigger_senonset': 0.2, 'trigger_verbsonset': 0.8990044921875, 'trigger_1_F0': 1.025708658854166, 'trigger_suffix': 1.179689416956018, 'trigger_2_F0': 1.20652606336805, 'ID_item': 101, 'ID_senonset': 20, 'ID_verbonset': 21, 'ID_1_F0': 22, 'ID_suffix': 23, 'ID_2_F0': 24, 'ms_senonset': 0, 'ms_verbonset': 0.6990044921875, 'ms_1_F0': 0.825708658854166, 'ms_suffix': 0.979689416956018, 'ms_2_F0': 1.00652606336805, 'file_name': '35b_secar.wav', 'item_id': 35, 'cond': 'b', 'thisN': 11, 'thisTrialN': 11, 'thisRepN': 0}>
2911.2523 	EXP 	Sound test_sound reached end of file
2911.2576 	EXP 	Sound test_sound started
2911.2541 	DATA 	Keypress: left
2911.2646 	EXP 	polygon_2: autoDraw = False
2911.2646 	EXP 	text_3: autoDraw = False
2911.2646 	EXP 	polygon_2: autoDraw = True
2913.3778 	EXP 	Sound test_sound reached end of file
2913.3913 	EXP 	Sound test_sound reached end of file
2914.5135 	EXP 	New trial (rep=0, index=12): <Trial 12 (12 in rep 0) data={'sounds': 'sounds/34c_formar.wav', 'syll': 'CVC', 'stress_unstress': 'Unstressed', 'suffix': 'Match', 'present_past': 'past', 'corrAns': 'num_2', 'trigger_item': 0.0, 'trigger_senonset': 0.2, 'trigger_verbsonset': 0.876373676215277, 'trigger_1_F0': 0.992687651909722, 'trigger_suffix': 1.14, 'trigger_2_F0': 1.26319767795138, 'ID_item': 101, 'ID_senonset': 30, 'ID_verbonset': 31, 'ID_1_F0': 32, 'ID_suffix': 33, 'ID_2_F0': 34, 'ms_senonset': 0, 'ms_verbonset': 0.676373676215277, 'ms_1_F0': 0.792687651909722, 'ms_suffix': 0.94, 'ms_2_F0': 1.06319767795138, 'file_name': '34c_formar.wav', 'item_id': 34, 'cond': 'c', 'thisN': 12, 'thisTrialN': 12, 'thisRepN': 0}>
2914.5203 	EXP 	Sound test_sound reached end of file
2914.5246 	EXP 	Sound test_sound started
2914.5234 	DATA 	Keypress: left
2914.5306 	EXP 	polygon_2: autoDraw = False
2914.5306 	EXP 	text_3: autoDraw = False
2914.5306 	EXP 	polygon_2: autoDraw = True
2916.7492 	EXP 	Sound test_sound reached end of file
2916.7586 	EXP 	Sound test_sound reached end of file
2917.3818 	EXP 	New trial (rep=0, index=13): <Trial 13 (13 in rep 0) data={'sounds': 'sounds/13c_montar.wav', 'syll': 'CVC', 'stress_unstress': 'Unstressed', 'suffix': 'Match', 'present_past': 'past', 'corrAns': 'num_2', 'trigger_item': 0.0, 'trigger_senonset': 0.2, 'trigger_verbsonset': 0.8800000000000001, 'trigger_1_F0': 0.98, 'trigger_suffix': 1.24543012152777, 'trigger_2_F0': 1.2594709201388798, 'ID_item': 101, 'ID_senonset': 30, 'ID_verbonset': 31, 'ID_1_F0': 32, 'ID_suffix': 33, 'ID_2_F0': 34, 'ms_senonset': 0, 'ms_verbonset': 0.68, 'ms_1_F0': 0.78, 'ms_suffix': 1.04543012152777, 'ms_2_F0': 1.05947092013888, 'file_name': '13c_montar.wav', 'item_id': 13, 'cond': 'c', 'thisN': 13, 'thisTrialN': 13, 'thisRepN': 0}>
2917.3899 	EXP 	Sound test_sound reached end of file
2917.3913 	EXP 	Sound test_sound started
2917.3916 	DATA 	Keypress: right
2917.4003 	EXP 	polygon_2: autoDraw = False
2917.4003 	EXP 	text_3: autoDraw = False
2917.4003 	EXP 	polygon_2: autoDraw = True
2919.6675 	EXP 	Sound test_sound reached end of file
2919.6748 	EXP 	Sound test_sound reached end of file
2920.3973 	EXP 	New trial (rep=0, index=14): <Trial 14 (14 in rep 0) data={'sounds': 'sounds/01d_salvar.wav', 'syll': 'CVC', 'stress_unstress': 'Stressed', 'suffix': 'Mismatch', 'present_past': 'past', 'corrAns': 'num_2', 'trigger_item': 0.0, 'trigger_senonset': 0.2, 'trigger_verbsonset': 0.8500000000000001, 'trigger_1_F0': 0.996069502314814, 'trigger_suffix': 1.23, 'trigger_2_F0': 1.29, 'ID_item': 101, 'ID_senonset': 40, 'ID_verbonset': 41, 'ID_1_F0': 42, 'ID_suffix': 43, 'ID_2_F0': 44, 'ms_senonset': 0, 'ms_verbonset': 0.65, 'ms_1_F0': 0.796069502314814, 'ms_suffix': 1.03, 'ms_2_F0': 1.09, 'file_name': '01d_salvar.wav', 'item_id': 1, 'cond': 'd', 'thisN': 14, 'thisTrialN': 14, 'thisRepN': 0}>
2920.4031 	EXP 	Sound test_sound reached end of file
2920.4076 	EXP 	Sound test_sound started
2920.4050 	DATA 	Keypress: right
2920.4156 	EXP 	polygon_2: autoDraw = False
2920.4156 	EXP 	text_3: autoDraw = False
2920.4156 	EXP 	polygon_2: autoDraw = True
2922.4490 	EXP 	Sound test_sound reached end of file
2922.4582 	EXP 	Sound test_sound reached end of file
2924.1647 	EXP 	New trial (rep=0, index=15): <Trial 15 (15 in rep 0) data={'sounds': 'sounds/08d_filtrar.wav', 'syll': 'CVC', 'stress_unstress': 'Stressed', 'suffix': 'Mismatch', 'present_past': 'past', 'corrAns': 'num_2', 'trigger_item': 0.0, 'trigger_senonset': 0.2, 'trigger_verbsonset': 0.7526856695589441, 'trigger_1_F0': 0.87808115762362, 'trigger_suffix': 1.118901843962886, 'trigger_2_F0': 1.172598812485867, 'ID_item': 101, 'ID_senonset': 40, 'ID_verbonset': 41, 'ID_1_F0': 42, 'ID_suffix': 43, 'ID_2_F0': 44, 'ms_senonset': 0, 'ms_verbonset': 0.552685669558944, 'ms_1_F0': 0.67808115762362, 'ms_suffix': 0.918901843962886, 'ms_2_F0': 0.972598812485867, 'file_name': '08d_filtrar.wav', 'item_id': 8, 'cond': 'd', 'thisN': 15, 'thisTrialN': 15, 'thisRepN': 0}>
2924.1726 	EXP 	Sound test_sound reached end of file
2924.1746 	EXP 	Sound test_sound started
2924.1752 	DATA 	Keypress: left
2924.1856 	EXP 	polygon_2: autoDraw = False
2924.1856 	EXP 	text_3: autoDraw = False
2924.1856 	EXP 	polygon_2: autoDraw = True
2925.9259 	EXP 	Sound test_sound reached end of file
2925.9410 	EXP 	Sound test_sound reached end of file
2927.6636 	EXP 	New trial (rep=0, index=16): <Trial 16 (16 in rep 0) data={'sounds': 'sounds/04c_plantar.wav', 'syll': 'CVC', 'stress_unstress': 'Unstressed', 'suffix': 'Match', 'present_past': 'past', 'corrAns': 'num_2', 'trigger_item': 0.0, 'trigger_senonset': 0.2, 'trigger_verbsonset': 0.862877574458911, 'trigger_1_F0': 0.9343518689653568, 'trigger_suffix': 1.20493812332404, 'trigger_2_F0': 1.21897569287037, 'ID_item': 101, 'ID_senonset': 30, 'ID_verbonset': 31, 'ID_1_F0': 32, 'ID_suffix': 33, 'ID_2_F0': 34, 'ms_senonset': 0, 'ms_verbonset': 0.662877574458911, 'ms_1_F0': 0.734351868965357, 'ms_suffix': 1.00493812332404, 'ms_2_F0': 1.01897569287037, 'file_name': '04c_plantar.wav', 'item_id': 4, 'cond': 'c', 'thisN': 16, 'thisTrialN': 16, 'thisRepN': 0}>
2927.6695 	EXP 	Sound test_sound reached end of file
2927.6748 	EXP 	Sound test_sound started
2927.6728 	DATA 	Keypress: left
2927.6812 	EXP 	polygon_2: autoDraw = False
2927.6812 	EXP 	text_3: autoDraw = False
2927.6812 	EXP 	polygon_2: autoDraw = True
2929.6952 	EXP 	Sound test_sound reached end of file
2929.7085 	EXP 	Sound test_sound reached end of file
2930.3812 	EXP 	New trial (rep=0, index=17): <Trial 17 (17 in rep 0) data={'sounds': 'sounds/06d_soplar.wav', 'syll': 'CVC', 'stress_unstress': 'Stressed', 'suffix': 'Mismatch', 'present_past': 'past', 'corrAns': 'num_2', 'trigger_item': 0.0, 'trigger_senonset': 0.2, 'trigger_verbsonset': 0.761291666666666, 'trigger_1_F0': 0.8899999999999999, 'trigger_suffix': 1.102139687590422, 'trigger_2_F0': 1.166665581687644, 'ID_item': 101, 'ID_senonset': 40, 'ID_verbonset': 41, 'ID_1_F0': 42, 'ID_suffix': 43, 'ID_2_F0': 44, 'ms_senonset': 0, 'ms_verbonset': 0.561291666666666, 'ms_1_F0': 0.69, 'ms_suffix': 0.902139687590422, 'ms_2_F0': 0.966665581687644, 'file_name': '06d_soplar.wav', 'item_id': 6, 'cond': 'd', 'thisN': 17, 'thisTrialN': 17, 'thisRepN': 0}>
2930.3875 	EXP 	Sound test_sound reached end of file
2930.3915 	EXP 	Sound test_sound started
2930.3905 	DATA 	Keypress: right
2930.3988 	EXP 	polygon_2: autoDraw = False
2930.3988 	EXP 	text_3: autoDraw = False
2930.3988 	EXP 	polygon_2: autoDraw = True
2932.2516 	EXP 	Sound test_sound reached end of file
2932.2589 	EXP 	Sound test_sound reached end of file
2933.4146 	EXP 	New trial (rep=0, index=18): <Trial 18 (18 in rep 0) data={'sounds': 'sounds/26a_bajar.wav', 'syll': 'CVC', 'stress_unstress': 'Stressed', 'suffix': 'Match', 'present_past': 'present', 'corrAns': 'num_1', 'trigger_item': 0.0, 'trigger_senonset': 0.2, 'trigger_verbsonset': 0.77, 'trigger_1_F0': 0.8999999999999999, 'trigger_suffix': 1.03, 'trigger_2_F0': 1.171181705729166, 'ID_item': 101, 'ID_senonset': 10, 'ID_verbonset': 11, 'ID_1_F0': 12, 'ID_suffix': 13, 'ID_2_F0': 14, 'ms_senonset': 0, 'ms_verbonset': 0.57, 'ms_1_F0': 0.7, 'ms_suffix': 0.83, 'ms_2_F0': 0.971181705729166, 'file_name': '26a_bajar.wav', 'item_id': 26, 'cond': 'a', 'thisN': 18, 'thisTrialN': 18, 'thisRepN': 0}>
2933.4220 	EXP 	Sound test_sound reached end of file
2933.4243 	EXP 	Sound test_sound started
2933.4256 	DATA 	Keypress: right
2933.4343 	EXP 	polygon_2: autoDraw = False
2933.4343 	EXP 	text_3: autoDraw = False
2933.4343 	EXP 	polygon_2: autoDraw = True
2935.4794 	EXP 	Sound test_sound reached end of file
2935.4919 	EXP 	Sound test_sound reached end of file
2936.2447 	DATA 	Keypress: left
2936.2652 	EXP 	New trial (rep=0, index=19): <Trial 19 (19 in rep 0) data={'sounds': 'sounds/02c_buscar.wav', 'syll': 'CVC', 'stress_unstress': 'Unstressed', 'suffix': 'Match', 'present_past': 'past', 'corrAns': 'num_2', 'trigger_item': 0.0, 'trigger_senonset': 0.2, 'trigger_verbsonset': 0.8700000000000001, 'trigger_1_F0': 1.07, 'trigger_suffix': 1.26, 'trigger_2_F0': 1.40703946035879, 'ID_item': 101, 'ID_senonset': 30, 'ID_verbonset': 31, 'ID_1_F0': 32, 'ID_suffix': 33, 'ID_2_F0': 34, 'ms_senonset': 0, 'ms_verbonset': 0.67, 'ms_1_F0': 0.87, 'ms_suffix': 1.06, 'ms_2_F0': 1.20703946035879, 'file_name': '02c_buscar.wav', 'item_id': 2, 'cond': 'c', 'thisN': 19, 'thisTrialN': 19, 'thisRepN': 0}>
2936.2727 	EXP 	Sound test_sound reached end of file
2936.2748 	EXP 	Sound test_sound started
2936.2835 	EXP 	polygon_2: autoDraw = False
2936.2835 	EXP 	text_3: autoDraw = False
2936.2835 	EXP 	polygon_2: autoDraw = True
2938.3914 	EXP 	Sound test_sound reached end of file
2938.4084 	EXP 	Sound test_sound reached end of file
2939.2445 	DATA 	Keypress: right
2939.2747 	EXP 	polygon_2: autoDraw = False
2939.2747 	EXP 	text_3: autoDraw = True
2945.5277 	EXP 	New trial (rep=0, index=20): <Trial 20 (20 in rep 0) data={'sounds': 'sounds/19a_marcar.wav', 'syll': 'CVC', 'stress_unstress': 'Stressed', 'suffix': 'Match', 'present_past': 'present', 'corrAns': 'num_1', 'trigger_item': 0.0, 'trigger_senonset': 0.2, 'trigger_verbsonset': 0.8400000000000001, 'trigger_1_F0': 0.97, 'trigger_suffix': 1.245718359375, 'trigger_2_F0': 1.273519140625, 'ID_item': 101, 'ID_senonset': 10, 'ID_verbonset': 11, 'ID_1_F0': 12, 'ID_suffix': 13, 'ID_2_F0': 14, 'ms_senonset': 0, 'ms_verbonset': 0.64, 'ms_1_F0': 0.77, 'ms_suffix': 1.045718359375, 'ms_2_F0': 1.073519140625, 'file_name': '19a_marcar.wav', 'item_id': 19, 'cond': 'a', 'thisN': 20, 'thisTrialN': 20, 'thisRepN': 0}>
2945.5346 	EXP 	Sound test_sound reached end of file
2945.5415 	EXP 	Sound test_sound started
2945.5374 	DATA 	Keypress: space
2945.5468 	EXP 	text_3: autoDraw = False
2945.5468 	EXP 	polygon_2: autoDraw = True
2947.4250 	EXP 	Sound test_sound reached end of file
2947.4420 	EXP 	Sound test_sound reached end of file
2947.8298 	EXP 	New trial (rep=0, index=21): <Trial 21 (21 in rep 0) data={'sounds': 'sounds/29a_pesar.wav', 'syll': 'CVC', 'stress_unstress': 'Stressed', 'suffix': 'Match', 'present_past': 'present', 'corrAns': 'num_1', 'trigger_item': 0.0, 'trigger_senonset': 0.2, 'trigger_verbsonset': 0.91328417532552, 'trigger_1_F0': 0.925531286730473, 'trigger_suffix': 1.03, 'trigger_2_F0': 1.150619522602117, 'ID_item': 101, 'ID_senonset': 10, 'ID_verbonset': 11, 'ID_1_F0': 12, 'ID_suffix': 13, 'ID_2_F0': 14, 'ms_senonset': 0, 'ms_verbonset': 0.71328417532552, 'ms_1_F0': 0.725531286730473, 'ms_suffix': 0.83, 'ms_2_F0': 0.950619522602117, 'file_name': '29a_pesar.wav', 'item_id': 29, 'cond': 'a', 'thisN': 21, 'thisTrialN': 21, 'thisRepN': 0}>
2947.8362 	EXP 	Sound test_sound reached end of file
2947.8409 	EXP 	Sound test_sound started
2947.8401 	DATA 	Keypress: left
2947.8459 	EXP 	polygon_2: autoDraw = False
2947.8459 	EXP 	text_3: autoDraw = False
2947.8459 	EXP 	polygon_2: autoDraw = True
2949.7346 	EXP 	Sound test_sound reached end of file
2949.7415 	EXP 	Sound test_sound reached end of file
2950.2149 	EXP 	New trial (rep=0, index=22): <Trial 22 (22 in rep 0) data={'sounds': 'sounds/27c_tirar.wav', 'syll': 'CVC', 'stress_unstress': 'Unstressed', 'suffix': 'Match', 'present_past': 'past', 'corrAns': 'num_2', 'trigger_item': 0.0, 'trigger_senonset': 0.2, 'trigger_verbsonset': 0.8119442057291659, 'trigger_1_F0': 0.8307495153356481, 'trigger_suffix': 0.9885306495949072, 'trigger_2_F0': 0.998621303530092, 'ID_item': 101, 'ID_senonset': 30, 'ID_verbonset': 31, 'ID_1_F0': 32, 'ID_suffix': 33, 'ID_2_F0': 34, 'ms_senonset': 0, 'ms_verbonset': 0.611944205729166, 'ms_1_F0': 0.630749515335648, 'ms_suffix': 0.788530649594907, 'ms_2_F0': 0.798621303530092, 'file_name': '27c_tirar.wav', 'item_id': 27, 'cond': 'c', 'thisN': 22, 'thisTrialN': 22, 'thisRepN': 0}>
2950.2228 	EXP 	Sound test_sound reached end of file
2950.2243 	EXP 	Sound test_sound started
2950.2247 	DATA 	Keypress: left
2950.2358 	EXP 	polygon_2: autoDraw = False
2950.2358 	EXP 	text_3: autoDraw = False
2950.2358 	EXP 	polygon_2: autoDraw = True
2952.2086 	EXP 	Sound test_sound reached end of file
2952.2249 	EXP 	Sound test_sound reached end of file
2952.5314 	EXP 	New trial (rep=0, index=23): <Trial 23 (23 in rep 0) data={'sounds': 'sounds/33b_culpar.wav', 'syll': 'CVC', 'stress_unstress': 'Unstressed', 'suffix': 'Mismatch', 'present_past': 'present', 'corrAns': 'num_1', 'trigger_item': 0.0, 'trigger_senonset': 0.2, 'trigger_verbsonset': 0.8606178431336959, 'trigger_1_F0': 0.869103678029107, 'trigger_suffix': 1.109891641372144, 'trigger_2_F0': 1.131540467434179, 'ID_item': 101, 'ID_senonset': 20, 'ID_verbonset': 21, 'ID_1_F0': 22, 'ID_suffix': 23, 'ID_2_F0': 24, 'ms_senonset': 0, 'ms_verbonset': 0.660617843133696, 'ms_1_F0': 0.669103678029107, 'ms_suffix': 0.909891641372144, 'ms_2_F0': 0.931540467434179, 'file_name': '33b_culpar.wav', 'item_id': 33, 'cond': 'b', 'thisN': 23, 'thisTrialN': 23, 'thisRepN': 0}>
2952.5766 	EXP 	Sound test_sound reached end of file
2952.5919 	EXP 	Sound test_sound started
2952.5790 	DATA 	Keypress: right
2952.5880 	EXP 	polygon_2: autoDraw = False
2952.5880 	EXP 	text_3: autoDraw = False
2952.5880 	EXP 	polygon_2: autoDraw = True
2954.7353 	EXP 	Sound test_sound reached end of file
2954.7425 	EXP 	Sound test_sound reached end of file
2954.9808 	EXP 	New trial (rep=0, index=24): <Trial 24 (24 in rep 0) data={'sounds': 'sounds/21a_mezclar.wav', 'syll': 'CVC', 'stress_unstress': 'Stressed', 'suffix': 'Match', 'present_past': 'present', 'corrAns': 'num_1', 'trigger_item': 0.0, 'trigger_senonset': 0.2, 'trigger_verbsonset': 0.78, 'trigger_1_F0': 0.9121902777777772, 'trigger_suffix': 1.20214212962962, 'trigger_2_F0': 1.27, 'ID_item': 101, 'ID_senonset': 10, 'ID_verbonset': 11, 'ID_1_F0': 12, 'ID_suffix': 13, 'ID_2_F0': 14, 'ms_senonset': 0, 'ms_verbonset': 0.58, 'ms_1_F0': 0.712190277777777, 'ms_suffix': 1.00214212962962, 'ms_2_F0': 1.07, 'file_name': '21a_mezclar.wav', 'item_id': 21, 'cond': 'a', 'thisN': 24, 'thisTrialN': 24, 'thisRepN': 0}>
2954.9857 	EXP 	Sound test_sound reached end of file
2954.9914 	EXP 	Sound test_sound started
2954.9874 	DATA 	Keypress: left
2954.9969 	EXP 	polygon_2: autoDraw = False
2954.9969 	EXP 	text_3: autoDraw = False
2954.9969 	EXP 	polygon_2: autoDraw = True
2956.9925 	EXP 	Sound test_sound reached end of file
2957.0079 	EXP 	Sound test_sound reached end of file
2957.4322 	EXP 	New trial (rep=0, index=25): <Trial 25 (25 in rep 0) data={'sounds': 'sounds/18b_cumplir.wav', 'syll': 'CVC', 'stress_unstress': 'Unstressed', 'suffix': 'Mismatch', 'present_past': 'present', 'corrAns': 'num_1', 'trigger_item': 0.0, 'trigger_senonset': 0.2, 'trigger_verbsonset': 1.2408027271412, 'trigger_1_F0': 1.25568597366898, 'trigger_suffix': 1.46256310040509, 'trigger_2_F0': 1.54144430700231, 'ID_item': 101, 'ID_senonset': 20, 'ID_verbonset': 21, 'ID_1_F0': 22, 'ID_suffix': 23, 'ID_2_F0': 24, 'ms_senonset': 0, 'ms_verbonset': 1.0408027271412, 'ms_1_F0': 1.05568597366898, 'ms_suffix': 1.26256310040509, 'ms_2_F0': 1.34144430700231, 'file_name': '18b_cumplir.wav', 'item_id': 18, 'cond': 'b', 'thisN': 25, 'thisTrialN': 25, 'thisRepN': 0}>
2957.4394 	EXP 	Sound test_sound reached end of file
2957.4415 	EXP 	Sound test_sound started
2957.4418 	DATA 	Keypress: left
2957.4503 	EXP 	polygon_2: autoDraw = False
2957.4503 	EXP 	text_3: autoDraw = False
2957.4503 	EXP 	polygon_2: autoDraw = True
2959.6161 	EXP 	Sound test_sound reached end of file
2959.6246 	EXP 	Sound test_sound reached end of file
2960.9486 	EXP 	New trial (rep=0, index=26): <Trial 26 (26 in rep 0) data={'sounds': 'sounds/05a_fumar.wav', 'syll': 'CVC', 'stress_unstress': 'Stressed', 'suffix': 'Match', 'present_past': 'present', 'corrAns': 'num_1', 'trigger_item': 0.0, 'trigger_senonset': 0.2, 'trigger_verbsonset': 1.15, 'trigger_1_F0': 1.36712555700231, 'trigger_suffix': 1.48, 'trigger_2_F0': 1.56308830295138, 'ID_item': 101, 'ID_senonset': 10, 'ID_verbonset': 11, 'ID_1_F0': 12, 'ID_suffix': 13, 'ID_2_F0': 14, 'ms_senonset': 0, 'ms_verbonset': 0.95, 'ms_1_F0': 1.16712555700231, 'ms_suffix': 1.28, 'ms_2_F0': 1.36308830295138, 'file_name': '05a_fumar.wav', 'item_id': 5, 'cond': 'a', 'thisN': 26, 'thisTrialN': 26, 'thisRepN': 0}>
2960.9558 	EXP 	Sound test_sound reached end of file
2960.9585 	EXP 	Sound test_sound started
2960.9577 	DATA 	Keypress: left
2960.9664 	EXP 	polygon_2: autoDraw = False
2960.9664 	EXP 	text_3: autoDraw = False
2960.9664 	EXP 	polygon_2: autoDraw = True
2963.3088 	EXP 	Sound test_sound reached end of file
2963.3127 	EXP 	Sound test_sound reached end of file
2964.8449 	DATA 	Keypress: right
2964.8645 	EXP 	New trial (rep=0, index=27): <Trial 27 (27 in rep 0) data={'sounds': 'sounds/28d_parar.wav', 'syll': 'CVC', 'stress_unstress': 'Stressed', 'suffix': 'Mismatch', 'present_past': 'past', 'corrAns': 'num_2', 'trigger_item': 0.0, 'trigger_senonset': 0.2, 'trigger_verbsonset': 0.8458860026041659, 'trigger_1_F0': 0.862313736979166, 'trigger_suffix': 1.018194683159722, 'trigger_2_F0': 1.032797113715277, 'ID_item': 101, 'ID_senonset': 40, 'ID_verbonset': 41, 'ID_1_F0': 42, 'ID_suffix': 43, 'ID_2_F0': 44, 'ms_senonset': 0, 'ms_verbonset': 0.645886002604166, 'ms_1_F0': 0.662313736979166, 'ms_suffix': 0.818194683159722, 'ms_2_F0': 0.832797113715277, 'file_name': '28d_parar.wav', 'item_id': 28, 'cond': 'd', 'thisN': 27, 'thisTrialN': 27, 'thisRepN': 0}>
2964.8697 	EXP 	Sound test_sound reached end of file
2964.8752 	EXP 	Sound test_sound started
2964.8796 	EXP 	polygon_2: autoDraw = False
2964.8796 	EXP 	text_3: autoDraw = False
2964.8796 	EXP 	polygon_2: autoDraw = True
2966.7667 	EXP 	Sound test_sound reached end of file
2966.7750 	EXP 	Sound test_sound reached end of file
2968.9309 	EXP 	New trial (rep=0, index=28): <Trial 28 (28 in rep 0) data={'sounds': 'sounds/24d_mirar.wav', 'syll': 'CVC', 'stress_unstress': 'Stressed', 'suffix': 'Mismatch', 'present_past': 'past', 'corrAns': 'num_2', 'trigger_item': 0.0, 'trigger_senonset': 0.2, 'trigger_verbsonset': 0.71, 'trigger_1_F0': 0.8119545789930551, 'trigger_suffix': 0.9389863642939812, 'trigger_2_F0': 0.9746780743634248, 'ID_item': 101, 'ID_senonset': 40, 'ID_verbonset': 41, 'ID_1_F0': 42, 'ID_suffix': 43, 'ID_2_F0': 44, 'ms_senonset': 0, 'ms_verbonset': 0.51, 'ms_1_F0': 0.611954578993055, 'ms_suffix': 0.738986364293981, 'ms_2_F0': 0.774678074363425, 'file_name': '24d_mirar.wav', 'item_id': 24, 'cond': 'd', 'thisN': 28, 'thisTrialN': 28, 'thisRepN': 0}>
2968.9357 	EXP 	Sound test_sound reached end of file
2968.9420 	EXP 	Sound test_sound started
2968.9384 	DATA 	Keypress: left
2968.9469 	EXP 	polygon_2: autoDraw = False
2968.9469 	EXP 	text_3: autoDraw = False
2968.9469 	EXP 	polygon_2: autoDraw = True
2970.6247 	EXP 	Sound test_sound reached end of file
2970.6416 	EXP 	Sound test_sound reached end of file
2971.1985 	EXP 	New trial (rep=0, index=29): <Trial 29 (29 in rep 0) data={'sounds': 'sounds/38b_pagar.wav', 'syll': 'CVC', 'stress_unstress': 'Unstressed', 'suffix': 'Mismatch', 'present_past': 'present', 'corrAns': 'num_1', 'trigger_item': 0.0, 'trigger_senonset': 0.2, 'trigger_verbsonset': 1.166737304687499, 'trigger_1_F0': 1.185271158854166, 'trigger_suffix': 1.29521061197916, 'trigger_2_F0': 1.4055712890624898, 'ID_item': 101, 'ID_senonset': 20, 'ID_verbonset': 21, 'ID_1_F0': 22, 'ID_suffix': 23, 'ID_2_F0': 24, 'ms_senonset': 0, 'ms_verbonset': 0.966737304687499, 'ms_1_F0': 0.985271158854166, 'ms_suffix': 1.09521061197916, 'ms_2_F0': 1.20557128906249, 'file_name': '38b_pagar.wav', 'item_id': 38, 'cond': 'b', 'thisN': 29, 'thisTrialN': 29, 'thisRepN': 0}>
2971.2051 	EXP 	Sound test_sound reached end of file
2971.2081 	EXP 	Sound test_sound started
2971.2078 	DATA 	Keypress: right
2971.2163 	EXP 	polygon_2: autoDraw = False
2971.2163 	EXP 	text_3: autoDraw = False
2971.2163 	EXP 	polygon_2: autoDraw = True
2973.4416 	EXP 	Sound test_sound reached end of file
2973.4583 	EXP 	Sound test_sound reached end of file
2973.8985 	DATA 	Keypress: left
2973.9071 	EXP 	polygon_2: autoDraw = False
2973.9071 	EXP 	text_3: autoDraw = True
2977.9922 	EXP 	New trial (rep=0, index=30): <Trial 30 (30 in rep 0) data={'sounds': 'sounds/14b_borrar.wav', 'syll': 'CVC', 'stress_unstress': 'Unstressed', 'suffix': 'Mismatch', 'present_past': 'present', 'corrAns': 'num_1', 'trigger_item': 0.0, 'trigger_senonset': 0.2, 'trigger_verbsonset': 0.72, 'trigger_1_F0': 0.770187630208333, 'trigger_suffix': 0.851961241319444, 'trigger_2_F0': 0.964399956597222, 'ID_item': 101, 'ID_senonset': 20, 'ID_verbonset': 21, 'ID_1_F0': 22, 'ID_suffix': 23, 'ID_2_F0': 24, 'ms_senonset': 0, 'ms_verbonset': 0.52, 'ms_1_F0': 0.570187630208333, 'ms_suffix': 0.651961241319444, 'ms_2_F0': 0.764399956597222, 'file_name': '14b_borrar.wav', 'item_id': 14, 'cond': 'b', 'thisN': 30, 'thisTrialN': 30, 'thisRepN': 0}>
2977.9949 	EXP 	Sound test_sound reached end of file
2978.0072 	EXP 	Sound test_sound started
2977.9958 	DATA 	Keypress: space
2978.0073 	EXP 	text_3: autoDraw = False
2978.0073 	EXP 	polygon_2: autoDraw = True
2979.9313 	EXP 	Sound test_sound reached end of file
2979.9415 	EXP 	Sound test_sound reached end of file
2980.5642 	EXP 	New trial (rep=0, index=31): <Trial 31 (31 in rep 0) data={'sounds': 'sounds/22d_dejar.wav', 'syll': 'CVC', 'stress_unstress': 'Stressed', 'suffix': 'Mismatch', 'present_past': 'past', 'corrAns': 'num_2', 'trigger_item': 0.0, 'trigger_senonset': 0.2, 'trigger_verbsonset': 0.8500000000000001, 'trigger_1_F0': 1.02, 'trigger_suffix': 1.152543366608796, 'trigger_2_F0': 1.28794346788194, 'ID_item': 101, 'ID_senonset': 40, 'ID_verbonset': 41, 'ID_1_F0': 42, 'ID_suffix': 43, 'ID_2_F0': 44, 'ms_senonset': 0, 'ms_verbonset': 0.65, 'ms_1_F0': 0.82, 'ms_suffix': 0.952543366608796, 'ms_2_F0': 1.08794346788194, 'file_name': '22d_dejar.wav', 'item_id': 22, 'cond': 'd', 'thisN': 31, 'thisTrialN': 31, 'thisRepN': 0}>
2980.5699 	EXP 	Sound test_sound reached end of file
2980.5745 	EXP 	Sound test_sound started
2980.5738 	DATA 	Keypress: left
2980.5811 	EXP 	polygon_2: autoDraw = False
2980.5811 	EXP 	text_3: autoDraw = False
2980.5811 	EXP 	polygon_2: autoDraw = True
2982.6010 	EXP 	Sound test_sound reached end of file
2982.6084 	EXP 	Sound test_sound reached end of file
2982.8972 	EXP 	New trial (rep=0, index=32): <Trial 32 (32 in rep 0) data={'sounds': 'sounds/17d_tragar.wav', 'syll': 'CVC', 'stress_unstress': 'Stressed', 'suffix': 'Mismatch', 'present_past': 'past', 'corrAns': 'num_2', 'trigger_item': 0.0, 'trigger_senonset': 0.2, 'trigger_verbsonset': 1.070609360532407, 'trigger_1_F0': 1.117973654513888, 'trigger_suffix': 1.30915316840277, 'trigger_2_F0': 1.35458539534397, 'ID_item': 101, 'ID_senonset': 40, 'ID_verbonset': 41, 'ID_1_F0': 42, 'ID_suffix': 43, 'ID_2_F0': 44, 'ms_senonset': 0, 'ms_verbonset': 0.870609360532407, 'ms_1_F0': 0.917973654513888, 'ms_suffix': 1.10915316840277, 'ms_2_F0': 1.15458539534397, 'file_name': '17d_tragar.wav', 'item_id': 17, 'cond': 'd', 'thisN': 32, 'thisTrialN': 32, 'thisRepN': 0}>
2982.9037 	EXP 	Sound test_sound reached end of file
2982.9078 	EXP 	Sound test_sound started
2982.9068 	DATA 	Keypress: right
2982.9134 	EXP 	polygon_2: autoDraw = False
2982.9134 	EXP 	text_3: autoDraw = False
2982.9134 	EXP 	polygon_2: autoDraw = True
2985.1932 	EXP 	Sound test_sound reached end of file
2985.2079 	EXP 	Sound test_sound reached end of file
2985.4139 	EXP 	New trial (rep=0, index=33): <Trial 33 (33 in rep 0) data={'sounds': 'sounds/31d_tocar.wav', 'syll': 'CVC', 'stress_unstress': 'Stressed', 'suffix': 'Mismatch', 'present_past': 'past', 'corrAns': 'num_2', 'trigger_item': 0.0, 'trigger_senonset': 0.2, 'trigger_verbsonset': 0.8493931756807, 'trigger_1_F0': 0.8650112062639721, 'trigger_suffix': 1.006860547391531, 'trigger_2_F0': 1.049162047334928, 'ID_item': 101, 'ID_senonset': 40, 'ID_verbonset': 41, 'ID_1_F0': 42, 'ID_suffix': 43, 'ID_2_F0': 44, 'ms_senonset': 0, 'ms_verbonset': 0.6493931756807, 'ms_1_F0': 0.665011206263972, 'ms_suffix': 0.806860547391531, 'ms_2_F0': 0.849162047334928, 'file_name': '31d_tocar.wav', 'item_id': 31, 'cond': 'd', 'thisN': 33, 'thisTrialN': 33, 'thisRepN': 0}>
2985.4200 	EXP 	Sound test_sound reached end of file
2985.4242 	EXP 	Sound test_sound started
2985.4232 	DATA 	Keypress: right
2985.4320 	EXP 	polygon_2: autoDraw = False
2985.4320 	EXP 	text_3: autoDraw = False
2985.4320 	EXP 	polygon_2: autoDraw = True
2987.3108 	EXP 	Sound test_sound reached end of file
2987.3240 	EXP 	Sound test_sound reached end of file
2988.0925 	EXP 	New trial (rep=0, index=34): <Trial 34 (34 in rep 0) data={'sounds': 'sounds/15b_partir.wav', 'syll': 'CVC', 'stress_unstress': 'Unstressed', 'suffix': 'Mismatch', 'present_past': 'present', 'corrAns': 'num_1', 'trigger_item': 0.0, 'trigger_senonset': 0.2, 'trigger_verbsonset': 0.826865400752314, 'trigger_1_F0': 0.842973894883327, 'trigger_suffix': 1.1042888772729471, 'trigger_2_F0': 1.120815958498066, 'ID_item': 101, 'ID_senonset': 20, 'ID_verbonset': 21, 'ID_1_F0': 22, 'ID_suffix': 23, 'ID_2_F0': 24, 'ms_senonset': 0, 'ms_verbonset': 0.626865400752314, 'ms_1_F0': 0.642973894883327, 'ms_suffix': 0.904288877272947, 'ms_2_F0': 0.920815958498066, 'file_name': '15b_partir.wav', 'item_id': 15, 'cond': 'b', 'thisN': 34, 'thisTrialN': 34, 'thisRepN': 0}>
2988.0946 	EXP 	Sound test_sound reached end of file
2988.1067 	EXP 	Sound test_sound started
2988.0972 	DATA 	Keypress: right
2988.1069 	EXP 	polygon_2: autoDraw = False
2988.1069 	EXP 	text_3: autoDraw = False
2988.1069 	EXP 	polygon_2: autoDraw = True
2990.1438 	EXP 	Sound test_sound reached end of file
2990.1572 	EXP 	Sound test_sound reached end of file
2990.6094 	EXP 	New trial (rep=0, index=35): <Trial 35 (35 in rep 0) data={'sounds': 'sounds/09c_cargar.wav', 'syll': 'CVC', 'stress_unstress': 'Unstressed', 'suffix': 'Match', 'present_past': 'past', 'corrAns': 'num_2', 'trigger_item': 0.0, 'trigger_senonset': 0.2, 'trigger_verbsonset': 0.81286744068287, 'trigger_1_F0': 0.8382251229745361, 'trigger_suffix': 1.032634020543981, 'trigger_2_F0': 1.090594437210648, 'ID_item': 101, 'ID_senonset': 30, 'ID_verbonset': 31, 'ID_1_F0': 32, 'ID_suffix': 33, 'ID_2_F0': 34, 'ms_senonset': 0, 'ms_verbonset': 0.61286744068287, 'ms_1_F0': 0.638225122974536, 'ms_suffix': 0.832634020543981, 'ms_2_F0': 0.890594437210648, 'file_name': '09c_cargar.wav', 'item_id': 9, 'cond': 'c', 'thisN': 35, 'thisTrialN': 35, 'thisRepN': 0}>
2990.6117 	EXP 	Sound test_sound reached end of file
2990.6235 	EXP 	Sound test_sound started
2990.6130 	DATA 	Keypress: left
2990.6239 	EXP 	polygon_2: autoDraw = False
2990.6239 	EXP 	text_3: autoDraw = False
2990.6239 	EXP 	polygon_2: autoDraw = True
2992.5369 	EXP 	Sound test_sound reached end of file
2992.5426 	EXP 	Sound test_sound reached end of file
2993.7648 	EXP 	New trial (rep=0, index=36): <Trial 36 (36 in rep 0) data={'sounds': 'sounds/32d_pulsar.wav', 'syll': 'CVC', 'stress_unstress': 'Stressed', 'suffix': 'Mismatch', 'present_past': 'past', 'corrAns': 'num_2', 'trigger_item': 0.0, 'trigger_senonset': 0.2, 'trigger_verbsonset': 0.796440212673611, 'trigger_1_F0': 0.8294641710069439, 'trigger_suffix': 0.99, 'trigger_2_F0': 1.097783832465277, 'ID_item': 101, 'ID_senonset': 40, 'ID_verbonset': 41, 'ID_1_F0': 42, 'ID_suffix': 43, 'ID_2_F0': 44, 'ms_senonset': 0, 'ms_verbonset': 0.596440212673611, 'ms_1_F0': 0.629464171006944, 'ms_suffix': 0.79, 'ms_2_F0': 0.897783832465277, 'file_name': '32d_pulsar.wav', 'item_id': 32, 'cond': 'd', 'thisN': 36, 'thisTrialN': 36, 'thisRepN': 0}>
2993.7699 	EXP 	Sound test_sound reached end of file
2993.7749 	EXP 	Sound test_sound started
2993.7734 	DATA 	Keypress: right
2993.7817 	EXP 	polygon_2: autoDraw = False
2993.7817 	EXP 	text_3: autoDraw = False
2993.7817 	EXP 	polygon_2: autoDraw = True
2995.5766 	EXP 	Sound test_sound reached end of file
2995.5823 	EXP 	Sound test_sound reached end of file
2996.1150 	EXP 	New trial (rep=0, index=37): <Trial 37 (37 in rep 0) data={'sounds': 'sounds/07c_tumbar.wav', 'syll': 'CVC', 'stress_unstress': 'Unstressed', 'suffix': 'Match', 'present_past': 'past', 'corrAns': 'num_2', 'trigger_item': 0.0, 'trigger_senonset': 0.2, 'trigger_verbsonset': 0.9084024930273432, 'trigger_1_F0': 0.9247360728973012, 'trigger_suffix': 1.143289673625005, 'trigger_2_F0': 1.154847989033482, 'ID_item': 101, 'ID_senonset': 30, 'ID_verbonset': 31, 'ID_1_F0': 32, 'ID_suffix': 33, 'ID_2_F0': 34, 'ms_senonset': 0, 'ms_verbonset': 0.708402493027343, 'ms_1_F0': 0.724736072897301, 'ms_suffix': 0.943289673625005, 'ms_2_F0': 0.954847989033482, 'file_name': '07c_tumbar.wav', 'item_id': 7, 'cond': 'c', 'thisN': 37, 'thisTrialN': 37, 'thisRepN': 0}>
2996.1209 	EXP 	Sound test_sound reached end of file
2996.1250 	EXP 	Sound test_sound started
2996.1232 	DATA 	Keypress: right
2996.1310 	EXP 	polygon_2: autoDraw = False
2996.1310 	EXP 	text_3: autoDraw = False
2996.1310 	EXP 	polygon_2: autoDraw = True
2998.0588 	EXP 	Sound test_sound reached end of file
2998.0749 	EXP 	Sound test_sound reached end of file
3000.0972 	EXP 	New trial (rep=0, index=38): <Trial 38 (38 in rep 0) data={'sounds': 'sounds/25b_ganar.wav', 'syll': 'CVC', 'stress_unstress': 'Unstressed', 'suffix': 'Mismatch', 'present_past': 'present', 'corrAns': 'num_1', 'trigger_item': 0.0, 'trigger_senonset': 0.2, 'trigger_verbsonset': 1.152097938368055, 'trigger_1_F0': 1.15990068760488, 'trigger_suffix': 1.28904165650454, 'trigger_2_F0': 1.37272500435153, 'ID_item': 101, 'ID_senonset': 20, 'ID_verbonset': 21, 'ID_1_F0': 22, 'ID_suffix': 23, 'ID_2_F0': 24, 'ms_senonset': 0, 'ms_verbonset': 0.952097938368055, 'ms_1_F0': 0.95990068760488, 'ms_suffix': 1.08904165650454, 'ms_2_F0': 1.17272500435153, 'file_name': '25b_ganar.wav', 'item_id': 25, 'cond': 'b', 'thisN': 38, 'thisTrialN': 38, 'thisRepN': 0}>
3000.1036 	EXP 	Sound test_sound reached end of file
3000.1077 	EXP 	Sound test_sound started
3000.1057 	DATA 	Keypress: left
3000.1146 	EXP 	polygon_2: autoDraw = False
3000.1146 	EXP 	text_3: autoDraw = False
3000.1146 	EXP 	polygon_2: autoDraw = True
3002.4303 	EXP 	Sound test_sound reached end of file
3002.4416 	EXP 	Sound test_sound reached end of file
3002.6615 	DATA 	Keypress: left
3002.6807 	EXP 	New trial (rep=0, index=39): <Trial 39 (39 in rep 0) data={'sounds': 'sounds/11a_pegar.wav', 'syll': 'CVC', 'stress_unstress': 'Stressed', 'suffix': 'Match', 'present_past': 'present', 'corrAns': 'num_1', 'trigger_item': 0.0, 'trigger_senonset': 0.2, 'trigger_verbsonset': 0.8182808977343741, 'trigger_1_F0': 0.831294515585661, 'trigger_suffix': 0.98, 'trigger_2_F0': 1.012063288108519, 'ID_item': 101, 'ID_senonset': 10, 'ID_verbonset': 11, 'ID_1_F0': 12, 'ID_suffix': 13, 'ID_2_F0': 14, 'ms_senonset': 0, 'ms_verbonset': 0.618280897734374, 'ms_1_F0': 0.631294515585661, 'ms_suffix': 0.78, 'ms_2_F0': 0.812063288108519, 'file_name': '11a_pegar.wav', 'item_id': 11, 'cond': 'a', 'thisN': 39, 'thisTrialN': 39, 'thisRepN': 0}>
3002.6879 	EXP 	Sound test_sound reached end of file
3002.6912 	EXP 	Sound test_sound started
3002.6995 	EXP 	polygon_2: autoDraw = False
3002.6995 	EXP 	text_3: autoDraw = False
3002.6995 	EXP 	polygon_2: autoDraw = True
3004.6099 	EXP 	Sound test_sound reached end of file
3004.6240 	EXP 	Sound test_sound reached end of file
3005.1190 	DATA 	Keypress: left
3005.1242 	EXP 	polygon_2: autoDraw = False
3005.1242 	EXP 	text_3: autoDraw = False
3005.1242 	EXP 	text_2: autoDraw = True
3009.4995 	DATA 	Keypress: space
3009.5027 	EXP 	text_2: autoDraw = False
3009.5029 	EXP 	LangExperimentstress: status = STOPPED
