15.5855 	WARNING 	User requested fullscreen with size [1536  864], but screen is actually [1920, 1080]. Using actual size
15.9148 	EXP 	Created window1 = Window(allowGUI=False, allowStencil=False, autoLog=True, backendConf=UNKNOWN, backgroundFit=<method-wrapper '__getattribute__' of attributeSetter object at 0x000001F59F787E80>, backgroundImage=<method-wrapper '__getattribute__' of attributeSetter object at 0x000001F59F785ED0>, bitsMode=UNKNOWN, blendMode='avg', bpc=(8, 8, 8), color=array([0, 0, 0]), colorSpace='rgb', depthBits=8, fullscr=True, gamma=None, gammaErrorPolicy='raise', infoMsg=UNKNOWN, lms=UNKNOWN, monitor=<psychopy.monitors.calibTools.Monitor object at 0x000001F5AB090DC0>, multiSample=False, name='window1', numSamples=2, pos=[0.0, 0.0], screen=0, size=array([1920, 1080]), stencilBits=0, stereo=False, title='PsychoPy', units='height', useFBO=True, useRetina=False, viewOri=0.0, viewPos=None, viewScale=None, waitBlanking=True, winType='pyglet')
15.9148 	EXP 	window1: backgroundImage = ''
15.9149 	EXP 	window1: backgroundFit = 'none'
16.0296 	EXP 	window1: Attempting to measure frame rate of screen (0) ...
16.0296 	EXP 	window1: recordFrameIntervals = False
16.2090 	EXP 	window1: recordFrameIntervals = True
16.3916 	EXP 	Screen (0) actual frame rate measured at 60.22Hz
16.3917 	EXP 	window1: recordFrameIntervals = False
19.3558 	EXP 	LangExperimentstress: status = STARTED
19.5066 	EXP 	Created instr = TextStim(__class__=<class 'psychopy.visual.text.TextStim'>, alignHoriz=method-wrapper(...), alignText='center', alignVert=method-wrapper(...), anchorHoriz='center', anchorVert='center', antialias=True, autoDraw=False, autoLog=True, bold=False, color=array([1., 1., 1.]), colorSpace='rgb', contrast=1.0, depth=0.0, draggable=False, flipHoriz=False, flipVert=False, font='Arial', fontFiles=[], height=0.08, italic=False, languageStyle='LTR', name='instr', opacity=1, ori=0, pos=array([0., 0.]), rgb=UNKNOWN, text=str(...), units='height', win=Window(...), wrapWidth=1)
20.3253 	EXP 	Sound test_sound_2 set volume 1.000
20.3293 	EXP 	Created polygon = ShapeStim(__class__=<class 'psychopy.visual.shape.ShapeStim'>, anchor=('center', 'center'), autoDraw=False, autoLog=True, closeShape=True, color=method-wrapper(...), colorSpace='rgb', contrast=None, depth=-2.0, draggable=False, fillColor=array([-1, -1, -1]), fillColorSpace='rgb', fillRGB=array([-1, -1, -1]), interpolate=True, lineColor=array([-1., -1., -1.]), lineColorSpace='rgb', lineRGB=array([-1, -1, -1]), lineWidth=1, name='polygon', opacity=1, ori=0.0, pos=array([0., 0.]), size=array([0.15, 0.15]), units='height', vertices=ndarray(...), win=Window(...), windingRule=None)
20.3498 	EXP 	Created text_3 = TextStim(__class__=<class 'psychopy.visual.text.TextStim'>, alignHoriz=method-wrapper(...), alignText='center', alignVert=method-wrapper(...), anchorHoriz='center', anchorVert='center', antialias=True, autoDraw=False, autoLog=True, bold=False, color=array([1., 1., 1.]), colorSpace='rgb', contrast=1.0, depth=0.0, draggable=False, flipHoriz=False, flipVert=False, font='Arial', fontFiles=[], height=0.1, italic=False, languageStyle='LTR', name='text_3', opacity=1, ori=0, pos=array([0., 0.]), rgb=UNKNOWN, text=str(...), units='height', win=Window(...), wrapWidth=1)
20.3590 	EXP 	Created instr = TextStim(__class__=<class 'psychopy.visual.text.TextStim'>, alignHoriz=method-wrapper(...), alignText='center', alignVert=method-wrapper(...), anchorHoriz='center', anchorVert='center', antialias=True, autoDraw=False, autoLog=True, bold=False, color=array([1., 1., 1.]), colorSpace='rgb', contrast=1.0, depth=0.0, draggable=False, flipHoriz=False, flipVert=False, font='Arial', fontFiles=[], height=0.08, italic=False, languageStyle='LTR', name='instr', opacity=1, ori=0, pos=array([0., 0.]), rgb=UNKNOWN, text=str(...), units='height', win=Window(...), wrapWidth=1)
20.5239 	EXP 	Sound test_sound set volume 1.000
20.5256 	EXP 	Created polygon_2 = ShapeStim(__class__=<class 'psychopy.visual.shape.ShapeStim'>, anchor=('center', 'center'), autoDraw=False, autoLog=True, closeShape=True, color=method-wrapper(...), colorSpace='rgb', contrast=None, depth=-2.0, draggable=False, fillColor=array([-1, -1, -1]), fillColorSpace='rgb', fillRGB=array([-1, -1, -1]), interpolate=True, lineColor=array([-1., -1., -1.]), lineColorSpace='rgb', lineRGB=array([-1, -1, -1]), lineWidth=1, name='polygon_2', opacity=1, ori=0.0, pos=array([0., 0.]), size=array([0.15, 0.15]), units='height', vertices=ndarray(...), win=Window(...), windingRule=None)
20.5291 	EXP 	Created text_3 = TextStim(__class__=<class 'psychopy.visual.text.TextStim'>, alignHoriz=method-wrapper(...), alignText='center', alignVert=method-wrapper(...), anchorHoriz='center', anchorVert='center', antialias=True, autoDraw=False, autoLog=True, bold=False, color=array([1., 1., 1.]), colorSpace='rgb', contrast=1.0, depth=0.0, draggable=False, flipHoriz=False, flipVert=False, font='Arial', fontFiles=[], height=0.1, italic=False, languageStyle='LTR', name='text_3', opacity=1, ori=0, pos=array([0., 0.]), rgb=UNKNOWN, text=str(...), units='height', win=Window(...), wrapWidth=1)
20.5379 	EXP 	Created text_2 = TextStim(__class__=<class 'psychopy.visual.text.TextStim'>, alignHoriz=method-wrapper(...), alignText='center', alignVert=method-wrapper(...), anchorHoriz='center', anchorVert='center', antialias=True, autoDraw=False, autoLog=True, bold=False, color=array([1., 1., 1.]), colorSpace='rgb', contrast=1.0, depth=0.0, draggable=False, flipHoriz=False, flipVert=False, font='Arial', fontFiles=[], height=0.1, italic=False, languageStyle='LTR', name='text_2', opacity=1, ori=0, pos=array([0., 0.]), rgb=UNKNOWN, text=str(...), units='height', win=Window(...), wrapWidth=1)
0.0200 	EXP 	instr: autoDraw = True
4553.0149 	EXP 	Imported selected_practice.csv as conditions, 4 conditions, 27 params
4553.0168 	EXP 	New trial (rep=0, index=0): <Trial 0 (0 in rep 0) data={'sounds': 'sounds/p2b_cortar.wav', 'syll': 'CVC', 'stress_unstress': 'Unstressed', 'suffix': 'Mismatch', 'present_past': 'present', 'corrAns': 'num_1', 'trigger_item': 0.0, 'trigger_senonset': 0.205513, 'trigger_verbsonset': 0.8629519999999999, 'trigger_1_F0': 0.984841, 'trigger_suffix': 1.219715, 'trigger_2_F0': 1.27, 'ID_item': 101, 'ID_senonset': 20, 'ID_verbonset': 21, 'ID_1_F0': 22, 'ID_suffix': 23, 'ID_2_F0': 24, 'ms_senonset': 0.005513, 'ms_verbonset': 0.662952, 'ms_1_F0': 0.784841, 'ms_suffix': 1.019715, 'ms_2_F0': 1.07, 'file_name': 'p2b_cortar.wav', 'sentence': 'p2', 'cond': 'b', 'combo': 'p2b', 'thisN': 0, 'thisTrialN': 0, 'thisRepN': 0}>
4553.0217 	EXP 	Sound test_sound_2 reached end of file
4553.0366 	EXP 	Sound test_sound_2 started
4553.0241 	DATA 	Keypress: space
4553.0332 	EXP 	instr: autoDraw = False
4553.0332 	EXP 	polygon: autoDraw = True
4555.2711 	EXP 	Sound test_sound_2 reached end of file
4555.2871 	EXP 	Sound test_sound_2 reached end of file
4560.5929 	EXP 	New trial (rep=0, index=1): <Trial 1 (1 in rep 0) data={'sounds': 'sounds/p4d_cortar.wav', 'syll': 'CVC', 'stress_unstress': 'Stressed', 'suffix': 'Mismatch', 'present_past': 'past', 'corrAns': 'num_2', 'trigger_item': 0.0, 'trigger_senonset': 0.205513, 'trigger_verbsonset': 0.8629519999999999, 'trigger_1_F0': 0.984841, 'trigger_suffix': 1.219715, 'trigger_2_F0': 1.27, 'ID_item': 101, 'ID_senonset': 40, 'ID_verbonset': 41, 'ID_1_F0': 42, 'ID_suffix': 43, 'ID_2_F0': 44, 'ms_senonset': 0.005513, 'ms_verbonset': 0.662952, 'ms_1_F0': 0.784841, 'ms_suffix': 1.019715, 'ms_2_F0': 1.07, 'file_name': 'p4d_cortar.wav', 'sentence': 'p4', 'cond': 'd', 'combo': 'p4d', 'thisN': 1, 'thisTrialN': 1, 'thisRepN': 0}>
4560.5996 	EXP 	Sound test_sound_2 reached end of file
4560.6037 	EXP 	Sound test_sound_2 started
4560.6029 	DATA 	Keypress: left
4560.6101 	EXP 	polygon: autoDraw = False
4560.6101 	EXP 	text_3: autoDraw = False
4560.6101 	EXP 	polygon: autoDraw = True
4563.1039 	EXP 	Sound test_sound_2 reached end of file
4563.1094 	EXP 	Sound test_sound_2 reached end of file
4571.1576 	DATA 	Keypress: right
4571.1771 	EXP 	New trial (rep=0, index=2): <Trial 2 (2 in rep 0) data={'sounds': 'sounds/p3c_saltar.wav', 'syll': 'CVC', 'stress_unstress': 'Unstressed', 'suffix': 'Match', 'present_past': 'past', 'corrAns': 'num_2', 'trigger_item': 0.0, 'trigger_senonset': 0.205513, 'trigger_verbsonset': 0.8629519999999999, 'trigger_1_F0': 0.984841, 'trigger_suffix': 1.219715, 'trigger_2_F0': 1.27, 'ID_item': 101, 'ID_senonset': 30, 'ID_verbonset': 31, 'ID_1_F0': 32, 'ID_suffix': 33, 'ID_2_F0': 34, 'ms_senonset': 0.005513, 'ms_verbonset': 0.662952, 'ms_1_F0': 0.784841, 'ms_suffix': 1.019715, 'ms_2_F0': 1.07, 'file_name': 'p3c_saltar.wav', 'sentence': 'p3', 'cond': 'c', 'combo': 'p3c', 'thisN': 2, 'thisTrialN': 2, 'thisRepN': 0}>
4571.1828 	EXP 	Sound test_sound_2 reached end of file
4571.1871 	EXP 	Sound test_sound_2 started
4571.1936 	EXP 	polygon: autoDraw = False
4571.1936 	EXP 	text_3: autoDraw = False
4571.1936 	EXP 	polygon: autoDraw = True
4573.2521 	EXP 	Sound test_sound_2 reached end of file
4573.2575 	EXP 	Sound test_sound_2 reached end of file
4574.4277 	EXP 	New trial (rep=0, index=3): <Trial 3 (3 in rep 0) data={'sounds': 'sounds/p1a_saltar.wav', 'syll': 'CVC', 'stress_unstress': 'Stressed', 'suffix': 'Match', 'present_past': 'present', 'corrAns': 'num_1', 'trigger_item': 0.0, 'trigger_senonset': 0.205513, 'trigger_verbsonset': 0.8629519999999999, 'trigger_1_F0': 0.984841, 'trigger_suffix': 1.219715, 'trigger_2_F0': 1.27, 'ID_item': 101, 'ID_senonset': 10, 'ID_verbonset': 11, 'ID_1_F0': 12, 'ID_suffix': 13, 'ID_2_F0': 14, 'ms_senonset': 0.005513, 'ms_verbonset': 0.662952, 'ms_1_F0': 0.784841, 'ms_suffix': 1.019715, 'ms_2_F0': 1.07, 'file_name': 'p1a_saltar.wav', 'sentence': 'p1', 'cond': 'a', 'combo': 'p1a', 'thisN': 3, 'thisTrialN': 3, 'thisRepN': 0}>
4574.4341 	EXP 	Sound test_sound_2 reached end of file
4574.4378 	EXP 	Sound test_sound_2 started
4574.4376 	DATA 	Keypress: right
4574.4455 	EXP 	polygon: autoDraw = False
4574.4455 	EXP 	text_3: autoDraw = False
4574.4455 	EXP 	polygon: autoDraw = True
4576.6552 	EXP 	Sound test_sound_2 reached end of file
4576.6709 	EXP 	Sound test_sound_2 reached end of file
4594.5247 	DATA 	Keypress: right
4594.5550 	EXP 	polygon: autoDraw = False
4594.5550 	EXP 	text_3: autoDraw = False
4594.5550 	EXP 	instr: autoDraw = True
4609.8061 	EXP 	Imported selected_trials.csv as conditions, 40 conditions, 26 params
4609.8068 	EXP 	New trial (rep=0, index=0): <Trial 0 (0 in rep 0) data={'sounds': 'sounds/33b_culpar.wav', 'syll': 'CVC', 'stress_unstress': 'Unstressed', 'suffix': 'Mismatch', 'present_past': 'present', 'corrAns': 'num_1', 'trigger_item': 0.0, 'trigger_senonset': 0.2, 'trigger_verbsonset': 0.8606178431336959, 'trigger_1_F0': 0.869103678029107, 'trigger_suffix': 1.109891641372144, 'trigger_2_F0': 1.131540467434179, 'ID_item': 101, 'ID_senonset': 20, 'ID_verbonset': 21, 'ID_1_F0': 22, 'ID_suffix': 23, 'ID_2_F0': 24, 'ms_senonset': 0, 'ms_verbonset': 0.660617843133696, 'ms_1_F0': 0.669103678029107, 'ms_suffix': 0.909891641372144, 'ms_2_F0': 0.931540467434179, 'file_name': '33b_culpar.wav', 'item_id': 33, 'cond': 'b', 'thisN': 0, 'thisTrialN': 0, 'thisRepN': 0}>
4609.8127 	EXP 	Sound test_sound reached end of file
4609.8222 	EXP 	Sound test_sound started
4609.8143 	DATA 	Keypress: space
4609.8229 	EXP 	instr: autoDraw = False
4609.8229 	EXP 	polygon_2: autoDraw = True
4611.9683 	EXP 	Sound test_sound reached end of file
4611.9740 	EXP 	Sound test_sound reached end of file
4620.2441 	EXP 	New trial (rep=0, index=1): <Trial 1 (1 in rep 0) data={'sounds': 'sounds/08d_filtrar.wav', 'syll': 'CVC', 'stress_unstress': 'Stressed', 'suffix': 'Mismatch', 'present_past': 'past', 'corrAns': 'num_2', 'trigger_item': 0.0, 'trigger_senonset': 0.2, 'trigger_verbsonset': 0.7526856695589441, 'trigger_1_F0': 0.87808115762362, 'trigger_suffix': 1.118901843962886, 'trigger_2_F0': 1.172598812485867, 'ID_item': 101, 'ID_senonset': 40, 'ID_verbonset': 41, 'ID_1_F0': 42, 'ID_suffix': 43, 'ID_2_F0': 44, 'ms_senonset': 0, 'ms_verbonset': 0.552685669558944, 'ms_1_F0': 0.67808115762362, 'ms_suffix': 0.918901843962886, 'ms_2_F0': 0.972598812485867, 'file_name': '08d_filtrar.wav', 'item_id': 8, 'cond': 'd', 'thisN': 1, 'thisTrialN': 1, 'thisRepN': 0}>
4620.2498 	EXP 	Sound test_sound reached end of file
4620.2549 	EXP 	Sound test_sound started
4620.2534 	DATA 	Keypress: left
4620.2612 	EXP 	polygon_2: autoDraw = False
4620.2612 	EXP 	text_3: autoDraw = False
4620.2612 	EXP 	polygon_2: autoDraw = True
4622.0014 	EXP 	Sound test_sound reached end of file
4622.0071 	EXP 	Sound test_sound reached end of file
4631.8614 	EXP 	New trial (rep=0, index=2): <Trial 2 (2 in rep 0) data={'sounds': 'sounds/25b_ganar.wav', 'syll': 'CVC', 'stress_unstress': 'Unstressed', 'suffix': 'Mismatch', 'present_past': 'present', 'corrAns': 'num_1', 'trigger_item': 0.0, 'trigger_senonset': 0.2, 'trigger_verbsonset': 1.152097938368055, 'trigger_1_F0': 1.15990068760488, 'trigger_suffix': 1.28904165650454, 'trigger_2_F0': 1.37272500435153, 'ID_item': 101, 'ID_senonset': 20, 'ID_verbonset': 21, 'ID_1_F0': 22, 'ID_suffix': 23, 'ID_2_F0': 24, 'ms_senonset': 0, 'ms_verbonset': 0.952097938368055, 'ms_1_F0': 0.95990068760488, 'ms_suffix': 1.08904165650454, 'ms_2_F0': 1.17272500435153, 'file_name': '25b_ganar.wav', 'item_id': 25, 'cond': 'b', 'thisN': 2, 'thisTrialN': 2, 'thisRepN': 0}>
4631.8684 	EXP 	Sound test_sound reached end of file
4631.8718 	EXP 	Sound test_sound started
4631.8718 	DATA 	Keypress: left
4631.8802 	EXP 	polygon_2: autoDraw = False
4631.8802 	EXP 	text_3: autoDraw = False
4631.8802 	EXP 	polygon_2: autoDraw = True
4634.1972 	EXP 	Sound test_sound reached end of file
4634.2061 	EXP 	Sound test_sound reached end of file
4640.5781 	EXP 	New trial (rep=0, index=3): <Trial 3 (3 in rep 0) data={'sounds': 'sounds/37b_pasar.wav', 'syll': 'CVC', 'stress_unstress': 'Unstressed', 'suffix': 'Mismatch', 'present_past': 'present', 'corrAns': 'num_1', 'trigger_item': 0.0, 'trigger_senonset': 0.2, 'trigger_verbsonset': 1.033132486979166, 'trigger_1_F0': 1.052087565104166, 'trigger_suffix': 1.159499674479166, 'trigger_2_F0': 1.27702115885416, 'ID_item': 101, 'ID_senonset': 20, 'ID_verbonset': 21, 'ID_1_F0': 22, 'ID_suffix': 23, 'ID_2_F0': 24, 'ms_senonset': 0, 'ms_verbonset': 0.833132486979166, 'ms_1_F0': 0.852087565104166, 'ms_suffix': 0.959499674479166, 'ms_2_F0': 1.07702115885416, 'file_name': '37b_pasar.wav', 'item_id': 37, 'cond': 'b', 'thisN': 3, 'thisTrialN': 3, 'thisRepN': 0}>
4640.5850 	EXP 	Sound test_sound reached end of file
4640.5887 	EXP 	Sound test_sound started
4640.5882 	DATA 	Keypress: right
4640.5958 	EXP 	polygon_2: autoDraw = False
4640.5958 	EXP 	text_3: autoDraw = False
4640.5958 	EXP 	polygon_2: autoDraw = True
4642.6782 	EXP 	Sound test_sound reached end of file
4642.6892 	EXP 	Sound test_sound reached end of file
4645.2459 	EXP 	New trial (rep=0, index=4): <Trial 4 (4 in rep 0) data={'sounds': 'sounds/21a_mezclar.wav', 'syll': 'CVC', 'stress_unstress': 'Stressed', 'suffix': 'Match', 'present_past': 'present', 'corrAns': 'num_1', 'trigger_item': 0.0, 'trigger_senonset': 0.2, 'trigger_verbsonset': 0.78, 'trigger_1_F0': 0.9121902777777772, 'trigger_suffix': 1.20214212962962, 'trigger_2_F0': 1.27, 'ID_item': 101, 'ID_senonset': 10, 'ID_verbonset': 11, 'ID_1_F0': 12, 'ID_suffix': 13, 'ID_2_F0': 14, 'ms_senonset': 0, 'ms_verbonset': 0.58, 'ms_1_F0': 0.712190277777777, 'ms_suffix': 1.00214212962962, 'ms_2_F0': 1.07, 'file_name': '21a_mezclar.wav', 'item_id': 21, 'cond': 'a', 'thisN': 4, 'thisTrialN': 4, 'thisRepN': 0}>
4645.2546 	EXP 	Sound test_sound reached end of file
4645.2556 	EXP 	Sound test_sound started
4645.2576 	DATA 	Keypress: right
4645.2660 	EXP 	polygon_2: autoDraw = False
4645.2660 	EXP 	text_3: autoDraw = False
4645.2660 	EXP 	polygon_2: autoDraw = True
4647.2692 	EXP 	Sound test_sound reached end of file
4647.2750 	EXP 	Sound test_sound reached end of file
4669.2275 	EXP 	New trial (rep=0, index=5): <Trial 5 (5 in rep 0) data={'sounds': 'sounds/31d_tocar.wav', 'syll': 'CVC', 'stress_unstress': 'Stressed', 'suffix': 'Mismatch', 'present_past': 'past', 'corrAns': 'num_2', 'trigger_item': 0.0, 'trigger_senonset': 0.2, 'trigger_verbsonset': 0.8493931756807, 'trigger_1_F0': 0.8650112062639721, 'trigger_suffix': 1.006860547391531, 'trigger_2_F0': 1.049162047334928, 'ID_item': 101, 'ID_senonset': 40, 'ID_verbonset': 41, 'ID_1_F0': 42, 'ID_suffix': 43, 'ID_2_F0': 44, 'ms_senonset': 0, 'ms_verbonset': 0.6493931756807, 'ms_1_F0': 0.665011206263972, 'ms_suffix': 0.806860547391531, 'ms_2_F0': 0.849162047334928, 'file_name': '31d_tocar.wav', 'item_id': 31, 'cond': 'd', 'thisN': 5, 'thisTrialN': 5, 'thisRepN': 0}>
4669.2326 	EXP 	Sound test_sound reached end of file
4669.2392 	EXP 	Sound test_sound started
4669.2354 	DATA 	Keypress: left
4669.2442 	EXP 	polygon_2: autoDraw = False
4669.2442 	EXP 	text_3: autoDraw = False
4669.2442 	EXP 	polygon_2: autoDraw = True
4671.1184 	EXP 	Sound test_sound reached end of file
4671.1238 	EXP 	Sound test_sound reached end of file
4673.2455 	EXP 	New trial (rep=0, index=6): <Trial 6 (6 in rep 0) data={'sounds': 'sounds/26a_bajar.wav', 'syll': 'CVC', 'stress_unstress': 'Stressed', 'suffix': 'Match', 'present_past': 'present', 'corrAns': 'num_1', 'trigger_item': 0.0, 'trigger_senonset': 0.2, 'trigger_verbsonset': 0.77, 'trigger_1_F0': 0.8999999999999999, 'trigger_suffix': 1.03, 'trigger_2_F0': 1.171181705729166, 'ID_item': 101, 'ID_senonset': 10, 'ID_verbonset': 11, 'ID_1_F0': 12, 'ID_suffix': 13, 'ID_2_F0': 14, 'ms_senonset': 0, 'ms_verbonset': 0.57, 'ms_1_F0': 0.7, 'ms_suffix': 0.83, 'ms_2_F0': 0.971181705729166, 'file_name': '26a_bajar.wav', 'item_id': 26, 'cond': 'a', 'thisN': 6, 'thisTrialN': 6, 'thisRepN': 0}>
4673.2512 	EXP 	Sound test_sound reached end of file
4673.2559 	EXP 	Sound test_sound started
4673.2552 	DATA 	Keypress: left
4673.2626 	EXP 	polygon_2: autoDraw = False
4673.2626 	EXP 	text_3: autoDraw = False
4673.2626 	EXP 	polygon_2: autoDraw = True
4675.3065 	EXP 	Sound test_sound reached end of file
4675.3234 	EXP 	Sound test_sound reached end of file
4678.1793 	EXP 	New trial (rep=0, index=7): <Trial 7 (7 in rep 0) data={'sounds': 'sounds/39b_manchar.wav', 'syll': 'CVC', 'stress_unstress': 'Unstressed', 'suffix': 'Mismatch', 'present_past': 'present', 'corrAns': 'num_1', 'trigger_item': 0.0, 'trigger_senonset': 0.2, 'trigger_verbsonset': 0.81, 'trigger_1_F0': 0.91203755787037, 'trigger_suffix': 1.140584317129629, 'trigger_2_F0': 1.2139708912037, 'ID_item': 101, 'ID_senonset': 20, 'ID_verbonset': 21, 'ID_1_F0': 22, 'ID_suffix': 23, 'ID_2_F0': 24, 'ms_senonset': 0, 'ms_verbonset': 0.61, 'ms_1_F0': 0.71203755787037, 'ms_suffix': 0.940584317129629, 'ms_2_F0': 1.0139708912037, 'file_name': '39b_manchar.wav', 'item_id': 39, 'cond': 'b', 'thisN': 7, 'thisTrialN': 7, 'thisRepN': 0}>
4678.1865 	EXP 	Sound test_sound reached end of file
4678.1894 	EXP 	Sound test_sound started
4678.1906 	DATA 	Keypress: left
4678.1978 	EXP 	polygon_2: autoDraw = False
4678.1978 	EXP 	text_3: autoDraw = False
4678.1978 	EXP 	polygon_2: autoDraw = True
4680.4253 	EXP 	Sound test_sound reached end of file
4680.4399 	EXP 	Sound test_sound reached end of file
4693.5141 	EXP 	New trial (rep=0, index=8): <Trial 8 (8 in rep 0) data={'sounds': 'sounds/19a_marcar.wav', 'syll': 'CVC', 'stress_unstress': 'Stressed', 'suffix': 'Match', 'present_past': 'present', 'corrAns': 'num_1', 'trigger_item': 0.0, 'trigger_senonset': 0.2, 'trigger_verbsonset': 0.8400000000000001, 'trigger_1_F0': 0.97, 'trigger_suffix': 1.245718359375, 'trigger_2_F0': 1.273519140625, 'ID_item': 101, 'ID_senonset': 10, 'ID_verbonset': 11, 'ID_1_F0': 12, 'ID_suffix': 13, 'ID_2_F0': 14, 'ms_senonset': 0, 'ms_verbonset': 0.64, 'ms_1_F0': 0.77, 'ms_suffix': 1.045718359375, 'ms_2_F0': 1.073519140625, 'file_name': '19a_marcar.wav', 'item_id': 19, 'cond': 'a', 'thisN': 8, 'thisTrialN': 8, 'thisRepN': 0}>
4693.5213 	EXP 	Sound test_sound reached end of file
4693.5234 	EXP 	Sound test_sound started
4693.5242 	DATA 	Keypress: left
4693.5327 	EXP 	polygon_2: autoDraw = False
4693.5327 	EXP 	text_3: autoDraw = False
4693.5327 	EXP 	polygon_2: autoDraw = True
4695.4072 	EXP 	Sound test_sound reached end of file
4695.4238 	EXP 	Sound test_sound reached end of file
4712.4131 	EXP 	New trial (rep=0, index=9): <Trial 9 (9 in rep 0) data={'sounds': 'sounds/38b_pagar.wav', 'syll': 'CVC', 'stress_unstress': 'Unstressed', 'suffix': 'Mismatch', 'present_past': 'present', 'corrAns': 'num_1', 'trigger_item': 0.0, 'trigger_senonset': 0.2, 'trigger_verbsonset': 1.166737304687499, 'trigger_1_F0': 1.185271158854166, 'trigger_suffix': 1.29521061197916, 'trigger_2_F0': 1.4055712890624898, 'ID_item': 101, 'ID_senonset': 20, 'ID_verbonset': 21, 'ID_1_F0': 22, 'ID_suffix': 23, 'ID_2_F0': 24, 'ms_senonset': 0, 'ms_verbonset': 0.966737304687499, 'ms_1_F0': 0.985271158854166, 'ms_suffix': 1.09521061197916, 'ms_2_F0': 1.20557128906249, 'file_name': '38b_pagar.wav', 'item_id': 38, 'cond': 'b', 'thisN': 9, 'thisTrialN': 9, 'thisRepN': 0}>
4712.4194 	EXP 	Sound test_sound reached end of file
4712.4241 	EXP 	Sound test_sound started
4712.4227 	DATA 	Keypress: right
4712.4293 	EXP 	polygon_2: autoDraw = False
4712.4293 	EXP 	text_3: autoDraw = False
4712.4293 	EXP 	polygon_2: autoDraw = True
4714.6581 	EXP 	Sound test_sound reached end of file
4714.6741 	EXP 	Sound test_sound reached end of file
4717.1511 	DATA 	Keypress: right
4717.1570 	EXP 	polygon_2: autoDraw = False
4717.1570 	EXP 	text_3: autoDraw = True
4751.9776 	EXP 	New trial (rep=0, index=10): <Trial 10 (10 in rep 0) data={'sounds': 'sounds/29a_pesar.wav', 'syll': 'CVC', 'stress_unstress': 'Stressed', 'suffix': 'Match', 'present_past': 'present', 'corrAns': 'num_1', 'trigger_item': 0.0, 'trigger_senonset': 0.2, 'trigger_verbsonset': 0.91328417532552, 'trigger_1_F0': 0.925531286730473, 'trigger_suffix': 1.03, 'trigger_2_F0': 1.150619522602117, 'ID_item': 101, 'ID_senonset': 10, 'ID_verbonset': 11, 'ID_1_F0': 12, 'ID_suffix': 13, 'ID_2_F0': 14, 'ms_senonset': 0, 'ms_verbonset': 0.71328417532552, 'ms_1_F0': 0.725531286730473, 'ms_suffix': 0.83, 'ms_2_F0': 0.950619522602117, 'file_name': '29a_pesar.wav', 'item_id': 29, 'cond': 'a', 'thisN': 10, 'thisTrialN': 10, 'thisRepN': 0}>
4751.9867 	EXP 	Sound test_sound reached end of file
4751.9915 	EXP 	Sound test_sound started
4751.9903 	DATA 	Keypress: space
4751.9987 	EXP 	text_3: autoDraw = False
4751.9987 	EXP 	polygon_2: autoDraw = True
4753.8914 	EXP 	Sound test_sound reached end of file
4753.8961 	EXP 	Sound test_sound reached end of file
4759.3139 	EXP 	New trial (rep=0, index=11): <Trial 11 (11 in rep 0) data={'sounds': 'sounds/04c_plantar.wav', 'syll': 'CVC', 'stress_unstress': 'Unstressed', 'suffix': 'Match', 'present_past': 'past', 'corrAns': 'num_2', 'trigger_item': 0.0, 'trigger_senonset': 0.2, 'trigger_verbsonset': 0.862877574458911, 'trigger_1_F0': 0.9343518689653568, 'trigger_suffix': 1.20493812332404, 'trigger_2_F0': 1.21897569287037, 'ID_item': 101, 'ID_senonset': 30, 'ID_verbonset': 31, 'ID_1_F0': 32, 'ID_suffix': 33, 'ID_2_F0': 34, 'ms_senonset': 0, 'ms_verbonset': 0.662877574458911, 'ms_1_F0': 0.734351868965357, 'ms_suffix': 1.00493812332404, 'ms_2_F0': 1.01897569287037, 'file_name': '04c_plantar.wav', 'item_id': 4, 'cond': 'c', 'thisN': 11, 'thisTrialN': 11, 'thisRepN': 0}>
4759.3216 	EXP 	Sound test_sound reached end of file
4759.3242 	EXP 	Sound test_sound started
4759.3247 	DATA 	Keypress: left
4759.3325 	EXP 	polygon_2: autoDraw = False
4759.3325 	EXP 	text_3: autoDraw = False
4759.3325 	EXP 	polygon_2: autoDraw = True
4761.3518 	EXP 	Sound test_sound reached end of file
4761.3595 	EXP 	Sound test_sound reached end of file
4763.0153 	EXP 	New trial (rep=0, index=12): <Trial 12 (12 in rep 0) data={'sounds': 'sounds/05a_fumar.wav', 'syll': 'CVC', 'stress_unstress': 'Stressed', 'suffix': 'Match', 'present_past': 'present', 'corrAns': 'num_1', 'trigger_item': 0.0, 'trigger_senonset': 0.2, 'trigger_verbsonset': 1.15, 'trigger_1_F0': 1.36712555700231, 'trigger_suffix': 1.48, 'trigger_2_F0': 1.56308830295138, 'ID_item': 101, 'ID_senonset': 10, 'ID_verbonset': 11, 'ID_1_F0': 12, 'ID_suffix': 13, 'ID_2_F0': 14, 'ms_senonset': 0, 'ms_verbonset': 0.95, 'ms_1_F0': 1.16712555700231, 'ms_suffix': 1.28, 'ms_2_F0': 1.36308830295138, 'file_name': '05a_fumar.wav', 'item_id': 5, 'cond': 'a', 'thisN': 12, 'thisTrialN': 12, 'thisRepN': 0}>
4763.0227 	EXP 	Sound test_sound reached end of file
4763.0248 	EXP 	Sound test_sound started
4763.0255 	DATA 	Keypress: right
4763.0334 	EXP 	polygon_2: autoDraw = False
4763.0334 	EXP 	text_3: autoDraw = False
4763.0334 	EXP 	polygon_2: autoDraw = True
4765.3732 	EXP 	Sound test_sound reached end of file
4765.3788 	EXP 	Sound test_sound reached end of file
4786.9991 	EXP 	New trial (rep=0, index=13): <Trial 13 (13 in rep 0) data={'sounds': 'sounds/34c_formar.wav', 'syll': 'CVC', 'stress_unstress': 'Unstressed', 'suffix': 'Match', 'present_past': 'past', 'corrAns': 'num_2', 'trigger_item': 0.0, 'trigger_senonset': 0.2, 'trigger_verbsonset': 0.876373676215277, 'trigger_1_F0': 0.992687651909722, 'trigger_suffix': 1.14, 'trigger_2_F0': 1.26319767795138, 'ID_item': 101, 'ID_senonset': 30, 'ID_verbonset': 31, 'ID_1_F0': 32, 'ID_suffix': 33, 'ID_2_F0': 34, 'ms_senonset': 0, 'ms_verbonset': 0.676373676215277, 'ms_1_F0': 0.792687651909722, 'ms_suffix': 0.94, 'ms_2_F0': 1.06319767795138, 'file_name': '34c_formar.wav', 'item_id': 34, 'cond': 'c', 'thisN': 13, 'thisTrialN': 13, 'thisRepN': 0}>
4787.0073 	EXP 	Sound test_sound reached end of file
4787.0086 	EXP 	Sound test_sound started
4787.0096 	DATA 	Keypress: left
4787.0186 	EXP 	polygon_2: autoDraw = False
4787.0186 	EXP 	text_3: autoDraw = False
4787.0186 	EXP 	polygon_2: autoDraw = True
4789.2424 	EXP 	Sound test_sound reached end of file
4789.2588 	EXP 	Sound test_sound reached end of file
4804.8164 	EXP 	New trial (rep=0, index=14): <Trial 14 (14 in rep 0) data={'sounds': 'sounds/06d_soplar.wav', 'syll': 'CVC', 'stress_unstress': 'Stressed', 'suffix': 'Mismatch', 'present_past': 'past', 'corrAns': 'num_2', 'trigger_item': 0.0, 'trigger_senonset': 0.2, 'trigger_verbsonset': 0.761291666666666, 'trigger_1_F0': 0.8899999999999999, 'trigger_suffix': 1.102139687590422, 'trigger_2_F0': 1.166665581687644, 'ID_item': 101, 'ID_senonset': 40, 'ID_verbonset': 41, 'ID_1_F0': 42, 'ID_suffix': 43, 'ID_2_F0': 44, 'ms_senonset': 0, 'ms_verbonset': 0.561291666666666, 'ms_1_F0': 0.69, 'ms_suffix': 0.902139687590422, 'ms_2_F0': 0.966665581687644, 'file_name': '06d_soplar.wav', 'item_id': 6, 'cond': 'd', 'thisN': 14, 'thisTrialN': 14, 'thisRepN': 0}>
4804.8224 	EXP 	Sound test_sound reached end of file
4804.8260 	EXP 	Sound test_sound started
4804.8276 	DATA 	Keypress: right
4804.8330 	EXP 	polygon_2: autoDraw = False
4804.8330 	EXP 	text_3: autoDraw = False
4804.8330 	EXP 	polygon_2: autoDraw = True
4806.6880 	EXP 	Sound test_sound reached end of file
4806.6939 	EXP 	Sound test_sound reached end of file
4809.8334 	EXP 	New trial (rep=0, index=15): <Trial 15 (15 in rep 0) data={'sounds': 'sounds/03b_limpiar.wav', 'syll': 'CVC', 'stress_unstress': 'Unstressed', 'suffix': 'Mismatch', 'present_past': 'present', 'corrAns': 'num_1', 'trigger_item': 0.0, 'trigger_senonset': 0.2, 'trigger_verbsonset': 0.8500000000000001, 'trigger_1_F0': 0.932367621527777, 'trigger_suffix': 1.26878515625, 'trigger_2_F0': 1.35808463541666, 'ID_item': 101, 'ID_senonset': 20, 'ID_verbonset': 21, 'ID_1_F0': 22, 'ID_suffix': 23, 'ID_2_F0': 24, 'ms_senonset': 0, 'ms_verbonset': 0.65, 'ms_1_F0': 0.732367621527777, 'ms_suffix': 1.06878515625, 'ms_2_F0': 1.15808463541666, 'file_name': '03b_limpiar.wav', 'item_id': 3, 'cond': 'b', 'thisN': 15, 'thisTrialN': 15, 'thisRepN': 0}>
4809.8412 	EXP 	Sound test_sound reached end of file
4809.8429 	EXP 	Sound test_sound started
4809.8441 	DATA 	Keypress: right
4809.8532 	EXP 	polygon_2: autoDraw = False
4809.8532 	EXP 	text_3: autoDraw = False
4809.8532 	EXP 	polygon_2: autoDraw = True
4811.9695 	EXP 	Sound test_sound reached end of file
4811.9765 	EXP 	Sound test_sound reached end of file
4812.4996 	EXP 	New trial (rep=0, index=16): <Trial 16 (16 in rep 0) data={'sounds': 'sounds/22d_dejar.wav', 'syll': 'CVC', 'stress_unstress': 'Stressed', 'suffix': 'Mismatch', 'present_past': 'past', 'corrAns': 'num_2', 'trigger_item': 0.0, 'trigger_senonset': 0.2, 'trigger_verbsonset': 0.8500000000000001, 'trigger_1_F0': 1.02, 'trigger_suffix': 1.152543366608796, 'trigger_2_F0': 1.28794346788194, 'ID_item': 101, 'ID_senonset': 40, 'ID_verbonset': 41, 'ID_1_F0': 42, 'ID_suffix': 43, 'ID_2_F0': 44, 'ms_senonset': 0, 'ms_verbonset': 0.65, 'ms_1_F0': 0.82, 'ms_suffix': 0.952543366608796, 'ms_2_F0': 1.08794346788194, 'file_name': '22d_dejar.wav', 'item_id': 22, 'cond': 'd', 'thisN': 16, 'thisTrialN': 16, 'thisRepN': 0}>
4812.5061 	EXP 	Sound test_sound reached end of file
4812.5093 	EXP 	Sound test_sound started
4812.5088 	DATA 	Keypress: left
4812.5177 	EXP 	polygon_2: autoDraw = False
4812.5177 	EXP 	text_3: autoDraw = False
4812.5177 	EXP 	polygon_2: autoDraw = True
4814.5369 	EXP 	Sound test_sound reached end of file
4814.5440 	EXP 	Sound test_sound reached end of file
4816.7325 	EXP 	New trial (rep=0, index=17): <Trial 17 (17 in rep 0) data={'sounds': 'sounds/12a_matar.wav', 'syll': 'CVC', 'stress_unstress': 'Stressed', 'suffix': 'Match', 'present_past': 'present', 'corrAns': 'num_1', 'trigger_item': 0.0, 'trigger_senonset': 0.2, 'trigger_verbsonset': 0.8400000000000001, 'trigger_1_F0': 0.96, 'trigger_suffix': 1.17307472511574, 'trigger_2_F0': 1.186647497106481, 'ID_item': 101, 'ID_senonset': 10, 'ID_verbonset': 11, 'ID_1_F0': 12, 'ID_suffix': 13, 'ID_2_F0': 14, 'ms_senonset': 0, 'ms_verbonset': 0.64, 'ms_1_F0': 0.76, 'ms_suffix': 0.97307472511574, 'ms_2_F0': 0.986647497106481, 'file_name': '12a_matar.wav', 'item_id': 12, 'cond': 'a', 'thisN': 17, 'thisTrialN': 17, 'thisRepN': 0}>
4816.7395 	EXP 	Sound test_sound reached end of file
4816.7427 	EXP 	Sound test_sound started
4816.7432 	DATA 	Keypress: right
4816.7508 	EXP 	polygon_2: autoDraw = False
4816.7508 	EXP 	text_3: autoDraw = False
4816.7508 	EXP 	polygon_2: autoDraw = True
4818.9215 	EXP 	Sound test_sound reached end of file
4818.9272 	EXP 	Sound test_sound reached end of file
4824.1831 	EXP 	New trial (rep=0, index=18): <Trial 18 (18 in rep 0) data={'sounds': 'sounds/23a_tomar.wav', 'syll': 'CVC', 'stress_unstress': 'Stressed', 'suffix': 'Match', 'present_past': 'present', 'corrAns': 'num_1', 'trigger_item': 0.0, 'trigger_senonset': 0.2, 'trigger_verbsonset': 0.9453179615162032, 'trigger_1_F0': 0.95, 'trigger_suffix': 1.08, 'trigger_2_F0': 1.158644495081018, 'ID_item': 101, 'ID_senonset': 10, 'ID_verbonset': 11, 'ID_1_F0': 12, 'ID_suffix': 13, 'ID_2_F0': 14, 'ms_senonset': 0, 'ms_verbonset': 0.745317961516203, 'ms_1_F0': 0.75, 'ms_suffix': 0.88, 'ms_2_F0': 0.958644495081018, 'file_name': '23a_tomar.wav', 'item_id': 23, 'cond': 'a', 'thisN': 18, 'thisTrialN': 18, 'thisRepN': 0}>
4824.1895 	EXP 	Sound test_sound reached end of file
4824.1927 	EXP 	Sound test_sound started
4824.1922 	DATA 	Keypress: left
4824.2008 	EXP 	polygon_2: autoDraw = False
4824.2008 	EXP 	text_3: autoDraw = False
4824.2008 	EXP 	polygon_2: autoDraw = True
4826.0786 	EXP 	Sound test_sound reached end of file
4826.0934 	EXP 	Sound test_sound reached end of file
4827.9622 	EXP 	New trial (rep=0, index=19): <Trial 19 (19 in rep 0) data={'sounds': 'sounds/20c_cubrir.wav', 'syll': 'CVC', 'stress_unstress': 'Unstressed', 'suffix': 'Match', 'present_past': 'past', 'corrAns': 'num_2', 'trigger_item': 0.0, 'trigger_senonset': 0.2, 'trigger_verbsonset': 0.980138641742621, 'trigger_1_F0': 1.01, 'trigger_suffix': 1.192436112212021, 'trigger_2_F0': 1.28412143493692, 'ID_item': 101, 'ID_senonset': 30, 'ID_verbonset': 31, 'ID_1_F0': 32, 'ID_suffix': 33, 'ID_2_F0': 34, 'ms_senonset': 0, 'ms_verbonset': 0.780138641742621, 'ms_1_F0': 0.81, 'ms_suffix': 0.992436112212021, 'ms_2_F0': 1.08412143493692, 'file_name': '20c_cubrir.wav', 'item_id': 20, 'cond': 'c', 'thisN': 19, 'thisTrialN': 19, 'thisRepN': 0}>
4827.9651 	EXP 	Sound test_sound reached end of file
4827.9755 	EXP 	Sound test_sound started
4827.9670 	DATA 	Keypress: left
4827.9757 	EXP 	polygon_2: autoDraw = False
4827.9757 	EXP 	text_3: autoDraw = False
4827.9757 	EXP 	polygon_2: autoDraw = True
4830.0931 	EXP 	Sound test_sound reached end of file
4830.0968 	EXP 	Sound test_sound reached end of file
4831.9687 	DATA 	Keypress: right
4831.9761 	EXP 	polygon_2: autoDraw = False
4831.9761 	EXP 	text_3: autoDraw = True
4850.5298 	EXP 	New trial (rep=0, index=20): <Trial 20 (20 in rep 0) data={'sounds': 'sounds/28d_parar.wav', 'syll': 'CVC', 'stress_unstress': 'Stressed', 'suffix': 'Mismatch', 'present_past': 'past', 'corrAns': 'num_2', 'trigger_item': 0.0, 'trigger_senonset': 0.2, 'trigger_verbsonset': 0.8458860026041659, 'trigger_1_F0': 0.862313736979166, 'trigger_suffix': 1.018194683159722, 'trigger_2_F0': 1.032797113715277, 'ID_item': 101, 'ID_senonset': 40, 'ID_verbonset': 41, 'ID_1_F0': 42, 'ID_suffix': 43, 'ID_2_F0': 44, 'ms_senonset': 0, 'ms_verbonset': 0.645886002604166, 'ms_1_F0': 0.662313736979166, 'ms_suffix': 0.818194683159722, 'ms_2_F0': 0.832797113715277, 'file_name': '28d_parar.wav', 'item_id': 28, 'cond': 'd', 'thisN': 20, 'thisTrialN': 20, 'thisRepN': 0}>
4850.5357 	EXP 	Sound test_sound reached end of file
4850.5436 	EXP 	Sound test_sound started
4850.5385 	DATA 	Keypress: space
4850.5472 	EXP 	text_3: autoDraw = False
4850.5472 	EXP 	polygon_2: autoDraw = True
4852.4454 	EXP 	Sound test_sound reached end of file
4852.4508 	EXP 	Sound test_sound reached end of file
4857.0819 	EXP 	New trial (rep=0, index=21): <Trial 21 (21 in rep 0) data={'sounds': 'sounds/11a_pegar.wav', 'syll': 'CVC', 'stress_unstress': 'Stressed', 'suffix': 'Match', 'present_past': 'present', 'corrAns': 'num_1', 'trigger_item': 0.0, 'trigger_senonset': 0.2, 'trigger_verbsonset': 0.8182808977343741, 'trigger_1_F0': 0.831294515585661, 'trigger_suffix': 0.98, 'trigger_2_F0': 1.012063288108519, 'ID_item': 101, 'ID_senonset': 10, 'ID_verbonset': 11, 'ID_1_F0': 12, 'ID_suffix': 13, 'ID_2_F0': 14, 'ms_senonset': 0, 'ms_verbonset': 0.618280897734374, 'ms_1_F0': 0.631294515585661, 'ms_suffix': 0.78, 'ms_2_F0': 0.812063288108519, 'file_name': '11a_pegar.wav', 'item_id': 11, 'cond': 'a', 'thisN': 21, 'thisTrialN': 21, 'thisRepN': 0}>
4857.0876 	EXP 	Sound test_sound reached end of file
4857.0931 	EXP 	Sound test_sound started
4857.0904 	DATA 	Keypress: right
4857.0989 	EXP 	polygon_2: autoDraw = False
4857.0989 	EXP 	text_3: autoDraw = False
4857.0989 	EXP 	polygon_2: autoDraw = True
4859.0175 	EXP 	Sound test_sound reached end of file
4859.0273 	EXP 	Sound test_sound reached end of file
4862.8171 	EXP 	New trial (rep=0, index=22): <Trial 22 (22 in rep 0) data={'sounds': 'sounds/18b_cumplir.wav', 'syll': 'CVC', 'stress_unstress': 'Unstressed', 'suffix': 'Mismatch', 'present_past': 'present', 'corrAns': 'num_1', 'trigger_item': 0.0, 'trigger_senonset': 0.2, 'trigger_verbsonset': 1.2408027271412, 'trigger_1_F0': 1.25568597366898, 'trigger_suffix': 1.46256310040509, 'trigger_2_F0': 1.54144430700231, 'ID_item': 101, 'ID_senonset': 20, 'ID_verbonset': 21, 'ID_1_F0': 22, 'ID_suffix': 23, 'ID_2_F0': 24, 'ms_senonset': 0, 'ms_verbonset': 1.0408027271412, 'ms_1_F0': 1.05568597366898, 'ms_suffix': 1.26256310040509, 'ms_2_F0': 1.34144430700231, 'file_name': '18b_cumplir.wav', 'item_id': 18, 'cond': 'b', 'thisN': 22, 'thisTrialN': 22, 'thisRepN': 0}>
4862.8234 	EXP 	Sound test_sound reached end of file
4862.8269 	EXP 	Sound test_sound started
4862.8259 	DATA 	Keypress: left
4862.8337 	EXP 	polygon_2: autoDraw = False
4862.8337 	EXP 	text_3: autoDraw = False
4862.8337 	EXP 	polygon_2: autoDraw = True
4864.9931 	EXP 	Sound test_sound reached end of file
4864.9984 	EXP 	Sound test_sound reached end of file
4869.5817 	EXP 	New trial (rep=0, index=23): <Trial 23 (23 in rep 0) data={'sounds': 'sounds/32d_pulsar.wav', 'syll': 'CVC', 'stress_unstress': 'Stressed', 'suffix': 'Mismatch', 'present_past': 'past', 'corrAns': 'num_2', 'trigger_item': 0.0, 'trigger_senonset': 0.2, 'trigger_verbsonset': 0.796440212673611, 'trigger_1_F0': 0.8294641710069439, 'trigger_suffix': 0.99, 'trigger_2_F0': 1.097783832465277, 'ID_item': 101, 'ID_senonset': 40, 'ID_verbonset': 41, 'ID_1_F0': 42, 'ID_suffix': 43, 'ID_2_F0': 44, 'ms_senonset': 0, 'ms_verbonset': 0.596440212673611, 'ms_1_F0': 0.629464171006944, 'ms_suffix': 0.79, 'ms_2_F0': 0.897783832465277, 'file_name': '32d_pulsar.wav', 'item_id': 32, 'cond': 'd', 'thisN': 23, 'thisTrialN': 23, 'thisRepN': 0}>
4869.5857 	EXP 	Sound test_sound reached end of file
4869.5934 	EXP 	Sound test_sound started
4869.5885 	DATA 	Keypress: left
4869.5967 	EXP 	polygon_2: autoDraw = False
4869.5967 	EXP 	text_3: autoDraw = False
4869.5967 	EXP 	polygon_2: autoDraw = True
4871.3931 	EXP 	Sound test_sound reached end of file
4871.3986 	EXP 	Sound test_sound reached end of file
4873.1506 	EXP 	New trial (rep=0, index=24): <Trial 24 (24 in rep 0) data={'sounds': 'sounds/24d_mirar.wav', 'syll': 'CVC', 'stress_unstress': 'Stressed', 'suffix': 'Mismatch', 'present_past': 'past', 'corrAns': 'num_2', 'trigger_item': 0.0, 'trigger_senonset': 0.2, 'trigger_verbsonset': 0.71, 'trigger_1_F0': 0.8119545789930551, 'trigger_suffix': 0.9389863642939812, 'trigger_2_F0': 0.9746780743634248, 'ID_item': 101, 'ID_senonset': 40, 'ID_verbonset': 41, 'ID_1_F0': 42, 'ID_suffix': 43, 'ID_2_F0': 44, 'ms_senonset': 0, 'ms_verbonset': 0.51, 'ms_1_F0': 0.611954578993055, 'ms_suffix': 0.738986364293981, 'ms_2_F0': 0.774678074363425, 'file_name': '24d_mirar.wav', 'item_id': 24, 'cond': 'd', 'thisN': 24, 'thisTrialN': 24, 'thisRepN': 0}>
4873.1563 	EXP 	Sound test_sound reached end of file
4873.1608 	EXP 	Sound test_sound started
4873.1592 	DATA 	Keypress: right
4873.1671 	EXP 	polygon_2: autoDraw = False
4873.1671 	EXP 	text_3: autoDraw = False
4873.1671 	EXP 	polygon_2: autoDraw = True
4874.8459 	EXP 	Sound test_sound reached end of file
4874.8611 	EXP 	Sound test_sound reached end of file
4891.0513 	EXP 	New trial (rep=0, index=25): <Trial 25 (25 in rep 0) data={'sounds': 'sounds/02c_buscar.wav', 'syll': 'CVC', 'stress_unstress': 'Unstressed', 'suffix': 'Match', 'present_past': 'past', 'corrAns': 'num_2', 'trigger_item': 0.0, 'trigger_senonset': 0.2, 'trigger_verbsonset': 0.8700000000000001, 'trigger_1_F0': 1.07, 'trigger_suffix': 1.26, 'trigger_2_F0': 1.40703946035879, 'ID_item': 101, 'ID_senonset': 30, 'ID_verbonset': 31, 'ID_1_F0': 32, 'ID_suffix': 33, 'ID_2_F0': 34, 'ms_senonset': 0, 'ms_verbonset': 0.67, 'ms_1_F0': 0.87, 'ms_suffix': 1.06, 'ms_2_F0': 1.20703946035879, 'file_name': '02c_buscar.wav', 'item_id': 2, 'cond': 'c', 'thisN': 25, 'thisTrialN': 25, 'thisRepN': 0}>
4891.0595 	EXP 	Sound test_sound reached end of file
4891.0608 	EXP 	Sound test_sound started
4891.0625 	DATA 	Keypress: right
4891.0709 	EXP 	polygon_2: autoDraw = False
4891.0709 	EXP 	text_3: autoDraw = False
4891.0709 	EXP 	polygon_2: autoDraw = True
4893.1789 	EXP 	Sound test_sound reached end of file
4893.1947 	EXP 	Sound test_sound reached end of file
4896.0693 	EXP 	New trial (rep=0, index=26): <Trial 26 (26 in rep 0) data={'sounds': 'sounds/35b_secar.wav', 'syll': 'CVC', 'stress_unstress': 'Unstressed', 'suffix': 'Mismatch', 'present_past': 'present', 'corrAns': 'num_1', 'trigger_item': 0.0, 'trigger_senonset': 0.2, 'trigger_verbsonset': 0.8990044921875, 'trigger_1_F0': 1.025708658854166, 'trigger_suffix': 1.179689416956018, 'trigger_2_F0': 1.20652606336805, 'ID_item': 101, 'ID_senonset': 20, 'ID_verbonset': 21, 'ID_1_F0': 22, 'ID_suffix': 23, 'ID_2_F0': 24, 'ms_senonset': 0, 'ms_verbonset': 0.6990044921875, 'ms_1_F0': 0.825708658854166, 'ms_suffix': 0.979689416956018, 'ms_2_F0': 1.00652606336805, 'file_name': '35b_secar.wav', 'item_id': 35, 'cond': 'b', 'thisN': 26, 'thisTrialN': 26, 'thisRepN': 0}>
4896.0777 	EXP 	Sound test_sound reached end of file
4896.0780 	EXP 	Sound test_sound started
4896.0805 	DATA 	Keypress: right
4896.0887 	EXP 	polygon_2: autoDraw = False
4896.0887 	EXP 	text_3: autoDraw = False
4896.0887 	EXP 	polygon_2: autoDraw = True
4898.2045 	EXP 	Sound test_sound reached end of file
4898.2113 	EXP 	Sound test_sound reached end of file
4915.8199 	EXP 	New trial (rep=0, index=27): <Trial 27 (27 in rep 0) data={'sounds': 'sounds/27c_tirar.wav', 'syll': 'CVC', 'stress_unstress': 'Unstressed', 'suffix': 'Match', 'present_past': 'past', 'corrAns': 'num_2', 'trigger_item': 0.0, 'trigger_senonset': 0.2, 'trigger_verbsonset': 0.8119442057291659, 'trigger_1_F0': 0.8307495153356481, 'trigger_suffix': 0.9885306495949072, 'trigger_2_F0': 0.998621303530092, 'ID_item': 101, 'ID_senonset': 30, 'ID_verbonset': 31, 'ID_1_F0': 32, 'ID_suffix': 33, 'ID_2_F0': 34, 'ms_senonset': 0, 'ms_verbonset': 0.611944205729166, 'ms_1_F0': 0.630749515335648, 'ms_suffix': 0.788530649594907, 'ms_2_F0': 0.798621303530092, 'file_name': '27c_tirar.wav', 'item_id': 27, 'cond': 'c', 'thisN': 27, 'thisTrialN': 27, 'thisRepN': 0}>
4915.8265 	EXP 	Sound test_sound reached end of file
4915.8284 	EXP 	Sound test_sound started
4915.8288 	DATA 	Keypress: right
4915.8380 	EXP 	polygon_2: autoDraw = False
4915.8380 	EXP 	text_3: autoDraw = False
4915.8380 	EXP 	polygon_2: autoDraw = True
4917.8154 	EXP 	Sound test_sound reached end of file
4917.8285 	EXP 	Sound test_sound reached end of file
4920.2516 	EXP 	New trial (rep=0, index=28): <Trial 28 (28 in rep 0) data={'sounds': 'sounds/30a_fundar.wav', 'syll': 'CVC', 'stress_unstress': 'Stressed', 'suffix': 'Match', 'present_past': 'present', 'corrAns': 'num_1', 'trigger_item': 0.0, 'trigger_senonset': 0.2, 'trigger_verbsonset': 0.77, 'trigger_1_F0': 0.91, 'trigger_suffix': 1.112685546875, 'trigger_2_F0': 1.12, 'ID_item': 101, 'ID_senonset': 10, 'ID_verbonset': 11, 'ID_1_F0': 12, 'ID_suffix': 13, 'ID_2_F0': 14, 'ms_senonset': 0, 'ms_verbonset': 0.57, 'ms_1_F0': 0.71, 'ms_suffix': 0.912685546875, 'ms_2_F0': 0.92, 'file_name': '30a_fundar.wav', 'item_id': 30, 'cond': 'a', 'thisN': 28, 'thisTrialN': 28, 'thisRepN': 0}>
4920.2564 	EXP 	Sound test_sound reached end of file
4920.2617 	EXP 	Sound test_sound started
4920.2578 	DATA 	Keypress: right
4920.2674 	EXP 	polygon_2: autoDraw = False
4920.2674 	EXP 	text_3: autoDraw = False
4920.2674 	EXP 	polygon_2: autoDraw = True
4922.3973 	EXP 	Sound test_sound reached end of file
4922.4122 	EXP 	Sound test_sound reached end of file
4924.5820 	DATA 	Keypress: left
4924.6002 	EXP 	New trial (rep=0, index=29): <Trial 29 (29 in rep 0) data={'sounds': 'sounds/13c_montar.wav', 'syll': 'CVC', 'stress_unstress': 'Unstressed', 'suffix': 'Match', 'present_past': 'past', 'corrAns': 'num_2', 'trigger_item': 0.0, 'trigger_senonset': 0.2, 'trigger_verbsonset': 0.8800000000000001, 'trigger_1_F0': 0.98, 'trigger_suffix': 1.24543012152777, 'trigger_2_F0': 1.2594709201388798, 'ID_item': 101, 'ID_senonset': 30, 'ID_verbonset': 31, 'ID_1_F0': 32, 'ID_suffix': 33, 'ID_2_F0': 34, 'ms_senonset': 0, 'ms_verbonset': 0.68, 'ms_1_F0': 0.78, 'ms_suffix': 1.04543012152777, 'ms_2_F0': 1.05947092013888, 'file_name': '13c_montar.wav', 'item_id': 13, 'cond': 'c', 'thisN': 29, 'thisTrialN': 29, 'thisRepN': 0}>
4924.6053 	EXP 	Sound test_sound reached end of file
4924.6115 	EXP 	Sound test_sound started
4924.6155 	EXP 	polygon_2: autoDraw = False
4924.6155 	EXP 	text_3: autoDraw = False
4924.6155 	EXP 	polygon_2: autoDraw = True
4926.8859 	EXP 	Sound test_sound reached end of file
4926.8953 	EXP 	Sound test_sound reached end of file
4932.5663 	DATA 	Keypress: right
4932.5949 	EXP 	polygon_2: autoDraw = False
4932.5949 	EXP 	text_3: autoDraw = True
4951.2384 	DATA 	Keypress: space
4951.2478 	EXP 	New trial (rep=0, index=30): <Trial 30 (30 in rep 0) data={'sounds': 'sounds/40c_gastar.wav', 'syll': 'CVC', 'stress_unstress': 'Unstressed', 'suffix': 'Match', 'present_past': 'past', 'corrAns': 'num_2', 'trigger_item': 0.0, 'trigger_senonset': 0.2, 'trigger_verbsonset': 0.8300000000000001, 'trigger_1_F0': 0.8400000000000001, 'trigger_suffix': 1.163436328125, 'trigger_2_F0': 1.183149609375, 'ID_item': 101, 'ID_senonset': 30, 'ID_verbonset': 31, 'ID_1_F0': 32, 'ID_suffix': 33, 'ID_2_F0': 34, 'ms_senonset': 0, 'ms_verbonset': 0.63, 'ms_1_F0': 0.64, 'ms_suffix': 0.963436328125, 'ms_2_F0': 0.983149609375, 'file_name': '40c_gastar.wav', 'item_id': 40, 'cond': 'c', 'thisN': 30, 'thisTrialN': 30, 'thisRepN': 0}>
4951.2533 	EXP 	Sound test_sound reached end of file
4951.2622 	EXP 	Sound test_sound started
4951.2642 	EXP 	text_3: autoDraw = False
4951.2642 	EXP 	polygon_2: autoDraw = True
4953.3485 	EXP 	Sound test_sound reached end of file
4953.3624 	EXP 	Sound test_sound reached end of file
4959.4866 	EXP 	New trial (rep=0, index=31): <Trial 31 (31 in rep 0) data={'sounds': 'sounds/09c_cargar.wav', 'syll': 'CVC', 'stress_unstress': 'Unstressed', 'suffix': 'Match', 'present_past': 'past', 'corrAns': 'num_2', 'trigger_item': 0.0, 'trigger_senonset': 0.2, 'trigger_verbsonset': 0.81286744068287, 'trigger_1_F0': 0.8382251229745361, 'trigger_suffix': 1.032634020543981, 'trigger_2_F0': 1.090594437210648, 'ID_item': 101, 'ID_senonset': 30, 'ID_verbonset': 31, 'ID_1_F0': 32, 'ID_suffix': 33, 'ID_2_F0': 34, 'ms_senonset': 0, 'ms_verbonset': 0.61286744068287, 'ms_1_F0': 0.638225122974536, 'ms_suffix': 0.832634020543981, 'ms_2_F0': 0.890594437210648, 'file_name': '09c_cargar.wav', 'item_id': 9, 'cond': 'c', 'thisN': 31, 'thisTrialN': 31, 'thisRepN': 0}>
4959.4929 	EXP 	Sound test_sound reached end of file
4959.4957 	EXP 	Sound test_sound started
4959.4960 	DATA 	Keypress: right
4959.5037 	EXP 	polygon_2: autoDraw = False
4959.5037 	EXP 	text_3: autoDraw = False
4959.5037 	EXP 	polygon_2: autoDraw = True
4961.4134 	EXP 	Sound test_sound reached end of file
4961.4183 	EXP 	Sound test_sound reached end of file
4962.9027 	EXP 	New trial (rep=0, index=32): <Trial 32 (32 in rep 0) data={'sounds': 'sounds/16a_llevar.wav', 'syll': 'CVC', 'stress_unstress': 'Stressed', 'suffix': 'Match', 'present_past': 'present', 'corrAns': 'num_1', 'trigger_item': 0.0, 'trigger_senonset': 0.2, 'trigger_verbsonset': 0.929084516317274, 'trigger_1_F0': 0.964936524692279, 'trigger_suffix': 1.08, 'trigger_2_F0': 1.131864014418682, 'ID_item': 101, 'ID_senonset': 10, 'ID_verbonset': 11, 'ID_1_F0': 12, 'ID_suffix': 13, 'ID_2_F0': 14, 'ms_senonset': 0, 'ms_verbonset': 0.729084516317274, 'ms_1_F0': 0.764936524692279, 'ms_suffix': 0.88, 'ms_2_F0': 0.931864014418682, 'file_name': '16a_llevar.wav', 'item_id': 16, 'cond': 'a', 'thisN': 32, 'thisTrialN': 32, 'thisRepN': 0}>
4962.9088 	EXP 	Sound test_sound reached end of file
4962.9125 	EXP 	Sound test_sound started
4962.9122 	DATA 	Keypress: right
4962.9201 	EXP 	polygon_2: autoDraw = False
4962.9201 	EXP 	text_3: autoDraw = False
4962.9201 	EXP 	polygon_2: autoDraw = True
4964.8011 	EXP 	Sound test_sound reached end of file
4964.8124 	EXP 	Sound test_sound reached end of file
4965.5159 	DATA 	Keypress: left
4965.5351 	EXP 	New trial (rep=0, index=33): <Trial 33 (33 in rep 0) data={'sounds': 'sounds/01d_salvar.wav', 'syll': 'CVC', 'stress_unstress': 'Stressed', 'suffix': 'Mismatch', 'present_past': 'past', 'corrAns': 'num_2', 'trigger_item': 0.0, 'trigger_senonset': 0.2, 'trigger_verbsonset': 0.8500000000000001, 'trigger_1_F0': 0.996069502314814, 'trigger_suffix': 1.23, 'trigger_2_F0': 1.29, 'ID_item': 101, 'ID_senonset': 40, 'ID_verbonset': 41, 'ID_1_F0': 42, 'ID_suffix': 43, 'ID_2_F0': 44, 'ms_senonset': 0, 'ms_verbonset': 0.65, 'ms_1_F0': 0.796069502314814, 'ms_suffix': 1.03, 'ms_2_F0': 1.09, 'file_name': '01d_salvar.wav', 'item_id': 1, 'cond': 'd', 'thisN': 33, 'thisTrialN': 33, 'thisRepN': 0}>
4965.5410 	EXP 	Sound test_sound reached end of file
4965.5456 	EXP 	Sound test_sound started
4965.5507 	EXP 	polygon_2: autoDraw = False
4965.5507 	EXP 	text_3: autoDraw = False
4965.5507 	EXP 	polygon_2: autoDraw = True
4967.5853 	EXP 	Sound test_sound reached end of file
4967.5960 	EXP 	Sound test_sound reached end of file
4972.2997 	DATA 	Keypress: right
4972.3196 	EXP 	New trial (rep=0, index=34): <Trial 34 (34 in rep 0) data={'sounds': 'sounds/36c_bordar.wav', 'syll': 'CVC', 'stress_unstress': 'Unstressed', 'suffix': 'Match', 'present_past': 'past', 'corrAns': 'num_2', 'trigger_item': 0.0, 'trigger_senonset': 0.2, 'trigger_verbsonset': 1.0, 'trigger_1_F0': 1.078468243634259, 'trigger_suffix': 1.3288624855324, 'trigger_2_F0': 1.3414992042824, 'ID_item': 101, 'ID_senonset': 30, 'ID_verbonset': 31, 'ID_1_F0': 32, 'ID_suffix': 33, 'ID_2_F0': 34, 'ms_senonset': 0, 'ms_verbonset': 0.8, 'ms_1_F0': 0.878468243634259, 'ms_suffix': 1.1288624855324, 'ms_2_F0': 1.1414992042824, 'file_name': '36c_bordar.wav', 'item_id': 36, 'cond': 'c', 'thisN': 34, 'thisTrialN': 34, 'thisRepN': 0}>
4972.3259 	EXP 	Sound test_sound reached end of file
4972.3293 	EXP 	Sound test_sound started
4972.3361 	EXP 	polygon_2: autoDraw = False
4972.3361 	EXP 	text_3: autoDraw = False
4972.3361 	EXP 	polygon_2: autoDraw = True
4974.5796 	EXP 	Sound test_sound reached end of file
4974.5966 	EXP 	Sound test_sound reached end of file
4978.9172 	DATA 	Keypress: right
4978.9365 	EXP 	New trial (rep=0, index=35): <Trial 35 (35 in rep 0) data={'sounds': 'sounds/10d_vender.wav', 'syll': 'CVC', 'stress_unstress': 'Stressed', 'suffix': 'Mismatch', 'present_past': 'past', 'corrAns': 'num_2', 'trigger_item': 0.0, 'trigger_senonset': 0.2, 'trigger_verbsonset': 0.832830209056713, 'trigger_1_F0': 0.8775468199411529, 'trigger_suffix': 1.109501330306288, 'trigger_2_F0': 1.158928471023364, 'ID_item': 101, 'ID_senonset': 40, 'ID_verbonset': 41, 'ID_1_F0': 42, 'ID_suffix': 43, 'ID_2_F0': 44, 'ms_senonset': 0, 'ms_verbonset': 0.632830209056713, 'ms_1_F0': 0.677546819941153, 'ms_suffix': 0.909501330306288, 'ms_2_F0': 0.958928471023364, 'file_name': '10d_vender.wav', 'item_id': 10, 'cond': 'd', 'thisN': 35, 'thisTrialN': 35, 'thisRepN': 0}>
4978.9432 	EXP 	Sound test_sound reached end of file
4978.9461 	EXP 	Sound test_sound started
4978.9552 	EXP 	polygon_2: autoDraw = False
4978.9552 	EXP 	text_3: autoDraw = False
4978.9552 	EXP 	polygon_2: autoDraw = True
4980.8370 	EXP 	Sound test_sound reached end of file
4980.8463 	EXP 	Sound test_sound reached end of file
4988.2867 	EXP 	New trial (rep=0, index=36): <Trial 36 (36 in rep 0) data={'sounds': 'sounds/17d_tragar.wav', 'syll': 'CVC', 'stress_unstress': 'Stressed', 'suffix': 'Mismatch', 'present_past': 'past', 'corrAns': 'num_2', 'trigger_item': 0.0, 'trigger_senonset': 0.2, 'trigger_verbsonset': 1.070609360532407, 'trigger_1_F0': 1.117973654513888, 'trigger_suffix': 1.30915316840277, 'trigger_2_F0': 1.35458539534397, 'ID_item': 101, 'ID_senonset': 40, 'ID_verbonset': 41, 'ID_1_F0': 42, 'ID_suffix': 43, 'ID_2_F0': 44, 'ms_senonset': 0, 'ms_verbonset': 0.870609360532407, 'ms_1_F0': 0.917973654513888, 'ms_suffix': 1.10915316840277, 'ms_2_F0': 1.15458539534397, 'file_name': '17d_tragar.wav', 'item_id': 17, 'cond': 'd', 'thisN': 36, 'thisTrialN': 36, 'thisRepN': 0}>
4988.2942 	EXP 	Sound test_sound reached end of file
4988.2967 	EXP 	Sound test_sound started
4988.2986 	DATA 	Keypress: right
4988.3074 	EXP 	polygon_2: autoDraw = False
4988.3074 	EXP 	text_3: autoDraw = False
4988.3074 	EXP 	polygon_2: autoDraw = True
4990.5898 	EXP 	Sound test_sound reached end of file
4990.5973 	EXP 	Sound test_sound reached end of file
5003.9703 	EXP 	New trial (rep=0, index=37): <Trial 37 (37 in rep 0) data={'sounds': 'sounds/07c_tumbar.wav', 'syll': 'CVC', 'stress_unstress': 'Unstressed', 'suffix': 'Match', 'present_past': 'past', 'corrAns': 'num_2', 'trigger_item': 0.0, 'trigger_senonset': 0.2, 'trigger_verbsonset': 0.9084024930273432, 'trigger_1_F0': 0.9247360728973012, 'trigger_suffix': 1.143289673625005, 'trigger_2_F0': 1.154847989033482, 'ID_item': 101, 'ID_senonset': 30, 'ID_verbonset': 31, 'ID_1_F0': 32, 'ID_suffix': 33, 'ID_2_F0': 34, 'ms_senonset': 0, 'ms_verbonset': 0.708402493027343, 'ms_1_F0': 0.724736072897301, 'ms_suffix': 0.943289673625005, 'ms_2_F0': 0.954847989033482, 'file_name': '07c_tumbar.wav', 'item_id': 7, 'cond': 'c', 'thisN': 37, 'thisTrialN': 37, 'thisRepN': 0}>
5003.9768 	EXP 	Sound test_sound reached end of file
5003.9804 	EXP 	Sound test_sound started
5003.9796 	DATA 	Keypress: right
5003.9886 	EXP 	polygon_2: autoDraw = False
5003.9886 	EXP 	text_3: autoDraw = False
5003.9886 	EXP 	polygon_2: autoDraw = True
5005.9159 	EXP 	Sound test_sound reached end of file
5005.9298 	EXP 	Sound test_sound reached end of file
5014.7347 	DATA 	Keypress: right
5014.7527 	EXP 	New trial (rep=0, index=38): <Trial 38 (38 in rep 0) data={'sounds': 'sounds/15b_partir.wav', 'syll': 'CVC', 'stress_unstress': 'Unstressed', 'suffix': 'Mismatch', 'present_past': 'present', 'corrAns': 'num_1', 'trigger_item': 0.0, 'trigger_senonset': 0.2, 'trigger_verbsonset': 0.826865400752314, 'trigger_1_F0': 0.842973894883327, 'trigger_suffix': 1.1042888772729471, 'trigger_2_F0': 1.120815958498066, 'ID_item': 101, 'ID_senonset': 20, 'ID_verbonset': 21, 'ID_1_F0': 22, 'ID_suffix': 23, 'ID_2_F0': 24, 'ms_senonset': 0, 'ms_verbonset': 0.626865400752314, 'ms_1_F0': 0.642973894883327, 'ms_suffix': 0.904288877272947, 'ms_2_F0': 0.920815958498066, 'file_name': '15b_partir.wav', 'item_id': 15, 'cond': 'b', 'thisN': 38, 'thisTrialN': 38, 'thisRepN': 0}>
5014.7585 	EXP 	Sound test_sound reached end of file
5014.7635 	EXP 	Sound test_sound started
5014.7692 	EXP 	polygon_2: autoDraw = False
5014.7692 	EXP 	text_3: autoDraw = False
5014.7692 	EXP 	polygon_2: autoDraw = True
5016.8104 	EXP 	Sound test_sound reached end of file
5016.8157 	EXP 	Sound test_sound reached end of file
5018.9006 	DATA 	Keypress: right
5018.9188 	EXP 	New trial (rep=0, index=39): <Trial 39 (39 in rep 0) data={'sounds': 'sounds/14b_borrar.wav', 'syll': 'CVC', 'stress_unstress': 'Unstressed', 'suffix': 'Mismatch', 'present_past': 'present', 'corrAns': 'num_1', 'trigger_item': 0.0, 'trigger_senonset': 0.2, 'trigger_verbsonset': 0.72, 'trigger_1_F0': 0.770187630208333, 'trigger_suffix': 0.851961241319444, 'trigger_2_F0': 0.964399956597222, 'ID_item': 101, 'ID_senonset': 20, 'ID_verbonset': 21, 'ID_1_F0': 22, 'ID_suffix': 23, 'ID_2_F0': 24, 'ms_senonset': 0, 'ms_verbonset': 0.52, 'ms_1_F0': 0.570187630208333, 'ms_suffix': 0.651961241319444, 'ms_2_F0': 0.764399956597222, 'file_name': '14b_borrar.wav', 'item_id': 14, 'cond': 'b', 'thisN': 39, 'thisTrialN': 39, 'thisRepN': 0}>
5018.9237 	EXP 	Sound test_sound reached end of file
5018.9302 	EXP 	Sound test_sound started
5018.9341 	EXP 	polygon_2: autoDraw = False
5018.9341 	EXP 	text_3: autoDraw = False
5018.9341 	EXP 	polygon_2: autoDraw = True
5020.8572 	EXP 	Sound test_sound reached end of file
5020.8643 	EXP 	Sound test_sound reached end of file
5022.8053 	DATA 	Keypress: left
5022.8132 	EXP 	polygon_2: autoDraw = False
5022.8132 	EXP 	text_3: autoDraw = False
5022.8132 	EXP 	text_2: autoDraw = True
5028.9456 	DATA 	Keypress: space
5028.9489 	EXP 	text_2: autoDraw = False
5028.9492 	EXP 	LangExperimentstress: status = STOPPED
