9.0068 	WARNING 	User requested fullscreen with size [1536  864], but screen is actually [1920, 1080]. Using actual size
9.3670 	EXP 	Created window1 = Window(allowGUI=False, allowStencil=False, autoLog=True, backendConf=UNKNOWN, backgroundFit=<method-wrapper '__getattribute__' of attributeSetter object at 0x000001E5DFF67F40>, backgroundImage=<method-wrapper '__getattribute__' of attributeSetter object at 0x000001E5DFF67EE0>, bitsMode=UNKNOWN, blendMode='avg', bpc=(8, 8, 8), color=array([0, 0, 0]), colorSpace='rgb', depthBits=8, fullscr=True, gamma=None, gammaErrorPolicy='raise', infoMsg=UNKNOWN, lms=UNKNOWN, monitor=<psychopy.monitors.calibTools.Monitor object at 0x000001E5E8244E80>, multiSample=False, name='window1', numSamples=2, pos=[0.0, 0.0], screen=0, size=array([1920, 1080]), stencilBits=0, stereo=False, title='PsychoPy', units='height', useFBO=True, useRetina=False, viewOri=0.0, viewPos=None, viewScale=None, waitBlanking=True, winType='pyglet')
9.3671 	EXP 	window1: backgroundImage = ''
9.3671 	EXP 	window1: backgroundFit = 'none'
9.4475 	EXP 	window1: Attempting to measure frame rate of screen (0) ...
9.4475 	EXP 	window1: recordFrameIntervals = False
9.6022 	EXP 	window1: recordFrameIntervals = True
9.7854 	EXP 	Screen (0) actual frame rate measured at 59.95Hz
9.7855 	EXP 	window1: recordFrameIntervals = False
12.9158 	EXP 	LangExperimentstress: status = STARTED
13.0347 	EXP 	Created instr = TextStim(__class__=<class 'psychopy.visual.text.TextStim'>, alignHoriz=method-wrapper(...), alignText='center', alignVert=method-wrapper(...), anchorHoriz='center', anchorVert='center', antialias=True, autoDraw=False, autoLog=True, bold=False, color=array([1., 1., 1.]), colorSpace='rgb', contrast=1.0, depth=0.0, draggable=False, flipHoriz=False, flipVert=False, font='Arial', fontFiles=[], height=0.08, italic=False, languageStyle='LTR', name='instr', opacity=1, ori=0, pos=array([0., 0.]), rgb=UNKNOWN, text=str(...), units='height', win=Window(...), wrapWidth=1)
13.8445 	EXP 	Sound test_sound_2 set volume 1.000
13.8495 	EXP 	Created polygon = ShapeStim(__class__=<class 'psychopy.visual.shape.ShapeStim'>, anchor=('center', 'center'), autoDraw=False, autoLog=True, closeShape=True, color=method-wrapper(...), colorSpace='rgb', contrast=None, depth=-2.0, draggable=False, fillColor=array([-1, -1, -1]), fillColorSpace='rgb', fillRGB=array([-1, -1, -1]), interpolate=True, lineColor=array([-1., -1., -1.]), lineColorSpace='rgb', lineRGB=array([-1, -1, -1]), lineWidth=1, name='polygon', opacity=1, ori=0.0, pos=array([0., 0.]), size=array([0.15, 0.15]), units='height', vertices=ndarray(...), win=Window(...), windingRule=None)
13.8722 	EXP 	Created text_3 = TextStim(__class__=<class 'psychopy.visual.text.TextStim'>, alignHoriz=method-wrapper(...), alignText='center', alignVert=method-wrapper(...), anchorHoriz='center', anchorVert='center', antialias=True, autoDraw=False, autoLog=True, bold=False, color=array([1., 1., 1.]), colorSpace='rgb', contrast=1.0, depth=0.0, draggable=False, flipHoriz=False, flipVert=False, font='Arial', fontFiles=[], height=0.1, italic=False, languageStyle='LTR', name='text_3', opacity=1, ori=0, pos=array([0., 0.]), rgb=UNKNOWN, text=str(...), units='height', win=Window(...), wrapWidth=1)
13.8797 	EXP 	Created instr = TextStim(__class__=<class 'psychopy.visual.text.TextStim'>, alignHoriz=method-wrapper(...), alignText='center', alignVert=method-wrapper(...), anchorHoriz='center', anchorVert='center', antialias=True, autoDraw=False, autoLog=True, bold=False, color=array([1., 1., 1.]), colorSpace='rgb', contrast=1.0, depth=0.0, draggable=False, flipHoriz=False, flipVert=False, font='Arial', fontFiles=[], height=0.08, italic=False, languageStyle='LTR', name='instr', opacity=1, ori=0, pos=array([0., 0.]), rgb=UNKNOWN, text=str(...), units='height', win=Window(...), wrapWidth=1)
14.0521 	EXP 	Sound test_sound set volume 1.000
14.0538 	EXP 	Created polygon_2 = ShapeStim(__class__=<class 'psychopy.visual.shape.ShapeStim'>, anchor=('center', 'center'), autoDraw=False, autoLog=True, closeShape=True, color=method-wrapper(...), colorSpace='rgb', contrast=None, depth=-2.0, draggable=False, fillColor=array([-1, -1, -1]), fillColorSpace='rgb', fillRGB=array([-1, -1, -1]), interpolate=True, lineColor=array([-1., -1., -1.]), lineColorSpace='rgb', lineRGB=array([-1, -1, -1]), lineWidth=1, name='polygon_2', opacity=1, ori=0.0, pos=array([0., 0.]), size=array([0.15, 0.15]), units='height', vertices=ndarray(...), win=Window(...), windingRule=None)
14.0579 	EXP 	Created text_3 = TextStim(__class__=<class 'psychopy.visual.text.TextStim'>, alignHoriz=method-wrapper(...), alignText='center', alignVert=method-wrapper(...), anchorHoriz='center', anchorVert='center', antialias=True, autoDraw=False, autoLog=True, bold=False, color=array([1., 1., 1.]), colorSpace='rgb', contrast=1.0, depth=0.0, draggable=False, flipHoriz=False, flipVert=False, font='Arial', fontFiles=[], height=0.1, italic=False, languageStyle='LTR', name='text_3', opacity=1, ori=0, pos=array([0., 0.]), rgb=UNKNOWN, text=str(...), units='height', win=Window(...), wrapWidth=1)
14.0690 	EXP 	Created text_2 = TextStim(__class__=<class 'psychopy.visual.text.TextStim'>, alignHoriz=method-wrapper(...), alignText='center', alignVert=method-wrapper(...), anchorHoriz='center', anchorVert='center', antialias=True, autoDraw=False, autoLog=True, bold=False, color=array([1., 1., 1.]), colorSpace='rgb', contrast=1.0, depth=0.0, draggable=False, flipHoriz=False, flipVert=False, font='Arial', fontFiles=[], height=0.1, italic=False, languageStyle='LTR', name='text_2', opacity=1, ori=0, pos=array([0., 0.]), rgb=UNKNOWN, text=str(...), units='height', win=Window(...), wrapWidth=1)
0.0158 	EXP 	instr: autoDraw = True
9860.7292 	EXP 	Imported selected_practice.csv as conditions, 4 conditions, 27 params
9860.7313 	EXP 	New trial (rep=0, index=0): <Trial 0 (0 in rep 0) data={'sounds': 'sounds/p4d_cortar.wav', 'syll': 'CVC', 'stress_unstress': 'Stressed', 'suffix': 'Mismatch', 'present_past': 'past', 'corrAns': 'num_2', 'trigger_item': 0.0, 'trigger_senonset': 0.205513, 'trigger_verbsonset': 0.8629519999999999, 'trigger_1_F0': 0.984841, 'trigger_suffix': 1.219715, 'trigger_2_F0': 1.27, 'ID_item': 101, 'ID_senonset': 40, 'ID_verbonset': 41, 'ID_1_F0': 42, 'ID_suffix': 43, 'ID_2_F0': 44, 'ms_senonset': 0.005513, 'ms_verbonset': 0.662952, 'ms_1_F0': 0.784841, 'ms_suffix': 1.019715, 'ms_2_F0': 1.07, 'file_name': 'p4d_cortar.wav', 'sentence': 'p4', 'cond': 'd', 'combo': 'p4d', 'thisN': 0, 'thisTrialN': 0, 'thisRepN': 0}>
9860.7362 	EXP 	Sound test_sound_2 reached end of file
9860.7489 	EXP 	Sound test_sound_2 started
9860.7386 	DATA 	Keypress: space
9860.7462 	EXP 	instr: autoDraw = False
9860.7462 	EXP 	polygon: autoDraw = True
9863.2376 	EXP 	Sound test_sound_2 reached end of file
9863.2489 	EXP 	Sound test_sound_2 reached end of file
9864.3724 	EXP 	New trial (rep=0, index=1): <Trial 1 (1 in rep 0) data={'sounds': 'sounds/p3c_saltar.wav', 'syll': 'CVC', 'stress_unstress': 'Unstressed', 'suffix': 'Match', 'present_past': 'past', 'corrAns': 'num_2', 'trigger_item': 0.0, 'trigger_senonset': 0.205513, 'trigger_verbsonset': 0.8629519999999999, 'trigger_1_F0': 0.984841, 'trigger_suffix': 1.219715, 'trigger_2_F0': 1.27, 'ID_item': 101, 'ID_senonset': 30, 'ID_verbonset': 31, 'ID_1_F0': 32, 'ID_suffix': 33, 'ID_2_F0': 34, 'ms_senonset': 0.005513, 'ms_verbonset': 0.662952, 'ms_1_F0': 0.784841, 'ms_suffix': 1.019715, 'ms_2_F0': 1.07, 'file_name': 'p3c_saltar.wav', 'sentence': 'p3', 'cond': 'c', 'combo': 'p3c', 'thisN': 1, 'thisTrialN': 1, 'thisRepN': 0}>
9864.3767 	EXP 	Sound test_sound_2 reached end of file
9864.3823 	EXP 	Sound test_sound_2 started
9864.3802 	DATA 	Keypress: left
9864.3867 	EXP 	polygon: autoDraw = False
9864.3867 	EXP 	text_3: autoDraw = False
9864.3867 	EXP 	polygon: autoDraw = True
9866.4493 	EXP 	Sound test_sound_2 reached end of file
9866.4548 	EXP 	Sound test_sound_2 reached end of file
9868.9896 	EXP 	New trial (rep=0, index=2): <Trial 2 (2 in rep 0) data={'sounds': 'sounds/p1a_saltar.wav', 'syll': 'CVC', 'stress_unstress': 'Stressed', 'suffix': 'Match', 'present_past': 'present', 'corrAns': 'num_1', 'trigger_item': 0.0, 'trigger_senonset': 0.205513, 'trigger_verbsonset': 0.8629519999999999, 'trigger_1_F0': 0.984841, 'trigger_suffix': 1.219715, 'trigger_2_F0': 1.27, 'ID_item': 101, 'ID_senonset': 10, 'ID_verbonset': 11, 'ID_1_F0': 12, 'ID_suffix': 13, 'ID_2_F0': 14, 'ms_senonset': 0.005513, 'ms_verbonset': 0.662952, 'ms_1_F0': 0.784841, 'ms_suffix': 1.019715, 'ms_2_F0': 1.07, 'file_name': 'p1a_saltar.wav', 'sentence': 'p1', 'cond': 'a', 'combo': 'p1a', 'thisN': 2, 'thisTrialN': 2, 'thisRepN': 0}>
9868.9965 	EXP 	Sound test_sound_2 reached end of file
9868.9987 	EXP 	Sound test_sound_2 started
9868.9998 	DATA 	Keypress: right
9869.0071 	EXP 	polygon: autoDraw = False
9869.0071 	EXP 	text_3: autoDraw = False
9869.0071 	EXP 	polygon: autoDraw = True
9871.2213 	EXP 	Sound test_sound_2 reached end of file
9871.2323 	EXP 	Sound test_sound_2 reached end of file
9872.9218 	EXP 	New trial (rep=0, index=3): <Trial 3 (3 in rep 0) data={'sounds': 'sounds/p2b_cortar.wav', 'syll': 'CVC', 'stress_unstress': 'Unstressed', 'suffix': 'Mismatch', 'present_past': 'present', 'corrAns': 'num_1', 'trigger_item': 0.0, 'trigger_senonset': 0.205513, 'trigger_verbsonset': 0.8629519999999999, 'trigger_1_F0': 0.984841, 'trigger_suffix': 1.219715, 'trigger_2_F0': 1.27, 'ID_item': 101, 'ID_senonset': 20, 'ID_verbonset': 21, 'ID_1_F0': 22, 'ID_suffix': 23, 'ID_2_F0': 24, 'ms_senonset': 0.005513, 'ms_verbonset': 0.662952, 'ms_1_F0': 0.784841, 'ms_suffix': 1.019715, 'ms_2_F0': 1.07, 'file_name': 'p2b_cortar.wav', 'sentence': 'p2', 'cond': 'b', 'combo': 'p2b', 'thisN': 3, 'thisTrialN': 3, 'thisRepN': 0}>
9872.9270 	EXP 	Sound test_sound_2 reached end of file
9872.9323 	EXP 	Sound test_sound_2 started
9872.9293 	DATA 	Keypress: right
9872.9371 	EXP 	polygon: autoDraw = False
9872.9371 	EXP 	text_3: autoDraw = False
9872.9371 	EXP 	polygon: autoDraw = True
9875.1754 	EXP 	Sound test_sound_2 reached end of file
9875.1831 	EXP 	Sound test_sound_2 reached end of file
9879.2752 	DATA 	Keypress: right
9879.2821 	EXP 	polygon: autoDraw = False
9879.2821 	EXP 	text_3: autoDraw = False
9879.2821 	EXP 	instr: autoDraw = True
9936.9361 	EXP 	Imported selected_trials.csv as conditions, 40 conditions, 26 params
9936.9367 	EXP 	New trial (rep=0, index=0): <Trial 0 (0 in rep 0) data={'sounds': 'sounds/27c_tirar.wav', 'syll': 'CVC', 'stress_unstress': 'Unstressed', 'suffix': 'Match', 'present_past': 'past', 'corrAns': 'num_2', 'trigger_item': 0.0, 'trigger_senonset': 0.2, 'trigger_verbsonset': 0.8119442057291659, 'trigger_1_F0': 0.8307495153356481, 'trigger_suffix': 0.9885306495949072, 'trigger_2_F0': 0.998621303530092, 'ID_item': 101, 'ID_senonset': 30, 'ID_verbonset': 31, 'ID_1_F0': 32, 'ID_suffix': 33, 'ID_2_F0': 34, 'ms_senonset': 0, 'ms_verbonset': 0.611944205729166, 'ms_1_F0': 0.630749515335648, 'ms_suffix': 0.788530649594907, 'ms_2_F0': 0.798621303530092, 'file_name': '27c_tirar.wav', 'item_id': 27, 'cond': 'c', 'thisN': 0, 'thisTrialN': 0, 'thisRepN': 0}>
9936.9415 	EXP 	Sound test_sound reached end of file
9936.9502 	EXP 	Sound test_sound started
9936.9435 	DATA 	Keypress: space
9936.9507 	EXP 	instr: autoDraw = False
9936.9507 	EXP 	polygon_2: autoDraw = True
9938.9345 	EXP 	Sound test_sound reached end of file
9938.9513 	EXP 	Sound test_sound reached end of file
9940.9743 	EXP 	New trial (rep=0, index=1): <Trial 1 (1 in rep 0) data={'sounds': 'sounds/06d_soplar.wav', 'syll': 'CVC', 'stress_unstress': 'Stressed', 'suffix': 'Mismatch', 'present_past': 'past', 'corrAns': 'num_2', 'trigger_item': 0.0, 'trigger_senonset': 0.2, 'trigger_verbsonset': 0.761291666666666, 'trigger_1_F0': 0.8899999999999999, 'trigger_suffix': 1.102139687590422, 'trigger_2_F0': 1.166665581687644, 'ID_item': 101, 'ID_senonset': 40, 'ID_verbonset': 41, 'ID_1_F0': 42, 'ID_suffix': 43, 'ID_2_F0': 44, 'ms_senonset': 0, 'ms_verbonset': 0.561291666666666, 'ms_1_F0': 0.69, 'ms_suffix': 0.902139687590422, 'ms_2_F0': 0.966665581687644, 'file_name': '06d_soplar.wav', 'item_id': 6, 'cond': 'd', 'thisN': 1, 'thisTrialN': 1, 'thisRepN': 0}>
9940.9796 	EXP 	Sound test_sound reached end of file
9940.9837 	EXP 	Sound test_sound started
9940.9822 	DATA 	Keypress: left
9940.9902 	EXP 	polygon_2: autoDraw = False
9940.9902 	EXP 	text_3: autoDraw = False
9940.9902 	EXP 	polygon_2: autoDraw = True
9942.8456 	EXP 	Sound test_sound reached end of file
9942.8518 	EXP 	Sound test_sound reached end of file
9944.2744 	EXP 	New trial (rep=0, index=2): <Trial 2 (2 in rep 0) data={'sounds': 'sounds/26a_bajar.wav', 'syll': 'CVC', 'stress_unstress': 'Stressed', 'suffix': 'Match', 'present_past': 'present', 'corrAns': 'num_1', 'trigger_item': 0.0, 'trigger_senonset': 0.2, 'trigger_verbsonset': 0.77, 'trigger_1_F0': 0.8999999999999999, 'trigger_suffix': 1.03, 'trigger_2_F0': 1.171181705729166, 'ID_item': 101, 'ID_senonset': 10, 'ID_verbonset': 11, 'ID_1_F0': 12, 'ID_suffix': 13, 'ID_2_F0': 14, 'ms_senonset': 0, 'ms_verbonset': 0.57, 'ms_1_F0': 0.7, 'ms_suffix': 0.83, 'ms_2_F0': 0.971181705729166, 'file_name': '26a_bajar.wav', 'item_id': 26, 'cond': 'a', 'thisN': 2, 'thisTrialN': 2, 'thisRepN': 0}>
9944.2821 	EXP 	Sound test_sound reached end of file
9944.2840 	EXP 	Sound test_sound started
9944.2852 	DATA 	Keypress: right
9944.2924 	EXP 	polygon_2: autoDraw = False
9944.2924 	EXP 	text_3: autoDraw = False
9944.2924 	EXP 	polygon_2: autoDraw = True
9946.3418 	EXP 	Sound test_sound reached end of file
9946.3505 	EXP 	Sound test_sound reached end of file
9948.3906 	EXP 	New trial (rep=0, index=3): <Trial 3 (3 in rep 0) data={'sounds': 'sounds/18b_cumplir.wav', 'syll': 'CVC', 'stress_unstress': 'Unstressed', 'suffix': 'Mismatch', 'present_past': 'present', 'corrAns': 'num_1', 'trigger_item': 0.0, 'trigger_senonset': 0.2, 'trigger_verbsonset': 1.2408027271412, 'trigger_1_F0': 1.25568597366898, 'trigger_suffix': 1.46256310040509, 'trigger_2_F0': 1.54144430700231, 'ID_item': 101, 'ID_senonset': 20, 'ID_verbonset': 21, 'ID_1_F0': 22, 'ID_suffix': 23, 'ID_2_F0': 24, 'ms_senonset': 0, 'ms_verbonset': 1.0408027271412, 'ms_1_F0': 1.05568597366898, 'ms_suffix': 1.26256310040509, 'ms_2_F0': 1.34144430700231, 'file_name': '18b_cumplir.wav', 'item_id': 18, 'cond': 'b', 'thisN': 3, 'thisTrialN': 3, 'thisRepN': 0}>
9948.3994 	EXP 	Sound test_sound reached end of file
9948.4005 	EXP 	Sound test_sound started
9948.4020 	DATA 	Keypress: right
9948.4101 	EXP 	polygon_2: autoDraw = False
9948.4101 	EXP 	text_3: autoDraw = False
9948.4101 	EXP 	polygon_2: autoDraw = True
9950.5688 	EXP 	Sound test_sound reached end of file
9950.5729 	EXP 	Sound test_sound reached end of file
9951.0748 	EXP 	New trial (rep=0, index=4): <Trial 4 (4 in rep 0) data={'sounds': 'sounds/36c_bordar.wav', 'syll': 'CVC', 'stress_unstress': 'Unstressed', 'suffix': 'Match', 'present_past': 'past', 'corrAns': 'num_2', 'trigger_item': 0.0, 'trigger_senonset': 0.2, 'trigger_verbsonset': 1.0, 'trigger_1_F0': 1.078468243634259, 'trigger_suffix': 1.3288624855324, 'trigger_2_F0': 1.3414992042824, 'ID_item': 101, 'ID_senonset': 30, 'ID_verbonset': 31, 'ID_1_F0': 32, 'ID_suffix': 33, 'ID_2_F0': 34, 'ms_senonset': 0, 'ms_verbonset': 0.8, 'ms_1_F0': 0.878468243634259, 'ms_suffix': 1.1288624855324, 'ms_2_F0': 1.1414992042824, 'file_name': '36c_bordar.wav', 'item_id': 36, 'cond': 'c', 'thisN': 4, 'thisTrialN': 4, 'thisRepN': 0}>
9951.0832 	EXP 	Sound test_sound reached end of file
9951.0840 	EXP 	Sound test_sound started
9951.0860 	DATA 	Keypress: right
9951.0942 	EXP 	polygon_2: autoDraw = False
9951.0942 	EXP 	text_3: autoDraw = False
9951.0942 	EXP 	polygon_2: autoDraw = True
9953.3442 	EXP 	Sound test_sound reached end of file
9953.3519 	EXP 	Sound test_sound reached end of file
9954.3078 	EXP 	New trial (rep=0, index=5): <Trial 5 (5 in rep 0) data={'sounds': 'sounds/28d_parar.wav', 'syll': 'CVC', 'stress_unstress': 'Stressed', 'suffix': 'Mismatch', 'present_past': 'past', 'corrAns': 'num_2', 'trigger_item': 0.0, 'trigger_senonset': 0.2, 'trigger_verbsonset': 0.8458860026041659, 'trigger_1_F0': 0.862313736979166, 'trigger_suffix': 1.018194683159722, 'trigger_2_F0': 1.032797113715277, 'ID_item': 101, 'ID_senonset': 40, 'ID_verbonset': 41, 'ID_1_F0': 42, 'ID_suffix': 43, 'ID_2_F0': 44, 'ms_senonset': 0, 'ms_verbonset': 0.645886002604166, 'ms_1_F0': 0.662313736979166, 'ms_suffix': 0.818194683159722, 'ms_2_F0': 0.832797113715277, 'file_name': '28d_parar.wav', 'item_id': 28, 'cond': 'd', 'thisN': 5, 'thisTrialN': 5, 'thisRepN': 0}>
9954.3159 	EXP 	Sound test_sound reached end of file
9954.3173 	EXP 	Sound test_sound started
9954.3185 	DATA 	Keypress: left
9954.3264 	EXP 	polygon_2: autoDraw = False
9954.3264 	EXP 	text_3: autoDraw = False
9954.3264 	EXP 	polygon_2: autoDraw = True
9956.2197 	EXP 	Sound test_sound reached end of file
9956.2253 	EXP 	Sound test_sound reached end of file
9959.3710 	DATA 	Keypress: left
9959.3911 	EXP 	New trial (rep=0, index=6): <Trial 6 (6 in rep 0) data={'sounds': 'sounds/31d_tocar.wav', 'syll': 'CVC', 'stress_unstress': 'Stressed', 'suffix': 'Mismatch', 'present_past': 'past', 'corrAns': 'num_2', 'trigger_item': 0.0, 'trigger_senonset': 0.2, 'trigger_verbsonset': 0.8493931756807, 'trigger_1_F0': 0.8650112062639721, 'trigger_suffix': 1.006860547391531, 'trigger_2_F0': 1.049162047334928, 'ID_item': 101, 'ID_senonset': 40, 'ID_verbonset': 41, 'ID_1_F0': 42, 'ID_suffix': 43, 'ID_2_F0': 44, 'ms_senonset': 0, 'ms_verbonset': 0.6493931756807, 'ms_1_F0': 0.665011206263972, 'ms_suffix': 0.806860547391531, 'ms_2_F0': 0.849162047334928, 'file_name': '31d_tocar.wav', 'item_id': 31, 'cond': 'd', 'thisN': 6, 'thisTrialN': 6, 'thisRepN': 0}>
9959.3988 	EXP 	Sound test_sound reached end of file
9959.4008 	EXP 	Sound test_sound started
9959.4116 	EXP 	polygon_2: autoDraw = False
9959.4116 	EXP 	text_3: autoDraw = False
9959.4116 	EXP 	polygon_2: autoDraw = True
9961.2846 	EXP 	Sound test_sound reached end of file
9961.3011 	EXP 	Sound test_sound reached end of file
9963.7907 	EXP 	New trial (rep=0, index=7): <Trial 7 (7 in rep 0) data={'sounds': 'sounds/10d_vender.wav', 'syll': 'CVC', 'stress_unstress': 'Stressed', 'suffix': 'Mismatch', 'present_past': 'past', 'corrAns': 'num_2', 'trigger_item': 0.0, 'trigger_senonset': 0.2, 'trigger_verbsonset': 0.832830209056713, 'trigger_1_F0': 0.8775468199411529, 'trigger_suffix': 1.109501330306288, 'trigger_2_F0': 1.158928471023364, 'ID_item': 101, 'ID_senonset': 40, 'ID_verbonset': 41, 'ID_1_F0': 42, 'ID_suffix': 43, 'ID_2_F0': 44, 'ms_senonset': 0, 'ms_verbonset': 0.632830209056713, 'ms_1_F0': 0.677546819941153, 'ms_suffix': 0.909501330306288, 'ms_2_F0': 0.958928471023364, 'file_name': '10d_vender.wav', 'item_id': 10, 'cond': 'd', 'thisN': 7, 'thisTrialN': 7, 'thisRepN': 0}>
9963.7984 	EXP 	Sound test_sound reached end of file
9963.8007 	EXP 	Sound test_sound started
9963.8015 	DATA 	Keypress: left
9963.8097 	EXP 	polygon_2: autoDraw = False
9963.8097 	EXP 	text_3: autoDraw = False
9963.8097 	EXP 	polygon_2: autoDraw = True
9965.6910 	EXP 	Sound test_sound reached end of file
9965.7013 	EXP 	Sound test_sound reached end of file
9965.7562 	EXP 	New trial (rep=0, index=8): <Trial 8 (8 in rep 0) data={'sounds': 'sounds/21a_mezclar.wav', 'syll': 'CVC', 'stress_unstress': 'Stressed', 'suffix': 'Match', 'present_past': 'present', 'corrAns': 'num_1', 'trigger_item': 0.0, 'trigger_senonset': 0.2, 'trigger_verbsonset': 0.78, 'trigger_1_F0': 0.9121902777777772, 'trigger_suffix': 1.20214212962962, 'trigger_2_F0': 1.27, 'ID_item': 101, 'ID_senonset': 10, 'ID_verbonset': 11, 'ID_1_F0': 12, 'ID_suffix': 13, 'ID_2_F0': 14, 'ms_senonset': 0, 'ms_verbonset': 0.58, 'ms_1_F0': 0.712190277777777, 'ms_suffix': 1.00214212962962, 'ms_2_F0': 1.07, 'file_name': '21a_mezclar.wav', 'item_id': 21, 'cond': 'a', 'thisN': 8, 'thisTrialN': 8, 'thisRepN': 0}>
9965.7620 	EXP 	Sound test_sound reached end of file
9965.7676 	EXP 	Sound test_sound started
9965.7645 	DATA 	Keypress: right
9965.7724 	EXP 	polygon_2: autoDraw = False
9965.7724 	EXP 	text_3: autoDraw = False
9965.7724 	EXP 	polygon_2: autoDraw = True
9967.7748 	EXP 	Sound test_sound reached end of file
9967.7849 	EXP 	Sound test_sound reached end of file
9968.5580 	EXP 	New trial (rep=0, index=9): <Trial 9 (9 in rep 0) data={'sounds': 'sounds/23a_tomar.wav', 'syll': 'CVC', 'stress_unstress': 'Stressed', 'suffix': 'Match', 'present_past': 'present', 'corrAns': 'num_1', 'trigger_item': 0.0, 'trigger_senonset': 0.2, 'trigger_verbsonset': 0.9453179615162032, 'trigger_1_F0': 0.95, 'trigger_suffix': 1.08, 'trigger_2_F0': 1.158644495081018, 'ID_item': 101, 'ID_senonset': 10, 'ID_verbonset': 11, 'ID_1_F0': 12, 'ID_suffix': 13, 'ID_2_F0': 14, 'ms_senonset': 0, 'ms_verbonset': 0.745317961516203, 'ms_1_F0': 0.75, 'ms_suffix': 0.88, 'ms_2_F0': 0.958644495081018, 'file_name': '23a_tomar.wav', 'item_id': 23, 'cond': 'a', 'thisN': 9, 'thisTrialN': 9, 'thisRepN': 0}>
9968.5648 	EXP 	Sound test_sound reached end of file
9968.5677 	EXP 	Sound test_sound started
9968.5690 	DATA 	Keypress: left
9968.5757 	EXP 	polygon_2: autoDraw = False
9968.5757 	EXP 	text_3: autoDraw = False
9968.5757 	EXP 	polygon_2: autoDraw = True
9970.4540 	EXP 	Sound test_sound reached end of file
9970.4680 	EXP 	Sound test_sound reached end of file
9972.3070 	DATA 	Keypress: left
9972.3341 	EXP 	polygon_2: autoDraw = False
9972.3341 	EXP 	text_3: autoDraw = True
9983.9723 	DATA 	Keypress: space
9983.9870 	EXP 	New trial (rep=0, index=10): <Trial 10 (10 in rep 0) data={'sounds': 'sounds/15b_partir.wav', 'syll': 'CVC', 'stress_unstress': 'Unstressed', 'suffix': 'Mismatch', 'present_past': 'present', 'corrAns': 'num_1', 'trigger_item': 0.0, 'trigger_senonset': 0.2, 'trigger_verbsonset': 0.826865400752314, 'trigger_1_F0': 0.842973894883327, 'trigger_suffix': 1.1042888772729471, 'trigger_2_F0': 1.120815958498066, 'ID_item': 101, 'ID_senonset': 20, 'ID_verbonset': 21, 'ID_1_F0': 22, 'ID_suffix': 23, 'ID_2_F0': 24, 'ms_senonset': 0, 'ms_verbonset': 0.626865400752314, 'ms_1_F0': 0.642973894883327, 'ms_suffix': 0.904288877272947, 'ms_2_F0': 0.920815958498066, 'file_name': '15b_partir.wav', 'item_id': 15, 'cond': 'b', 'thisN': 10, 'thisTrialN': 10, 'thisRepN': 0}>
9983.9933 	EXP 	Sound test_sound reached end of file
9984.0012 	EXP 	Sound test_sound started
9984.0048 	EXP 	text_3: autoDraw = False
9984.0048 	EXP 	polygon_2: autoDraw = True
9986.0471 	EXP 	Sound test_sound reached end of file
9986.0529 	EXP 	Sound test_sound reached end of file
9986.5549 	DATA 	Keypress: right
9986.5741 	EXP 	New trial (rep=0, index=11): <Trial 11 (11 in rep 0) data={'sounds': 'sounds/03b_limpiar.wav', 'syll': 'CVC', 'stress_unstress': 'Unstressed', 'suffix': 'Mismatch', 'present_past': 'present', 'corrAns': 'num_1', 'trigger_item': 0.0, 'trigger_senonset': 0.2, 'trigger_verbsonset': 0.8500000000000001, 'trigger_1_F0': 0.932367621527777, 'trigger_suffix': 1.26878515625, 'trigger_2_F0': 1.35808463541666, 'ID_item': 101, 'ID_senonset': 20, 'ID_verbonset': 21, 'ID_1_F0': 22, 'ID_suffix': 23, 'ID_2_F0': 24, 'ms_senonset': 0, 'ms_verbonset': 0.65, 'ms_1_F0': 0.732367621527777, 'ms_suffix': 1.06878515625, 'ms_2_F0': 1.15808463541666, 'file_name': '03b_limpiar.wav', 'item_id': 3, 'cond': 'b', 'thisN': 11, 'thisTrialN': 11, 'thisRepN': 0}>
9986.5802 	EXP 	Sound test_sound reached end of file
9986.5846 	EXP 	Sound test_sound started
9986.5910 	EXP 	polygon_2: autoDraw = False
9986.5910 	EXP 	text_3: autoDraw = False
9986.5910 	EXP 	polygon_2: autoDraw = True
9988.7157 	EXP 	Sound test_sound reached end of file
9988.7214 	EXP 	Sound test_sound reached end of file
9992.9090 	EXP 	New trial (rep=0, index=12): <Trial 12 (12 in rep 0) data={'sounds': 'sounds/33b_culpar.wav', 'syll': 'CVC', 'stress_unstress': 'Unstressed', 'suffix': 'Mismatch', 'present_past': 'present', 'corrAns': 'num_1', 'trigger_item': 0.0, 'trigger_senonset': 0.2, 'trigger_verbsonset': 0.8606178431336959, 'trigger_1_F0': 0.869103678029107, 'trigger_suffix': 1.109891641372144, 'trigger_2_F0': 1.131540467434179, 'ID_item': 101, 'ID_senonset': 20, 'ID_verbonset': 21, 'ID_1_F0': 22, 'ID_suffix': 23, 'ID_2_F0': 24, 'ms_senonset': 0, 'ms_verbonset': 0.660617843133696, 'ms_1_F0': 0.669103678029107, 'ms_suffix': 0.909891641372144, 'ms_2_F0': 0.931540467434179, 'file_name': '33b_culpar.wav', 'item_id': 33, 'cond': 'b', 'thisN': 12, 'thisTrialN': 12, 'thisRepN': 0}>
9992.9170 	EXP 	Sound test_sound reached end of file
9992.9182 	EXP 	Sound test_sound started
9992.9194 	DATA 	Keypress: right
9992.9290 	EXP 	polygon_2: autoDraw = False
9992.9290 	EXP 	text_3: autoDraw = False
9992.9290 	EXP 	polygon_2: autoDraw = True
9995.0742 	EXP 	Sound test_sound reached end of file
9995.0853 	EXP 	Sound test_sound reached end of file
9995.7381 	DATA 	Keypress: left
9995.7576 	EXP 	New trial (rep=0, index=13): <Trial 13 (13 in rep 0) data={'sounds': 'sounds/14b_borrar.wav', 'syll': 'CVC', 'stress_unstress': 'Unstressed', 'suffix': 'Mismatch', 'present_past': 'present', 'corrAns': 'num_1', 'trigger_item': 0.0, 'trigger_senonset': 0.2, 'trigger_verbsonset': 0.72, 'trigger_1_F0': 0.770187630208333, 'trigger_suffix': 0.851961241319444, 'trigger_2_F0': 0.964399956597222, 'ID_item': 101, 'ID_senonset': 20, 'ID_verbonset': 21, 'ID_1_F0': 22, 'ID_suffix': 23, 'ID_2_F0': 24, 'ms_senonset': 0, 'ms_verbonset': 0.52, 'ms_1_F0': 0.570187630208333, 'ms_suffix': 0.651961241319444, 'ms_2_F0': 0.764399956597222, 'file_name': '14b_borrar.wav', 'item_id': 14, 'cond': 'b', 'thisN': 13, 'thisTrialN': 13, 'thisRepN': 0}>
9995.7637 	EXP 	Sound test_sound reached end of file
9995.7686 	EXP 	Sound test_sound started
9995.7740 	EXP 	polygon_2: autoDraw = False
9995.7740 	EXP 	text_3: autoDraw = False
9995.7740 	EXP 	polygon_2: autoDraw = True
9997.7035 	EXP 	Sound test_sound reached end of file
9997.7190 	EXP 	Sound test_sound reached end of file
9998.5743 	EXP 	New trial (rep=0, index=14): <Trial 14 (14 in rep 0) data={'sounds': 'sounds/29a_pesar.wav', 'syll': 'CVC', 'stress_unstress': 'Stressed', 'suffix': 'Match', 'present_past': 'present', 'corrAns': 'num_1', 'trigger_item': 0.0, 'trigger_senonset': 0.2, 'trigger_verbsonset': 0.91328417532552, 'trigger_1_F0': 0.925531286730473, 'trigger_suffix': 1.03, 'trigger_2_F0': 1.150619522602117, 'ID_item': 101, 'ID_senonset': 10, 'ID_verbonset': 11, 'ID_1_F0': 12, 'ID_suffix': 13, 'ID_2_F0': 14, 'ms_senonset': 0, 'ms_verbonset': 0.71328417532552, 'ms_1_F0': 0.725531286730473, 'ms_suffix': 0.83, 'ms_2_F0': 0.950619522602117, 'file_name': '29a_pesar.wav', 'item_id': 29, 'cond': 'a', 'thisN': 14, 'thisTrialN': 14, 'thisRepN': 0}>
9998.5819 	EXP 	Sound test_sound reached end of file
9998.5848 	EXP 	Sound test_sound started
9998.5853 	DATA 	Keypress: left
9998.5932 	EXP 	polygon_2: autoDraw = False
9998.5932 	EXP 	text_3: autoDraw = False
9998.5932 	EXP 	polygon_2: autoDraw = True
10000.4880 	EXP 	Sound test_sound reached end of file
10000.5020 	EXP 	Sound test_sound reached end of file
10001.3562 	DATA 	Keypress: right
10001.3754 	EXP 	New trial (rep=0, index=15): <Trial 15 (15 in rep 0) data={'sounds': 'sounds/16a_llevar.wav', 'syll': 'CVC', 'stress_unstress': 'Stressed', 'suffix': 'Match', 'present_past': 'present', 'corrAns': 'num_1', 'trigger_item': 0.0, 'trigger_senonset': 0.2, 'trigger_verbsonset': 0.929084516317274, 'trigger_1_F0': 0.964936524692279, 'trigger_suffix': 1.08, 'trigger_2_F0': 1.131864014418682, 'ID_item': 101, 'ID_senonset': 10, 'ID_verbonset': 11, 'ID_1_F0': 12, 'ID_suffix': 13, 'ID_2_F0': 14, 'ms_senonset': 0, 'ms_verbonset': 0.729084516317274, 'ms_1_F0': 0.764936524692279, 'ms_suffix': 0.88, 'ms_2_F0': 0.931864014418682, 'file_name': '16a_llevar.wav', 'item_id': 16, 'cond': 'a', 'thisN': 15, 'thisTrialN': 15, 'thisRepN': 0}>
10001.3834 	EXP 	Sound test_sound reached end of file
10001.3848 	EXP 	Sound test_sound started
10001.3946 	EXP 	polygon_2: autoDraw = False
10001.3946 	EXP 	text_3: autoDraw = False
10001.3946 	EXP 	polygon_2: autoDraw = True
10003.2764 	EXP 	Sound test_sound reached end of file
10003.2853 	EXP 	Sound test_sound reached end of file
10005.5411 	EXP 	New trial (rep=0, index=16): <Trial 16 (16 in rep 0) data={'sounds': 'sounds/25b_ganar.wav', 'syll': 'CVC', 'stress_unstress': 'Unstressed', 'suffix': 'Mismatch', 'present_past': 'present', 'corrAns': 'num_1', 'trigger_item': 0.0, 'trigger_senonset': 0.2, 'trigger_verbsonset': 1.152097938368055, 'trigger_1_F0': 1.15990068760488, 'trigger_suffix': 1.28904165650454, 'trigger_2_F0': 1.37272500435153, 'ID_item': 101, 'ID_senonset': 20, 'ID_verbonset': 21, 'ID_1_F0': 22, 'ID_suffix': 23, 'ID_2_F0': 24, 'ms_senonset': 0, 'ms_verbonset': 0.952097938368055, 'ms_1_F0': 0.95990068760488, 'ms_suffix': 1.08904165650454, 'ms_2_F0': 1.17272500435153, 'file_name': '25b_ganar.wav', 'item_id': 25, 'cond': 'b', 'thisN': 16, 'thisTrialN': 16, 'thisRepN': 0}>
10005.5478 	EXP 	Sound test_sound reached end of file
10005.5514 	EXP 	Sound test_sound started
10005.5512 	DATA 	Keypress: right
10005.5596 	EXP 	polygon_2: autoDraw = False
10005.5596 	EXP 	text_3: autoDraw = False
10005.5596 	EXP 	polygon_2: autoDraw = True
10007.8732 	EXP 	Sound test_sound reached end of file
10007.8854 	EXP 	Sound test_sound reached end of file
10008.2753 	EXP 	New trial (rep=0, index=17): <Trial 17 (17 in rep 0) data={'sounds': 'sounds/13c_montar.wav', 'syll': 'CVC', 'stress_unstress': 'Unstressed', 'suffix': 'Match', 'present_past': 'past', 'corrAns': 'num_2', 'trigger_item': 0.0, 'trigger_senonset': 0.2, 'trigger_verbsonset': 0.8800000000000001, 'trigger_1_F0': 0.98, 'trigger_suffix': 1.24543012152777, 'trigger_2_F0': 1.2594709201388798, 'ID_item': 101, 'ID_senonset': 30, 'ID_verbonset': 31, 'ID_1_F0': 32, 'ID_suffix': 33, 'ID_2_F0': 34, 'ms_senonset': 0, 'ms_verbonset': 0.68, 'ms_1_F0': 0.78, 'ms_suffix': 1.04543012152777, 'ms_2_F0': 1.05947092013888, 'file_name': '13c_montar.wav', 'item_id': 13, 'cond': 'c', 'thisN': 17, 'thisTrialN': 17, 'thisRepN': 0}>
10008.2827 	EXP 	Sound test_sound reached end of file
10008.2850 	EXP 	Sound test_sound started
10008.2866 	DATA 	Keypress: left
10008.2948 	EXP 	polygon_2: autoDraw = False
10008.2948 	EXP 	text_3: autoDraw = False
10008.2948 	EXP 	polygon_2: autoDraw = True
10010.5721 	EXP 	Sound test_sound reached end of file
10010.5773 	EXP 	Sound test_sound reached end of file
10010.9420 	EXP 	New trial (rep=0, index=18): <Trial 18 (18 in rep 0) data={'sounds': 'sounds/32d_pulsar.wav', 'syll': 'CVC', 'stress_unstress': 'Stressed', 'suffix': 'Mismatch', 'present_past': 'past', 'corrAns': 'num_2', 'trigger_item': 0.0, 'trigger_senonset': 0.2, 'trigger_verbsonset': 0.796440212673611, 'trigger_1_F0': 0.8294641710069439, 'trigger_suffix': 0.99, 'trigger_2_F0': 1.097783832465277, 'ID_item': 101, 'ID_senonset': 40, 'ID_verbonset': 41, 'ID_1_F0': 42, 'ID_suffix': 43, 'ID_2_F0': 44, 'ms_senonset': 0, 'ms_verbonset': 0.596440212673611, 'ms_1_F0': 0.629464171006944, 'ms_suffix': 0.79, 'ms_2_F0': 0.897783832465277, 'file_name': '32d_pulsar.wav', 'item_id': 32, 'cond': 'd', 'thisN': 18, 'thisTrialN': 18, 'thisRepN': 0}>
10010.9472 	EXP 	Sound test_sound reached end of file
10010.9516 	EXP 	Sound test_sound started
10010.9505 	DATA 	Keypress: left
10010.9575 	EXP 	polygon_2: autoDraw = False
10010.9575 	EXP 	text_3: autoDraw = False
10010.9575 	EXP 	polygon_2: autoDraw = True
10012.7491 	EXP 	Sound test_sound reached end of file
10012.7547 	EXP 	Sound test_sound reached end of file
10014.3759 	EXP 	New trial (rep=0, index=19): <Trial 19 (19 in rep 0) data={'sounds': 'sounds/19a_marcar.wav', 'syll': 'CVC', 'stress_unstress': 'Stressed', 'suffix': 'Match', 'present_past': 'present', 'corrAns': 'num_1', 'trigger_item': 0.0, 'trigger_senonset': 0.2, 'trigger_verbsonset': 0.8400000000000001, 'trigger_1_F0': 0.97, 'trigger_suffix': 1.245718359375, 'trigger_2_F0': 1.273519140625, 'ID_item': 101, 'ID_senonset': 10, 'ID_verbonset': 11, 'ID_1_F0': 12, 'ID_suffix': 13, 'ID_2_F0': 14, 'ms_senonset': 0, 'ms_verbonset': 0.64, 'ms_1_F0': 0.77, 'ms_suffix': 1.045718359375, 'ms_2_F0': 1.073519140625, 'file_name': '19a_marcar.wav', 'item_id': 19, 'cond': 'a', 'thisN': 19, 'thisTrialN': 19, 'thisRepN': 0}>
10014.3818 	EXP 	Sound test_sound reached end of file
10014.3853 	EXP 	Sound test_sound started
10014.3841 	DATA 	Keypress: right
10014.3922 	EXP 	polygon_2: autoDraw = False
10014.3922 	EXP 	text_3: autoDraw = False
10014.3922 	EXP 	polygon_2: autoDraw = True
10016.2722 	EXP 	Sound test_sound reached end of file
10016.2853 	EXP 	Sound test_sound reached end of file
10016.9229 	DATA 	Keypress: left
10016.9519 	EXP 	polygon_2: autoDraw = False
10016.9519 	EXP 	text_3: autoDraw = True
10028.5229 	DATA 	Keypress: space
10028.5380 	EXP 	New trial (rep=0, index=20): <Trial 20 (20 in rep 0) data={'sounds': 'sounds/37b_pasar.wav', 'syll': 'CVC', 'stress_unstress': 'Unstressed', 'suffix': 'Mismatch', 'present_past': 'present', 'corrAns': 'num_1', 'trigger_item': 0.0, 'trigger_senonset': 0.2, 'trigger_verbsonset': 1.033132486979166, 'trigger_1_F0': 1.052087565104166, 'trigger_suffix': 1.159499674479166, 'trigger_2_F0': 1.27702115885416, 'ID_item': 101, 'ID_senonset': 20, 'ID_verbonset': 21, 'ID_1_F0': 22, 'ID_suffix': 23, 'ID_2_F0': 24, 'ms_senonset': 0, 'ms_verbonset': 0.833132486979166, 'ms_1_F0': 0.852087565104166, 'ms_suffix': 0.959499674479166, 'ms_2_F0': 1.07702115885416, 'file_name': '37b_pasar.wav', 'item_id': 37, 'cond': 'b', 'thisN': 20, 'thisTrialN': 20, 'thisRepN': 0}>
10028.5453 	EXP 	Sound test_sound reached end of file
10028.5521 	EXP 	Sound test_sound started
10028.5576 	EXP 	text_3: autoDraw = False
10028.5576 	EXP 	polygon_2: autoDraw = True
10030.6437 	EXP 	Sound test_sound reached end of file
10030.6524 	EXP 	Sound test_sound reached end of file
10032.0096 	EXP 	New trial (rep=0, index=21): <Trial 21 (21 in rep 0) data={'sounds': 'sounds/30a_fundar.wav', 'syll': 'CVC', 'stress_unstress': 'Stressed', 'suffix': 'Match', 'present_past': 'present', 'corrAns': 'num_1', 'trigger_item': 0.0, 'trigger_senonset': 0.2, 'trigger_verbsonset': 0.77, 'trigger_1_F0': 0.91, 'trigger_suffix': 1.112685546875, 'trigger_2_F0': 1.12, 'ID_item': 101, 'ID_senonset': 10, 'ID_verbonset': 11, 'ID_1_F0': 12, 'ID_suffix': 13, 'ID_2_F0': 14, 'ms_senonset': 0, 'ms_verbonset': 0.57, 'ms_1_F0': 0.71, 'ms_suffix': 0.912685546875, 'ms_2_F0': 0.92, 'file_name': '30a_fundar.wav', 'item_id': 30, 'cond': 'a', 'thisN': 21, 'thisTrialN': 21, 'thisRepN': 0}>
10032.0173 	EXP 	Sound test_sound reached end of file
10032.0191 	EXP 	Sound test_sound started
10032.0190 	DATA 	Keypress: left
10032.0288 	EXP 	polygon_2: autoDraw = False
10032.0288 	EXP 	text_3: autoDraw = False
10032.0288 	EXP 	polygon_2: autoDraw = True
10034.1530 	EXP 	Sound test_sound reached end of file
10034.1690 	EXP 	Sound test_sound reached end of file
10034.4427 	EXP 	New trial (rep=0, index=22): <Trial 22 (22 in rep 0) data={'sounds': 'sounds/11a_pegar.wav', 'syll': 'CVC', 'stress_unstress': 'Stressed', 'suffix': 'Match', 'present_past': 'present', 'corrAns': 'num_1', 'trigger_item': 0.0, 'trigger_senonset': 0.2, 'trigger_verbsonset': 0.8182808977343741, 'trigger_1_F0': 0.831294515585661, 'trigger_suffix': 0.98, 'trigger_2_F0': 1.012063288108519, 'ID_item': 101, 'ID_senonset': 10, 'ID_verbonset': 11, 'ID_1_F0': 12, 'ID_suffix': 13, 'ID_2_F0': 14, 'ms_senonset': 0, 'ms_verbonset': 0.618280897734374, 'ms_1_F0': 0.631294515585661, 'ms_suffix': 0.78, 'ms_2_F0': 0.812063288108519, 'file_name': '11a_pegar.wav', 'item_id': 11, 'cond': 'a', 'thisN': 22, 'thisTrialN': 22, 'thisRepN': 0}>
10034.4497 	EXP 	Sound test_sound reached end of file
10034.4524 	EXP 	Sound test_sound started
10034.4527 	DATA 	Keypress: left
10034.4623 	EXP 	polygon_2: autoDraw = False
10034.4623 	EXP 	text_3: autoDraw = False
10034.4623 	EXP 	polygon_2: autoDraw = True
10036.3730 	EXP 	Sound test_sound reached end of file
10036.3858 	EXP 	Sound test_sound reached end of file
10038.7768 	EXP 	New trial (rep=0, index=23): <Trial 23 (23 in rep 0) data={'sounds': 'sounds/24d_mirar.wav', 'syll': 'CVC', 'stress_unstress': 'Stressed', 'suffix': 'Mismatch', 'present_past': 'past', 'corrAns': 'num_2', 'trigger_item': 0.0, 'trigger_senonset': 0.2, 'trigger_verbsonset': 0.71, 'trigger_1_F0': 0.8119545789930551, 'trigger_suffix': 0.9389863642939812, 'trigger_2_F0': 0.9746780743634248, 'ID_item': 101, 'ID_senonset': 40, 'ID_verbonset': 41, 'ID_1_F0': 42, 'ID_suffix': 43, 'ID_2_F0': 44, 'ms_senonset': 0, 'ms_verbonset': 0.51, 'ms_1_F0': 0.611954578993055, 'ms_suffix': 0.738986364293981, 'ms_2_F0': 0.774678074363425, 'file_name': '24d_mirar.wav', 'item_id': 24, 'cond': 'd', 'thisN': 23, 'thisTrialN': 23, 'thisRepN': 0}>
10038.7821 	EXP 	Sound test_sound reached end of file
10038.7861 	EXP 	Sound test_sound started
10038.7850 	DATA 	Keypress: left
10038.7939 	EXP 	polygon_2: autoDraw = False
10038.7939 	EXP 	text_3: autoDraw = False
10038.7939 	EXP 	polygon_2: autoDraw = True
10040.4720 	EXP 	Sound test_sound reached end of file
10040.4860 	EXP 	Sound test_sound reached end of file
10040.9264 	EXP 	New trial (rep=0, index=24): <Trial 24 (24 in rep 0) data={'sounds': 'sounds/34c_formar.wav', 'syll': 'CVC', 'stress_unstress': 'Unstressed', 'suffix': 'Match', 'present_past': 'past', 'corrAns': 'num_2', 'trigger_item': 0.0, 'trigger_senonset': 0.2, 'trigger_verbsonset': 0.876373676215277, 'trigger_1_F0': 0.992687651909722, 'trigger_suffix': 1.14, 'trigger_2_F0': 1.26319767795138, 'ID_item': 101, 'ID_senonset': 30, 'ID_verbonset': 31, 'ID_1_F0': 32, 'ID_suffix': 33, 'ID_2_F0': 34, 'ms_senonset': 0, 'ms_verbonset': 0.676373676215277, 'ms_1_F0': 0.792687651909722, 'ms_suffix': 0.94, 'ms_2_F0': 1.06319767795138, 'file_name': '34c_formar.wav', 'item_id': 34, 'cond': 'c', 'thisN': 24, 'thisTrialN': 24, 'thisRepN': 0}>
10040.9330 	EXP 	Sound test_sound reached end of file
10040.9359 	EXP 	Sound test_sound started
10040.9358 	DATA 	Keypress: right
10040.9443 	EXP 	polygon_2: autoDraw = False
10040.9443 	EXP 	text_3: autoDraw = False
10040.9443 	EXP 	polygon_2: autoDraw = True
10043.1618 	EXP 	Sound test_sound reached end of file
10043.1696 	EXP 	Sound test_sound reached end of file
10043.4590 	EXP 	New trial (rep=0, index=25): <Trial 25 (25 in rep 0) data={'sounds': 'sounds/17d_tragar.wav', 'syll': 'CVC', 'stress_unstress': 'Stressed', 'suffix': 'Mismatch', 'present_past': 'past', 'corrAns': 'num_2', 'trigger_item': 0.0, 'trigger_senonset': 0.2, 'trigger_verbsonset': 1.070609360532407, 'trigger_1_F0': 1.117973654513888, 'trigger_suffix': 1.30915316840277, 'trigger_2_F0': 1.35458539534397, 'ID_item': 101, 'ID_senonset': 40, 'ID_verbonset': 41, 'ID_1_F0': 42, 'ID_suffix': 43, 'ID_2_F0': 44, 'ms_senonset': 0, 'ms_verbonset': 0.870609360532407, 'ms_1_F0': 0.917973654513888, 'ms_suffix': 1.10915316840277, 'ms_2_F0': 1.15458539534397, 'file_name': '17d_tragar.wav', 'item_id': 17, 'cond': 'd', 'thisN': 25, 'thisTrialN': 25, 'thisRepN': 0}>
10043.4651 	EXP 	Sound test_sound reached end of file
10043.4692 	EXP 	Sound test_sound started
10043.4680 	DATA 	Keypress: right
10043.4769 	EXP 	polygon_2: autoDraw = False
10043.4769 	EXP 	text_3: autoDraw = False
10043.4769 	EXP 	polygon_2: autoDraw = True
10045.7558 	EXP 	Sound test_sound reached end of file
10045.7698 	EXP 	Sound test_sound reached end of file
10049.3726 	EXP 	New trial (rep=0, index=26): <Trial 26 (26 in rep 0) data={'sounds': 'sounds/12a_matar.wav', 'syll': 'CVC', 'stress_unstress': 'Stressed', 'suffix': 'Match', 'present_past': 'present', 'corrAns': 'num_1', 'trigger_item': 0.0, 'trigger_senonset': 0.2, 'trigger_verbsonset': 0.8400000000000001, 'trigger_1_F0': 0.96, 'trigger_suffix': 1.17307472511574, 'trigger_2_F0': 1.186647497106481, 'ID_item': 101, 'ID_senonset': 10, 'ID_verbonset': 11, 'ID_1_F0': 12, 'ID_suffix': 13, 'ID_2_F0': 14, 'ms_senonset': 0, 'ms_verbonset': 0.64, 'ms_1_F0': 0.76, 'ms_suffix': 0.97307472511574, 'ms_2_F0': 0.986647497106481, 'file_name': '12a_matar.wav', 'item_id': 12, 'cond': 'a', 'thisN': 26, 'thisTrialN': 26, 'thisRepN': 0}>
10049.3769 	EXP 	Sound test_sound reached end of file
10049.3855 	EXP 	Sound test_sound started
10049.3784 	DATA 	Keypress: left
10049.3881 	EXP 	polygon_2: autoDraw = False
10049.3881 	EXP 	text_3: autoDraw = False
10049.3881 	EXP 	polygon_2: autoDraw = True
10051.5575 	EXP 	Sound test_sound reached end of file
10051.5695 	EXP 	Sound test_sound reached end of file
10052.3929 	EXP 	New trial (rep=0, index=27): <Trial 27 (27 in rep 0) data={'sounds': 'sounds/05a_fumar.wav', 'syll': 'CVC', 'stress_unstress': 'Stressed', 'suffix': 'Match', 'present_past': 'present', 'corrAns': 'num_1', 'trigger_item': 0.0, 'trigger_senonset': 0.2, 'trigger_verbsonset': 1.15, 'trigger_1_F0': 1.36712555700231, 'trigger_suffix': 1.48, 'trigger_2_F0': 1.56308830295138, 'ID_item': 101, 'ID_senonset': 10, 'ID_verbonset': 11, 'ID_1_F0': 12, 'ID_suffix': 13, 'ID_2_F0': 14, 'ms_senonset': 0, 'ms_verbonset': 0.95, 'ms_1_F0': 1.16712555700231, 'ms_suffix': 1.28, 'ms_2_F0': 1.36308830295138, 'file_name': '05a_fumar.wav', 'item_id': 5, 'cond': 'a', 'thisN': 27, 'thisTrialN': 27, 'thisRepN': 0}>
10052.3997 	EXP 	Sound test_sound reached end of file
10052.4028 	EXP 	Sound test_sound started
10052.4023 	DATA 	Keypress: left
10052.4107 	EXP 	polygon_2: autoDraw = False
10052.4107 	EXP 	text_3: autoDraw = False
10052.4107 	EXP 	polygon_2: autoDraw = True
10054.7492 	EXP 	Sound test_sound reached end of file
10054.7550 	EXP 	Sound test_sound reached end of file
10054.8732 	DATA 	Keypress: right
10054.8930 	EXP 	New trial (rep=0, index=28): <Trial 28 (28 in rep 0) data={'sounds': 'sounds/02c_buscar.wav', 'syll': 'CVC', 'stress_unstress': 'Unstressed', 'suffix': 'Match', 'present_past': 'past', 'corrAns': 'num_2', 'trigger_item': 0.0, 'trigger_senonset': 0.2, 'trigger_verbsonset': 0.8700000000000001, 'trigger_1_F0': 1.07, 'trigger_suffix': 1.26, 'trigger_2_F0': 1.40703946035879, 'ID_item': 101, 'ID_senonset': 30, 'ID_verbonset': 31, 'ID_1_F0': 32, 'ID_suffix': 33, 'ID_2_F0': 34, 'ms_senonset': 0, 'ms_verbonset': 0.67, 'ms_1_F0': 0.87, 'ms_suffix': 1.06, 'ms_2_F0': 1.20703946035879, 'file_name': '02c_buscar.wav', 'item_id': 2, 'cond': 'c', 'thisN': 28, 'thisTrialN': 28, 'thisRepN': 0}>
10054.8985 	EXP 	Sound test_sound reached end of file
10054.9028 	EXP 	Sound test_sound started
10054.9094 	EXP 	polygon_2: autoDraw = False
10054.9094 	EXP 	text_3: autoDraw = False
10054.9094 	EXP 	polygon_2: autoDraw = True
10057.0131 	EXP 	Sound test_sound reached end of file
10057.0224 	EXP 	Sound test_sound reached end of file
10057.5428 	EXP 	New trial (rep=0, index=29): <Trial 29 (29 in rep 0) data={'sounds': 'sounds/20c_cubrir.wav', 'syll': 'CVC', 'stress_unstress': 'Unstressed', 'suffix': 'Match', 'present_past': 'past', 'corrAns': 'num_2', 'trigger_item': 0.0, 'trigger_senonset': 0.2, 'trigger_verbsonset': 0.980138641742621, 'trigger_1_F0': 1.01, 'trigger_suffix': 1.192436112212021, 'trigger_2_F0': 1.28412143493692, 'ID_item': 101, 'ID_senonset': 30, 'ID_verbonset': 31, 'ID_1_F0': 32, 'ID_suffix': 33, 'ID_2_F0': 34, 'ms_senonset': 0, 'ms_verbonset': 0.780138641742621, 'ms_1_F0': 0.81, 'ms_suffix': 0.992436112212021, 'ms_2_F0': 1.08412143493692, 'file_name': '20c_cubrir.wav', 'item_id': 20, 'cond': 'c', 'thisN': 29, 'thisTrialN': 29, 'thisRepN': 0}>
10057.5483 	EXP 	Sound test_sound reached end of file
10057.5526 	EXP 	Sound test_sound started
10057.5500 	DATA 	Keypress: right
10057.5585 	EXP 	polygon_2: autoDraw = False
10057.5585 	EXP 	text_3: autoDraw = False
10057.5585 	EXP 	polygon_2: autoDraw = True
10059.6708 	EXP 	Sound test_sound reached end of file
10059.6761 	EXP 	Sound test_sound reached end of file
10059.9118 	DATA 	Keypress: right
10059.9194 	EXP 	polygon_2: autoDraw = False
10059.9194 	EXP 	text_3: autoDraw = True
10074.8561 	EXP 	New trial (rep=0, index=30): <Trial 30 (30 in rep 0) data={'sounds': 'sounds/09c_cargar.wav', 'syll': 'CVC', 'stress_unstress': 'Unstressed', 'suffix': 'Match', 'present_past': 'past', 'corrAns': 'num_2', 'trigger_item': 0.0, 'trigger_senonset': 0.2, 'trigger_verbsonset': 0.81286744068287, 'trigger_1_F0': 0.8382251229745361, 'trigger_suffix': 1.032634020543981, 'trigger_2_F0': 1.090594437210648, 'ID_item': 101, 'ID_senonset': 30, 'ID_verbonset': 31, 'ID_1_F0': 32, 'ID_suffix': 33, 'ID_2_F0': 34, 'ms_senonset': 0, 'ms_verbonset': 0.61286744068287, 'ms_1_F0': 0.638225122974536, 'ms_suffix': 0.832634020543981, 'ms_2_F0': 0.890594437210648, 'file_name': '09c_cargar.wav', 'item_id': 9, 'cond': 'c', 'thisN': 30, 'thisTrialN': 30, 'thisRepN': 0}>
10074.8634 	EXP 	Sound test_sound reached end of file
10074.8699 	EXP 	Sound test_sound started
10074.8657 	DATA 	Keypress: space
10074.8746 	EXP 	text_3: autoDraw = False
10074.8746 	EXP 	polygon_2: autoDraw = True
10076.7906 	EXP 	Sound test_sound reached end of file
10076.8035 	EXP 	Sound test_sound reached end of file
10077.2100 	EXP 	New trial (rep=0, index=31): <Trial 31 (31 in rep 0) data={'sounds': 'sounds/04c_plantar.wav', 'syll': 'CVC', 'stress_unstress': 'Unstressed', 'suffix': 'Match', 'present_past': 'past', 'corrAns': 'num_2', 'trigger_item': 0.0, 'trigger_senonset': 0.2, 'trigger_verbsonset': 0.862877574458911, 'trigger_1_F0': 0.9343518689653568, 'trigger_suffix': 1.20493812332404, 'trigger_2_F0': 1.21897569287037, 'ID_item': 101, 'ID_senonset': 30, 'ID_verbonset': 31, 'ID_1_F0': 32, 'ID_suffix': 33, 'ID_2_F0': 34, 'ms_senonset': 0, 'ms_verbonset': 0.662877574458911, 'ms_1_F0': 0.734351868965357, 'ms_suffix': 1.00493812332404, 'ms_2_F0': 1.01897569287037, 'file_name': '04c_plantar.wav', 'item_id': 4, 'cond': 'c', 'thisN': 31, 'thisTrialN': 31, 'thisRepN': 0}>
10077.2171 	EXP 	Sound test_sound reached end of file
10077.2204 	EXP 	Sound test_sound started
10077.2201 	DATA 	Keypress: left
10077.2279 	EXP 	polygon_2: autoDraw = False
10077.2279 	EXP 	text_3: autoDraw = False
10077.2279 	EXP 	polygon_2: autoDraw = True
10079.2479 	EXP 	Sound test_sound reached end of file
10079.2548 	EXP 	Sound test_sound reached end of file
10080.4920 	EXP 	New trial (rep=0, index=32): <Trial 32 (32 in rep 0) data={'sounds': 'sounds/07c_tumbar.wav', 'syll': 'CVC', 'stress_unstress': 'Unstressed', 'suffix': 'Match', 'present_past': 'past', 'corrAns': 'num_2', 'trigger_item': 0.0, 'trigger_senonset': 0.2, 'trigger_verbsonset': 0.9084024930273432, 'trigger_1_F0': 0.9247360728973012, 'trigger_suffix': 1.143289673625005, 'trigger_2_F0': 1.154847989033482, 'ID_item': 101, 'ID_senonset': 30, 'ID_verbonset': 31, 'ID_1_F0': 32, 'ID_suffix': 33, 'ID_2_F0': 34, 'ms_senonset': 0, 'ms_verbonset': 0.708402493027343, 'ms_1_F0': 0.724736072897301, 'ms_suffix': 0.943289673625005, 'ms_2_F0': 0.954847989033482, 'file_name': '07c_tumbar.wav', 'item_id': 7, 'cond': 'c', 'thisN': 32, 'thisTrialN': 32, 'thisRepN': 0}>
10080.4976 	EXP 	Sound test_sound reached end of file
10080.5034 	EXP 	Sound test_sound started
10080.4989 	DATA 	Keypress: right
10080.5084 	EXP 	polygon_2: autoDraw = False
10080.5084 	EXP 	text_3: autoDraw = False
10080.5084 	EXP 	polygon_2: autoDraw = True
10082.4316 	EXP 	Sound test_sound reached end of file
10082.4379 	EXP 	Sound test_sound reached end of file
10085.2769 	EXP 	New trial (rep=0, index=33): <Trial 33 (33 in rep 0) data={'sounds': 'sounds/01d_salvar.wav', 'syll': 'CVC', 'stress_unstress': 'Stressed', 'suffix': 'Mismatch', 'present_past': 'past', 'corrAns': 'num_2', 'trigger_item': 0.0, 'trigger_senonset': 0.2, 'trigger_verbsonset': 0.8500000000000001, 'trigger_1_F0': 0.996069502314814, 'trigger_suffix': 1.23, 'trigger_2_F0': 1.29, 'ID_item': 101, 'ID_senonset': 40, 'ID_verbonset': 41, 'ID_1_F0': 42, 'ID_suffix': 43, 'ID_2_F0': 44, 'ms_senonset': 0, 'ms_verbonset': 0.65, 'ms_1_F0': 0.796069502314814, 'ms_suffix': 1.03, 'ms_2_F0': 1.09, 'file_name': '01d_salvar.wav', 'item_id': 1, 'cond': 'd', 'thisN': 33, 'thisTrialN': 33, 'thisRepN': 0}>
10085.2856 	EXP 	Sound test_sound reached end of file
10085.2866 	EXP 	Sound test_sound started
10085.2881 	DATA 	Keypress: right
10085.2967 	EXP 	polygon_2: autoDraw = False
10085.2967 	EXP 	text_3: autoDraw = False
10085.2967 	EXP 	polygon_2: autoDraw = True
10087.3312 	EXP 	Sound test_sound reached end of file
10087.3382 	EXP 	Sound test_sound reached end of file
10088.7108 	EXP 	New trial (rep=0, index=34): <Trial 34 (34 in rep 0) data={'sounds': 'sounds/22d_dejar.wav', 'syll': 'CVC', 'stress_unstress': 'Stressed', 'suffix': 'Mismatch', 'present_past': 'past', 'corrAns': 'num_2', 'trigger_item': 0.0, 'trigger_senonset': 0.2, 'trigger_verbsonset': 0.8500000000000001, 'trigger_1_F0': 1.02, 'trigger_suffix': 1.152543366608796, 'trigger_2_F0': 1.28794346788194, 'ID_item': 101, 'ID_senonset': 40, 'ID_verbonset': 41, 'ID_1_F0': 42, 'ID_suffix': 43, 'ID_2_F0': 44, 'ms_senonset': 0, 'ms_verbonset': 0.65, 'ms_1_F0': 0.82, 'ms_suffix': 0.952543366608796, 'ms_2_F0': 1.08794346788194, 'file_name': '22d_dejar.wav', 'item_id': 22, 'cond': 'd', 'thisN': 34, 'thisTrialN': 34, 'thisRepN': 0}>
10088.7174 	EXP 	Sound test_sound reached end of file
10088.7204 	EXP 	Sound test_sound started
10088.7203 	DATA 	Keypress: right
10088.7278 	EXP 	polygon_2: autoDraw = False
10088.7278 	EXP 	text_3: autoDraw = False
10088.7278 	EXP 	polygon_2: autoDraw = True
10090.7417 	EXP 	Sound test_sound reached end of file
10090.7540 	EXP 	Sound test_sound reached end of file
10092.0276 	EXP 	New trial (rep=0, index=35): <Trial 35 (35 in rep 0) data={'sounds': 'sounds/38b_pagar.wav', 'syll': 'CVC', 'stress_unstress': 'Unstressed', 'suffix': 'Mismatch', 'present_past': 'present', 'corrAns': 'num_1', 'trigger_item': 0.0, 'trigger_senonset': 0.2, 'trigger_verbsonset': 1.166737304687499, 'trigger_1_F0': 1.185271158854166, 'trigger_suffix': 1.29521061197916, 'trigger_2_F0': 1.4055712890624898, 'ID_item': 101, 'ID_senonset': 20, 'ID_verbonset': 21, 'ID_1_F0': 22, 'ID_suffix': 23, 'ID_2_F0': 24, 'ms_senonset': 0, 'ms_verbonset': 0.966737304687499, 'ms_1_F0': 0.985271158854166, 'ms_suffix': 1.09521061197916, 'ms_2_F0': 1.20557128906249, 'file_name': '38b_pagar.wav', 'item_id': 38, 'cond': 'b', 'thisN': 35, 'thisTrialN': 35, 'thisRepN': 0}>
10092.0350 	EXP 	Sound test_sound reached end of file
10092.0370 	EXP 	Sound test_sound started
10092.0380 	DATA 	Keypress: right
10092.0463 	EXP 	polygon_2: autoDraw = False
10092.0463 	EXP 	text_3: autoDraw = False
10092.0463 	EXP 	polygon_2: autoDraw = True
10094.2710 	EXP 	Sound test_sound reached end of file
10094.2875 	EXP 	Sound test_sound reached end of file
10094.5768 	EXP 	New trial (rep=0, index=36): <Trial 36 (36 in rep 0) data={'sounds': 'sounds/40c_gastar.wav', 'syll': 'CVC', 'stress_unstress': 'Unstressed', 'suffix': 'Match', 'present_past': 'past', 'corrAns': 'num_2', 'trigger_item': 0.0, 'trigger_senonset': 0.2, 'trigger_verbsonset': 0.8300000000000001, 'trigger_1_F0': 0.8400000000000001, 'trigger_suffix': 1.163436328125, 'trigger_2_F0': 1.183149609375, 'ID_item': 101, 'ID_senonset': 30, 'ID_verbonset': 31, 'ID_1_F0': 32, 'ID_suffix': 33, 'ID_2_F0': 34, 'ms_senonset': 0, 'ms_verbonset': 0.63, 'ms_1_F0': 0.64, 'ms_suffix': 0.963436328125, 'ms_2_F0': 0.983149609375, 'file_name': '40c_gastar.wav', 'item_id': 40, 'cond': 'c', 'thisN': 36, 'thisTrialN': 36, 'thisRepN': 0}>
10094.5828 	EXP 	Sound test_sound reached end of file
10094.5871 	EXP 	Sound test_sound started
10094.5855 	DATA 	Keypress: left
10094.5925 	EXP 	polygon_2: autoDraw = False
10094.5925 	EXP 	text_3: autoDraw = False
10094.5925 	EXP 	polygon_2: autoDraw = True
10096.6844 	EXP 	Sound test_sound reached end of file
10096.6886 	EXP 	Sound test_sound reached end of file
10099.7433 	EXP 	New trial (rep=0, index=37): <Trial 37 (37 in rep 0) data={'sounds': 'sounds/35b_secar.wav', 'syll': 'CVC', 'stress_unstress': 'Unstressed', 'suffix': 'Mismatch', 'present_past': 'present', 'corrAns': 'num_1', 'trigger_item': 0.0, 'trigger_senonset': 0.2, 'trigger_verbsonset': 0.8990044921875, 'trigger_1_F0': 1.025708658854166, 'trigger_suffix': 1.179689416956018, 'trigger_2_F0': 1.20652606336805, 'ID_item': 101, 'ID_senonset': 20, 'ID_verbonset': 21, 'ID_1_F0': 22, 'ID_suffix': 23, 'ID_2_F0': 24, 'ms_senonset': 0, 'ms_verbonset': 0.6990044921875, 'ms_1_F0': 0.825708658854166, 'ms_suffix': 0.979689416956018, 'ms_2_F0': 1.00652606336805, 'file_name': '35b_secar.wav', 'item_id': 35, 'cond': 'b', 'thisN': 37, 'thisTrialN': 37, 'thisRepN': 0}>
10099.7499 	EXP 	Sound test_sound reached end of file
10099.7536 	EXP 	Sound test_sound started
10099.7529 	DATA 	Keypress: right
10099.7611 	EXP 	polygon_2: autoDraw = False
10099.7611 	EXP 	text_3: autoDraw = False
10099.7611 	EXP 	polygon_2: autoDraw = True
10101.8708 	EXP 	Sound test_sound reached end of file
10101.8877 	EXP 	Sound test_sound reached end of file
10103.6907 	DATA 	Keypress: left
10103.7121 	EXP 	New trial (rep=0, index=38): <Trial 38 (38 in rep 0) data={'sounds': 'sounds/39b_manchar.wav', 'syll': 'CVC', 'stress_unstress': 'Unstressed', 'suffix': 'Mismatch', 'present_past': 'present', 'corrAns': 'num_1', 'trigger_item': 0.0, 'trigger_senonset': 0.2, 'trigger_verbsonset': 0.81, 'trigger_1_F0': 0.91203755787037, 'trigger_suffix': 1.140584317129629, 'trigger_2_F0': 1.2139708912037, 'ID_item': 101, 'ID_senonset': 20, 'ID_verbonset': 21, 'ID_1_F0': 22, 'ID_suffix': 23, 'ID_2_F0': 24, 'ms_senonset': 0, 'ms_verbonset': 0.61, 'ms_1_F0': 0.71203755787037, 'ms_suffix': 0.940584317129629, 'ms_2_F0': 1.0139708912037, 'file_name': '39b_manchar.wav', 'item_id': 39, 'cond': 'b', 'thisN': 38, 'thisTrialN': 38, 'thisRepN': 0}>
10103.7201 	EXP 	Sound test_sound reached end of file
10103.7217 	EXP 	Sound test_sound started
10103.7311 	EXP 	polygon_2: autoDraw = False
10103.7311 	EXP 	text_3: autoDraw = False
10103.7311 	EXP 	polygon_2: autoDraw = True
10105.8919 	EXP 	Sound test_sound paused
10105.8962 	EXP 	New trial (rep=0, index=39): <Trial 39 (39 in rep 0) data={'sounds': 'sounds/08d_filtrar.wav', 'syll': 'CVC', 'stress_unstress': 'Stressed', 'suffix': 'Mismatch', 'present_past': 'past', 'corrAns': 'num_2', 'trigger_item': 0.0, 'trigger_senonset': 0.2, 'trigger_verbsonset': 0.7526856695589441, 'trigger_1_F0': 0.87808115762362, 'trigger_suffix': 1.118901843962886, 'trigger_2_F0': 1.172598812485867, 'ID_item': 101, 'ID_senonset': 40, 'ID_verbonset': 41, 'ID_1_F0': 42, 'ID_suffix': 43, 'ID_2_F0': 44, 'ms_senonset': 0, 'ms_verbonset': 0.552685669558944, 'ms_1_F0': 0.67808115762362, 'ms_suffix': 0.918901843962886, 'ms_2_F0': 0.972598812485867, 'file_name': '08d_filtrar.wav', 'item_id': 8, 'cond': 'd', 'thisN': 39, 'thisTrialN': 39, 'thisRepN': 0}>
10105.9011 	EXP 	Sound test_sound reached end of file
10105.9036 	EXP 	Sound test_sound started
10105.9035 	DATA 	Keypress: left
10105.9111 	EXP 	polygon_2: autoDraw = False
10105.9111 	EXP 	text_3: autoDraw = False
10105.9111 	EXP 	polygon_2: autoDraw = True
10107.6569 	EXP 	Sound test_sound reached end of file
10107.6712 	EXP 	Sound test_sound reached end of file
10108.2803 	DATA 	Keypress: left
10108.2869 	EXP 	polygon_2: autoDraw = False
10108.2869 	EXP 	text_3: autoDraw = False
10108.2869 	EXP 	text_2: autoDraw = True
10112.5531 	DATA 	Keypress: space
10112.5561 	EXP 	text_2: autoDraw = False
10112.5563 	EXP 	LangExperimentstress: status = STOPPED
